C004  78        SEI                             A:00 X:00 Y:00 P:24 SP:FD PPU: NOT IMPLEMENTED YET
C005  D8        CLD                             A:00 X:00 Y:00 P:24 SP:FD PPU: NOT IMPLEMENTED YET
C006  A2 FF     LDX #$FF                        A:00 X:00 Y:00 P:24 SP:FD PPU: NOT IMPLEMENTED YET
C008  9A        TXS                             A:00 X:FF Y:00 P:A4 SP:FD PPU: NOT IMPLEMENTED YET
C009  AD 02 20  LDA $2002 = 80                  A:00 X:FF Y:00 P:A4 SP:FF PPU: NOT IMPLEMENTED YET
C00C  10 FB     BPL $C009                       A:80 X:FF Y:00 P:A4 SP:FF PPU: NOT IMPLEMENTED YET
C00E  AD 02 20  LDA $2002 = 80                  A:80 X:FF Y:00 P:A4 SP:FF PPU: NOT IMPLEMENTED YET
C011  10 FB     BPL $C00E                       A:80 X:FF Y:00 P:A4 SP:FF PPU: NOT IMPLEMENTED YET
C013  A9 00     LDA #$00                        A:80 X:FF Y:00 P:A4 SP:FF PPU: NOT IMPLEMENTED YET
C015  8D 00 20  STA $2000 = 00                  A:00 X:FF Y:00 P:26 SP:FF PPU: NOT IMPLEMENTED YET
C018  8D 01 20  STA $2001 = 00                  A:00 X:FF Y:00 P:26 SP:FF PPU: NOT IMPLEMENTED YET
C01B  8D 05 20  STA $2005 = 00                  A:00 X:FF Y:00 P:26 SP:FF PPU: NOT IMPLEMENTED YET
C01E  8D 05 20  STA $2005 = 00                  A:00 X:FF Y:00 P:26 SP:FF PPU: NOT IMPLEMENTED YET
C021  AD 02 20  LDA $2002 = 80                  A:00 X:FF Y:00 P:26 SP:FF PPU: NOT IMPLEMENTED YET
C024  A2 20     LDX #$20                        A:80 X:FF Y:00 P:A4 SP:FF PPU: NOT IMPLEMENTED YET
C026  8E 06 20  STX $2006 = 00                  A:80 X:20 Y:00 P:24 SP:FF PPU: NOT IMPLEMENTED YET
C029  A2 00     LDX #$00                        A:80 X:20 Y:00 P:24 SP:FF PPU: NOT IMPLEMENTED YET
C02B  8E 06 20  STX $2006 = 00                  A:80 X:00 Y:00 P:26 SP:FF PPU: NOT IMPLEMENTED YET
C02E  A2 00     LDX #$00                        A:80 X:00 Y:00 P:26 SP:FF PPU: NOT IMPLEMENTED YET
C030  A0 0F     LDY #$0F                        A:80 X:00 Y:00 P:26 SP:FF PPU: NOT IMPLEMENTED YET
C032  A9 00     LDA #$00                        A:80 X:00 Y:0F P:24 SP:FF PPU: NOT IMPLEMENTED YET
C034  8D 07 20  STA $2007 = 00                  A:00 X:00 Y:0F P:26 SP:FF PPU: NOT IMPLEMENTED YET
C037  CA        DEX                             A:00 X:00 Y:0F P:26 SP:FF PPU: NOT IMPLEMENTED YET
C038  D0 FA     BNE $C034                       A:00 X:FF Y:0F P:A4 SP:FF PPU: NOT IMPLEMENTED YET
C034  8D 07 20  STA $2007 = 00                  A:00 X:FF Y:0F P:A4 SP:FF PPU: NOT IMPLEMENTED YET
C037  CA        DEX                             A:00 X:FF Y:0F P:A4 SP:FF PPU: NOT IMPLEMENTED YET
C038  D0 FA     BNE $C034                       A:00 X:FE Y:0F P:A4 SP:FF PPU: NOT IMPLEMENTED YET
C034  8D 07 20  STA $2007 = 00                  A:00 X:FE Y:0F P:A4 SP:FF PPU: NOT IMPLEMENTED YET
C037  CA        DEX                             A:00 X:FE Y:0F P:A4 SP:FF PPU: NOT IMPLEMENTED YET
C038  D0 FA     BNE $C034                       A:00 X:FD Y:0F P:A4 SP:FF PPU: NOT IMPLEMENTED YET
C034  8D 07 20  STA $2007 = 00                  A:00 X:FD Y:0F P:A4 SP:FF PPU: NOT IMPLEMENTED YET
C037  CA        DEX                             A:00 X:FD Y:0F P:A4 SP:FF PPU: NOT IMPLEMENTED YET
C038  D0 FA     BNE $C034                       A:00 X:FC Y:0F P:A4 SP:FF PPU: NOT IMPLEMENTED YET
C034  8D 07 20  STA $2007 = 00                  A:00 X:FC Y:0F P:A4 SP:FF PPU: NOT IMPLEMENTED YET
C037  CA        DEX                             A:00 X:FC Y:0F P:A4 SP:FF PPU: NOT IMPLEMENTED YET
C038  D0 FA     BNE $C034                       A:00 X:FB Y:0F P:A4 SP:FF PPU: NOT IMPLEMENTED YET
C034  8D 07 20  STA $2007 = 00                  A:00 X:FB Y:0F P:A4 SP:FF PPU: NOT IMPLEMENTED YET
C037  CA        DEX                             A:00 X:FB Y:0F P:A4 SP:FF PPU: NOT IMPLEMENTED YET
C038  D0 FA     BNE $C034                       A:00 X:FA Y:0F P:A4 SP:FF PPU: NOT IMPLEMENTED YET
C034  8D 07 20  STA $2007 = 00                  A:00 X:FA Y:0F P:A4 SP:FF PPU: NOT IMPLEMENTED YET
C037  CA        DEX                             A:00 X:FA Y:0F P:A4 SP:FF PPU: NOT IMPLEMENTED YET
C038  D0 FA     BNE $C034                       A:00 X:F9 Y:0F P:A4 SP:FF PPU: NOT IMPLEMENTED YET
C034  8D 07 20  STA $2007 = 00                  A:00 X:F9 Y:0F P:A4 SP:FF PPU: NOT IMPLEMENTED YET
C037  CA        DEX                             A:00 X:F9 Y:0F P:A4 SP:FF PPU: NOT IMPLEMENTED YET
C038  D0 FA     BNE $C034                       A:00 X:F8 Y:0F P:A4 SP:FF PPU: NOT IMPLEMENTED YET
C034  8D 07 20  STA $2007 = 00                  A:00 X:F8 Y:0F P:A4 SP:FF PPU: NOT IMPLEMENTED YET
C037  CA        DEX                             A:00 X:F8 Y:0F P:A4 SP:FF PPU: NOT IMPLEMENTED YET
C038  D0 FA     BNE $C034                       A:00 X:F7 Y:0F P:A4 SP:FF PPU: NOT IMPLEMENTED YET
C034  8D 07 20  STA $2007 = 00                  A:00 X:F7 Y:0F P:A4 SP:FF PPU: NOT IMPLEMENTED YET
C037  CA        DEX                             A:00 X:F7 Y:0F P:A4 SP:FF PPU: NOT IMPLEMENTED YET
C038  D0 FA     BNE $C034                       A:00 X:F6 Y:0F P:A4 SP:FF PPU: NOT IMPLEMENTED YET
C034  8D 07 20  STA $2007 = 00                  A:00 X:F6 Y:0F P:A4 SP:FF PPU: NOT IMPLEMENTED YET
C037  CA        DEX                             A:00 X:F6 Y:0F P:A4 SP:FF PPU: NOT IMPLEMENTED YET
C038  D0 FA     BNE $C034                       A:00 X:F5 Y:0F P:A4 SP:FF PPU: NOT IMPLEMENTED YET
C034  8D 07 20  STA $2007 = 00                  A:00 X:F5 Y:0F P:A4 SP:FF PPU: NOT IMPLEMENTED YET
C037  CA        DEX                             A:00 X:F5 Y:0F P:A4 SP:FF PPU: NOT IMPLEMENTED YET
C038  D0 FA     BNE $C034                       A:00 X:F4 Y:0F P:A4 SP:FF PPU: NOT IMPLEMENTED YET
C034  8D 07 20  STA $2007 = 00                  A:00 X:F4 Y:0F P:A4 SP:FF PPU: NOT IMPLEMENTED YET
C037  CA        DEX                             A:00 X:F4 Y:0F P:A4 SP:FF PPU: NOT IMPLEMENTED YET
C038  D0 FA     BNE $C034                       A:00 X:F3 Y:0F P:A4 SP:FF PPU: NOT IMPLEMENTED YET
C034  8D 07 20  STA $2007 = 00                  A:00 X:F3 Y:0F P:A4 SP:FF PPU: NOT IMPLEMENTED YET
C037  CA        DEX                             A:00 X:F3 Y:0F P:A4 SP:FF PPU: NOT IMPLEMENTED YET
C038  D0 FA     BNE $C034                       A:00 X:F2 Y:0F P:A4 SP:FF PPU: NOT IMPLEMENTED YET
C034  8D 07 20  STA $2007 = 00                  A:00 X:F2 Y:0F P:A4 SP:FF PPU: NOT IMPLEMENTED YET
C037  CA        DEX                             A:00 X:F2 Y:0F P:A4 SP:FF PPU: NOT IMPLEMENTED YET
C038  D0 FA     BNE $C034                       A:00 X:F1 Y:0F P:A4 SP:FF PPU: NOT IMPLEMENTED YET
C034  8D 07 20  STA $2007 = 00                  A:00 X:F1 Y:0F P:A4 SP:FF PPU: NOT IMPLEMENTED YET
C037  CA        DEX                             A:00 X:F1 Y:0F P:A4 SP:FF PPU: NOT IMPLEMENTED YET
C038  D0 FA     BNE $C034                       A:00 X:F0 Y:0F P:A4 SP:FF PPU: NOT IMPLEMENTED YET
C034  8D 07 20  STA $2007 = 00                  A:00 X:F0 Y:0F P:A4 SP:FF PPU: NOT IMPLEMENTED YET
C037  CA        DEX                             A:00 X:F0 Y:0F P:A4 SP:FF PPU: NOT IMPLEMENTED YET
C038  D0 FA     BNE $C034                       A:00 X:EF Y:0F P:A4 SP:FF PPU: NOT IMPLEMENTED YET
C034  8D 07 20  STA $2007 = 00                  A:00 X:EF Y:0F P:A4 SP:FF PPU: NOT IMPLEMENTED YET
C037  CA        DEX                             A:00 X:EF Y:0F P:A4 SP:FF PPU: NOT IMPLEMENTED YET
C038  D0 FA     BNE $C034                       A:00 X:EE Y:0F P:A4 SP:FF PPU: NOT IMPLEMENTED YET
C034  8D 07 20  STA $2007 = 00                  A:00 X:EE Y:0F P:A4 SP:FF PPU: NOT IMPLEMENTED YET
C037  CA        DEX                             A:00 X:EE Y:0F P:A4 SP:FF PPU: NOT IMPLEMENTED YET
C038  D0 FA     BNE $C034                       A:00 X:ED Y:0F P:A4 SP:FF PPU: NOT IMPLEMENTED YET
C034  8D 07 20  STA $2007 = 00                  A:00 X:ED Y:0F P:A4 SP:FF PPU: NOT IMPLEMENTED YET
C037  CA        DEX                             A:00 X:ED Y:0F P:A4 SP:FF PPU: NOT IMPLEMENTED YET
C038  D0 FA     BNE $C034                       A:00 X:EC Y:0F P:A4 SP:FF PPU: NOT IMPLEMENTED YET
C034  8D 07 20  STA $2007 = 00                  A:00 X:EC Y:0F P:A4 SP:FF PPU: NOT IMPLEMENTED YET
C037  CA        DEX                             A:00 X:EC Y:0F P:A4 SP:FF PPU: NOT IMPLEMENTED YET
C038  D0 FA     BNE $C034                       A:00 X:EB Y:0F P:A4 SP:FF PPU: NOT IMPLEMENTED YET
C034  8D 07 20  STA $2007 = 00                  A:00 X:EB Y:0F P:A4 SP:FF PPU: NOT IMPLEMENTED YET
C037  CA        DEX                             A:00 X:EB Y:0F P:A4 SP:FF PPU: NOT IMPLEMENTED YET
C038  D0 FA     BNE $C034                       A:00 X:EA Y:0F P:A4 SP:FF PPU: NOT IMPLEMENTED YET
C034  8D 07 20  STA $2007 = 00                  A:00 X:EA Y:0F P:A4 SP:FF PPU: NOT IMPLEMENTED YET
C037  CA        DEX                             A:00 X:EA Y:0F P:A4 SP:FF PPU: NOT IMPLEMENTED YET
C038  D0 FA     BNE $C034                       A:00 X:E9 Y:0F P:A4 SP:FF PPU: NOT IMPLEMENTED YET
C034  8D 07 20  STA $2007 = 00                  A:00 X:E9 Y:0F P:A4 SP:FF PPU: NOT IMPLEMENTED YET
C037  CA        DEX                             A:00 X:E9 Y:0F P:A4 SP:FF PPU: NOT IMPLEMENTED YET
C038  D0 FA     BNE $C034                       A:00 X:E8 Y:0F P:A4 SP:FF PPU: NOT IMPLEMENTED YET
C034  8D 07 20  STA $2007 = 00                  A:00 X:E8 Y:0F P:A4 SP:FF PPU: NOT IMPLEMENTED YET
C037  CA        DEX                             A:00 X:E8 Y:0F P:A4 SP:FF PPU: NOT IMPLEMENTED YET
C038  D0 FA     BNE $C034                       A:00 X:E7 Y:0F P:A4 SP:FF PPU: NOT IMPLEMENTED YET
C034  8D 07 20  STA $2007 = 00                  A:00 X:E7 Y:0F P:A4 SP:FF PPU: NOT IMPLEMENTED YET
C037  CA        DEX                             A:00 X:E7 Y:0F P:A4 SP:FF PPU: NOT IMPLEMENTED YET
C038  D0 FA     BNE $C034                       A:00 X:E6 Y:0F P:A4 SP:FF PPU: NOT IMPLEMENTED YET
C034  8D 07 20  STA $2007 = 00                  A:00 X:E6 Y:0F P:A4 SP:FF PPU: NOT IMPLEMENTED YET
C037  CA        DEX                             A:00 X:E6 Y:0F P:A4 SP:FF PPU: NOT IMPLEMENTED YET
C038  D0 FA     BNE $C034                       A:00 X:E5 Y:0F P:A4 SP:FF PPU: NOT IMPLEMENTED YET
C034  8D 07 20  STA $2007 = 00                  A:00 X:E5 Y:0F P:A4 SP:FF PPU: NOT IMPLEMENTED YET
C037  CA        DEX                             A:00 X:E5 Y:0F P:A4 SP:FF PPU: NOT IMPLEMENTED YET
C038  D0 FA     BNE $C034                       A:00 X:E4 Y:0F P:A4 SP:FF PPU: NOT IMPLEMENTED YET
C034  8D 07 20  STA $2007 = 00                  A:00 X:E4 Y:0F P:A4 SP:FF PPU: NOT IMPLEMENTED YET
C037  CA        DEX                             A:00 X:E4 Y:0F P:A4 SP:FF PPU: NOT IMPLEMENTED YET
C038  D0 FA     BNE $C034                       A:00 X:E3 Y:0F P:A4 SP:FF PPU: NOT IMPLEMENTED YET
C034  8D 07 20  STA $2007 = 00                  A:00 X:E3 Y:0F P:A4 SP:FF PPU: NOT IMPLEMENTED YET
C037  CA        DEX                             A:00 X:E3 Y:0F P:A4 SP:FF PPU: NOT IMPLEMENTED YET
C038  D0 FA     BNE $C034                       A:00 X:E2 Y:0F P:A4 SP:FF PPU: NOT IMPLEMENTED YET
C034  8D 07 20  STA $2007 = 00                  A:00 X:E2 Y:0F P:A4 SP:FF PPU: NOT IMPLEMENTED YET
C037  CA        DEX                             A:00 X:E2 Y:0F P:A4 SP:FF PPU: NOT IMPLEMENTED YET
C038  D0 FA     BNE $C034                       A:00 X:E1 Y:0F P:A4 SP:FF PPU: NOT IMPLEMENTED YET
C034  8D 07 20  STA $2007 = 00                  A:00 X:E1 Y:0F P:A4 SP:FF PPU: NOT IMPLEMENTED YET
C037  CA        DEX                             A:00 X:E1 Y:0F P:A4 SP:FF PPU: NOT IMPLEMENTED YET
C038  D0 FA     BNE $C034                       A:00 X:E0 Y:0F P:A4 SP:FF PPU: NOT IMPLEMENTED YET
C034  8D 07 20  STA $2007 = 00                  A:00 X:E0 Y:0F P:A4 SP:FF PPU: NOT IMPLEMENTED YET
C037  CA        DEX                             A:00 X:E0 Y:0F P:A4 SP:FF PPU: NOT IMPLEMENTED YET
C038  D0 FA     BNE $C034                       A:00 X:DF Y:0F P:A4 SP:FF PPU: NOT IMPLEMENTED YET
C034  8D 07 20  STA $2007 = 00                  A:00 X:DF Y:0F P:A4 SP:FF PPU: NOT IMPLEMENTED YET
C037  CA        DEX                             A:00 X:DF Y:0F P:A4 SP:FF PPU: NOT IMPLEMENTED YET
C038  D0 FA     BNE $C034                       A:00 X:DE Y:0F P:A4 SP:FF PPU: NOT IMPLEMENTED YET
C034  8D 07 20  STA $2007 = 00                  A:00 X:DE Y:0F P:A4 SP:FF PPU: NOT IMPLEMENTED YET
C037  CA        DEX                             A:00 X:DE Y:0F P:A4 SP:FF PPU: NOT IMPLEMENTED YET
C038  D0 FA     BNE $C034                       A:00 X:DD Y:0F P:A4 SP:FF PPU: NOT IMPLEMENTED YET
C034  8D 07 20  STA $2007 = 00                  A:00 X:DD Y:0F P:A4 SP:FF PPU: NOT IMPLEMENTED YET
C037  CA        DEX                             A:00 X:DD Y:0F P:A4 SP:FF PPU: NOT IMPLEMENTED YET
C038  D0 FA     BNE $C034                       A:00 X:DC Y:0F P:A4 SP:FF PPU: NOT IMPLEMENTED YET
C034  8D 07 20  STA $2007 = 00                  A:00 X:DC Y:0F P:A4 SP:FF PPU: NOT IMPLEMENTED YET
C037  CA        DEX                             A:00 X:DC Y:0F P:A4 SP:FF PPU: NOT IMPLEMENTED YET
C038  D0 FA     BNE $C034                       A:00 X:DB Y:0F P:A4 SP:FF PPU: NOT IMPLEMENTED YET
C034  8D 07 20  STA $2007 = 00                  A:00 X:DB Y:0F P:A4 SP:FF PPU: NOT IMPLEMENTED YET
C037  CA        DEX                             A:00 X:DB Y:0F P:A4 SP:FF PPU: NOT IMPLEMENTED YET
C038  D0 FA     BNE $C034                       A:00 X:DA Y:0F P:A4 SP:FF PPU: NOT IMPLEMENTED YET
C034  8D 07 20  STA $2007 = 00                  A:00 X:DA Y:0F P:A4 SP:FF PPU: NOT IMPLEMENTED YET
C037  CA        DEX                             A:00 X:DA Y:0F P:A4 SP:FF PPU: NOT IMPLEMENTED YET
C038  D0 FA     BNE $C034                       A:00 X:D9 Y:0F P:A4 SP:FF PPU: NOT IMPLEMENTED YET
C034  8D 07 20  STA $2007 = 00                  A:00 X:D9 Y:0F P:A4 SP:FF PPU: NOT IMPLEMENTED YET
C037  CA        DEX                             A:00 X:D9 Y:0F P:A4 SP:FF PPU: NOT IMPLEMENTED YET
C038  D0 FA     BNE $C034                       A:00 X:D8 Y:0F P:A4 SP:FF PPU: NOT IMPLEMENTED YET
C034  8D 07 20  STA $2007 = 00                  A:00 X:D8 Y:0F P:A4 SP:FF PPU: NOT IMPLEMENTED YET
C037  CA        DEX                             A:00 X:D8 Y:0F P:A4 SP:FF PPU: NOT IMPLEMENTED YET
C038  D0 FA     BNE $C034                       A:00 X:D7 Y:0F P:A4 SP:FF PPU: NOT IMPLEMENTED YET
C034  8D 07 20  STA $2007 = 00                  A:00 X:D7 Y:0F P:A4 SP:FF PPU: NOT IMPLEMENTED YET
C037  CA        DEX                             A:00 X:D7 Y:0F P:A4 SP:FF PPU: NOT IMPLEMENTED YET
C038  D0 FA     BNE $C034                       A:00 X:D6 Y:0F P:A4 SP:FF PPU: NOT IMPLEMENTED YET
C034  8D 07 20  STA $2007 = 00                  A:00 X:D6 Y:0F P:A4 SP:FF PPU: NOT IMPLEMENTED YET
C037  CA        DEX                             A:00 X:D6 Y:0F P:A4 SP:FF PPU: NOT IMPLEMENTED YET
C038  D0 FA     BNE $C034                       A:00 X:D5 Y:0F P:A4 SP:FF PPU: NOT IMPLEMENTED YET
C034  8D 07 20  STA $2007 = 00                  A:00 X:D5 Y:0F P:A4 SP:FF PPU: NOT IMPLEMENTED YET
C037  CA        DEX                             A:00 X:D5 Y:0F P:A4 SP:FF PPU: NOT IMPLEMENTED YET
C038  D0 FA     BNE $C034                       A:00 X:D4 Y:0F P:A4 SP:FF PPU: NOT IMPLEMENTED YET
C034  8D 07 20  STA $2007 = 00                  A:00 X:D4 Y:0F P:A4 SP:FF PPU: NOT IMPLEMENTED YET
C037  CA        DEX                             A:00 X:D4 Y:0F P:A4 SP:FF PPU: NOT IMPLEMENTED YET
C038  D0 FA     BNE $C034                       A:00 X:D3 Y:0F P:A4 SP:FF PPU: NOT IMPLEMENTED YET
C034  8D 07 20  STA $2007 = 00                  A:00 X:D3 Y:0F P:A4 SP:FF PPU: NOT IMPLEMENTED YET
C037  CA        DEX                             A:00 X:D3 Y:0F P:A4 SP:FF PPU: NOT IMPLEMENTED YET
C038  D0 FA     BNE $C034                       A:00 X:D2 Y:0F P:A4 SP:FF PPU: NOT IMPLEMENTED YET
C034  8D 07 20  STA $2007 = 00                  A:00 X:D2 Y:0F P:A4 SP:FF PPU: NOT IMPLEMENTED YET
C037  CA        DEX                             A:00 X:D2 Y:0F P:A4 SP:FF PPU: NOT IMPLEMENTED YET
C038  D0 FA     BNE $C034                       A:00 X:D1 Y:0F P:A4 SP:FF PPU: NOT IMPLEMENTED YET
C034  8D 07 20  STA $2007 = 00                  A:00 X:D1 Y:0F P:A4 SP:FF PPU: NOT IMPLEMENTED YET
C037  CA        DEX                             A:00 X:D1 Y:0F P:A4 SP:FF PPU: NOT IMPLEMENTED YET
C038  D0 FA     BNE $C034                       A:00 X:D0 Y:0F P:A4 SP:FF PPU: NOT IMPLEMENTED YET
C034  8D 07 20  STA $2007 = 00                  A:00 X:D0 Y:0F P:A4 SP:FF PPU: NOT IMPLEMENTED YET
C037  CA        DEX                             A:00 X:D0 Y:0F P:A4 SP:FF PPU: NOT IMPLEMENTED YET
C038  D0 FA     BNE $C034                       A:00 X:CF Y:0F P:A4 SP:FF PPU: NOT IMPLEMENTED YET
C034  8D 07 20  STA $2007 = 00                  A:00 X:CF Y:0F P:A4 SP:FF PPU: NOT IMPLEMENTED YET
C037  CA        DEX                             A:00 X:CF Y:0F P:A4 SP:FF PPU: NOT IMPLEMENTED YET
C038  D0 FA     BNE $C034                       A:00 X:CE Y:0F P:A4 SP:FF PPU: NOT IMPLEMENTED YET
C034  8D 07 20  STA $2007 = 00                  A:00 X:CE Y:0F P:A4 SP:FF PPU: NOT IMPLEMENTED YET
C037  CA        DEX                             A:00 X:CE Y:0F P:A4 SP:FF PPU: NOT IMPLEMENTED YET
C038  D0 FA     BNE $C034                       A:00 X:CD Y:0F P:A4 SP:FF PPU: NOT IMPLEMENTED YET
C034  8D 07 20  STA $2007 = 00                  A:00 X:CD Y:0F P:A4 SP:FF PPU: NOT IMPLEMENTED YET
C037  CA        DEX                             A:00 X:CD Y:0F P:A4 SP:FF PPU: NOT IMPLEMENTED YET
C038  D0 FA     BNE $C034                       A:00 X:CC Y:0F P:A4 SP:FF PPU: NOT IMPLEMENTED YET
C034  8D 07 20  STA $2007 = 00                  A:00 X:CC Y:0F P:A4 SP:FF PPU: NOT IMPLEMENTED YET
C037  CA        DEX                             A:00 X:CC Y:0F P:A4 SP:FF PPU: NOT IMPLEMENTED YET
C038  D0 FA     BNE $C034                       A:00 X:CB Y:0F P:A4 SP:FF PPU: NOT IMPLEMENTED YET
C034  8D 07 20  STA $2007 = 00                  A:00 X:CB Y:0F P:A4 SP:FF PPU: NOT IMPLEMENTED YET
C037  CA        DEX                             A:00 X:CB Y:0F P:A4 SP:FF PPU: NOT IMPLEMENTED YET
C038  D0 FA     BNE $C034                       A:00 X:CA Y:0F P:A4 SP:FF PPU: NOT IMPLEMENTED YET
C034  8D 07 20  STA $2007 = 00                  A:00 X:CA Y:0F P:A4 SP:FF PPU: NOT IMPLEMENTED YET
C037  CA        DEX                             A:00 X:CA Y:0F P:A4 SP:FF PPU: NOT IMPLEMENTED YET
C038  D0 FA     BNE $C034                       A:00 X:C9 Y:0F P:A4 SP:FF PPU: NOT IMPLEMENTED YET
C034  8D 07 20  STA $2007 = 00                  A:00 X:C9 Y:0F P:A4 SP:FF PPU: NOT IMPLEMENTED YET
C037  CA        DEX                             A:00 X:C9 Y:0F P:A4 SP:FF PPU: NOT IMPLEMENTED YET
C038  D0 FA     BNE $C034                       A:00 X:C8 Y:0F P:A4 SP:FF PPU: NOT IMPLEMENTED YET
C034  8D 07 20  STA $2007 = 00                  A:00 X:C8 Y:0F P:A4 SP:FF PPU: NOT IMPLEMENTED YET
C037  CA        DEX                             A:00 X:C8 Y:0F P:A4 SP:FF PPU: NOT IMPLEMENTED YET
C038  D0 FA     BNE $C034                       A:00 X:C7 Y:0F P:A4 SP:FF PPU: NOT IMPLEMENTED YET
C034  8D 07 20  STA $2007 = 00                  A:00 X:C7 Y:0F P:A4 SP:FF PPU: NOT IMPLEMENTED YET
C037  CA        DEX                             A:00 X:C7 Y:0F P:A4 SP:FF PPU: NOT IMPLEMENTED YET
C038  D0 FA     BNE $C034                       A:00 X:C6 Y:0F P:A4 SP:FF PPU: NOT IMPLEMENTED YET
C034  8D 07 20  STA $2007 = 00                  A:00 X:C6 Y:0F P:A4 SP:FF PPU: NOT IMPLEMENTED YET
C037  CA        DEX                             A:00 X:C6 Y:0F P:A4 SP:FF PPU: NOT IMPLEMENTED YET
C038  D0 FA     BNE $C034                       A:00 X:C5 Y:0F P:A4 SP:FF PPU: NOT IMPLEMENTED YET
C034  8D 07 20  STA $2007 = 00                  A:00 X:C5 Y:0F P:A4 SP:FF PPU: NOT IMPLEMENTED YET
C037  CA        DEX                             A:00 X:C5 Y:0F P:A4 SP:FF PPU: NOT IMPLEMENTED YET
C038  D0 FA     BNE $C034                       A:00 X:C4 Y:0F P:A4 SP:FF PPU: NOT IMPLEMENTED YET
C034  8D 07 20  STA $2007 = 00                  A:00 X:C4 Y:0F P:A4 SP:FF PPU: NOT IMPLEMENTED YET
C037  CA        DEX                             A:00 X:C4 Y:0F P:A4 SP:FF PPU: NOT IMPLEMENTED YET
C038  D0 FA     BNE $C034                       A:00 X:C3 Y:0F P:A4 SP:FF PPU: NOT IMPLEMENTED YET
C034  8D 07 20  STA $2007 = 00                  A:00 X:C3 Y:0F P:A4 SP:FF PPU: NOT IMPLEMENTED YET
C037  CA        DEX                             A:00 X:C3 Y:0F P:A4 SP:FF PPU: NOT IMPLEMENTED YET
C038  D0 FA     BNE $C034                       A:00 X:C2 Y:0F P:A4 SP:FF PPU: NOT IMPLEMENTED YET
C034  8D 07 20  STA $2007 = 00                  A:00 X:C2 Y:0F P:A4 SP:FF PPU: NOT IMPLEMENTED YET
C037  CA        DEX                             A:00 X:C2 Y:0F P:A4 SP:FF PPU: NOT IMPLEMENTED YET
C038  D0 FA     BNE $C034                       A:00 X:C1 Y:0F P:A4 SP:FF PPU: NOT IMPLEMENTED YET
C034  8D 07 20  STA $2007 = 00                  A:00 X:C1 Y:0F P:A4 SP:FF PPU: NOT IMPLEMENTED YET
C037  CA        DEX                             A:00 X:C1 Y:0F P:A4 SP:FF PPU: NOT IMPLEMENTED YET
C038  D0 FA     BNE $C034                       A:00 X:C0 Y:0F P:A4 SP:FF PPU: NOT IMPLEMENTED YET
C034  8D 07 20  STA $2007 = 00                  A:00 X:C0 Y:0F P:A4 SP:FF PPU: NOT IMPLEMENTED YET
C037  CA        DEX                             A:00 X:C0 Y:0F P:A4 SP:FF PPU: NOT IMPLEMENTED YET
C038  D0 FA     BNE $C034                       A:00 X:BF Y:0F P:A4 SP:FF PPU: NOT IMPLEMENTED YET
C034  8D 07 20  STA $2007 = 00                  A:00 X:BF Y:0F P:A4 SP:FF PPU: NOT IMPLEMENTED YET
C037  CA        DEX                             A:00 X:BF Y:0F P:A4 SP:FF PPU: NOT IMPLEMENTED YET
C038  D0 FA     BNE $C034                       A:00 X:BE Y:0F P:A4 SP:FF PPU: NOT IMPLEMENTED YET
C034  8D 07 20  STA $2007 = 00                  A:00 X:BE Y:0F P:A4 SP:FF PPU: NOT IMPLEMENTED YET
C037  CA        DEX                             A:00 X:BE Y:0F P:A4 SP:FF PPU: NOT IMPLEMENTED YET
C038  D0 FA     BNE $C034                       A:00 X:BD Y:0F P:A4 SP:FF PPU: NOT IMPLEMENTED YET
C034  8D 07 20  STA $2007 = 00                  A:00 X:BD Y:0F P:A4 SP:FF PPU: NOT IMPLEMENTED YET
C037  CA        DEX                             A:00 X:BD Y:0F P:A4 SP:FF PPU: NOT IMPLEMENTED YET
C038  D0 FA     BNE $C034                       A:00 X:BC Y:0F P:A4 SP:FF PPU: NOT IMPLEMENTED YET
C034  8D 07 20  STA $2007 = 00                  A:00 X:BC Y:0F P:A4 SP:FF PPU: NOT IMPLEMENTED YET
C037  CA        DEX                             A:00 X:BC Y:0F P:A4 SP:FF PPU: NOT IMPLEMENTED YET
C038  D0 FA     BNE $C034                       A:00 X:BB Y:0F P:A4 SP:FF PPU: NOT IMPLEMENTED YET
C034  8D 07 20  STA $2007 = 00                  A:00 X:BB Y:0F P:A4 SP:FF PPU: NOT IMPLEMENTED YET
C037  CA        DEX                             A:00 X:BB Y:0F P:A4 SP:FF PPU: NOT IMPLEMENTED YET
C038  D0 FA     BNE $C034                       A:00 X:BA Y:0F P:A4 SP:FF PPU: NOT IMPLEMENTED YET
C034  8D 07 20  STA $2007 = 00                  A:00 X:BA Y:0F P:A4 SP:FF PPU: NOT IMPLEMENTED YET
C037  CA        DEX                             A:00 X:BA Y:0F P:A4 SP:FF PPU: NOT IMPLEMENTED YET
C038  D0 FA     BNE $C034                       A:00 X:B9 Y:0F P:A4 SP:FF PPU: NOT IMPLEMENTED YET
C034  8D 07 20  STA $2007 = 00                  A:00 X:B9 Y:0F P:A4 SP:FF PPU: NOT IMPLEMENTED YET
C037  CA        DEX                             A:00 X:B9 Y:0F P:A4 SP:FF PPU: NOT IMPLEMENTED YET
C038  D0 FA     BNE $C034                       A:00 X:B8 Y:0F P:A4 SP:FF PPU: NOT IMPLEMENTED YET
C034  8D 07 20  STA $2007 = 00                  A:00 X:B8 Y:0F P:A4 SP:FF PPU: NOT IMPLEMENTED YET
C037  CA        DEX                             A:00 X:B8 Y:0F P:A4 SP:FF PPU: NOT IMPLEMENTED YET
C038  D0 FA     BNE $C034                       A:00 X:B7 Y:0F P:A4 SP:FF PPU: NOT IMPLEMENTED YET
C034  8D 07 20  STA $2007 = 00                  A:00 X:B7 Y:0F P:A4 SP:FF PPU: NOT IMPLEMENTED YET
C037  CA        DEX                             A:00 X:B7 Y:0F P:A4 SP:FF PPU: NOT IMPLEMENTED YET
C038  D0 FA     BNE $C034                       A:00 X:B6 Y:0F P:A4 SP:FF PPU: NOT IMPLEMENTED YET
C034  8D 07 20  STA $2007 = 00                  A:00 X:B6 Y:0F P:A4 SP:FF PPU: NOT IMPLEMENTED YET
C037  CA        DEX                             A:00 X:B6 Y:0F P:A4 SP:FF PPU: NOT IMPLEMENTED YET
C038  D0 FA     BNE $C034                       A:00 X:B5 Y:0F P:A4 SP:FF PPU: NOT IMPLEMENTED YET
C034  8D 07 20  STA $2007 = 00                  A:00 X:B5 Y:0F P:A4 SP:FF PPU: NOT IMPLEMENTED YET
C037  CA        DEX                             A:00 X:B5 Y:0F P:A4 SP:FF PPU: NOT IMPLEMENTED YET
C038  D0 FA     BNE $C034                       A:00 X:B4 Y:0F P:A4 SP:FF PPU: NOT IMPLEMENTED YET
C034  8D 07 20  STA $2007 = 00                  A:00 X:B4 Y:0F P:A4 SP:FF PPU: NOT IMPLEMENTED YET
C037  CA        DEX                             A:00 X:B4 Y:0F P:A4 SP:FF PPU: NOT IMPLEMENTED YET
C038  D0 FA     BNE $C034                       A:00 X:B3 Y:0F P:A4 SP:FF PPU: NOT IMPLEMENTED YET
C034  8D 07 20  STA $2007 = 00                  A:00 X:B3 Y:0F P:A4 SP:FF PPU: NOT IMPLEMENTED YET
C037  CA        DEX                             A:00 X:B3 Y:0F P:A4 SP:FF PPU: NOT IMPLEMENTED YET
C038  D0 FA     BNE $C034                       A:00 X:B2 Y:0F P:A4 SP:FF PPU: NOT IMPLEMENTED YET
C034  8D 07 20  STA $2007 = 00                  A:00 X:B2 Y:0F P:A4 SP:FF PPU: NOT IMPLEMENTED YET
C037  CA        DEX                             A:00 X:B2 Y:0F P:A4 SP:FF PPU: NOT IMPLEMENTED YET
C038  D0 FA     BNE $C034                       A:00 X:B1 Y:0F P:A4 SP:FF PPU: NOT IMPLEMENTED YET
C034  8D 07 20  STA $2007 = 00                  A:00 X:B1 Y:0F P:A4 SP:FF PPU: NOT IMPLEMENTED YET
C037  CA        DEX                             A:00 X:B1 Y:0F P:A4 SP:FF PPU: NOT IMPLEMENTED YET
C038  D0 FA     BNE $C034                       A:00 X:B0 Y:0F P:A4 SP:FF PPU: NOT IMPLEMENTED YET
C034  8D 07 20  STA $2007 = 00                  A:00 X:B0 Y:0F P:A4 SP:FF PPU: NOT IMPLEMENTED YET
C037  CA        DEX                             A:00 X:B0 Y:0F P:A4 SP:FF PPU: NOT IMPLEMENTED YET
C038  D0 FA     BNE $C034                       A:00 X:AF Y:0F P:A4 SP:FF PPU: NOT IMPLEMENTED YET
C034  8D 07 20  STA $2007 = 00                  A:00 X:AF Y:0F P:A4 SP:FF PPU: NOT IMPLEMENTED YET
C037  CA        DEX                             A:00 X:AF Y:0F P:A4 SP:FF PPU: NOT IMPLEMENTED YET
C038  D0 FA     BNE $C034                       A:00 X:AE Y:0F P:A4 SP:FF PPU: NOT IMPLEMENTED YET
C034  8D 07 20  STA $2007 = 00                  A:00 X:AE Y:0F P:A4 SP:FF PPU: NOT IMPLEMENTED YET
C037  CA        DEX                             A:00 X:AE Y:0F P:A4 SP:FF PPU: NOT IMPLEMENTED YET
C038  D0 FA     BNE $C034                       A:00 X:AD Y:0F P:A4 SP:FF PPU: NOT IMPLEMENTED YET
C034  8D 07 20  STA $2007 = 00                  A:00 X:AD Y:0F P:A4 SP:FF PPU: NOT IMPLEMENTED YET
C037  CA        DEX                             A:00 X:AD Y:0F P:A4 SP:FF PPU: NOT IMPLEMENTED YET
C038  D0 FA     BNE $C034                       A:00 X:AC Y:0F P:A4 SP:FF PPU: NOT IMPLEMENTED YET
C034  8D 07 20  STA $2007 = 00                  A:00 X:AC Y:0F P:A4 SP:FF PPU: NOT IMPLEMENTED YET
C037  CA        DEX                             A:00 X:AC Y:0F P:A4 SP:FF PPU: NOT IMPLEMENTED YET
C038  D0 FA     BNE $C034                       A:00 X:AB Y:0F P:A4 SP:FF PPU: NOT IMPLEMENTED YET
C034  8D 07 20  STA $2007 = 00                  A:00 X:AB Y:0F P:A4 SP:FF PPU: NOT IMPLEMENTED YET
C037  CA        DEX                             A:00 X:AB Y:0F P:A4 SP:FF PPU: NOT IMPLEMENTED YET
C038  D0 FA     BNE $C034                       A:00 X:AA Y:0F P:A4 SP:FF PPU: NOT IMPLEMENTED YET
C034  8D 07 20  STA $2007 = 00                  A:00 X:AA Y:0F P:A4 SP:FF PPU: NOT IMPLEMENTED YET
C037  CA        DEX                             A:00 X:AA Y:0F P:A4 SP:FF PPU: NOT IMPLEMENTED YET
C038  D0 FA     BNE $C034                       A:00 X:A9 Y:0F P:A4 SP:FF PPU: NOT IMPLEMENTED YET
C034  8D 07 20  STA $2007 = 00                  A:00 X:A9 Y:0F P:A4 SP:FF PPU: NOT IMPLEMENTED YET
C037  CA        DEX                             A:00 X:A9 Y:0F P:A4 SP:FF PPU: NOT IMPLEMENTED YET
C038  D0 FA     BNE $C034                       A:00 X:A8 Y:0F P:A4 SP:FF PPU: NOT IMPLEMENTED YET
C034  8D 07 20  STA $2007 = 00                  A:00 X:A8 Y:0F P:A4 SP:FF PPU: NOT IMPLEMENTED YET
C037  CA        DEX                             A:00 X:A8 Y:0F P:A4 SP:FF PPU: NOT IMPLEMENTED YET
C038  D0 FA     BNE $C034                       A:00 X:A7 Y:0F P:A4 SP:FF PPU: NOT IMPLEMENTED YET
C034  8D 07 20  STA $2007 = 00                  A:00 X:A7 Y:0F P:A4 SP:FF PPU: NOT IMPLEMENTED YET
C037  CA        DEX                             A:00 X:A7 Y:0F P:A4 SP:FF PPU: NOT IMPLEMENTED YET
C038  D0 FA     BNE $C034                       A:00 X:A6 Y:0F P:A4 SP:FF PPU: NOT IMPLEMENTED YET
C034  8D 07 20  STA $2007 = 00                  A:00 X:A6 Y:0F P:A4 SP:FF PPU: NOT IMPLEMENTED YET
C037  CA        DEX                             A:00 X:A6 Y:0F P:A4 SP:FF PPU: NOT IMPLEMENTED YET
C038  D0 FA     BNE $C034                       A:00 X:A5 Y:0F P:A4 SP:FF PPU: NOT IMPLEMENTED YET
C034  8D 07 20  STA $2007 = 00                  A:00 X:A5 Y:0F P:A4 SP:FF PPU: NOT IMPLEMENTED YET
C037  CA        DEX                             A:00 X:A5 Y:0F P:A4 SP:FF PPU: NOT IMPLEMENTED YET
C038  D0 FA     BNE $C034                       A:00 X:A4 Y:0F P:A4 SP:FF PPU: NOT IMPLEMENTED YET
C034  8D 07 20  STA $2007 = 00                  A:00 X:A4 Y:0F P:A4 SP:FF PPU: NOT IMPLEMENTED YET
C037  CA        DEX                             A:00 X:A4 Y:0F P:A4 SP:FF PPU: NOT IMPLEMENTED YET
C038  D0 FA     BNE $C034                       A:00 X:A3 Y:0F P:A4 SP:FF PPU: NOT IMPLEMENTED YET
C034  8D 07 20  STA $2007 = 00                  A:00 X:A3 Y:0F P:A4 SP:FF PPU: NOT IMPLEMENTED YET
C037  CA        DEX                             A:00 X:A3 Y:0F P:A4 SP:FF PPU: NOT IMPLEMENTED YET
C038  D0 FA     BNE $C034                       A:00 X:A2 Y:0F P:A4 SP:FF PPU: NOT IMPLEMENTED YET
C034  8D 07 20  STA $2007 = 00                  A:00 X:A2 Y:0F P:A4 SP:FF PPU: NOT IMPLEMENTED YET
C037  CA        DEX                             A:00 X:A2 Y:0F P:A4 SP:FF PPU: NOT IMPLEMENTED YET
C038  D0 FA     BNE $C034                       A:00 X:A1 Y:0F P:A4 SP:FF PPU: NOT IMPLEMENTED YET
C034  8D 07 20  STA $2007 = 00                  A:00 X:A1 Y:0F P:A4 SP:FF PPU: NOT IMPLEMENTED YET
C037  CA        DEX                             A:00 X:A1 Y:0F P:A4 SP:FF PPU: NOT IMPLEMENTED YET
C038  D0 FA     BNE $C034                       A:00 X:A0 Y:0F P:A4 SP:FF PPU: NOT IMPLEMENTED YET
C034  8D 07 20  STA $2007 = 00                  A:00 X:A0 Y:0F P:A4 SP:FF PPU: NOT IMPLEMENTED YET
C037  CA        DEX                             A:00 X:A0 Y:0F P:A4 SP:FF PPU: NOT IMPLEMENTED YET
C038  D0 FA     BNE $C034                       A:00 X:9F Y:0F P:A4 SP:FF PPU: NOT IMPLEMENTED YET
C034  8D 07 20  STA $2007 = 00                  A:00 X:9F Y:0F P:A4 SP:FF PPU: NOT IMPLEMENTED YET
C037  CA        DEX                             A:00 X:9F Y:0F P:A4 SP:FF PPU: NOT IMPLEMENTED YET
C038  D0 FA     BNE $C034                       A:00 X:9E Y:0F P:A4 SP:FF PPU: NOT IMPLEMENTED YET
C034  8D 07 20  STA $2007 = 00                  A:00 X:9E Y:0F P:A4 SP:FF PPU: NOT IMPLEMENTED YET
C037  CA        DEX                             A:00 X:9E Y:0F P:A4 SP:FF PPU: NOT IMPLEMENTED YET
C038  D0 FA     BNE $C034                       A:00 X:9D Y:0F P:A4 SP:FF PPU: NOT IMPLEMENTED YET
C034  8D 07 20  STA $2007 = 00                  A:00 X:9D Y:0F P:A4 SP:FF PPU: NOT IMPLEMENTED YET
C037  CA        DEX                             A:00 X:9D Y:0F P:A4 SP:FF PPU: NOT IMPLEMENTED YET
C038  D0 FA     BNE $C034                       A:00 X:9C Y:0F P:A4 SP:FF PPU: NOT IMPLEMENTED YET
C034  8D 07 20  STA $2007 = 00                  A:00 X:9C Y:0F P:A4 SP:FF PPU: NOT IMPLEMENTED YET
C037  CA        DEX                             A:00 X:9C Y:0F P:A4 SP:FF PPU: NOT IMPLEMENTED YET
C038  D0 FA     BNE $C034                       A:00 X:9B Y:0F P:A4 SP:FF PPU: NOT IMPLEMENTED YET
C034  8D 07 20  STA $2007 = 00                  A:00 X:9B Y:0F P:A4 SP:FF PPU: NOT IMPLEMENTED YET
C037  CA        DEX                             A:00 X:9B Y:0F P:A4 SP:FF PPU: NOT IMPLEMENTED YET
C038  D0 FA     BNE $C034                       A:00 X:9A Y:0F P:A4 SP:FF PPU: NOT IMPLEMENTED YET
C034  8D 07 20  STA $2007 = 00                  A:00 X:9A Y:0F P:A4 SP:FF PPU: NOT IMPLEMENTED YET
C037  CA        DEX                             A:00 X:9A Y:0F P:A4 SP:FF PPU: NOT IMPLEMENTED YET
C038  D0 FA     BNE $C034                       A:00 X:99 Y:0F P:A4 SP:FF PPU: NOT IMPLEMENTED YET
C034  8D 07 20  STA $2007 = 00                  A:00 X:99 Y:0F P:A4 SP:FF PPU: NOT IMPLEMENTED YET
C037  CA        DEX                             A:00 X:99 Y:0F P:A4 SP:FF PPU: NOT IMPLEMENTED YET
C038  D0 FA     BNE $C034                       A:00 X:98 Y:0F P:A4 SP:FF PPU: NOT IMPLEMENTED YET
C034  8D 07 20  STA $2007 = 00                  A:00 X:98 Y:0F P:A4 SP:FF PPU: NOT IMPLEMENTED YET
C037  CA        DEX                             A:00 X:98 Y:0F P:A4 SP:FF PPU: NOT IMPLEMENTED YET
C038  D0 FA     BNE $C034                       A:00 X:97 Y:0F P:A4 SP:FF PPU: NOT IMPLEMENTED YET
C034  8D 07 20  STA $2007 = 00                  A:00 X:97 Y:0F P:A4 SP:FF PPU: NOT IMPLEMENTED YET
C037  CA        DEX                             A:00 X:97 Y:0F P:A4 SP:FF PPU: NOT IMPLEMENTED YET
C038  D0 FA     BNE $C034                       A:00 X:96 Y:0F P:A4 SP:FF PPU: NOT IMPLEMENTED YET
C034  8D 07 20  STA $2007 = 00                  A:00 X:96 Y:0F P:A4 SP:FF PPU: NOT IMPLEMENTED YET
C037  CA        DEX                             A:00 X:96 Y:0F P:A4 SP:FF PPU: NOT IMPLEMENTED YET
C038  D0 FA     BNE $C034                       A:00 X:95 Y:0F P:A4 SP:FF PPU: NOT IMPLEMENTED YET
C034  8D 07 20  STA $2007 = 00                  A:00 X:95 Y:0F P:A4 SP:FF PPU: NOT IMPLEMENTED YET
C037  CA        DEX                             A:00 X:95 Y:0F P:A4 SP:FF PPU: NOT IMPLEMENTED YET
C038  D0 FA     BNE $C034                       A:00 X:94 Y:0F P:A4 SP:FF PPU: NOT IMPLEMENTED YET
C034  8D 07 20  STA $2007 = 00                  A:00 X:94 Y:0F P:A4 SP:FF PPU: NOT IMPLEMENTED YET
C037  CA        DEX                             A:00 X:94 Y:0F P:A4 SP:FF PPU: NOT IMPLEMENTED YET
C038  D0 FA     BNE $C034                       A:00 X:93 Y:0F P:A4 SP:FF PPU: NOT IMPLEMENTED YET
C034  8D 07 20  STA $2007 = 00                  A:00 X:93 Y:0F P:A4 SP:FF PPU: NOT IMPLEMENTED YET
C037  CA        DEX                             A:00 X:93 Y:0F P:A4 SP:FF PPU: NOT IMPLEMENTED YET
C038  D0 FA     BNE $C034                       A:00 X:92 Y:0F P:A4 SP:FF PPU: NOT IMPLEMENTED YET
C034  8D 07 20  STA $2007 = 00                  A:00 X:92 Y:0F P:A4 SP:FF PPU: NOT IMPLEMENTED YET
C037  CA        DEX                             A:00 X:92 Y:0F P:A4 SP:FF PPU: NOT IMPLEMENTED YET
C038  D0 FA     BNE $C034                       A:00 X:91 Y:0F P:A4 SP:FF PPU: NOT IMPLEMENTED YET
C034  8D 07 20  STA $2007 = 00                  A:00 X:91 Y:0F P:A4 SP:FF PPU: NOT IMPLEMENTED YET
C037  CA        DEX                             A:00 X:91 Y:0F P:A4 SP:FF PPU: NOT IMPLEMENTED YET
C038  D0 FA     BNE $C034                       A:00 X:90 Y:0F P:A4 SP:FF PPU: NOT IMPLEMENTED YET
C034  8D 07 20  STA $2007 = 00                  A:00 X:90 Y:0F P:A4 SP:FF PPU: NOT IMPLEMENTED YET
C037  CA        DEX                             A:00 X:90 Y:0F P:A4 SP:FF PPU: NOT IMPLEMENTED YET
C038  D0 FA     BNE $C034                       A:00 X:8F Y:0F P:A4 SP:FF PPU: NOT IMPLEMENTED YET
C034  8D 07 20  STA $2007 = 00                  A:00 X:8F Y:0F P:A4 SP:FF PPU: NOT IMPLEMENTED YET
C037  CA        DEX                             A:00 X:8F Y:0F P:A4 SP:FF PPU: NOT IMPLEMENTED YET
C038  D0 FA     BNE $C034                       A:00 X:8E Y:0F P:A4 SP:FF PPU: NOT IMPLEMENTED YET
C034  8D 07 20  STA $2007 = 00                  A:00 X:8E Y:0F P:A4 SP:FF PPU: NOT IMPLEMENTED YET
C037  CA        DEX                             A:00 X:8E Y:0F P:A4 SP:FF PPU: NOT IMPLEMENTED YET
C038  D0 FA     BNE $C034                       A:00 X:8D Y:0F P:A4 SP:FF PPU: NOT IMPLEMENTED YET
C034  8D 07 20  STA $2007 = 00                  A:00 X:8D Y:0F P:A4 SP:FF PPU: NOT IMPLEMENTED YET
C037  CA        DEX                             A:00 X:8D Y:0F P:A4 SP:FF PPU: NOT IMPLEMENTED YET
C038  D0 FA     BNE $C034                       A:00 X:8C Y:0F P:A4 SP:FF PPU: NOT IMPLEMENTED YET
C034  8D 07 20  STA $2007 = 00                  A:00 X:8C Y:0F P:A4 SP:FF PPU: NOT IMPLEMENTED YET
C037  CA        DEX                             A:00 X:8C Y:0F P:A4 SP:FF PPU: NOT IMPLEMENTED YET
C038  D0 FA     BNE $C034                       A:00 X:8B Y:0F P:A4 SP:FF PPU: NOT IMPLEMENTED YET
C034  8D 07 20  STA $2007 = 00                  A:00 X:8B Y:0F P:A4 SP:FF PPU: NOT IMPLEMENTED YET
C037  CA        DEX                             A:00 X:8B Y:0F P:A4 SP:FF PPU: NOT IMPLEMENTED YET
C038  D0 FA     BNE $C034                       A:00 X:8A Y:0F P:A4 SP:FF PPU: NOT IMPLEMENTED YET
C034  8D 07 20  STA $2007 = 00                  A:00 X:8A Y:0F P:A4 SP:FF PPU: NOT IMPLEMENTED YET
C037  CA        DEX                             A:00 X:8A Y:0F P:A4 SP:FF PPU: NOT IMPLEMENTED YET
C038  D0 FA     BNE $C034                       A:00 X:89 Y:0F P:A4 SP:FF PPU: NOT IMPLEMENTED YET
C034  8D 07 20  STA $2007 = 00                  A:00 X:89 Y:0F P:A4 SP:FF PPU: NOT IMPLEMENTED YET
C037  CA        DEX                             A:00 X:89 Y:0F P:A4 SP:FF PPU: NOT IMPLEMENTED YET
C038  D0 FA     BNE $C034                       A:00 X:88 Y:0F P:A4 SP:FF PPU: NOT IMPLEMENTED YET
C034  8D 07 20  STA $2007 = 00                  A:00 X:88 Y:0F P:A4 SP:FF PPU: NOT IMPLEMENTED YET
C037  CA        DEX                             A:00 X:88 Y:0F P:A4 SP:FF PPU: NOT IMPLEMENTED YET
C038  D0 FA     BNE $C034                       A:00 X:87 Y:0F P:A4 SP:FF PPU: NOT IMPLEMENTED YET
C034  8D 07 20  STA $2007 = 00                  A:00 X:87 Y:0F P:A4 SP:FF PPU: NOT IMPLEMENTED YET
C037  CA        DEX                             A:00 X:87 Y:0F P:A4 SP:FF PPU: NOT IMPLEMENTED YET
C038  D0 FA     BNE $C034                       A:00 X:86 Y:0F P:A4 SP:FF PPU: NOT IMPLEMENTED YET
C034  8D 07 20  STA $2007 = 00                  A:00 X:86 Y:0F P:A4 SP:FF PPU: NOT IMPLEMENTED YET
C037  CA        DEX                             A:00 X:86 Y:0F P:A4 SP:FF PPU: NOT IMPLEMENTED YET
C038  D0 FA     BNE $C034                       A:00 X:85 Y:0F P:A4 SP:FF PPU: NOT IMPLEMENTED YET
C034  8D 07 20  STA $2007 = 00                  A:00 X:85 Y:0F P:A4 SP:FF PPU: NOT IMPLEMENTED YET
C037  CA        DEX                             A:00 X:85 Y:0F P:A4 SP:FF PPU: NOT IMPLEMENTED YET
C038  D0 FA     BNE $C034                       A:00 X:84 Y:0F P:A4 SP:FF PPU: NOT IMPLEMENTED YET
C034  8D 07 20  STA $2007 = 00                  A:00 X:84 Y:0F P:A4 SP:FF PPU: NOT IMPLEMENTED YET
C037  CA        DEX                             A:00 X:84 Y:0F P:A4 SP:FF PPU: NOT IMPLEMENTED YET
C038  D0 FA     BNE $C034                       A:00 X:83 Y:0F P:A4 SP:FF PPU: NOT IMPLEMENTED YET
C034  8D 07 20  STA $2007 = 00                  A:00 X:83 Y:0F P:A4 SP:FF PPU: NOT IMPLEMENTED YET
C037  CA        DEX                             A:00 X:83 Y:0F P:A4 SP:FF PPU: NOT IMPLEMENTED YET
C038  D0 FA     BNE $C034                       A:00 X:82 Y:0F P:A4 SP:FF PPU: NOT IMPLEMENTED YET
C034  8D 07 20  STA $2007 = 00                  A:00 X:82 Y:0F P:A4 SP:FF PPU: NOT IMPLEMENTED YET
C037  CA        DEX                             A:00 X:82 Y:0F P:A4 SP:FF PPU: NOT IMPLEMENTED YET
C038  D0 FA     BNE $C034                       A:00 X:81 Y:0F P:A4 SP:FF PPU: NOT IMPLEMENTED YET
C034  8D 07 20  STA $2007 = 00                  A:00 X:81 Y:0F P:A4 SP:FF PPU: NOT IMPLEMENTED YET
C037  CA        DEX                             A:00 X:81 Y:0F P:A4 SP:FF PPU: NOT IMPLEMENTED YET
C038  D0 FA     BNE $C034                       A:00 X:80 Y:0F P:A4 SP:FF PPU: NOT IMPLEMENTED YET
C034  8D 07 20  STA $2007 = 00                  A:00 X:80 Y:0F P:A4 SP:FF PPU: NOT IMPLEMENTED YET
C037  CA        DEX                             A:00 X:80 Y:0F P:A4 SP:FF PPU: NOT IMPLEMENTED YET
C038  D0 FA     BNE $C034                       A:00 X:7F Y:0F P:24 SP:FF PPU: NOT IMPLEMENTED YET
C034  8D 07 20  STA $2007 = 00                  A:00 X:7F Y:0F P:24 SP:FF PPU: NOT IMPLEMENTED YET
C037  CA        DEX                             A:00 X:7F Y:0F P:24 SP:FF PPU: NOT IMPLEMENTED YET
C038  D0 FA     BNE $C034                       A:00 X:7E Y:0F P:24 SP:FF PPU: NOT IMPLEMENTED YET
C034  8D 07 20  STA $2007 = 00                  A:00 X:7E Y:0F P:24 SP:FF PPU: NOT IMPLEMENTED YET
C037  CA        DEX                             A:00 X:7E Y:0F P:24 SP:FF PPU: NOT IMPLEMENTED YET
C038  D0 FA     BNE $C034                       A:00 X:7D Y:0F P:24 SP:FF PPU: NOT IMPLEMENTED YET
C034  8D 07 20  STA $2007 = 00                  A:00 X:7D Y:0F P:24 SP:FF PPU: NOT IMPLEMENTED YET
C037  CA        DEX                             A:00 X:7D Y:0F P:24 SP:FF PPU: NOT IMPLEMENTED YET
C038  D0 FA     BNE $C034                       A:00 X:7C Y:0F P:24 SP:FF PPU: NOT IMPLEMENTED YET
C034  8D 07 20  STA $2007 = 00                  A:00 X:7C Y:0F P:24 SP:FF PPU: NOT IMPLEMENTED YET
C037  CA        DEX                             A:00 X:7C Y:0F P:24 SP:FF PPU: NOT IMPLEMENTED YET
C038  D0 FA     BNE $C034                       A:00 X:7B Y:0F P:24 SP:FF PPU: NOT IMPLEMENTED YET
C034  8D 07 20  STA $2007 = 00                  A:00 X:7B Y:0F P:24 SP:FF PPU: NOT IMPLEMENTED YET
C037  CA        DEX                             A:00 X:7B Y:0F P:24 SP:FF PPU: NOT IMPLEMENTED YET
C038  D0 FA     BNE $C034                       A:00 X:7A Y:0F P:24 SP:FF PPU: NOT IMPLEMENTED YET
C034  8D 07 20  STA $2007 = 00                  A:00 X:7A Y:0F P:24 SP:FF PPU: NOT IMPLEMENTED YET
C037  CA        DEX                             A:00 X:7A Y:0F P:24 SP:FF PPU: NOT IMPLEMENTED YET
C038  D0 FA     BNE $C034                       A:00 X:79 Y:0F P:24 SP:FF PPU: NOT IMPLEMENTED YET
C034  8D 07 20  STA $2007 = 00                  A:00 X:79 Y:0F P:24 SP:FF PPU: NOT IMPLEMENTED YET
C037  CA        DEX                             A:00 X:79 Y:0F P:24 SP:FF PPU: NOT IMPLEMENTED YET
C038  D0 FA     BNE $C034                       A:00 X:78 Y:0F P:24 SP:FF PPU: NOT IMPLEMENTED YET
C034  8D 07 20  STA $2007 = 00                  A:00 X:78 Y:0F P:24 SP:FF PPU: NOT IMPLEMENTED YET
C037  CA        DEX                             A:00 X:78 Y:0F P:24 SP:FF PPU: NOT IMPLEMENTED YET
C038  D0 FA     BNE $C034                       A:00 X:77 Y:0F P:24 SP:FF PPU: NOT IMPLEMENTED YET
C034  8D 07 20  STA $2007 = 00                  A:00 X:77 Y:0F P:24 SP:FF PPU: NOT IMPLEMENTED YET
C037  CA        DEX                             A:00 X:77 Y:0F P:24 SP:FF PPU: NOT IMPLEMENTED YET
C038  D0 FA     BNE $C034                       A:00 X:76 Y:0F P:24 SP:FF PPU: NOT IMPLEMENTED YET
C034  8D 07 20  STA $2007 = 00                  A:00 X:76 Y:0F P:24 SP:FF PPU: NOT IMPLEMENTED YET
C037  CA        DEX                             A:00 X:76 Y:0F P:24 SP:FF PPU: NOT IMPLEMENTED YET
C038  D0 FA     BNE $C034                       A:00 X:75 Y:0F P:24 SP:FF PPU: NOT IMPLEMENTED YET
C034  8D 07 20  STA $2007 = 00                  A:00 X:75 Y:0F P:24 SP:FF PPU: NOT IMPLEMENTED YET
C037  CA        DEX                             A:00 X:75 Y:0F P:24 SP:FF PPU: NOT IMPLEMENTED YET
C038  D0 FA     BNE $C034                       A:00 X:74 Y:0F P:24 SP:FF PPU: NOT IMPLEMENTED YET
C034  8D 07 20  STA $2007 = 00                  A:00 X:74 Y:0F P:24 SP:FF PPU: NOT IMPLEMENTED YET
C037  CA        DEX                             A:00 X:74 Y:0F P:24 SP:FF PPU: NOT IMPLEMENTED YET
C038  D0 FA     BNE $C034                       A:00 X:73 Y:0F P:24 SP:FF PPU: NOT IMPLEMENTED YET
C034  8D 07 20  STA $2007 = 00                  A:00 X:73 Y:0F P:24 SP:FF PPU: NOT IMPLEMENTED YET
C037  CA        DEX                             A:00 X:73 Y:0F P:24 SP:FF PPU: NOT IMPLEMENTED YET
C038  D0 FA     BNE $C034                       A:00 X:72 Y:0F P:24 SP:FF PPU: NOT IMPLEMENTED YET
C034  8D 07 20  STA $2007 = 00                  A:00 X:72 Y:0F P:24 SP:FF PPU: NOT IMPLEMENTED YET
C037  CA        DEX                             A:00 X:72 Y:0F P:24 SP:FF PPU: NOT IMPLEMENTED YET
C038  D0 FA     BNE $C034                       A:00 X:71 Y:0F P:24 SP:FF PPU: NOT IMPLEMENTED YET
C034  8D 07 20  STA $2007 = 00                  A:00 X:71 Y:0F P:24 SP:FF PPU: NOT IMPLEMENTED YET
C037  CA        DEX                             A:00 X:71 Y:0F P:24 SP:FF PPU: NOT IMPLEMENTED YET
C038  D0 FA     BNE $C034                       A:00 X:70 Y:0F P:24 SP:FF PPU: NOT IMPLEMENTED YET
C034  8D 07 20  STA $2007 = 00                  A:00 X:70 Y:0F P:24 SP:FF PPU: NOT IMPLEMENTED YET
C037  CA        DEX                             A:00 X:70 Y:0F P:24 SP:FF PPU: NOT IMPLEMENTED YET
C038  D0 FA     BNE $C034                       A:00 X:6F Y:0F P:24 SP:FF PPU: NOT IMPLEMENTED YET
C034  8D 07 20  STA $2007 = 00                  A:00 X:6F Y:0F P:24 SP:FF PPU: NOT IMPLEMENTED YET
C037  CA        DEX                             A:00 X:6F Y:0F P:24 SP:FF PPU: NOT IMPLEMENTED YET
C038  D0 FA     BNE $C034                       A:00 X:6E Y:0F P:24 SP:FF PPU: NOT IMPLEMENTED YET
C034  8D 07 20  STA $2007 = 00                  A:00 X:6E Y:0F P:24 SP:FF PPU: NOT IMPLEMENTED YET
C037  CA        DEX                             A:00 X:6E Y:0F P:24 SP:FF PPU: NOT IMPLEMENTED YET
C038  D0 FA     BNE $C034                       A:00 X:6D Y:0F P:24 SP:FF PPU: NOT IMPLEMENTED YET
C034  8D 07 20  STA $2007 = 00                  A:00 X:6D Y:0F P:24 SP:FF PPU: NOT IMPLEMENTED YET
C037  CA        DEX                             A:00 X:6D Y:0F P:24 SP:FF PPU: NOT IMPLEMENTED YET
C038  D0 FA     BNE $C034                       A:00 X:6C Y:0F P:24 SP:FF PPU: NOT IMPLEMENTED YET
C034  8D 07 20  STA $2007 = 00                  A:00 X:6C Y:0F P:24 SP:FF PPU: NOT IMPLEMENTED YET
C037  CA        DEX                             A:00 X:6C Y:0F P:24 SP:FF PPU: NOT IMPLEMENTED YET
C038  D0 FA     BNE $C034                       A:00 X:6B Y:0F P:24 SP:FF PPU: NOT IMPLEMENTED YET
C034  8D 07 20  STA $2007 = 00                  A:00 X:6B Y:0F P:24 SP:FF PPU: NOT IMPLEMENTED YET
C037  CA        DEX                             A:00 X:6B Y:0F P:24 SP:FF PPU: NOT IMPLEMENTED YET
C038  D0 FA     BNE $C034                       A:00 X:6A Y:0F P:24 SP:FF PPU: NOT IMPLEMENTED YET
C034  8D 07 20  STA $2007 = 00                  A:00 X:6A Y:0F P:24 SP:FF PPU: NOT IMPLEMENTED YET
C037  CA        DEX                             A:00 X:6A Y:0F P:24 SP:FF PPU: NOT IMPLEMENTED YET
C038  D0 FA     BNE $C034                       A:00 X:69 Y:0F P:24 SP:FF PPU: NOT IMPLEMENTED YET
C034  8D 07 20  STA $2007 = 00                  A:00 X:69 Y:0F P:24 SP:FF PPU: NOT IMPLEMENTED YET
C037  CA        DEX                             A:00 X:69 Y:0F P:24 SP:FF PPU: NOT IMPLEMENTED YET
C038  D0 FA     BNE $C034                       A:00 X:68 Y:0F P:24 SP:FF PPU: NOT IMPLEMENTED YET
C034  8D 07 20  STA $2007 = 00                  A:00 X:68 Y:0F P:24 SP:FF PPU: NOT IMPLEMENTED YET
C037  CA        DEX                             A:00 X:68 Y:0F P:24 SP:FF PPU: NOT IMPLEMENTED YET
C038  D0 FA     BNE $C034                       A:00 X:67 Y:0F P:24 SP:FF PPU: NOT IMPLEMENTED YET
C034  8D 07 20  STA $2007 = 00                  A:00 X:67 Y:0F P:24 SP:FF PPU: NOT IMPLEMENTED YET
C037  CA        DEX                             A:00 X:67 Y:0F P:24 SP:FF PPU: NOT IMPLEMENTED YET
C038  D0 FA     BNE $C034                       A:00 X:66 Y:0F P:24 SP:FF PPU: NOT IMPLEMENTED YET
C034  8D 07 20  STA $2007 = 00                  A:00 X:66 Y:0F P:24 SP:FF PPU: NOT IMPLEMENTED YET
C037  CA        DEX                             A:00 X:66 Y:0F P:24 SP:FF PPU: NOT IMPLEMENTED YET
C038  D0 FA     BNE $C034                       A:00 X:65 Y:0F P:24 SP:FF PPU: NOT IMPLEMENTED YET
C034  8D 07 20  STA $2007 = 00                  A:00 X:65 Y:0F P:24 SP:FF PPU: NOT IMPLEMENTED YET
C037  CA        DEX                             A:00 X:65 Y:0F P:24 SP:FF PPU: NOT IMPLEMENTED YET
C038  D0 FA     BNE $C034                       A:00 X:64 Y:0F P:24 SP:FF PPU: NOT IMPLEMENTED YET
C034  8D 07 20  STA $2007 = 00                  A:00 X:64 Y:0F P:24 SP:FF PPU: NOT IMPLEMENTED YET
C037  CA        DEX                             A:00 X:64 Y:0F P:24 SP:FF PPU: NOT IMPLEMENTED YET
C038  D0 FA     BNE $C034                       A:00 X:63 Y:0F P:24 SP:FF PPU: NOT IMPLEMENTED YET
C034  8D 07 20  STA $2007 = 00                  A:00 X:63 Y:0F P:24 SP:FF PPU: NOT IMPLEMENTED YET
C037  CA        DEX                             A:00 X:63 Y:0F P:24 SP:FF PPU: NOT IMPLEMENTED YET
C038  D0 FA     BNE $C034                       A:00 X:62 Y:0F P:24 SP:FF PPU: NOT IMPLEMENTED YET
C034  8D 07 20  STA $2007 = 00                  A:00 X:62 Y:0F P:24 SP:FF PPU: NOT IMPLEMENTED YET
C037  CA        DEX                             A:00 X:62 Y:0F P:24 SP:FF PPU: NOT IMPLEMENTED YET
C038  D0 FA     BNE $C034                       A:00 X:61 Y:0F P:24 SP:FF PPU: NOT IMPLEMENTED YET
C034  8D 07 20  STA $2007 = 00                  A:00 X:61 Y:0F P:24 SP:FF PPU: NOT IMPLEMENTED YET
C037  CA        DEX                             A:00 X:61 Y:0F P:24 SP:FF PPU: NOT IMPLEMENTED YET
C038  D0 FA     BNE $C034                       A:00 X:60 Y:0F P:24 SP:FF PPU: NOT IMPLEMENTED YET
C034  8D 07 20  STA $2007 = 00                  A:00 X:60 Y:0F P:24 SP:FF PPU: NOT IMPLEMENTED YET
C037  CA        DEX                             A:00 X:60 Y:0F P:24 SP:FF PPU: NOT IMPLEMENTED YET
C038  D0 FA     BNE $C034                       A:00 X:5F Y:0F P:24 SP:FF PPU: NOT IMPLEMENTED YET
C034  8D 07 20  STA $2007 = 00                  A:00 X:5F Y:0F P:24 SP:FF PPU: NOT IMPLEMENTED YET
C037  CA        DEX                             A:00 X:5F Y:0F P:24 SP:FF PPU: NOT IMPLEMENTED YET
C038  D0 FA     BNE $C034                       A:00 X:5E Y:0F P:24 SP:FF PPU: NOT IMPLEMENTED YET
C034  8D 07 20  STA $2007 = 00                  A:00 X:5E Y:0F P:24 SP:FF PPU: NOT IMPLEMENTED YET
C037  CA        DEX                             A:00 X:5E Y:0F P:24 SP:FF PPU: NOT IMPLEMENTED YET
C038  D0 FA     BNE $C034                       A:00 X:5D Y:0F P:24 SP:FF PPU: NOT IMPLEMENTED YET
C034  8D 07 20  STA $2007 = 00                  A:00 X:5D Y:0F P:24 SP:FF PPU: NOT IMPLEMENTED YET
C037  CA        DEX                             A:00 X:5D Y:0F P:24 SP:FF PPU: NOT IMPLEMENTED YET
C038  D0 FA     BNE $C034                       A:00 X:5C Y:0F P:24 SP:FF PPU: NOT IMPLEMENTED YET
C034  8D 07 20  STA $2007 = 00                  A:00 X:5C Y:0F P:24 SP:FF PPU: NOT IMPLEMENTED YET
C037  CA        DEX                             A:00 X:5C Y:0F P:24 SP:FF PPU: NOT IMPLEMENTED YET
C038  D0 FA     BNE $C034                       A:00 X:5B Y:0F P:24 SP:FF PPU: NOT IMPLEMENTED YET
C034  8D 07 20  STA $2007 = 00                  A:00 X:5B Y:0F P:24 SP:FF PPU: NOT IMPLEMENTED YET
C037  CA        DEX                             A:00 X:5B Y:0F P:24 SP:FF PPU: NOT IMPLEMENTED YET
C038  D0 FA     BNE $C034                       A:00 X:5A Y:0F P:24 SP:FF PPU: NOT IMPLEMENTED YET
C034  8D 07 20  STA $2007 = 00                  A:00 X:5A Y:0F P:24 SP:FF PPU: NOT IMPLEMENTED YET
C037  CA        DEX                             A:00 X:5A Y:0F P:24 SP:FF PPU: NOT IMPLEMENTED YET
C038  D0 FA     BNE $C034                       A:00 X:59 Y:0F P:24 SP:FF PPU: NOT IMPLEMENTED YET
C034  8D 07 20  STA $2007 = 00                  A:00 X:59 Y:0F P:24 SP:FF PPU: NOT IMPLEMENTED YET
C037  CA        DEX                             A:00 X:59 Y:0F P:24 SP:FF PPU: NOT IMPLEMENTED YET
C038  D0 FA     BNE $C034                       A:00 X:58 Y:0F P:24 SP:FF PPU: NOT IMPLEMENTED YET
C034  8D 07 20  STA $2007 = 00                  A:00 X:58 Y:0F P:24 SP:FF PPU: NOT IMPLEMENTED YET
C037  CA        DEX                             A:00 X:58 Y:0F P:24 SP:FF PPU: NOT IMPLEMENTED YET
C038  D0 FA     BNE $C034                       A:00 X:57 Y:0F P:24 SP:FF PPU: NOT IMPLEMENTED YET
C034  8D 07 20  STA $2007 = 00                  A:00 X:57 Y:0F P:24 SP:FF PPU: NOT IMPLEMENTED YET
C037  CA        DEX                             A:00 X:57 Y:0F P:24 SP:FF PPU: NOT IMPLEMENTED YET
C038  D0 FA     BNE $C034                       A:00 X:56 Y:0F P:24 SP:FF PPU: NOT IMPLEMENTED YET
C034  8D 07 20  STA $2007 = 00                  A:00 X:56 Y:0F P:24 SP:FF PPU: NOT IMPLEMENTED YET
C037  CA        DEX                             A:00 X:56 Y:0F P:24 SP:FF PPU: NOT IMPLEMENTED YET
C038  D0 FA     BNE $C034                       A:00 X:55 Y:0F P:24 SP:FF PPU: NOT IMPLEMENTED YET
C034  8D 07 20  STA $2007 = 00                  A:00 X:55 Y:0F P:24 SP:FF PPU: NOT IMPLEMENTED YET
C037  CA        DEX                             A:00 X:55 Y:0F P:24 SP:FF PPU: NOT IMPLEMENTED YET
C038  D0 FA     BNE $C034                       A:00 X:54 Y:0F P:24 SP:FF PPU: NOT IMPLEMENTED YET
C034  8D 07 20  STA $2007 = 00                  A:00 X:54 Y:0F P:24 SP:FF PPU: NOT IMPLEMENTED YET
C037  CA        DEX                             A:00 X:54 Y:0F P:24 SP:FF PPU: NOT IMPLEMENTED YET
C038  D0 FA     BNE $C034                       A:00 X:53 Y:0F P:24 SP:FF PPU: NOT IMPLEMENTED YET
C034  8D 07 20  STA $2007 = 00                  A:00 X:53 Y:0F P:24 SP:FF PPU: NOT IMPLEMENTED YET
C037  CA        DEX                             A:00 X:53 Y:0F P:24 SP:FF PPU: NOT IMPLEMENTED YET
C038  D0 FA     BNE $C034                       A:00 X:52 Y:0F P:24 SP:FF PPU: NOT IMPLEMENTED YET
C034  8D 07 20  STA $2007 = 00                  A:00 X:52 Y:0F P:24 SP:FF PPU: NOT IMPLEMENTED YET
C037  CA        DEX                             A:00 X:52 Y:0F P:24 SP:FF PPU: NOT IMPLEMENTED YET
C038  D0 FA     BNE $C034                       A:00 X:51 Y:0F P:24 SP:FF PPU: NOT IMPLEMENTED YET
C034  8D 07 20  STA $2007 = 00                  A:00 X:51 Y:0F P:24 SP:FF PPU: NOT IMPLEMENTED YET
C037  CA        DEX                             A:00 X:51 Y:0F P:24 SP:FF PPU: NOT IMPLEMENTED YET
C038  D0 FA     BNE $C034                       A:00 X:50 Y:0F P:24 SP:FF PPU: NOT IMPLEMENTED YET
C034  8D 07 20  STA $2007 = 00                  A:00 X:50 Y:0F P:24 SP:FF PPU: NOT IMPLEMENTED YET
C037  CA        DEX                             A:00 X:50 Y:0F P:24 SP:FF PPU: NOT IMPLEMENTED YET
C038  D0 FA     BNE $C034                       A:00 X:4F Y:0F P:24 SP:FF PPU: NOT IMPLEMENTED YET
C034  8D 07 20  STA $2007 = 00                  A:00 X:4F Y:0F P:24 SP:FF PPU: NOT IMPLEMENTED YET
C037  CA        DEX                             A:00 X:4F Y:0F P:24 SP:FF PPU: NOT IMPLEMENTED YET
C038  D0 FA     BNE $C034                       A:00 X:4E Y:0F P:24 SP:FF PPU: NOT IMPLEMENTED YET
C034  8D 07 20  STA $2007 = 00                  A:00 X:4E Y:0F P:24 SP:FF PPU: NOT IMPLEMENTED YET
C037  CA        DEX                             A:00 X:4E Y:0F P:24 SP:FF PPU: NOT IMPLEMENTED YET
C038  D0 FA     BNE $C034                       A:00 X:4D Y:0F P:24 SP:FF PPU: NOT IMPLEMENTED YET
C034  8D 07 20  STA $2007 = 00                  A:00 X:4D Y:0F P:24 SP:FF PPU: NOT IMPLEMENTED YET
C037  CA        DEX                             A:00 X:4D Y:0F P:24 SP:FF PPU: NOT IMPLEMENTED YET
C038  D0 FA     BNE $C034                       A:00 X:4C Y:0F P:24 SP:FF PPU: NOT IMPLEMENTED YET
C034  8D 07 20  STA $2007 = 00                  A:00 X:4C Y:0F P:24 SP:FF PPU: NOT IMPLEMENTED YET
C037  CA        DEX                             A:00 X:4C Y:0F P:24 SP:FF PPU: NOT IMPLEMENTED YET
C038  D0 FA     BNE $C034                       A:00 X:4B Y:0F P:24 SP:FF PPU: NOT IMPLEMENTED YET
C034  8D 07 20  STA $2007 = 00                  A:00 X:4B Y:0F P:24 SP:FF PPU: NOT IMPLEMENTED YET
C037  CA        DEX                             A:00 X:4B Y:0F P:24 SP:FF PPU: NOT IMPLEMENTED YET
C038  D0 FA     BNE $C034                       A:00 X:4A Y:0F P:24 SP:FF PPU: NOT IMPLEMENTED YET
C034  8D 07 20  STA $2007 = 00                  A:00 X:4A Y:0F P:24 SP:FF PPU: NOT IMPLEMENTED YET
C037  CA        DEX                             A:00 X:4A Y:0F P:24 SP:FF PPU: NOT IMPLEMENTED YET
C038  D0 FA     BNE $C034                       A:00 X:49 Y:0F P:24 SP:FF PPU: NOT IMPLEMENTED YET
C034  8D 07 20  STA $2007 = 00                  A:00 X:49 Y:0F P:24 SP:FF PPU: NOT IMPLEMENTED YET
C037  CA        DEX                             A:00 X:49 Y:0F P:24 SP:FF PPU: NOT IMPLEMENTED YET
C038  D0 FA     BNE $C034                       A:00 X:48 Y:0F P:24 SP:FF PPU: NOT IMPLEMENTED YET
C034  8D 07 20  STA $2007 = 00                  A:00 X:48 Y:0F P:24 SP:FF PPU: NOT IMPLEMENTED YET
C037  CA        DEX                             A:00 X:48 Y:0F P:24 SP:FF PPU: NOT IMPLEMENTED YET
C038  D0 FA     BNE $C034                       A:00 X:47 Y:0F P:24 SP:FF PPU: NOT IMPLEMENTED YET
C034  8D 07 20  STA $2007 = 00                  A:00 X:47 Y:0F P:24 SP:FF PPU: NOT IMPLEMENTED YET
C037  CA        DEX                             A:00 X:47 Y:0F P:24 SP:FF PPU: NOT IMPLEMENTED YET
C038  D0 FA     BNE $C034                       A:00 X:46 Y:0F P:24 SP:FF PPU: NOT IMPLEMENTED YET
C034  8D 07 20  STA $2007 = 00                  A:00 X:46 Y:0F P:24 SP:FF PPU: NOT IMPLEMENTED YET
C037  CA        DEX                             A:00 X:46 Y:0F P:24 SP:FF PPU: NOT IMPLEMENTED YET
C038  D0 FA     BNE $C034                       A:00 X:45 Y:0F P:24 SP:FF PPU: NOT IMPLEMENTED YET
C034  8D 07 20  STA $2007 = 00                  A:00 X:45 Y:0F P:24 SP:FF PPU: NOT IMPLEMENTED YET
C037  CA        DEX                             A:00 X:45 Y:0F P:24 SP:FF PPU: NOT IMPLEMENTED YET
C038  D0 FA     BNE $C034                       A:00 X:44 Y:0F P:24 SP:FF PPU: NOT IMPLEMENTED YET
C034  8D 07 20  STA $2007 = 00                  A:00 X:44 Y:0F P:24 SP:FF PPU: NOT IMPLEMENTED YET
C037  CA        DEX                             A:00 X:44 Y:0F P:24 SP:FF PPU: NOT IMPLEMENTED YET
C038  D0 FA     BNE $C034                       A:00 X:43 Y:0F P:24 SP:FF PPU: NOT IMPLEMENTED YET
C034  8D 07 20  STA $2007 = 00                  A:00 X:43 Y:0F P:24 SP:FF PPU: NOT IMPLEMENTED YET
C037  CA        DEX                             A:00 X:43 Y:0F P:24 SP:FF PPU: NOT IMPLEMENTED YET
C038  D0 FA     BNE $C034                       A:00 X:42 Y:0F P:24 SP:FF PPU: NOT IMPLEMENTED YET
C034  8D 07 20  STA $2007 = 00                  A:00 X:42 Y:0F P:24 SP:FF PPU: NOT IMPLEMENTED YET
C037  CA        DEX                             A:00 X:42 Y:0F P:24 SP:FF PPU: NOT IMPLEMENTED YET
C038  D0 FA     BNE $C034                       A:00 X:41 Y:0F P:24 SP:FF PPU: NOT IMPLEMENTED YET
C034  8D 07 20  STA $2007 = 00                  A:00 X:41 Y:0F P:24 SP:FF PPU: NOT IMPLEMENTED YET
C037  CA        DEX                             A:00 X:41 Y:0F P:24 SP:FF PPU: NOT IMPLEMENTED YET
C038  D0 FA     BNE $C034                       A:00 X:40 Y:0F P:24 SP:FF PPU: NOT IMPLEMENTED YET
C034  8D 07 20  STA $2007 = 00                  A:00 X:40 Y:0F P:24 SP:FF PPU: NOT IMPLEMENTED YET
C037  CA        DEX                             A:00 X:40 Y:0F P:24 SP:FF PPU: NOT IMPLEMENTED YET
C038  D0 FA     BNE $C034                       A:00 X:3F Y:0F P:24 SP:FF PPU: NOT IMPLEMENTED YET
C034  8D 07 20  STA $2007 = 00                  A:00 X:3F Y:0F P:24 SP:FF PPU: NOT IMPLEMENTED YET
C037  CA        DEX                             A:00 X:3F Y:0F P:24 SP:FF PPU: NOT IMPLEMENTED YET
C038  D0 FA     BNE $C034                       A:00 X:3E Y:0F P:24 SP:FF PPU: NOT IMPLEMENTED YET
C034  8D 07 20  STA $2007 = 00                  A:00 X:3E Y:0F P:24 SP:FF PPU: NOT IMPLEMENTED YET
C037  CA        DEX                             A:00 X:3E Y:0F P:24 SP:FF PPU: NOT IMPLEMENTED YET
C038  D0 FA     BNE $C034                       A:00 X:3D Y:0F P:24 SP:FF PPU: NOT IMPLEMENTED YET
C034  8D 07 20  STA $2007 = 00                  A:00 X:3D Y:0F P:24 SP:FF PPU: NOT IMPLEMENTED YET
C037  CA        DEX                             A:00 X:3D Y:0F P:24 SP:FF PPU: NOT IMPLEMENTED YET
C038  D0 FA     BNE $C034                       A:00 X:3C Y:0F P:24 SP:FF PPU: NOT IMPLEMENTED YET
C034  8D 07 20  STA $2007 = 00                  A:00 X:3C Y:0F P:24 SP:FF PPU: NOT IMPLEMENTED YET
C037  CA        DEX                             A:00 X:3C Y:0F P:24 SP:FF PPU: NOT IMPLEMENTED YET
C038  D0 FA     BNE $C034                       A:00 X:3B Y:0F P:24 SP:FF PPU: NOT IMPLEMENTED YET
C034  8D 07 20  STA $2007 = 00                  A:00 X:3B Y:0F P:24 SP:FF PPU: NOT IMPLEMENTED YET
C037  CA        DEX                             A:00 X:3B Y:0F P:24 SP:FF PPU: NOT IMPLEMENTED YET
C038  D0 FA     BNE $C034                       A:00 X:3A Y:0F P:24 SP:FF PPU: NOT IMPLEMENTED YET
C034  8D 07 20  STA $2007 = 00                  A:00 X:3A Y:0F P:24 SP:FF PPU: NOT IMPLEMENTED YET
C037  CA        DEX                             A:00 X:3A Y:0F P:24 SP:FF PPU: NOT IMPLEMENTED YET
C038  D0 FA     BNE $C034                       A:00 X:39 Y:0F P:24 SP:FF PPU: NOT IMPLEMENTED YET
C034  8D 07 20  STA $2007 = 00                  A:00 X:39 Y:0F P:24 SP:FF PPU: NOT IMPLEMENTED YET
C037  CA        DEX                             A:00 X:39 Y:0F P:24 SP:FF PPU: NOT IMPLEMENTED YET
C038  D0 FA     BNE $C034                       A:00 X:38 Y:0F P:24 SP:FF PPU: NOT IMPLEMENTED YET
C034  8D 07 20  STA $2007 = 00                  A:00 X:38 Y:0F P:24 SP:FF PPU: NOT IMPLEMENTED YET
C037  CA        DEX                             A:00 X:38 Y:0F P:24 SP:FF PPU: NOT IMPLEMENTED YET
C038  D0 FA     BNE $C034                       A:00 X:37 Y:0F P:24 SP:FF PPU: NOT IMPLEMENTED YET
C034  8D 07 20  STA $2007 = 00                  A:00 X:37 Y:0F P:24 SP:FF PPU: NOT IMPLEMENTED YET
C037  CA        DEX                             A:00 X:37 Y:0F P:24 SP:FF PPU: NOT IMPLEMENTED YET
C038  D0 FA     BNE $C034                       A:00 X:36 Y:0F P:24 SP:FF PPU: NOT IMPLEMENTED YET
C034  8D 07 20  STA $2007 = 00                  A:00 X:36 Y:0F P:24 SP:FF PPU: NOT IMPLEMENTED YET
C037  CA        DEX                             A:00 X:36 Y:0F P:24 SP:FF PPU: NOT IMPLEMENTED YET
C038  D0 FA     BNE $C034                       A:00 X:35 Y:0F P:24 SP:FF PPU: NOT IMPLEMENTED YET
C034  8D 07 20  STA $2007 = 00                  A:00 X:35 Y:0F P:24 SP:FF PPU: NOT IMPLEMENTED YET
C037  CA        DEX                             A:00 X:35 Y:0F P:24 SP:FF PPU: NOT IMPLEMENTED YET
C038  D0 FA     BNE $C034                       A:00 X:34 Y:0F P:24 SP:FF PPU: NOT IMPLEMENTED YET
C034  8D 07 20  STA $2007 = 00                  A:00 X:34 Y:0F P:24 SP:FF PPU: NOT IMPLEMENTED YET
C037  CA        DEX                             A:00 X:34 Y:0F P:24 SP:FF PPU: NOT IMPLEMENTED YET
C038  D0 FA     BNE $C034                       A:00 X:33 Y:0F P:24 SP:FF PPU: NOT IMPLEMENTED YET
C034  8D 07 20  STA $2007 = 00                  A:00 X:33 Y:0F P:24 SP:FF PPU: NOT IMPLEMENTED YET
C037  CA        DEX                             A:00 X:33 Y:0F P:24 SP:FF PPU: NOT IMPLEMENTED YET
C038  D0 FA     BNE $C034                       A:00 X:32 Y:0F P:24 SP:FF PPU: NOT IMPLEMENTED YET
C034  8D 07 20  STA $2007 = 00                  A:00 X:32 Y:0F P:24 SP:FF PPU: NOT IMPLEMENTED YET
C037  CA        DEX                             A:00 X:32 Y:0F P:24 SP:FF PPU: NOT IMPLEMENTED YET
C038  D0 FA     BNE $C034                       A:00 X:31 Y:0F P:24 SP:FF PPU: NOT IMPLEMENTED YET
C034  8D 07 20  STA $2007 = 00                  A:00 X:31 Y:0F P:24 SP:FF PPU: NOT IMPLEMENTED YET
C037  CA        DEX                             A:00 X:31 Y:0F P:24 SP:FF PPU: NOT IMPLEMENTED YET
C038  D0 FA     BNE $C034                       A:00 X:30 Y:0F P:24 SP:FF PPU: NOT IMPLEMENTED YET
C034  8D 07 20  STA $2007 = 00                  A:00 X:30 Y:0F P:24 SP:FF PPU: NOT IMPLEMENTED YET
C037  CA        DEX                             A:00 X:30 Y:0F P:24 SP:FF PPU: NOT IMPLEMENTED YET
C038  D0 FA     BNE $C034                       A:00 X:2F Y:0F P:24 SP:FF PPU: NOT IMPLEMENTED YET
C034  8D 07 20  STA $2007 = 00                  A:00 X:2F Y:0F P:24 SP:FF PPU: NOT IMPLEMENTED YET
C037  CA        DEX                             A:00 X:2F Y:0F P:24 SP:FF PPU: NOT IMPLEMENTED YET
C038  D0 FA     BNE $C034                       A:00 X:2E Y:0F P:24 SP:FF PPU: NOT IMPLEMENTED YET
C034  8D 07 20  STA $2007 = 00                  A:00 X:2E Y:0F P:24 SP:FF PPU: NOT IMPLEMENTED YET
C037  CA        DEX                             A:00 X:2E Y:0F P:24 SP:FF PPU: NOT IMPLEMENTED YET
C038  D0 FA     BNE $C034                       A:00 X:2D Y:0F P:24 SP:FF PPU: NOT IMPLEMENTED YET
C034  8D 07 20  STA $2007 = 00                  A:00 X:2D Y:0F P:24 SP:FF PPU: NOT IMPLEMENTED YET
C037  CA        DEX                             A:00 X:2D Y:0F P:24 SP:FF PPU: NOT IMPLEMENTED YET
C038  D0 FA     BNE $C034                       A:00 X:2C Y:0F P:24 SP:FF PPU: NOT IMPLEMENTED YET
C034  8D 07 20  STA $2007 = 00                  A:00 X:2C Y:0F P:24 SP:FF PPU: NOT IMPLEMENTED YET
C037  CA        DEX                             A:00 X:2C Y:0F P:24 SP:FF PPU: NOT IMPLEMENTED YET
C038  D0 FA     BNE $C034                       A:00 X:2B Y:0F P:24 SP:FF PPU: NOT IMPLEMENTED YET
C034  8D 07 20  STA $2007 = 00                  A:00 X:2B Y:0F P:24 SP:FF PPU: NOT IMPLEMENTED YET
C037  CA        DEX                             A:00 X:2B Y:0F P:24 SP:FF PPU: NOT IMPLEMENTED YET
C038  D0 FA     BNE $C034                       A:00 X:2A Y:0F P:24 SP:FF PPU: NOT IMPLEMENTED YET
C034  8D 07 20  STA $2007 = 00                  A:00 X:2A Y:0F P:24 SP:FF PPU: NOT IMPLEMENTED YET
C037  CA        DEX                             A:00 X:2A Y:0F P:24 SP:FF PPU: NOT IMPLEMENTED YET
C038  D0 FA     BNE $C034                       A:00 X:29 Y:0F P:24 SP:FF PPU: NOT IMPLEMENTED YET
C034  8D 07 20  STA $2007 = 00                  A:00 X:29 Y:0F P:24 SP:FF PPU: NOT IMPLEMENTED YET
C037  CA        DEX                             A:00 X:29 Y:0F P:24 SP:FF PPU: NOT IMPLEMENTED YET
C038  D0 FA     BNE $C034                       A:00 X:28 Y:0F P:24 SP:FF PPU: NOT IMPLEMENTED YET
C034  8D 07 20  STA $2007 = 00                  A:00 X:28 Y:0F P:24 SP:FF PPU: NOT IMPLEMENTED YET
C037  CA        DEX                             A:00 X:28 Y:0F P:24 SP:FF PPU: NOT IMPLEMENTED YET
C038  D0 FA     BNE $C034                       A:00 X:27 Y:0F P:24 SP:FF PPU: NOT IMPLEMENTED YET
C034  8D 07 20  STA $2007 = 00                  A:00 X:27 Y:0F P:24 SP:FF PPU: NOT IMPLEMENTED YET
C037  CA        DEX                             A:00 X:27 Y:0F P:24 SP:FF PPU: NOT IMPLEMENTED YET
C038  D0 FA     BNE $C034                       A:00 X:26 Y:0F P:24 SP:FF PPU: NOT IMPLEMENTED YET
C034  8D 07 20  STA $2007 = 00                  A:00 X:26 Y:0F P:24 SP:FF PPU: NOT IMPLEMENTED YET
C037  CA        DEX                             A:00 X:26 Y:0F P:24 SP:FF PPU: NOT IMPLEMENTED YET
C038  D0 FA     BNE $C034                       A:00 X:25 Y:0F P:24 SP:FF PPU: NOT IMPLEMENTED YET
C034  8D 07 20  STA $2007 = 00                  A:00 X:25 Y:0F P:24 SP:FF PPU: NOT IMPLEMENTED YET
C037  CA        DEX                             A:00 X:25 Y:0F P:24 SP:FF PPU: NOT IMPLEMENTED YET
C038  D0 FA     BNE $C034                       A:00 X:24 Y:0F P:24 SP:FF PPU: NOT IMPLEMENTED YET
C034  8D 07 20  STA $2007 = 00                  A:00 X:24 Y:0F P:24 SP:FF PPU: NOT IMPLEMENTED YET
C037  CA        DEX                             A:00 X:24 Y:0F P:24 SP:FF PPU: NOT IMPLEMENTED YET
C038  D0 FA     BNE $C034                       A:00 X:23 Y:0F P:24 SP:FF PPU: NOT IMPLEMENTED YET
C034  8D 07 20  STA $2007 = 00                  A:00 X:23 Y:0F P:24 SP:FF PPU: NOT IMPLEMENTED YET
C037  CA        DEX                             A:00 X:23 Y:0F P:24 SP:FF PPU: NOT IMPLEMENTED YET
C038  D0 FA     BNE $C034                       A:00 X:22 Y:0F P:24 SP:FF PPU: NOT IMPLEMENTED YET
C034  8D 07 20  STA $2007 = 00                  A:00 X:22 Y:0F P:24 SP:FF PPU: NOT IMPLEMENTED YET
C037  CA        DEX                             A:00 X:22 Y:0F P:24 SP:FF PPU: NOT IMPLEMENTED YET
C038  D0 FA     BNE $C034                       A:00 X:21 Y:0F P:24 SP:FF PPU: NOT IMPLEMENTED YET
C034  8D 07 20  STA $2007 = 00                  A:00 X:21 Y:0F P:24 SP:FF PPU: NOT IMPLEMENTED YET
C037  CA        DEX                             A:00 X:21 Y:0F P:24 SP:FF PPU: NOT IMPLEMENTED YET
C038  D0 FA     BNE $C034                       A:00 X:20 Y:0F P:24 SP:FF PPU: NOT IMPLEMENTED YET
C034  8D 07 20  STA $2007 = 00                  A:00 X:20 Y:0F P:24 SP:FF PPU: NOT IMPLEMENTED YET
C037  CA        DEX                             A:00 X:20 Y:0F P:24 SP:FF PPU: NOT IMPLEMENTED YET
C038  D0 FA     BNE $C034                       A:00 X:1F Y:0F P:24 SP:FF PPU: NOT IMPLEMENTED YET
C034  8D 07 20  STA $2007 = 00                  A:00 X:1F Y:0F P:24 SP:FF PPU: NOT IMPLEMENTED YET
C037  CA        DEX                             A:00 X:1F Y:0F P:24 SP:FF PPU: NOT IMPLEMENTED YET
C038  D0 FA     BNE $C034                       A:00 X:1E Y:0F P:24 SP:FF PPU: NOT IMPLEMENTED YET
C034  8D 07 20  STA $2007 = 00                  A:00 X:1E Y:0F P:24 SP:FF PPU: NOT IMPLEMENTED YET
C037  CA        DEX                             A:00 X:1E Y:0F P:24 SP:FF PPU: NOT IMPLEMENTED YET
C038  D0 FA     BNE $C034                       A:00 X:1D Y:0F P:24 SP:FF PPU: NOT IMPLEMENTED YET
C034  8D 07 20  STA $2007 = 00                  A:00 X:1D Y:0F P:24 SP:FF PPU: NOT IMPLEMENTED YET
C037  CA        DEX                             A:00 X:1D Y:0F P:24 SP:FF PPU: NOT IMPLEMENTED YET
C038  D0 FA     BNE $C034                       A:00 X:1C Y:0F P:24 SP:FF PPU: NOT IMPLEMENTED YET
C034  8D 07 20  STA $2007 = 00                  A:00 X:1C Y:0F P:24 SP:FF PPU: NOT IMPLEMENTED YET
C037  CA        DEX                             A:00 X:1C Y:0F P:24 SP:FF PPU: NOT IMPLEMENTED YET
C038  D0 FA     BNE $C034                       A:00 X:1B Y:0F P:24 SP:FF PPU: NOT IMPLEMENTED YET
C034  8D 07 20  STA $2007 = 00                  A:00 X:1B Y:0F P:24 SP:FF PPU: NOT IMPLEMENTED YET
C037  CA        DEX                             A:00 X:1B Y:0F P:24 SP:FF PPU: NOT IMPLEMENTED YET
C038  D0 FA     BNE $C034                       A:00 X:1A Y:0F P:24 SP:FF PPU: NOT IMPLEMENTED YET
C034  8D 07 20  STA $2007 = 00                  A:00 X:1A Y:0F P:24 SP:FF PPU: NOT IMPLEMENTED YET
C037  CA        DEX                             A:00 X:1A Y:0F P:24 SP:FF PPU: NOT IMPLEMENTED YET
C038  D0 FA     BNE $C034                       A:00 X:19 Y:0F P:24 SP:FF PPU: NOT IMPLEMENTED YET
C034  8D 07 20  STA $2007 = 00                  A:00 X:19 Y:0F P:24 SP:FF PPU: NOT IMPLEMENTED YET
C037  CA        DEX                             A:00 X:19 Y:0F P:24 SP:FF PPU: NOT IMPLEMENTED YET
C038  D0 FA     BNE $C034                       A:00 X:18 Y:0F P:24 SP:FF PPU: NOT IMPLEMENTED YET
C034  8D 07 20  STA $2007 = 00                  A:00 X:18 Y:0F P:24 SP:FF PPU: NOT IMPLEMENTED YET
C037  CA        DEX                             A:00 X:18 Y:0F P:24 SP:FF PPU: NOT IMPLEMENTED YET
C038  D0 FA     BNE $C034                       A:00 X:17 Y:0F P:24 SP:FF PPU: NOT IMPLEMENTED YET
C034  8D 07 20  STA $2007 = 00                  A:00 X:17 Y:0F P:24 SP:FF PPU: NOT IMPLEMENTED YET
C037  CA        DEX                             A:00 X:17 Y:0F P:24 SP:FF PPU: NOT IMPLEMENTED YET
C038  D0 FA     BNE $C034                       A:00 X:16 Y:0F P:24 SP:FF PPU: NOT IMPLEMENTED YET
C034  8D 07 20  STA $2007 = 00                  A:00 X:16 Y:0F P:24 SP:FF PPU: NOT IMPLEMENTED YET
C037  CA        DEX                             A:00 X:16 Y:0F P:24 SP:FF PPU: NOT IMPLEMENTED YET
C038  D0 FA     BNE $C034                       A:00 X:15 Y:0F P:24 SP:FF PPU: NOT IMPLEMENTED YET
C034  8D 07 20  STA $2007 = 00                  A:00 X:15 Y:0F P:24 SP:FF PPU: NOT IMPLEMENTED YET
C037  CA        DEX                             A:00 X:15 Y:0F P:24 SP:FF PPU: NOT IMPLEMENTED YET
C038  D0 FA     BNE $C034                       A:00 X:14 Y:0F P:24 SP:FF PPU: NOT IMPLEMENTED YET
C034  8D 07 20  STA $2007 = 00                  A:00 X:14 Y:0F P:24 SP:FF PPU: NOT IMPLEMENTED YET
C037  CA        DEX                             A:00 X:14 Y:0F P:24 SP:FF PPU: NOT IMPLEMENTED YET
C038  D0 FA     BNE $C034                       A:00 X:13 Y:0F P:24 SP:FF PPU: NOT IMPLEMENTED YET
C034  8D 07 20  STA $2007 = 00                  A:00 X:13 Y:0F P:24 SP:FF PPU: NOT IMPLEMENTED YET
C037  CA        DEX                             A:00 X:13 Y:0F P:24 SP:FF PPU: NOT IMPLEMENTED YET
C038  D0 FA     BNE $C034                       A:00 X:12 Y:0F P:24 SP:FF PPU: NOT IMPLEMENTED YET
C034  8D 07 20  STA $2007 = 00                  A:00 X:12 Y:0F P:24 SP:FF PPU: NOT IMPLEMENTED YET
C037  CA        DEX                             A:00 X:12 Y:0F P:24 SP:FF PPU: NOT IMPLEMENTED YET
C038  D0 FA     BNE $C034                       A:00 X:11 Y:0F P:24 SP:FF PPU: NOT IMPLEMENTED YET
C034  8D 07 20  STA $2007 = 00                  A:00 X:11 Y:0F P:24 SP:FF PPU: NOT IMPLEMENTED YET
C037  CA        DEX                             A:00 X:11 Y:0F P:24 SP:FF PPU: NOT IMPLEMENTED YET
C038  D0 FA     BNE $C034                       A:00 X:10 Y:0F P:24 SP:FF PPU: NOT IMPLEMENTED YET
C034  8D 07 20  STA $2007 = 00                  A:00 X:10 Y:0F P:24 SP:FF PPU: NOT IMPLEMENTED YET
C037  CA        DEX                             A:00 X:10 Y:0F P:24 SP:FF PPU: NOT IMPLEMENTED YET
C038  D0 FA     BNE $C034                       A:00 X:0F Y:0F P:24 SP:FF PPU: NOT IMPLEMENTED YET
C034  8D 07 20  STA $2007 = 00                  A:00 X:0F Y:0F P:24 SP:FF PPU: NOT IMPLEMENTED YET
C037  CA        DEX                             A:00 X:0F Y:0F P:24 SP:FF PPU: NOT IMPLEMENTED YET
C038  D0 FA     BNE $C034                       A:00 X:0E Y:0F P:24 SP:FF PPU: NOT IMPLEMENTED YET
C034  8D 07 20  STA $2007 = 00                  A:00 X:0E Y:0F P:24 SP:FF PPU: NOT IMPLEMENTED YET
C037  CA        DEX                             A:00 X:0E Y:0F P:24 SP:FF PPU: NOT IMPLEMENTED YET
C038  D0 FA     BNE $C034                       A:00 X:0D Y:0F P:24 SP:FF PPU: NOT IMPLEMENTED YET
C034  8D 07 20  STA $2007 = 00                  A:00 X:0D Y:0F P:24 SP:FF PPU: NOT IMPLEMENTED YET
C037  CA        DEX                             A:00 X:0D Y:0F P:24 SP:FF PPU: NOT IMPLEMENTED YET
C038  D0 FA     BNE $C034                       A:00 X:0C Y:0F P:24 SP:FF PPU: NOT IMPLEMENTED YET
C034  8D 07 20  STA $2007 = 00                  A:00 X:0C Y:0F P:24 SP:FF PPU: NOT IMPLEMENTED YET
C037  CA        DEX                             A:00 X:0C Y:0F P:24 SP:FF PPU: NOT IMPLEMENTED YET
C038  D0 FA     BNE $C034                       A:00 X:0B Y:0F P:24 SP:FF PPU: NOT IMPLEMENTED YET
C034  8D 07 20  STA $2007 = 00                  A:00 X:0B Y:0F P:24 SP:FF PPU: NOT IMPLEMENTED YET
C037  CA        DEX                             A:00 X:0B Y:0F P:24 SP:FF PPU: NOT IMPLEMENTED YET
C038  D0 FA     BNE $C034                       A:00 X:0A Y:0F P:24 SP:FF PPU: NOT IMPLEMENTED YET
C034  8D 07 20  STA $2007 = 00                  A:00 X:0A Y:0F P:24 SP:FF PPU: NOT IMPLEMENTED YET
C037  CA        DEX                             A:00 X:0A Y:0F P:24 SP:FF PPU: NOT IMPLEMENTED YET
C038  D0 FA     BNE $C034                       A:00 X:09 Y:0F P:24 SP:FF PPU: NOT IMPLEMENTED YET
C034  8D 07 20  STA $2007 = 00                  A:00 X:09 Y:0F P:24 SP:FF PPU: NOT IMPLEMENTED YET
C037  CA        DEX                             A:00 X:09 Y:0F P:24 SP:FF PPU: NOT IMPLEMENTED YET
C038  D0 FA     BNE $C034                       A:00 X:08 Y:0F P:24 SP:FF PPU: NOT IMPLEMENTED YET
C034  8D 07 20  STA $2007 = 00                  A:00 X:08 Y:0F P:24 SP:FF PPU: NOT IMPLEMENTED YET
C037  CA        DEX                             A:00 X:08 Y:0F P:24 SP:FF PPU: NOT IMPLEMENTED YET
C038  D0 FA     BNE $C034                       A:00 X:07 Y:0F P:24 SP:FF PPU: NOT IMPLEMENTED YET
C034  8D 07 20  STA $2007 = 00                  A:00 X:07 Y:0F P:24 SP:FF PPU: NOT IMPLEMENTED YET
C037  CA        DEX                             A:00 X:07 Y:0F P:24 SP:FF PPU: NOT IMPLEMENTED YET
C038  D0 FA     BNE $C034                       A:00 X:06 Y:0F P:24 SP:FF PPU: NOT IMPLEMENTED YET
C034  8D 07 20  STA $2007 = 00                  A:00 X:06 Y:0F P:24 SP:FF PPU: NOT IMPLEMENTED YET
C037  CA        DEX                             A:00 X:06 Y:0F P:24 SP:FF PPU: NOT IMPLEMENTED YET
C038  D0 FA     BNE $C034                       A:00 X:05 Y:0F P:24 SP:FF PPU: NOT IMPLEMENTED YET
C034  8D 07 20  STA $2007 = 00                  A:00 X:05 Y:0F P:24 SP:FF PPU: NOT IMPLEMENTED YET
C037  CA        DEX                             A:00 X:05 Y:0F P:24 SP:FF PPU: NOT IMPLEMENTED YET
C038  D0 FA     BNE $C034                       A:00 X:04 Y:0F P:24 SP:FF PPU: NOT IMPLEMENTED YET
C034  8D 07 20  STA $2007 = 00                  A:00 X:04 Y:0F P:24 SP:FF PPU: NOT IMPLEMENTED YET
C037  CA        DEX                             A:00 X:04 Y:0F P:24 SP:FF PPU: NOT IMPLEMENTED YET
C038  D0 FA     BNE $C034                       A:00 X:03 Y:0F P:24 SP:FF PPU: NOT IMPLEMENTED YET
C034  8D 07 20  STA $2007 = 00                  A:00 X:03 Y:0F P:24 SP:FF PPU: NOT IMPLEMENTED YET
C037  CA        DEX                             A:00 X:03 Y:0F P:24 SP:FF PPU: NOT IMPLEMENTED YET
C038  D0 FA     BNE $C034                       A:00 X:02 Y:0F P:24 SP:FF PPU: NOT IMPLEMENTED YET
C034  8D 07 20  STA $2007 = 00                  A:00 X:02 Y:0F P:24 SP:FF PPU: NOT IMPLEMENTED YET
C037  CA        DEX                             A:00 X:02 Y:0F P:24 SP:FF PPU: NOT IMPLEMENTED YET
C038  D0 FA     BNE $C034                       A:00 X:01 Y:0F P:24 SP:FF PPU: NOT IMPLEMENTED YET
C034  8D 07 20  STA $2007 = 00                  A:00 X:01 Y:0F P:24 SP:FF PPU: NOT IMPLEMENTED YET
C037  CA        DEX                             A:00 X:01 Y:0F P:24 SP:FF PPU: NOT IMPLEMENTED YET
C038  D0 FA     BNE $C034                       A:00 X:00 Y:0F P:26 SP:FF PPU: NOT IMPLEMENTED YET
C03A  88        DEY                             A:00 X:00 Y:0F P:26 SP:FF PPU: NOT IMPLEMENTED YET
C03B  D0 F7     BNE $C034                       A:00 X:00 Y:0E P:24 SP:FF PPU: NOT IMPLEMENTED YET
C034  8D 07 20  STA $2007 = 00                  A:00 X:00 Y:0E P:24 SP:FF PPU: NOT IMPLEMENTED YET
C037  CA        DEX                             A:00 X:00 Y:0E P:24 SP:FF PPU: NOT IMPLEMENTED YET
C038  D0 FA     BNE $C034                       A:00 X:FF Y:0E P:A4 SP:FF PPU: NOT IMPLEMENTED YET
C034  8D 07 20  STA $2007 = 00                  A:00 X:FF Y:0E P:A4 SP:FF PPU: NOT IMPLEMENTED YET
C037  CA        DEX                             A:00 X:FF Y:0E P:A4 SP:FF PPU: NOT IMPLEMENTED YET
C038  D0 FA     BNE $C034                       A:00 X:FE Y:0E P:A4 SP:FF PPU: NOT IMPLEMENTED YET
C034  8D 07 20  STA $2007 = 00                  A:00 X:FE Y:0E P:A4 SP:FF PPU: NOT IMPLEMENTED YET
C037  CA        DEX                             A:00 X:FE Y:0E P:A4 SP:FF PPU: NOT IMPLEMENTED YET
C038  D0 FA     BNE $C034                       A:00 X:FD Y:0E P:A4 SP:FF PPU: NOT IMPLEMENTED YET
C034  8D 07 20  STA $2007 = 00                  A:00 X:FD Y:0E P:A4 SP:FF PPU: NOT IMPLEMENTED YET
C037  CA        DEX                             A:00 X:FD Y:0E P:A4 SP:FF PPU: NOT IMPLEMENTED YET
C038  D0 FA     BNE $C034                       A:00 X:FC Y:0E P:A4 SP:FF PPU: NOT IMPLEMENTED YET
C034  8D 07 20  STA $2007 = 00                  A:00 X:FC Y:0E P:A4 SP:FF PPU: NOT IMPLEMENTED YET
C037  CA        DEX                             A:00 X:FC Y:0E P:A4 SP:FF PPU: NOT IMPLEMENTED YET
C038  D0 FA     BNE $C034                       A:00 X:FB Y:0E P:A4 SP:FF PPU: NOT IMPLEMENTED YET
C034  8D 07 20  STA $2007 = 00                  A:00 X:FB Y:0E P:A4 SP:FF PPU: NOT IMPLEMENTED YET
C037  CA        DEX                             A:00 X:FB Y:0E P:A4 SP:FF PPU: NOT IMPLEMENTED YET
C038  D0 FA     BNE $C034                       A:00 X:FA Y:0E P:A4 SP:FF PPU: NOT IMPLEMENTED YET
C034  8D 07 20  STA $2007 = 00                  A:00 X:FA Y:0E P:A4 SP:FF PPU: NOT IMPLEMENTED YET
C037  CA        DEX                             A:00 X:FA Y:0E P:A4 SP:FF PPU: NOT IMPLEMENTED YET
C038  D0 FA     BNE $C034                       A:00 X:F9 Y:0E P:A4 SP:FF PPU: NOT IMPLEMENTED YET
C034  8D 07 20  STA $2007 = 00                  A:00 X:F9 Y:0E P:A4 SP:FF PPU: NOT IMPLEMENTED YET
C037  CA        DEX                             A:00 X:F9 Y:0E P:A4 SP:FF PPU: NOT IMPLEMENTED YET
C038  D0 FA     BNE $C034                       A:00 X:F8 Y:0E P:A4 SP:FF PPU: NOT IMPLEMENTED YET
C034  8D 07 20  STA $2007 = 00                  A:00 X:F8 Y:0E P:A4 SP:FF PPU: NOT IMPLEMENTED YET
C037  CA        DEX                             A:00 X:F8 Y:0E P:A4 SP:FF PPU: NOT IMPLEMENTED YET
C038  D0 FA     BNE $C034                       A:00 X:F7 Y:0E P:A4 SP:FF PPU: NOT IMPLEMENTED YET
C034  8D 07 20  STA $2007 = 00                  A:00 X:F7 Y:0E P:A4 SP:FF PPU: NOT IMPLEMENTED YET
C037  CA        DEX                             A:00 X:F7 Y:0E P:A4 SP:FF PPU: NOT IMPLEMENTED YET
C038  D0 FA     BNE $C034                       A:00 X:F6 Y:0E P:A4 SP:FF PPU: NOT IMPLEMENTED YET
C034  8D 07 20  STA $2007 = 00                  A:00 X:F6 Y:0E P:A4 SP:FF PPU: NOT IMPLEMENTED YET
C037  CA        DEX                             A:00 X:F6 Y:0E P:A4 SP:FF PPU: NOT IMPLEMENTED YET
C038  D0 FA     BNE $C034                       A:00 X:F5 Y:0E P:A4 SP:FF PPU: NOT IMPLEMENTED YET
C034  8D 07 20  STA $2007 = 00                  A:00 X:F5 Y:0E P:A4 SP:FF PPU: NOT IMPLEMENTED YET
C037  CA        DEX                             A:00 X:F5 Y:0E P:A4 SP:FF PPU: NOT IMPLEMENTED YET
C038  D0 FA     BNE $C034                       A:00 X:F4 Y:0E P:A4 SP:FF PPU: NOT IMPLEMENTED YET
C034  8D 07 20  STA $2007 = 00                  A:00 X:F4 Y:0E P:A4 SP:FF PPU: NOT IMPLEMENTED YET
C037  CA        DEX                             A:00 X:F4 Y:0E P:A4 SP:FF PPU: NOT IMPLEMENTED YET
C038  D0 FA     BNE $C034                       A:00 X:F3 Y:0E P:A4 SP:FF PPU: NOT IMPLEMENTED YET
C034  8D 07 20  STA $2007 = 00                  A:00 X:F3 Y:0E P:A4 SP:FF PPU: NOT IMPLEMENTED YET
C037  CA        DEX                             A:00 X:F3 Y:0E P:A4 SP:FF PPU: NOT IMPLEMENTED YET
C038  D0 FA     BNE $C034                       A:00 X:F2 Y:0E P:A4 SP:FF PPU: NOT IMPLEMENTED YET
C034  8D 07 20  STA $2007 = 00                  A:00 X:F2 Y:0E P:A4 SP:FF PPU: NOT IMPLEMENTED YET
C037  CA        DEX                             A:00 X:F2 Y:0E P:A4 SP:FF PPU: NOT IMPLEMENTED YET
C038  D0 FA     BNE $C034                       A:00 X:F1 Y:0E P:A4 SP:FF PPU: NOT IMPLEMENTED YET
C034  8D 07 20  STA $2007 = 00                  A:00 X:F1 Y:0E P:A4 SP:FF PPU: NOT IMPLEMENTED YET
C037  CA        DEX                             A:00 X:F1 Y:0E P:A4 SP:FF PPU: NOT IMPLEMENTED YET
C038  D0 FA     BNE $C034                       A:00 X:F0 Y:0E P:A4 SP:FF PPU: NOT IMPLEMENTED YET
C034  8D 07 20  STA $2007 = 00                  A:00 X:F0 Y:0E P:A4 SP:FF PPU: NOT IMPLEMENTED YET
C037  CA        DEX                             A:00 X:F0 Y:0E P:A4 SP:FF PPU: NOT IMPLEMENTED YET
C038  D0 FA     BNE $C034                       A:00 X:EF Y:0E P:A4 SP:FF PPU: NOT IMPLEMENTED YET
C034  8D 07 20  STA $2007 = 00                  A:00 X:EF Y:0E P:A4 SP:FF PPU: NOT IMPLEMENTED YET
C037  CA        DEX                             A:00 X:EF Y:0E P:A4 SP:FF PPU: NOT IMPLEMENTED YET
C038  D0 FA     BNE $C034                       A:00 X:EE Y:0E P:A4 SP:FF PPU: NOT IMPLEMENTED YET
C034  8D 07 20  STA $2007 = 00                  A:00 X:EE Y:0E P:A4 SP:FF PPU: NOT IMPLEMENTED YET
C037  CA        DEX                             A:00 X:EE Y:0E P:A4 SP:FF PPU: NOT IMPLEMENTED YET
C038  D0 FA     BNE $C034                       A:00 X:ED Y:0E P:A4 SP:FF PPU: NOT IMPLEMENTED YET
C034  8D 07 20  STA $2007 = 00                  A:00 X:ED Y:0E P:A4 SP:FF PPU: NOT IMPLEMENTED YET
C037  CA        DEX                             A:00 X:ED Y:0E P:A4 SP:FF PPU: NOT IMPLEMENTED YET
C038  D0 FA     BNE $C034                       A:00 X:EC Y:0E P:A4 SP:FF PPU: NOT IMPLEMENTED YET
C034  8D 07 20  STA $2007 = 00                  A:00 X:EC Y:0E P:A4 SP:FF PPU: NOT IMPLEMENTED YET
C037  CA        DEX                             A:00 X:EC Y:0E P:A4 SP:FF PPU: NOT IMPLEMENTED YET
C038  D0 FA     BNE $C034                       A:00 X:EB Y:0E P:A4 SP:FF PPU: NOT IMPLEMENTED YET
C034  8D 07 20  STA $2007 = 00                  A:00 X:EB Y:0E P:A4 SP:FF PPU: NOT IMPLEMENTED YET
C037  CA        DEX                             A:00 X:EB Y:0E P:A4 SP:FF PPU: NOT IMPLEMENTED YET
C038  D0 FA     BNE $C034                       A:00 X:EA Y:0E P:A4 SP:FF PPU: NOT IMPLEMENTED YET
C034  8D 07 20  STA $2007 = 00                  A:00 X:EA Y:0E P:A4 SP:FF PPU: NOT IMPLEMENTED YET
C037  CA        DEX                             A:00 X:EA Y:0E P:A4 SP:FF PPU: NOT IMPLEMENTED YET
C038  D0 FA     BNE $C034                       A:00 X:E9 Y:0E P:A4 SP:FF PPU: NOT IMPLEMENTED YET
C034  8D 07 20  STA $2007 = 00                  A:00 X:E9 Y:0E P:A4 SP:FF PPU: NOT IMPLEMENTED YET
C037  CA        DEX                             A:00 X:E9 Y:0E P:A4 SP:FF PPU: NOT IMPLEMENTED YET
C038  D0 FA     BNE $C034                       A:00 X:E8 Y:0E P:A4 SP:FF PPU: NOT IMPLEMENTED YET
C034  8D 07 20  STA $2007 = 00                  A:00 X:E8 Y:0E P:A4 SP:FF PPU: NOT IMPLEMENTED YET
C037  CA        DEX                             A:00 X:E8 Y:0E P:A4 SP:FF PPU: NOT IMPLEMENTED YET
C038  D0 FA     BNE $C034                       A:00 X:E7 Y:0E P:A4 SP:FF PPU: NOT IMPLEMENTED YET
C034  8D 07 20  STA $2007 = 00                  A:00 X:E7 Y:0E P:A4 SP:FF PPU: NOT IMPLEMENTED YET
C037  CA        DEX                             A:00 X:E7 Y:0E P:A4 SP:FF PPU: NOT IMPLEMENTED YET
C038  D0 FA     BNE $C034                       A:00 X:E6 Y:0E P:A4 SP:FF PPU: NOT IMPLEMENTED YET
C034  8D 07 20  STA $2007 = 00                  A:00 X:E6 Y:0E P:A4 SP:FF PPU: NOT IMPLEMENTED YET
C037  CA        DEX                             A:00 X:E6 Y:0E P:A4 SP:FF PPU: NOT IMPLEMENTED YET
C038  D0 FA     BNE $C034                       A:00 X:E5 Y:0E P:A4 SP:FF PPU: NOT IMPLEMENTED YET
C034  8D 07 20  STA $2007 = 00                  A:00 X:E5 Y:0E P:A4 SP:FF PPU: NOT IMPLEMENTED YET
C037  CA        DEX                             A:00 X:E5 Y:0E P:A4 SP:FF PPU: NOT IMPLEMENTED YET
C038  D0 FA     BNE $C034                       A:00 X:E4 Y:0E P:A4 SP:FF PPU: NOT IMPLEMENTED YET
C034  8D 07 20  STA $2007 = 00                  A:00 X:E4 Y:0E P:A4 SP:FF PPU: NOT IMPLEMENTED YET
C037  CA        DEX                             A:00 X:E4 Y:0E P:A4 SP:FF PPU: NOT IMPLEMENTED YET
C038  D0 FA     BNE $C034                       A:00 X:E3 Y:0E P:A4 SP:FF PPU: NOT IMPLEMENTED YET
C034  8D 07 20  STA $2007 = 00                  A:00 X:E3 Y:0E P:A4 SP:FF PPU: NOT IMPLEMENTED YET
C037  CA        DEX                             A:00 X:E3 Y:0E P:A4 SP:FF PPU: NOT IMPLEMENTED YET
C038  D0 FA     BNE $C034                       A:00 X:E2 Y:0E P:A4 SP:FF PPU: NOT IMPLEMENTED YET
C034  8D 07 20  STA $2007 = 00                  A:00 X:E2 Y:0E P:A4 SP:FF PPU: NOT IMPLEMENTED YET
C037  CA        DEX                             A:00 X:E2 Y:0E P:A4 SP:FF PPU: NOT IMPLEMENTED YET
C038  D0 FA     BNE $C034                       A:00 X:E1 Y:0E P:A4 SP:FF PPU: NOT IMPLEMENTED YET
C034  8D 07 20  STA $2007 = 00                  A:00 X:E1 Y:0E P:A4 SP:FF PPU: NOT IMPLEMENTED YET
C037  CA        DEX                             A:00 X:E1 Y:0E P:A4 SP:FF PPU: NOT IMPLEMENTED YET
C038  D0 FA     BNE $C034                       A:00 X:E0 Y:0E P:A4 SP:FF PPU: NOT IMPLEMENTED YET
C034  8D 07 20  STA $2007 = 00                  A:00 X:E0 Y:0E P:A4 SP:FF PPU: NOT IMPLEMENTED YET
C037  CA        DEX                             A:00 X:E0 Y:0E P:A4 SP:FF PPU: NOT IMPLEMENTED YET
C038  D0 FA     BNE $C034                       A:00 X:DF Y:0E P:A4 SP:FF PPU: NOT IMPLEMENTED YET
C034  8D 07 20  STA $2007 = 00                  A:00 X:DF Y:0E P:A4 SP:FF PPU: NOT IMPLEMENTED YET
C037  CA        DEX                             A:00 X:DF Y:0E P:A4 SP:FF PPU: NOT IMPLEMENTED YET
C038  D0 FA     BNE $C034                       A:00 X:DE Y:0E P:A4 SP:FF PPU: NOT IMPLEMENTED YET
C034  8D 07 20  STA $2007 = 00                  A:00 X:DE Y:0E P:A4 SP:FF PPU: NOT IMPLEMENTED YET
C037  CA        DEX                             A:00 X:DE Y:0E P:A4 SP:FF PPU: NOT IMPLEMENTED YET
C038  D0 FA     BNE $C034                       A:00 X:DD Y:0E P:A4 SP:FF PPU: NOT IMPLEMENTED YET
C034  8D 07 20  STA $2007 = 00                  A:00 X:DD Y:0E P:A4 SP:FF PPU: NOT IMPLEMENTED YET
C037  CA        DEX                             A:00 X:DD Y:0E P:A4 SP:FF PPU: NOT IMPLEMENTED YET
C038  D0 FA     BNE $C034                       A:00 X:DC Y:0E P:A4 SP:FF PPU: NOT IMPLEMENTED YET
C034  8D 07 20  STA $2007 = 00                  A:00 X:DC Y:0E P:A4 SP:FF PPU: NOT IMPLEMENTED YET
C037  CA        DEX                             A:00 X:DC Y:0E P:A4 SP:FF PPU: NOT IMPLEMENTED YET
C038  D0 FA     BNE $C034                       A:00 X:DB Y:0E P:A4 SP:FF PPU: NOT IMPLEMENTED YET
C034  8D 07 20  STA $2007 = 00                  A:00 X:DB Y:0E P:A4 SP:FF PPU: NOT IMPLEMENTED YET
C037  CA        DEX                             A:00 X:DB Y:0E P:A4 SP:FF PPU: NOT IMPLEMENTED YET
C038  D0 FA     BNE $C034                       A:00 X:DA Y:0E P:A4 SP:FF PPU: NOT IMPLEMENTED YET
C034  8D 07 20  STA $2007 = 00                  A:00 X:DA Y:0E P:A4 SP:FF PPU: NOT IMPLEMENTED YET
C037  CA        DEX                             A:00 X:DA Y:0E P:A4 SP:FF PPU: NOT IMPLEMENTED YET
C038  D0 FA     BNE $C034                       A:00 X:D9 Y:0E P:A4 SP:FF PPU: NOT IMPLEMENTED YET
C034  8D 07 20  STA $2007 = 00                  A:00 X:D9 Y:0E P:A4 SP:FF PPU: NOT IMPLEMENTED YET
C037  CA        DEX                             A:00 X:D9 Y:0E P:A4 SP:FF PPU: NOT IMPLEMENTED YET
C038  D0 FA     BNE $C034                       A:00 X:D8 Y:0E P:A4 SP:FF PPU: NOT IMPLEMENTED YET
C034  8D 07 20  STA $2007 = 00                  A:00 X:D8 Y:0E P:A4 SP:FF PPU: NOT IMPLEMENTED YET
C037  CA        DEX                             A:00 X:D8 Y:0E P:A4 SP:FF PPU: NOT IMPLEMENTED YET
C038  D0 FA     BNE $C034                       A:00 X:D7 Y:0E P:A4 SP:FF PPU: NOT IMPLEMENTED YET
C034  8D 07 20  STA $2007 = 00                  A:00 X:D7 Y:0E P:A4 SP:FF PPU: NOT IMPLEMENTED YET
C037  CA        DEX                             A:00 X:D7 Y:0E P:A4 SP:FF PPU: NOT IMPLEMENTED YET
C038  D0 FA     BNE $C034                       A:00 X:D6 Y:0E P:A4 SP:FF PPU: NOT IMPLEMENTED YET
C034  8D 07 20  STA $2007 = 00                  A:00 X:D6 Y:0E P:A4 SP:FF PPU: NOT IMPLEMENTED YET
C037  CA        DEX                             A:00 X:D6 Y:0E P:A4 SP:FF PPU: NOT IMPLEMENTED YET
C038  D0 FA     BNE $C034                       A:00 X:D5 Y:0E P:A4 SP:FF PPU: NOT IMPLEMENTED YET
C034  8D 07 20  STA $2007 = 00                  A:00 X:D5 Y:0E P:A4 SP:FF PPU: NOT IMPLEMENTED YET
C037  CA        DEX                             A:00 X:D5 Y:0E P:A4 SP:FF PPU: NOT IMPLEMENTED YET
C038  D0 FA     BNE $C034                       A:00 X:D4 Y:0E P:A4 SP:FF PPU: NOT IMPLEMENTED YET
C034  8D 07 20  STA $2007 = 00                  A:00 X:D4 Y:0E P:A4 SP:FF PPU: NOT IMPLEMENTED YET
C037  CA        DEX                             A:00 X:D4 Y:0E P:A4 SP:FF PPU: NOT IMPLEMENTED YET
C038  D0 FA     BNE $C034                       A:00 X:D3 Y:0E P:A4 SP:FF PPU: NOT IMPLEMENTED YET
C034  8D 07 20  STA $2007 = 00                  A:00 X:D3 Y:0E P:A4 SP:FF PPU: NOT IMPLEMENTED YET
C037  CA        DEX                             A:00 X:D3 Y:0E P:A4 SP:FF PPU: NOT IMPLEMENTED YET
C038  D0 FA     BNE $C034                       A:00 X:D2 Y:0E P:A4 SP:FF PPU: NOT IMPLEMENTED YET
C034  8D 07 20  STA $2007 = 00                  A:00 X:D2 Y:0E P:A4 SP:FF PPU: NOT IMPLEMENTED YET
C037  CA        DEX                             A:00 X:D2 Y:0E P:A4 SP:FF PPU: NOT IMPLEMENTED YET
C038  D0 FA     BNE $C034                       A:00 X:D1 Y:0E P:A4 SP:FF PPU: NOT IMPLEMENTED YET
C034  8D 07 20  STA $2007 = 00                  A:00 X:D1 Y:0E P:A4 SP:FF PPU: NOT IMPLEMENTED YET
C037  CA        DEX                             A:00 X:D1 Y:0E P:A4 SP:FF PPU: NOT IMPLEMENTED YET
C038  D0 FA     BNE $C034                       A:00 X:D0 Y:0E P:A4 SP:FF PPU: NOT IMPLEMENTED YET
C034  8D 07 20  STA $2007 = 00                  A:00 X:D0 Y:0E P:A4 SP:FF PPU: NOT IMPLEMENTED YET
C037  CA        DEX                             A:00 X:D0 Y:0E P:A4 SP:FF PPU: NOT IMPLEMENTED YET
C038  D0 FA     BNE $C034                       A:00 X:CF Y:0E P:A4 SP:FF PPU: NOT IMPLEMENTED YET
C034  8D 07 20  STA $2007 = 00                  A:00 X:CF Y:0E P:A4 SP:FF PPU: NOT IMPLEMENTED YET
C037  CA        DEX                             A:00 X:CF Y:0E P:A4 SP:FF PPU: NOT IMPLEMENTED YET
C038  D0 FA     BNE $C034                       A:00 X:CE Y:0E P:A4 SP:FF PPU: NOT IMPLEMENTED YET
C034  8D 07 20  STA $2007 = 00                  A:00 X:CE Y:0E P:A4 SP:FF PPU: NOT IMPLEMENTED YET
C037  CA        DEX                             A:00 X:CE Y:0E P:A4 SP:FF PPU: NOT IMPLEMENTED YET
C038  D0 FA     BNE $C034                       A:00 X:CD Y:0E P:A4 SP:FF PPU: NOT IMPLEMENTED YET
C034  8D 07 20  STA $2007 = 00                  A:00 X:CD Y:0E P:A4 SP:FF PPU: NOT IMPLEMENTED YET
C037  CA        DEX                             A:00 X:CD Y:0E P:A4 SP:FF PPU: NOT IMPLEMENTED YET
C038  D0 FA     BNE $C034                       A:00 X:CC Y:0E P:A4 SP:FF PPU: NOT IMPLEMENTED YET
C034  8D 07 20  STA $2007 = 00                  A:00 X:CC Y:0E P:A4 SP:FF PPU: NOT IMPLEMENTED YET
C037  CA        DEX                             A:00 X:CC Y:0E P:A4 SP:FF PPU: NOT IMPLEMENTED YET
C038  D0 FA     BNE $C034                       A:00 X:CB Y:0E P:A4 SP:FF PPU: NOT IMPLEMENTED YET
C034  8D 07 20  STA $2007 = 00                  A:00 X:CB Y:0E P:A4 SP:FF PPU: NOT IMPLEMENTED YET
C037  CA        DEX                             A:00 X:CB Y:0E P:A4 SP:FF PPU: NOT IMPLEMENTED YET
C038  D0 FA     BNE $C034                       A:00 X:CA Y:0E P:A4 SP:FF PPU: NOT IMPLEMENTED YET
C034  8D 07 20  STA $2007 = 00                  A:00 X:CA Y:0E P:A4 SP:FF PPU: NOT IMPLEMENTED YET
C037  CA        DEX                             A:00 X:CA Y:0E P:A4 SP:FF PPU: NOT IMPLEMENTED YET
C038  D0 FA     BNE $C034                       A:00 X:C9 Y:0E P:A4 SP:FF PPU: NOT IMPLEMENTED YET
C034  8D 07 20  STA $2007 = 00                  A:00 X:C9 Y:0E P:A4 SP:FF PPU: NOT IMPLEMENTED YET
C037  CA        DEX                             A:00 X:C9 Y:0E P:A4 SP:FF PPU: NOT IMPLEMENTED YET
C038  D0 FA     BNE $C034                       A:00 X:C8 Y:0E P:A4 SP:FF PPU: NOT IMPLEMENTED YET
C034  8D 07 20  STA $2007 = 00                  A:00 X:C8 Y:0E P:A4 SP:FF PPU: NOT IMPLEMENTED YET
C037  CA        DEX                             A:00 X:C8 Y:0E P:A4 SP:FF PPU: NOT IMPLEMENTED YET
C038  D0 FA     BNE $C034                       A:00 X:C7 Y:0E P:A4 SP:FF PPU: NOT IMPLEMENTED YET
C034  8D 07 20  STA $2007 = 00                  A:00 X:C7 Y:0E P:A4 SP:FF PPU: NOT IMPLEMENTED YET
C037  CA        DEX                             A:00 X:C7 Y:0E P:A4 SP:FF PPU: NOT IMPLEMENTED YET
C038  D0 FA     BNE $C034                       A:00 X:C6 Y:0E P:A4 SP:FF PPU: NOT IMPLEMENTED YET
C034  8D 07 20  STA $2007 = 00                  A:00 X:C6 Y:0E P:A4 SP:FF PPU: NOT IMPLEMENTED YET
C037  CA        DEX                             A:00 X:C6 Y:0E P:A4 SP:FF PPU: NOT IMPLEMENTED YET
C038  D0 FA     BNE $C034                       A:00 X:C5 Y:0E P:A4 SP:FF PPU: NOT IMPLEMENTED YET
C034  8D 07 20  STA $2007 = 00                  A:00 X:C5 Y:0E P:A4 SP:FF PPU: NOT IMPLEMENTED YET
C037  CA        DEX                             A:00 X:C5 Y:0E P:A4 SP:FF PPU: NOT IMPLEMENTED YET
C038  D0 FA     BNE $C034                       A:00 X:C4 Y:0E P:A4 SP:FF PPU: NOT IMPLEMENTED YET
C034  8D 07 20  STA $2007 = 00                  A:00 X:C4 Y:0E P:A4 SP:FF PPU: NOT IMPLEMENTED YET
C037  CA        DEX                             A:00 X:C4 Y:0E P:A4 SP:FF PPU: NOT IMPLEMENTED YET
C038  D0 FA     BNE $C034                       A:00 X:C3 Y:0E P:A4 SP:FF PPU: NOT IMPLEMENTED YET
C034  8D 07 20  STA $2007 = 00                  A:00 X:C3 Y:0E P:A4 SP:FF PPU: NOT IMPLEMENTED YET
C037  CA        DEX                             A:00 X:C3 Y:0E P:A4 SP:FF PPU: NOT IMPLEMENTED YET
C038  D0 FA     BNE $C034                       A:00 X:C2 Y:0E P:A4 SP:FF PPU: NOT IMPLEMENTED YET
C034  8D 07 20  STA $2007 = 00                  A:00 X:C2 Y:0E P:A4 SP:FF PPU: NOT IMPLEMENTED YET
C037  CA        DEX                             A:00 X:C2 Y:0E P:A4 SP:FF PPU: NOT IMPLEMENTED YET
C038  D0 FA     BNE $C034                       A:00 X:C1 Y:0E P:A4 SP:FF PPU: NOT IMPLEMENTED YET
C034  8D 07 20  STA $2007 = 00                  A:00 X:C1 Y:0E P:A4 SP:FF PPU: NOT IMPLEMENTED YET
C037  CA        DEX                             A:00 X:C1 Y:0E P:A4 SP:FF PPU: NOT IMPLEMENTED YET
C038  D0 FA     BNE $C034                       A:00 X:C0 Y:0E P:A4 SP:FF PPU: NOT IMPLEMENTED YET
C034  8D 07 20  STA $2007 = 00                  A:00 X:C0 Y:0E P:A4 SP:FF PPU: NOT IMPLEMENTED YET
C037  CA        DEX                             A:00 X:C0 Y:0E P:A4 SP:FF PPU: NOT IMPLEMENTED YET
C038  D0 FA     BNE $C034                       A:00 X:BF Y:0E P:A4 SP:FF PPU: NOT IMPLEMENTED YET
C034  8D 07 20  STA $2007 = 00                  A:00 X:BF Y:0E P:A4 SP:FF PPU: NOT IMPLEMENTED YET
C037  CA        DEX                             A:00 X:BF Y:0E P:A4 SP:FF PPU: NOT IMPLEMENTED YET
C038  D0 FA     BNE $C034                       A:00 X:BE Y:0E P:A4 SP:FF PPU: NOT IMPLEMENTED YET
C034  8D 07 20  STA $2007 = 00                  A:00 X:BE Y:0E P:A4 SP:FF PPU: NOT IMPLEMENTED YET
C037  CA        DEX                             A:00 X:BE Y:0E P:A4 SP:FF PPU: NOT IMPLEMENTED YET
C038  D0 FA     BNE $C034                       A:00 X:BD Y:0E P:A4 SP:FF PPU: NOT IMPLEMENTED YET
C034  8D 07 20  STA $2007 = 00                  A:00 X:BD Y:0E P:A4 SP:FF PPU: NOT IMPLEMENTED YET
C037  CA        DEX                             A:00 X:BD Y:0E P:A4 SP:FF PPU: NOT IMPLEMENTED YET
C038  D0 FA     BNE $C034                       A:00 X:BC Y:0E P:A4 SP:FF PPU: NOT IMPLEMENTED YET
C034  8D 07 20  STA $2007 = 00                  A:00 X:BC Y:0E P:A4 SP:FF PPU: NOT IMPLEMENTED YET
C037  CA        DEX                             A:00 X:BC Y:0E P:A4 SP:FF PPU: NOT IMPLEMENTED YET
C038  D0 FA     BNE $C034                       A:00 X:BB Y:0E P:A4 SP:FF PPU: NOT IMPLEMENTED YET
C034  8D 07 20  STA $2007 = 00                  A:00 X:BB Y:0E P:A4 SP:FF PPU: NOT IMPLEMENTED YET
C037  CA        DEX                             A:00 X:BB Y:0E P:A4 SP:FF PPU: NOT IMPLEMENTED YET
C038  D0 FA     BNE $C034                       A:00 X:BA Y:0E P:A4 SP:FF PPU: NOT IMPLEMENTED YET
C034  8D 07 20  STA $2007 = 00                  A:00 X:BA Y:0E P:A4 SP:FF PPU: NOT IMPLEMENTED YET
C037  CA        DEX                             A:00 X:BA Y:0E P:A4 SP:FF PPU: NOT IMPLEMENTED YET
C038  D0 FA     BNE $C034                       A:00 X:B9 Y:0E P:A4 SP:FF PPU: NOT IMPLEMENTED YET
C034  8D 07 20  STA $2007 = 00                  A:00 X:B9 Y:0E P:A4 SP:FF PPU: NOT IMPLEMENTED YET
C037  CA        DEX                             A:00 X:B9 Y:0E P:A4 SP:FF PPU: NOT IMPLEMENTED YET
C038  D0 FA     BNE $C034                       A:00 X:B8 Y:0E P:A4 SP:FF PPU: NOT IMPLEMENTED YET
C034  8D 07 20  STA $2007 = 00                  A:00 X:B8 Y:0E P:A4 SP:FF PPU: NOT IMPLEMENTED YET
C037  CA        DEX                             A:00 X:B8 Y:0E P:A4 SP:FF PPU: NOT IMPLEMENTED YET
C038  D0 FA     BNE $C034                       A:00 X:B7 Y:0E P:A4 SP:FF PPU: NOT IMPLEMENTED YET
C034  8D 07 20  STA $2007 = 00                  A:00 X:B7 Y:0E P:A4 SP:FF PPU: NOT IMPLEMENTED YET
C037  CA        DEX                             A:00 X:B7 Y:0E P:A4 SP:FF PPU: NOT IMPLEMENTED YET
C038  D0 FA     BNE $C034                       A:00 X:B6 Y:0E P:A4 SP:FF PPU: NOT IMPLEMENTED YET
C034  8D 07 20  STA $2007 = 00                  A:00 X:B6 Y:0E P:A4 SP:FF PPU: NOT IMPLEMENTED YET
C037  CA        DEX                             A:00 X:B6 Y:0E P:A4 SP:FF PPU: NOT IMPLEMENTED YET
C038  D0 FA     BNE $C034                       A:00 X:B5 Y:0E P:A4 SP:FF PPU: NOT IMPLEMENTED YET
C034  8D 07 20  STA $2007 = 00                  A:00 X:B5 Y:0E P:A4 SP:FF PPU: NOT IMPLEMENTED YET
C037  CA        DEX                             A:00 X:B5 Y:0E P:A4 SP:FF PPU: NOT IMPLEMENTED YET
C038  D0 FA     BNE $C034                       A:00 X:B4 Y:0E P:A4 SP:FF PPU: NOT IMPLEMENTED YET
C034  8D 07 20  STA $2007 = 00                  A:00 X:B4 Y:0E P:A4 SP:FF PPU: NOT IMPLEMENTED YET
C037  CA        DEX                             A:00 X:B4 Y:0E P:A4 SP:FF PPU: NOT IMPLEMENTED YET
C038  D0 FA     BNE $C034                       A:00 X:B3 Y:0E P:A4 SP:FF PPU: NOT IMPLEMENTED YET
C034  8D 07 20  STA $2007 = 00                  A:00 X:B3 Y:0E P:A4 SP:FF PPU: NOT IMPLEMENTED YET
C037  CA        DEX                             A:00 X:B3 Y:0E P:A4 SP:FF PPU: NOT IMPLEMENTED YET
C038  D0 FA     BNE $C034                       A:00 X:B2 Y:0E P:A4 SP:FF PPU: NOT IMPLEMENTED YET
C034  8D 07 20  STA $2007 = 00                  A:00 X:B2 Y:0E P:A4 SP:FF PPU: NOT IMPLEMENTED YET
C037  CA        DEX                             A:00 X:B2 Y:0E P:A4 SP:FF PPU: NOT IMPLEMENTED YET
C038  D0 FA     BNE $C034                       A:00 X:B1 Y:0E P:A4 SP:FF PPU: NOT IMPLEMENTED YET
C034  8D 07 20  STA $2007 = 00                  A:00 X:B1 Y:0E P:A4 SP:FF PPU: NOT IMPLEMENTED YET
C037  CA        DEX                             A:00 X:B1 Y:0E P:A4 SP:FF PPU: NOT IMPLEMENTED YET
C038  D0 FA     BNE $C034                       A:00 X:B0 Y:0E P:A4 SP:FF PPU: NOT IMPLEMENTED YET
C034  8D 07 20  STA $2007 = 00                  A:00 X:B0 Y:0E P:A4 SP:FF PPU: NOT IMPLEMENTED YET
C037  CA        DEX                             A:00 X:B0 Y:0E P:A4 SP:FF PPU: NOT IMPLEMENTED YET
C038  D0 FA     BNE $C034                       A:00 X:AF Y:0E P:A4 SP:FF PPU: NOT IMPLEMENTED YET
C034  8D 07 20  STA $2007 = 00                  A:00 X:AF Y:0E P:A4 SP:FF PPU: NOT IMPLEMENTED YET
C037  CA        DEX                             A:00 X:AF Y:0E P:A4 SP:FF PPU: NOT IMPLEMENTED YET
C038  D0 FA     BNE $C034                       A:00 X:AE Y:0E P:A4 SP:FF PPU: NOT IMPLEMENTED YET
C034  8D 07 20  STA $2007 = 00                  A:00 X:AE Y:0E P:A4 SP:FF PPU: NOT IMPLEMENTED YET
C037  CA        DEX                             A:00 X:AE Y:0E P:A4 SP:FF PPU: NOT IMPLEMENTED YET
C038  D0 FA     BNE $C034                       A:00 X:AD Y:0E P:A4 SP:FF PPU: NOT IMPLEMENTED YET
C034  8D 07 20  STA $2007 = 00                  A:00 X:AD Y:0E P:A4 SP:FF PPU: NOT IMPLEMENTED YET
C037  CA        DEX                             A:00 X:AD Y:0E P:A4 SP:FF PPU: NOT IMPLEMENTED YET
C038  D0 FA     BNE $C034                       A:00 X:AC Y:0E P:A4 SP:FF PPU: NOT IMPLEMENTED YET
C034  8D 07 20  STA $2007 = 00                  A:00 X:AC Y:0E P:A4 SP:FF PPU: NOT IMPLEMENTED YET
C037  CA        DEX                             A:00 X:AC Y:0E P:A4 SP:FF PPU: NOT IMPLEMENTED YET
C038  D0 FA     BNE $C034                       A:00 X:AB Y:0E P:A4 SP:FF PPU: NOT IMPLEMENTED YET
C034  8D 07 20  STA $2007 = 00                  A:00 X:AB Y:0E P:A4 SP:FF PPU: NOT IMPLEMENTED YET
C037  CA        DEX                             A:00 X:AB Y:0E P:A4 SP:FF PPU: NOT IMPLEMENTED YET
C038  D0 FA     BNE $C034                       A:00 X:AA Y:0E P:A4 SP:FF PPU: NOT IMPLEMENTED YET
C034  8D 07 20  STA $2007 = 00                  A:00 X:AA Y:0E P:A4 SP:FF PPU: NOT IMPLEMENTED YET
C037  CA        DEX                             A:00 X:AA Y:0E P:A4 SP:FF PPU: NOT IMPLEMENTED YET
C038  D0 FA     BNE $C034                       A:00 X:A9 Y:0E P:A4 SP:FF PPU: NOT IMPLEMENTED YET
C034  8D 07 20  STA $2007 = 00                  A:00 X:A9 Y:0E P:A4 SP:FF PPU: NOT IMPLEMENTED YET
C037  CA        DEX                             A:00 X:A9 Y:0E P:A4 SP:FF PPU: NOT IMPLEMENTED YET
C038  D0 FA     BNE $C034                       A:00 X:A8 Y:0E P:A4 SP:FF PPU: NOT IMPLEMENTED YET
C034  8D 07 20  STA $2007 = 00                  A:00 X:A8 Y:0E P:A4 SP:FF PPU: NOT IMPLEMENTED YET
C037  CA        DEX                             A:00 X:A8 Y:0E P:A4 SP:FF PPU: NOT IMPLEMENTED YET
C038  D0 FA     BNE $C034                       A:00 X:A7 Y:0E P:A4 SP:FF PPU: NOT IMPLEMENTED YET
C034  8D 07 20  STA $2007 = 00                  A:00 X:A7 Y:0E P:A4 SP:FF PPU: NOT IMPLEMENTED YET
C037  CA        DEX                             A:00 X:A7 Y:0E P:A4 SP:FF PPU: NOT IMPLEMENTED YET
C038  D0 FA     BNE $C034                       A:00 X:A6 Y:0E P:A4 SP:FF PPU: NOT IMPLEMENTED YET
C034  8D 07 20  STA $2007 = 00                  A:00 X:A6 Y:0E P:A4 SP:FF PPU: NOT IMPLEMENTED YET
C037  CA        DEX                             A:00 X:A6 Y:0E P:A4 SP:FF PPU: NOT IMPLEMENTED YET
C038  D0 FA     BNE $C034                       A:00 X:A5 Y:0E P:A4 SP:FF PPU: NOT IMPLEMENTED YET
C034  8D 07 20  STA $2007 = 00                  A:00 X:A5 Y:0E P:A4 SP:FF PPU: NOT IMPLEMENTED YET
C037  CA        DEX                             A:00 X:A5 Y:0E P:A4 SP:FF PPU: NOT IMPLEMENTED YET
C038  D0 FA     BNE $C034                       A:00 X:A4 Y:0E P:A4 SP:FF PPU: NOT IMPLEMENTED YET
C034  8D 07 20  STA $2007 = 00                  A:00 X:A4 Y:0E P:A4 SP:FF PPU: NOT IMPLEMENTED YET
C037  CA        DEX                             A:00 X:A4 Y:0E P:A4 SP:FF PPU: NOT IMPLEMENTED YET
C038  D0 FA     BNE $C034                       A:00 X:A3 Y:0E P:A4 SP:FF PPU: NOT IMPLEMENTED YET
C034  8D 07 20  STA $2007 = 00                  A:00 X:A3 Y:0E P:A4 SP:FF PPU: NOT IMPLEMENTED YET
C037  CA        DEX                             A:00 X:A3 Y:0E P:A4 SP:FF PPU: NOT IMPLEMENTED YET
C038  D0 FA     BNE $C034                       A:00 X:A2 Y:0E P:A4 SP:FF PPU: NOT IMPLEMENTED YET
C034  8D 07 20  STA $2007 = 00                  A:00 X:A2 Y:0E P:A4 SP:FF PPU: NOT IMPLEMENTED YET
C037  CA        DEX                             A:00 X:A2 Y:0E P:A4 SP:FF PPU: NOT IMPLEMENTED YET
C038  D0 FA     BNE $C034                       A:00 X:A1 Y:0E P:A4 SP:FF PPU: NOT IMPLEMENTED YET
C034  8D 07 20  STA $2007 = 00                  A:00 X:A1 Y:0E P:A4 SP:FF PPU: NOT IMPLEMENTED YET
C037  CA        DEX                             A:00 X:A1 Y:0E P:A4 SP:FF PPU: NOT IMPLEMENTED YET
C038  D0 FA     BNE $C034                       A:00 X:A0 Y:0E P:A4 SP:FF PPU: NOT IMPLEMENTED YET
C034  8D 07 20  STA $2007 = 00                  A:00 X:A0 Y:0E P:A4 SP:FF PPU: NOT IMPLEMENTED YET
C037  CA        DEX                             A:00 X:A0 Y:0E P:A4 SP:FF PPU: NOT IMPLEMENTED YET
C038  D0 FA     BNE $C034                       A:00 X:9F Y:0E P:A4 SP:FF PPU: NOT IMPLEMENTED YET
C034  8D 07 20  STA $2007 = 00                  A:00 X:9F Y:0E P:A4 SP:FF PPU: NOT IMPLEMENTED YET
C037  CA        DEX                             A:00 X:9F Y:0E P:A4 SP:FF PPU: NOT IMPLEMENTED YET
C038  D0 FA     BNE $C034                       A:00 X:9E Y:0E P:A4 SP:FF PPU: NOT IMPLEMENTED YET
C034  8D 07 20  STA $2007 = 00                  A:00 X:9E Y:0E P:A4 SP:FF PPU: NOT IMPLEMENTED YET
C037  CA        DEX                             A:00 X:9E Y:0E P:A4 SP:FF PPU: NOT IMPLEMENTED YET
C038  D0 FA     BNE $C034                       A:00 X:9D Y:0E P:A4 SP:FF PPU: NOT IMPLEMENTED YET
C034  8D 07 20  STA $2007 = 00                  A:00 X:9D Y:0E P:A4 SP:FF PPU: NOT IMPLEMENTED YET
C037  CA        DEX                             A:00 X:9D Y:0E P:A4 SP:FF PPU: NOT IMPLEMENTED YET
C038  D0 FA     BNE $C034                       A:00 X:9C Y:0E P:A4 SP:FF PPU: NOT IMPLEMENTED YET
C034  8D 07 20  STA $2007 = 00                  A:00 X:9C Y:0E P:A4 SP:FF PPU: NOT IMPLEMENTED YET
C037  CA        DEX                             A:00 X:9C Y:0E P:A4 SP:FF PPU: NOT IMPLEMENTED YET
C038  D0 FA     BNE $C034                       A:00 X:9B Y:0E P:A4 SP:FF PPU: NOT IMPLEMENTED YET
C034  8D 07 20  STA $2007 = 00                  A:00 X:9B Y:0E P:A4 SP:FF PPU: NOT IMPLEMENTED YET
C037  CA        DEX                             A:00 X:9B Y:0E P:A4 SP:FF PPU: NOT IMPLEMENTED YET
C038  D0 FA     BNE $C034                       A:00 X:9A Y:0E P:A4 SP:FF PPU: NOT IMPLEMENTED YET
C034  8D 07 20  STA $2007 = 00                  A:00 X:9A Y:0E P:A4 SP:FF PPU: NOT IMPLEMENTED YET
C037  CA        DEX                             A:00 X:9A Y:0E P:A4 SP:FF PPU: NOT IMPLEMENTED YET
C038  D0 FA     BNE $C034                       A:00 X:99 Y:0E P:A4 SP:FF PPU: NOT IMPLEMENTED YET
C034  8D 07 20  STA $2007 = 00                  A:00 X:99 Y:0E P:A4 SP:FF PPU: NOT IMPLEMENTED YET
C037  CA        DEX                             A:00 X:99 Y:0E P:A4 SP:FF PPU: NOT IMPLEMENTED YET
C038  D0 FA     BNE $C034                       A:00 X:98 Y:0E P:A4 SP:FF PPU: NOT IMPLEMENTED YET
C034  8D 07 20  STA $2007 = 00                  A:00 X:98 Y:0E P:A4 SP:FF PPU: NOT IMPLEMENTED YET
C037  CA        DEX                             A:00 X:98 Y:0E P:A4 SP:FF PPU: NOT IMPLEMENTED YET
C038  D0 FA     BNE $C034                       A:00 X:97 Y:0E P:A4 SP:FF PPU: NOT IMPLEMENTED YET
C034  8D 07 20  STA $2007 = 00                  A:00 X:97 Y:0E P:A4 SP:FF PPU: NOT IMPLEMENTED YET
C037  CA        DEX                             A:00 X:97 Y:0E P:A4 SP:FF PPU: NOT IMPLEMENTED YET
C038  D0 FA     BNE $C034                       A:00 X:96 Y:0E P:A4 SP:FF PPU: NOT IMPLEMENTED YET
C034  8D 07 20  STA $2007 = 00                  A:00 X:96 Y:0E P:A4 SP:FF PPU: NOT IMPLEMENTED YET
C037  CA        DEX                             A:00 X:96 Y:0E P:A4 SP:FF PPU: NOT IMPLEMENTED YET
C038  D0 FA     BNE $C034                       A:00 X:95 Y:0E P:A4 SP:FF PPU: NOT IMPLEMENTED YET
C034  8D 07 20  STA $2007 = 00                  A:00 X:95 Y:0E P:A4 SP:FF PPU: NOT IMPLEMENTED YET
C037  CA        DEX                             A:00 X:95 Y:0E P:A4 SP:FF PPU: NOT IMPLEMENTED YET
C038  D0 FA     BNE $C034                       A:00 X:94 Y:0E P:A4 SP:FF PPU: NOT IMPLEMENTED YET
C034  8D 07 20  STA $2007 = 00                  A:00 X:94 Y:0E P:A4 SP:FF PPU: NOT IMPLEMENTED YET
C037  CA        DEX                             A:00 X:94 Y:0E P:A4 SP:FF PPU: NOT IMPLEMENTED YET
C038  D0 FA     BNE $C034                       A:00 X:93 Y:0E P:A4 SP:FF PPU: NOT IMPLEMENTED YET
C034  8D 07 20  STA $2007 = 00                  A:00 X:93 Y:0E P:A4 SP:FF PPU: NOT IMPLEMENTED YET
C037  CA        DEX                             A:00 X:93 Y:0E P:A4 SP:FF PPU: NOT IMPLEMENTED YET
C038  D0 FA     BNE $C034                       A:00 X:92 Y:0E P:A4 SP:FF PPU: NOT IMPLEMENTED YET
C034  8D 07 20  STA $2007 = 00                  A:00 X:92 Y:0E P:A4 SP:FF PPU: NOT IMPLEMENTED YET
C037  CA        DEX                             A:00 X:92 Y:0E P:A4 SP:FF PPU: NOT IMPLEMENTED YET
C038  D0 FA     BNE $C034                       A:00 X:91 Y:0E P:A4 SP:FF PPU: NOT IMPLEMENTED YET
C034  8D 07 20  STA $2007 = 00                  A:00 X:91 Y:0E P:A4 SP:FF PPU: NOT IMPLEMENTED YET
C037  CA        DEX                             A:00 X:91 Y:0E P:A4 SP:FF PPU: NOT IMPLEMENTED YET
C038  D0 FA     BNE $C034                       A:00 X:90 Y:0E P:A4 SP:FF PPU: NOT IMPLEMENTED YET
C034  8D 07 20  STA $2007 = 00                  A:00 X:90 Y:0E P:A4 SP:FF PPU: NOT IMPLEMENTED YET
C037  CA        DEX                             A:00 X:90 Y:0E P:A4 SP:FF PPU: NOT IMPLEMENTED YET
C038  D0 FA     BNE $C034                       A:00 X:8F Y:0E P:A4 SP:FF PPU: NOT IMPLEMENTED YET
C034  8D 07 20  STA $2007 = 00                  A:00 X:8F Y:0E P:A4 SP:FF PPU: NOT IMPLEMENTED YET
C037  CA        DEX                             A:00 X:8F Y:0E P:A4 SP:FF PPU: NOT IMPLEMENTED YET
C038  D0 FA     BNE $C034                       A:00 X:8E Y:0E P:A4 SP:FF PPU: NOT IMPLEMENTED YET
C034  8D 07 20  STA $2007 = 00                  A:00 X:8E Y:0E P:A4 SP:FF PPU: NOT IMPLEMENTED YET
C037  CA        DEX                             A:00 X:8E Y:0E P:A4 SP:FF PPU: NOT IMPLEMENTED YET
C038  D0 FA     BNE $C034                       A:00 X:8D Y:0E P:A4 SP:FF PPU: NOT IMPLEMENTED YET
C034  8D 07 20  STA $2007 = 00                  A:00 X:8D Y:0E P:A4 SP:FF PPU: NOT IMPLEMENTED YET
C037  CA        DEX                             A:00 X:8D Y:0E P:A4 SP:FF PPU: NOT IMPLEMENTED YET
C038  D0 FA     BNE $C034                       A:00 X:8C Y:0E P:A4 SP:FF PPU: NOT IMPLEMENTED YET
C034  8D 07 20  STA $2007 = 00                  A:00 X:8C Y:0E P:A4 SP:FF PPU: NOT IMPLEMENTED YET
C037  CA        DEX                             A:00 X:8C Y:0E P:A4 SP:FF PPU: NOT IMPLEMENTED YET
C038  D0 FA     BNE $C034                       A:00 X:8B Y:0E P:A4 SP:FF PPU: NOT IMPLEMENTED YET
C034  8D 07 20  STA $2007 = 00                  A:00 X:8B Y:0E P:A4 SP:FF PPU: NOT IMPLEMENTED YET
C037  CA        DEX                             A:00 X:8B Y:0E P:A4 SP:FF PPU: NOT IMPLEMENTED YET
C038  D0 FA     BNE $C034                       A:00 X:8A Y:0E P:A4 SP:FF PPU: NOT IMPLEMENTED YET
C034  8D 07 20  STA $2007 = 00                  A:00 X:8A Y:0E P:A4 SP:FF PPU: NOT IMPLEMENTED YET
C037  CA        DEX                             A:00 X:8A Y:0E P:A4 SP:FF PPU: NOT IMPLEMENTED YET
C038  D0 FA     BNE $C034                       A:00 X:89 Y:0E P:A4 SP:FF PPU: NOT IMPLEMENTED YET
C034  8D 07 20  STA $2007 = 00                  A:00 X:89 Y:0E P:A4 SP:FF PPU: NOT IMPLEMENTED YET
C037  CA        DEX                             A:00 X:89 Y:0E P:A4 SP:FF PPU: NOT IMPLEMENTED YET
C038  D0 FA     BNE $C034                       A:00 X:88 Y:0E P:A4 SP:FF PPU: NOT IMPLEMENTED YET
C034  8D 07 20  STA $2007 = 00                  A:00 X:88 Y:0E P:A4 SP:FF PPU: NOT IMPLEMENTED YET
C037  CA        DEX                             A:00 X:88 Y:0E P:A4 SP:FF PPU: NOT IMPLEMENTED YET
C038  D0 FA     BNE $C034                       A:00 X:87 Y:0E P:A4 SP:FF PPU: NOT IMPLEMENTED YET
C034  8D 07 20  STA $2007 = 00                  A:00 X:87 Y:0E P:A4 SP:FF PPU: NOT IMPLEMENTED YET
C037  CA        DEX                             A:00 X:87 Y:0E P:A4 SP:FF PPU: NOT IMPLEMENTED YET
C038  D0 FA     BNE $C034                       A:00 X:86 Y:0E P:A4 SP:FF PPU: NOT IMPLEMENTED YET
C034  8D 07 20  STA $2007 = 00                  A:00 X:86 Y:0E P:A4 SP:FF PPU: NOT IMPLEMENTED YET
C037  CA        DEX                             A:00 X:86 Y:0E P:A4 SP:FF PPU: NOT IMPLEMENTED YET
C038  D0 FA     BNE $C034                       A:00 X:85 Y:0E P:A4 SP:FF PPU: NOT IMPLEMENTED YET
C034  8D 07 20  STA $2007 = 00                  A:00 X:85 Y:0E P:A4 SP:FF PPU: NOT IMPLEMENTED YET
C037  CA        DEX                             A:00 X:85 Y:0E P:A4 SP:FF PPU: NOT IMPLEMENTED YET
C038  D0 FA     BNE $C034                       A:00 X:84 Y:0E P:A4 SP:FF PPU: NOT IMPLEMENTED YET
C034  8D 07 20  STA $2007 = 00                  A:00 X:84 Y:0E P:A4 SP:FF PPU: NOT IMPLEMENTED YET
C037  CA        DEX                             A:00 X:84 Y:0E P:A4 SP:FF PPU: NOT IMPLEMENTED YET
C038  D0 FA     BNE $C034                       A:00 X:83 Y:0E P:A4 SP:FF PPU: NOT IMPLEMENTED YET
C034  8D 07 20  STA $2007 = 00                  A:00 X:83 Y:0E P:A4 SP:FF PPU: NOT IMPLEMENTED YET
C037  CA        DEX                             A:00 X:83 Y:0E P:A4 SP:FF PPU: NOT IMPLEMENTED YET
C038  D0 FA     BNE $C034                       A:00 X:82 Y:0E P:A4 SP:FF PPU: NOT IMPLEMENTED YET
C034  8D 07 20  STA $2007 = 00                  A:00 X:82 Y:0E P:A4 SP:FF PPU: NOT IMPLEMENTED YET
C037  CA        DEX                             A:00 X:82 Y:0E P:A4 SP:FF PPU: NOT IMPLEMENTED YET
C038  D0 FA     BNE $C034                       A:00 X:81 Y:0E P:A4 SP:FF PPU: NOT IMPLEMENTED YET
C034  8D 07 20  STA $2007 = 00                  A:00 X:81 Y:0E P:A4 SP:FF PPU: NOT IMPLEMENTED YET
C037  CA        DEX                             A:00 X:81 Y:0E P:A4 SP:FF PPU: NOT IMPLEMENTED YET
C038  D0 FA     BNE $C034                       A:00 X:80 Y:0E P:A4 SP:FF PPU: NOT IMPLEMENTED YET
C034  8D 07 20  STA $2007 = 00                  A:00 X:80 Y:0E P:A4 SP:FF PPU: NOT IMPLEMENTED YET
C037  CA        DEX                             A:00 X:80 Y:0E P:A4 SP:FF PPU: NOT IMPLEMENTED YET
C038  D0 FA     BNE $C034                       A:00 X:7F Y:0E P:24 SP:FF PPU: NOT IMPLEMENTED YET
C034  8D 07 20  STA $2007 = 00                  A:00 X:7F Y:0E P:24 SP:FF PPU: NOT IMPLEMENTED YET
C037  CA        DEX                             A:00 X:7F Y:0E P:24 SP:FF PPU: NOT IMPLEMENTED YET
C038  D0 FA     BNE $C034                       A:00 X:7E Y:0E P:24 SP:FF PPU: NOT IMPLEMENTED YET
C034  8D 07 20  STA $2007 = 00                  A:00 X:7E Y:0E P:24 SP:FF PPU: NOT IMPLEMENTED YET
C037  CA        DEX                             A:00 X:7E Y:0E P:24 SP:FF PPU: NOT IMPLEMENTED YET
C038  D0 FA     BNE $C034                       A:00 X:7D Y:0E P:24 SP:FF PPU: NOT IMPLEMENTED YET
C034  8D 07 20  STA $2007 = 00                  A:00 X:7D Y:0E P:24 SP:FF PPU: NOT IMPLEMENTED YET
C037  CA        DEX                             A:00 X:7D Y:0E P:24 SP:FF PPU: NOT IMPLEMENTED YET
C038  D0 FA     BNE $C034                       A:00 X:7C Y:0E P:24 SP:FF PPU: NOT IMPLEMENTED YET
C034  8D 07 20  STA $2007 = 00                  A:00 X:7C Y:0E P:24 SP:FF PPU: NOT IMPLEMENTED YET
C037  CA        DEX                             A:00 X:7C Y:0E P:24 SP:FF PPU: NOT IMPLEMENTED YET
C038  D0 FA     BNE $C034                       A:00 X:7B Y:0E P:24 SP:FF PPU: NOT IMPLEMENTED YET
C034  8D 07 20  STA $2007 = 00                  A:00 X:7B Y:0E P:24 SP:FF PPU: NOT IMPLEMENTED YET
C037  CA        DEX                             A:00 X:7B Y:0E P:24 SP:FF PPU: NOT IMPLEMENTED YET
C038  D0 FA     BNE $C034                       A:00 X:7A Y:0E P:24 SP:FF PPU: NOT IMPLEMENTED YET
C034  8D 07 20  STA $2007 = 00                  A:00 X:7A Y:0E P:24 SP:FF PPU: NOT IMPLEMENTED YET
C037  CA        DEX                             A:00 X:7A Y:0E P:24 SP:FF PPU: NOT IMPLEMENTED YET
C038  D0 FA     BNE $C034                       A:00 X:79 Y:0E P:24 SP:FF PPU: NOT IMPLEMENTED YET
C034  8D 07 20  STA $2007 = 00                  A:00 X:79 Y:0E P:24 SP:FF PPU: NOT IMPLEMENTED YET
C037  CA        DEX                             A:00 X:79 Y:0E P:24 SP:FF PPU: NOT IMPLEMENTED YET
C038  D0 FA     BNE $C034                       A:00 X:78 Y:0E P:24 SP:FF PPU: NOT IMPLEMENTED YET
C034  8D 07 20  STA $2007 = 00                  A:00 X:78 Y:0E P:24 SP:FF PPU: NOT IMPLEMENTED YET
C037  CA        DEX                             A:00 X:78 Y:0E P:24 SP:FF PPU: NOT IMPLEMENTED YET
C038  D0 FA     BNE $C034                       A:00 X:77 Y:0E P:24 SP:FF PPU: NOT IMPLEMENTED YET
C034  8D 07 20  STA $2007 = 00                  A:00 X:77 Y:0E P:24 SP:FF PPU: NOT IMPLEMENTED YET
C037  CA        DEX                             A:00 X:77 Y:0E P:24 SP:FF PPU: NOT IMPLEMENTED YET
C038  D0 FA     BNE $C034                       A:00 X:76 Y:0E P:24 SP:FF PPU: NOT IMPLEMENTED YET
C034  8D 07 20  STA $2007 = 00                  A:00 X:76 Y:0E P:24 SP:FF PPU: NOT IMPLEMENTED YET
C037  CA        DEX                             A:00 X:76 Y:0E P:24 SP:FF PPU: NOT IMPLEMENTED YET
C038  D0 FA     BNE $C034                       A:00 X:75 Y:0E P:24 SP:FF PPU: NOT IMPLEMENTED YET
C034  8D 07 20  STA $2007 = 00                  A:00 X:75 Y:0E P:24 SP:FF PPU: NOT IMPLEMENTED YET
C037  CA        DEX                             A:00 X:75 Y:0E P:24 SP:FF PPU: NOT IMPLEMENTED YET
C038  D0 FA     BNE $C034                       A:00 X:74 Y:0E P:24 SP:FF PPU: NOT IMPLEMENTED YET
C034  8D 07 20  STA $2007 = 00                  A:00 X:74 Y:0E P:24 SP:FF PPU: NOT IMPLEMENTED YET
C037  CA        DEX                             A:00 X:74 Y:0E P:24 SP:FF PPU: NOT IMPLEMENTED YET
C038  D0 FA     BNE $C034                       A:00 X:73 Y:0E P:24 SP:FF PPU: NOT IMPLEMENTED YET
C034  8D 07 20  STA $2007 = 00                  A:00 X:73 Y:0E P:24 SP:FF PPU: NOT IMPLEMENTED YET
C037  CA        DEX                             A:00 X:73 Y:0E P:24 SP:FF PPU: NOT IMPLEMENTED YET
C038  D0 FA     BNE $C034                       A:00 X:72 Y:0E P:24 SP:FF PPU: NOT IMPLEMENTED YET
C034  8D 07 20  STA $2007 = 00                  A:00 X:72 Y:0E P:24 SP:FF PPU: NOT IMPLEMENTED YET
C037  CA        DEX                             A:00 X:72 Y:0E P:24 SP:FF PPU: NOT IMPLEMENTED YET
C038  D0 FA     BNE $C034                       A:00 X:71 Y:0E P:24 SP:FF PPU: NOT IMPLEMENTED YET
C034  8D 07 20  STA $2007 = 00                  A:00 X:71 Y:0E P:24 SP:FF PPU: NOT IMPLEMENTED YET
C037  CA        DEX                             A:00 X:71 Y:0E P:24 SP:FF PPU: NOT IMPLEMENTED YET
C038  D0 FA     BNE $C034                       A:00 X:70 Y:0E P:24 SP:FF PPU: NOT IMPLEMENTED YET
C034  8D 07 20  STA $2007 = 00                  A:00 X:70 Y:0E P:24 SP:FF PPU: NOT IMPLEMENTED YET
C037  CA        DEX                             A:00 X:70 Y:0E P:24 SP:FF PPU: NOT IMPLEMENTED YET
C038  D0 FA     BNE $C034                       A:00 X:6F Y:0E P:24 SP:FF PPU: NOT IMPLEMENTED YET
C034  8D 07 20  STA $2007 = 00                  A:00 X:6F Y:0E P:24 SP:FF PPU: NOT IMPLEMENTED YET
C037  CA        DEX                             A:00 X:6F Y:0E P:24 SP:FF PPU: NOT IMPLEMENTED YET
C038  D0 FA     BNE $C034                       A:00 X:6E Y:0E P:24 SP:FF PPU: NOT IMPLEMENTED YET
C034  8D 07 20  STA $2007 = 00                  A:00 X:6E Y:0E P:24 SP:FF PPU: NOT IMPLEMENTED YET
C037  CA        DEX                             A:00 X:6E Y:0E P:24 SP:FF PPU: NOT IMPLEMENTED YET
C038  D0 FA     BNE $C034                       A:00 X:6D Y:0E P:24 SP:FF PPU: NOT IMPLEMENTED YET
C034  8D 07 20  STA $2007 = 00                  A:00 X:6D Y:0E P:24 SP:FF PPU: NOT IMPLEMENTED YET
C037  CA        DEX                             A:00 X:6D Y:0E P:24 SP:FF PPU: NOT IMPLEMENTED YET
C038  D0 FA     BNE $C034                       A:00 X:6C Y:0E P:24 SP:FF PPU: NOT IMPLEMENTED YET
C034  8D 07 20  STA $2007 = 00                  A:00 X:6C Y:0E P:24 SP:FF PPU: NOT IMPLEMENTED YET
C037  CA        DEX                             A:00 X:6C Y:0E P:24 SP:FF PPU: NOT IMPLEMENTED YET
C038  D0 FA     BNE $C034                       A:00 X:6B Y:0E P:24 SP:FF PPU: NOT IMPLEMENTED YET
C034  8D 07 20  STA $2007 = 00                  A:00 X:6B Y:0E P:24 SP:FF PPU: NOT IMPLEMENTED YET
C037  CA        DEX                             A:00 X:6B Y:0E P:24 SP:FF PPU: NOT IMPLEMENTED YET
C038  D0 FA     BNE $C034                       A:00 X:6A Y:0E P:24 SP:FF PPU: NOT IMPLEMENTED YET
C034  8D 07 20  STA $2007 = 00                  A:00 X:6A Y:0E P:24 SP:FF PPU: NOT IMPLEMENTED YET
C037  CA        DEX                             A:00 X:6A Y:0E P:24 SP:FF PPU: NOT IMPLEMENTED YET
C038  D0 FA     BNE $C034                       A:00 X:69 Y:0E P:24 SP:FF PPU: NOT IMPLEMENTED YET
C034  8D 07 20  STA $2007 = 00                  A:00 X:69 Y:0E P:24 SP:FF PPU: NOT IMPLEMENTED YET
C037  CA        DEX                             A:00 X:69 Y:0E P:24 SP:FF PPU: NOT IMPLEMENTED YET
C038  D0 FA     BNE $C034                       A:00 X:68 Y:0E P:24 SP:FF PPU: NOT IMPLEMENTED YET
C034  8D 07 20  STA $2007 = 00                  A:00 X:68 Y:0E P:24 SP:FF PPU: NOT IMPLEMENTED YET
C037  CA        DEX                             A:00 X:68 Y:0E P:24 SP:FF PPU: NOT IMPLEMENTED YET
C038  D0 FA     BNE $C034                       A:00 X:67 Y:0E P:24 SP:FF PPU: NOT IMPLEMENTED YET
C034  8D 07 20  STA $2007 = 00                  A:00 X:67 Y:0E P:24 SP:FF PPU: NOT IMPLEMENTED YET
C037  CA        DEX                             A:00 X:67 Y:0E P:24 SP:FF PPU: NOT IMPLEMENTED YET
C038  D0 FA     BNE $C034                       A:00 X:66 Y:0E P:24 SP:FF PPU: NOT IMPLEMENTED YET
C034  8D 07 20  STA $2007 = 00                  A:00 X:66 Y:0E P:24 SP:FF PPU: NOT IMPLEMENTED YET
C037  CA        DEX                             A:00 X:66 Y:0E P:24 SP:FF PPU: NOT IMPLEMENTED YET
C038  D0 FA     BNE $C034                       A:00 X:65 Y:0E P:24 SP:FF PPU: NOT IMPLEMENTED YET
C034  8D 07 20  STA $2007 = 00                  A:00 X:65 Y:0E P:24 SP:FF PPU: NOT IMPLEMENTED YET
C037  CA        DEX                             A:00 X:65 Y:0E P:24 SP:FF PPU: NOT IMPLEMENTED YET
C038  D0 FA     BNE $C034                       A:00 X:64 Y:0E P:24 SP:FF PPU: NOT IMPLEMENTED YET
C034  8D 07 20  STA $2007 = 00                  A:00 X:64 Y:0E P:24 SP:FF PPU: NOT IMPLEMENTED YET
C037  CA        DEX                             A:00 X:64 Y:0E P:24 SP:FF PPU: NOT IMPLEMENTED YET
C038  D0 FA     BNE $C034                       A:00 X:63 Y:0E P:24 SP:FF PPU: NOT IMPLEMENTED YET
C034  8D 07 20  STA $2007 = 00                  A:00 X:63 Y:0E P:24 SP:FF PPU: NOT IMPLEMENTED YET
C037  CA        DEX                             A:00 X:63 Y:0E P:24 SP:FF PPU: NOT IMPLEMENTED YET
C038  D0 FA     BNE $C034                       A:00 X:62 Y:0E P:24 SP:FF PPU: NOT IMPLEMENTED YET
C034  8D 07 20  STA $2007 = 00                  A:00 X:62 Y:0E P:24 SP:FF PPU: NOT IMPLEMENTED YET
C037  CA        DEX                             A:00 X:62 Y:0E P:24 SP:FF PPU: NOT IMPLEMENTED YET
C038  D0 FA     BNE $C034                       A:00 X:61 Y:0E P:24 SP:FF PPU: NOT IMPLEMENTED YET
C034  8D 07 20  STA $2007 = 00                  A:00 X:61 Y:0E P:24 SP:FF PPU: NOT IMPLEMENTED YET
C037  CA        DEX                             A:00 X:61 Y:0E P:24 SP:FF PPU: NOT IMPLEMENTED YET
C038  D0 FA     BNE $C034                       A:00 X:60 Y:0E P:24 SP:FF PPU: NOT IMPLEMENTED YET
C034  8D 07 20  STA $2007 = 00                  A:00 X:60 Y:0E P:24 SP:FF PPU: NOT IMPLEMENTED YET
C037  CA        DEX                             A:00 X:60 Y:0E P:24 SP:FF PPU: NOT IMPLEMENTED YET
C038  D0 FA     BNE $C034                       A:00 X:5F Y:0E P:24 SP:FF PPU: NOT IMPLEMENTED YET
C034  8D 07 20  STA $2007 = 00                  A:00 X:5F Y:0E P:24 SP:FF PPU: NOT IMPLEMENTED YET
C037  CA        DEX                             A:00 X:5F Y:0E P:24 SP:FF PPU: NOT IMPLEMENTED YET
C038  D0 FA     BNE $C034                       A:00 X:5E Y:0E P:24 SP:FF PPU: NOT IMPLEMENTED YET
C034  8D 07 20  STA $2007 = 00                  A:00 X:5E Y:0E P:24 SP:FF PPU: NOT IMPLEMENTED YET
C037  CA        DEX                             A:00 X:5E Y:0E P:24 SP:FF PPU: NOT IMPLEMENTED YET
C038  D0 FA     BNE $C034                       A:00 X:5D Y:0E P:24 SP:FF PPU: NOT IMPLEMENTED YET
C034  8D 07 20  STA $2007 = 00                  A:00 X:5D Y:0E P:24 SP:FF PPU: NOT IMPLEMENTED YET
C037  CA        DEX                             A:00 X:5D Y:0E P:24 SP:FF PPU: NOT IMPLEMENTED YET
C038  D0 FA     BNE $C034                       A:00 X:5C Y:0E P:24 SP:FF PPU: NOT IMPLEMENTED YET
C034  8D 07 20  STA $2007 = 00                  A:00 X:5C Y:0E P:24 SP:FF PPU: NOT IMPLEMENTED YET
C037  CA        DEX                             A:00 X:5C Y:0E P:24 SP:FF PPU: NOT IMPLEMENTED YET
C038  D0 FA     BNE $C034                       A:00 X:5B Y:0E P:24 SP:FF PPU: NOT IMPLEMENTED YET
C034  8D 07 20  STA $2007 = 00                  A:00 X:5B Y:0E P:24 SP:FF PPU: NOT IMPLEMENTED YET
C037  CA        DEX                             A:00 X:5B Y:0E P:24 SP:FF PPU: NOT IMPLEMENTED YET
C038  D0 FA     BNE $C034                       A:00 X:5A Y:0E P:24 SP:FF PPU: NOT IMPLEMENTED YET
C034  8D 07 20  STA $2007 = 00                  A:00 X:5A Y:0E P:24 SP:FF PPU: NOT IMPLEMENTED YET
C037  CA        DEX                             A:00 X:5A Y:0E P:24 SP:FF PPU: NOT IMPLEMENTED YET
C038  D0 FA     BNE $C034                       A:00 X:59 Y:0E P:24 SP:FF PPU: NOT IMPLEMENTED YET
C034  8D 07 20  STA $2007 = 00                  A:00 X:59 Y:0E P:24 SP:FF PPU: NOT IMPLEMENTED YET
C037  CA        DEX                             A:00 X:59 Y:0E P:24 SP:FF PPU: NOT IMPLEMENTED YET
C038  D0 FA     BNE $C034                       A:00 X:58 Y:0E P:24 SP:FF PPU: NOT IMPLEMENTED YET
C034  8D 07 20  STA $2007 = 00                  A:00 X:58 Y:0E P:24 SP:FF PPU: NOT IMPLEMENTED YET
C037  CA        DEX                             A:00 X:58 Y:0E P:24 SP:FF PPU: NOT IMPLEMENTED YET
C038  D0 FA     BNE $C034                       A:00 X:57 Y:0E P:24 SP:FF PPU: NOT IMPLEMENTED YET
C034  8D 07 20  STA $2007 = 00                  A:00 X:57 Y:0E P:24 SP:FF PPU: NOT IMPLEMENTED YET
C037  CA        DEX                             A:00 X:57 Y:0E P:24 SP:FF PPU: NOT IMPLEMENTED YET
C038  D0 FA     BNE $C034                       A:00 X:56 Y:0E P:24 SP:FF PPU: NOT IMPLEMENTED YET
C034  8D 07 20  STA $2007 = 00                  A:00 X:56 Y:0E P:24 SP:FF PPU: NOT IMPLEMENTED YET
C037  CA        DEX                             A:00 X:56 Y:0E P:24 SP:FF PPU: NOT IMPLEMENTED YET
C038  D0 FA     BNE $C034                       A:00 X:55 Y:0E P:24 SP:FF PPU: NOT IMPLEMENTED YET
C034  8D 07 20  STA $2007 = 00                  A:00 X:55 Y:0E P:24 SP:FF PPU: NOT IMPLEMENTED YET
C037  CA        DEX                             A:00 X:55 Y:0E P:24 SP:FF PPU: NOT IMPLEMENTED YET
C038  D0 FA     BNE $C034                       A:00 X:54 Y:0E P:24 SP:FF PPU: NOT IMPLEMENTED YET
C034  8D 07 20  STA $2007 = 00                  A:00 X:54 Y:0E P:24 SP:FF PPU: NOT IMPLEMENTED YET
C037  CA        DEX                             A:00 X:54 Y:0E P:24 SP:FF PPU: NOT IMPLEMENTED YET
C038  D0 FA     BNE $C034                       A:00 X:53 Y:0E P:24 SP:FF PPU: NOT IMPLEMENTED YET
C034  8D 07 20  STA $2007 = 00                  A:00 X:53 Y:0E P:24 SP:FF PPU: NOT IMPLEMENTED YET
C037  CA        DEX                             A:00 X:53 Y:0E P:24 SP:FF PPU: NOT IMPLEMENTED YET
C038  D0 FA     BNE $C034                       A:00 X:52 Y:0E P:24 SP:FF PPU: NOT IMPLEMENTED YET
C034  8D 07 20  STA $2007 = 00                  A:00 X:52 Y:0E P:24 SP:FF PPU: NOT IMPLEMENTED YET
C037  CA        DEX                             A:00 X:52 Y:0E P:24 SP:FF PPU: NOT IMPLEMENTED YET
C038  D0 FA     BNE $C034                       A:00 X:51 Y:0E P:24 SP:FF PPU: NOT IMPLEMENTED YET
C034  8D 07 20  STA $2007 = 00                  A:00 X:51 Y:0E P:24 SP:FF PPU: NOT IMPLEMENTED YET
C037  CA        DEX                             A:00 X:51 Y:0E P:24 SP:FF PPU: NOT IMPLEMENTED YET
C038  D0 FA     BNE $C034                       A:00 X:50 Y:0E P:24 SP:FF PPU: NOT IMPLEMENTED YET
C034  8D 07 20  STA $2007 = 00                  A:00 X:50 Y:0E P:24 SP:FF PPU: NOT IMPLEMENTED YET
C037  CA        DEX                             A:00 X:50 Y:0E P:24 SP:FF PPU: NOT IMPLEMENTED YET
C038  D0 FA     BNE $C034                       A:00 X:4F Y:0E P:24 SP:FF PPU: NOT IMPLEMENTED YET
C034  8D 07 20  STA $2007 = 00                  A:00 X:4F Y:0E P:24 SP:FF PPU: NOT IMPLEMENTED YET
C037  CA        DEX                             A:00 X:4F Y:0E P:24 SP:FF PPU: NOT IMPLEMENTED YET
C038  D0 FA     BNE $C034                       A:00 X:4E Y:0E P:24 SP:FF PPU: NOT IMPLEMENTED YET
C034  8D 07 20  STA $2007 = 00                  A:00 X:4E Y:0E P:24 SP:FF PPU: NOT IMPLEMENTED YET
C037  CA        DEX                             A:00 X:4E Y:0E P:24 SP:FF PPU: NOT IMPLEMENTED YET
C038  D0 FA     BNE $C034                       A:00 X:4D Y:0E P:24 SP:FF PPU: NOT IMPLEMENTED YET
C034  8D 07 20  STA $2007 = 00                  A:00 X:4D Y:0E P:24 SP:FF PPU: NOT IMPLEMENTED YET
C037  CA        DEX                             A:00 X:4D Y:0E P:24 SP:FF PPU: NOT IMPLEMENTED YET
C038  D0 FA     BNE $C034                       A:00 X:4C Y:0E P:24 SP:FF PPU: NOT IMPLEMENTED YET
C034  8D 07 20  STA $2007 = 00                  A:00 X:4C Y:0E P:24 SP:FF PPU: NOT IMPLEMENTED YET
C037  CA        DEX                             A:00 X:4C Y:0E P:24 SP:FF PPU: NOT IMPLEMENTED YET
C038  D0 FA     BNE $C034                       A:00 X:4B Y:0E P:24 SP:FF PPU: NOT IMPLEMENTED YET
C034  8D 07 20  STA $2007 = 00                  A:00 X:4B Y:0E P:24 SP:FF PPU: NOT IMPLEMENTED YET
C037  CA        DEX                             A:00 X:4B Y:0E P:24 SP:FF PPU: NOT IMPLEMENTED YET
C038  D0 FA     BNE $C034                       A:00 X:4A Y:0E P:24 SP:FF PPU: NOT IMPLEMENTED YET
C034  8D 07 20  STA $2007 = 00                  A:00 X:4A Y:0E P:24 SP:FF PPU: NOT IMPLEMENTED YET
C037  CA        DEX                             A:00 X:4A Y:0E P:24 SP:FF PPU: NOT IMPLEMENTED YET
C038  D0 FA     BNE $C034                       A:00 X:49 Y:0E P:24 SP:FF PPU: NOT IMPLEMENTED YET
C034  8D 07 20  STA $2007 = 00                  A:00 X:49 Y:0E P:24 SP:FF PPU: NOT IMPLEMENTED YET
C037  CA        DEX                             A:00 X:49 Y:0E P:24 SP:FF PPU: NOT IMPLEMENTED YET
C038  D0 FA     BNE $C034                       A:00 X:48 Y:0E P:24 SP:FF PPU: NOT IMPLEMENTED YET
C034  8D 07 20  STA $2007 = 00                  A:00 X:48 Y:0E P:24 SP:FF PPU: NOT IMPLEMENTED YET
C037  CA        DEX                             A:00 X:48 Y:0E P:24 SP:FF PPU: NOT IMPLEMENTED YET
C038  D0 FA     BNE $C034                       A:00 X:47 Y:0E P:24 SP:FF PPU: NOT IMPLEMENTED YET
C034  8D 07 20  STA $2007 = 00                  A:00 X:47 Y:0E P:24 SP:FF PPU: NOT IMPLEMENTED YET
C037  CA        DEX                             A:00 X:47 Y:0E P:24 SP:FF PPU: NOT IMPLEMENTED YET
C038  D0 FA     BNE $C034                       A:00 X:46 Y:0E P:24 SP:FF PPU: NOT IMPLEMENTED YET
C034  8D 07 20  STA $2007 = 00                  A:00 X:46 Y:0E P:24 SP:FF PPU: NOT IMPLEMENTED YET
C037  CA        DEX                             A:00 X:46 Y:0E P:24 SP:FF PPU: NOT IMPLEMENTED YET
C038  D0 FA     BNE $C034                       A:00 X:45 Y:0E P:24 SP:FF PPU: NOT IMPLEMENTED YET
C034  8D 07 20  STA $2007 = 00                  A:00 X:45 Y:0E P:24 SP:FF PPU: NOT IMPLEMENTED YET
C037  CA        DEX                             A:00 X:45 Y:0E P:24 SP:FF PPU: NOT IMPLEMENTED YET
C038  D0 FA     BNE $C034                       A:00 X:44 Y:0E P:24 SP:FF PPU: NOT IMPLEMENTED YET
C034  8D 07 20  STA $2007 = 00                  A:00 X:44 Y:0E P:24 SP:FF PPU: NOT IMPLEMENTED YET
C037  CA        DEX                             A:00 X:44 Y:0E P:24 SP:FF PPU: NOT IMPLEMENTED YET
C038  D0 FA     BNE $C034                       A:00 X:43 Y:0E P:24 SP:FF PPU: NOT IMPLEMENTED YET
C034  8D 07 20  STA $2007 = 00                  A:00 X:43 Y:0E P:24 SP:FF PPU: NOT IMPLEMENTED YET
C037  CA        DEX                             A:00 X:43 Y:0E P:24 SP:FF PPU: NOT IMPLEMENTED YET
C038  D0 FA     BNE $C034                       A:00 X:42 Y:0E P:24 SP:FF PPU: NOT IMPLEMENTED YET
C034  8D 07 20  STA $2007 = 00                  A:00 X:42 Y:0E P:24 SP:FF PPU: NOT IMPLEMENTED YET
C037  CA        DEX                             A:00 X:42 Y:0E P:24 SP:FF PPU: NOT IMPLEMENTED YET
C038  D0 FA     BNE $C034                       A:00 X:41 Y:0E P:24 SP:FF PPU: NOT IMPLEMENTED YET
C034  8D 07 20  STA $2007 = 00                  A:00 X:41 Y:0E P:24 SP:FF PPU: NOT IMPLEMENTED YET
C037  CA        DEX                             A:00 X:41 Y:0E P:24 SP:FF PPU: NOT IMPLEMENTED YET
C038  D0 FA     BNE $C034                       A:00 X:40 Y:0E P:24 SP:FF PPU: NOT IMPLEMENTED YET
C034  8D 07 20  STA $2007 = 00                  A:00 X:40 Y:0E P:24 SP:FF PPU: NOT IMPLEMENTED YET
C037  CA        DEX                             A:00 X:40 Y:0E P:24 SP:FF PPU: NOT IMPLEMENTED YET
C038  D0 FA     BNE $C034                       A:00 X:3F Y:0E P:24 SP:FF PPU: NOT IMPLEMENTED YET
C034  8D 07 20  STA $2007 = 00                  A:00 X:3F Y:0E P:24 SP:FF PPU: NOT IMPLEMENTED YET
C037  CA        DEX                             A:00 X:3F Y:0E P:24 SP:FF PPU: NOT IMPLEMENTED YET
C038  D0 FA     BNE $C034                       A:00 X:3E Y:0E P:24 SP:FF PPU: NOT IMPLEMENTED YET
C034  8D 07 20  STA $2007 = 00                  A:00 X:3E Y:0E P:24 SP:FF PPU: NOT IMPLEMENTED YET
C037  CA        DEX                             A:00 X:3E Y:0E P:24 SP:FF PPU: NOT IMPLEMENTED YET
C038  D0 FA     BNE $C034                       A:00 X:3D Y:0E P:24 SP:FF PPU: NOT IMPLEMENTED YET
C034  8D 07 20  STA $2007 = 00                  A:00 X:3D Y:0E P:24 SP:FF PPU: NOT IMPLEMENTED YET
C037  CA        DEX                             A:00 X:3D Y:0E P:24 SP:FF PPU: NOT IMPLEMENTED YET
C038  D0 FA     BNE $C034                       A:00 X:3C Y:0E P:24 SP:FF PPU: NOT IMPLEMENTED YET
C034  8D 07 20  STA $2007 = 00                  A:00 X:3C Y:0E P:24 SP:FF PPU: NOT IMPLEMENTED YET
C037  CA        DEX                             A:00 X:3C Y:0E P:24 SP:FF PPU: NOT IMPLEMENTED YET
C038  D0 FA     BNE $C034                       A:00 X:3B Y:0E P:24 SP:FF PPU: NOT IMPLEMENTED YET
C034  8D 07 20  STA $2007 = 00                  A:00 X:3B Y:0E P:24 SP:FF PPU: NOT IMPLEMENTED YET
C037  CA        DEX                             A:00 X:3B Y:0E P:24 SP:FF PPU: NOT IMPLEMENTED YET
C038  D0 FA     BNE $C034                       A:00 X:3A Y:0E P:24 SP:FF PPU: NOT IMPLEMENTED YET
C034  8D 07 20  STA $2007 = 00                  A:00 X:3A Y:0E P:24 SP:FF PPU: NOT IMPLEMENTED YET
C037  CA        DEX                             A:00 X:3A Y:0E P:24 SP:FF PPU: NOT IMPLEMENTED YET
C038  D0 FA     BNE $C034                       A:00 X:39 Y:0E P:24 SP:FF PPU: NOT IMPLEMENTED YET
C034  8D 07 20  STA $2007 = 00                  A:00 X:39 Y:0E P:24 SP:FF PPU: NOT IMPLEMENTED YET
C037  CA        DEX                             A:00 X:39 Y:0E P:24 SP:FF PPU: NOT IMPLEMENTED YET
C038  D0 FA     BNE $C034                       A:00 X:38 Y:0E P:24 SP:FF PPU: NOT IMPLEMENTED YET
C034  8D 07 20  STA $2007 = 00                  A:00 X:38 Y:0E P:24 SP:FF PPU: NOT IMPLEMENTED YET
C037  CA        DEX                             A:00 X:38 Y:0E P:24 SP:FF PPU: NOT IMPLEMENTED YET
C038  D0 FA     BNE $C034                       A:00 X:37 Y:0E P:24 SP:FF PPU: NOT IMPLEMENTED YET
C034  8D 07 20  STA $2007 = 00                  A:00 X:37 Y:0E P:24 SP:FF PPU: NOT IMPLEMENTED YET
C037  CA        DEX                             A:00 X:37 Y:0E P:24 SP:FF PPU: NOT IMPLEMENTED YET
C038  D0 FA     BNE $C034                       A:00 X:36 Y:0E P:24 SP:FF PPU: NOT IMPLEMENTED YET
C034  8D 07 20  STA $2007 = 00                  A:00 X:36 Y:0E P:24 SP:FF PPU: NOT IMPLEMENTED YET
C037  CA        DEX                             A:00 X:36 Y:0E P:24 SP:FF PPU: NOT IMPLEMENTED YET
C038  D0 FA     BNE $C034                       A:00 X:35 Y:0E P:24 SP:FF PPU: NOT IMPLEMENTED YET
C034  8D 07 20  STA $2007 = 00                  A:00 X:35 Y:0E P:24 SP:FF PPU: NOT IMPLEMENTED YET
C037  CA        DEX                             A:00 X:35 Y:0E P:24 SP:FF PPU: NOT IMPLEMENTED YET
C038  D0 FA     BNE $C034                       A:00 X:34 Y:0E P:24 SP:FF PPU: NOT IMPLEMENTED YET
C034  8D 07 20  STA $2007 = 00                  A:00 X:34 Y:0E P:24 SP:FF PPU: NOT IMPLEMENTED YET
C037  CA        DEX                             A:00 X:34 Y:0E P:24 SP:FF PPU: NOT IMPLEMENTED YET
C038  D0 FA     BNE $C034                       A:00 X:33 Y:0E P:24 SP:FF PPU: NOT IMPLEMENTED YET
C034  8D 07 20  STA $2007 = 00                  A:00 X:33 Y:0E P:24 SP:FF PPU: NOT IMPLEMENTED YET
C037  CA        DEX                             A:00 X:33 Y:0E P:24 SP:FF PPU: NOT IMPLEMENTED YET
C038  D0 FA     BNE $C034                       A:00 X:32 Y:0E P:24 SP:FF PPU: NOT IMPLEMENTED YET
C034  8D 07 20  STA $2007 = 00                  A:00 X:32 Y:0E P:24 SP:FF PPU: NOT IMPLEMENTED YET
C037  CA        DEX                             A:00 X:32 Y:0E P:24 SP:FF PPU: NOT IMPLEMENTED YET
C038  D0 FA     BNE $C034                       A:00 X:31 Y:0E P:24 SP:FF PPU: NOT IMPLEMENTED YET
C034  8D 07 20  STA $2007 = 00                  A:00 X:31 Y:0E P:24 SP:FF PPU: NOT IMPLEMENTED YET
C037  CA        DEX                             A:00 X:31 Y:0E P:24 SP:FF PPU: NOT IMPLEMENTED YET
C038  D0 FA     BNE $C034                       A:00 X:30 Y:0E P:24 SP:FF PPU: NOT IMPLEMENTED YET
C034  8D 07 20  STA $2007 = 00                  A:00 X:30 Y:0E P:24 SP:FF PPU: NOT IMPLEMENTED YET
C037  CA        DEX                             A:00 X:30 Y:0E P:24 SP:FF PPU: NOT IMPLEMENTED YET
C038  D0 FA     BNE $C034                       A:00 X:2F Y:0E P:24 SP:FF PPU: NOT IMPLEMENTED YET
C034  8D 07 20  STA $2007 = 00                  A:00 X:2F Y:0E P:24 SP:FF PPU: NOT IMPLEMENTED YET
C037  CA        DEX                             A:00 X:2F Y:0E P:24 SP:FF PPU: NOT IMPLEMENTED YET
C038  D0 FA     BNE $C034                       A:00 X:2E Y:0E P:24 SP:FF PPU: NOT IMPLEMENTED YET
C034  8D 07 20  STA $2007 = 00                  A:00 X:2E Y:0E P:24 SP:FF PPU: NOT IMPLEMENTED YET
C037  CA        DEX                             A:00 X:2E Y:0E P:24 SP:FF PPU: NOT IMPLEMENTED YET
C038  D0 FA     BNE $C034                       A:00 X:2D Y:0E P:24 SP:FF PPU: NOT IMPLEMENTED YET
C034  8D 07 20  STA $2007 = 00                  A:00 X:2D Y:0E P:24 SP:FF PPU: NOT IMPLEMENTED YET
C037  CA        DEX                             A:00 X:2D Y:0E P:24 SP:FF PPU: NOT IMPLEMENTED YET
C038  D0 FA     BNE $C034                       A:00 X:2C Y:0E P:24 SP:FF PPU: NOT IMPLEMENTED YET
C034  8D 07 20  STA $2007 = 00                  A:00 X:2C Y:0E P:24 SP:FF PPU: NOT IMPLEMENTED YET
C037  CA        DEX                             A:00 X:2C Y:0E P:24 SP:FF PPU: NOT IMPLEMENTED YET
C038  D0 FA     BNE $C034                       A:00 X:2B Y:0E P:24 SP:FF PPU: NOT IMPLEMENTED YET
C034  8D 07 20  STA $2007 = 00                  A:00 X:2B Y:0E P:24 SP:FF PPU: NOT IMPLEMENTED YET
C037  CA        DEX                             A:00 X:2B Y:0E P:24 SP:FF PPU: NOT IMPLEMENTED YET
C038  D0 FA     BNE $C034                       A:00 X:2A Y:0E P:24 SP:FF PPU: NOT IMPLEMENTED YET
C034  8D 07 20  STA $2007 = 00                  A:00 X:2A Y:0E P:24 SP:FF PPU: NOT IMPLEMENTED YET
C037  CA        DEX                             A:00 X:2A Y:0E P:24 SP:FF PPU: NOT IMPLEMENTED YET
C038  D0 FA     BNE $C034                       A:00 X:29 Y:0E P:24 SP:FF PPU: NOT IMPLEMENTED YET
C034  8D 07 20  STA $2007 = 00                  A:00 X:29 Y:0E P:24 SP:FF PPU: NOT IMPLEMENTED YET
C037  CA        DEX                             A:00 X:29 Y:0E P:24 SP:FF PPU: NOT IMPLEMENTED YET
C038  D0 FA     BNE $C034                       A:00 X:28 Y:0E P:24 SP:FF PPU: NOT IMPLEMENTED YET
C034  8D 07 20  STA $2007 = 00                  A:00 X:28 Y:0E P:24 SP:FF PPU: NOT IMPLEMENTED YET
C037  CA        DEX                             A:00 X:28 Y:0E P:24 SP:FF PPU: NOT IMPLEMENTED YET
C038  D0 FA     BNE $C034                       A:00 X:27 Y:0E P:24 SP:FF PPU: NOT IMPLEMENTED YET
C034  8D 07 20  STA $2007 = 00                  A:00 X:27 Y:0E P:24 SP:FF PPU: NOT IMPLEMENTED YET
C037  CA        DEX                             A:00 X:27 Y:0E P:24 SP:FF PPU: NOT IMPLEMENTED YET
C038  D0 FA     BNE $C034                       A:00 X:26 Y:0E P:24 SP:FF PPU: NOT IMPLEMENTED YET
C034  8D 07 20  STA $2007 = 00                  A:00 X:26 Y:0E P:24 SP:FF PPU: NOT IMPLEMENTED YET
C037  CA        DEX                             A:00 X:26 Y:0E P:24 SP:FF PPU: NOT IMPLEMENTED YET
C038  D0 FA     BNE $C034                       A:00 X:25 Y:0E P:24 SP:FF PPU: NOT IMPLEMENTED YET
C034  8D 07 20  STA $2007 = 00                  A:00 X:25 Y:0E P:24 SP:FF PPU: NOT IMPLEMENTED YET
C037  CA        DEX                             A:00 X:25 Y:0E P:24 SP:FF PPU: NOT IMPLEMENTED YET
C038  D0 FA     BNE $C034                       A:00 X:24 Y:0E P:24 SP:FF PPU: NOT IMPLEMENTED YET
C034  8D 07 20  STA $2007 = 00                  A:00 X:24 Y:0E P:24 SP:FF PPU: NOT IMPLEMENTED YET
C037  CA        DEX                             A:00 X:24 Y:0E P:24 SP:FF PPU: NOT IMPLEMENTED YET
C038  D0 FA     BNE $C034                       A:00 X:23 Y:0E P:24 SP:FF PPU: NOT IMPLEMENTED YET
C034  8D 07 20  STA $2007 = 00                  A:00 X:23 Y:0E P:24 SP:FF PPU: NOT IMPLEMENTED YET
C037  CA        DEX                             A:00 X:23 Y:0E P:24 SP:FF PPU: NOT IMPLEMENTED YET
C038  D0 FA     BNE $C034                       A:00 X:22 Y:0E P:24 SP:FF PPU: NOT IMPLEMENTED YET
C034  8D 07 20  STA $2007 = 00                  A:00 X:22 Y:0E P:24 SP:FF PPU: NOT IMPLEMENTED YET
C037  CA        DEX                             A:00 X:22 Y:0E P:24 SP:FF PPU: NOT IMPLEMENTED YET
C038  D0 FA     BNE $C034                       A:00 X:21 Y:0E P:24 SP:FF PPU: NOT IMPLEMENTED YET
C034  8D 07 20  STA $2007 = 00                  A:00 X:21 Y:0E P:24 SP:FF PPU: NOT IMPLEMENTED YET
C037  CA        DEX                             A:00 X:21 Y:0E P:24 SP:FF PPU: NOT IMPLEMENTED YET
C038  D0 FA     BNE $C034                       A:00 X:20 Y:0E P:24 SP:FF PPU: NOT IMPLEMENTED YET
C034  8D 07 20  STA $2007 = 00                  A:00 X:20 Y:0E P:24 SP:FF PPU: NOT IMPLEMENTED YET
C037  CA        DEX                             A:00 X:20 Y:0E P:24 SP:FF PPU: NOT IMPLEMENTED YET
C038  D0 FA     BNE $C034                       A:00 X:1F Y:0E P:24 SP:FF PPU: NOT IMPLEMENTED YET
C034  8D 07 20  STA $2007 = 00                  A:00 X:1F Y:0E P:24 SP:FF PPU: NOT IMPLEMENTED YET
C037  CA        DEX                             A:00 X:1F Y:0E P:24 SP:FF PPU: NOT IMPLEMENTED YET
C038  D0 FA     BNE $C034                       A:00 X:1E Y:0E P:24 SP:FF PPU: NOT IMPLEMENTED YET
C034  8D 07 20  STA $2007 = 00                  A:00 X:1E Y:0E P:24 SP:FF PPU: NOT IMPLEMENTED YET
C037  CA        DEX                             A:00 X:1E Y:0E P:24 SP:FF PPU: NOT IMPLEMENTED YET
C038  D0 FA     BNE $C034                       A:00 X:1D Y:0E P:24 SP:FF PPU: NOT IMPLEMENTED YET
C034  8D 07 20  STA $2007 = 00                  A:00 X:1D Y:0E P:24 SP:FF PPU: NOT IMPLEMENTED YET
C037  CA        DEX                             A:00 X:1D Y:0E P:24 SP:FF PPU: NOT IMPLEMENTED YET
C038  D0 FA     BNE $C034                       A:00 X:1C Y:0E P:24 SP:FF PPU: NOT IMPLEMENTED YET
C034  8D 07 20  STA $2007 = 00                  A:00 X:1C Y:0E P:24 SP:FF PPU: NOT IMPLEMENTED YET
C037  CA        DEX                             A:00 X:1C Y:0E P:24 SP:FF PPU: NOT IMPLEMENTED YET
C038  D0 FA     BNE $C034                       A:00 X:1B Y:0E P:24 SP:FF PPU: NOT IMPLEMENTED YET
C034  8D 07 20  STA $2007 = 00                  A:00 X:1B Y:0E P:24 SP:FF PPU: NOT IMPLEMENTED YET
C037  CA        DEX                             A:00 X:1B Y:0E P:24 SP:FF PPU: NOT IMPLEMENTED YET
C038  D0 FA     BNE $C034                       A:00 X:1A Y:0E P:24 SP:FF PPU: NOT IMPLEMENTED YET
C034  8D 07 20  STA $2007 = 00                  A:00 X:1A Y:0E P:24 SP:FF PPU: NOT IMPLEMENTED YET
C037  CA        DEX                             A:00 X:1A Y:0E P:24 SP:FF PPU: NOT IMPLEMENTED YET
C038  D0 FA     BNE $C034                       A:00 X:19 Y:0E P:24 SP:FF PPU: NOT IMPLEMENTED YET
C034  8D 07 20  STA $2007 = 00                  A:00 X:19 Y:0E P:24 SP:FF PPU: NOT IMPLEMENTED YET
C037  CA        DEX                             A:00 X:19 Y:0E P:24 SP:FF PPU: NOT IMPLEMENTED YET
C038  D0 FA     BNE $C034                       A:00 X:18 Y:0E P:24 SP:FF PPU: NOT IMPLEMENTED YET
C034  8D 07 20  STA $2007 = 00                  A:00 X:18 Y:0E P:24 SP:FF PPU: NOT IMPLEMENTED YET
C037  CA        DEX                             A:00 X:18 Y:0E P:24 SP:FF PPU: NOT IMPLEMENTED YET
C038  D0 FA     BNE $C034                       A:00 X:17 Y:0E P:24 SP:FF PPU: NOT IMPLEMENTED YET
C034  8D 07 20  STA $2007 = 00                  A:00 X:17 Y:0E P:24 SP:FF PPU: NOT IMPLEMENTED YET
C037  CA        DEX                             A:00 X:17 Y:0E P:24 SP:FF PPU: NOT IMPLEMENTED YET
C038  D0 FA     BNE $C034                       A:00 X:16 Y:0E P:24 SP:FF PPU: NOT IMPLEMENTED YET
C034  8D 07 20  STA $2007 = 00                  A:00 X:16 Y:0E P:24 SP:FF PPU: NOT IMPLEMENTED YET
C037  CA        DEX                             A:00 X:16 Y:0E P:24 SP:FF PPU: NOT IMPLEMENTED YET
C038  D0 FA     BNE $C034                       A:00 X:15 Y:0E P:24 SP:FF PPU: NOT IMPLEMENTED YET
C034  8D 07 20  STA $2007 = 00                  A:00 X:15 Y:0E P:24 SP:FF PPU: NOT IMPLEMENTED YET
C037  CA        DEX                             A:00 X:15 Y:0E P:24 SP:FF PPU: NOT IMPLEMENTED YET
C038  D0 FA     BNE $C034                       A:00 X:14 Y:0E P:24 SP:FF PPU: NOT IMPLEMENTED YET
C034  8D 07 20  STA $2007 = 00                  A:00 X:14 Y:0E P:24 SP:FF PPU: NOT IMPLEMENTED YET
C037  CA        DEX                             A:00 X:14 Y:0E P:24 SP:FF PPU: NOT IMPLEMENTED YET
C038  D0 FA     BNE $C034                       A:00 X:13 Y:0E P:24 SP:FF PPU: NOT IMPLEMENTED YET
C034  8D 07 20  STA $2007 = 00                  A:00 X:13 Y:0E P:24 SP:FF PPU: NOT IMPLEMENTED YET
C037  CA        DEX                             A:00 X:13 Y:0E P:24 SP:FF PPU: NOT IMPLEMENTED YET
C038  D0 FA     BNE $C034                       A:00 X:12 Y:0E P:24 SP:FF PPU: NOT IMPLEMENTED YET
C034  8D 07 20  STA $2007 = 00                  A:00 X:12 Y:0E P:24 SP:FF PPU: NOT IMPLEMENTED YET
C037  CA        DEX                             A:00 X:12 Y:0E P:24 SP:FF PPU: NOT IMPLEMENTED YET
C038  D0 FA     BNE $C034                       A:00 X:11 Y:0E P:24 SP:FF PPU: NOT IMPLEMENTED YET
C034  8D 07 20  STA $2007 = 00                  A:00 X:11 Y:0E P:24 SP:FF PPU: NOT IMPLEMENTED YET
C037  CA        DEX                             A:00 X:11 Y:0E P:24 SP:FF PPU: NOT IMPLEMENTED YET
C038  D0 FA     BNE $C034                       A:00 X:10 Y:0E P:24 SP:FF PPU: NOT IMPLEMENTED YET
C034  8D 07 20  STA $2007 = 00                  A:00 X:10 Y:0E P:24 SP:FF PPU: NOT IMPLEMENTED YET
C037  CA        DEX                             A:00 X:10 Y:0E P:24 SP:FF PPU: NOT IMPLEMENTED YET
C038  D0 FA     BNE $C034                       A:00 X:0F Y:0E P:24 SP:FF PPU: NOT IMPLEMENTED YET
C034  8D 07 20  STA $2007 = 00                  A:00 X:0F Y:0E P:24 SP:FF PPU: NOT IMPLEMENTED YET
C037  CA        DEX                             A:00 X:0F Y:0E P:24 SP:FF PPU: NOT IMPLEMENTED YET
C038  D0 FA     BNE $C034                       A:00 X:0E Y:0E P:24 SP:FF PPU: NOT IMPLEMENTED YET
C034  8D 07 20  STA $2007 = 00                  A:00 X:0E Y:0E P:24 SP:FF PPU: NOT IMPLEMENTED YET
C037  CA        DEX                             A:00 X:0E Y:0E P:24 SP:FF PPU: NOT IMPLEMENTED YET
C038  D0 FA     BNE $C034                       A:00 X:0D Y:0E P:24 SP:FF PPU: NOT IMPLEMENTED YET
C034  8D 07 20  STA $2007 = 00                  A:00 X:0D Y:0E P:24 SP:FF PPU: NOT IMPLEMENTED YET
C037  CA        DEX                             A:00 X:0D Y:0E P:24 SP:FF PPU: NOT IMPLEMENTED YET
C038  D0 FA     BNE $C034                       A:00 X:0C Y:0E P:24 SP:FF PPU: NOT IMPLEMENTED YET
C034  8D 07 20  STA $2007 = 00                  A:00 X:0C Y:0E P:24 SP:FF PPU: NOT IMPLEMENTED YET
C037  CA        DEX                             A:00 X:0C Y:0E P:24 SP:FF PPU: NOT IMPLEMENTED YET
C038  D0 FA     BNE $C034                       A:00 X:0B Y:0E P:24 SP:FF PPU: NOT IMPLEMENTED YET
C034  8D 07 20  STA $2007 = 00                  A:00 X:0B Y:0E P:24 SP:FF PPU: NOT IMPLEMENTED YET
C037  CA        DEX                             A:00 X:0B Y:0E P:24 SP:FF PPU: NOT IMPLEMENTED YET
C038  D0 FA     BNE $C034                       A:00 X:0A Y:0E P:24 SP:FF PPU: NOT IMPLEMENTED YET
C034  8D 07 20  STA $2007 = 00                  A:00 X:0A Y:0E P:24 SP:FF PPU: NOT IMPLEMENTED YET
C037  CA        DEX                             A:00 X:0A Y:0E P:24 SP:FF PPU: NOT IMPLEMENTED YET
C038  D0 FA     BNE $C034                       A:00 X:09 Y:0E P:24 SP:FF PPU: NOT IMPLEMENTED YET
C034  8D 07 20  STA $2007 = 00                  A:00 X:09 Y:0E P:24 SP:FF PPU: NOT IMPLEMENTED YET
C037  CA        DEX                             A:00 X:09 Y:0E P:24 SP:FF PPU: NOT IMPLEMENTED YET
C038  D0 FA     BNE $C034                       A:00 X:08 Y:0E P:24 SP:FF PPU: NOT IMPLEMENTED YET
C034  8D 07 20  STA $2007 = 00                  A:00 X:08 Y:0E P:24 SP:FF PPU: NOT IMPLEMENTED YET
C037  CA        DEX                             A:00 X:08 Y:0E P:24 SP:FF PPU: NOT IMPLEMENTED YET
C038  D0 FA     BNE $C034                       A:00 X:07 Y:0E P:24 SP:FF PPU: NOT IMPLEMENTED YET
C034  8D 07 20  STA $2007 = 00                  A:00 X:07 Y:0E P:24 SP:FF PPU: NOT IMPLEMENTED YET
C037  CA        DEX                             A:00 X:07 Y:0E P:24 SP:FF PPU: NOT IMPLEMENTED YET
C038  D0 FA     BNE $C034                       A:00 X:06 Y:0E P:24 SP:FF PPU: NOT IMPLEMENTED YET
C034  8D 07 20  STA $2007 = 00                  A:00 X:06 Y:0E P:24 SP:FF PPU: NOT IMPLEMENTED YET
C037  CA        DEX                             A:00 X:06 Y:0E P:24 SP:FF PPU: NOT IMPLEMENTED YET
C038  D0 FA     BNE $C034                       A:00 X:05 Y:0E P:24 SP:FF PPU: NOT IMPLEMENTED YET
C034  8D 07 20  STA $2007 = 00                  A:00 X:05 Y:0E P:24 SP:FF PPU: NOT IMPLEMENTED YET
C037  CA        DEX                             A:00 X:05 Y:0E P:24 SP:FF PPU: NOT IMPLEMENTED YET
C038  D0 FA     BNE $C034                       A:00 X:04 Y:0E P:24 SP:FF PPU: NOT IMPLEMENTED YET
C034  8D 07 20  STA $2007 = 00                  A:00 X:04 Y:0E P:24 SP:FF PPU: NOT IMPLEMENTED YET
C037  CA        DEX                             A:00 X:04 Y:0E P:24 SP:FF PPU: NOT IMPLEMENTED YET
C038  D0 FA     BNE $C034                       A:00 X:03 Y:0E P:24 SP:FF PPU: NOT IMPLEMENTED YET
C034  8D 07 20  STA $2007 = 00                  A:00 X:03 Y:0E P:24 SP:FF PPU: NOT IMPLEMENTED YET
C037  CA        DEX                             A:00 X:03 Y:0E P:24 SP:FF PPU: NOT IMPLEMENTED YET
C038  D0 FA     BNE $C034                       A:00 X:02 Y:0E P:24 SP:FF PPU: NOT IMPLEMENTED YET
C034  8D 07 20  STA $2007 = 00                  A:00 X:02 Y:0E P:24 SP:FF PPU: NOT IMPLEMENTED YET
C037  CA        DEX                             A:00 X:02 Y:0E P:24 SP:FF PPU: NOT IMPLEMENTED YET
C038  D0 FA     BNE $C034                       A:00 X:01 Y:0E P:24 SP:FF PPU: NOT IMPLEMENTED YET
C034  8D 07 20  STA $2007 = 00                  A:00 X:01 Y:0E P:24 SP:FF PPU: NOT IMPLEMENTED YET
C037  CA        DEX                             A:00 X:01 Y:0E P:24 SP:FF PPU: NOT IMPLEMENTED YET
C038  D0 FA     BNE $C034                       A:00 X:00 Y:0E P:26 SP:FF PPU: NOT IMPLEMENTED YET
C03A  88        DEY                             A:00 X:00 Y:0E P:26 SP:FF PPU: NOT IMPLEMENTED YET
C03B  D0 F7     BNE $C034                       A:00 X:00 Y:0D P:24 SP:FF PPU: NOT IMPLEMENTED YET
C034  8D 07 20  STA $2007 = 00                  A:00 X:00 Y:0D P:24 SP:FF PPU: NOT IMPLEMENTED YET
C037  CA        DEX                             A:00 X:00 Y:0D P:24 SP:FF PPU: NOT IMPLEMENTED YET
C038  D0 FA     BNE $C034                       A:00 X:FF Y:0D P:A4 SP:FF PPU: NOT IMPLEMENTED YET
C034  8D 07 20  STA $2007 = 00                  A:00 X:FF Y:0D P:A4 SP:FF PPU: NOT IMPLEMENTED YET
C037  CA        DEX                             A:00 X:FF Y:0D P:A4 SP:FF PPU: NOT IMPLEMENTED YET
C038  D0 FA     BNE $C034                       A:00 X:FE Y:0D P:A4 SP:FF PPU: NOT IMPLEMENTED YET
C034  8D 07 20  STA $2007 = 00                  A:00 X:FE Y:0D P:A4 SP:FF PPU: NOT IMPLEMENTED YET
C037  CA        DEX                             A:00 X:FE Y:0D P:A4 SP:FF PPU: NOT IMPLEMENTED YET
C038  D0 FA     BNE $C034                       A:00 X:FD Y:0D P:A4 SP:FF PPU: NOT IMPLEMENTED YET
C034  8D 07 20  STA $2007 = 00                  A:00 X:FD Y:0D P:A4 SP:FF PPU: NOT IMPLEMENTED YET
C037  CA        DEX                             A:00 X:FD Y:0D P:A4 SP:FF PPU: NOT IMPLEMENTED YET
C038  D0 FA     BNE $C034                       A:00 X:FC Y:0D P:A4 SP:FF PPU: NOT IMPLEMENTED YET
C034  8D 07 20  STA $2007 = 00                  A:00 X:FC Y:0D P:A4 SP:FF PPU: NOT IMPLEMENTED YET
C037  CA        DEX                             A:00 X:FC Y:0D P:A4 SP:FF PPU: NOT IMPLEMENTED YET
C038  D0 FA     BNE $C034                       A:00 X:FB Y:0D P:A4 SP:FF PPU: NOT IMPLEMENTED YET
C034  8D 07 20  STA $2007 = 00                  A:00 X:FB Y:0D P:A4 SP:FF PPU: NOT IMPLEMENTED YET
C037  CA        DEX                             A:00 X:FB Y:0D P:A4 SP:FF PPU: NOT IMPLEMENTED YET
C038  D0 FA     BNE $C034                       A:00 X:FA Y:0D P:A4 SP:FF PPU: NOT IMPLEMENTED YET
C034  8D 07 20  STA $2007 = 00                  A:00 X:FA Y:0D P:A4 SP:FF PPU: NOT IMPLEMENTED YET
C037  CA        DEX                             A:00 X:FA Y:0D P:A4 SP:FF PPU: NOT IMPLEMENTED YET
C038  D0 FA     BNE $C034                       A:00 X:F9 Y:0D P:A4 SP:FF PPU: NOT IMPLEMENTED YET
C034  8D 07 20  STA $2007 = 00                  A:00 X:F9 Y:0D P:A4 SP:FF PPU: NOT IMPLEMENTED YET
C037  CA        DEX                             A:00 X:F9 Y:0D P:A4 SP:FF PPU: NOT IMPLEMENTED YET
C038  D0 FA     BNE $C034                       A:00 X:F8 Y:0D P:A4 SP:FF PPU: NOT IMPLEMENTED YET
C034  8D 07 20  STA $2007 = 00                  A:00 X:F8 Y:0D P:A4 SP:FF PPU: NOT IMPLEMENTED YET
C037  CA        DEX                             A:00 X:F8 Y:0D P:A4 SP:FF PPU: NOT IMPLEMENTED YET
C038  D0 FA     BNE $C034                       A:00 X:F7 Y:0D P:A4 SP:FF PPU: NOT IMPLEMENTED YET
C034  8D 07 20  STA $2007 = 00                  A:00 X:F7 Y:0D P:A4 SP:FF PPU: NOT IMPLEMENTED YET
C037  CA        DEX                             A:00 X:F7 Y:0D P:A4 SP:FF PPU: NOT IMPLEMENTED YET
C038  D0 FA     BNE $C034                       A:00 X:F6 Y:0D P:A4 SP:FF PPU: NOT IMPLEMENTED YET
C034  8D 07 20  STA $2007 = 00                  A:00 X:F6 Y:0D P:A4 SP:FF PPU: NOT IMPLEMENTED YET
C037  CA        DEX                             A:00 X:F6 Y:0D P:A4 SP:FF PPU: NOT IMPLEMENTED YET
C038  D0 FA     BNE $C034                       A:00 X:F5 Y:0D P:A4 SP:FF PPU: NOT IMPLEMENTED YET
C034  8D 07 20  STA $2007 = 00                  A:00 X:F5 Y:0D P:A4 SP:FF PPU: NOT IMPLEMENTED YET
C037  CA        DEX                             A:00 X:F5 Y:0D P:A4 SP:FF PPU: NOT IMPLEMENTED YET
C038  D0 FA     BNE $C034                       A:00 X:F4 Y:0D P:A4 SP:FF PPU: NOT IMPLEMENTED YET
C034  8D 07 20  STA $2007 = 00                  A:00 X:F4 Y:0D P:A4 SP:FF PPU: NOT IMPLEMENTED YET
C037  CA        DEX                             A:00 X:F4 Y:0D P:A4 SP:FF PPU: NOT IMPLEMENTED YET
C038  D0 FA     BNE $C034                       A:00 X:F3 Y:0D P:A4 SP:FF PPU: NOT IMPLEMENTED YET
C034  8D 07 20  STA $2007 = 00                  A:00 X:F3 Y:0D P:A4 SP:FF PPU: NOT IMPLEMENTED YET
C037  CA        DEX                             A:00 X:F3 Y:0D P:A4 SP:FF PPU: NOT IMPLEMENTED YET
C038  D0 FA     BNE $C034                       A:00 X:F2 Y:0D P:A4 SP:FF PPU: NOT IMPLEMENTED YET
C034  8D 07 20  STA $2007 = 00                  A:00 X:F2 Y:0D P:A4 SP:FF PPU: NOT IMPLEMENTED YET
C037  CA        DEX                             A:00 X:F2 Y:0D P:A4 SP:FF PPU: NOT IMPLEMENTED YET
C038  D0 FA     BNE $C034                       A:00 X:F1 Y:0D P:A4 SP:FF PPU: NOT IMPLEMENTED YET
C034  8D 07 20  STA $2007 = 00                  A:00 X:F1 Y:0D P:A4 SP:FF PPU: NOT IMPLEMENTED YET
C037  CA        DEX                             A:00 X:F1 Y:0D P:A4 SP:FF PPU: NOT IMPLEMENTED YET
C038  D0 FA     BNE $C034                       A:00 X:F0 Y:0D P:A4 SP:FF PPU: NOT IMPLEMENTED YET
C034  8D 07 20  STA $2007 = 00                  A:00 X:F0 Y:0D P:A4 SP:FF PPU: NOT IMPLEMENTED YET
C037  CA        DEX                             A:00 X:F0 Y:0D P:A4 SP:FF PPU: NOT IMPLEMENTED YET
C038  D0 FA     BNE $C034                       A:00 X:EF Y:0D P:A4 SP:FF PPU: NOT IMPLEMENTED YET
C034  8D 07 20  STA $2007 = 00                  A:00 X:EF Y:0D P:A4 SP:FF PPU: NOT IMPLEMENTED YET
C037  CA        DEX                             A:00 X:EF Y:0D P:A4 SP:FF PPU: NOT IMPLEMENTED YET
C038  D0 FA     BNE $C034                       A:00 X:EE Y:0D P:A4 SP:FF PPU: NOT IMPLEMENTED YET
C034  8D 07 20  STA $2007 = 00                  A:00 X:EE Y:0D P:A4 SP:FF PPU: NOT IMPLEMENTED YET
C037  CA        DEX                             A:00 X:EE Y:0D P:A4 SP:FF PPU: NOT IMPLEMENTED YET
C038  D0 FA     BNE $C034                       A:00 X:ED Y:0D P:A4 SP:FF PPU: NOT IMPLEMENTED YET
C034  8D 07 20  STA $2007 = 00                  A:00 X:ED Y:0D P:A4 SP:FF PPU: NOT IMPLEMENTED YET
C037  CA        DEX                             A:00 X:ED Y:0D P:A4 SP:FF PPU: NOT IMPLEMENTED YET
C038  D0 FA     BNE $C034                       A:00 X:EC Y:0D P:A4 SP:FF PPU: NOT IMPLEMENTED YET
C034  8D 07 20  STA $2007 = 00                  A:00 X:EC Y:0D P:A4 SP:FF PPU: NOT IMPLEMENTED YET
C037  CA        DEX                             A:00 X:EC Y:0D P:A4 SP:FF PPU: NOT IMPLEMENTED YET
C038  D0 FA     BNE $C034                       A:00 X:EB Y:0D P:A4 SP:FF PPU: NOT IMPLEMENTED YET
C034  8D 07 20  STA $2007 = 00                  A:00 X:EB Y:0D P:A4 SP:FF PPU: NOT IMPLEMENTED YET
C037  CA        DEX                             A:00 X:EB Y:0D P:A4 SP:FF PPU: NOT IMPLEMENTED YET
C038  D0 FA     BNE $C034                       A:00 X:EA Y:0D P:A4 SP:FF PPU: NOT IMPLEMENTED YET
C034  8D 07 20  STA $2007 = 00                  A:00 X:EA Y:0D P:A4 SP:FF PPU: NOT IMPLEMENTED YET
C037  CA        DEX                             A:00 X:EA Y:0D P:A4 SP:FF PPU: NOT IMPLEMENTED YET
C038  D0 FA     BNE $C034                       A:00 X:E9 Y:0D P:A4 SP:FF PPU: NOT IMPLEMENTED YET
C034  8D 07 20  STA $2007 = 00                  A:00 X:E9 Y:0D P:A4 SP:FF PPU: NOT IMPLEMENTED YET
C037  CA        DEX                             A:00 X:E9 Y:0D P:A4 SP:FF PPU: NOT IMPLEMENTED YET
C038  D0 FA     BNE $C034                       A:00 X:E8 Y:0D P:A4 SP:FF PPU: NOT IMPLEMENTED YET
C034  8D 07 20  STA $2007 = 00                  A:00 X:E8 Y:0D P:A4 SP:FF PPU: NOT IMPLEMENTED YET
C037  CA        DEX                             A:00 X:E8 Y:0D P:A4 SP:FF PPU: NOT IMPLEMENTED YET
C038  D0 FA     BNE $C034                       A:00 X:E7 Y:0D P:A4 SP:FF PPU: NOT IMPLEMENTED YET
C034  8D 07 20  STA $2007 = 00                  A:00 X:E7 Y:0D P:A4 SP:FF PPU: NOT IMPLEMENTED YET
C037  CA        DEX                             A:00 X:E7 Y:0D P:A4 SP:FF PPU: NOT IMPLEMENTED YET
C038  D0 FA     BNE $C034                       A:00 X:E6 Y:0D P:A4 SP:FF PPU: NOT IMPLEMENTED YET
C034  8D 07 20  STA $2007 = 00                  A:00 X:E6 Y:0D P:A4 SP:FF PPU: NOT IMPLEMENTED YET
C037  CA        DEX                             A:00 X:E6 Y:0D P:A4 SP:FF PPU: NOT IMPLEMENTED YET
C038  D0 FA     BNE $C034                       A:00 X:E5 Y:0D P:A4 SP:FF PPU: NOT IMPLEMENTED YET
C034  8D 07 20  STA $2007 = 00                  A:00 X:E5 Y:0D P:A4 SP:FF PPU: NOT IMPLEMENTED YET
C037  CA        DEX                             A:00 X:E5 Y:0D P:A4 SP:FF PPU: NOT IMPLEMENTED YET
C038  D0 FA     BNE $C034                       A:00 X:E4 Y:0D P:A4 SP:FF PPU: NOT IMPLEMENTED YET
C034  8D 07 20  STA $2007 = 00                  A:00 X:E4 Y:0D P:A4 SP:FF PPU: NOT IMPLEMENTED YET
C037  CA        DEX                             A:00 X:E4 Y:0D P:A4 SP:FF PPU: NOT IMPLEMENTED YET
C038  D0 FA     BNE $C034                       A:00 X:E3 Y:0D P:A4 SP:FF PPU: NOT IMPLEMENTED YET
C034  8D 07 20  STA $2007 = 00                  A:00 X:E3 Y:0D P:A4 SP:FF PPU: NOT IMPLEMENTED YET
C037  CA        DEX                             A:00 X:E3 Y:0D P:A4 SP:FF PPU: NOT IMPLEMENTED YET
C038  D0 FA     BNE $C034                       A:00 X:E2 Y:0D P:A4 SP:FF PPU: NOT IMPLEMENTED YET
C034  8D 07 20  STA $2007 = 00                  A:00 X:E2 Y:0D P:A4 SP:FF PPU: NOT IMPLEMENTED YET
C037  CA        DEX                             A:00 X:E2 Y:0D P:A4 SP:FF PPU: NOT IMPLEMENTED YET
C038  D0 FA     BNE $C034                       A:00 X:E1 Y:0D P:A4 SP:FF PPU: NOT IMPLEMENTED YET
C034  8D 07 20  STA $2007 = 00                  A:00 X:E1 Y:0D P:A4 SP:FF PPU: NOT IMPLEMENTED YET
C037  CA        DEX                             A:00 X:E1 Y:0D P:A4 SP:FF PPU: NOT IMPLEMENTED YET
C038  D0 FA     BNE $C034                       A:00 X:E0 Y:0D P:A4 SP:FF PPU: NOT IMPLEMENTED YET
C034  8D 07 20  STA $2007 = 00                  A:00 X:E0 Y:0D P:A4 SP:FF PPU: NOT IMPLEMENTED YET
C037  CA        DEX                             A:00 X:E0 Y:0D P:A4 SP:FF PPU: NOT IMPLEMENTED YET
C038  D0 FA     BNE $C034                       A:00 X:DF Y:0D P:A4 SP:FF PPU: NOT IMPLEMENTED YET
C034  8D 07 20  STA $2007 = 00                  A:00 X:DF Y:0D P:A4 SP:FF PPU: NOT IMPLEMENTED YET
C037  CA        DEX                             A:00 X:DF Y:0D P:A4 SP:FF PPU: NOT IMPLEMENTED YET
C038  D0 FA     BNE $C034                       A:00 X:DE Y:0D P:A4 SP:FF PPU: NOT IMPLEMENTED YET
C034  8D 07 20  STA $2007 = 00                  A:00 X:DE Y:0D P:A4 SP:FF PPU: NOT IMPLEMENTED YET
C037  CA        DEX                             A:00 X:DE Y:0D P:A4 SP:FF PPU: NOT IMPLEMENTED YET
C038  D0 FA     BNE $C034                       A:00 X:DD Y:0D P:A4 SP:FF PPU: NOT IMPLEMENTED YET
C034  8D 07 20  STA $2007 = 00                  A:00 X:DD Y:0D P:A4 SP:FF PPU: NOT IMPLEMENTED YET
C037  CA        DEX                             A:00 X:DD Y:0D P:A4 SP:FF PPU: NOT IMPLEMENTED YET
C038  D0 FA     BNE $C034                       A:00 X:DC Y:0D P:A4 SP:FF PPU: NOT IMPLEMENTED YET
C034  8D 07 20  STA $2007 = 00                  A:00 X:DC Y:0D P:A4 SP:FF PPU: NOT IMPLEMENTED YET
C037  CA        DEX                             A:00 X:DC Y:0D P:A4 SP:FF PPU: NOT IMPLEMENTED YET
C038  D0 FA     BNE $C034                       A:00 X:DB Y:0D P:A4 SP:FF PPU: NOT IMPLEMENTED YET
C034  8D 07 20  STA $2007 = 00                  A:00 X:DB Y:0D P:A4 SP:FF PPU: NOT IMPLEMENTED YET
C037  CA        DEX                             A:00 X:DB Y:0D P:A4 SP:FF PPU: NOT IMPLEMENTED YET
C038  D0 FA     BNE $C034                       A:00 X:DA Y:0D P:A4 SP:FF PPU: NOT IMPLEMENTED YET
C034  8D 07 20  STA $2007 = 00                  A:00 X:DA Y:0D P:A4 SP:FF PPU: NOT IMPLEMENTED YET
C037  CA        DEX                             A:00 X:DA Y:0D P:A4 SP:FF PPU: NOT IMPLEMENTED YET
C038  D0 FA     BNE $C034                       A:00 X:D9 Y:0D P:A4 SP:FF PPU: NOT IMPLEMENTED YET
C034  8D 07 20  STA $2007 = 00                  A:00 X:D9 Y:0D P:A4 SP:FF PPU: NOT IMPLEMENTED YET
C037  CA        DEX                             A:00 X:D9 Y:0D P:A4 SP:FF PPU: NOT IMPLEMENTED YET
C038  D0 FA     BNE $C034                       A:00 X:D8 Y:0D P:A4 SP:FF PPU: NOT IMPLEMENTED YET
C034  8D 07 20  STA $2007 = 00                  A:00 X:D8 Y:0D P:A4 SP:FF PPU: NOT IMPLEMENTED YET
C037  CA        DEX                             A:00 X:D8 Y:0D P:A4 SP:FF PPU: NOT IMPLEMENTED YET
C038  D0 FA     BNE $C034                       A:00 X:D7 Y:0D P:A4 SP:FF PPU: NOT IMPLEMENTED YET
C034  8D 07 20  STA $2007 = 00                  A:00 X:D7 Y:0D P:A4 SP:FF PPU: NOT IMPLEMENTED YET
C037  CA        DEX                             A:00 X:D7 Y:0D P:A4 SP:FF PPU: NOT IMPLEMENTED YET
C038  D0 FA     BNE $C034                       A:00 X:D6 Y:0D P:A4 SP:FF PPU: NOT IMPLEMENTED YET
C034  8D 07 20  STA $2007 = 00                  A:00 X:D6 Y:0D P:A4 SP:FF PPU: NOT IMPLEMENTED YET
C037  CA        DEX                             A:00 X:D6 Y:0D P:A4 SP:FF PPU: NOT IMPLEMENTED YET
C038  D0 FA     BNE $C034                       A:00 X:D5 Y:0D P:A4 SP:FF PPU: NOT IMPLEMENTED YET
C034  8D 07 20  STA $2007 = 00                  A:00 X:D5 Y:0D P:A4 SP:FF PPU: NOT IMPLEMENTED YET
C037  CA        DEX                             A:00 X:D5 Y:0D P:A4 SP:FF PPU: NOT IMPLEMENTED YET
C038  D0 FA     BNE $C034                       A:00 X:D4 Y:0D P:A4 SP:FF PPU: NOT IMPLEMENTED YET
C034  8D 07 20  STA $2007 = 00                  A:00 X:D4 Y:0D P:A4 SP:FF PPU: NOT IMPLEMENTED YET
C037  CA        DEX                             A:00 X:D4 Y:0D P:A4 SP:FF PPU: NOT IMPLEMENTED YET
C038  D0 FA     BNE $C034                       A:00 X:D3 Y:0D P:A4 SP:FF PPU: NOT IMPLEMENTED YET
C034  8D 07 20  STA $2007 = 00                  A:00 X:D3 Y:0D P:A4 SP:FF PPU: NOT IMPLEMENTED YET
C037  CA        DEX                             A:00 X:D3 Y:0D P:A4 SP:FF PPU: NOT IMPLEMENTED YET
C038  D0 FA     BNE $C034                       A:00 X:D2 Y:0D P:A4 SP:FF PPU: NOT IMPLEMENTED YET
C034  8D 07 20  STA $2007 = 00                  A:00 X:D2 Y:0D P:A4 SP:FF PPU: NOT IMPLEMENTED YET
C037  CA        DEX                             A:00 X:D2 Y:0D P:A4 SP:FF PPU: NOT IMPLEMENTED YET
C038  D0 FA     BNE $C034                       A:00 X:D1 Y:0D P:A4 SP:FF PPU: NOT IMPLEMENTED YET
C034  8D 07 20  STA $2007 = 00                  A:00 X:D1 Y:0D P:A4 SP:FF PPU: NOT IMPLEMENTED YET
C037  CA        DEX                             A:00 X:D1 Y:0D P:A4 SP:FF PPU: NOT IMPLEMENTED YET
C038  D0 FA     BNE $C034                       A:00 X:D0 Y:0D P:A4 SP:FF PPU: NOT IMPLEMENTED YET
C034  8D 07 20  STA $2007 = 00                  A:00 X:D0 Y:0D P:A4 SP:FF PPU: NOT IMPLEMENTED YET
C037  CA        DEX                             A:00 X:D0 Y:0D P:A4 SP:FF PPU: NOT IMPLEMENTED YET
C038  D0 FA     BNE $C034                       A:00 X:CF Y:0D P:A4 SP:FF PPU: NOT IMPLEMENTED YET
C034  8D 07 20  STA $2007 = 00                  A:00 X:CF Y:0D P:A4 SP:FF PPU: NOT IMPLEMENTED YET
C037  CA        DEX                             A:00 X:CF Y:0D P:A4 SP:FF PPU: NOT IMPLEMENTED YET
C038  D0 FA     BNE $C034                       A:00 X:CE Y:0D P:A4 SP:FF PPU: NOT IMPLEMENTED YET
C034  8D 07 20  STA $2007 = 00                  A:00 X:CE Y:0D P:A4 SP:FF PPU: NOT IMPLEMENTED YET
C037  CA        DEX                             A:00 X:CE Y:0D P:A4 SP:FF PPU: NOT IMPLEMENTED YET
C038  D0 FA     BNE $C034                       A:00 X:CD Y:0D P:A4 SP:FF PPU: NOT IMPLEMENTED YET
C034  8D 07 20  STA $2007 = 00                  A:00 X:CD Y:0D P:A4 SP:FF PPU: NOT IMPLEMENTED YET
C037  CA        DEX                             A:00 X:CD Y:0D P:A4 SP:FF PPU: NOT IMPLEMENTED YET
C038  D0 FA     BNE $C034                       A:00 X:CC Y:0D P:A4 SP:FF PPU: NOT IMPLEMENTED YET
C034  8D 07 20  STA $2007 = 00                  A:00 X:CC Y:0D P:A4 SP:FF PPU: NOT IMPLEMENTED YET
C037  CA        DEX                             A:00 X:CC Y:0D P:A4 SP:FF PPU: NOT IMPLEMENTED YET
C038  D0 FA     BNE $C034                       A:00 X:CB Y:0D P:A4 SP:FF PPU: NOT IMPLEMENTED YET
C034  8D 07 20  STA $2007 = 00                  A:00 X:CB Y:0D P:A4 SP:FF PPU: NOT IMPLEMENTED YET
C037  CA        DEX                             A:00 X:CB Y:0D P:A4 SP:FF PPU: NOT IMPLEMENTED YET
C038  D0 FA     BNE $C034                       A:00 X:CA Y:0D P:A4 SP:FF PPU: NOT IMPLEMENTED YET
C034  8D 07 20  STA $2007 = 00                  A:00 X:CA Y:0D P:A4 SP:FF PPU: NOT IMPLEMENTED YET
C037  CA        DEX                             A:00 X:CA Y:0D P:A4 SP:FF PPU: NOT IMPLEMENTED YET
C038  D0 FA     BNE $C034                       A:00 X:C9 Y:0D P:A4 SP:FF PPU: NOT IMPLEMENTED YET
C034  8D 07 20  STA $2007 = 00                  A:00 X:C9 Y:0D P:A4 SP:FF PPU: NOT IMPLEMENTED YET
C037  CA        DEX                             A:00 X:C9 Y:0D P:A4 SP:FF PPU: NOT IMPLEMENTED YET
C038  D0 FA     BNE $C034                       A:00 X:C8 Y:0D P:A4 SP:FF PPU: NOT IMPLEMENTED YET
C034  8D 07 20  STA $2007 = 00                  A:00 X:C8 Y:0D P:A4 SP:FF PPU: NOT IMPLEMENTED YET
C037  CA        DEX                             A:00 X:C8 Y:0D P:A4 SP:FF PPU: NOT IMPLEMENTED YET
C038  D0 FA     BNE $C034                       A:00 X:C7 Y:0D P:A4 SP:FF PPU: NOT IMPLEMENTED YET
C034  8D 07 20  STA $2007 = 00                  A:00 X:C7 Y:0D P:A4 SP:FF PPU: NOT IMPLEMENTED YET
C037  CA        DEX                             A:00 X:C7 Y:0D P:A4 SP:FF PPU: NOT IMPLEMENTED YET
C038  D0 FA     BNE $C034                       A:00 X:C6 Y:0D P:A4 SP:FF PPU: NOT IMPLEMENTED YET
C034  8D 07 20  STA $2007 = 00                  A:00 X:C6 Y:0D P:A4 SP:FF PPU: NOT IMPLEMENTED YET
C037  CA        DEX                             A:00 X:C6 Y:0D P:A4 SP:FF PPU: NOT IMPLEMENTED YET
C038  D0 FA     BNE $C034                       A:00 X:C5 Y:0D P:A4 SP:FF PPU: NOT IMPLEMENTED YET
C034  8D 07 20  STA $2007 = 00                  A:00 X:C5 Y:0D P:A4 SP:FF PPU: NOT IMPLEMENTED YET
C037  CA        DEX                             A:00 X:C5 Y:0D P:A4 SP:FF PPU: NOT IMPLEMENTED YET
C038  D0 FA     BNE $C034                       A:00 X:C4 Y:0D P:A4 SP:FF PPU: NOT IMPLEMENTED YET
C034  8D 07 20  STA $2007 = 00                  A:00 X:C4 Y:0D P:A4 SP:FF PPU: NOT IMPLEMENTED YET
C037  CA        DEX                             A:00 X:C4 Y:0D P:A4 SP:FF PPU: NOT IMPLEMENTED YET
C038  D0 FA     BNE $C034                       A:00 X:C3 Y:0D P:A4 SP:FF PPU: NOT IMPLEMENTED YET
C034  8D 07 20  STA $2007 = 00                  A:00 X:C3 Y:0D P:A4 SP:FF PPU: NOT IMPLEMENTED YET
C037  CA        DEX                             A:00 X:C3 Y:0D P:A4 SP:FF PPU: NOT IMPLEMENTED YET
C038  D0 FA     BNE $C034                       A:00 X:C2 Y:0D P:A4 SP:FF PPU: NOT IMPLEMENTED YET
C034  8D 07 20  STA $2007 = 00                  A:00 X:C2 Y:0D P:A4 SP:FF PPU: NOT IMPLEMENTED YET
C037  CA        DEX                             A:00 X:C2 Y:0D P:A4 SP:FF PPU: NOT IMPLEMENTED YET
C038  D0 FA     BNE $C034                       A:00 X:C1 Y:0D P:A4 SP:FF PPU: NOT IMPLEMENTED YET
C034  8D 07 20  STA $2007 = 00                  A:00 X:C1 Y:0D P:A4 SP:FF PPU: NOT IMPLEMENTED YET
C037  CA        DEX                             A:00 X:C1 Y:0D P:A4 SP:FF PPU: NOT IMPLEMENTED YET
C038  D0 FA     BNE $C034                       A:00 X:C0 Y:0D P:A4 SP:FF PPU: NOT IMPLEMENTED YET
C034  8D 07 20  STA $2007 = 00                  A:00 X:C0 Y:0D P:A4 SP:FF PPU: NOT IMPLEMENTED YET
C037  CA        DEX                             A:00 X:C0 Y:0D P:A4 SP:FF PPU: NOT IMPLEMENTED YET
C038  D0 FA     BNE $C034                       A:00 X:BF Y:0D P:A4 SP:FF PPU: NOT IMPLEMENTED YET
C034  8D 07 20  STA $2007 = 00                  A:00 X:BF Y:0D P:A4 SP:FF PPU: NOT IMPLEMENTED YET
C037  CA        DEX                             A:00 X:BF Y:0D P:A4 SP:FF PPU: NOT IMPLEMENTED YET
C038  D0 FA     BNE $C034                       A:00 X:BE Y:0D P:A4 SP:FF PPU: NOT IMPLEMENTED YET
C034  8D 07 20  STA $2007 = 00                  A:00 X:BE Y:0D P:A4 SP:FF PPU: NOT IMPLEMENTED YET
C037  CA        DEX                             A:00 X:BE Y:0D P:A4 SP:FF PPU: NOT IMPLEMENTED YET
C038  D0 FA     BNE $C034                       A:00 X:BD Y:0D P:A4 SP:FF PPU: NOT IMPLEMENTED YET
C034  8D 07 20  STA $2007 = 00                  A:00 X:BD Y:0D P:A4 SP:FF PPU: NOT IMPLEMENTED YET
C037  CA        DEX                             A:00 X:BD Y:0D P:A4 SP:FF PPU: NOT IMPLEMENTED YET
C038  D0 FA     BNE $C034                       A:00 X:BC Y:0D P:A4 SP:FF PPU: NOT IMPLEMENTED YET
C034  8D 07 20  STA $2007 = 00                  A:00 X:BC Y:0D P:A4 SP:FF PPU: NOT IMPLEMENTED YET
C037  CA        DEX                             A:00 X:BC Y:0D P:A4 SP:FF PPU: NOT IMPLEMENTED YET
C038  D0 FA     BNE $C034                       A:00 X:BB Y:0D P:A4 SP:FF PPU: NOT IMPLEMENTED YET
C034  8D 07 20  STA $2007 = 00                  A:00 X:BB Y:0D P:A4 SP:FF PPU: NOT IMPLEMENTED YET
C037  CA        DEX                             A:00 X:BB Y:0D P:A4 SP:FF PPU: NOT IMPLEMENTED YET
C038  D0 FA     BNE $C034                       A:00 X:BA Y:0D P:A4 SP:FF PPU: NOT IMPLEMENTED YET
C034  8D 07 20  STA $2007 = 00                  A:00 X:BA Y:0D P:A4 SP:FF PPU: NOT IMPLEMENTED YET
C037  CA        DEX                             A:00 X:BA Y:0D P:A4 SP:FF PPU: NOT IMPLEMENTED YET
C038  D0 FA     BNE $C034                       A:00 X:B9 Y:0D P:A4 SP:FF PPU: NOT IMPLEMENTED YET
C034  8D 07 20  STA $2007 = 00                  A:00 X:B9 Y:0D P:A4 SP:FF PPU: NOT IMPLEMENTED YET
C037  CA        DEX                             A:00 X:B9 Y:0D P:A4 SP:FF PPU: NOT IMPLEMENTED YET
C038  D0 FA     BNE $C034                       A:00 X:B8 Y:0D P:A4 SP:FF PPU: NOT IMPLEMENTED YET
C034  8D 07 20  STA $2007 = 00                  A:00 X:B8 Y:0D P:A4 SP:FF PPU: NOT IMPLEMENTED YET
C037  CA        DEX                             A:00 X:B8 Y:0D P:A4 SP:FF PPU: NOT IMPLEMENTED YET
C038  D0 FA     BNE $C034                       A:00 X:B7 Y:0D P:A4 SP:FF PPU: NOT IMPLEMENTED YET
C034  8D 07 20  STA $2007 = 00                  A:00 X:B7 Y:0D P:A4 SP:FF PPU: NOT IMPLEMENTED YET
C037  CA        DEX                             A:00 X:B7 Y:0D P:A4 SP:FF PPU: NOT IMPLEMENTED YET
C038  D0 FA     BNE $C034                       A:00 X:B6 Y:0D P:A4 SP:FF PPU: NOT IMPLEMENTED YET
C034  8D 07 20  STA $2007 = 00                  A:00 X:B6 Y:0D P:A4 SP:FF PPU: NOT IMPLEMENTED YET
C037  CA        DEX                             A:00 X:B6 Y:0D P:A4 SP:FF PPU: NOT IMPLEMENTED YET
C038  D0 FA     BNE $C034                       A:00 X:B5 Y:0D P:A4 SP:FF PPU: NOT IMPLEMENTED YET
C034  8D 07 20  STA $2007 = 00                  A:00 X:B5 Y:0D P:A4 SP:FF PPU: NOT IMPLEMENTED YET
C037  CA        DEX                             A:00 X:B5 Y:0D P:A4 SP:FF PPU: NOT IMPLEMENTED YET
C038  D0 FA     BNE $C034                       A:00 X:B4 Y:0D P:A4 SP:FF PPU: NOT IMPLEMENTED YET
C034  8D 07 20  STA $2007 = 00                  A:00 X:B4 Y:0D P:A4 SP:FF PPU: NOT IMPLEMENTED YET
C037  CA        DEX                             A:00 X:B4 Y:0D P:A4 SP:FF PPU: NOT IMPLEMENTED YET
C038  D0 FA     BNE $C034                       A:00 X:B3 Y:0D P:A4 SP:FF PPU: NOT IMPLEMENTED YET
C034  8D 07 20  STA $2007 = 00                  A:00 X:B3 Y:0D P:A4 SP:FF PPU: NOT IMPLEMENTED YET
C037  CA        DEX                             A:00 X:B3 Y:0D P:A4 SP:FF PPU: NOT IMPLEMENTED YET
C038  D0 FA     BNE $C034                       A:00 X:B2 Y:0D P:A4 SP:FF PPU: NOT IMPLEMENTED YET
C034  8D 07 20  STA $2007 = 00                  A:00 X:B2 Y:0D P:A4 SP:FF PPU: NOT IMPLEMENTED YET
C037  CA        DEX                             A:00 X:B2 Y:0D P:A4 SP:FF PPU: NOT IMPLEMENTED YET
C038  D0 FA     BNE $C034                       A:00 X:B1 Y:0D P:A4 SP:FF PPU: NOT IMPLEMENTED YET
C034  8D 07 20  STA $2007 = 00                  A:00 X:B1 Y:0D P:A4 SP:FF PPU: NOT IMPLEMENTED YET
C037  CA        DEX                             A:00 X:B1 Y:0D P:A4 SP:FF PPU: NOT IMPLEMENTED YET
C038  D0 FA     BNE $C034                       A:00 X:B0 Y:0D P:A4 SP:FF PPU: NOT IMPLEMENTED YET
C034  8D 07 20  STA $2007 = 00                  A:00 X:B0 Y:0D P:A4 SP:FF PPU: NOT IMPLEMENTED YET
C037  CA        DEX                             A:00 X:B0 Y:0D P:A4 SP:FF PPU: NOT IMPLEMENTED YET
C038  D0 FA     BNE $C034                       A:00 X:AF Y:0D P:A4 SP:FF PPU: NOT IMPLEMENTED YET
C034  8D 07 20  STA $2007 = 00                  A:00 X:AF Y:0D P:A4 SP:FF PPU: NOT IMPLEMENTED YET
C037  CA        DEX                             A:00 X:AF Y:0D P:A4 SP:FF PPU: NOT IMPLEMENTED YET
C038  D0 FA     BNE $C034                       A:00 X:AE Y:0D P:A4 SP:FF PPU: NOT IMPLEMENTED YET
C034  8D 07 20  STA $2007 = 00                  A:00 X:AE Y:0D P:A4 SP:FF PPU: NOT IMPLEMENTED YET
C037  CA        DEX                             A:00 X:AE Y:0D P:A4 SP:FF PPU: NOT IMPLEMENTED YET
C038  D0 FA     BNE $C034                       A:00 X:AD Y:0D P:A4 SP:FF PPU: NOT IMPLEMENTED YET
C034  8D 07 20  STA $2007 = 00                  A:00 X:AD Y:0D P:A4 SP:FF PPU: NOT IMPLEMENTED YET
C037  CA        DEX                             A:00 X:AD Y:0D P:A4 SP:FF PPU: NOT IMPLEMENTED YET
C038  D0 FA     BNE $C034                       A:00 X:AC Y:0D P:A4 SP:FF PPU: NOT IMPLEMENTED YET
C034  8D 07 20  STA $2007 = 00                  A:00 X:AC Y:0D P:A4 SP:FF PPU: NOT IMPLEMENTED YET
C037  CA        DEX                             A:00 X:AC Y:0D P:A4 SP:FF PPU: NOT IMPLEMENTED YET
C038  D0 FA     BNE $C034                       A:00 X:AB Y:0D P:A4 SP:FF PPU: NOT IMPLEMENTED YET
C034  8D 07 20  STA $2007 = 00                  A:00 X:AB Y:0D P:A4 SP:FF PPU: NOT IMPLEMENTED YET
C037  CA        DEX                             A:00 X:AB Y:0D P:A4 SP:FF PPU: NOT IMPLEMENTED YET
C038  D0 FA     BNE $C034                       A:00 X:AA Y:0D P:A4 SP:FF PPU: NOT IMPLEMENTED YET
C034  8D 07 20  STA $2007 = 00                  A:00 X:AA Y:0D P:A4 SP:FF PPU: NOT IMPLEMENTED YET
C037  CA        DEX                             A:00 X:AA Y:0D P:A4 SP:FF PPU: NOT IMPLEMENTED YET
C038  D0 FA     BNE $C034                       A:00 X:A9 Y:0D P:A4 SP:FF PPU: NOT IMPLEMENTED YET
C034  8D 07 20  STA $2007 = 00                  A:00 X:A9 Y:0D P:A4 SP:FF PPU: NOT IMPLEMENTED YET
C037  CA        DEX                             A:00 X:A9 Y:0D P:A4 SP:FF PPU: NOT IMPLEMENTED YET
C038  D0 FA     BNE $C034                       A:00 X:A8 Y:0D P:A4 SP:FF PPU: NOT IMPLEMENTED YET
C034  8D 07 20  STA $2007 = 00                  A:00 X:A8 Y:0D P:A4 SP:FF PPU: NOT IMPLEMENTED YET
C037  CA        DEX                             A:00 X:A8 Y:0D P:A4 SP:FF PPU: NOT IMPLEMENTED YET
C038  D0 FA     BNE $C034                       A:00 X:A7 Y:0D P:A4 SP:FF PPU: NOT IMPLEMENTED YET
C034  8D 07 20  STA $2007 = 00                  A:00 X:A7 Y:0D P:A4 SP:FF PPU: NOT IMPLEMENTED YET
C037  CA        DEX                             A:00 X:A7 Y:0D P:A4 SP:FF PPU: NOT IMPLEMENTED YET
C038  D0 FA     BNE $C034                       A:00 X:A6 Y:0D P:A4 SP:FF PPU: NOT IMPLEMENTED YET
C034  8D 07 20  STA $2007 = 00                  A:00 X:A6 Y:0D P:A4 SP:FF PPU: NOT IMPLEMENTED YET
C037  CA        DEX                             A:00 X:A6 Y:0D P:A4 SP:FF PPU: NOT IMPLEMENTED YET
C038  D0 FA     BNE $C034                       A:00 X:A5 Y:0D P:A4 SP:FF PPU: NOT IMPLEMENTED YET
C034  8D 07 20  STA $2007 = 00                  A:00 X:A5 Y:0D P:A4 SP:FF PPU: NOT IMPLEMENTED YET
C037  CA        DEX                             A:00 X:A5 Y:0D P:A4 SP:FF PPU: NOT IMPLEMENTED YET
C038  D0 FA     BNE $C034                       A:00 X:A4 Y:0D P:A4 SP:FF PPU: NOT IMPLEMENTED YET
C034  8D 07 20  STA $2007 = 00                  A:00 X:A4 Y:0D P:A4 SP:FF PPU: NOT IMPLEMENTED YET
C037  CA        DEX                             A:00 X:A4 Y:0D P:A4 SP:FF PPU: NOT IMPLEMENTED YET
C038  D0 FA     BNE $C034                       A:00 X:A3 Y:0D P:A4 SP:FF PPU: NOT IMPLEMENTED YET
C034  8D 07 20  STA $2007 = 00                  A:00 X:A3 Y:0D P:A4 SP:FF PPU: NOT IMPLEMENTED YET
C037  CA        DEX                             A:00 X:A3 Y:0D P:A4 SP:FF PPU: NOT IMPLEMENTED YET
C038  D0 FA     BNE $C034                       A:00 X:A2 Y:0D P:A4 SP:FF PPU: NOT IMPLEMENTED YET
C034  8D 07 20  STA $2007 = 00                  A:00 X:A2 Y:0D P:A4 SP:FF PPU: NOT IMPLEMENTED YET
C037  CA        DEX                             A:00 X:A2 Y:0D P:A4 SP:FF PPU: NOT IMPLEMENTED YET
C038  D0 FA     BNE $C034                       A:00 X:A1 Y:0D P:A4 SP:FF PPU: NOT IMPLEMENTED YET
C034  8D 07 20  STA $2007 = 00                  A:00 X:A1 Y:0D P:A4 SP:FF PPU: NOT IMPLEMENTED YET
C037  CA        DEX                             A:00 X:A1 Y:0D P:A4 SP:FF PPU: NOT IMPLEMENTED YET
C038  D0 FA     BNE $C034                       A:00 X:A0 Y:0D P:A4 SP:FF PPU: NOT IMPLEMENTED YET
C034  8D 07 20  STA $2007 = 00                  A:00 X:A0 Y:0D P:A4 SP:FF PPU: NOT IMPLEMENTED YET
C037  CA        DEX                             A:00 X:A0 Y:0D P:A4 SP:FF PPU: NOT IMPLEMENTED YET
C038  D0 FA     BNE $C034                       A:00 X:9F Y:0D P:A4 SP:FF PPU: NOT IMPLEMENTED YET
C034  8D 07 20  STA $2007 = 00                  A:00 X:9F Y:0D P:A4 SP:FF PPU: NOT IMPLEMENTED YET
C037  CA        DEX                             A:00 X:9F Y:0D P:A4 SP:FF PPU: NOT IMPLEMENTED YET
C038  D0 FA     BNE $C034                       A:00 X:9E Y:0D P:A4 SP:FF PPU: NOT IMPLEMENTED YET
C034  8D 07 20  STA $2007 = 00                  A:00 X:9E Y:0D P:A4 SP:FF PPU: NOT IMPLEMENTED YET
C037  CA        DEX                             A:00 X:9E Y:0D P:A4 SP:FF PPU: NOT IMPLEMENTED YET
C038  D0 FA     BNE $C034                       A:00 X:9D Y:0D P:A4 SP:FF PPU: NOT IMPLEMENTED YET
C034  8D 07 20  STA $2007 = 00                  A:00 X:9D Y:0D P:A4 SP:FF PPU: NOT IMPLEMENTED YET
C037  CA        DEX                             A:00 X:9D Y:0D P:A4 SP:FF PPU: NOT IMPLEMENTED YET
C038  D0 FA     BNE $C034                       A:00 X:9C Y:0D P:A4 SP:FF PPU: NOT IMPLEMENTED YET
C034  8D 07 20  STA $2007 = 00                  A:00 X:9C Y:0D P:A4 SP:FF PPU: NOT IMPLEMENTED YET
C037  CA        DEX                             A:00 X:9C Y:0D P:A4 SP:FF PPU: NOT IMPLEMENTED YET
C038  D0 FA     BNE $C034                       A:00 X:9B Y:0D P:A4 SP:FF PPU: NOT IMPLEMENTED YET
C034  8D 07 20  STA $2007 = 00                  A:00 X:9B Y:0D P:A4 SP:FF PPU: NOT IMPLEMENTED YET
C037  CA        DEX                             A:00 X:9B Y:0D P:A4 SP:FF PPU: NOT IMPLEMENTED YET
C038  D0 FA     BNE $C034                       A:00 X:9A Y:0D P:A4 SP:FF PPU: NOT IMPLEMENTED YET
C034  8D 07 20  STA $2007 = 00                  A:00 X:9A Y:0D P:A4 SP:FF PPU: NOT IMPLEMENTED YET
C037  CA        DEX                             A:00 X:9A Y:0D P:A4 SP:FF PPU: NOT IMPLEMENTED YET
C038  D0 FA     BNE $C034                       A:00 X:99 Y:0D P:A4 SP:FF PPU: NOT IMPLEMENTED YET
C034  8D 07 20  STA $2007 = 00                  A:00 X:99 Y:0D P:A4 SP:FF PPU: NOT IMPLEMENTED YET
C037  CA        DEX                             A:00 X:99 Y:0D P:A4 SP:FF PPU: NOT IMPLEMENTED YET
C038  D0 FA     BNE $C034                       A:00 X:98 Y:0D P:A4 SP:FF PPU: NOT IMPLEMENTED YET
C034  8D 07 20  STA $2007 = 00                  A:00 X:98 Y:0D P:A4 SP:FF PPU: NOT IMPLEMENTED YET
C037  CA        DEX                             A:00 X:98 Y:0D P:A4 SP:FF PPU: NOT IMPLEMENTED YET
C038  D0 FA     BNE $C034                       A:00 X:97 Y:0D P:A4 SP:FF PPU: NOT IMPLEMENTED YET
C034  8D 07 20  STA $2007 = 00                  A:00 X:97 Y:0D P:A4 SP:FF PPU: NOT IMPLEMENTED YET
C037  CA        DEX                             A:00 X:97 Y:0D P:A4 SP:FF PPU: NOT IMPLEMENTED YET
C038  D0 FA     BNE $C034                       A:00 X:96 Y:0D P:A4 SP:FF PPU: NOT IMPLEMENTED YET
C034  8D 07 20  STA $2007 = 00                  A:00 X:96 Y:0D P:A4 SP:FF PPU: NOT IMPLEMENTED YET
C037  CA        DEX                             A:00 X:96 Y:0D P:A4 SP:FF PPU: NOT IMPLEMENTED YET
C038  D0 FA     BNE $C034                       A:00 X:95 Y:0D P:A4 SP:FF PPU: NOT IMPLEMENTED YET
C034  8D 07 20  STA $2007 = 00                  A:00 X:95 Y:0D P:A4 SP:FF PPU: NOT IMPLEMENTED YET
C037  CA        DEX                             A:00 X:95 Y:0D P:A4 SP:FF PPU: NOT IMPLEMENTED YET
C038  D0 FA     BNE $C034                       A:00 X:94 Y:0D P:A4 SP:FF PPU: NOT IMPLEMENTED YET
C034  8D 07 20  STA $2007 = 00                  A:00 X:94 Y:0D P:A4 SP:FF PPU: NOT IMPLEMENTED YET
C037  CA        DEX                             A:00 X:94 Y:0D P:A4 SP:FF PPU: NOT IMPLEMENTED YET
C038  D0 FA     BNE $C034                       A:00 X:93 Y:0D P:A4 SP:FF PPU: NOT IMPLEMENTED YET
C034  8D 07 20  STA $2007 = 00                  A:00 X:93 Y:0D P:A4 SP:FF PPU: NOT IMPLEMENTED YET
C037  CA        DEX                             A:00 X:93 Y:0D P:A4 SP:FF PPU: NOT IMPLEMENTED YET
C038  D0 FA     BNE $C034                       A:00 X:92 Y:0D P:A4 SP:FF PPU: NOT IMPLEMENTED YET
C034  8D 07 20  STA $2007 = 00                  A:00 X:92 Y:0D P:A4 SP:FF PPU: NOT IMPLEMENTED YET
C037  CA        DEX                             A:00 X:92 Y:0D P:A4 SP:FF PPU: NOT IMPLEMENTED YET
C038  D0 FA     BNE $C034                       A:00 X:91 Y:0D P:A4 SP:FF PPU: NOT IMPLEMENTED YET
C034  8D 07 20  STA $2007 = 00                  A:00 X:91 Y:0D P:A4 SP:FF PPU: NOT IMPLEMENTED YET
C037  CA        DEX                             A:00 X:91 Y:0D P:A4 SP:FF PPU: NOT IMPLEMENTED YET
C038  D0 FA     BNE $C034                       A:00 X:90 Y:0D P:A4 SP:FF PPU: NOT IMPLEMENTED YET
C034  8D 07 20  STA $2007 = 00                  A:00 X:90 Y:0D P:A4 SP:FF PPU: NOT IMPLEMENTED YET
C037  CA        DEX                             A:00 X:90 Y:0D P:A4 SP:FF PPU: NOT IMPLEMENTED YET
C038  D0 FA     BNE $C034                       A:00 X:8F Y:0D P:A4 SP:FF PPU: NOT IMPLEMENTED YET
C034  8D 07 20  STA $2007 = 00                  A:00 X:8F Y:0D P:A4 SP:FF PPU: NOT IMPLEMENTED YET
C037  CA        DEX                             A:00 X:8F Y:0D P:A4 SP:FF PPU: NOT IMPLEMENTED YET
C038  D0 FA     BNE $C034                       A:00 X:8E Y:0D P:A4 SP:FF PPU: NOT IMPLEMENTED YET
C034  8D 07 20  STA $2007 = 00                  A:00 X:8E Y:0D P:A4 SP:FF PPU: NOT IMPLEMENTED YET
C037  CA        DEX                             A:00 X:8E Y:0D P:A4 SP:FF PPU: NOT IMPLEMENTED YET
C038  D0 FA     BNE $C034                       A:00 X:8D Y:0D P:A4 SP:FF PPU: NOT IMPLEMENTED YET
C034  8D 07 20  STA $2007 = 00                  A:00 X:8D Y:0D P:A4 SP:FF PPU: NOT IMPLEMENTED YET
C037  CA        DEX                             A:00 X:8D Y:0D P:A4 SP:FF PPU: NOT IMPLEMENTED YET
C038  D0 FA     BNE $C034                       A:00 X:8C Y:0D P:A4 SP:FF PPU: NOT IMPLEMENTED YET
C034  8D 07 20  STA $2007 = 00                  A:00 X:8C Y:0D P:A4 SP:FF PPU: NOT IMPLEMENTED YET
C037  CA        DEX                             A:00 X:8C Y:0D P:A4 SP:FF PPU: NOT IMPLEMENTED YET
C038  D0 FA     BNE $C034                       A:00 X:8B Y:0D P:A4 SP:FF PPU: NOT IMPLEMENTED YET
C034  8D 07 20  STA $2007 = 00                  A:00 X:8B Y:0D P:A4 SP:FF PPU: NOT IMPLEMENTED YET
C037  CA        DEX                             A:00 X:8B Y:0D P:A4 SP:FF PPU: NOT IMPLEMENTED YET
C038  D0 FA     BNE $C034                       A:00 X:8A Y:0D P:A4 SP:FF PPU: NOT IMPLEMENTED YET
C034  8D 07 20  STA $2007 = 00                  A:00 X:8A Y:0D P:A4 SP:FF PPU: NOT IMPLEMENTED YET
C037  CA        DEX                             A:00 X:8A Y:0D P:A4 SP:FF PPU: NOT IMPLEMENTED YET
C038  D0 FA     BNE $C034                       A:00 X:89 Y:0D P:A4 SP:FF PPU: NOT IMPLEMENTED YET
C034  8D 07 20  STA $2007 = 00                  A:00 X:89 Y:0D P:A4 SP:FF PPU: NOT IMPLEMENTED YET
C037  CA        DEX                             A:00 X:89 Y:0D P:A4 SP:FF PPU: NOT IMPLEMENTED YET
C038  D0 FA     BNE $C034                       A:00 X:88 Y:0D P:A4 SP:FF PPU: NOT IMPLEMENTED YET
C034  8D 07 20  STA $2007 = 00                  A:00 X:88 Y:0D P:A4 SP:FF PPU: NOT IMPLEMENTED YET
C037  CA        DEX                             A:00 X:88 Y:0D P:A4 SP:FF PPU: NOT IMPLEMENTED YET
C038  D0 FA     BNE $C034                       A:00 X:87 Y:0D P:A4 SP:FF PPU: NOT IMPLEMENTED YET
C034  8D 07 20  STA $2007 = 00                  A:00 X:87 Y:0D P:A4 SP:FF PPU: NOT IMPLEMENTED YET
C037  CA        DEX                             A:00 X:87 Y:0D P:A4 SP:FF PPU: NOT IMPLEMENTED YET
C038  D0 FA     BNE $C034                       A:00 X:86 Y:0D P:A4 SP:FF PPU: NOT IMPLEMENTED YET
C034  8D 07 20  STA $2007 = 00                  A:00 X:86 Y:0D P:A4 SP:FF PPU: NOT IMPLEMENTED YET
C037  CA        DEX                             A:00 X:86 Y:0D P:A4 SP:FF PPU: NOT IMPLEMENTED YET
C038  D0 FA     BNE $C034                       A:00 X:85 Y:0D P:A4 SP:FF PPU: NOT IMPLEMENTED YET
C034  8D 07 20  STA $2007 = 00                  A:00 X:85 Y:0D P:A4 SP:FF PPU: NOT IMPLEMENTED YET
C037  CA        DEX                             A:00 X:85 Y:0D P:A4 SP:FF PPU: NOT IMPLEMENTED YET
C038  D0 FA     BNE $C034                       A:00 X:84 Y:0D P:A4 SP:FF PPU: NOT IMPLEMENTED YET
C034  8D 07 20  STA $2007 = 00                  A:00 X:84 Y:0D P:A4 SP:FF PPU: NOT IMPLEMENTED YET
C037  CA        DEX                             A:00 X:84 Y:0D P:A4 SP:FF PPU: NOT IMPLEMENTED YET
C038  D0 FA     BNE $C034                       A:00 X:83 Y:0D P:A4 SP:FF PPU: NOT IMPLEMENTED YET
C034  8D 07 20  STA $2007 = 00                  A:00 X:83 Y:0D P:A4 SP:FF PPU: NOT IMPLEMENTED YET
C037  CA        DEX                             A:00 X:83 Y:0D P:A4 SP:FF PPU: NOT IMPLEMENTED YET
C038  D0 FA     BNE $C034                       A:00 X:82 Y:0D P:A4 SP:FF PPU: NOT IMPLEMENTED YET
C034  8D 07 20  STA $2007 = 00                  A:00 X:82 Y:0D P:A4 SP:FF PPU: NOT IMPLEMENTED YET
C037  CA        DEX                             A:00 X:82 Y:0D P:A4 SP:FF PPU: NOT IMPLEMENTED YET
C038  D0 FA     BNE $C034                       A:00 X:81 Y:0D P:A4 SP:FF PPU: NOT IMPLEMENTED YET
C034  8D 07 20  STA $2007 = 00                  A:00 X:81 Y:0D P:A4 SP:FF PPU: NOT IMPLEMENTED YET
C037  CA        DEX                             A:00 X:81 Y:0D P:A4 SP:FF PPU: NOT IMPLEMENTED YET
C038  D0 FA     BNE $C034                       A:00 X:80 Y:0D P:A4 SP:FF PPU: NOT IMPLEMENTED YET
C034  8D 07 20  STA $2007 = 00                  A:00 X:80 Y:0D P:A4 SP:FF PPU: NOT IMPLEMENTED YET
C037  CA        DEX                             A:00 X:80 Y:0D P:A4 SP:FF PPU: NOT IMPLEMENTED YET
C038  D0 FA     BNE $C034                       A:00 X:7F Y:0D P:24 SP:FF PPU: NOT IMPLEMENTED YET
C034  8D 07 20  STA $2007 = 00                  A:00 X:7F Y:0D P:24 SP:FF PPU: NOT IMPLEMENTED YET
C037  CA        DEX                             A:00 X:7F Y:0D P:24 SP:FF PPU: NOT IMPLEMENTED YET
C038  D0 FA     BNE $C034                       A:00 X:7E Y:0D P:24 SP:FF PPU: NOT IMPLEMENTED YET
C034  8D 07 20  STA $2007 = 00                  A:00 X:7E Y:0D P:24 SP:FF PPU: NOT IMPLEMENTED YET
C037  CA        DEX                             A:00 X:7E Y:0D P:24 SP:FF PPU: NOT IMPLEMENTED YET
C038  D0 FA     BNE $C034                       A:00 X:7D Y:0D P:24 SP:FF PPU: NOT IMPLEMENTED YET
C034  8D 07 20  STA $2007 = 00                  A:00 X:7D Y:0D P:24 SP:FF PPU: NOT IMPLEMENTED YET
C037  CA        DEX                             A:00 X:7D Y:0D P:24 SP:FF PPU: NOT IMPLEMENTED YET
C038  D0 FA     BNE $C034                       A:00 X:7C Y:0D P:24 SP:FF PPU: NOT IMPLEMENTED YET
C034  8D 07 20  STA $2007 = 00                  A:00 X:7C Y:0D P:24 SP:FF PPU: NOT IMPLEMENTED YET
C037  CA        DEX                             A:00 X:7C Y:0D P:24 SP:FF PPU: NOT IMPLEMENTED YET
C038  D0 FA     BNE $C034                       A:00 X:7B Y:0D P:24 SP:FF PPU: NOT IMPLEMENTED YET
C034  8D 07 20  STA $2007 = 00                  A:00 X:7B Y:0D P:24 SP:FF PPU: NOT IMPLEMENTED YET
C037  CA        DEX                             A:00 X:7B Y:0D P:24 SP:FF PPU: NOT IMPLEMENTED YET
C038  D0 FA     BNE $C034                       A:00 X:7A Y:0D P:24 SP:FF PPU: NOT IMPLEMENTED YET
C034  8D 07 20  STA $2007 = 00                  A:00 X:7A Y:0D P:24 SP:FF PPU: NOT IMPLEMENTED YET
C037  CA        DEX                             A:00 X:7A Y:0D P:24 SP:FF PPU: NOT IMPLEMENTED YET
C038  D0 FA     BNE $C034                       A:00 X:79 Y:0D P:24 SP:FF PPU: NOT IMPLEMENTED YET
C034  8D 07 20  STA $2007 = 00                  A:00 X:79 Y:0D P:24 SP:FF PPU: NOT IMPLEMENTED YET
C037  CA        DEX                             A:00 X:79 Y:0D P:24 SP:FF PPU: NOT IMPLEMENTED YET
C038  D0 FA     BNE $C034                       A:00 X:78 Y:0D P:24 SP:FF PPU: NOT IMPLEMENTED YET
C034  8D 07 20  STA $2007 = 00                  A:00 X:78 Y:0D P:24 SP:FF PPU: NOT IMPLEMENTED YET
C037  CA        DEX                             A:00 X:78 Y:0D P:24 SP:FF PPU: NOT IMPLEMENTED YET
C038  D0 FA     BNE $C034                       A:00 X:77 Y:0D P:24 SP:FF PPU: NOT IMPLEMENTED YET
C034  8D 07 20  STA $2007 = 00                  A:00 X:77 Y:0D P:24 SP:FF PPU: NOT IMPLEMENTED YET
C037  CA        DEX                             A:00 X:77 Y:0D P:24 SP:FF PPU: NOT IMPLEMENTED YET
C038  D0 FA     BNE $C034                       A:00 X:76 Y:0D P:24 SP:FF PPU: NOT IMPLEMENTED YET
C034  8D 07 20  STA $2007 = 00                  A:00 X:76 Y:0D P:24 SP:FF PPU: NOT IMPLEMENTED YET
C037  CA        DEX                             A:00 X:76 Y:0D P:24 SP:FF PPU: NOT IMPLEMENTED YET
C038  D0 FA     BNE $C034                       A:00 X:75 Y:0D P:24 SP:FF PPU: NOT IMPLEMENTED YET
C034  8D 07 20  STA $2007 = 00                  A:00 X:75 Y:0D P:24 SP:FF PPU: NOT IMPLEMENTED YET
C037  CA        DEX                             A:00 X:75 Y:0D P:24 SP:FF PPU: NOT IMPLEMENTED YET
C038  D0 FA     BNE $C034                       A:00 X:74 Y:0D P:24 SP:FF PPU: NOT IMPLEMENTED YET
C034  8D 07 20  STA $2007 = 00                  A:00 X:74 Y:0D P:24 SP:FF PPU: NOT IMPLEMENTED YET
C037  CA        DEX                             A:00 X:74 Y:0D P:24 SP:FF PPU: NOT IMPLEMENTED YET
C038  D0 FA     BNE $C034                       A:00 X:73 Y:0D P:24 SP:FF PPU: NOT IMPLEMENTED YET
C034  8D 07 20  STA $2007 = 00                  A:00 X:73 Y:0D P:24 SP:FF PPU: NOT IMPLEMENTED YET
C037  CA        DEX                             A:00 X:73 Y:0D P:24 SP:FF PPU: NOT IMPLEMENTED YET
C038  D0 FA     BNE $C034                       A:00 X:72 Y:0D P:24 SP:FF PPU: NOT IMPLEMENTED YET
C034  8D 07 20  STA $2007 = 00                  A:00 X:72 Y:0D P:24 SP:FF PPU: NOT IMPLEMENTED YET
C037  CA        DEX                             A:00 X:72 Y:0D P:24 SP:FF PPU: NOT IMPLEMENTED YET
C038  D0 FA     BNE $C034                       A:00 X:71 Y:0D P:24 SP:FF PPU: NOT IMPLEMENTED YET
C034  8D 07 20  STA $2007 = 00                  A:00 X:71 Y:0D P:24 SP:FF PPU: NOT IMPLEMENTED YET
C037  CA        DEX                             A:00 X:71 Y:0D P:24 SP:FF PPU: NOT IMPLEMENTED YET
C038  D0 FA     BNE $C034                       A:00 X:70 Y:0D P:24 SP:FF PPU: NOT IMPLEMENTED YET
C034  8D 07 20  STA $2007 = 00                  A:00 X:70 Y:0D P:24 SP:FF PPU: NOT IMPLEMENTED YET
C037  CA        DEX                             A:00 X:70 Y:0D P:24 SP:FF PPU: NOT IMPLEMENTED YET
C038  D0 FA     BNE $C034                       A:00 X:6F Y:0D P:24 SP:FF PPU: NOT IMPLEMENTED YET
C034  8D 07 20  STA $2007 = 00                  A:00 X:6F Y:0D P:24 SP:FF PPU: NOT IMPLEMENTED YET
C037  CA        DEX                             A:00 X:6F Y:0D P:24 SP:FF PPU: NOT IMPLEMENTED YET
C038  D0 FA     BNE $C034                       A:00 X:6E Y:0D P:24 SP:FF PPU: NOT IMPLEMENTED YET
C034  8D 07 20  STA $2007 = 00                  A:00 X:6E Y:0D P:24 SP:FF PPU: NOT IMPLEMENTED YET
C037  CA        DEX                             A:00 X:6E Y:0D P:24 SP:FF PPU: NOT IMPLEMENTED YET
C038  D0 FA     BNE $C034                       A:00 X:6D Y:0D P:24 SP:FF PPU: NOT IMPLEMENTED YET
C034  8D 07 20  STA $2007 = 00                  A:00 X:6D Y:0D P:24 SP:FF PPU: NOT IMPLEMENTED YET
C037  CA        DEX                             A:00 X:6D Y:0D P:24 SP:FF PPU: NOT IMPLEMENTED YET
C038  D0 FA     BNE $C034                       A:00 X:6C Y:0D P:24 SP:FF PPU: NOT IMPLEMENTED YET
C034  8D 07 20  STA $2007 = 00                  A:00 X:6C Y:0D P:24 SP:FF PPU: NOT IMPLEMENTED YET
C037  CA        DEX                             A:00 X:6C Y:0D P:24 SP:FF PPU: NOT IMPLEMENTED YET
C038  D0 FA     BNE $C034                       A:00 X:6B Y:0D P:24 SP:FF PPU: NOT IMPLEMENTED YET
C034  8D 07 20  STA $2007 = 00                  A:00 X:6B Y:0D P:24 SP:FF PPU: NOT IMPLEMENTED YET
C037  CA        DEX                             A:00 X:6B Y:0D P:24 SP:FF PPU: NOT IMPLEMENTED YET
C038  D0 FA     BNE $C034                       A:00 X:6A Y:0D P:24 SP:FF PPU: NOT IMPLEMENTED YET
C034  8D 07 20  STA $2007 = 00                  A:00 X:6A Y:0D P:24 SP:FF PPU: NOT IMPLEMENTED YET
C037  CA        DEX                             A:00 X:6A Y:0D P:24 SP:FF PPU: NOT IMPLEMENTED YET
C038  D0 FA     BNE $C034                       A:00 X:69 Y:0D P:24 SP:FF PPU: NOT IMPLEMENTED YET
C034  8D 07 20  STA $2007 = 00                  A:00 X:69 Y:0D P:24 SP:FF PPU: NOT IMPLEMENTED YET
C037  CA        DEX                             A:00 X:69 Y:0D P:24 SP:FF PPU: NOT IMPLEMENTED YET
C038  D0 FA     BNE $C034                       A:00 X:68 Y:0D P:24 SP:FF PPU: NOT IMPLEMENTED YET
C034  8D 07 20  STA $2007 = 00                  A:00 X:68 Y:0D P:24 SP:FF PPU: NOT IMPLEMENTED YET
C037  CA        DEX                             A:00 X:68 Y:0D P:24 SP:FF PPU: NOT IMPLEMENTED YET
C038  D0 FA     BNE $C034                       A:00 X:67 Y:0D P:24 SP:FF PPU: NOT IMPLEMENTED YET
C034  8D 07 20  STA $2007 = 00                  A:00 X:67 Y:0D P:24 SP:FF PPU: NOT IMPLEMENTED YET
C037  CA        DEX                             A:00 X:67 Y:0D P:24 SP:FF PPU: NOT IMPLEMENTED YET
C038  D0 FA     BNE $C034                       A:00 X:66 Y:0D P:24 SP:FF PPU: NOT IMPLEMENTED YET
C034  8D 07 20  STA $2007 = 00                  A:00 X:66 Y:0D P:24 SP:FF PPU: NOT IMPLEMENTED YET
C037  CA        DEX                             A:00 X:66 Y:0D P:24 SP:FF PPU: NOT IMPLEMENTED YET
C038  D0 FA     BNE $C034                       A:00 X:65 Y:0D P:24 SP:FF PPU: NOT IMPLEMENTED YET
C034  8D 07 20  STA $2007 = 00                  A:00 X:65 Y:0D P:24 SP:FF PPU: NOT IMPLEMENTED YET
C037  CA        DEX                             A:00 X:65 Y:0D P:24 SP:FF PPU: NOT IMPLEMENTED YET
C038  D0 FA     BNE $C034                       A:00 X:64 Y:0D P:24 SP:FF PPU: NOT IMPLEMENTED YET
C034  8D 07 20  STA $2007 = 00                  A:00 X:64 Y:0D P:24 SP:FF PPU: NOT IMPLEMENTED YET
C037  CA        DEX                             A:00 X:64 Y:0D P:24 SP:FF PPU: NOT IMPLEMENTED YET
C038  D0 FA     BNE $C034                       A:00 X:63 Y:0D P:24 SP:FF PPU: NOT IMPLEMENTED YET
C034  8D 07 20  STA $2007 = 00                  A:00 X:63 Y:0D P:24 SP:FF PPU: NOT IMPLEMENTED YET
C037  CA        DEX                             A:00 X:63 Y:0D P:24 SP:FF PPU: NOT IMPLEMENTED YET
C038  D0 FA     BNE $C034                       A:00 X:62 Y:0D P:24 SP:FF PPU: NOT IMPLEMENTED YET
C034  8D 07 20  STA $2007 = 00                  A:00 X:62 Y:0D P:24 SP:FF PPU: NOT IMPLEMENTED YET
C037  CA        DEX                             A:00 X:62 Y:0D P:24 SP:FF PPU: NOT IMPLEMENTED YET
C038  D0 FA     BNE $C034                       A:00 X:61 Y:0D P:24 SP:FF PPU: NOT IMPLEMENTED YET
C034  8D 07 20  STA $2007 = 00                  A:00 X:61 Y:0D P:24 SP:FF PPU: NOT IMPLEMENTED YET
C037  CA        DEX                             A:00 X:61 Y:0D P:24 SP:FF PPU: NOT IMPLEMENTED YET
C038  D0 FA     BNE $C034                       A:00 X:60 Y:0D P:24 SP:FF PPU: NOT IMPLEMENTED YET
C034  8D 07 20  STA $2007 = 00                  A:00 X:60 Y:0D P:24 SP:FF PPU: NOT IMPLEMENTED YET
C037  CA        DEX                             A:00 X:60 Y:0D P:24 SP:FF PPU: NOT IMPLEMENTED YET
C038  D0 FA     BNE $C034                       A:00 X:5F Y:0D P:24 SP:FF PPU: NOT IMPLEMENTED YET
C034  8D 07 20  STA $2007 = 00                  A:00 X:5F Y:0D P:24 SP:FF PPU: NOT IMPLEMENTED YET
C037  CA        DEX                             A:00 X:5F Y:0D P:24 SP:FF PPU: NOT IMPLEMENTED YET
C038  D0 FA     BNE $C034                       A:00 X:5E Y:0D P:24 SP:FF PPU: NOT IMPLEMENTED YET
C034  8D 07 20  STA $2007 = 00                  A:00 X:5E Y:0D P:24 SP:FF PPU: NOT IMPLEMENTED YET
C037  CA        DEX                             A:00 X:5E Y:0D P:24 SP:FF PPU: NOT IMPLEMENTED YET
C038  D0 FA     BNE $C034                       A:00 X:5D Y:0D P:24 SP:FF PPU: NOT IMPLEMENTED YET
C034  8D 07 20  STA $2007 = 00                  A:00 X:5D Y:0D P:24 SP:FF PPU: NOT IMPLEMENTED YET
C037  CA        DEX                             A:00 X:5D Y:0D P:24 SP:FF PPU: NOT IMPLEMENTED YET
C038  D0 FA     BNE $C034                       A:00 X:5C Y:0D P:24 SP:FF PPU: NOT IMPLEMENTED YET
C034  8D 07 20  STA $2007 = 00                  A:00 X:5C Y:0D P:24 SP:FF PPU: NOT IMPLEMENTED YET
C037  CA        DEX                             A:00 X:5C Y:0D P:24 SP:FF PPU: NOT IMPLEMENTED YET
C038  D0 FA     BNE $C034                       A:00 X:5B Y:0D P:24 SP:FF PPU: NOT IMPLEMENTED YET
C034  8D 07 20  STA $2007 = 00                  A:00 X:5B Y:0D P:24 SP:FF PPU: NOT IMPLEMENTED YET
C037  CA        DEX                             A:00 X:5B Y:0D P:24 SP:FF PPU: NOT IMPLEMENTED YET
C038  D0 FA     BNE $C034                       A:00 X:5A Y:0D P:24 SP:FF PPU: NOT IMPLEMENTED YET
C034  8D 07 20  STA $2007 = 00                  A:00 X:5A Y:0D P:24 SP:FF PPU: NOT IMPLEMENTED YET
C037  CA        DEX                             A:00 X:5A Y:0D P:24 SP:FF PPU: NOT IMPLEMENTED YET
C038  D0 FA     BNE $C034                       A:00 X:59 Y:0D P:24 SP:FF PPU: NOT IMPLEMENTED YET
C034  8D 07 20  STA $2007 = 00                  A:00 X:59 Y:0D P:24 SP:FF PPU: NOT IMPLEMENTED YET
C037  CA        DEX                             A:00 X:59 Y:0D P:24 SP:FF PPU: NOT IMPLEMENTED YET
C038  D0 FA     BNE $C034                       A:00 X:58 Y:0D P:24 SP:FF PPU: NOT IMPLEMENTED YET
C034  8D 07 20  STA $2007 = 00                  A:00 X:58 Y:0D P:24 SP:FF PPU: NOT IMPLEMENTED YET
C037  CA        DEX                             A:00 X:58 Y:0D P:24 SP:FF PPU: NOT IMPLEMENTED YET
C038  D0 FA     BNE $C034                       A:00 X:57 Y:0D P:24 SP:FF PPU: NOT IMPLEMENTED YET
C034  8D 07 20  STA $2007 = 00                  A:00 X:57 Y:0D P:24 SP:FF PPU: NOT IMPLEMENTED YET
C037  CA        DEX                             A:00 X:57 Y:0D P:24 SP:FF PPU: NOT IMPLEMENTED YET
C038  D0 FA     BNE $C034                       A:00 X:56 Y:0D P:24 SP:FF PPU: NOT IMPLEMENTED YET
C034  8D 07 20  STA $2007 = 00                  A:00 X:56 Y:0D P:24 SP:FF PPU: NOT IMPLEMENTED YET
C037  CA        DEX                             A:00 X:56 Y:0D P:24 SP:FF PPU: NOT IMPLEMENTED YET
C038  D0 FA     BNE $C034                       A:00 X:55 Y:0D P:24 SP:FF PPU: NOT IMPLEMENTED YET
C034  8D 07 20  STA $2007 = 00                  A:00 X:55 Y:0D P:24 SP:FF PPU: NOT IMPLEMENTED YET
C037  CA        DEX                             A:00 X:55 Y:0D P:24 SP:FF PPU: NOT IMPLEMENTED YET
C038  D0 FA     BNE $C034                       A:00 X:54 Y:0D P:24 SP:FF PPU: NOT IMPLEMENTED YET
C034  8D 07 20  STA $2007 = 00                  A:00 X:54 Y:0D P:24 SP:FF PPU: NOT IMPLEMENTED YET
C037  CA        DEX                             A:00 X:54 Y:0D P:24 SP:FF PPU: NOT IMPLEMENTED YET
C038  D0 FA     BNE $C034                       A:00 X:53 Y:0D P:24 SP:FF PPU: NOT IMPLEMENTED YET
C034  8D 07 20  STA $2007 = 00                  A:00 X:53 Y:0D P:24 SP:FF PPU: NOT IMPLEMENTED YET
C037  CA        DEX                             A:00 X:53 Y:0D P:24 SP:FF PPU: NOT IMPLEMENTED YET
C038  D0 FA     BNE $C034                       A:00 X:52 Y:0D P:24 SP:FF PPU: NOT IMPLEMENTED YET
C034  8D 07 20  STA $2007 = 00                  A:00 X:52 Y:0D P:24 SP:FF PPU: NOT IMPLEMENTED YET
C037  CA        DEX                             A:00 X:52 Y:0D P:24 SP:FF PPU: NOT IMPLEMENTED YET
C038  D0 FA     BNE $C034                       A:00 X:51 Y:0D P:24 SP:FF PPU: NOT IMPLEMENTED YET
C034  8D 07 20  STA $2007 = 00                  A:00 X:51 Y:0D P:24 SP:FF PPU: NOT IMPLEMENTED YET
C037  CA        DEX                             A:00 X:51 Y:0D P:24 SP:FF PPU: NOT IMPLEMENTED YET
C038  D0 FA     BNE $C034                       A:00 X:50 Y:0D P:24 SP:FF PPU: NOT IMPLEMENTED YET
C034  8D 07 20  STA $2007 = 00                  A:00 X:50 Y:0D P:24 SP:FF PPU: NOT IMPLEMENTED YET
C037  CA        DEX                             A:00 X:50 Y:0D P:24 SP:FF PPU: NOT IMPLEMENTED YET
C038  D0 FA     BNE $C034                       A:00 X:4F Y:0D P:24 SP:FF PPU: NOT IMPLEMENTED YET
C034  8D 07 20  STA $2007 = 00                  A:00 X:4F Y:0D P:24 SP:FF PPU: NOT IMPLEMENTED YET
C037  CA        DEX                             A:00 X:4F Y:0D P:24 SP:FF PPU: NOT IMPLEMENTED YET
C038  D0 FA     BNE $C034                       A:00 X:4E Y:0D P:24 SP:FF PPU: NOT IMPLEMENTED YET
C034  8D 07 20  STA $2007 = 00                  A:00 X:4E Y:0D P:24 SP:FF PPU: NOT IMPLEMENTED YET
C037  CA        DEX                             A:00 X:4E Y:0D P:24 SP:FF PPU: NOT IMPLEMENTED YET
C038  D0 FA     BNE $C034                       A:00 X:4D Y:0D P:24 SP:FF PPU: NOT IMPLEMENTED YET
C034  8D 07 20  STA $2007 = 00                  A:00 X:4D Y:0D P:24 SP:FF PPU: NOT IMPLEMENTED YET
C037  CA        DEX                             A:00 X:4D Y:0D P:24 SP:FF PPU: NOT IMPLEMENTED YET
C038  D0 FA     BNE $C034                       A:00 X:4C Y:0D P:24 SP:FF PPU: NOT IMPLEMENTED YET
C034  8D 07 20  STA $2007 = 00                  A:00 X:4C Y:0D P:24 SP:FF PPU: NOT IMPLEMENTED YET
C037  CA        DEX                             A:00 X:4C Y:0D P:24 SP:FF PPU: NOT IMPLEMENTED YET
C038  D0 FA     BNE $C034                       A:00 X:4B Y:0D P:24 SP:FF PPU: NOT IMPLEMENTED YET
C034  8D 07 20  STA $2007 = 00                  A:00 X:4B Y:0D P:24 SP:FF PPU: NOT IMPLEMENTED YET
C037  CA        DEX                             A:00 X:4B Y:0D P:24 SP:FF PPU: NOT IMPLEMENTED YET
C038  D0 FA     BNE $C034                       A:00 X:4A Y:0D P:24 SP:FF PPU: NOT IMPLEMENTED YET
C034  8D 07 20  STA $2007 = 00                  A:00 X:4A Y:0D P:24 SP:FF PPU: NOT IMPLEMENTED YET
C037  CA        DEX                             A:00 X:4A Y:0D P:24 SP:FF PPU: NOT IMPLEMENTED YET
C038  D0 FA     BNE $C034                       A:00 X:49 Y:0D P:24 SP:FF PPU: NOT IMPLEMENTED YET
C034  8D 07 20  STA $2007 = 00                  A:00 X:49 Y:0D P:24 SP:FF PPU: NOT IMPLEMENTED YET
C037  CA        DEX                             A:00 X:49 Y:0D P:24 SP:FF PPU: NOT IMPLEMENTED YET
C038  D0 FA     BNE $C034                       A:00 X:48 Y:0D P:24 SP:FF PPU: NOT IMPLEMENTED YET
C034  8D 07 20  STA $2007 = 00                  A:00 X:48 Y:0D P:24 SP:FF PPU: NOT IMPLEMENTED YET
C037  CA        DEX                             A:00 X:48 Y:0D P:24 SP:FF PPU: NOT IMPLEMENTED YET
C038  D0 FA     BNE $C034                       A:00 X:47 Y:0D P:24 SP:FF PPU: NOT IMPLEMENTED YET
C034  8D 07 20  STA $2007 = 00                  A:00 X:47 Y:0D P:24 SP:FF PPU: NOT IMPLEMENTED YET
C037  CA        DEX                             A:00 X:47 Y:0D P:24 SP:FF PPU: NOT IMPLEMENTED YET
C038  D0 FA     BNE $C034                       A:00 X:46 Y:0D P:24 SP:FF PPU: NOT IMPLEMENTED YET
C034  8D 07 20  STA $2007 = 00                  A:00 X:46 Y:0D P:24 SP:FF PPU: NOT IMPLEMENTED YET
C037  CA        DEX                             A:00 X:46 Y:0D P:24 SP:FF PPU: NOT IMPLEMENTED YET
C038  D0 FA     BNE $C034                       A:00 X:45 Y:0D P:24 SP:FF PPU: NOT IMPLEMENTED YET
C034  8D 07 20  STA $2007 = 00                  A:00 X:45 Y:0D P:24 SP:FF PPU: NOT IMPLEMENTED YET
C037  CA        DEX                             A:00 X:45 Y:0D P:24 SP:FF PPU: NOT IMPLEMENTED YET
C038  D0 FA     BNE $C034                       A:00 X:44 Y:0D P:24 SP:FF PPU: NOT IMPLEMENTED YET
C034  8D 07 20  STA $2007 = 00                  A:00 X:44 Y:0D P:24 SP:FF PPU: NOT IMPLEMENTED YET
C037  CA        DEX                             A:00 X:44 Y:0D P:24 SP:FF PPU: NOT IMPLEMENTED YET
C038  D0 FA     BNE $C034                       A:00 X:43 Y:0D P:24 SP:FF PPU: NOT IMPLEMENTED YET
C034  8D 07 20  STA $2007 = 00                  A:00 X:43 Y:0D P:24 SP:FF PPU: NOT IMPLEMENTED YET
C037  CA        DEX                             A:00 X:43 Y:0D P:24 SP:FF PPU: NOT IMPLEMENTED YET
C038  D0 FA     BNE $C034                       A:00 X:42 Y:0D P:24 SP:FF PPU: NOT IMPLEMENTED YET
C034  8D 07 20  STA $2007 = 00                  A:00 X:42 Y:0D P:24 SP:FF PPU: NOT IMPLEMENTED YET
C037  CA        DEX                             A:00 X:42 Y:0D P:24 SP:FF PPU: NOT IMPLEMENTED YET
C038  D0 FA     BNE $C034                       A:00 X:41 Y:0D P:24 SP:FF PPU: NOT IMPLEMENTED YET
C034  8D 07 20  STA $2007 = 00                  A:00 X:41 Y:0D P:24 SP:FF PPU: NOT IMPLEMENTED YET
C037  CA        DEX                             A:00 X:41 Y:0D P:24 SP:FF PPU: NOT IMPLEMENTED YET
C038  D0 FA     BNE $C034                       A:00 X:40 Y:0D P:24 SP:FF PPU: NOT IMPLEMENTED YET
C034  8D 07 20  STA $2007 = 00                  A:00 X:40 Y:0D P:24 SP:FF PPU: NOT IMPLEMENTED YET
C037  CA        DEX                             A:00 X:40 Y:0D P:24 SP:FF PPU: NOT IMPLEMENTED YET
C038  D0 FA     BNE $C034                       A:00 X:3F Y:0D P:24 SP:FF PPU: NOT IMPLEMENTED YET
C034  8D 07 20  STA $2007 = 00                  A:00 X:3F Y:0D P:24 SP:FF PPU: NOT IMPLEMENTED YET
C037  CA        DEX                             A:00 X:3F Y:0D P:24 SP:FF PPU: NOT IMPLEMENTED YET
C038  D0 FA     BNE $C034                       A:00 X:3E Y:0D P:24 SP:FF PPU: NOT IMPLEMENTED YET
C034  8D 07 20  STA $2007 = 00                  A:00 X:3E Y:0D P:24 SP:FF PPU: NOT IMPLEMENTED YET
C037  CA        DEX                             A:00 X:3E Y:0D P:24 SP:FF PPU: NOT IMPLEMENTED YET
C038  D0 FA     BNE $C034                       A:00 X:3D Y:0D P:24 SP:FF PPU: NOT IMPLEMENTED YET
C034  8D 07 20  STA $2007 = 00                  A:00 X:3D Y:0D P:24 SP:FF PPU: NOT IMPLEMENTED YET
C037  CA        DEX                             A:00 X:3D Y:0D P:24 SP:FF PPU: NOT IMPLEMENTED YET
C038  D0 FA     BNE $C034                       A:00 X:3C Y:0D P:24 SP:FF PPU: NOT IMPLEMENTED YET
C034  8D 07 20  STA $2007 = 00                  A:00 X:3C Y:0D P:24 SP:FF PPU: NOT IMPLEMENTED YET
C037  CA        DEX                             A:00 X:3C Y:0D P:24 SP:FF PPU: NOT IMPLEMENTED YET
C038  D0 FA     BNE $C034                       A:00 X:3B Y:0D P:24 SP:FF PPU: NOT IMPLEMENTED YET
C034  8D 07 20  STA $2007 = 00                  A:00 X:3B Y:0D P:24 SP:FF PPU: NOT IMPLEMENTED YET
C037  CA        DEX                             A:00 X:3B Y:0D P:24 SP:FF PPU: NOT IMPLEMENTED YET
C038  D0 FA     BNE $C034                       A:00 X:3A Y:0D P:24 SP:FF PPU: NOT IMPLEMENTED YET
C034  8D 07 20  STA $2007 = 00                  A:00 X:3A Y:0D P:24 SP:FF PPU: NOT IMPLEMENTED YET
C037  CA        DEX                             A:00 X:3A Y:0D P:24 SP:FF PPU: NOT IMPLEMENTED YET
C038  D0 FA     BNE $C034                       A:00 X:39 Y:0D P:24 SP:FF PPU: NOT IMPLEMENTED YET
C034  8D 07 20  STA $2007 = 00                  A:00 X:39 Y:0D P:24 SP:FF PPU: NOT IMPLEMENTED YET
C037  CA        DEX                             A:00 X:39 Y:0D P:24 SP:FF PPU: NOT IMPLEMENTED YET
C038  D0 FA     BNE $C034                       A:00 X:38 Y:0D P:24 SP:FF PPU: NOT IMPLEMENTED YET
C034  8D 07 20  STA $2007 = 00                  A:00 X:38 Y:0D P:24 SP:FF PPU: NOT IMPLEMENTED YET
C037  CA        DEX                             A:00 X:38 Y:0D P:24 SP:FF PPU: NOT IMPLEMENTED YET
C038  D0 FA     BNE $C034                       A:00 X:37 Y:0D P:24 SP:FF PPU: NOT IMPLEMENTED YET
C034  8D 07 20  STA $2007 = 00                  A:00 X:37 Y:0D P:24 SP:FF PPU: NOT IMPLEMENTED YET
C037  CA        DEX                             A:00 X:37 Y:0D P:24 SP:FF PPU: NOT IMPLEMENTED YET
C038  D0 FA     BNE $C034                       A:00 X:36 Y:0D P:24 SP:FF PPU: NOT IMPLEMENTED YET
C034  8D 07 20  STA $2007 = 00                  A:00 X:36 Y:0D P:24 SP:FF PPU: NOT IMPLEMENTED YET
C037  CA        DEX                             A:00 X:36 Y:0D P:24 SP:FF PPU: NOT IMPLEMENTED YET
C038  D0 FA     BNE $C034                       A:00 X:35 Y:0D P:24 SP:FF PPU: NOT IMPLEMENTED YET
C034  8D 07 20  STA $2007 = 00                  A:00 X:35 Y:0D P:24 SP:FF PPU: NOT IMPLEMENTED YET
C037  CA        DEX                             A:00 X:35 Y:0D P:24 SP:FF PPU: NOT IMPLEMENTED YET
C038  D0 FA     BNE $C034                       A:00 X:34 Y:0D P:24 SP:FF PPU: NOT IMPLEMENTED YET
C034  8D 07 20  STA $2007 = 00                  A:00 X:34 Y:0D P:24 SP:FF PPU: NOT IMPLEMENTED YET
C037  CA        DEX                             A:00 X:34 Y:0D P:24 SP:FF PPU: NOT IMPLEMENTED YET
C038  D0 FA     BNE $C034                       A:00 X:33 Y:0D P:24 SP:FF PPU: NOT IMPLEMENTED YET
C034  8D 07 20  STA $2007 = 00                  A:00 X:33 Y:0D P:24 SP:FF PPU: NOT IMPLEMENTED YET
C037  CA        DEX                             A:00 X:33 Y:0D P:24 SP:FF PPU: NOT IMPLEMENTED YET
C038  D0 FA     BNE $C034                       A:00 X:32 Y:0D P:24 SP:FF PPU: NOT IMPLEMENTED YET
C034  8D 07 20  STA $2007 = 00                  A:00 X:32 Y:0D P:24 SP:FF PPU: NOT IMPLEMENTED YET
C037  CA        DEX                             A:00 X:32 Y:0D P:24 SP:FF PPU: NOT IMPLEMENTED YET
C038  D0 FA     BNE $C034                       A:00 X:31 Y:0D P:24 SP:FF PPU: NOT IMPLEMENTED YET
C034  8D 07 20  STA $2007 = 00                  A:00 X:31 Y:0D P:24 SP:FF PPU: NOT IMPLEMENTED YET
C037  CA        DEX                             A:00 X:31 Y:0D P:24 SP:FF PPU: NOT IMPLEMENTED YET
C038  D0 FA     BNE $C034                       A:00 X:30 Y:0D P:24 SP:FF PPU: NOT IMPLEMENTED YET
C034  8D 07 20  STA $2007 = 00                  A:00 X:30 Y:0D P:24 SP:FF PPU: NOT IMPLEMENTED YET
C037  CA        DEX                             A:00 X:30 Y:0D P:24 SP:FF PPU: NOT IMPLEMENTED YET
C038  D0 FA     BNE $C034                       A:00 X:2F Y:0D P:24 SP:FF PPU: NOT IMPLEMENTED YET
C034  8D 07 20  STA $2007 = 00                  A:00 X:2F Y:0D P:24 SP:FF PPU: NOT IMPLEMENTED YET
C037  CA        DEX                             A:00 X:2F Y:0D P:24 SP:FF PPU: NOT IMPLEMENTED YET
C038  D0 FA     BNE $C034                       A:00 X:2E Y:0D P:24 SP:FF PPU: NOT IMPLEMENTED YET
C034  8D 07 20  STA $2007 = 00                  A:00 X:2E Y:0D P:24 SP:FF PPU: NOT IMPLEMENTED YET
C037  CA        DEX                             A:00 X:2E Y:0D P:24 SP:FF PPU: NOT IMPLEMENTED YET
C038  D0 FA     BNE $C034                       A:00 X:2D Y:0D P:24 SP:FF PPU: NOT IMPLEMENTED YET
C034  8D 07 20  STA $2007 = 00                  A:00 X:2D Y:0D P:24 SP:FF PPU: NOT IMPLEMENTED YET
C037  CA        DEX                             A:00 X:2D Y:0D P:24 SP:FF PPU: NOT IMPLEMENTED YET
C038  D0 FA     BNE $C034                       A:00 X:2C Y:0D P:24 SP:FF PPU: NOT IMPLEMENTED YET
C034  8D 07 20  STA $2007 = 00                  A:00 X:2C Y:0D P:24 SP:FF PPU: NOT IMPLEMENTED YET
C037  CA        DEX                             A:00 X:2C Y:0D P:24 SP:FF PPU: NOT IMPLEMENTED YET
C038  D0 FA     BNE $C034                       A:00 X:2B Y:0D P:24 SP:FF PPU: NOT IMPLEMENTED YET
C034  8D 07 20  STA $2007 = 00                  A:00 X:2B Y:0D P:24 SP:FF PPU: NOT IMPLEMENTED YET
C037  CA        DEX                             A:00 X:2B Y:0D P:24 SP:FF PPU: NOT IMPLEMENTED YET
C038  D0 FA     BNE $C034                       A:00 X:2A Y:0D P:24 SP:FF PPU: NOT IMPLEMENTED YET
C034  8D 07 20  STA $2007 = 00                  A:00 X:2A Y:0D P:24 SP:FF PPU: NOT IMPLEMENTED YET
C037  CA        DEX                             A:00 X:2A Y:0D P:24 SP:FF PPU: NOT IMPLEMENTED YET
C038  D0 FA     BNE $C034                       A:00 X:29 Y:0D P:24 SP:FF PPU: NOT IMPLEMENTED YET
C034  8D 07 20  STA $2007 = 00                  A:00 X:29 Y:0D P:24 SP:FF PPU: NOT IMPLEMENTED YET
C037  CA        DEX                             A:00 X:29 Y:0D P:24 SP:FF PPU: NOT IMPLEMENTED YET
C038  D0 FA     BNE $C034                       A:00 X:28 Y:0D P:24 SP:FF PPU: NOT IMPLEMENTED YET
C034  8D 07 20  STA $2007 = 00                  A:00 X:28 Y:0D P:24 SP:FF PPU: NOT IMPLEMENTED YET
C037  CA        DEX                             A:00 X:28 Y:0D P:24 SP:FF PPU: NOT IMPLEMENTED YET
C038  D0 FA     BNE $C034                       A:00 X:27 Y:0D P:24 SP:FF PPU: NOT IMPLEMENTED YET
C034  8D 07 20  STA $2007 = 00                  A:00 X:27 Y:0D P:24 SP:FF PPU: NOT IMPLEMENTED YET
C037  CA        DEX                             A:00 X:27 Y:0D P:24 SP:FF PPU: NOT IMPLEMENTED YET
C038  D0 FA     BNE $C034                       A:00 X:26 Y:0D P:24 SP:FF PPU: NOT IMPLEMENTED YET
C034  8D 07 20  STA $2007 = 00                  A:00 X:26 Y:0D P:24 SP:FF PPU: NOT IMPLEMENTED YET
C037  CA        DEX                             A:00 X:26 Y:0D P:24 SP:FF PPU: NOT IMPLEMENTED YET
C038  D0 FA     BNE $C034                       A:00 X:25 Y:0D P:24 SP:FF PPU: NOT IMPLEMENTED YET
C034  8D 07 20  STA $2007 = 00                  A:00 X:25 Y:0D P:24 SP:FF PPU: NOT IMPLEMENTED YET
C037  CA        DEX                             A:00 X:25 Y:0D P:24 SP:FF PPU: NOT IMPLEMENTED YET
C038  D0 FA     BNE $C034                       A:00 X:24 Y:0D P:24 SP:FF PPU: NOT IMPLEMENTED YET
C034  8D 07 20  STA $2007 = 00                  A:00 X:24 Y:0D P:24 SP:FF PPU: NOT IMPLEMENTED YET
C037  CA        DEX                             A:00 X:24 Y:0D P:24 SP:FF PPU: NOT IMPLEMENTED YET
C038  D0 FA     BNE $C034                       A:00 X:23 Y:0D P:24 SP:FF PPU: NOT IMPLEMENTED YET
C034  8D 07 20  STA $2007 = 00                  A:00 X:23 Y:0D P:24 SP:FF PPU: NOT IMPLEMENTED YET
C037  CA        DEX                             A:00 X:23 Y:0D P:24 SP:FF PPU: NOT IMPLEMENTED YET
C038  D0 FA     BNE $C034                       A:00 X:22 Y:0D P:24 SP:FF PPU: NOT IMPLEMENTED YET
C034  8D 07 20  STA $2007 = 00                  A:00 X:22 Y:0D P:24 SP:FF PPU: NOT IMPLEMENTED YET
C037  CA        DEX                             A:00 X:22 Y:0D P:24 SP:FF PPU: NOT IMPLEMENTED YET
C038  D0 FA     BNE $C034                       A:00 X:21 Y:0D P:24 SP:FF PPU: NOT IMPLEMENTED YET
C034  8D 07 20  STA $2007 = 00                  A:00 X:21 Y:0D P:24 SP:FF PPU: NOT IMPLEMENTED YET
C037  CA        DEX                             A:00 X:21 Y:0D P:24 SP:FF PPU: NOT IMPLEMENTED YET
C038  D0 FA     BNE $C034                       A:00 X:20 Y:0D P:24 SP:FF PPU: NOT IMPLEMENTED YET
C034  8D 07 20  STA $2007 = 00                  A:00 X:20 Y:0D P:24 SP:FF PPU: NOT IMPLEMENTED YET
C037  CA        DEX                             A:00 X:20 Y:0D P:24 SP:FF PPU: NOT IMPLEMENTED YET
C038  D0 FA     BNE $C034                       A:00 X:1F Y:0D P:24 SP:FF PPU: NOT IMPLEMENTED YET
C034  8D 07 20  STA $2007 = 00                  A:00 X:1F Y:0D P:24 SP:FF PPU: NOT IMPLEMENTED YET
C037  CA        DEX                             A:00 X:1F Y:0D P:24 SP:FF PPU: NOT IMPLEMENTED YET
C038  D0 FA     BNE $C034                       A:00 X:1E Y:0D P:24 SP:FF PPU: NOT IMPLEMENTED YET
C034  8D 07 20  STA $2007 = 00                  A:00 X:1E Y:0D P:24 SP:FF PPU: NOT IMPLEMENTED YET
C037  CA        DEX                             A:00 X:1E Y:0D P:24 SP:FF PPU: NOT IMPLEMENTED YET
C038  D0 FA     BNE $C034                       A:00 X:1D Y:0D P:24 SP:FF PPU: NOT IMPLEMENTED YET
C034  8D 07 20  STA $2007 = 00                  A:00 X:1D Y:0D P:24 SP:FF PPU: NOT IMPLEMENTED YET
C037  CA        DEX                             A:00 X:1D Y:0D P:24 SP:FF PPU: NOT IMPLEMENTED YET
C038  D0 FA     BNE $C034                       A:00 X:1C Y:0D P:24 SP:FF PPU: NOT IMPLEMENTED YET
C034  8D 07 20  STA $2007 = 00                  A:00 X:1C Y:0D P:24 SP:FF PPU: NOT IMPLEMENTED YET
C037  CA        DEX                             A:00 X:1C Y:0D P:24 SP:FF PPU: NOT IMPLEMENTED YET
C038  D0 FA     BNE $C034                       A:00 X:1B Y:0D P:24 SP:FF PPU: NOT IMPLEMENTED YET
C034  8D 07 20  STA $2007 = 00                  A:00 X:1B Y:0D P:24 SP:FF PPU: NOT IMPLEMENTED YET
C037  CA        DEX                             A:00 X:1B Y:0D P:24 SP:FF PPU: NOT IMPLEMENTED YET
C038  D0 FA     BNE $C034                       A:00 X:1A Y:0D P:24 SP:FF PPU: NOT IMPLEMENTED YET
C034  8D 07 20  STA $2007 = 00                  A:00 X:1A Y:0D P:24 SP:FF PPU: NOT IMPLEMENTED YET
C037  CA        DEX                             A:00 X:1A Y:0D P:24 SP:FF PPU: NOT IMPLEMENTED YET
C038  D0 FA     BNE $C034                       A:00 X:19 Y:0D P:24 SP:FF PPU: NOT IMPLEMENTED YET
C034  8D 07 20  STA $2007 = 00                  A:00 X:19 Y:0D P:24 SP:FF PPU: NOT IMPLEMENTED YET
C037  CA        DEX                             A:00 X:19 Y:0D P:24 SP:FF PPU: NOT IMPLEMENTED YET
C038  D0 FA     BNE $C034                       A:00 X:18 Y:0D P:24 SP:FF PPU: NOT IMPLEMENTED YET
C034  8D 07 20  STA $2007 = 00                  A:00 X:18 Y:0D P:24 SP:FF PPU: NOT IMPLEMENTED YET
C037  CA        DEX                             A:00 X:18 Y:0D P:24 SP:FF PPU: NOT IMPLEMENTED YET
C038  D0 FA     BNE $C034                       A:00 X:17 Y:0D P:24 SP:FF PPU: NOT IMPLEMENTED YET
C034  8D 07 20  STA $2007 = 00                  A:00 X:17 Y:0D P:24 SP:FF PPU: NOT IMPLEMENTED YET
C037  CA        DEX                             A:00 X:17 Y:0D P:24 SP:FF PPU: NOT IMPLEMENTED YET
C038  D0 FA     BNE $C034                       A:00 X:16 Y:0D P:24 SP:FF PPU: NOT IMPLEMENTED YET
C034  8D 07 20  STA $2007 = 00                  A:00 X:16 Y:0D P:24 SP:FF PPU: NOT IMPLEMENTED YET
C037  CA        DEX                             A:00 X:16 Y:0D P:24 SP:FF PPU: NOT IMPLEMENTED YET
C038  D0 FA     BNE $C034                       A:00 X:15 Y:0D P:24 SP:FF PPU: NOT IMPLEMENTED YET
C034  8D 07 20  STA $2007 = 00                  A:00 X:15 Y:0D P:24 SP:FF PPU: NOT IMPLEMENTED YET
C037  CA        DEX                             A:00 X:15 Y:0D P:24 SP:FF PPU: NOT IMPLEMENTED YET
C038  D0 FA     BNE $C034                       A:00 X:14 Y:0D P:24 SP:FF PPU: NOT IMPLEMENTED YET
C034  8D 07 20  STA $2007 = 00                  A:00 X:14 Y:0D P:24 SP:FF PPU: NOT IMPLEMENTED YET
C037  CA        DEX                             A:00 X:14 Y:0D P:24 SP:FF PPU: NOT IMPLEMENTED YET
C038  D0 FA     BNE $C034                       A:00 X:13 Y:0D P:24 SP:FF PPU: NOT IMPLEMENTED YET
C034  8D 07 20  STA $2007 = 00                  A:00 X:13 Y:0D P:24 SP:FF PPU: NOT IMPLEMENTED YET
C037  CA        DEX                             A:00 X:13 Y:0D P:24 SP:FF PPU: NOT IMPLEMENTED YET
C038  D0 FA     BNE $C034                       A:00 X:12 Y:0D P:24 SP:FF PPU: NOT IMPLEMENTED YET
C034  8D 07 20  STA $2007 = 00                  A:00 X:12 Y:0D P:24 SP:FF PPU: NOT IMPLEMENTED YET
C037  CA        DEX                             A:00 X:12 Y:0D P:24 SP:FF PPU: NOT IMPLEMENTED YET
C038  D0 FA     BNE $C034                       A:00 X:11 Y:0D P:24 SP:FF PPU: NOT IMPLEMENTED YET
C034  8D 07 20  STA $2007 = 00                  A:00 X:11 Y:0D P:24 SP:FF PPU: NOT IMPLEMENTED YET
C037  CA        DEX                             A:00 X:11 Y:0D P:24 SP:FF PPU: NOT IMPLEMENTED YET
C038  D0 FA     BNE $C034                       A:00 X:10 Y:0D P:24 SP:FF PPU: NOT IMPLEMENTED YET
C034  8D 07 20  STA $2007 = 00                  A:00 X:10 Y:0D P:24 SP:FF PPU: NOT IMPLEMENTED YET
C037  CA        DEX                             A:00 X:10 Y:0D P:24 SP:FF PPU: NOT IMPLEMENTED YET
C038  D0 FA     BNE $C034                       A:00 X:0F Y:0D P:24 SP:FF PPU: NOT IMPLEMENTED YET
C034  8D 07 20  STA $2007 = 00                  A:00 X:0F Y:0D P:24 SP:FF PPU: NOT IMPLEMENTED YET
C037  CA        DEX                             A:00 X:0F Y:0D P:24 SP:FF PPU: NOT IMPLEMENTED YET
C038  D0 FA     BNE $C034                       A:00 X:0E Y:0D P:24 SP:FF PPU: NOT IMPLEMENTED YET
C034  8D 07 20  STA $2007 = 00                  A:00 X:0E Y:0D P:24 SP:FF PPU: NOT IMPLEMENTED YET
C037  CA        DEX                             A:00 X:0E Y:0D P:24 SP:FF PPU: NOT IMPLEMENTED YET
C038  D0 FA     BNE $C034                       A:00 X:0D Y:0D P:24 SP:FF PPU: NOT IMPLEMENTED YET
C034  8D 07 20  STA $2007 = 00                  A:00 X:0D Y:0D P:24 SP:FF PPU: NOT IMPLEMENTED YET
C037  CA        DEX                             A:00 X:0D Y:0D P:24 SP:FF PPU: NOT IMPLEMENTED YET
C038  D0 FA     BNE $C034                       A:00 X:0C Y:0D P:24 SP:FF PPU: NOT IMPLEMENTED YET
C034  8D 07 20  STA $2007 = 00                  A:00 X:0C Y:0D P:24 SP:FF PPU: NOT IMPLEMENTED YET
C037  CA        DEX                             A:00 X:0C Y:0D P:24 SP:FF PPU: NOT IMPLEMENTED YET
C038  D0 FA     BNE $C034                       A:00 X:0B Y:0D P:24 SP:FF PPU: NOT IMPLEMENTED YET
C034  8D 07 20  STA $2007 = 00                  A:00 X:0B Y:0D P:24 SP:FF PPU: NOT IMPLEMENTED YET
C037  CA        DEX                             A:00 X:0B Y:0D P:24 SP:FF PPU: NOT IMPLEMENTED YET
C038  D0 FA     BNE $C034                       A:00 X:0A Y:0D P:24 SP:FF PPU: NOT IMPLEMENTED YET
C034  8D 07 20  STA $2007 = 00                  A:00 X:0A Y:0D P:24 SP:FF PPU: NOT IMPLEMENTED YET
C037  CA        DEX                             A:00 X:0A Y:0D P:24 SP:FF PPU: NOT IMPLEMENTED YET
C038  D0 FA     BNE $C034                       A:00 X:09 Y:0D P:24 SP:FF PPU: NOT IMPLEMENTED YET
C034  8D 07 20  STA $2007 = 00                  A:00 X:09 Y:0D P:24 SP:FF PPU: NOT IMPLEMENTED YET
C037  CA        DEX                             A:00 X:09 Y:0D P:24 SP:FF PPU: NOT IMPLEMENTED YET
C038  D0 FA     BNE $C034                       A:00 X:08 Y:0D P:24 SP:FF PPU: NOT IMPLEMENTED YET
C034  8D 07 20  STA $2007 = 00                  A:00 X:08 Y:0D P:24 SP:FF PPU: NOT IMPLEMENTED YET
C037  CA        DEX                             A:00 X:08 Y:0D P:24 SP:FF PPU: NOT IMPLEMENTED YET
C038  D0 FA     BNE $C034                       A:00 X:07 Y:0D P:24 SP:FF PPU: NOT IMPLEMENTED YET
C034  8D 07 20  STA $2007 = 00                  A:00 X:07 Y:0D P:24 SP:FF PPU: NOT IMPLEMENTED YET
C037  CA        DEX                             A:00 X:07 Y:0D P:24 SP:FF PPU: NOT IMPLEMENTED YET
C038  D0 FA     BNE $C034                       A:00 X:06 Y:0D P:24 SP:FF PPU: NOT IMPLEMENTED YET
C034  8D 07 20  STA $2007 = 00                  A:00 X:06 Y:0D P:24 SP:FF PPU: NOT IMPLEMENTED YET
C037  CA        DEX                             A:00 X:06 Y:0D P:24 SP:FF PPU: NOT IMPLEMENTED YET
C038  D0 FA     BNE $C034                       A:00 X:05 Y:0D P:24 SP:FF PPU: NOT IMPLEMENTED YET
C034  8D 07 20  STA $2007 = 00                  A:00 X:05 Y:0D P:24 SP:FF PPU: NOT IMPLEMENTED YET
C037  CA        DEX                             A:00 X:05 Y:0D P:24 SP:FF PPU: NOT IMPLEMENTED YET
C038  D0 FA     BNE $C034                       A:00 X:04 Y:0D P:24 SP:FF PPU: NOT IMPLEMENTED YET
C034  8D 07 20  STA $2007 = 00                  A:00 X:04 Y:0D P:24 SP:FF PPU: NOT IMPLEMENTED YET
C037  CA        DEX                             A:00 X:04 Y:0D P:24 SP:FF PPU: NOT IMPLEMENTED YET
C038  D0 FA     BNE $C034                       A:00 X:03 Y:0D P:24 SP:FF PPU: NOT IMPLEMENTED YET
C034  8D 07 20  STA $2007 = 00                  A:00 X:03 Y:0D P:24 SP:FF PPU: NOT IMPLEMENTED YET
C037  CA        DEX                             A:00 X:03 Y:0D P:24 SP:FF PPU: NOT IMPLEMENTED YET
C038  D0 FA     BNE $C034                       A:00 X:02 Y:0D P:24 SP:FF PPU: NOT IMPLEMENTED YET
C034  8D 07 20  STA $2007 = 00                  A:00 X:02 Y:0D P:24 SP:FF PPU: NOT IMPLEMENTED YET
C037  CA        DEX                             A:00 X:02 Y:0D P:24 SP:FF PPU: NOT IMPLEMENTED YET
C038  D0 FA     BNE $C034                       A:00 X:01 Y:0D P:24 SP:FF PPU: NOT IMPLEMENTED YET
C034  8D 07 20  STA $2007 = 00                  A:00 X:01 Y:0D P:24 SP:FF PPU: NOT IMPLEMENTED YET
C037  CA        DEX                             A:00 X:01 Y:0D P:24 SP:FF PPU: NOT IMPLEMENTED YET
C038  D0 FA     BNE $C034                       A:00 X:00 Y:0D P:26 SP:FF PPU: NOT IMPLEMENTED YET
C03A  88        DEY                             A:00 X:00 Y:0D P:26 SP:FF PPU: NOT IMPLEMENTED YET
C03B  D0 F7     BNE $C034                       A:00 X:00 Y:0C P:24 SP:FF PPU: NOT IMPLEMENTED YET
C034  8D 07 20  STA $2007 = 00                  A:00 X:00 Y:0C P:24 SP:FF PPU: NOT IMPLEMENTED YET
C037  CA        DEX                             A:00 X:00 Y:0C P:24 SP:FF PPU: NOT IMPLEMENTED YET
C038  D0 FA     BNE $C034                       A:00 X:FF Y:0C P:A4 SP:FF PPU: NOT IMPLEMENTED YET
C034  8D 07 20  STA $2007 = 00                  A:00 X:FF Y:0C P:A4 SP:FF PPU: NOT IMPLEMENTED YET
C037  CA        DEX                             A:00 X:FF Y:0C P:A4 SP:FF PPU: NOT IMPLEMENTED YET
C038  D0 FA     BNE $C034                       A:00 X:FE Y:0C P:A4 SP:FF PPU: NOT IMPLEMENTED YET
C034  8D 07 20  STA $2007 = 00                  A:00 X:FE Y:0C P:A4 SP:FF PPU: NOT IMPLEMENTED YET
C037  CA        DEX                             A:00 X:FE Y:0C P:A4 SP:FF PPU: NOT IMPLEMENTED YET
C038  D0 FA     BNE $C034                       A:00 X:FD Y:0C P:A4 SP:FF PPU: NOT IMPLEMENTED YET
C034  8D 07 20  STA $2007 = 00                  A:00 X:FD Y:0C P:A4 SP:FF PPU: NOT IMPLEMENTED YET
C037  CA        DEX                             A:00 X:FD Y:0C P:A4 SP:FF PPU: NOT IMPLEMENTED YET
C038  D0 FA     BNE $C034                       A:00 X:FC Y:0C P:A4 SP:FF PPU: NOT IMPLEMENTED YET
C034  8D 07 20  STA $2007 = 00                  A:00 X:FC Y:0C P:A4 SP:FF PPU: NOT IMPLEMENTED YET
C037  CA        DEX                             A:00 X:FC Y:0C P:A4 SP:FF PPU: NOT IMPLEMENTED YET
C038  D0 FA     BNE $C034                       A:00 X:FB Y:0C P:A4 SP:FF PPU: NOT IMPLEMENTED YET
C034  8D 07 20  STA $2007 = 00                  A:00 X:FB Y:0C P:A4 SP:FF PPU: NOT IMPLEMENTED YET
C037  CA        DEX                             A:00 X:FB Y:0C P:A4 SP:FF PPU: NOT IMPLEMENTED YET
C038  D0 FA     BNE $C034                       A:00 X:FA Y:0C P:A4 SP:FF PPU: NOT IMPLEMENTED YET
C034  8D 07 20  STA $2007 = 00                  A:00 X:FA Y:0C P:A4 SP:FF PPU: NOT IMPLEMENTED YET
C037  CA        DEX                             A:00 X:FA Y:0C P:A4 SP:FF PPU: NOT IMPLEMENTED YET
C038  D0 FA     BNE $C034                       A:00 X:F9 Y:0C P:A4 SP:FF PPU: NOT IMPLEMENTED YET
C034  8D 07 20  STA $2007 = 00                  A:00 X:F9 Y:0C P:A4 SP:FF PPU: NOT IMPLEMENTED YET
C037  CA        DEX                             A:00 X:F9 Y:0C P:A4 SP:FF PPU: NOT IMPLEMENTED YET
C038  D0 FA     BNE $C034                       A:00 X:F8 Y:0C P:A4 SP:FF PPU: NOT IMPLEMENTED YET
C034  8D 07 20  STA $2007 = 00                  A:00 X:F8 Y:0C P:A4 SP:FF PPU: NOT IMPLEMENTED YET
C037  CA        DEX                             A:00 X:F8 Y:0C P:A4 SP:FF PPU: NOT IMPLEMENTED YET
C038  D0 FA     BNE $C034                       A:00 X:F7 Y:0C P:A4 SP:FF PPU: NOT IMPLEMENTED YET
C034  8D 07 20  STA $2007 = 00                  A:00 X:F7 Y:0C P:A4 SP:FF PPU: NOT IMPLEMENTED YET
C037  CA        DEX                             A:00 X:F7 Y:0C P:A4 SP:FF PPU: NOT IMPLEMENTED YET
C038  D0 FA     BNE $C034                       A:00 X:F6 Y:0C P:A4 SP:FF PPU: NOT IMPLEMENTED YET
C034  8D 07 20  STA $2007 = 00                  A:00 X:F6 Y:0C P:A4 SP:FF PPU: NOT IMPLEMENTED YET
C037  CA        DEX                             A:00 X:F6 Y:0C P:A4 SP:FF PPU: NOT IMPLEMENTED YET
C038  D0 FA     BNE $C034                       A:00 X:F5 Y:0C P:A4 SP:FF PPU: NOT IMPLEMENTED YET
C034  8D 07 20  STA $2007 = 00                  A:00 X:F5 Y:0C P:A4 SP:FF PPU: NOT IMPLEMENTED YET
C037  CA        DEX                             A:00 X:F5 Y:0C P:A4 SP:FF PPU: NOT IMPLEMENTED YET
C038  D0 FA     BNE $C034                       A:00 X:F4 Y:0C P:A4 SP:FF PPU: NOT IMPLEMENTED YET
C034  8D 07 20  STA $2007 = 00                  A:00 X:F4 Y:0C P:A4 SP:FF PPU: NOT IMPLEMENTED YET
C037  CA        DEX                             A:00 X:F4 Y:0C P:A4 SP:FF PPU: NOT IMPLEMENTED YET
C038  D0 FA     BNE $C034                       A:00 X:F3 Y:0C P:A4 SP:FF PPU: NOT IMPLEMENTED YET
C034  8D 07 20  STA $2007 = 00                  A:00 X:F3 Y:0C P:A4 SP:FF PPU: NOT IMPLEMENTED YET
C037  CA        DEX                             A:00 X:F3 Y:0C P:A4 SP:FF PPU: NOT IMPLEMENTED YET
C038  D0 FA     BNE $C034                       A:00 X:F2 Y:0C P:A4 SP:FF PPU: NOT IMPLEMENTED YET
C034  8D 07 20  STA $2007 = 00                  A:00 X:F2 Y:0C P:A4 SP:FF PPU: NOT IMPLEMENTED YET
C037  CA        DEX                             A:00 X:F2 Y:0C P:A4 SP:FF PPU: NOT IMPLEMENTED YET
C038  D0 FA     BNE $C034                       A:00 X:F1 Y:0C P:A4 SP:FF PPU: NOT IMPLEMENTED YET
C034  8D 07 20  STA $2007 = 00                  A:00 X:F1 Y:0C P:A4 SP:FF PPU: NOT IMPLEMENTED YET
C037  CA        DEX                             A:00 X:F1 Y:0C P:A4 SP:FF PPU: NOT IMPLEMENTED YET
C038  D0 FA     BNE $C034                       A:00 X:F0 Y:0C P:A4 SP:FF PPU: NOT IMPLEMENTED YET
C034  8D 07 20  STA $2007 = 00                  A:00 X:F0 Y:0C P:A4 SP:FF PPU: NOT IMPLEMENTED YET
C037  CA        DEX                             A:00 X:F0 Y:0C P:A4 SP:FF PPU: NOT IMPLEMENTED YET
C038  D0 FA     BNE $C034                       A:00 X:EF Y:0C P:A4 SP:FF PPU: NOT IMPLEMENTED YET
C034  8D 07 20  STA $2007 = 00                  A:00 X:EF Y:0C P:A4 SP:FF PPU: NOT IMPLEMENTED YET
C037  CA        DEX                             A:00 X:EF Y:0C P:A4 SP:FF PPU: NOT IMPLEMENTED YET
C038  D0 FA     BNE $C034                       A:00 X:EE Y:0C P:A4 SP:FF PPU: NOT IMPLEMENTED YET
C034  8D 07 20  STA $2007 = 00                  A:00 X:EE Y:0C P:A4 SP:FF PPU: NOT IMPLEMENTED YET
C037  CA        DEX                             A:00 X:EE Y:0C P:A4 SP:FF PPU: NOT IMPLEMENTED YET
C038  D0 FA     BNE $C034                       A:00 X:ED Y:0C P:A4 SP:FF PPU: NOT IMPLEMENTED YET
C034  8D 07 20  STA $2007 = 00                  A:00 X:ED Y:0C P:A4 SP:FF PPU: NOT IMPLEMENTED YET
C037  CA        DEX                             A:00 X:ED Y:0C P:A4 SP:FF PPU: NOT IMPLEMENTED YET
C038  D0 FA     BNE $C034                       A:00 X:EC Y:0C P:A4 SP:FF PPU: NOT IMPLEMENTED YET
C034  8D 07 20  STA $2007 = 00                  A:00 X:EC Y:0C P:A4 SP:FF PPU: NOT IMPLEMENTED YET
C037  CA        DEX                             A:00 X:EC Y:0C P:A4 SP:FF PPU: NOT IMPLEMENTED YET
C038  D0 FA     BNE $C034                       A:00 X:EB Y:0C P:A4 SP:FF PPU: NOT IMPLEMENTED YET
C034  8D 07 20  STA $2007 = 00                  A:00 X:EB Y:0C P:A4 SP:FF PPU: NOT IMPLEMENTED YET
C037  CA        DEX                             A:00 X:EB Y:0C P:A4 SP:FF PPU: NOT IMPLEMENTED YET
C038  D0 FA     BNE $C034                       A:00 X:EA Y:0C P:A4 SP:FF PPU: NOT IMPLEMENTED YET
C034  8D 07 20  STA $2007 = 00                  A:00 X:EA Y:0C P:A4 SP:FF PPU: NOT IMPLEMENTED YET
C037  CA        DEX                             A:00 X:EA Y:0C P:A4 SP:FF PPU: NOT IMPLEMENTED YET
C038  D0 FA     BNE $C034                       A:00 X:E9 Y:0C P:A4 SP:FF PPU: NOT IMPLEMENTED YET
C034  8D 07 20  STA $2007 = 00                  A:00 X:E9 Y:0C P:A4 SP:FF PPU: NOT IMPLEMENTED YET
C037  CA        DEX                             A:00 X:E9 Y:0C P:A4 SP:FF PPU: NOT IMPLEMENTED YET
C038  D0 FA     BNE $C034                       A:00 X:E8 Y:0C P:A4 SP:FF PPU: NOT IMPLEMENTED YET
C034  8D 07 20  STA $2007 = 00                  A:00 X:E8 Y:0C P:A4 SP:FF PPU: NOT IMPLEMENTED YET
C037  CA        DEX                             A:00 X:E8 Y:0C P:A4 SP:FF PPU: NOT IMPLEMENTED YET
C038  D0 FA     BNE $C034                       A:00 X:E7 Y:0C P:A4 SP:FF PPU: NOT IMPLEMENTED YET
C034  8D 07 20  STA $2007 = 00                  A:00 X:E7 Y:0C P:A4 SP:FF PPU: NOT IMPLEMENTED YET
C037  CA        DEX                             A:00 X:E7 Y:0C P:A4 SP:FF PPU: NOT IMPLEMENTED YET
C038  D0 FA     BNE $C034                       A:00 X:E6 Y:0C P:A4 SP:FF PPU: NOT IMPLEMENTED YET
C034  8D 07 20  STA $2007 = 00                  A:00 X:E6 Y:0C P:A4 SP:FF PPU: NOT IMPLEMENTED YET
C037  CA        DEX                             A:00 X:E6 Y:0C P:A4 SP:FF PPU: NOT IMPLEMENTED YET
C038  D0 FA     BNE $C034                       A:00 X:E5 Y:0C P:A4 SP:FF PPU: NOT IMPLEMENTED YET
C034  8D 07 20  STA $2007 = 00                  A:00 X:E5 Y:0C P:A4 SP:FF PPU: NOT IMPLEMENTED YET
C037  CA        DEX                             A:00 X:E5 Y:0C P:A4 SP:FF PPU: NOT IMPLEMENTED YET
C038  D0 FA     BNE $C034                       A:00 X:E4 Y:0C P:A4 SP:FF PPU: NOT IMPLEMENTED YET
C034  8D 07 20  STA $2007 = 00                  A:00 X:E4 Y:0C P:A4 SP:FF PPU: NOT IMPLEMENTED YET
C037  CA        DEX                             A:00 X:E4 Y:0C P:A4 SP:FF PPU: NOT IMPLEMENTED YET
C038  D0 FA     BNE $C034                       A:00 X:E3 Y:0C P:A4 SP:FF PPU: NOT IMPLEMENTED YET
C034  8D 07 20  STA $2007 = 00                  A:00 X:E3 Y:0C P:A4 SP:FF PPU: NOT IMPLEMENTED YET
C037  CA        DEX                             A:00 X:E3 Y:0C P:A4 SP:FF PPU: NOT IMPLEMENTED YET
C038  D0 FA     BNE $C034                       A:00 X:E2 Y:0C P:A4 SP:FF PPU: NOT IMPLEMENTED YET
C034  8D 07 20  STA $2007 = 00                  A:00 X:E2 Y:0C P:A4 SP:FF PPU: NOT IMPLEMENTED YET
C037  CA        DEX                             A:00 X:E2 Y:0C P:A4 SP:FF PPU: NOT IMPLEMENTED YET
C038  D0 FA     BNE $C034                       A:00 X:E1 Y:0C P:A4 SP:FF PPU: NOT IMPLEMENTED YET
C034  8D 07 20  STA $2007 = 00                  A:00 X:E1 Y:0C P:A4 SP:FF PPU: NOT IMPLEMENTED YET
C037  CA        DEX                             A:00 X:E1 Y:0C P:A4 SP:FF PPU: NOT IMPLEMENTED YET
C038  D0 FA     BNE $C034                       A:00 X:E0 Y:0C P:A4 SP:FF PPU: NOT IMPLEMENTED YET
C034  8D 07 20  STA $2007 = 00                  A:00 X:E0 Y:0C P:A4 SP:FF PPU: NOT IMPLEMENTED YET
C037  CA        DEX                             A:00 X:E0 Y:0C P:A4 SP:FF PPU: NOT IMPLEMENTED YET
C038  D0 FA     BNE $C034                       A:00 X:DF Y:0C P:A4 SP:FF PPU: NOT IMPLEMENTED YET
C034  8D 07 20  STA $2007 = 00                  A:00 X:DF Y:0C P:A4 SP:FF PPU: NOT IMPLEMENTED YET
C037  CA        DEX                             A:00 X:DF Y:0C P:A4 SP:FF PPU: NOT IMPLEMENTED YET
C038  D0 FA     BNE $C034                       A:00 X:DE Y:0C P:A4 SP:FF PPU: NOT IMPLEMENTED YET
C034  8D 07 20  STA $2007 = 00                  A:00 X:DE Y:0C P:A4 SP:FF PPU: NOT IMPLEMENTED YET
C037  CA        DEX                             A:00 X:DE Y:0C P:A4 SP:FF PPU: NOT IMPLEMENTED YET
C038  D0 FA     BNE $C034                       A:00 X:DD Y:0C P:A4 SP:FF PPU: NOT IMPLEMENTED YET
C034  8D 07 20  STA $2007 = 00                  A:00 X:DD Y:0C P:A4 SP:FF PPU: NOT IMPLEMENTED YET
C037  CA        DEX                             A:00 X:DD Y:0C P:A4 SP:FF PPU: NOT IMPLEMENTED YET
C038  D0 FA     BNE $C034                       A:00 X:DC Y:0C P:A4 SP:FF PPU: NOT IMPLEMENTED YET
C034  8D 07 20  STA $2007 = 00                  A:00 X:DC Y:0C P:A4 SP:FF PPU: NOT IMPLEMENTED YET
C037  CA        DEX                             A:00 X:DC Y:0C P:A4 SP:FF PPU: NOT IMPLEMENTED YET
C038  D0 FA     BNE $C034                       A:00 X:DB Y:0C P:A4 SP:FF PPU: NOT IMPLEMENTED YET
C034  8D 07 20  STA $2007 = 00                  A:00 X:DB Y:0C P:A4 SP:FF PPU: NOT IMPLEMENTED YET
C037  CA        DEX                             A:00 X:DB Y:0C P:A4 SP:FF PPU: NOT IMPLEMENTED YET
C038  D0 FA     BNE $C034                       A:00 X:DA Y:0C P:A4 SP:FF PPU: NOT IMPLEMENTED YET
C034  8D 07 20  STA $2007 = 00                  A:00 X:DA Y:0C P:A4 SP:FF PPU: NOT IMPLEMENTED YET
C037  CA        DEX                             A:00 X:DA Y:0C P:A4 SP:FF PPU: NOT IMPLEMENTED YET
C038  D0 FA     BNE $C034                       A:00 X:D9 Y:0C P:A4 SP:FF PPU: NOT IMPLEMENTED YET
C034  8D 07 20  STA $2007 = 00                  A:00 X:D9 Y:0C P:A4 SP:FF PPU: NOT IMPLEMENTED YET
C037  CA        DEX                             A:00 X:D9 Y:0C P:A4 SP:FF PPU: NOT IMPLEMENTED YET
C038  D0 FA     BNE $C034                       A:00 X:D8 Y:0C P:A4 SP:FF PPU: NOT IMPLEMENTED YET
C034  8D 07 20  STA $2007 = 00                  A:00 X:D8 Y:0C P:A4 SP:FF PPU: NOT IMPLEMENTED YET
C037  CA        DEX                             A:00 X:D8 Y:0C P:A4 SP:FF PPU: NOT IMPLEMENTED YET
C038  D0 FA     BNE $C034                       A:00 X:D7 Y:0C P:A4 SP:FF PPU: NOT IMPLEMENTED YET
C034  8D 07 20  STA $2007 = 00                  A:00 X:D7 Y:0C P:A4 SP:FF PPU: NOT IMPLEMENTED YET
C037  CA        DEX                             A:00 X:D7 Y:0C P:A4 SP:FF PPU: NOT IMPLEMENTED YET
C038  D0 FA     BNE $C034                       A:00 X:D6 Y:0C P:A4 SP:FF PPU: NOT IMPLEMENTED YET
C034  8D 07 20  STA $2007 = 00                  A:00 X:D6 Y:0C P:A4 SP:FF PPU: NOT IMPLEMENTED YET
C037  CA        DEX                             A:00 X:D6 Y:0C P:A4 SP:FF PPU: NOT IMPLEMENTED YET
C038  D0 FA     BNE $C034                       A:00 X:D5 Y:0C P:A4 SP:FF PPU: NOT IMPLEMENTED YET
C034  8D 07 20  STA $2007 = 00                  A:00 X:D5 Y:0C P:A4 SP:FF PPU: NOT IMPLEMENTED YET
C037  CA        DEX                             A:00 X:D5 Y:0C P:A4 SP:FF PPU: NOT IMPLEMENTED YET
C038  D0 FA     BNE $C034                       A:00 X:D4 Y:0C P:A4 SP:FF PPU: NOT IMPLEMENTED YET
C034  8D 07 20  STA $2007 = 00                  A:00 X:D4 Y:0C P:A4 SP:FF PPU: NOT IMPLEMENTED YET
C037  CA        DEX                             A:00 X:D4 Y:0C P:A4 SP:FF PPU: NOT IMPLEMENTED YET
C038  D0 FA     BNE $C034                       A:00 X:D3 Y:0C P:A4 SP:FF PPU: NOT IMPLEMENTED YET
C034  8D 07 20  STA $2007 = 00                  A:00 X:D3 Y:0C P:A4 SP:FF PPU: NOT IMPLEMENTED YET
C037  CA        DEX                             A:00 X:D3 Y:0C P:A4 SP:FF PPU: NOT IMPLEMENTED YET
C038  D0 FA     BNE $C034                       A:00 X:D2 Y:0C P:A4 SP:FF PPU: NOT IMPLEMENTED YET
C034  8D 07 20  STA $2007 = 00                  A:00 X:D2 Y:0C P:A4 SP:FF PPU: NOT IMPLEMENTED YET
C037  CA        DEX                             A:00 X:D2 Y:0C P:A4 SP:FF PPU: NOT IMPLEMENTED YET
C038  D0 FA     BNE $C034                       A:00 X:D1 Y:0C P:A4 SP:FF PPU: NOT IMPLEMENTED YET
C034  8D 07 20  STA $2007 = 00                  A:00 X:D1 Y:0C P:A4 SP:FF PPU: NOT IMPLEMENTED YET
C037  CA        DEX                             A:00 X:D1 Y:0C P:A4 SP:FF PPU: NOT IMPLEMENTED YET
C038  D0 FA     BNE $C034                       A:00 X:D0 Y:0C P:A4 SP:FF PPU: NOT IMPLEMENTED YET
C034  8D 07 20  STA $2007 = 00                  A:00 X:D0 Y:0C P:A4 SP:FF PPU: NOT IMPLEMENTED YET
C037  CA        DEX                             A:00 X:D0 Y:0C P:A4 SP:FF PPU: NOT IMPLEMENTED YET
C038  D0 FA     BNE $C034                       A:00 X:CF Y:0C P:A4 SP:FF PPU: NOT IMPLEMENTED YET
C034  8D 07 20  STA $2007 = 00                  A:00 X:CF Y:0C P:A4 SP:FF PPU: NOT IMPLEMENTED YET
C037  CA        DEX                             A:00 X:CF Y:0C P:A4 SP:FF PPU: NOT IMPLEMENTED YET
C038  D0 FA     BNE $C034                       A:00 X:CE Y:0C P:A4 SP:FF PPU: NOT IMPLEMENTED YET
C034  8D 07 20  STA $2007 = 00                  A:00 X:CE Y:0C P:A4 SP:FF PPU: NOT IMPLEMENTED YET
C037  CA        DEX                             A:00 X:CE Y:0C P:A4 SP:FF PPU: NOT IMPLEMENTED YET
C038  D0 FA     BNE $C034                       A:00 X:CD Y:0C P:A4 SP:FF PPU: NOT IMPLEMENTED YET
C034  8D 07 20  STA $2007 = 00                  A:00 X:CD Y:0C P:A4 SP:FF PPU: NOT IMPLEMENTED YET
C037  CA        DEX                             A:00 X:CD Y:0C P:A4 SP:FF PPU: NOT IMPLEMENTED YET
C038  D0 FA     BNE $C034                       A:00 X:CC Y:0C P:A4 SP:FF PPU: NOT IMPLEMENTED YET
C034  8D 07 20  STA $2007 = 00                  A:00 X:CC Y:0C P:A4 SP:FF PPU: NOT IMPLEMENTED YET
C037  CA        DEX                             A:00 X:CC Y:0C P:A4 SP:FF PPU: NOT IMPLEMENTED YET
C038  D0 FA     BNE $C034                       A:00 X:CB Y:0C P:A4 SP:FF PPU: NOT IMPLEMENTED YET
C034  8D 07 20  STA $2007 = 00                  A:00 X:CB Y:0C P:A4 SP:FF PPU: NOT IMPLEMENTED YET
C037  CA        DEX                             A:00 X:CB Y:0C P:A4 SP:FF PPU: NOT IMPLEMENTED YET
C038  D0 FA     BNE $C034                       A:00 X:CA Y:0C P:A4 SP:FF PPU: NOT IMPLEMENTED YET
C034  8D 07 20  STA $2007 = 00                  A:00 X:CA Y:0C P:A4 SP:FF PPU: NOT IMPLEMENTED YET
C037  CA        DEX                             A:00 X:CA Y:0C P:A4 SP:FF PPU: NOT IMPLEMENTED YET
C038  D0 FA     BNE $C034                       A:00 X:C9 Y:0C P:A4 SP:FF PPU: NOT IMPLEMENTED YET
C034  8D 07 20  STA $2007 = 00                  A:00 X:C9 Y:0C P:A4 SP:FF PPU: NOT IMPLEMENTED YET
C037  CA        DEX                             A:00 X:C9 Y:0C P:A4 SP:FF PPU: NOT IMPLEMENTED YET
C038  D0 FA     BNE $C034                       A:00 X:C8 Y:0C P:A4 SP:FF PPU: NOT IMPLEMENTED YET
C034  8D 07 20  STA $2007 = 00                  A:00 X:C8 Y:0C P:A4 SP:FF PPU: NOT IMPLEMENTED YET
C037  CA        DEX                             A:00 X:C8 Y:0C P:A4 SP:FF PPU: NOT IMPLEMENTED YET
C038  D0 FA     BNE $C034                       A:00 X:C7 Y:0C P:A4 SP:FF PPU: NOT IMPLEMENTED YET
C034  8D 07 20  STA $2007 = 00                  A:00 X:C7 Y:0C P:A4 SP:FF PPU: NOT IMPLEMENTED YET
C037  CA        DEX                             A:00 X:C7 Y:0C P:A4 SP:FF PPU: NOT IMPLEMENTED YET
C038  D0 FA     BNE $C034                       A:00 X:C6 Y:0C P:A4 SP:FF PPU: NOT IMPLEMENTED YET
C034  8D 07 20  STA $2007 = 00                  A:00 X:C6 Y:0C P:A4 SP:FF PPU: NOT IMPLEMENTED YET
C037  CA        DEX                             A:00 X:C6 Y:0C P:A4 SP:FF PPU: NOT IMPLEMENTED YET
C038  D0 FA     BNE $C034                       A:00 X:C5 Y:0C P:A4 SP:FF PPU: NOT IMPLEMENTED YET
C034  8D 07 20  STA $2007 = 00                  A:00 X:C5 Y:0C P:A4 SP:FF PPU: NOT IMPLEMENTED YET
C037  CA        DEX                             A:00 X:C5 Y:0C P:A4 SP:FF PPU: NOT IMPLEMENTED YET
C038  D0 FA     BNE $C034                       A:00 X:C4 Y:0C P:A4 SP:FF PPU: NOT IMPLEMENTED YET
C034  8D 07 20  STA $2007 = 00                  A:00 X:C4 Y:0C P:A4 SP:FF PPU: NOT IMPLEMENTED YET
C037  CA        DEX                             A:00 X:C4 Y:0C P:A4 SP:FF PPU: NOT IMPLEMENTED YET
C038  D0 FA     BNE $C034                       A:00 X:C3 Y:0C P:A4 SP:FF PPU: NOT IMPLEMENTED YET
C034  8D 07 20  STA $2007 = 00                  A:00 X:C3 Y:0C P:A4 SP:FF PPU: NOT IMPLEMENTED YET
C037  CA        DEX                             A:00 X:C3 Y:0C P:A4 SP:FF PPU: NOT IMPLEMENTED YET
C038  D0 FA     BNE $C034                       A:00 X:C2 Y:0C P:A4 SP:FF PPU: NOT IMPLEMENTED YET
C034  8D 07 20  STA $2007 = 00                  A:00 X:C2 Y:0C P:A4 SP:FF PPU: NOT IMPLEMENTED YET
C037  CA        DEX                             A:00 X:C2 Y:0C P:A4 SP:FF PPU: NOT IMPLEMENTED YET
C038  D0 FA     BNE $C034                       A:00 X:C1 Y:0C P:A4 SP:FF PPU: NOT IMPLEMENTED YET
C034  8D 07 20  STA $2007 = 00                  A:00 X:C1 Y:0C P:A4 SP:FF PPU: NOT IMPLEMENTED YET
C037  CA        DEX                             A:00 X:C1 Y:0C P:A4 SP:FF PPU: NOT IMPLEMENTED YET
C038  D0 FA     BNE $C034                       A:00 X:C0 Y:0C P:A4 SP:FF PPU: NOT IMPLEMENTED YET
C034  8D 07 20  STA $2007 = 00                  A:00 X:C0 Y:0C P:A4 SP:FF PPU: NOT IMPLEMENTED YET
C037  CA        DEX                             A:00 X:C0 Y:0C P:A4 SP:FF PPU: NOT IMPLEMENTED YET
C038  D0 FA     BNE $C034                       A:00 X:BF Y:0C P:A4 SP:FF PPU: NOT IMPLEMENTED YET
C034  8D 07 20  STA $2007 = 00                  A:00 X:BF Y:0C P:A4 SP:FF PPU: NOT IMPLEMENTED YET
C037  CA        DEX                             A:00 X:BF Y:0C P:A4 SP:FF PPU: NOT IMPLEMENTED YET
C038  D0 FA     BNE $C034                       A:00 X:BE Y:0C P:A4 SP:FF PPU: NOT IMPLEMENTED YET
C034  8D 07 20  STA $2007 = 00                  A:00 X:BE Y:0C P:A4 SP:FF PPU: NOT IMPLEMENTED YET
C037  CA        DEX                             A:00 X:BE Y:0C P:A4 SP:FF PPU: NOT IMPLEMENTED YET
C038  D0 FA     BNE $C034                       A:00 X:BD Y:0C P:A4 SP:FF PPU: NOT IMPLEMENTED YET
C034  8D 07 20  STA $2007 = 00                  A:00 X:BD Y:0C P:A4 SP:FF PPU: NOT IMPLEMENTED YET
C037  CA        DEX                             A:00 X:BD Y:0C P:A4 SP:FF PPU: NOT IMPLEMENTED YET
C038  D0 FA     BNE $C034                       A:00 X:BC Y:0C P:A4 SP:FF PPU: NOT IMPLEMENTED YET
C034  8D 07 20  STA $2007 = 00                  A:00 X:BC Y:0C P:A4 SP:FF PPU: NOT IMPLEMENTED YET
C037  CA        DEX                             A:00 X:BC Y:0C P:A4 SP:FF PPU: NOT IMPLEMENTED YET
C038  D0 FA     BNE $C034                       A:00 X:BB Y:0C P:A4 SP:FF PPU: NOT IMPLEMENTED YET
C034  8D 07 20  STA $2007 = 00                  A:00 X:BB Y:0C P:A4 SP:FF PPU: NOT IMPLEMENTED YET
C037  CA        DEX                             A:00 X:BB Y:0C P:A4 SP:FF PPU: NOT IMPLEMENTED YET
C038  D0 FA     BNE $C034                       A:00 X:BA Y:0C P:A4 SP:FF PPU: NOT IMPLEMENTED YET
C034  8D 07 20  STA $2007 = 00                  A:00 X:BA Y:0C P:A4 SP:FF PPU: NOT IMPLEMENTED YET
C037  CA        DEX                             A:00 X:BA Y:0C P:A4 SP:FF PPU: NOT IMPLEMENTED YET
C038  D0 FA     BNE $C034                       A:00 X:B9 Y:0C P:A4 SP:FF PPU: NOT IMPLEMENTED YET
C034  8D 07 20  STA $2007 = 00                  A:00 X:B9 Y:0C P:A4 SP:FF PPU: NOT IMPLEMENTED YET
C037  CA        DEX                             A:00 X:B9 Y:0C P:A4 SP:FF PPU: NOT IMPLEMENTED YET
C038  D0 FA     BNE $C034                       A:00 X:B8 Y:0C P:A4 SP:FF PPU: NOT IMPLEMENTED YET
C034  8D 07 20  STA $2007 = 00                  A:00 X:B8 Y:0C P:A4 SP:FF PPU: NOT IMPLEMENTED YET
C037  CA        DEX                             A:00 X:B8 Y:0C P:A4 SP:FF PPU: NOT IMPLEMENTED YET
C038  D0 FA     BNE $C034                       A:00 X:B7 Y:0C P:A4 SP:FF PPU: NOT IMPLEMENTED YET
C034  8D 07 20  STA $2007 = 00                  A:00 X:B7 Y:0C P:A4 SP:FF PPU: NOT IMPLEMENTED YET
C037  CA        DEX                             A:00 X:B7 Y:0C P:A4 SP:FF PPU: NOT IMPLEMENTED YET
C038  D0 FA     BNE $C034                       A:00 X:B6 Y:0C P:A4 SP:FF PPU: NOT IMPLEMENTED YET
C034  8D 07 20  STA $2007 = 00                  A:00 X:B6 Y:0C P:A4 SP:FF PPU: NOT IMPLEMENTED YET
C037  CA        DEX                             A:00 X:B6 Y:0C P:A4 SP:FF PPU: NOT IMPLEMENTED YET
C038  D0 FA     BNE $C034                       A:00 X:B5 Y:0C P:A4 SP:FF PPU: NOT IMPLEMENTED YET
C034  8D 07 20  STA $2007 = 00                  A:00 X:B5 Y:0C P:A4 SP:FF PPU: NOT IMPLEMENTED YET
C037  CA        DEX                             A:00 X:B5 Y:0C P:A4 SP:FF PPU: NOT IMPLEMENTED YET
C038  D0 FA     BNE $C034                       A:00 X:B4 Y:0C P:A4 SP:FF PPU: NOT IMPLEMENTED YET
C034  8D 07 20  STA $2007 = 00                  A:00 X:B4 Y:0C P:A4 SP:FF PPU: NOT IMPLEMENTED YET
C037  CA        DEX                             A:00 X:B4 Y:0C P:A4 SP:FF PPU: NOT IMPLEMENTED YET
C038  D0 FA     BNE $C034                       A:00 X:B3 Y:0C P:A4 SP:FF PPU: NOT IMPLEMENTED YET
C034  8D 07 20  STA $2007 = 00                  A:00 X:B3 Y:0C P:A4 SP:FF PPU: NOT IMPLEMENTED YET
C037  CA        DEX                             A:00 X:B3 Y:0C P:A4 SP:FF PPU: NOT IMPLEMENTED YET
C038  D0 FA     BNE $C034                       A:00 X:B2 Y:0C P:A4 SP:FF PPU: NOT IMPLEMENTED YET
C034  8D 07 20  STA $2007 = 00                  A:00 X:B2 Y:0C P:A4 SP:FF PPU: NOT IMPLEMENTED YET
C037  CA        DEX                             A:00 X:B2 Y:0C P:A4 SP:FF PPU: NOT IMPLEMENTED YET
C038  D0 FA     BNE $C034                       A:00 X:B1 Y:0C P:A4 SP:FF PPU: NOT IMPLEMENTED YET
C034  8D 07 20  STA $2007 = 00                  A:00 X:B1 Y:0C P:A4 SP:FF PPU: NOT IMPLEMENTED YET
C037  CA        DEX                             A:00 X:B1 Y:0C P:A4 SP:FF PPU: NOT IMPLEMENTED YET
C038  D0 FA     BNE $C034                       A:00 X:B0 Y:0C P:A4 SP:FF PPU: NOT IMPLEMENTED YET
C034  8D 07 20  STA $2007 = 00                  A:00 X:B0 Y:0C P:A4 SP:FF PPU: NOT IMPLEMENTED YET
C037  CA        DEX                             A:00 X:B0 Y:0C P:A4 SP:FF PPU: NOT IMPLEMENTED YET
C038  D0 FA     BNE $C034                       A:00 X:AF Y:0C P:A4 SP:FF PPU: NOT IMPLEMENTED YET
C034  8D 07 20  STA $2007 = 00                  A:00 X:AF Y:0C P:A4 SP:FF PPU: NOT IMPLEMENTED YET
C037  CA        DEX                             A:00 X:AF Y:0C P:A4 SP:FF PPU: NOT IMPLEMENTED YET
C038  D0 FA     BNE $C034                       A:00 X:AE Y:0C P:A4 SP:FF PPU: NOT IMPLEMENTED YET
C034  8D 07 20  STA $2007 = 00                  A:00 X:AE Y:0C P:A4 SP:FF PPU: NOT IMPLEMENTED YET
C037  CA        DEX                             A:00 X:AE Y:0C P:A4 SP:FF PPU: NOT IMPLEMENTED YET
C038  D0 FA     BNE $C034                       A:00 X:AD Y:0C P:A4 SP:FF PPU: NOT IMPLEMENTED YET
C034  8D 07 20  STA $2007 = 00                  A:00 X:AD Y:0C P:A4 SP:FF PPU: NOT IMPLEMENTED YET
C037  CA        DEX                             A:00 X:AD Y:0C P:A4 SP:FF PPU: NOT IMPLEMENTED YET
C038  D0 FA     BNE $C034                       A:00 X:AC Y:0C P:A4 SP:FF PPU: NOT IMPLEMENTED YET
C034  8D 07 20  STA $2007 = 00                  A:00 X:AC Y:0C P:A4 SP:FF PPU: NOT IMPLEMENTED YET
C037  CA        DEX                             A:00 X:AC Y:0C P:A4 SP:FF PPU: NOT IMPLEMENTED YET
C038  D0 FA     BNE $C034                       A:00 X:AB Y:0C P:A4 SP:FF PPU: NOT IMPLEMENTED YET
C034  8D 07 20  STA $2007 = 00                  A:00 X:AB Y:0C P:A4 SP:FF PPU: NOT IMPLEMENTED YET
C037  CA        DEX                             A:00 X:AB Y:0C P:A4 SP:FF PPU: NOT IMPLEMENTED YET
C038  D0 FA     BNE $C034                       A:00 X:AA Y:0C P:A4 SP:FF PPU: NOT IMPLEMENTED YET
C034  8D 07 20  STA $2007 = 00                  A:00 X:AA Y:0C P:A4 SP:FF PPU: NOT IMPLEMENTED YET
C037  CA        DEX                             A:00 X:AA Y:0C P:A4 SP:FF PPU: NOT IMPLEMENTED YET
C038  D0 FA     BNE $C034                       A:00 X:A9 Y:0C P:A4 SP:FF PPU: NOT IMPLEMENTED YET
C034  8D 07 20  STA $2007 = 00                  A:00 X:A9 Y:0C P:A4 SP:FF PPU: NOT IMPLEMENTED YET
C037  CA        DEX                             A:00 X:A9 Y:0C P:A4 SP:FF PPU: NOT IMPLEMENTED YET
C038  D0 FA     BNE $C034                       A:00 X:A8 Y:0C P:A4 SP:FF PPU: NOT IMPLEMENTED YET
C034  8D 07 20  STA $2007 = 00                  A:00 X:A8 Y:0C P:A4 SP:FF PPU: NOT IMPLEMENTED YET
C037  CA        DEX                             A:00 X:A8 Y:0C P:A4 SP:FF PPU: NOT IMPLEMENTED YET
C038  D0 FA     BNE $C034                       A:00 X:A7 Y:0C P:A4 SP:FF PPU: NOT IMPLEMENTED YET
C034  8D 07 20  STA $2007 = 00                  A:00 X:A7 Y:0C P:A4 SP:FF PPU: NOT IMPLEMENTED YET
C037  CA        DEX                             A:00 X:A7 Y:0C P:A4 SP:FF PPU: NOT IMPLEMENTED YET
C038  D0 FA     BNE $C034                       A:00 X:A6 Y:0C P:A4 SP:FF PPU: NOT IMPLEMENTED YET
C034  8D 07 20  STA $2007 = 00                  A:00 X:A6 Y:0C P:A4 SP:FF PPU: NOT IMPLEMENTED YET
C037  CA        DEX                             A:00 X:A6 Y:0C P:A4 SP:FF PPU: NOT IMPLEMENTED YET
C038  D0 FA     BNE $C034                       A:00 X:A5 Y:0C P:A4 SP:FF PPU: NOT IMPLEMENTED YET
C034  8D 07 20  STA $2007 = 00                  A:00 X:A5 Y:0C P:A4 SP:FF PPU: NOT IMPLEMENTED YET
C037  CA        DEX                             A:00 X:A5 Y:0C P:A4 SP:FF PPU: NOT IMPLEMENTED YET
C038  D0 FA     BNE $C034                       A:00 X:A4 Y:0C P:A4 SP:FF PPU: NOT IMPLEMENTED YET
C034  8D 07 20  STA $2007 = 00                  A:00 X:A4 Y:0C P:A4 SP:FF PPU: NOT IMPLEMENTED YET
C037  CA        DEX                             A:00 X:A4 Y:0C P:A4 SP:FF PPU: NOT IMPLEMENTED YET
C038  D0 FA     BNE $C034                       A:00 X:A3 Y:0C P:A4 SP:FF PPU: NOT IMPLEMENTED YET
C034  8D 07 20  STA $2007 = 00                  A:00 X:A3 Y:0C P:A4 SP:FF PPU: NOT IMPLEMENTED YET
C037  CA        DEX                             A:00 X:A3 Y:0C P:A4 SP:FF PPU: NOT IMPLEMENTED YET
C038  D0 FA     BNE $C034                       A:00 X:A2 Y:0C P:A4 SP:FF PPU: NOT IMPLEMENTED YET
C034  8D 07 20  STA $2007 = 00                  A:00 X:A2 Y:0C P:A4 SP:FF PPU: NOT IMPLEMENTED YET
C037  CA        DEX                             A:00 X:A2 Y:0C P:A4 SP:FF PPU: NOT IMPLEMENTED YET
C038  D0 FA     BNE $C034                       A:00 X:A1 Y:0C P:A4 SP:FF PPU: NOT IMPLEMENTED YET
C034  8D 07 20  STA $2007 = 00                  A:00 X:A1 Y:0C P:A4 SP:FF PPU: NOT IMPLEMENTED YET
C037  CA        DEX                             A:00 X:A1 Y:0C P:A4 SP:FF PPU: NOT IMPLEMENTED YET
C038  D0 FA     BNE $C034                       A:00 X:A0 Y:0C P:A4 SP:FF PPU: NOT IMPLEMENTED YET
C034  8D 07 20  STA $2007 = 00                  A:00 X:A0 Y:0C P:A4 SP:FF PPU: NOT IMPLEMENTED YET
C037  CA        DEX                             A:00 X:A0 Y:0C P:A4 SP:FF PPU: NOT IMPLEMENTED YET
C038  D0 FA     BNE $C034                       A:00 X:9F Y:0C P:A4 SP:FF PPU: NOT IMPLEMENTED YET
C034  8D 07 20  STA $2007 = 00                  A:00 X:9F Y:0C P:A4 SP:FF PPU: NOT IMPLEMENTED YET
C037  CA        DEX                             A:00 X:9F Y:0C P:A4 SP:FF PPU: NOT IMPLEMENTED YET
C038  D0 FA     BNE $C034                       A:00 X:9E Y:0C P:A4 SP:FF PPU: NOT IMPLEMENTED YET
C034  8D 07 20  STA $2007 = 00                  A:00 X:9E Y:0C P:A4 SP:FF PPU: NOT IMPLEMENTED YET
C037  CA        DEX                             A:00 X:9E Y:0C P:A4 SP:FF PPU: NOT IMPLEMENTED YET
C038  D0 FA     BNE $C034                       A:00 X:9D Y:0C P:A4 SP:FF PPU: NOT IMPLEMENTED YET
C034  8D 07 20  STA $2007 = 00                  A:00 X:9D Y:0C P:A4 SP:FF PPU: NOT IMPLEMENTED YET
C037  CA        DEX                             A:00 X:9D Y:0C P:A4 SP:FF PPU: NOT IMPLEMENTED YET
C038  D0 FA     BNE $C034                       A:00 X:9C Y:0C P:A4 SP:FF PPU: NOT IMPLEMENTED YET
C034  8D 07 20  STA $2007 = 00                  A:00 X:9C Y:0C P:A4 SP:FF PPU: NOT IMPLEMENTED YET
C037  CA        DEX                             A:00 X:9C Y:0C P:A4 SP:FF PPU: NOT IMPLEMENTED YET
C038  D0 FA     BNE $C034                       A:00 X:9B Y:0C P:A4 SP:FF PPU: NOT IMPLEMENTED YET
C034  8D 07 20  STA $2007 = 00                  A:00 X:9B Y:0C P:A4 SP:FF PPU: NOT IMPLEMENTED YET
C037  CA        DEX                             A:00 X:9B Y:0C P:A4 SP:FF PPU: NOT IMPLEMENTED YET
C038  D0 FA     BNE $C034                       A:00 X:9A Y:0C P:A4 SP:FF PPU: NOT IMPLEMENTED YET
C034  8D 07 20  STA $2007 = 00                  A:00 X:9A Y:0C P:A4 SP:FF PPU: NOT IMPLEMENTED YET
C037  CA        DEX                             A:00 X:9A Y:0C P:A4 SP:FF PPU: NOT IMPLEMENTED YET
C038  D0 FA     BNE $C034                       A:00 X:99 Y:0C P:A4 SP:FF PPU: NOT IMPLEMENTED YET
C034  8D 07 20  STA $2007 = 00                  A:00 X:99 Y:0C P:A4 SP:FF PPU: NOT IMPLEMENTED YET
C037  CA        DEX                             A:00 X:99 Y:0C P:A4 SP:FF PPU: NOT IMPLEMENTED YET
C038  D0 FA     BNE $C034                       A:00 X:98 Y:0C P:A4 SP:FF PPU: NOT IMPLEMENTED YET
C034  8D 07 20  STA $2007 = 00                  A:00 X:98 Y:0C P:A4 SP:FF PPU: NOT IMPLEMENTED YET
C037  CA        DEX                             A:00 X:98 Y:0C P:A4 SP:FF PPU: NOT IMPLEMENTED YET
C038  D0 FA     BNE $C034                       A:00 X:97 Y:0C P:A4 SP:FF PPU: NOT IMPLEMENTED YET
C034  8D 07 20  STA $2007 = 00                  A:00 X:97 Y:0C P:A4 SP:FF PPU: NOT IMPLEMENTED YET
C037  CA        DEX                             A:00 X:97 Y:0C P:A4 SP:FF PPU: NOT IMPLEMENTED YET
C038  D0 FA     BNE $C034                       A:00 X:96 Y:0C P:A4 SP:FF PPU: NOT IMPLEMENTED YET
C034  8D 07 20  STA $2007 = 00                  A:00 X:96 Y:0C P:A4 SP:FF PPU: NOT IMPLEMENTED YET
C037  CA        DEX                             A:00 X:96 Y:0C P:A4 SP:FF PPU: NOT IMPLEMENTED YET
C038  D0 FA     BNE $C034                       A:00 X:95 Y:0C P:A4 SP:FF PPU: NOT IMPLEMENTED YET
C034  8D 07 20  STA $2007 = 00                  A:00 X:95 Y:0C P:A4 SP:FF PPU: NOT IMPLEMENTED YET
C037  CA        DEX                             A:00 X:95 Y:0C P:A4 SP:FF PPU: NOT IMPLEMENTED YET
C038  D0 FA     BNE $C034                       A:00 X:94 Y:0C P:A4 SP:FF PPU: NOT IMPLEMENTED YET
C034  8D 07 20  STA $2007 = 00                  A:00 X:94 Y:0C P:A4 SP:FF PPU: NOT IMPLEMENTED YET
C037  CA        DEX                             A:00 X:94 Y:0C P:A4 SP:FF PPU: NOT IMPLEMENTED YET
C038  D0 FA     BNE $C034                       A:00 X:93 Y:0C P:A4 SP:FF PPU: NOT IMPLEMENTED YET
C034  8D 07 20  STA $2007 = 00                  A:00 X:93 Y:0C P:A4 SP:FF PPU: NOT IMPLEMENTED YET
C037  CA        DEX                             A:00 X:93 Y:0C P:A4 SP:FF PPU: NOT IMPLEMENTED YET
C038  D0 FA     BNE $C034                       A:00 X:92 Y:0C P:A4 SP:FF PPU: NOT IMPLEMENTED YET
C034  8D 07 20  STA $2007 = 00                  A:00 X:92 Y:0C P:A4 SP:FF PPU: NOT IMPLEMENTED YET
C037  CA        DEX                             A:00 X:92 Y:0C P:A4 SP:FF PPU: NOT IMPLEMENTED YET
C038  D0 FA     BNE $C034                       A:00 X:91 Y:0C P:A4 SP:FF PPU: NOT IMPLEMENTED YET
C034  8D 07 20  STA $2007 = 00                  A:00 X:91 Y:0C P:A4 SP:FF PPU: NOT IMPLEMENTED YET
C037  CA        DEX                             A:00 X:91 Y:0C P:A4 SP:FF PPU: NOT IMPLEMENTED YET
C038  D0 FA     BNE $C034                       A:00 X:90 Y:0C P:A4 SP:FF PPU: NOT IMPLEMENTED YET
C034  8D 07 20  STA $2007 = 00                  A:00 X:90 Y:0C P:A4 SP:FF PPU: NOT IMPLEMENTED YET
C037  CA        DEX                             A:00 X:90 Y:0C P:A4 SP:FF PPU: NOT IMPLEMENTED YET
C038  D0 FA     BNE $C034                       A:00 X:8F Y:0C P:A4 SP:FF PPU: NOT IMPLEMENTED YET
C034  8D 07 20  STA $2007 = 00                  A:00 X:8F Y:0C P:A4 SP:FF PPU: NOT IMPLEMENTED YET
C037  CA        DEX                             A:00 X:8F Y:0C P:A4 SP:FF PPU: NOT IMPLEMENTED YET
C038  D0 FA     BNE $C034                       A:00 X:8E Y:0C P:A4 SP:FF PPU: NOT IMPLEMENTED YET
C034  8D 07 20  STA $2007 = 00                  A:00 X:8E Y:0C P:A4 SP:FF PPU: NOT IMPLEMENTED YET
C037  CA        DEX                             A:00 X:8E Y:0C P:A4 SP:FF PPU: NOT IMPLEMENTED YET
C038  D0 FA     BNE $C034                       A:00 X:8D Y:0C P:A4 SP:FF PPU: NOT IMPLEMENTED YET
C034  8D 07 20  STA $2007 = 00                  A:00 X:8D Y:0C P:A4 SP:FF PPU: NOT IMPLEMENTED YET
C037  CA        DEX                             A:00 X:8D Y:0C P:A4 SP:FF PPU: NOT IMPLEMENTED YET
C038  D0 FA     BNE $C034                       A:00 X:8C Y:0C P:A4 SP:FF PPU: NOT IMPLEMENTED YET
C034  8D 07 20  STA $2007 = 00                  A:00 X:8C Y:0C P:A4 SP:FF PPU: NOT IMPLEMENTED YET
C037  CA        DEX                             A:00 X:8C Y:0C P:A4 SP:FF PPU: NOT IMPLEMENTED YET
C038  D0 FA     BNE $C034                       A:00 X:8B Y:0C P:A4 SP:FF PPU: NOT IMPLEMENTED YET
C034  8D 07 20  STA $2007 = 00                  A:00 X:8B Y:0C P:A4 SP:FF PPU: NOT IMPLEMENTED YET
C037  CA        DEX                             A:00 X:8B Y:0C P:A4 SP:FF PPU: NOT IMPLEMENTED YET
C038  D0 FA     BNE $C034                       A:00 X:8A Y:0C P:A4 SP:FF PPU: NOT IMPLEMENTED YET
C034  8D 07 20  STA $2007 = 00                  A:00 X:8A Y:0C P:A4 SP:FF PPU: NOT IMPLEMENTED YET
C037  CA        DEX                             A:00 X:8A Y:0C P:A4 SP:FF PPU: NOT IMPLEMENTED YET
C038  D0 FA     BNE $C034                       A:00 X:89 Y:0C P:A4 SP:FF PPU: NOT IMPLEMENTED YET
C034  8D 07 20  STA $2007 = 00                  A:00 X:89 Y:0C P:A4 SP:FF PPU: NOT IMPLEMENTED YET
C037  CA        DEX                             A:00 X:89 Y:0C P:A4 SP:FF PPU: NOT IMPLEMENTED YET
C038  D0 FA     BNE $C034                       A:00 X:88 Y:0C P:A4 SP:FF PPU: NOT IMPLEMENTED YET
C034  8D 07 20  STA $2007 = 00                  A:00 X:88 Y:0C P:A4 SP:FF PPU: NOT IMPLEMENTED YET
C037  CA        DEX                             A:00 X:88 Y:0C P:A4 SP:FF PPU: NOT IMPLEMENTED YET
C038  D0 FA     BNE $C034                       A:00 X:87 Y:0C P:A4 SP:FF PPU: NOT IMPLEMENTED YET
C034  8D 07 20  STA $2007 = 00                  A:00 X:87 Y:0C P:A4 SP:FF PPU: NOT IMPLEMENTED YET
C037  CA        DEX                             A:00 X:87 Y:0C P:A4 SP:FF PPU: NOT IMPLEMENTED YET
C038  D0 FA     BNE $C034                       A:00 X:86 Y:0C P:A4 SP:FF PPU: NOT IMPLEMENTED YET
C034  8D 07 20  STA $2007 = 00                  A:00 X:86 Y:0C P:A4 SP:FF PPU: NOT IMPLEMENTED YET
C037  CA        DEX                             A:00 X:86 Y:0C P:A4 SP:FF PPU: NOT IMPLEMENTED YET
C038  D0 FA     BNE $C034                       A:00 X:85 Y:0C P:A4 SP:FF PPU: NOT IMPLEMENTED YET
C034  8D 07 20  STA $2007 = 00                  A:00 X:85 Y:0C P:A4 SP:FF PPU: NOT IMPLEMENTED YET
C037  CA        DEX                             A:00 X:85 Y:0C P:A4 SP:FF PPU: NOT IMPLEMENTED YET
C038  D0 FA     BNE $C034                       A:00 X:84 Y:0C P:A4 SP:FF PPU: NOT IMPLEMENTED YET
C034  8D 07 20  STA $2007 = 00                  A:00 X:84 Y:0C P:A4 SP:FF PPU: NOT IMPLEMENTED YET
C037  CA        DEX                             A:00 X:84 Y:0C P:A4 SP:FF PPU: NOT IMPLEMENTED YET
C038  D0 FA     BNE $C034                       A:00 X:83 Y:0C P:A4 SP:FF PPU: NOT IMPLEMENTED YET
C034  8D 07 20  STA $2007 = 00                  A:00 X:83 Y:0C P:A4 SP:FF PPU: NOT IMPLEMENTED YET
C037  CA        DEX                             A:00 X:83 Y:0C P:A4 SP:FF PPU: NOT IMPLEMENTED YET
C038  D0 FA     BNE $C034                       A:00 X:82 Y:0C P:A4 SP:FF PPU: NOT IMPLEMENTED YET
C034  8D 07 20  STA $2007 = 00                  A:00 X:82 Y:0C P:A4 SP:FF PPU: NOT IMPLEMENTED YET
C037  CA        DEX                             A:00 X:82 Y:0C P:A4 SP:FF PPU: NOT IMPLEMENTED YET
C038  D0 FA     BNE $C034                       A:00 X:81 Y:0C P:A4 SP:FF PPU: NOT IMPLEMENTED YET
C034  8D 07 20  STA $2007 = 00                  A:00 X:81 Y:0C P:A4 SP:FF PPU: NOT IMPLEMENTED YET
C037  CA        DEX                             A:00 X:81 Y:0C P:A4 SP:FF PPU: NOT IMPLEMENTED YET
C038  D0 FA     BNE $C034                       A:00 X:80 Y:0C P:A4 SP:FF PPU: NOT IMPLEMENTED YET
C034  8D 07 20  STA $2007 = 00                  A:00 X:80 Y:0C P:A4 SP:FF PPU: NOT IMPLEMENTED YET
C037  CA        DEX                             A:00 X:80 Y:0C P:A4 SP:FF PPU: NOT IMPLEMENTED YET
C038  D0 FA     BNE $C034                       A:00 X:7F Y:0C P:24 SP:FF PPU: NOT IMPLEMENTED YET
C034  8D 07 20  STA $2007 = 00                  A:00 X:7F Y:0C P:24 SP:FF PPU: NOT IMPLEMENTED YET
C037  CA        DEX                             A:00 X:7F Y:0C P:24 SP:FF PPU: NOT IMPLEMENTED YET
C038  D0 FA     BNE $C034                       A:00 X:7E Y:0C P:24 SP:FF PPU: NOT IMPLEMENTED YET
C034  8D 07 20  STA $2007 = 00                  A:00 X:7E Y:0C P:24 SP:FF PPU: NOT IMPLEMENTED YET
C037  CA        DEX                             A:00 X:7E Y:0C P:24 SP:FF PPU: NOT IMPLEMENTED YET
C038  D0 FA     BNE $C034                       A:00 X:7D Y:0C P:24 SP:FF PPU: NOT IMPLEMENTED YET
C034  8D 07 20  STA $2007 = 00                  A:00 X:7D Y:0C P:24 SP:FF PPU: NOT IMPLEMENTED YET
C037  CA        DEX                             A:00 X:7D Y:0C P:24 SP:FF PPU: NOT IMPLEMENTED YET
C038  D0 FA     BNE $C034                       A:00 X:7C Y:0C P:24 SP:FF PPU: NOT IMPLEMENTED YET
C034  8D 07 20  STA $2007 = 00                  A:00 X:7C Y:0C P:24 SP:FF PPU: NOT IMPLEMENTED YET
C037  CA        DEX                             A:00 X:7C Y:0C P:24 SP:FF PPU: NOT IMPLEMENTED YET
C038  D0 FA     BNE $C034                       A:00 X:7B Y:0C P:24 SP:FF PPU: NOT IMPLEMENTED YET
C034  8D 07 20  STA $2007 = 00                  A:00 X:7B Y:0C P:24 SP:FF PPU: NOT IMPLEMENTED YET
C037  CA        DEX                             A:00 X:7B Y:0C P:24 SP:FF PPU: NOT IMPLEMENTED YET
C038  D0 FA     BNE $C034                       A:00 X:7A Y:0C P:24 SP:FF PPU: NOT IMPLEMENTED YET
C034  8D 07 20  STA $2007 = 00                  A:00 X:7A Y:0C P:24 SP:FF PPU: NOT IMPLEMENTED YET
C037  CA        DEX                             A:00 X:7A Y:0C P:24 SP:FF PPU: NOT IMPLEMENTED YET
C038  D0 FA     BNE $C034                       A:00 X:79 Y:0C P:24 SP:FF PPU: NOT IMPLEMENTED YET
C034  8D 07 20  STA $2007 = 00                  A:00 X:79 Y:0C P:24 SP:FF PPU: NOT IMPLEMENTED YET
C037  CA        DEX                             A:00 X:79 Y:0C P:24 SP:FF PPU: NOT IMPLEMENTED YET
C038  D0 FA     BNE $C034                       A:00 X:78 Y:0C P:24 SP:FF PPU: NOT IMPLEMENTED YET
C034  8D 07 20  STA $2007 = 00                  A:00 X:78 Y:0C P:24 SP:FF PPU: NOT IMPLEMENTED YET
C037  CA        DEX                             A:00 X:78 Y:0C P:24 SP:FF PPU: NOT IMPLEMENTED YET
C038  D0 FA     BNE $C034                       A:00 X:77 Y:0C P:24 SP:FF PPU: NOT IMPLEMENTED YET
C034  8D 07 20  STA $2007 = 00                  A:00 X:77 Y:0C P:24 SP:FF PPU: NOT IMPLEMENTED YET
C037  CA        DEX                             A:00 X:77 Y:0C P:24 SP:FF PPU: NOT IMPLEMENTED YET
C038  D0 FA     BNE $C034                       A:00 X:76 Y:0C P:24 SP:FF PPU: NOT IMPLEMENTED YET
C034  8D 07 20  STA $2007 = 00                  A:00 X:76 Y:0C P:24 SP:FF PPU: NOT IMPLEMENTED YET
C037  CA        DEX                             A:00 X:76 Y:0C P:24 SP:FF PPU: NOT IMPLEMENTED YET
C038  D0 FA     BNE $C034                       A:00 X:75 Y:0C P:24 SP:FF PPU: NOT IMPLEMENTED YET
C034  8D 07 20  STA $2007 = 00                  A:00 X:75 Y:0C P:24 SP:FF PPU: NOT IMPLEMENTED YET
C037  CA        DEX                             A:00 X:75 Y:0C P:24 SP:FF PPU: NOT IMPLEMENTED YET
C038  D0 FA     BNE $C034                       A:00 X:74 Y:0C P:24 SP:FF PPU: NOT IMPLEMENTED YET
C034  8D 07 20  STA $2007 = 00                  A:00 X:74 Y:0C P:24 SP:FF PPU: NOT IMPLEMENTED YET
C037  CA        DEX                             A:00 X:74 Y:0C P:24 SP:FF PPU: NOT IMPLEMENTED YET
C038  D0 FA     BNE $C034                       A:00 X:73 Y:0C P:24 SP:FF PPU: NOT IMPLEMENTED YET
C034  8D 07 20  STA $2007 = 00                  A:00 X:73 Y:0C P:24 SP:FF PPU: NOT IMPLEMENTED YET
C037  CA        DEX                             A:00 X:73 Y:0C P:24 SP:FF PPU: NOT IMPLEMENTED YET
C038  D0 FA     BNE $C034                       A:00 X:72 Y:0C P:24 SP:FF PPU: NOT IMPLEMENTED YET
C034  8D 07 20  STA $2007 = 00                  A:00 X:72 Y:0C P:24 SP:FF PPU: NOT IMPLEMENTED YET
C037  CA        DEX                             A:00 X:72 Y:0C P:24 SP:FF PPU: NOT IMPLEMENTED YET
C038  D0 FA     BNE $C034                       A:00 X:71 Y:0C P:24 SP:FF PPU: NOT IMPLEMENTED YET
C034  8D 07 20  STA $2007 = 00                  A:00 X:71 Y:0C P:24 SP:FF PPU: NOT IMPLEMENTED YET
C037  CA        DEX                             A:00 X:71 Y:0C P:24 SP:FF PPU: NOT IMPLEMENTED YET
C038  D0 FA     BNE $C034                       A:00 X:70 Y:0C P:24 SP:FF PPU: NOT IMPLEMENTED YET
C034  8D 07 20  STA $2007 = 00                  A:00 X:70 Y:0C P:24 SP:FF PPU: NOT IMPLEMENTED YET
C037  CA        DEX                             A:00 X:70 Y:0C P:24 SP:FF PPU: NOT IMPLEMENTED YET
C038  D0 FA     BNE $C034                       A:00 X:6F Y:0C P:24 SP:FF PPU: NOT IMPLEMENTED YET
C034  8D 07 20  STA $2007 = 00                  A:00 X:6F Y:0C P:24 SP:FF PPU: NOT IMPLEMENTED YET
C037  CA        DEX                             A:00 X:6F Y:0C P:24 SP:FF PPU: NOT IMPLEMENTED YET
C038  D0 FA     BNE $C034                       A:00 X:6E Y:0C P:24 SP:FF PPU: NOT IMPLEMENTED YET
C034  8D 07 20  STA $2007 = 00                  A:00 X:6E Y:0C P:24 SP:FF PPU: NOT IMPLEMENTED YET
C037  CA        DEX                             A:00 X:6E Y:0C P:24 SP:FF PPU: NOT IMPLEMENTED YET
C038  D0 FA     BNE $C034                       A:00 X:6D Y:0C P:24 SP:FF PPU: NOT IMPLEMENTED YET
C034  8D 07 20  STA $2007 = 00                  A:00 X:6D Y:0C P:24 SP:FF PPU: NOT IMPLEMENTED YET
C037  CA        DEX                             A:00 X:6D Y:0C P:24 SP:FF PPU: NOT IMPLEMENTED YET
C038  D0 FA     BNE $C034                       A:00 X:6C Y:0C P:24 SP:FF PPU: NOT IMPLEMENTED YET
C034  8D 07 20  STA $2007 = 00                  A:00 X:6C Y:0C P:24 SP:FF PPU: NOT IMPLEMENTED YET
C037  CA        DEX                             A:00 X:6C Y:0C P:24 SP:FF PPU: NOT IMPLEMENTED YET
C038  D0 FA     BNE $C034                       A:00 X:6B Y:0C P:24 SP:FF PPU: NOT IMPLEMENTED YET
C034  8D 07 20  STA $2007 = 00                  A:00 X:6B Y:0C P:24 SP:FF PPU: NOT IMPLEMENTED YET
C037  CA        DEX                             A:00 X:6B Y:0C P:24 SP:FF PPU: NOT IMPLEMENTED YET
C038  D0 FA     BNE $C034                       A:00 X:6A Y:0C P:24 SP:FF PPU: NOT IMPLEMENTED YET
C034  8D 07 20  STA $2007 = 00                  A:00 X:6A Y:0C P:24 SP:FF PPU: NOT IMPLEMENTED YET
C037  CA        DEX                             A:00 X:6A Y:0C P:24 SP:FF PPU: NOT IMPLEMENTED YET
C038  D0 FA     BNE $C034                       A:00 X:69 Y:0C P:24 SP:FF PPU: NOT IMPLEMENTED YET
C034  8D 07 20  STA $2007 = 00                  A:00 X:69 Y:0C P:24 SP:FF PPU: NOT IMPLEMENTED YET
C037  CA        DEX                             A:00 X:69 Y:0C P:24 SP:FF PPU: NOT IMPLEMENTED YET
C038  D0 FA     BNE $C034                       A:00 X:68 Y:0C P:24 SP:FF PPU: NOT IMPLEMENTED YET
C034  8D 07 20  STA $2007 = 00                  A:00 X:68 Y:0C P:24 SP:FF PPU: NOT IMPLEMENTED YET
C037  CA        DEX                             A:00 X:68 Y:0C P:24 SP:FF PPU: NOT IMPLEMENTED YET
C038  D0 FA     BNE $C034                       A:00 X:67 Y:0C P:24 SP:FF PPU: NOT IMPLEMENTED YET
C034  8D 07 20  STA $2007 = 00                  A:00 X:67 Y:0C P:24 SP:FF PPU: NOT IMPLEMENTED YET
C037  CA        DEX                             A:00 X:67 Y:0C P:24 SP:FF PPU: NOT IMPLEMENTED YET
C038  D0 FA     BNE $C034                       A:00 X:66 Y:0C P:24 SP:FF PPU: NOT IMPLEMENTED YET
C034  8D 07 20  STA $2007 = 00                  A:00 X:66 Y:0C P:24 SP:FF PPU: NOT IMPLEMENTED YET
C037  CA        DEX                             A:00 X:66 Y:0C P:24 SP:FF PPU: NOT IMPLEMENTED YET
C038  D0 FA     BNE $C034                       A:00 X:65 Y:0C P:24 SP:FF PPU: NOT IMPLEMENTED YET
C034  8D 07 20  STA $2007 = 00                  A:00 X:65 Y:0C P:24 SP:FF PPU: NOT IMPLEMENTED YET
C037  CA        DEX                             A:00 X:65 Y:0C P:24 SP:FF PPU: NOT IMPLEMENTED YET
C038  D0 FA     BNE $C034                       A:00 X:64 Y:0C P:24 SP:FF PPU: NOT IMPLEMENTED YET
C034  8D 07 20  STA $2007 = 00                  A:00 X:64 Y:0C P:24 SP:FF PPU: NOT IMPLEMENTED YET
C037  CA        DEX                             A:00 X:64 Y:0C P:24 SP:FF PPU: NOT IMPLEMENTED YET
C038  D0 FA     BNE $C034                       A:00 X:63 Y:0C P:24 SP:FF PPU: NOT IMPLEMENTED YET
C034  8D 07 20  STA $2007 = 00                  A:00 X:63 Y:0C P:24 SP:FF PPU: NOT IMPLEMENTED YET
C037  CA        DEX                             A:00 X:63 Y:0C P:24 SP:FF PPU: NOT IMPLEMENTED YET
C038  D0 FA     BNE $C034                       A:00 X:62 Y:0C P:24 SP:FF PPU: NOT IMPLEMENTED YET
C034  8D 07 20  STA $2007 = 00                  A:00 X:62 Y:0C P:24 SP:FF PPU: NOT IMPLEMENTED YET
C037  CA        DEX                             A:00 X:62 Y:0C P:24 SP:FF PPU: NOT IMPLEMENTED YET
C038  D0 FA     BNE $C034                       A:00 X:61 Y:0C P:24 SP:FF PPU: NOT IMPLEMENTED YET
C034  8D 07 20  STA $2007 = 00                  A:00 X:61 Y:0C P:24 SP:FF PPU: NOT IMPLEMENTED YET
C037  CA        DEX                             A:00 X:61 Y:0C P:24 SP:FF PPU: NOT IMPLEMENTED YET
C038  D0 FA     BNE $C034                       A:00 X:60 Y:0C P:24 SP:FF PPU: NOT IMPLEMENTED YET
C034  8D 07 20  STA $2007 = 00                  A:00 X:60 Y:0C P:24 SP:FF PPU: NOT IMPLEMENTED YET
C037  CA        DEX                             A:00 X:60 Y:0C P:24 SP:FF PPU: NOT IMPLEMENTED YET
C038  D0 FA     BNE $C034                       A:00 X:5F Y:0C P:24 SP:FF PPU: NOT IMPLEMENTED YET
C034  8D 07 20  STA $2007 = 00                  A:00 X:5F Y:0C P:24 SP:FF PPU: NOT IMPLEMENTED YET
C037  CA        DEX                             A:00 X:5F Y:0C P:24 SP:FF PPU: NOT IMPLEMENTED YET
C038  D0 FA     BNE $C034                       A:00 X:5E Y:0C P:24 SP:FF PPU: NOT IMPLEMENTED YET
C034  8D 07 20  STA $2007 = 00                  A:00 X:5E Y:0C P:24 SP:FF PPU: NOT IMPLEMENTED YET
C037  CA        DEX                             A:00 X:5E Y:0C P:24 SP:FF PPU: NOT IMPLEMENTED YET
C038  D0 FA     BNE $C034                       A:00 X:5D Y:0C P:24 SP:FF PPU: NOT IMPLEMENTED YET
C034  8D 07 20  STA $2007 = 00                  A:00 X:5D Y:0C P:24 SP:FF PPU: NOT IMPLEMENTED YET
C037  CA        DEX                             A:00 X:5D Y:0C P:24 SP:FF PPU: NOT IMPLEMENTED YET
C038  D0 FA     BNE $C034                       A:00 X:5C Y:0C P:24 SP:FF PPU: NOT IMPLEMENTED YET
C034  8D 07 20  STA $2007 = 00                  A:00 X:5C Y:0C P:24 SP:FF PPU: NOT IMPLEMENTED YET
C037  CA        DEX                             A:00 X:5C Y:0C P:24 SP:FF PPU: NOT IMPLEMENTED YET
C038  D0 FA     BNE $C034                       A:00 X:5B Y:0C P:24 SP:FF PPU: NOT IMPLEMENTED YET
C034  8D 07 20  STA $2007 = 00                  A:00 X:5B Y:0C P:24 SP:FF PPU: NOT IMPLEMENTED YET
C037  CA        DEX                             A:00 X:5B Y:0C P:24 SP:FF PPU: NOT IMPLEMENTED YET
C038  D0 FA     BNE $C034                       A:00 X:5A Y:0C P:24 SP:FF PPU: NOT IMPLEMENTED YET
C034  8D 07 20  STA $2007 = 00                  A:00 X:5A Y:0C P:24 SP:FF PPU: NOT IMPLEMENTED YET
C037  CA        DEX                             A:00 X:5A Y:0C P:24 SP:FF PPU: NOT IMPLEMENTED YET
C038  D0 FA     BNE $C034                       A:00 X:59 Y:0C P:24 SP:FF PPU: NOT IMPLEMENTED YET
C034  8D 07 20  STA $2007 = 00                  A:00 X:59 Y:0C P:24 SP:FF PPU: NOT IMPLEMENTED YET
C037  CA        DEX                             A:00 X:59 Y:0C P:24 SP:FF PPU: NOT IMPLEMENTED YET
C038  D0 FA     BNE $C034                       A:00 X:58 Y:0C P:24 SP:FF PPU: NOT IMPLEMENTED YET
C034  8D 07 20  STA $2007 = 00                  A:00 X:58 Y:0C P:24 SP:FF PPU: NOT IMPLEMENTED YET
C037  CA        DEX                             A:00 X:58 Y:0C P:24 SP:FF PPU: NOT IMPLEMENTED YET
C038  D0 FA     BNE $C034                       A:00 X:57 Y:0C P:24 SP:FF PPU: NOT IMPLEMENTED YET
C034  8D 07 20  STA $2007 = 00                  A:00 X:57 Y:0C P:24 SP:FF PPU: NOT IMPLEMENTED YET
C037  CA        DEX                             A:00 X:57 Y:0C P:24 SP:FF PPU: NOT IMPLEMENTED YET
C038  D0 FA     BNE $C034                       A:00 X:56 Y:0C P:24 SP:FF PPU: NOT IMPLEMENTED YET
C034  8D 07 20  STA $2007 = 00                  A:00 X:56 Y:0C P:24 SP:FF PPU: NOT IMPLEMENTED YET
C037  CA        DEX                             A:00 X:56 Y:0C P:24 SP:FF PPU: NOT IMPLEMENTED YET
C038  D0 FA     BNE $C034                       A:00 X:55 Y:0C P:24 SP:FF PPU: NOT IMPLEMENTED YET
C034  8D 07 20  STA $2007 = 00                  A:00 X:55 Y:0C P:24 SP:FF PPU: NOT IMPLEMENTED YET
C037  CA        DEX                             A:00 X:55 Y:0C P:24 SP:FF PPU: NOT IMPLEMENTED YET
C038  D0 FA     BNE $C034                       A:00 X:54 Y:0C P:24 SP:FF PPU: NOT IMPLEMENTED YET
C034  8D 07 20  STA $2007 = 00                  A:00 X:54 Y:0C P:24 SP:FF PPU: NOT IMPLEMENTED YET
C037  CA        DEX                             A:00 X:54 Y:0C P:24 SP:FF PPU: NOT IMPLEMENTED YET
C038  D0 FA     BNE $C034                       A:00 X:53 Y:0C P:24 SP:FF PPU: NOT IMPLEMENTED YET
C034  8D 07 20  STA $2007 = 00                  A:00 X:53 Y:0C P:24 SP:FF PPU: NOT IMPLEMENTED YET
C037  CA        DEX                             A:00 X:53 Y:0C P:24 SP:FF PPU: NOT IMPLEMENTED YET
C038  D0 FA     BNE $C034                       A:00 X:52 Y:0C P:24 SP:FF PPU: NOT IMPLEMENTED YET
C034  8D 07 20  STA $2007 = 00                  A:00 X:52 Y:0C P:24 SP:FF PPU: NOT IMPLEMENTED YET
C037  CA        DEX                             A:00 X:52 Y:0C P:24 SP:FF PPU: NOT IMPLEMENTED YET
C038  D0 FA     BNE $C034                       A:00 X:51 Y:0C P:24 SP:FF PPU: NOT IMPLEMENTED YET
C034  8D 07 20  STA $2007 = 00                  A:00 X:51 Y:0C P:24 SP:FF PPU: NOT IMPLEMENTED YET
C037  CA        DEX                             A:00 X:51 Y:0C P:24 SP:FF PPU: NOT IMPLEMENTED YET
C038  D0 FA     BNE $C034                       A:00 X:50 Y:0C P:24 SP:FF PPU: NOT IMPLEMENTED YET
C034  8D 07 20  STA $2007 = 00                  A:00 X:50 Y:0C P:24 SP:FF PPU: NOT IMPLEMENTED YET
C037  CA        DEX                             A:00 X:50 Y:0C P:24 SP:FF PPU: NOT IMPLEMENTED YET
C038  D0 FA     BNE $C034                       A:00 X:4F Y:0C P:24 SP:FF PPU: NOT IMPLEMENTED YET
C034  8D 07 20  STA $2007 = 00                  A:00 X:4F Y:0C P:24 SP:FF PPU: NOT IMPLEMENTED YET
C037  CA        DEX                             A:00 X:4F Y:0C P:24 SP:FF PPU: NOT IMPLEMENTED YET
C038  D0 FA     BNE $C034                       A:00 X:4E Y:0C P:24 SP:FF PPU: NOT IMPLEMENTED YET
C034  8D 07 20  STA $2007 = 00                  A:00 X:4E Y:0C P:24 SP:FF PPU: NOT IMPLEMENTED YET
C037  CA        DEX                             A:00 X:4E Y:0C P:24 SP:FF PPU: NOT IMPLEMENTED YET
C038  D0 FA     BNE $C034                       A:00 X:4D Y:0C P:24 SP:FF PPU: NOT IMPLEMENTED YET
C034  8D 07 20  STA $2007 = 00                  A:00 X:4D Y:0C P:24 SP:FF PPU: NOT IMPLEMENTED YET
C037  CA        DEX                             A:00 X:4D Y:0C P:24 SP:FF PPU: NOT IMPLEMENTED YET
C038  D0 FA     BNE $C034                       A:00 X:4C Y:0C P:24 SP:FF PPU: NOT IMPLEMENTED YET
C034  8D 07 20  STA $2007 = 00                  A:00 X:4C Y:0C P:24 SP:FF PPU: NOT IMPLEMENTED YET
C037  CA        DEX                             A:00 X:4C Y:0C P:24 SP:FF PPU: NOT IMPLEMENTED YET
C038  D0 FA     BNE $C034                       A:00 X:4B Y:0C P:24 SP:FF PPU: NOT IMPLEMENTED YET
C034  8D 07 20  STA $2007 = 00                  A:00 X:4B Y:0C P:24 SP:FF PPU: NOT IMPLEMENTED YET
C037  CA        DEX                             A:00 X:4B Y:0C P:24 SP:FF PPU: NOT IMPLEMENTED YET
C038  D0 FA     BNE $C034                       A:00 X:4A Y:0C P:24 SP:FF PPU: NOT IMPLEMENTED YET
C034  8D 07 20  STA $2007 = 00                  A:00 X:4A Y:0C P:24 SP:FF PPU: NOT IMPLEMENTED YET
C037  CA        DEX                             A:00 X:4A Y:0C P:24 SP:FF PPU: NOT IMPLEMENTED YET
C038  D0 FA     BNE $C034                       A:00 X:49 Y:0C P:24 SP:FF PPU: NOT IMPLEMENTED YET
C034  8D 07 20  STA $2007 = 00                  A:00 X:49 Y:0C P:24 SP:FF PPU: NOT IMPLEMENTED YET
C037  CA        DEX                             A:00 X:49 Y:0C P:24 SP:FF PPU: NOT IMPLEMENTED YET
C038  D0 FA     BNE $C034                       A:00 X:48 Y:0C P:24 SP:FF PPU: NOT IMPLEMENTED YET
C034  8D 07 20  STA $2007 = 00                  A:00 X:48 Y:0C P:24 SP:FF PPU: NOT IMPLEMENTED YET
C037  CA        DEX                             A:00 X:48 Y:0C P:24 SP:FF PPU: NOT IMPLEMENTED YET
C038  D0 FA     BNE $C034                       A:00 X:47 Y:0C P:24 SP:FF PPU: NOT IMPLEMENTED YET
C034  8D 07 20  STA $2007 = 00                  A:00 X:47 Y:0C P:24 SP:FF PPU: NOT IMPLEMENTED YET
C037  CA        DEX                             A:00 X:47 Y:0C P:24 SP:FF PPU: NOT IMPLEMENTED YET
C038  D0 FA     BNE $C034                       A:00 X:46 Y:0C P:24 SP:FF PPU: NOT IMPLEMENTED YET
C034  8D 07 20  STA $2007 = 00                  A:00 X:46 Y:0C P:24 SP:FF PPU: NOT IMPLEMENTED YET
C037  CA        DEX                             A:00 X:46 Y:0C P:24 SP:FF PPU: NOT IMPLEMENTED YET
C038  D0 FA     BNE $C034                       A:00 X:45 Y:0C P:24 SP:FF PPU: NOT IMPLEMENTED YET
C034  8D 07 20  STA $2007 = 00                  A:00 X:45 Y:0C P:24 SP:FF PPU: NOT IMPLEMENTED YET
C037  CA        DEX                             A:00 X:45 Y:0C P:24 SP:FF PPU: NOT IMPLEMENTED YET
C038  D0 FA     BNE $C034                       A:00 X:44 Y:0C P:24 SP:FF PPU: NOT IMPLEMENTED YET
C034  8D 07 20  STA $2007 = 00                  A:00 X:44 Y:0C P:24 SP:FF PPU: NOT IMPLEMENTED YET
C037  CA        DEX                             A:00 X:44 Y:0C P:24 SP:FF PPU: NOT IMPLEMENTED YET
C038  D0 FA     BNE $C034                       A:00 X:43 Y:0C P:24 SP:FF PPU: NOT IMPLEMENTED YET
C034  8D 07 20  STA $2007 = 00                  A:00 X:43 Y:0C P:24 SP:FF PPU: NOT IMPLEMENTED YET
C037  CA        DEX                             A:00 X:43 Y:0C P:24 SP:FF PPU: NOT IMPLEMENTED YET
C038  D0 FA     BNE $C034                       A:00 X:42 Y:0C P:24 SP:FF PPU: NOT IMPLEMENTED YET
C034  8D 07 20  STA $2007 = 00                  A:00 X:42 Y:0C P:24 SP:FF PPU: NOT IMPLEMENTED YET
C037  CA        DEX                             A:00 X:42 Y:0C P:24 SP:FF PPU: NOT IMPLEMENTED YET
C038  D0 FA     BNE $C034                       A:00 X:41 Y:0C P:24 SP:FF PPU: NOT IMPLEMENTED YET
C034  8D 07 20  STA $2007 = 00                  A:00 X:41 Y:0C P:24 SP:FF PPU: NOT IMPLEMENTED YET
C037  CA        DEX                             A:00 X:41 Y:0C P:24 SP:FF PPU: NOT IMPLEMENTED YET
C038  D0 FA     BNE $C034                       A:00 X:40 Y:0C P:24 SP:FF PPU: NOT IMPLEMENTED YET
C034  8D 07 20  STA $2007 = 00                  A:00 X:40 Y:0C P:24 SP:FF PPU: NOT IMPLEMENTED YET
C037  CA        DEX                             A:00 X:40 Y:0C P:24 SP:FF PPU: NOT IMPLEMENTED YET
C038  D0 FA     BNE $C034                       A:00 X:3F Y:0C P:24 SP:FF PPU: NOT IMPLEMENTED YET
C034  8D 07 20  STA $2007 = 00                  A:00 X:3F Y:0C P:24 SP:FF PPU: NOT IMPLEMENTED YET
C037  CA        DEX                             A:00 X:3F Y:0C P:24 SP:FF PPU: NOT IMPLEMENTED YET
C038  D0 FA     BNE $C034                       A:00 X:3E Y:0C P:24 SP:FF PPU: NOT IMPLEMENTED YET
C034  8D 07 20  STA $2007 = 00                  A:00 X:3E Y:0C P:24 SP:FF PPU: NOT IMPLEMENTED YET
C037  CA        DEX                             A:00 X:3E Y:0C P:24 SP:FF PPU: NOT IMPLEMENTED YET
C038  D0 FA     BNE $C034                       A:00 X:3D Y:0C P:24 SP:FF PPU: NOT IMPLEMENTED YET
C034  8D 07 20  STA $2007 = 00                  A:00 X:3D Y:0C P:24 SP:FF PPU: NOT IMPLEMENTED YET
C037  CA        DEX                             A:00 X:3D Y:0C P:24 SP:FF PPU: NOT IMPLEMENTED YET
C038  D0 FA     BNE $C034                       A:00 X:3C Y:0C P:24 SP:FF PPU: NOT IMPLEMENTED YET
C034  8D 07 20  STA $2007 = 00                  A:00 X:3C Y:0C P:24 SP:FF PPU: NOT IMPLEMENTED YET
C037  CA        DEX                             A:00 X:3C Y:0C P:24 SP:FF PPU: NOT IMPLEMENTED YET
C038  D0 FA     BNE $C034                       A:00 X:3B Y:0C P:24 SP:FF PPU: NOT IMPLEMENTED YET
C034  8D 07 20  STA $2007 = 00                  A:00 X:3B Y:0C P:24 SP:FF PPU: NOT IMPLEMENTED YET
C037  CA        DEX                             A:00 X:3B Y:0C P:24 SP:FF PPU: NOT IMPLEMENTED YET
C038  D0 FA     BNE $C034                       A:00 X:3A Y:0C P:24 SP:FF PPU: NOT IMPLEMENTED YET
C034  8D 07 20  STA $2007 = 00                  A:00 X:3A Y:0C P:24 SP:FF PPU: NOT IMPLEMENTED YET
C037  CA        DEX                             A:00 X:3A Y:0C P:24 SP:FF PPU: NOT IMPLEMENTED YET
C038  D0 FA     BNE $C034                       A:00 X:39 Y:0C P:24 SP:FF PPU: NOT IMPLEMENTED YET
C034  8D 07 20  STA $2007 = 00                  A:00 X:39 Y:0C P:24 SP:FF PPU: NOT IMPLEMENTED YET
C037  CA        DEX                             A:00 X:39 Y:0C P:24 SP:FF PPU: NOT IMPLEMENTED YET
C038  D0 FA     BNE $C034                       A:00 X:38 Y:0C P:24 SP:FF PPU: NOT IMPLEMENTED YET
C034  8D 07 20  STA $2007 = 00                  A:00 X:38 Y:0C P:24 SP:FF PPU: NOT IMPLEMENTED YET
C037  CA        DEX                             A:00 X:38 Y:0C P:24 SP:FF PPU: NOT IMPLEMENTED YET
C038  D0 FA     BNE $C034                       A:00 X:37 Y:0C P:24 SP:FF PPU: NOT IMPLEMENTED YET
C034  8D 07 20  STA $2007 = 00                  A:00 X:37 Y:0C P:24 SP:FF PPU: NOT IMPLEMENTED YET
C037  CA        DEX                             A:00 X:37 Y:0C P:24 SP:FF PPU: NOT IMPLEMENTED YET
C038  D0 FA     BNE $C034                       A:00 X:36 Y:0C P:24 SP:FF PPU: NOT IMPLEMENTED YET
C034  8D 07 20  STA $2007 = 00                  A:00 X:36 Y:0C P:24 SP:FF PPU: NOT IMPLEMENTED YET
C037  CA        DEX                             A:00 X:36 Y:0C P:24 SP:FF PPU: NOT IMPLEMENTED YET
C038  D0 FA     BNE $C034                       A:00 X:35 Y:0C P:24 SP:FF PPU: NOT IMPLEMENTED YET
C034  8D 07 20  STA $2007 = 00                  A:00 X:35 Y:0C P:24 SP:FF PPU: NOT IMPLEMENTED YET
C037  CA        DEX                             A:00 X:35 Y:0C P:24 SP:FF PPU: NOT IMPLEMENTED YET
C038  D0 FA     BNE $C034                       A:00 X:34 Y:0C P:24 SP:FF PPU: NOT IMPLEMENTED YET
C034  8D 07 20  STA $2007 = 00                  A:00 X:34 Y:0C P:24 SP:FF PPU: NOT IMPLEMENTED YET
C037  CA        DEX                             A:00 X:34 Y:0C P:24 SP:FF PPU: NOT IMPLEMENTED YET
C038  D0 FA     BNE $C034                       A:00 X:33 Y:0C P:24 SP:FF PPU: NOT IMPLEMENTED YET
C034  8D 07 20  STA $2007 = 00                  A:00 X:33 Y:0C P:24 SP:FF PPU: NOT IMPLEMENTED YET
C037  CA        DEX                             A:00 X:33 Y:0C P:24 SP:FF PPU: NOT IMPLEMENTED YET
C038  D0 FA     BNE $C034                       A:00 X:32 Y:0C P:24 SP:FF PPU: NOT IMPLEMENTED YET
C034  8D 07 20  STA $2007 = 00                  A:00 X:32 Y:0C P:24 SP:FF PPU: NOT IMPLEMENTED YET
C037  CA        DEX                             A:00 X:32 Y:0C P:24 SP:FF PPU: NOT IMPLEMENTED YET
C038  D0 FA     BNE $C034                       A:00 X:31 Y:0C P:24 SP:FF PPU: NOT IMPLEMENTED YET
C034  8D 07 20  STA $2007 = 00                  A:00 X:31 Y:0C P:24 SP:FF PPU: NOT IMPLEMENTED YET
C037  CA        DEX                             A:00 X:31 Y:0C P:24 SP:FF PPU: NOT IMPLEMENTED YET
C038  D0 FA     BNE $C034                       A:00 X:30 Y:0C P:24 SP:FF PPU: NOT IMPLEMENTED YET
C034  8D 07 20  STA $2007 = 00                  A:00 X:30 Y:0C P:24 SP:FF PPU: NOT IMPLEMENTED YET
C037  CA        DEX                             A:00 X:30 Y:0C P:24 SP:FF PPU: NOT IMPLEMENTED YET
C038  D0 FA     BNE $C034                       A:00 X:2F Y:0C P:24 SP:FF PPU: NOT IMPLEMENTED YET
C034  8D 07 20  STA $2007 = 00                  A:00 X:2F Y:0C P:24 SP:FF PPU: NOT IMPLEMENTED YET
C037  CA        DEX                             A:00 X:2F Y:0C P:24 SP:FF PPU: NOT IMPLEMENTED YET
C038  D0 FA     BNE $C034                       A:00 X:2E Y:0C P:24 SP:FF PPU: NOT IMPLEMENTED YET
C034  8D 07 20  STA $2007 = 00                  A:00 X:2E Y:0C P:24 SP:FF PPU: NOT IMPLEMENTED YET
C037  CA        DEX                             A:00 X:2E Y:0C P:24 SP:FF PPU: NOT IMPLEMENTED YET
C038  D0 FA     BNE $C034                       A:00 X:2D Y:0C P:24 SP:FF PPU: NOT IMPLEMENTED YET
C034  8D 07 20  STA $2007 = 00                  A:00 X:2D Y:0C P:24 SP:FF PPU: NOT IMPLEMENTED YET
C037  CA        DEX                             A:00 X:2D Y:0C P:24 SP:FF PPU: NOT IMPLEMENTED YET
C038  D0 FA     BNE $C034                       A:00 X:2C Y:0C P:24 SP:FF PPU: NOT IMPLEMENTED YET
C034  8D 07 20  STA $2007 = 00                  A:00 X:2C Y:0C P:24 SP:FF PPU: NOT IMPLEMENTED YET
C037  CA        DEX                             A:00 X:2C Y:0C P:24 SP:FF PPU: NOT IMPLEMENTED YET
C038  D0 FA     BNE $C034                       A:00 X:2B Y:0C P:24 SP:FF PPU: NOT IMPLEMENTED YET
C034  8D 07 20  STA $2007 = 00                  A:00 X:2B Y:0C P:24 SP:FF PPU: NOT IMPLEMENTED YET
C037  CA        DEX                             A:00 X:2B Y:0C P:24 SP:FF PPU: NOT IMPLEMENTED YET
C038  D0 FA     BNE $C034                       A:00 X:2A Y:0C P:24 SP:FF PPU: NOT IMPLEMENTED YET
C034  8D 07 20  STA $2007 = 00                  A:00 X:2A Y:0C P:24 SP:FF PPU: NOT IMPLEMENTED YET
C037  CA        DEX                             A:00 X:2A Y:0C P:24 SP:FF PPU: NOT IMPLEMENTED YET
C038  D0 FA     BNE $C034                       A:00 X:29 Y:0C P:24 SP:FF PPU: NOT IMPLEMENTED YET
C034  8D 07 20  STA $2007 = 00                  A:00 X:29 Y:0C P:24 SP:FF PPU: NOT IMPLEMENTED YET
C037  CA        DEX                             A:00 X:29 Y:0C P:24 SP:FF PPU: NOT IMPLEMENTED YET
C038  D0 FA     BNE $C034                       A:00 X:28 Y:0C P:24 SP:FF PPU: NOT IMPLEMENTED YET
C034  8D 07 20  STA $2007 = 00                  A:00 X:28 Y:0C P:24 SP:FF PPU: NOT IMPLEMENTED YET
C037  CA        DEX                             A:00 X:28 Y:0C P:24 SP:FF PPU: NOT IMPLEMENTED YET
C038  D0 FA     BNE $C034                       A:00 X:27 Y:0C P:24 SP:FF PPU: NOT IMPLEMENTED YET
C034  8D 07 20  STA $2007 = 00                  A:00 X:27 Y:0C P:24 SP:FF PPU: NOT IMPLEMENTED YET
C037  CA        DEX                             A:00 X:27 Y:0C P:24 SP:FF PPU: NOT IMPLEMENTED YET
C038  D0 FA     BNE $C034                       A:00 X:26 Y:0C P:24 SP:FF PPU: NOT IMPLEMENTED YET
C034  8D 07 20  STA $2007 = 00                  A:00 X:26 Y:0C P:24 SP:FF PPU: NOT IMPLEMENTED YET
C037  CA        DEX                             A:00 X:26 Y:0C P:24 SP:FF PPU: NOT IMPLEMENTED YET
C038  D0 FA     BNE $C034                       A:00 X:25 Y:0C P:24 SP:FF PPU: NOT IMPLEMENTED YET
C034  8D 07 20  STA $2007 = 00                  A:00 X:25 Y:0C P:24 SP:FF PPU: NOT IMPLEMENTED YET
C037  CA        DEX                             A:00 X:25 Y:0C P:24 SP:FF PPU: NOT IMPLEMENTED YET
C038  D0 FA     BNE $C034                       A:00 X:24 Y:0C P:24 SP:FF PPU: NOT IMPLEMENTED YET
C034  8D 07 20  STA $2007 = 00                  A:00 X:24 Y:0C P:24 SP:FF PPU: NOT IMPLEMENTED YET
C037  CA        DEX                             A:00 X:24 Y:0C P:24 SP:FF PPU: NOT IMPLEMENTED YET
C038  D0 FA     BNE $C034                       A:00 X:23 Y:0C P:24 SP:FF PPU: NOT IMPLEMENTED YET
C034  8D 07 20  STA $2007 = 00                  A:00 X:23 Y:0C P:24 SP:FF PPU: NOT IMPLEMENTED YET
C037  CA        DEX                             A:00 X:23 Y:0C P:24 SP:FF PPU: NOT IMPLEMENTED YET
C038  D0 FA     BNE $C034                       A:00 X:22 Y:0C P:24 SP:FF PPU: NOT IMPLEMENTED YET
C034  8D 07 20  STA $2007 = 00                  A:00 X:22 Y:0C P:24 SP:FF PPU: NOT IMPLEMENTED YET
C037  CA        DEX                             A:00 X:22 Y:0C P:24 SP:FF PPU: NOT IMPLEMENTED YET
C038  D0 FA     BNE $C034                       A:00 X:21 Y:0C P:24 SP:FF PPU: NOT IMPLEMENTED YET
C034  8D 07 20  STA $2007 = 00                  A:00 X:21 Y:0C P:24 SP:FF PPU: NOT IMPLEMENTED YET
C037  CA        DEX                             A:00 X:21 Y:0C P:24 SP:FF PPU: NOT IMPLEMENTED YET
C038  D0 FA     BNE $C034                       A:00 X:20 Y:0C P:24 SP:FF PPU: NOT IMPLEMENTED YET
C034  8D 07 20  STA $2007 = 00                  A:00 X:20 Y:0C P:24 SP:FF PPU: NOT IMPLEMENTED YET
C037  CA        DEX                             A:00 X:20 Y:0C P:24 SP:FF PPU: NOT IMPLEMENTED YET
C038  D0 FA     BNE $C034                       A:00 X:1F Y:0C P:24 SP:FF PPU: NOT IMPLEMENTED YET
C034  8D 07 20  STA $2007 = 00                  A:00 X:1F Y:0C P:24 SP:FF PPU: NOT IMPLEMENTED YET
C037  CA        DEX                             A:00 X:1F Y:0C P:24 SP:FF PPU: NOT IMPLEMENTED YET
C038  D0 FA     BNE $C034                       A:00 X:1E Y:0C P:24 SP:FF PPU: NOT IMPLEMENTED YET
C034  8D 07 20  STA $2007 = 00                  A:00 X:1E Y:0C P:24 SP:FF PPU: NOT IMPLEMENTED YET
C037  CA        DEX                             A:00 X:1E Y:0C P:24 SP:FF PPU: NOT IMPLEMENTED YET
C038  D0 FA     BNE $C034                       A:00 X:1D Y:0C P:24 SP:FF PPU: NOT IMPLEMENTED YET
C034  8D 07 20  STA $2007 = 00                  A:00 X:1D Y:0C P:24 SP:FF PPU: NOT IMPLEMENTED YET
C037  CA        DEX                             A:00 X:1D Y:0C P:24 SP:FF PPU: NOT IMPLEMENTED YET
C038  D0 FA     BNE $C034                       A:00 X:1C Y:0C P:24 SP:FF PPU: NOT IMPLEMENTED YET
C034  8D 07 20  STA $2007 = 00                  A:00 X:1C Y:0C P:24 SP:FF PPU: NOT IMPLEMENTED YET
C037  CA        DEX                             A:00 X:1C Y:0C P:24 SP:FF PPU: NOT IMPLEMENTED YET
C038  D0 FA     BNE $C034                       A:00 X:1B Y:0C P:24 SP:FF PPU: NOT IMPLEMENTED YET
C034  8D 07 20  STA $2007 = 00                  A:00 X:1B Y:0C P:24 SP:FF PPU: NOT IMPLEMENTED YET
C037  CA        DEX                             A:00 X:1B Y:0C P:24 SP:FF PPU: NOT IMPLEMENTED YET
C038  D0 FA     BNE $C034                       A:00 X:1A Y:0C P:24 SP:FF PPU: NOT IMPLEMENTED YET
C034  8D 07 20  STA $2007 = 00                  A:00 X:1A Y:0C P:24 SP:FF PPU: NOT IMPLEMENTED YET
C037  CA        DEX                             A:00 X:1A Y:0C P:24 SP:FF PPU: NOT IMPLEMENTED YET
C038  D0 FA     BNE $C034                       A:00 X:19 Y:0C P:24 SP:FF PPU: NOT IMPLEMENTED YET
C034  8D 07 20  STA $2007 = 00                  A:00 X:19 Y:0C P:24 SP:FF PPU: NOT IMPLEMENTED YET
C037  CA        DEX                             A:00 X:19 Y:0C P:24 SP:FF PPU: NOT IMPLEMENTED YET
C038  D0 FA     BNE $C034                       A:00 X:18 Y:0C P:24 SP:FF PPU: NOT IMPLEMENTED YET
C034  8D 07 20  STA $2007 = 00                  A:00 X:18 Y:0C P:24 SP:FF PPU: NOT IMPLEMENTED YET
C037  CA        DEX                             A:00 X:18 Y:0C P:24 SP:FF PPU: NOT IMPLEMENTED YET
C038  D0 FA     BNE $C034                       A:00 X:17 Y:0C P:24 SP:FF PPU: NOT IMPLEMENTED YET
C034  8D 07 20  STA $2007 = 00                  A:00 X:17 Y:0C P:24 SP:FF PPU: NOT IMPLEMENTED YET
C037  CA        DEX                             A:00 X:17 Y:0C P:24 SP:FF PPU: NOT IMPLEMENTED YET
C038  D0 FA     BNE $C034                       A:00 X:16 Y:0C P:24 SP:FF PPU: NOT IMPLEMENTED YET
C034  8D 07 20  STA $2007 = 00                  A:00 X:16 Y:0C P:24 SP:FF PPU: NOT IMPLEMENTED YET
C037  CA        DEX                             A:00 X:16 Y:0C P:24 SP:FF PPU: NOT IMPLEMENTED YET
C038  D0 FA     BNE $C034                       A:00 X:15 Y:0C P:24 SP:FF PPU: NOT IMPLEMENTED YET
C034  8D 07 20  STA $2007 = 00                  A:00 X:15 Y:0C P:24 SP:FF PPU: NOT IMPLEMENTED YET
C037  CA        DEX                             A:00 X:15 Y:0C P:24 SP:FF PPU: NOT IMPLEMENTED YET
C038  D0 FA     BNE $C034                       A:00 X:14 Y:0C P:24 SP:FF PPU: NOT IMPLEMENTED YET
C034  8D 07 20  STA $2007 = 00                  A:00 X:14 Y:0C P:24 SP:FF PPU: NOT IMPLEMENTED YET
C037  CA        DEX                             A:00 X:14 Y:0C P:24 SP:FF PPU: NOT IMPLEMENTED YET
C038  D0 FA     BNE $C034                       A:00 X:13 Y:0C P:24 SP:FF PPU: NOT IMPLEMENTED YET
C034  8D 07 20  STA $2007 = 00                  A:00 X:13 Y:0C P:24 SP:FF PPU: NOT IMPLEMENTED YET
C037  CA        DEX                             A:00 X:13 Y:0C P:24 SP:FF PPU: NOT IMPLEMENTED YET
C038  D0 FA     BNE $C034                       A:00 X:12 Y:0C P:24 SP:FF PPU: NOT IMPLEMENTED YET
C034  8D 07 20  STA $2007 = 00                  A:00 X:12 Y:0C P:24 SP:FF PPU: NOT IMPLEMENTED YET
C037  CA        DEX                             A:00 X:12 Y:0C P:24 SP:FF PPU: NOT IMPLEMENTED YET
C038  D0 FA     BNE $C034                       A:00 X:11 Y:0C P:24 SP:FF PPU: NOT IMPLEMENTED YET
C034  8D 07 20  STA $2007 = 00                  A:00 X:11 Y:0C P:24 SP:FF PPU: NOT IMPLEMENTED YET
C037  CA        DEX                             A:00 X:11 Y:0C P:24 SP:FF PPU: NOT IMPLEMENTED YET
C038  D0 FA     BNE $C034                       A:00 X:10 Y:0C P:24 SP:FF PPU: NOT IMPLEMENTED YET
C034  8D 07 20  STA $2007 = 00                  A:00 X:10 Y:0C P:24 SP:FF PPU: NOT IMPLEMENTED YET
C037  CA        DEX                             A:00 X:10 Y:0C P:24 SP:FF PPU: NOT IMPLEMENTED YET
C038  D0 FA     BNE $C034                       A:00 X:0F Y:0C P:24 SP:FF PPU: NOT IMPLEMENTED YET
C034  8D 07 20  STA $2007 = 00                  A:00 X:0F Y:0C P:24 SP:FF PPU: NOT IMPLEMENTED YET
C037  CA        DEX                             A:00 X:0F Y:0C P:24 SP:FF PPU: NOT IMPLEMENTED YET
C038  D0 FA     BNE $C034                       A:00 X:0E Y:0C P:24 SP:FF PPU: NOT IMPLEMENTED YET
C034  8D 07 20  STA $2007 = 00                  A:00 X:0E Y:0C P:24 SP:FF PPU: NOT IMPLEMENTED YET
C037  CA        DEX                             A:00 X:0E Y:0C P:24 SP:FF PPU: NOT IMPLEMENTED YET
C038  D0 FA     BNE $C034                       A:00 X:0D Y:0C P:24 SP:FF PPU: NOT IMPLEMENTED YET
C034  8D 07 20  STA $2007 = 00                  A:00 X:0D Y:0C P:24 SP:FF PPU: NOT IMPLEMENTED YET
C037  CA        DEX                             A:00 X:0D Y:0C P:24 SP:FF PPU: NOT IMPLEMENTED YET
C038  D0 FA     BNE $C034                       A:00 X:0C Y:0C P:24 SP:FF PPU: NOT IMPLEMENTED YET
C034  8D 07 20  STA $2007 = 00                  A:00 X:0C Y:0C P:24 SP:FF PPU: NOT IMPLEMENTED YET
C037  CA        DEX                             A:00 X:0C Y:0C P:24 SP:FF PPU: NOT IMPLEMENTED YET
C038  D0 FA     BNE $C034                       A:00 X:0B Y:0C P:24 SP:FF PPU: NOT IMPLEMENTED YET
C034  8D 07 20  STA $2007 = 00                  A:00 X:0B Y:0C P:24 SP:FF PPU: NOT IMPLEMENTED YET
C037  CA        DEX                             A:00 X:0B Y:0C P:24 SP:FF PPU: NOT IMPLEMENTED YET
C038  D0 FA     BNE $C034                       A:00 X:0A Y:0C P:24 SP:FF PPU: NOT IMPLEMENTED YET
C034  8D 07 20  STA $2007 = 00                  A:00 X:0A Y:0C P:24 SP:FF PPU: NOT IMPLEMENTED YET
C037  CA        DEX                             A:00 X:0A Y:0C P:24 SP:FF PPU: NOT IMPLEMENTED YET
C038  D0 FA     BNE $C034                       A:00 X:09 Y:0C P:24 SP:FF PPU: NOT IMPLEMENTED YET
C034  8D 07 20  STA $2007 = 00                  A:00 X:09 Y:0C P:24 SP:FF PPU: NOT IMPLEMENTED YET
C037  CA        DEX                             A:00 X:09 Y:0C P:24 SP:FF PPU: NOT IMPLEMENTED YET
C038  D0 FA     BNE $C034                       A:00 X:08 Y:0C P:24 SP:FF PPU: NOT IMPLEMENTED YET
C034  8D 07 20  STA $2007 = 00                  A:00 X:08 Y:0C P:24 SP:FF PPU: NOT IMPLEMENTED YET
C037  CA        DEX                             A:00 X:08 Y:0C P:24 SP:FF PPU: NOT IMPLEMENTED YET
C038  D0 FA     BNE $C034                       A:00 X:07 Y:0C P:24 SP:FF PPU: NOT IMPLEMENTED YET
C034  8D 07 20  STA $2007 = 00                  A:00 X:07 Y:0C P:24 SP:FF PPU: NOT IMPLEMENTED YET
C037  CA        DEX                             A:00 X:07 Y:0C P:24 SP:FF PPU: NOT IMPLEMENTED YET
C038  D0 FA     BNE $C034                       A:00 X:06 Y:0C P:24 SP:FF PPU: NOT IMPLEMENTED YET
C034  8D 07 20  STA $2007 = 00                  A:00 X:06 Y:0C P:24 SP:FF PPU: NOT IMPLEMENTED YET
C037  CA        DEX                             A:00 X:06 Y:0C P:24 SP:FF PPU: NOT IMPLEMENTED YET
C038  D0 FA     BNE $C034                       A:00 X:05 Y:0C P:24 SP:FF PPU: NOT IMPLEMENTED YET
C034  8D 07 20  STA $2007 = 00                  A:00 X:05 Y:0C P:24 SP:FF PPU: NOT IMPLEMENTED YET
C037  CA        DEX                             A:00 X:05 Y:0C P:24 SP:FF PPU: NOT IMPLEMENTED YET
C038  D0 FA     BNE $C034                       A:00 X:04 Y:0C P:24 SP:FF PPU: NOT IMPLEMENTED YET
C034  8D 07 20  STA $2007 = 00                  A:00 X:04 Y:0C P:24 SP:FF PPU: NOT IMPLEMENTED YET
C037  CA        DEX                             A:00 X:04 Y:0C P:24 SP:FF PPU: NOT IMPLEMENTED YET
C038  D0 FA     BNE $C034                       A:00 X:03 Y:0C P:24 SP:FF PPU: NOT IMPLEMENTED YET
C034  8D 07 20  STA $2007 = 00                  A:00 X:03 Y:0C P:24 SP:FF PPU: NOT IMPLEMENTED YET
C037  CA        DEX                             A:00 X:03 Y:0C P:24 SP:FF PPU: NOT IMPLEMENTED YET
C038  D0 FA     BNE $C034                       A:00 X:02 Y:0C P:24 SP:FF PPU: NOT IMPLEMENTED YET
C034  8D 07 20  STA $2007 = 00                  A:00 X:02 Y:0C P:24 SP:FF PPU: NOT IMPLEMENTED YET
C037  CA        DEX                             A:00 X:02 Y:0C P:24 SP:FF PPU: NOT IMPLEMENTED YET
C038  D0 FA     BNE $C034                       A:00 X:01 Y:0C P:24 SP:FF PPU: NOT IMPLEMENTED YET
C034  8D 07 20  STA $2007 = 00                  A:00 X:01 Y:0C P:24 SP:FF PPU: NOT IMPLEMENTED YET
C037  CA        DEX                             A:00 X:01 Y:0C P:24 SP:FF PPU: NOT IMPLEMENTED YET
C038  D0 FA     BNE $C034                       A:00 X:00 Y:0C P:26 SP:FF PPU: NOT IMPLEMENTED YET
C03A  88        DEY                             A:00 X:00 Y:0C P:26 SP:FF PPU: NOT IMPLEMENTED YET
C03B  D0 F7     BNE $C034                       A:00 X:00 Y:0B P:24 SP:FF PPU: NOT IMPLEMENTED YET
C034  8D 07 20  STA $2007 = 00                  A:00 X:00 Y:0B P:24 SP:FF PPU: NOT IMPLEMENTED YET
C037  CA        DEX                             A:00 X:00 Y:0B P:24 SP:FF PPU: NOT IMPLEMENTED YET
C038  D0 FA     BNE $C034                       A:00 X:FF Y:0B P:A4 SP:FF PPU: NOT IMPLEMENTED YET
C034  8D 07 20  STA $2007 = 00                  A:00 X:FF Y:0B P:A4 SP:FF PPU: NOT IMPLEMENTED YET
C037  CA        DEX                             A:00 X:FF Y:0B P:A4 SP:FF PPU: NOT IMPLEMENTED YET
C038  D0 FA     BNE $C034                       A:00 X:FE Y:0B P:A4 SP:FF PPU: NOT IMPLEMENTED YET
C034  8D 07 20  STA $2007 = 00                  A:00 X:FE Y:0B P:A4 SP:FF PPU: NOT IMPLEMENTED YET
C037  CA        DEX                             A:00 X:FE Y:0B P:A4 SP:FF PPU: NOT IMPLEMENTED YET
C038  D0 FA     BNE $C034                       A:00 X:FD Y:0B P:A4 SP:FF PPU: NOT IMPLEMENTED YET
C034  8D 07 20  STA $2007 = 00                  A:00 X:FD Y:0B P:A4 SP:FF PPU: NOT IMPLEMENTED YET
C037  CA        DEX                             A:00 X:FD Y:0B P:A4 SP:FF PPU: NOT IMPLEMENTED YET
C038  D0 FA     BNE $C034                       A:00 X:FC Y:0B P:A4 SP:FF PPU: NOT IMPLEMENTED YET
C034  8D 07 20  STA $2007 = 00                  A:00 X:FC Y:0B P:A4 SP:FF PPU: NOT IMPLEMENTED YET
C037  CA        DEX                             A:00 X:FC Y:0B P:A4 SP:FF PPU: NOT IMPLEMENTED YET
C038  D0 FA     BNE $C034                       A:00 X:FB Y:0B P:A4 SP:FF PPU: NOT IMPLEMENTED YET
C034  8D 07 20  STA $2007 = 00                  A:00 X:FB Y:0B P:A4 SP:FF PPU: NOT IMPLEMENTED YET
C037  CA        DEX                             A:00 X:FB Y:0B P:A4 SP:FF PPU: NOT IMPLEMENTED YET
C038  D0 FA     BNE $C034                       A:00 X:FA Y:0B P:A4 SP:FF PPU: NOT IMPLEMENTED YET
C034  8D 07 20  STA $2007 = 00                  A:00 X:FA Y:0B P:A4 SP:FF PPU: NOT IMPLEMENTED YET
C037  CA        DEX                             A:00 X:FA Y:0B P:A4 SP:FF PPU: NOT IMPLEMENTED YET
C038  D0 FA     BNE $C034                       A:00 X:F9 Y:0B P:A4 SP:FF PPU: NOT IMPLEMENTED YET
C034  8D 07 20  STA $2007 = 00                  A:00 X:F9 Y:0B P:A4 SP:FF PPU: NOT IMPLEMENTED YET
C037  CA        DEX                             A:00 X:F9 Y:0B P:A4 SP:FF PPU: NOT IMPLEMENTED YET
C038  D0 FA     BNE $C034                       A:00 X:F8 Y:0B P:A4 SP:FF PPU: NOT IMPLEMENTED YET
C034  8D 07 20  STA $2007 = 00                  A:00 X:F8 Y:0B P:A4 SP:FF PPU: NOT IMPLEMENTED YET
C037  CA        DEX                             A:00 X:F8 Y:0B P:A4 SP:FF PPU: NOT IMPLEMENTED YET
C038  D0 FA     BNE $C034                       A:00 X:F7 Y:0B P:A4 SP:FF PPU: NOT IMPLEMENTED YET
C034  8D 07 20  STA $2007 = 00                  A:00 X:F7 Y:0B P:A4 SP:FF PPU: NOT IMPLEMENTED YET
C037  CA        DEX                             A:00 X:F7 Y:0B P:A4 SP:FF PPU: NOT IMPLEMENTED YET
C038  D0 FA     BNE $C034                       A:00 X:F6 Y:0B P:A4 SP:FF PPU: NOT IMPLEMENTED YET
C034  8D 07 20  STA $2007 = 00                  A:00 X:F6 Y:0B P:A4 SP:FF PPU: NOT IMPLEMENTED YET
C037  CA        DEX                             A:00 X:F6 Y:0B P:A4 SP:FF PPU: NOT IMPLEMENTED YET
C038  D0 FA     BNE $C034                       A:00 X:F5 Y:0B P:A4 SP:FF PPU: NOT IMPLEMENTED YET
C034  8D 07 20  STA $2007 = 00                  A:00 X:F5 Y:0B P:A4 SP:FF PPU: NOT IMPLEMENTED YET
C037  CA        DEX                             A:00 X:F5 Y:0B P:A4 SP:FF PPU: NOT IMPLEMENTED YET
C038  D0 FA     BNE $C034                       A:00 X:F4 Y:0B P:A4 SP:FF PPU: NOT IMPLEMENTED YET
C034  8D 07 20  STA $2007 = 00                  A:00 X:F4 Y:0B P:A4 SP:FF PPU: NOT IMPLEMENTED YET
C037  CA        DEX                             A:00 X:F4 Y:0B P:A4 SP:FF PPU: NOT IMPLEMENTED YET
C038  D0 FA     BNE $C034                       A:00 X:F3 Y:0B P:A4 SP:FF PPU: NOT IMPLEMENTED YET
C034  8D 07 20  STA $2007 = 00                  A:00 X:F3 Y:0B P:A4 SP:FF PPU: NOT IMPLEMENTED YET
C037  CA        DEX                             A:00 X:F3 Y:0B P:A4 SP:FF PPU: NOT IMPLEMENTED YET
C038  D0 FA     BNE $C034                       A:00 X:F2 Y:0B P:A4 SP:FF PPU: NOT IMPLEMENTED YET
C034  8D 07 20  STA $2007 = 00                  A:00 X:F2 Y:0B P:A4 SP:FF PPU: NOT IMPLEMENTED YET
C037  CA        DEX                             A:00 X:F2 Y:0B P:A4 SP:FF PPU: NOT IMPLEMENTED YET
C038  D0 FA     BNE $C034                       A:00 X:F1 Y:0B P:A4 SP:FF PPU: NOT IMPLEMENTED YET
C034  8D 07 20  STA $2007 = 00                  A:00 X:F1 Y:0B P:A4 SP:FF PPU: NOT IMPLEMENTED YET
C037  CA        DEX                             A:00 X:F1 Y:0B P:A4 SP:FF PPU: NOT IMPLEMENTED YET
C038  D0 FA     BNE $C034                       A:00 X:F0 Y:0B P:A4 SP:FF PPU: NOT IMPLEMENTED YET
C034  8D 07 20  STA $2007 = 00                  A:00 X:F0 Y:0B P:A4 SP:FF PPU: NOT IMPLEMENTED YET
C037  CA        DEX                             A:00 X:F0 Y:0B P:A4 SP:FF PPU: NOT IMPLEMENTED YET
C038  D0 FA     BNE $C034                       A:00 X:EF Y:0B P:A4 SP:FF PPU: NOT IMPLEMENTED YET
C034  8D 07 20  STA $2007 = 00                  A:00 X:EF Y:0B P:A4 SP:FF PPU: NOT IMPLEMENTED YET
C037  CA        DEX                             A:00 X:EF Y:0B P:A4 SP:FF PPU: NOT IMPLEMENTED YET
C038  D0 FA     BNE $C034                       A:00 X:EE Y:0B P:A4 SP:FF PPU: NOT IMPLEMENTED YET
C034  8D 07 20  STA $2007 = 00                  A:00 X:EE Y:0B P:A4 SP:FF PPU: NOT IMPLEMENTED YET
C037  CA        DEX                             A:00 X:EE Y:0B P:A4 SP:FF PPU: NOT IMPLEMENTED YET
C038  D0 FA     BNE $C034                       A:00 X:ED Y:0B P:A4 SP:FF PPU: NOT IMPLEMENTED YET
C034  8D 07 20  STA $2007 = 00                  A:00 X:ED Y:0B P:A4 SP:FF PPU: NOT IMPLEMENTED YET
C037  CA        DEX                             A:00 X:ED Y:0B P:A4 SP:FF PPU: NOT IMPLEMENTED YET
C038  D0 FA     BNE $C034                       A:00 X:EC Y:0B P:A4 SP:FF PPU: NOT IMPLEMENTED YET
C034  8D 07 20  STA $2007 = 00                  A:00 X:EC Y:0B P:A4 SP:FF PPU: NOT IMPLEMENTED YET
C037  CA        DEX                             A:00 X:EC Y:0B P:A4 SP:FF PPU: NOT IMPLEMENTED YET
C038  D0 FA     BNE $C034                       A:00 X:EB Y:0B P:A4 SP:FF PPU: NOT IMPLEMENTED YET
C034  8D 07 20  STA $2007 = 00                  A:00 X:EB Y:0B P:A4 SP:FF PPU: NOT IMPLEMENTED YET
C037  CA        DEX                             A:00 X:EB Y:0B P:A4 SP:FF PPU: NOT IMPLEMENTED YET
C038  D0 FA     BNE $C034                       A:00 X:EA Y:0B P:A4 SP:FF PPU: NOT IMPLEMENTED YET
C034  8D 07 20  STA $2007 = 00                  A:00 X:EA Y:0B P:A4 SP:FF PPU: NOT IMPLEMENTED YET
C037  CA        DEX                             A:00 X:EA Y:0B P:A4 SP:FF PPU: NOT IMPLEMENTED YET
C038  D0 FA     BNE $C034                       A:00 X:E9 Y:0B P:A4 SP:FF PPU: NOT IMPLEMENTED YET
C034  8D 07 20  STA $2007 = 00                  A:00 X:E9 Y:0B P:A4 SP:FF PPU: NOT IMPLEMENTED YET
C037  CA        DEX                             A:00 X:E9 Y:0B P:A4 SP:FF PPU: NOT IMPLEMENTED YET
C038  D0 FA     BNE $C034                       A:00 X:E8 Y:0B P:A4 SP:FF PPU: NOT IMPLEMENTED YET
C034  8D 07 20  STA $2007 = 00                  A:00 X:E8 Y:0B P:A4 SP:FF PPU: NOT IMPLEMENTED YET
C037  CA        DEX                             A:00 X:E8 Y:0B P:A4 SP:FF PPU: NOT IMPLEMENTED YET
C038  D0 FA     BNE $C034                       A:00 X:E7 Y:0B P:A4 SP:FF PPU: NOT IMPLEMENTED YET
C034  8D 07 20  STA $2007 = 00                  A:00 X:E7 Y:0B P:A4 SP:FF PPU: NOT IMPLEMENTED YET
C037  CA        DEX                             A:00 X:E7 Y:0B P:A4 SP:FF PPU: NOT IMPLEMENTED YET
C038  D0 FA     BNE $C034                       A:00 X:E6 Y:0B P:A4 SP:FF PPU: NOT IMPLEMENTED YET
C034  8D 07 20  STA $2007 = 00                  A:00 X:E6 Y:0B P:A4 SP:FF PPU: NOT IMPLEMENTED YET
C037  CA        DEX                             A:00 X:E6 Y:0B P:A4 SP:FF PPU: NOT IMPLEMENTED YET
C038  D0 FA     BNE $C034                       A:00 X:E5 Y:0B P:A4 SP:FF PPU: NOT IMPLEMENTED YET
C034  8D 07 20  STA $2007 = 00                  A:00 X:E5 Y:0B P:A4 SP:FF PPU: NOT IMPLEMENTED YET
C037  CA        DEX                             A:00 X:E5 Y:0B P:A4 SP:FF PPU: NOT IMPLEMENTED YET
C038  D0 FA     BNE $C034                       A:00 X:E4 Y:0B P:A4 SP:FF PPU: NOT IMPLEMENTED YET
C034  8D 07 20  STA $2007 = 00                  A:00 X:E4 Y:0B P:A4 SP:FF PPU: NOT IMPLEMENTED YET
C037  CA        DEX                             A:00 X:E4 Y:0B P:A4 SP:FF PPU: NOT IMPLEMENTED YET
C038  D0 FA     BNE $C034                       A:00 X:E3 Y:0B P:A4 SP:FF PPU: NOT IMPLEMENTED YET
C034  8D 07 20  STA $2007 = 00                  A:00 X:E3 Y:0B P:A4 SP:FF PPU: NOT IMPLEMENTED YET
C037  CA        DEX                             A:00 X:E3 Y:0B P:A4 SP:FF PPU: NOT IMPLEMENTED YET
C038  D0 FA     BNE $C034                       A:00 X:E2 Y:0B P:A4 SP:FF PPU: NOT IMPLEMENTED YET
C034  8D 07 20  STA $2007 = 00                  A:00 X:E2 Y:0B P:A4 SP:FF PPU: NOT IMPLEMENTED YET
C037  CA        DEX                             A:00 X:E2 Y:0B P:A4 SP:FF PPU: NOT IMPLEMENTED YET
C038  D0 FA     BNE $C034                       A:00 X:E1 Y:0B P:A4 SP:FF PPU: NOT IMPLEMENTED YET
C034  8D 07 20  STA $2007 = 00                  A:00 X:E1 Y:0B P:A4 SP:FF PPU: NOT IMPLEMENTED YET
C037  CA        DEX                             A:00 X:E1 Y:0B P:A4 SP:FF PPU: NOT IMPLEMENTED YET
C038  D0 FA     BNE $C034                       A:00 X:E0 Y:0B P:A4 SP:FF PPU: NOT IMPLEMENTED YET
C034  8D 07 20  STA $2007 = 00                  A:00 X:E0 Y:0B P:A4 SP:FF PPU: NOT IMPLEMENTED YET
C037  CA        DEX                             A:00 X:E0 Y:0B P:A4 SP:FF PPU: NOT IMPLEMENTED YET
C038  D0 FA     BNE $C034                       A:00 X:DF Y:0B P:A4 SP:FF PPU: NOT IMPLEMENTED YET
C034  8D 07 20  STA $2007 = 00                  A:00 X:DF Y:0B P:A4 SP:FF PPU: NOT IMPLEMENTED YET
C037  CA        DEX                             A:00 X:DF Y:0B P:A4 SP:FF PPU: NOT IMPLEMENTED YET
C038  D0 FA     BNE $C034                       A:00 X:DE Y:0B P:A4 SP:FF PPU: NOT IMPLEMENTED YET
C034  8D 07 20  STA $2007 = 00                  A:00 X:DE Y:0B P:A4 SP:FF PPU: NOT IMPLEMENTED YET
C037  CA        DEX                             A:00 X:DE Y:0B P:A4 SP:FF PPU: NOT IMPLEMENTED YET
C038  D0 FA     BNE $C034                       A:00 X:DD Y:0B P:A4 SP:FF PPU: NOT IMPLEMENTED YET
C034  8D 07 20  STA $2007 = 00                  A:00 X:DD Y:0B P:A4 SP:FF PPU: NOT IMPLEMENTED YET
C037  CA        DEX                             A:00 X:DD Y:0B P:A4 SP:FF PPU: NOT IMPLEMENTED YET
C038  D0 FA     BNE $C034                       A:00 X:DC Y:0B P:A4 SP:FF PPU: NOT IMPLEMENTED YET
C034  8D 07 20  STA $2007 = 00                  A:00 X:DC Y:0B P:A4 SP:FF PPU: NOT IMPLEMENTED YET
C037  CA        DEX                             A:00 X:DC Y:0B P:A4 SP:FF PPU: NOT IMPLEMENTED YET
C038  D0 FA     BNE $C034                       A:00 X:DB Y:0B P:A4 SP:FF PPU: NOT IMPLEMENTED YET
C034  8D 07 20  STA $2007 = 00                  A:00 X:DB Y:0B P:A4 SP:FF PPU: NOT IMPLEMENTED YET
C037  CA        DEX                             A:00 X:DB Y:0B P:A4 SP:FF PPU: NOT IMPLEMENTED YET
C038  D0 FA     BNE $C034                       A:00 X:DA Y:0B P:A4 SP:FF PPU: NOT IMPLEMENTED YET
C034  8D 07 20  STA $2007 = 00                  A:00 X:DA Y:0B P:A4 SP:FF PPU: NOT IMPLEMENTED YET
C037  CA        DEX                             A:00 X:DA Y:0B P:A4 SP:FF PPU: NOT IMPLEMENTED YET
C038  D0 FA     BNE $C034                       A:00 X:D9 Y:0B P:A4 SP:FF PPU: NOT IMPLEMENTED YET
C034  8D 07 20  STA $2007 = 00                  A:00 X:D9 Y:0B P:A4 SP:FF PPU: NOT IMPLEMENTED YET
C037  CA        DEX                             A:00 X:D9 Y:0B P:A4 SP:FF PPU: NOT IMPLEMENTED YET
C038  D0 FA     BNE $C034                       A:00 X:D8 Y:0B P:A4 SP:FF PPU: NOT IMPLEMENTED YET
C034  8D 07 20  STA $2007 = 00                  A:00 X:D8 Y:0B P:A4 SP:FF PPU: NOT IMPLEMENTED YET
C037  CA        DEX                             A:00 X:D8 Y:0B P:A4 SP:FF PPU: NOT IMPLEMENTED YET
C038  D0 FA     BNE $C034                       A:00 X:D7 Y:0B P:A4 SP:FF PPU: NOT IMPLEMENTED YET
C034  8D 07 20  STA $2007 = 00                  A:00 X:D7 Y:0B P:A4 SP:FF PPU: NOT IMPLEMENTED YET
C037  CA        DEX                             A:00 X:D7 Y:0B P:A4 SP:FF PPU: NOT IMPLEMENTED YET
C038  D0 FA     BNE $C034                       A:00 X:D6 Y:0B P:A4 SP:FF PPU: NOT IMPLEMENTED YET
C034  8D 07 20  STA $2007 = 00                  A:00 X:D6 Y:0B P:A4 SP:FF PPU: NOT IMPLEMENTED YET
C037  CA        DEX                             A:00 X:D6 Y:0B P:A4 SP:FF PPU: NOT IMPLEMENTED YET
C038  D0 FA     BNE $C034                       A:00 X:D5 Y:0B P:A4 SP:FF PPU: NOT IMPLEMENTED YET
C034  8D 07 20  STA $2007 = 00                  A:00 X:D5 Y:0B P:A4 SP:FF PPU: NOT IMPLEMENTED YET
C037  CA        DEX                             A:00 X:D5 Y:0B P:A4 SP:FF PPU: NOT IMPLEMENTED YET
C038  D0 FA     BNE $C034                       A:00 X:D4 Y:0B P:A4 SP:FF PPU: NOT IMPLEMENTED YET
C034  8D 07 20  STA $2007 = 00                  A:00 X:D4 Y:0B P:A4 SP:FF PPU: NOT IMPLEMENTED YET
C037  CA        DEX                             A:00 X:D4 Y:0B P:A4 SP:FF PPU: NOT IMPLEMENTED YET
C038  D0 FA     BNE $C034                       A:00 X:D3 Y:0B P:A4 SP:FF PPU: NOT IMPLEMENTED YET
C034  8D 07 20  STA $2007 = 00                  A:00 X:D3 Y:0B P:A4 SP:FF PPU: NOT IMPLEMENTED YET
C037  CA        DEX                             A:00 X:D3 Y:0B P:A4 SP:FF PPU: NOT IMPLEMENTED YET
C038  D0 FA     BNE $C034                       A:00 X:D2 Y:0B P:A4 SP:FF PPU: NOT IMPLEMENTED YET
C034  8D 07 20  STA $2007 = 00                  A:00 X:D2 Y:0B P:A4 SP:FF PPU: NOT IMPLEMENTED YET
C037  CA        DEX                             A:00 X:D2 Y:0B P:A4 SP:FF PPU: NOT IMPLEMENTED YET
C038  D0 FA     BNE $C034                       A:00 X:D1 Y:0B P:A4 SP:FF PPU: NOT IMPLEMENTED YET
C034  8D 07 20  STA $2007 = 00                  A:00 X:D1 Y:0B P:A4 SP:FF PPU: NOT IMPLEMENTED YET
C037  CA        DEX                             A:00 X:D1 Y:0B P:A4 SP:FF PPU: NOT IMPLEMENTED YET
C038  D0 FA     BNE $C034                       A:00 X:D0 Y:0B P:A4 SP:FF PPU: NOT IMPLEMENTED YET
C034  8D 07 20  STA $2007 = 00                  A:00 X:D0 Y:0B P:A4 SP:FF PPU: NOT IMPLEMENTED YET
C037  CA        DEX                             A:00 X:D0 Y:0B P:A4 SP:FF PPU: NOT IMPLEMENTED YET
C038  D0 FA     BNE $C034                       A:00 X:CF Y:0B P:A4 SP:FF PPU: NOT IMPLEMENTED YET
C034  8D 07 20  STA $2007 = 00                  A:00 X:CF Y:0B P:A4 SP:FF PPU: NOT IMPLEMENTED YET
C037  CA        DEX                             A:00 X:CF Y:0B P:A4 SP:FF PPU: NOT IMPLEMENTED YET
C038  D0 FA     BNE $C034                       A:00 X:CE Y:0B P:A4 SP:FF PPU: NOT IMPLEMENTED YET
C034  8D 07 20  STA $2007 = 00                  A:00 X:CE Y:0B P:A4 SP:FF PPU: NOT IMPLEMENTED YET
C037  CA        DEX                             A:00 X:CE Y:0B P:A4 SP:FF PPU: NOT IMPLEMENTED YET
C038  D0 FA     BNE $C034                       A:00 X:CD Y:0B P:A4 SP:FF PPU: NOT IMPLEMENTED YET
C034  8D 07 20  STA $2007 = 00                  A:00 X:CD Y:0B P:A4 SP:FF PPU: NOT IMPLEMENTED YET
C037  CA        DEX                             A:00 X:CD Y:0B P:A4 SP:FF PPU: NOT IMPLEMENTED YET
C038  D0 FA     BNE $C034                       A:00 X:CC Y:0B P:A4 SP:FF PPU: NOT IMPLEMENTED YET
C034  8D 07 20  STA $2007 = 00                  A:00 X:CC Y:0B P:A4 SP:FF PPU: NOT IMPLEMENTED YET
C037  CA        DEX                             A:00 X:CC Y:0B P:A4 SP:FF PPU: NOT IMPLEMENTED YET
C038  D0 FA     BNE $C034                       A:00 X:CB Y:0B P:A4 SP:FF PPU: NOT IMPLEMENTED YET
C034  8D 07 20  STA $2007 = 00                  A:00 X:CB Y:0B P:A4 SP:FF PPU: NOT IMPLEMENTED YET
C037  CA        DEX                             A:00 X:CB Y:0B P:A4 SP:FF PPU: NOT IMPLEMENTED YET
C038  D0 FA     BNE $C034                       A:00 X:CA Y:0B P:A4 SP:FF PPU: NOT IMPLEMENTED YET
C034  8D 07 20  STA $2007 = 00                  A:00 X:CA Y:0B P:A4 SP:FF PPU: NOT IMPLEMENTED YET
C037  CA        DEX                             A:00 X:CA Y:0B P:A4 SP:FF PPU: NOT IMPLEMENTED YET
C038  D0 FA     BNE $C034                       A:00 X:C9 Y:0B P:A4 SP:FF PPU: NOT IMPLEMENTED YET
C034  8D 07 20  STA $2007 = 00                  A:00 X:C9 Y:0B P:A4 SP:FF PPU: NOT IMPLEMENTED YET
C037  CA        DEX                             A:00 X:C9 Y:0B P:A4 SP:FF PPU: NOT IMPLEMENTED YET
C038  D0 FA     BNE $C034                       A:00 X:C8 Y:0B P:A4 SP:FF PPU: NOT IMPLEMENTED YET
C034  8D 07 20  STA $2007 = 00                  A:00 X:C8 Y:0B P:A4 SP:FF PPU: NOT IMPLEMENTED YET
C037  CA        DEX                             A:00 X:C8 Y:0B P:A4 SP:FF PPU: NOT IMPLEMENTED YET
C038  D0 FA     BNE $C034                       A:00 X:C7 Y:0B P:A4 SP:FF PPU: NOT IMPLEMENTED YET
C034  8D 07 20  STA $2007 = 00                  A:00 X:C7 Y:0B P:A4 SP:FF PPU: NOT IMPLEMENTED YET
C037  CA        DEX                             A:00 X:C7 Y:0B P:A4 SP:FF PPU: NOT IMPLEMENTED YET
C038  D0 FA     BNE $C034                       A:00 X:C6 Y:0B P:A4 SP:FF PPU: NOT IMPLEMENTED YET
C034  8D 07 20  STA $2007 = 00                  A:00 X:C6 Y:0B P:A4 SP:FF PPU: NOT IMPLEMENTED YET
C037  CA        DEX                             A:00 X:C6 Y:0B P:A4 SP:FF PPU: NOT IMPLEMENTED YET
C038  D0 FA     BNE $C034                       A:00 X:C5 Y:0B P:A4 SP:FF PPU: NOT IMPLEMENTED YET
C034  8D 07 20  STA $2007 = 00                  A:00 X:C5 Y:0B P:A4 SP:FF PPU: NOT IMPLEMENTED YET
C037  CA        DEX                             A:00 X:C5 Y:0B P:A4 SP:FF PPU: NOT IMPLEMENTED YET
C038  D0 FA     BNE $C034                       A:00 X:C4 Y:0B P:A4 SP:FF PPU: NOT IMPLEMENTED YET
C034  8D 07 20  STA $2007 = 00                  A:00 X:C4 Y:0B P:A4 SP:FF PPU: NOT IMPLEMENTED YET
C037  CA        DEX                             A:00 X:C4 Y:0B P:A4 SP:FF PPU: NOT IMPLEMENTED YET
C038  D0 FA     BNE $C034                       A:00 X:C3 Y:0B P:A4 SP:FF PPU: NOT IMPLEMENTED YET
C034  8D 07 20  STA $2007 = 00                  A:00 X:C3 Y:0B P:A4 SP:FF PPU: NOT IMPLEMENTED YET
C037  CA        DEX                             A:00 X:C3 Y:0B P:A4 SP:FF PPU: NOT IMPLEMENTED YET
C038  D0 FA     BNE $C034                       A:00 X:C2 Y:0B P:A4 SP:FF PPU: NOT IMPLEMENTED YET
C034  8D 07 20  STA $2007 = 00                  A:00 X:C2 Y:0B P:A4 SP:FF PPU: NOT IMPLEMENTED YET
C037  CA        DEX                             A:00 X:C2 Y:0B P:A4 SP:FF PPU: NOT IMPLEMENTED YET
C038  D0 FA     BNE $C034                       A:00 X:C1 Y:0B P:A4 SP:FF PPU: NOT IMPLEMENTED YET
C034  8D 07 20  STA $2007 = 00                  A:00 X:C1 Y:0B P:A4 SP:FF PPU: NOT IMPLEMENTED YET
C037  CA        DEX                             A:00 X:C1 Y:0B P:A4 SP:FF PPU: NOT IMPLEMENTED YET
C038  D0 FA     BNE $C034                       A:00 X:C0 Y:0B P:A4 SP:FF PPU: NOT IMPLEMENTED YET
C034  8D 07 20  STA $2007 = 00                  A:00 X:C0 Y:0B P:A4 SP:FF PPU: NOT IMPLEMENTED YET
C037  CA        DEX                             A:00 X:C0 Y:0B P:A4 SP:FF PPU: NOT IMPLEMENTED YET
C038  D0 FA     BNE $C034                       A:00 X:BF Y:0B P:A4 SP:FF PPU: NOT IMPLEMENTED YET
C034  8D 07 20  STA $2007 = 00                  A:00 X:BF Y:0B P:A4 SP:FF PPU: NOT IMPLEMENTED YET
C037  CA        DEX                             A:00 X:BF Y:0B P:A4 SP:FF PPU: NOT IMPLEMENTED YET
C038  D0 FA     BNE $C034                       A:00 X:BE Y:0B P:A4 SP:FF PPU: NOT IMPLEMENTED YET
C034  8D 07 20  STA $2007 = 00                  A:00 X:BE Y:0B P:A4 SP:FF PPU: NOT IMPLEMENTED YET
C037  CA        DEX                             A:00 X:BE Y:0B P:A4 SP:FF PPU: NOT IMPLEMENTED YET
C038  D0 FA     BNE $C034                       A:00 X:BD Y:0B P:A4 SP:FF PPU: NOT IMPLEMENTED YET
C034  8D 07 20  STA $2007 = 00                  A:00 X:BD Y:0B P:A4 SP:FF PPU: NOT IMPLEMENTED YET
C037  CA        DEX                             A:00 X:BD Y:0B P:A4 SP:FF PPU: NOT IMPLEMENTED YET
C038  D0 FA     BNE $C034                       A:00 X:BC Y:0B P:A4 SP:FF PPU: NOT IMPLEMENTED YET
C034  8D 07 20  STA $2007 = 00                  A:00 X:BC Y:0B P:A4 SP:FF PPU: NOT IMPLEMENTED YET
C037  CA        DEX                             A:00 X:BC Y:0B P:A4 SP:FF PPU: NOT IMPLEMENTED YET
C038  D0 FA     BNE $C034                       A:00 X:BB Y:0B P:A4 SP:FF PPU: NOT IMPLEMENTED YET
C034  8D 07 20  STA $2007 = 00                  A:00 X:BB Y:0B P:A4 SP:FF PPU: NOT IMPLEMENTED YET
C037  CA        DEX                             A:00 X:BB Y:0B P:A4 SP:FF PPU: NOT IMPLEMENTED YET
C038  D0 FA     BNE $C034                       A:00 X:BA Y:0B P:A4 SP:FF PPU: NOT IMPLEMENTED YET
C034  8D 07 20  STA $2007 = 00                  A:00 X:BA Y:0B P:A4 SP:FF PPU: NOT IMPLEMENTED YET
C037  CA        DEX                             A:00 X:BA Y:0B P:A4 SP:FF PPU: NOT IMPLEMENTED YET
C038  D0 FA     BNE $C034                       A:00 X:B9 Y:0B P:A4 SP:FF PPU: NOT IMPLEMENTED YET
C034  8D 07 20  STA $2007 = 00                  A:00 X:B9 Y:0B P:A4 SP:FF PPU: NOT IMPLEMENTED YET
C037  CA        DEX                             A:00 X:B9 Y:0B P:A4 SP:FF PPU: NOT IMPLEMENTED YET
C038  D0 FA     BNE $C034                       A:00 X:B8 Y:0B P:A4 SP:FF PPU: NOT IMPLEMENTED YET
C034  8D 07 20  STA $2007 = 00                  A:00 X:B8 Y:0B P:A4 SP:FF PPU: NOT IMPLEMENTED YET
C037  CA        DEX                             A:00 X:B8 Y:0B P:A4 SP:FF PPU: NOT IMPLEMENTED YET
C038  D0 FA     BNE $C034                       A:00 X:B7 Y:0B P:A4 SP:FF PPU: NOT IMPLEMENTED YET
C034  8D 07 20  STA $2007 = 00                  A:00 X:B7 Y:0B P:A4 SP:FF PPU: NOT IMPLEMENTED YET
C037  CA        DEX                             A:00 X:B7 Y:0B P:A4 SP:FF PPU: NOT IMPLEMENTED YET
C038  D0 FA     BNE $C034                       A:00 X:B6 Y:0B P:A4 SP:FF PPU: NOT IMPLEMENTED YET
C034  8D 07 20  STA $2007 = 00                  A:00 X:B6 Y:0B P:A4 SP:FF PPU: NOT IMPLEMENTED YET
C037  CA        DEX                             A:00 X:B6 Y:0B P:A4 SP:FF PPU: NOT IMPLEMENTED YET
C038  D0 FA     BNE $C034                       A:00 X:B5 Y:0B P:A4 SP:FF PPU: NOT IMPLEMENTED YET
C034  8D 07 20  STA $2007 = 00                  A:00 X:B5 Y:0B P:A4 SP:FF PPU: NOT IMPLEMENTED YET
C037  CA        DEX                             A:00 X:B5 Y:0B P:A4 SP:FF PPU: NOT IMPLEMENTED YET
C038  D0 FA     BNE $C034                       A:00 X:B4 Y:0B P:A4 SP:FF PPU: NOT IMPLEMENTED YET
C034  8D 07 20  STA $2007 = 00                  A:00 X:B4 Y:0B P:A4 SP:FF PPU: NOT IMPLEMENTED YET
C037  CA        DEX                             A:00 X:B4 Y:0B P:A4 SP:FF PPU: NOT IMPLEMENTED YET
C038  D0 FA     BNE $C034                       A:00 X:B3 Y:0B P:A4 SP:FF PPU: NOT IMPLEMENTED YET
C034  8D 07 20  STA $2007 = 00                  A:00 X:B3 Y:0B P:A4 SP:FF PPU: NOT IMPLEMENTED YET
C037  CA        DEX                             A:00 X:B3 Y:0B P:A4 SP:FF PPU: NOT IMPLEMENTED YET
C038  D0 FA     BNE $C034                       A:00 X:B2 Y:0B P:A4 SP:FF PPU: NOT IMPLEMENTED YET
C034  8D 07 20  STA $2007 = 00                  A:00 X:B2 Y:0B P:A4 SP:FF PPU: NOT IMPLEMENTED YET
C037  CA        DEX                             A:00 X:B2 Y:0B P:A4 SP:FF PPU: NOT IMPLEMENTED YET
C038  D0 FA     BNE $C034                       A:00 X:B1 Y:0B P:A4 SP:FF PPU: NOT IMPLEMENTED YET
C034  8D 07 20  STA $2007 = 00                  A:00 X:B1 Y:0B P:A4 SP:FF PPU: NOT IMPLEMENTED YET
C037  CA        DEX                             A:00 X:B1 Y:0B P:A4 SP:FF PPU: NOT IMPLEMENTED YET
C038  D0 FA     BNE $C034                       A:00 X:B0 Y:0B P:A4 SP:FF PPU: NOT IMPLEMENTED YET
C034  8D 07 20  STA $2007 = 00                  A:00 X:B0 Y:0B P:A4 SP:FF PPU: NOT IMPLEMENTED YET
C037  CA        DEX                             A:00 X:B0 Y:0B P:A4 SP:FF PPU: NOT IMPLEMENTED YET
C038  D0 FA     BNE $C034                       A:00 X:AF Y:0B P:A4 SP:FF PPU: NOT IMPLEMENTED YET
C034  8D 07 20  STA $2007 = 00                  A:00 X:AF Y:0B P:A4 SP:FF PPU: NOT IMPLEMENTED YET
C037  CA        DEX                             A:00 X:AF Y:0B P:A4 SP:FF PPU: NOT IMPLEMENTED YET
C038  D0 FA     BNE $C034                       A:00 X:AE Y:0B P:A4 SP:FF PPU: NOT IMPLEMENTED YET
C034  8D 07 20  STA $2007 = 00                  A:00 X:AE Y:0B P:A4 SP:FF PPU: NOT IMPLEMENTED YET
C037  CA        DEX                             A:00 X:AE Y:0B P:A4 SP:FF PPU: NOT IMPLEMENTED YET
C038  D0 FA     BNE $C034                       A:00 X:AD Y:0B P:A4 SP:FF PPU: NOT IMPLEMENTED YET
C034  8D 07 20  STA $2007 = 00                  A:00 X:AD Y:0B P:A4 SP:FF PPU: NOT IMPLEMENTED YET
C037  CA        DEX                             A:00 X:AD Y:0B P:A4 SP:FF PPU: NOT IMPLEMENTED YET
C038  D0 FA     BNE $C034                       A:00 X:AC Y:0B P:A4 SP:FF PPU: NOT IMPLEMENTED YET
C034  8D 07 20  STA $2007 = 00                  A:00 X:AC Y:0B P:A4 SP:FF PPU: NOT IMPLEMENTED YET
C037  CA        DEX                             A:00 X:AC Y:0B P:A4 SP:FF PPU: NOT IMPLEMENTED YET
C038  D0 FA     BNE $C034                       A:00 X:AB Y:0B P:A4 SP:FF PPU: NOT IMPLEMENTED YET
C034  8D 07 20  STA $2007 = 00                  A:00 X:AB Y:0B P:A4 SP:FF PPU: NOT IMPLEMENTED YET
C037  CA        DEX                             A:00 X:AB Y:0B P:A4 SP:FF PPU: NOT IMPLEMENTED YET
C038  D0 FA     BNE $C034                       A:00 X:AA Y:0B P:A4 SP:FF PPU: NOT IMPLEMENTED YET
C034  8D 07 20  STA $2007 = 00                  A:00 X:AA Y:0B P:A4 SP:FF PPU: NOT IMPLEMENTED YET
C037  CA        DEX                             A:00 X:AA Y:0B P:A4 SP:FF PPU: NOT IMPLEMENTED YET
C038  D0 FA     BNE $C034                       A:00 X:A9 Y:0B P:A4 SP:FF PPU: NOT IMPLEMENTED YET
C034  8D 07 20  STA $2007 = 00                  A:00 X:A9 Y:0B P:A4 SP:FF PPU: NOT IMPLEMENTED YET
C037  CA        DEX                             A:00 X:A9 Y:0B P:A4 SP:FF PPU: NOT IMPLEMENTED YET
C038  D0 FA     BNE $C034                       A:00 X:A8 Y:0B P:A4 SP:FF PPU: NOT IMPLEMENTED YET
C034  8D 07 20  STA $2007 = 00                  A:00 X:A8 Y:0B P:A4 SP:FF PPU: NOT IMPLEMENTED YET
C037  CA        DEX                             A:00 X:A8 Y:0B P:A4 SP:FF PPU: NOT IMPLEMENTED YET
C038  D0 FA     BNE $C034                       A:00 X:A7 Y:0B P:A4 SP:FF PPU: NOT IMPLEMENTED YET
C034  8D 07 20  STA $2007 = 00                  A:00 X:A7 Y:0B P:A4 SP:FF PPU: NOT IMPLEMENTED YET
C037  CA        DEX                             A:00 X:A7 Y:0B P:A4 SP:FF PPU: NOT IMPLEMENTED YET
C038  D0 FA     BNE $C034                       A:00 X:A6 Y:0B P:A4 SP:FF PPU: NOT IMPLEMENTED YET
C034  8D 07 20  STA $2007 = 00                  A:00 X:A6 Y:0B P:A4 SP:FF PPU: NOT IMPLEMENTED YET
C037  CA        DEX                             A:00 X:A6 Y:0B P:A4 SP:FF PPU: NOT IMPLEMENTED YET
C038  D0 FA     BNE $C034                       A:00 X:A5 Y:0B P:A4 SP:FF PPU: NOT IMPLEMENTED YET
C034  8D 07 20  STA $2007 = 00                  A:00 X:A5 Y:0B P:A4 SP:FF PPU: NOT IMPLEMENTED YET
C037  CA        DEX                             A:00 X:A5 Y:0B P:A4 SP:FF PPU: NOT IMPLEMENTED YET
C038  D0 FA     BNE $C034                       A:00 X:A4 Y:0B P:A4 SP:FF PPU: NOT IMPLEMENTED YET
C034  8D 07 20  STA $2007 = 00                  A:00 X:A4 Y:0B P:A4 SP:FF PPU: NOT IMPLEMENTED YET
C037  CA        DEX                             A:00 X:A4 Y:0B P:A4 SP:FF PPU: NOT IMPLEMENTED YET
C038  D0 FA     BNE $C034                       A:00 X:A3 Y:0B P:A4 SP:FF PPU: NOT IMPLEMENTED YET
C034  8D 07 20  STA $2007 = 00                  A:00 X:A3 Y:0B P:A4 SP:FF PPU: NOT IMPLEMENTED YET
C037  CA        DEX                             A:00 X:A3 Y:0B P:A4 SP:FF PPU: NOT IMPLEMENTED YET
C038  D0 FA     BNE $C034                       A:00 X:A2 Y:0B P:A4 SP:FF PPU: NOT IMPLEMENTED YET
C034  8D 07 20  STA $2007 = 00                  A:00 X:A2 Y:0B P:A4 SP:FF PPU: NOT IMPLEMENTED YET
C037  CA        DEX                             A:00 X:A2 Y:0B P:A4 SP:FF PPU: NOT IMPLEMENTED YET
C038  D0 FA     BNE $C034                       A:00 X:A1 Y:0B P:A4 SP:FF PPU: NOT IMPLEMENTED YET
C034  8D 07 20  STA $2007 = 00                  A:00 X:A1 Y:0B P:A4 SP:FF PPU: NOT IMPLEMENTED YET
C037  CA        DEX                             A:00 X:A1 Y:0B P:A4 SP:FF PPU: NOT IMPLEMENTED YET
C038  D0 FA     BNE $C034                       A:00 X:A0 Y:0B P:A4 SP:FF PPU: NOT IMPLEMENTED YET
C034  8D 07 20  STA $2007 = 00                  A:00 X:A0 Y:0B P:A4 SP:FF PPU: NOT IMPLEMENTED YET
C037  CA        DEX                             A:00 X:A0 Y:0B P:A4 SP:FF PPU: NOT IMPLEMENTED YET
C038  D0 FA     BNE $C034                       A:00 X:9F Y:0B P:A4 SP:FF PPU: NOT IMPLEMENTED YET
C034  8D 07 20  STA $2007 = 00                  A:00 X:9F Y:0B P:A4 SP:FF PPU: NOT IMPLEMENTED YET
C037  CA        DEX                             A:00 X:9F Y:0B P:A4 SP:FF PPU: NOT IMPLEMENTED YET
C038  D0 FA     BNE $C034                       A:00 X:9E Y:0B P:A4 SP:FF PPU: NOT IMPLEMENTED YET
C034  8D 07 20  STA $2007 = 00                  A:00 X:9E Y:0B P:A4 SP:FF PPU: NOT IMPLEMENTED YET
C037  CA        DEX                             A:00 X:9E Y:0B P:A4 SP:FF PPU: NOT IMPLEMENTED YET
C038  D0 FA     BNE $C034                       A:00 X:9D Y:0B P:A4 SP:FF PPU: NOT IMPLEMENTED YET
C034  8D 07 20  STA $2007 = 00                  A:00 X:9D Y:0B P:A4 SP:FF PPU: NOT IMPLEMENTED YET
C037  CA        DEX                             A:00 X:9D Y:0B P:A4 SP:FF PPU: NOT IMPLEMENTED YET
C038  D0 FA     BNE $C034                       A:00 X:9C Y:0B P:A4 SP:FF PPU: NOT IMPLEMENTED YET
C034  8D 07 20  STA $2007 = 00                  A:00 X:9C Y:0B P:A4 SP:FF PPU: NOT IMPLEMENTED YET
C037  CA        DEX                             A:00 X:9C Y:0B P:A4 SP:FF PPU: NOT IMPLEMENTED YET
C038  D0 FA     BNE $C034                       A:00 X:9B Y:0B P:A4 SP:FF PPU: NOT IMPLEMENTED YET
C034  8D 07 20  STA $2007 = 00                  A:00 X:9B Y:0B P:A4 SP:FF PPU: NOT IMPLEMENTED YET
C037  CA        DEX                             A:00 X:9B Y:0B P:A4 SP:FF PPU: NOT IMPLEMENTED YET
C038  D0 FA     BNE $C034                       A:00 X:9A Y:0B P:A4 SP:FF PPU: NOT IMPLEMENTED YET
C034  8D 07 20  STA $2007 = 00                  A:00 X:9A Y:0B P:A4 SP:FF PPU: NOT IMPLEMENTED YET
C037  CA        DEX                             A:00 X:9A Y:0B P:A4 SP:FF PPU: NOT IMPLEMENTED YET
C038  D0 FA     BNE $C034                       A:00 X:99 Y:0B P:A4 SP:FF PPU: NOT IMPLEMENTED YET
C034  8D 07 20  STA $2007 = 00                  A:00 X:99 Y:0B P:A4 SP:FF PPU: NOT IMPLEMENTED YET
C037  CA        DEX                             A:00 X:99 Y:0B P:A4 SP:FF PPU: NOT IMPLEMENTED YET
C038  D0 FA     BNE $C034                       A:00 X:98 Y:0B P:A4 SP:FF PPU: NOT IMPLEMENTED YET
C034  8D 07 20  STA $2007 = 00                  A:00 X:98 Y:0B P:A4 SP:FF PPU: NOT IMPLEMENTED YET
C037  CA        DEX                             A:00 X:98 Y:0B P:A4 SP:FF PPU: NOT IMPLEMENTED YET
C038  D0 FA     BNE $C034                       A:00 X:97 Y:0B P:A4 SP:FF PPU: NOT IMPLEMENTED YET
C034  8D 07 20  STA $2007 = 00                  A:00 X:97 Y:0B P:A4 SP:FF PPU: NOT IMPLEMENTED YET
C037  CA        DEX                             A:00 X:97 Y:0B P:A4 SP:FF PPU: NOT IMPLEMENTED YET
C038  D0 FA     BNE $C034                       A:00 X:96 Y:0B P:A4 SP:FF PPU: NOT IMPLEMENTED YET
C034  8D 07 20  STA $2007 = 00                  A:00 X:96 Y:0B P:A4 SP:FF PPU: NOT IMPLEMENTED YET
C037  CA        DEX                             A:00 X:96 Y:0B P:A4 SP:FF PPU: NOT IMPLEMENTED YET
C038  D0 FA     BNE $C034                       A:00 X:95 Y:0B P:A4 SP:FF PPU: NOT IMPLEMENTED YET
C034  8D 07 20  STA $2007 = 00                  A:00 X:95 Y:0B P:A4 SP:FF PPU: NOT IMPLEMENTED YET
C037  CA        DEX                             A:00 X:95 Y:0B P:A4 SP:FF PPU: NOT IMPLEMENTED YET
C038  D0 FA     BNE $C034                       A:00 X:94 Y:0B P:A4 SP:FF PPU: NOT IMPLEMENTED YET
C034  8D 07 20  STA $2007 = 00                  A:00 X:94 Y:0B P:A4 SP:FF PPU: NOT IMPLEMENTED YET
C037  CA        DEX                             A:00 X:94 Y:0B P:A4 SP:FF PPU: NOT IMPLEMENTED YET
C038  D0 FA     BNE $C034                       A:00 X:93 Y:0B P:A4 SP:FF PPU: NOT IMPLEMENTED YET
C034  8D 07 20  STA $2007 = 00                  A:00 X:93 Y:0B P:A4 SP:FF PPU: NOT IMPLEMENTED YET
C037  CA        DEX                             A:00 X:93 Y:0B P:A4 SP:FF PPU: NOT IMPLEMENTED YET
C038  D0 FA     BNE $C034                       A:00 X:92 Y:0B P:A4 SP:FF PPU: NOT IMPLEMENTED YET
C034  8D 07 20  STA $2007 = 00                  A:00 X:92 Y:0B P:A4 SP:FF PPU: NOT IMPLEMENTED YET
C037  CA        DEX                             A:00 X:92 Y:0B P:A4 SP:FF PPU: NOT IMPLEMENTED YET
C038  D0 FA     BNE $C034                       A:00 X:91 Y:0B P:A4 SP:FF PPU: NOT IMPLEMENTED YET
C034  8D 07 20  STA $2007 = 00                  A:00 X:91 Y:0B P:A4 SP:FF PPU: NOT IMPLEMENTED YET
C037  CA        DEX                             A:00 X:91 Y:0B P:A4 SP:FF PPU: NOT IMPLEMENTED YET
C038  D0 FA     BNE $C034                       A:00 X:90 Y:0B P:A4 SP:FF PPU: NOT IMPLEMENTED YET
C034  8D 07 20  STA $2007 = 00                  A:00 X:90 Y:0B P:A4 SP:FF PPU: NOT IMPLEMENTED YET
C037  CA        DEX                             A:00 X:90 Y:0B P:A4 SP:FF PPU: NOT IMPLEMENTED YET
C038  D0 FA     BNE $C034                       A:00 X:8F Y:0B P:A4 SP:FF PPU: NOT IMPLEMENTED YET
C034  8D 07 20  STA $2007 = 00                  A:00 X:8F Y:0B P:A4 SP:FF PPU: NOT IMPLEMENTED YET
C037  CA        DEX                             A:00 X:8F Y:0B P:A4 SP:FF PPU: NOT IMPLEMENTED YET
C038  D0 FA     BNE $C034                       A:00 X:8E Y:0B P:A4 SP:FF PPU: NOT IMPLEMENTED YET
C034  8D 07 20  STA $2007 = 00                  A:00 X:8E Y:0B P:A4 SP:FF PPU: NOT IMPLEMENTED YET
C037  CA        DEX                             A:00 X:8E Y:0B P:A4 SP:FF PPU: NOT IMPLEMENTED YET
C038  D0 FA     BNE $C034                       A:00 X:8D Y:0B P:A4 SP:FF PPU: NOT IMPLEMENTED YET
C034  8D 07 20  STA $2007 = 00                  A:00 X:8D Y:0B P:A4 SP:FF PPU: NOT IMPLEMENTED YET
C037  CA        DEX                             A:00 X:8D Y:0B P:A4 SP:FF PPU: NOT IMPLEMENTED YET
C038  D0 FA     BNE $C034                       A:00 X:8C Y:0B P:A4 SP:FF PPU: NOT IMPLEMENTED YET
C034  8D 07 20  STA $2007 = 00                  A:00 X:8C Y:0B P:A4 SP:FF PPU: NOT IMPLEMENTED YET
C037  CA        DEX                             A:00 X:8C Y:0B P:A4 SP:FF PPU: NOT IMPLEMENTED YET
C038  D0 FA     BNE $C034                       A:00 X:8B Y:0B P:A4 SP:FF PPU: NOT IMPLEMENTED YET
C034  8D 07 20  STA $2007 = 00                  A:00 X:8B Y:0B P:A4 SP:FF PPU: NOT IMPLEMENTED YET
C037  CA        DEX                             A:00 X:8B Y:0B P:A4 SP:FF PPU: NOT IMPLEMENTED YET
C038  D0 FA     BNE $C034                       A:00 X:8A Y:0B P:A4 SP:FF PPU: NOT IMPLEMENTED YET
C034  8D 07 20  STA $2007 = 00                  A:00 X:8A Y:0B P:A4 SP:FF PPU: NOT IMPLEMENTED YET
C037  CA        DEX                             A:00 X:8A Y:0B P:A4 SP:FF PPU: NOT IMPLEMENTED YET
C038  D0 FA     BNE $C034                       A:00 X:89 Y:0B P:A4 SP:FF PPU: NOT IMPLEMENTED YET
C034  8D 07 20  STA $2007 = 00                  A:00 X:89 Y:0B P:A4 SP:FF PPU: NOT IMPLEMENTED YET
C037  CA        DEX                             A:00 X:89 Y:0B P:A4 SP:FF PPU: NOT IMPLEMENTED YET
C038  D0 FA     BNE $C034                       A:00 X:88 Y:0B P:A4 SP:FF PPU: NOT IMPLEMENTED YET
C034  8D 07 20  STA $2007 = 00                  A:00 X:88 Y:0B P:A4 SP:FF PPU: NOT IMPLEMENTED YET
C037  CA        DEX                             A:00 X:88 Y:0B P:A4 SP:FF PPU: NOT IMPLEMENTED YET
C038  D0 FA     BNE $C034                       A:00 X:87 Y:0B P:A4 SP:FF PPU: NOT IMPLEMENTED YET
C034  8D 07 20  STA $2007 = 00                  A:00 X:87 Y:0B P:A4 SP:FF PPU: NOT IMPLEMENTED YET
C037  CA        DEX                             A:00 X:87 Y:0B P:A4 SP:FF PPU: NOT IMPLEMENTED YET
C038  D0 FA     BNE $C034                       A:00 X:86 Y:0B P:A4 SP:FF PPU: NOT IMPLEMENTED YET
C034  8D 07 20  STA $2007 = 00                  A:00 X:86 Y:0B P:A4 SP:FF PPU: NOT IMPLEMENTED YET
C037  CA        DEX                             A:00 X:86 Y:0B P:A4 SP:FF PPU: NOT IMPLEMENTED YET
C038  D0 FA     BNE $C034                       A:00 X:85 Y:0B P:A4 SP:FF PPU: NOT IMPLEMENTED YET
C034  8D 07 20  STA $2007 = 00                  A:00 X:85 Y:0B P:A4 SP:FF PPU: NOT IMPLEMENTED YET
C037  CA        DEX                             A:00 X:85 Y:0B P:A4 SP:FF PPU: NOT IMPLEMENTED YET
C038  D0 FA     BNE $C034                       A:00 X:84 Y:0B P:A4 SP:FF PPU: NOT IMPLEMENTED YET
C034  8D 07 20  STA $2007 = 00                  A:00 X:84 Y:0B P:A4 SP:FF PPU: NOT IMPLEMENTED YET
C037  CA        DEX                             A:00 X:84 Y:0B P:A4 SP:FF PPU: NOT IMPLEMENTED YET
C038  D0 FA     BNE $C034                       A:00 X:83 Y:0B P:A4 SP:FF PPU: NOT IMPLEMENTED YET
C034  8D 07 20  STA $2007 = 00                  A:00 X:83 Y:0B P:A4 SP:FF PPU: NOT IMPLEMENTED YET
C037  CA        DEX                             A:00 X:83 Y:0B P:A4 SP:FF PPU: NOT IMPLEMENTED YET
C038  D0 FA     BNE $C034                       A:00 X:82 Y:0B P:A4 SP:FF PPU: NOT IMPLEMENTED YET
C034  8D 07 20  STA $2007 = 00                  A:00 X:82 Y:0B P:A4 SP:FF PPU: NOT IMPLEMENTED YET
C037  CA        DEX                             A:00 X:82 Y:0B P:A4 SP:FF PPU: NOT IMPLEMENTED YET
C038  D0 FA     BNE $C034                       A:00 X:81 Y:0B P:A4 SP:FF PPU: NOT IMPLEMENTED YET
C034  8D 07 20  STA $2007 = 00                  A:00 X:81 Y:0B P:A4 SP:FF PPU: NOT IMPLEMENTED YET
C037  CA        DEX                             A:00 X:81 Y:0B P:A4 SP:FF PPU: NOT IMPLEMENTED YET
C038  D0 FA     BNE $C034                       A:00 X:80 Y:0B P:A4 SP:FF PPU: NOT IMPLEMENTED YET
C034  8D 07 20  STA $2007 = 00                  A:00 X:80 Y:0B P:A4 SP:FF PPU: NOT IMPLEMENTED YET
C037  CA        DEX                             A:00 X:80 Y:0B P:A4 SP:FF PPU: NOT IMPLEMENTED YET
C038  D0 FA     BNE $C034                       A:00 X:7F Y:0B P:24 SP:FF PPU: NOT IMPLEMENTED YET
C034  8D 07 20  STA $2007 = 00                  A:00 X:7F Y:0B P:24 SP:FF PPU: NOT IMPLEMENTED YET
C037  CA        DEX                             A:00 X:7F Y:0B P:24 SP:FF PPU: NOT IMPLEMENTED YET
C038  D0 FA     BNE $C034                       A:00 X:7E Y:0B P:24 SP:FF PPU: NOT IMPLEMENTED YET
C034  8D 07 20  STA $2007 = 00                  A:00 X:7E Y:0B P:24 SP:FF PPU: NOT IMPLEMENTED YET
C037  CA        DEX                             A:00 X:7E Y:0B P:24 SP:FF PPU: NOT IMPLEMENTED YET
C038  D0 FA     BNE $C034                       A:00 X:7D Y:0B P:24 SP:FF PPU: NOT IMPLEMENTED YET
C034  8D 07 20  STA $2007 = 00                  A:00 X:7D Y:0B P:24 SP:FF PPU: NOT IMPLEMENTED YET
C037  CA        DEX                             A:00 X:7D Y:0B P:24 SP:FF PPU: NOT IMPLEMENTED YET
C038  D0 FA     BNE $C034                       A:00 X:7C Y:0B P:24 SP:FF PPU: NOT IMPLEMENTED YET
C034  8D 07 20  STA $2007 = 00                  A:00 X:7C Y:0B P:24 SP:FF PPU: NOT IMPLEMENTED YET
C037  CA        DEX                             A:00 X:7C Y:0B P:24 SP:FF PPU: NOT IMPLEMENTED YET
C038  D0 FA     BNE $C034                       A:00 X:7B Y:0B P:24 SP:FF PPU: NOT IMPLEMENTED YET
C034  8D 07 20  STA $2007 = 00                  A:00 X:7B Y:0B P:24 SP:FF PPU: NOT IMPLEMENTED YET
C037  CA        DEX                             A:00 X:7B Y:0B P:24 SP:FF PPU: NOT IMPLEMENTED YET
C038  D0 FA     BNE $C034                       A:00 X:7A Y:0B P:24 SP:FF PPU: NOT IMPLEMENTED YET
C034  8D 07 20  STA $2007 = 00                  A:00 X:7A Y:0B P:24 SP:FF PPU: NOT IMPLEMENTED YET
C037  CA        DEX                             A:00 X:7A Y:0B P:24 SP:FF PPU: NOT IMPLEMENTED YET
C038  D0 FA     BNE $C034                       A:00 X:79 Y:0B P:24 SP:FF PPU: NOT IMPLEMENTED YET
C034  8D 07 20  STA $2007 = 00                  A:00 X:79 Y:0B P:24 SP:FF PPU: NOT IMPLEMENTED YET
C037  CA        DEX                             A:00 X:79 Y:0B P:24 SP:FF PPU: NOT IMPLEMENTED YET
C038  D0 FA     BNE $C034                       A:00 X:78 Y:0B P:24 SP:FF PPU: NOT IMPLEMENTED YET
C034  8D 07 20  STA $2007 = 00                  A:00 X:78 Y:0B P:24 SP:FF PPU: NOT IMPLEMENTED YET
C037  CA        DEX                             A:00 X:78 Y:0B P:24 SP:FF PPU: NOT IMPLEMENTED YET
C038  D0 FA     BNE $C034                       A:00 X:77 Y:0B P:24 SP:FF PPU: NOT IMPLEMENTED YET
C034  8D 07 20  STA $2007 = 00                  A:00 X:77 Y:0B P:24 SP:FF PPU: NOT IMPLEMENTED YET
C037  CA        DEX                             A:00 X:77 Y:0B P:24 SP:FF PPU: NOT IMPLEMENTED YET
C038  D0 FA     BNE $C034                       A:00 X:76 Y:0B P:24 SP:FF PPU: NOT IMPLEMENTED YET
C034  8D 07 20  STA $2007 = 00                  A:00 X:76 Y:0B P:24 SP:FF PPU: NOT IMPLEMENTED YET
C037  CA        DEX                             A:00 X:76 Y:0B P:24 SP:FF PPU: NOT IMPLEMENTED YET
C038  D0 FA     BNE $C034                       A:00 X:75 Y:0B P:24 SP:FF PPU: NOT IMPLEMENTED YET
C034  8D 07 20  STA $2007 = 00                  A:00 X:75 Y:0B P:24 SP:FF PPU: NOT IMPLEMENTED YET
C037  CA        DEX                             A:00 X:75 Y:0B P:24 SP:FF PPU: NOT IMPLEMENTED YET
C038  D0 FA     BNE $C034                       A:00 X:74 Y:0B P:24 SP:FF PPU: NOT IMPLEMENTED YET
C034  8D 07 20  STA $2007 = 00                  A:00 X:74 Y:0B P:24 SP:FF PPU: NOT IMPLEMENTED YET
C037  CA        DEX                             A:00 X:74 Y:0B P:24 SP:FF PPU: NOT IMPLEMENTED YET
C038  D0 FA     BNE $C034                       A:00 X:73 Y:0B P:24 SP:FF PPU: NOT IMPLEMENTED YET
C034  8D 07 20  STA $2007 = 00                  A:00 X:73 Y:0B P:24 SP:FF PPU: NOT IMPLEMENTED YET
C037  CA        DEX                             A:00 X:73 Y:0B P:24 SP:FF PPU: NOT IMPLEMENTED YET
C038  D0 FA     BNE $C034                       A:00 X:72 Y:0B P:24 SP:FF PPU: NOT IMPLEMENTED YET
C034  8D 07 20  STA $2007 = 00                  A:00 X:72 Y:0B P:24 SP:FF PPU: NOT IMPLEMENTED YET
C037  CA        DEX                             A:00 X:72 Y:0B P:24 SP:FF PPU: NOT IMPLEMENTED YET
C038  D0 FA     BNE $C034                       A:00 X:71 Y:0B P:24 SP:FF PPU: NOT IMPLEMENTED YET
C034  8D 07 20  STA $2007 = 00                  A:00 X:71 Y:0B P:24 SP:FF PPU: NOT IMPLEMENTED YET
C037  CA        DEX                             A:00 X:71 Y:0B P:24 SP:FF PPU: NOT IMPLEMENTED YET
C038  D0 FA     BNE $C034                       A:00 X:70 Y:0B P:24 SP:FF PPU: NOT IMPLEMENTED YET
C034  8D 07 20  STA $2007 = 00                  A:00 X:70 Y:0B P:24 SP:FF PPU: NOT IMPLEMENTED YET
C037  CA        DEX                             A:00 X:70 Y:0B P:24 SP:FF PPU: NOT IMPLEMENTED YET
C038  D0 FA     BNE $C034                       A:00 X:6F Y:0B P:24 SP:FF PPU: NOT IMPLEMENTED YET
C034  8D 07 20  STA $2007 = 00                  A:00 X:6F Y:0B P:24 SP:FF PPU: NOT IMPLEMENTED YET
C037  CA        DEX                             A:00 X:6F Y:0B P:24 SP:FF PPU: NOT IMPLEMENTED YET
C038  D0 FA     BNE $C034                       A:00 X:6E Y:0B P:24 SP:FF PPU: NOT IMPLEMENTED YET
C034  8D 07 20  STA $2007 = 00                  A:00 X:6E Y:0B P:24 SP:FF PPU: NOT IMPLEMENTED YET
C037  CA        DEX                             A:00 X:6E Y:0B P:24 SP:FF PPU: NOT IMPLEMENTED YET
C038  D0 FA     BNE $C034                       A:00 X:6D Y:0B P:24 SP:FF PPU: NOT IMPLEMENTED YET
C034  8D 07 20  STA $2007 = 00                  A:00 X:6D Y:0B P:24 SP:FF PPU: NOT IMPLEMENTED YET
C037  CA        DEX                             A:00 X:6D Y:0B P:24 SP:FF PPU: NOT IMPLEMENTED YET
C038  D0 FA     BNE $C034                       A:00 X:6C Y:0B P:24 SP:FF PPU: NOT IMPLEMENTED YET
C034  8D 07 20  STA $2007 = 00                  A:00 X:6C Y:0B P:24 SP:FF PPU: NOT IMPLEMENTED YET
C037  CA        DEX                             A:00 X:6C Y:0B P:24 SP:FF PPU: NOT IMPLEMENTED YET
C038  D0 FA     BNE $C034                       A:00 X:6B Y:0B P:24 SP:FF PPU: NOT IMPLEMENTED YET
C034  8D 07 20  STA $2007 = 00                  A:00 X:6B Y:0B P:24 SP:FF PPU: NOT IMPLEMENTED YET
C037  CA        DEX                             A:00 X:6B Y:0B P:24 SP:FF PPU: NOT IMPLEMENTED YET
C038  D0 FA     BNE $C034                       A:00 X:6A Y:0B P:24 SP:FF PPU: NOT IMPLEMENTED YET
C034  8D 07 20  STA $2007 = 00                  A:00 X:6A Y:0B P:24 SP:FF PPU: NOT IMPLEMENTED YET
C037  CA        DEX                             A:00 X:6A Y:0B P:24 SP:FF PPU: NOT IMPLEMENTED YET
C038  D0 FA     BNE $C034                       A:00 X:69 Y:0B P:24 SP:FF PPU: NOT IMPLEMENTED YET
C034  8D 07 20  STA $2007 = 00                  A:00 X:69 Y:0B P:24 SP:FF PPU: NOT IMPLEMENTED YET
C037  CA        DEX                             A:00 X:69 Y:0B P:24 SP:FF PPU: NOT IMPLEMENTED YET
C038  D0 FA     BNE $C034                       A:00 X:68 Y:0B P:24 SP:FF PPU: NOT IMPLEMENTED YET
C034  8D 07 20  STA $2007 = 00                  A:00 X:68 Y:0B P:24 SP:FF PPU: NOT IMPLEMENTED YET
C037  CA        DEX                             A:00 X:68 Y:0B P:24 SP:FF PPU: NOT IMPLEMENTED YET
C038  D0 FA     BNE $C034                       A:00 X:67 Y:0B P:24 SP:FF PPU: NOT IMPLEMENTED YET
C034  8D 07 20  STA $2007 = 00                  A:00 X:67 Y:0B P:24 SP:FF PPU: NOT IMPLEMENTED YET
C037  CA        DEX                             A:00 X:67 Y:0B P:24 SP:FF PPU: NOT IMPLEMENTED YET
C038  D0 FA     BNE $C034                       A:00 X:66 Y:0B P:24 SP:FF PPU: NOT IMPLEMENTED YET
C034  8D 07 20  STA $2007 = 00                  A:00 X:66 Y:0B P:24 SP:FF PPU: NOT IMPLEMENTED YET
C037  CA        DEX                             A:00 X:66 Y:0B P:24 SP:FF PPU: NOT IMPLEMENTED YET
C038  D0 FA     BNE $C034                       A:00 X:65 Y:0B P:24 SP:FF PPU: NOT IMPLEMENTED YET
C034  8D 07 20  STA $2007 = 00                  A:00 X:65 Y:0B P:24 SP:FF PPU: NOT IMPLEMENTED YET
C037  CA        DEX                             A:00 X:65 Y:0B P:24 SP:FF PPU: NOT IMPLEMENTED YET
C038  D0 FA     BNE $C034                       A:00 X:64 Y:0B P:24 SP:FF PPU: NOT IMPLEMENTED YET
C034  8D 07 20  STA $2007 = 00                  A:00 X:64 Y:0B P:24 SP:FF PPU: NOT IMPLEMENTED YET
C037  CA        DEX                             A:00 X:64 Y:0B P:24 SP:FF PPU: NOT IMPLEMENTED YET
C038  D0 FA     BNE $C034                       A:00 X:63 Y:0B P:24 SP:FF PPU: NOT IMPLEMENTED YET
C034  8D 07 20  STA $2007 = 00                  A:00 X:63 Y:0B P:24 SP:FF PPU: NOT IMPLEMENTED YET
C037  CA        DEX                             A:00 X:63 Y:0B P:24 SP:FF PPU: NOT IMPLEMENTED YET
C038  D0 FA     BNE $C034                       A:00 X:62 Y:0B P:24 SP:FF PPU: NOT IMPLEMENTED YET
C034  8D 07 20  STA $2007 = 00                  A:00 X:62 Y:0B P:24 SP:FF PPU: NOT IMPLEMENTED YET
C037  CA        DEX                             A:00 X:62 Y:0B P:24 SP:FF PPU: NOT IMPLEMENTED YET
C038  D0 FA     BNE $C034                       A:00 X:61 Y:0B P:24 SP:FF PPU: NOT IMPLEMENTED YET
C034  8D 07 20  STA $2007 = 00                  A:00 X:61 Y:0B P:24 SP:FF PPU: NOT IMPLEMENTED YET
C037  CA        DEX                             A:00 X:61 Y:0B P:24 SP:FF PPU: NOT IMPLEMENTED YET
C038  D0 FA     BNE $C034                       A:00 X:60 Y:0B P:24 SP:FF PPU: NOT IMPLEMENTED YET
C034  8D 07 20  STA $2007 = 00                  A:00 X:60 Y:0B P:24 SP:FF PPU: NOT IMPLEMENTED YET
C037  CA        DEX                             A:00 X:60 Y:0B P:24 SP:FF PPU: NOT IMPLEMENTED YET
C038  D0 FA     BNE $C034                       A:00 X:5F Y:0B P:24 SP:FF PPU: NOT IMPLEMENTED YET
C034  8D 07 20  STA $2007 = 00                  A:00 X:5F Y:0B P:24 SP:FF PPU: NOT IMPLEMENTED YET
C037  CA        DEX                             A:00 X:5F Y:0B P:24 SP:FF PPU: NOT IMPLEMENTED YET
C038  D0 FA     BNE $C034                       A:00 X:5E Y:0B P:24 SP:FF PPU: NOT IMPLEMENTED YET
C034  8D 07 20  STA $2007 = 00                  A:00 X:5E Y:0B P:24 SP:FF PPU: NOT IMPLEMENTED YET
C037  CA        DEX                             A:00 X:5E Y:0B P:24 SP:FF PPU: NOT IMPLEMENTED YET
C038  D0 FA     BNE $C034                       A:00 X:5D Y:0B P:24 SP:FF PPU: NOT IMPLEMENTED YET
C034  8D 07 20  STA $2007 = 00                  A:00 X:5D Y:0B P:24 SP:FF PPU: NOT IMPLEMENTED YET
C037  CA        DEX                             A:00 X:5D Y:0B P:24 SP:FF PPU: NOT IMPLEMENTED YET
C038  D0 FA     BNE $C034                       A:00 X:5C Y:0B P:24 SP:FF PPU: NOT IMPLEMENTED YET
C034  8D 07 20  STA $2007 = 00                  A:00 X:5C Y:0B P:24 SP:FF PPU: NOT IMPLEMENTED YET
C037  CA        DEX                             A:00 X:5C Y:0B P:24 SP:FF PPU: NOT IMPLEMENTED YET
C038  D0 FA     BNE $C034                       A:00 X:5B Y:0B P:24 SP:FF PPU: NOT IMPLEMENTED YET
C034  8D 07 20  STA $2007 = 00                  A:00 X:5B Y:0B P:24 SP:FF PPU: NOT IMPLEMENTED YET
C037  CA        DEX                             A:00 X:5B Y:0B P:24 SP:FF PPU: NOT IMPLEMENTED YET
C038  D0 FA     BNE $C034                       A:00 X:5A Y:0B P:24 SP:FF PPU: NOT IMPLEMENTED YET
C034  8D 07 20  STA $2007 = 00                  A:00 X:5A Y:0B P:24 SP:FF PPU: NOT IMPLEMENTED YET
C037  CA        DEX                             A:00 X:5A Y:0B P:24 SP:FF PPU: NOT IMPLEMENTED YET
C038  D0 FA     BNE $C034                       A:00 X:59 Y:0B P:24 SP:FF PPU: NOT IMPLEMENTED YET
C034  8D 07 20  STA $2007 = 00                  A:00 X:59 Y:0B P:24 SP:FF PPU: NOT IMPLEMENTED YET
C037  CA        DEX                             A:00 X:59 Y:0B P:24 SP:FF PPU: NOT IMPLEMENTED YET
C038  D0 FA     BNE $C034                       A:00 X:58 Y:0B P:24 SP:FF PPU: NOT IMPLEMENTED YET
C034  8D 07 20  STA $2007 = 00                  A:00 X:58 Y:0B P:24 SP:FF PPU: NOT IMPLEMENTED YET
C037  CA        DEX                             A:00 X:58 Y:0B P:24 SP:FF PPU: NOT IMPLEMENTED YET
C038  D0 FA     BNE $C034                       A:00 X:57 Y:0B P:24 SP:FF PPU: NOT IMPLEMENTED YET
C034  8D 07 20  STA $2007 = 00                  A:00 X:57 Y:0B P:24 SP:FF PPU: NOT IMPLEMENTED YET
C037  CA        DEX                             A:00 X:57 Y:0B P:24 SP:FF PPU: NOT IMPLEMENTED YET
C038  D0 FA     BNE $C034                       A:00 X:56 Y:0B P:24 SP:FF PPU: NOT IMPLEMENTED YET
C034  8D 07 20  STA $2007 = 00                  A:00 X:56 Y:0B P:24 SP:FF PPU: NOT IMPLEMENTED YET
C037  CA        DEX                             A:00 X:56 Y:0B P:24 SP:FF PPU: NOT IMPLEMENTED YET
C038  D0 FA     BNE $C034                       A:00 X:55 Y:0B P:24 SP:FF PPU: NOT IMPLEMENTED YET
C034  8D 07 20  STA $2007 = 00                  A:00 X:55 Y:0B P:24 SP:FF PPU: NOT IMPLEMENTED YET
C037  CA        DEX                             A:00 X:55 Y:0B P:24 SP:FF PPU: NOT IMPLEMENTED YET
C038  D0 FA     BNE $C034                       A:00 X:54 Y:0B P:24 SP:FF PPU: NOT IMPLEMENTED YET
C034  8D 07 20  STA $2007 = 00                  A:00 X:54 Y:0B P:24 SP:FF PPU: NOT IMPLEMENTED YET
C037  CA        DEX                             A:00 X:54 Y:0B P:24 SP:FF PPU: NOT IMPLEMENTED YET
C038  D0 FA     BNE $C034                       A:00 X:53 Y:0B P:24 SP:FF PPU: NOT IMPLEMENTED YET
C034  8D 07 20  STA $2007 = 00                  A:00 X:53 Y:0B P:24 SP:FF PPU: NOT IMPLEMENTED YET
C037  CA        DEX                             A:00 X:53 Y:0B P:24 SP:FF PPU: NOT IMPLEMENTED YET
C038  D0 FA     BNE $C034                       A:00 X:52 Y:0B P:24 SP:FF PPU: NOT IMPLEMENTED YET
C034  8D 07 20  STA $2007 = 00                  A:00 X:52 Y:0B P:24 SP:FF PPU: NOT IMPLEMENTED YET
C037  CA        DEX                             A:00 X:52 Y:0B P:24 SP:FF PPU: NOT IMPLEMENTED YET
C038  D0 FA     BNE $C034                       A:00 X:51 Y:0B P:24 SP:FF PPU: NOT IMPLEMENTED YET
C034  8D 07 20  STA $2007 = 00                  A:00 X:51 Y:0B P:24 SP:FF PPU: NOT IMPLEMENTED YET
C037  CA        DEX                             A:00 X:51 Y:0B P:24 SP:FF PPU: NOT IMPLEMENTED YET
C038  D0 FA     BNE $C034                       A:00 X:50 Y:0B P:24 SP:FF PPU: NOT IMPLEMENTED YET
C034  8D 07 20  STA $2007 = 00                  A:00 X:50 Y:0B P:24 SP:FF PPU: NOT IMPLEMENTED YET
C037  CA        DEX                             A:00 X:50 Y:0B P:24 SP:FF PPU: NOT IMPLEMENTED YET
C038  D0 FA     BNE $C034                       A:00 X:4F Y:0B P:24 SP:FF PPU: NOT IMPLEMENTED YET
C034  8D 07 20  STA $2007 = 00                  A:00 X:4F Y:0B P:24 SP:FF PPU: NOT IMPLEMENTED YET
C037  CA        DEX                             A:00 X:4F Y:0B P:24 SP:FF PPU: NOT IMPLEMENTED YET
C038  D0 FA     BNE $C034                       A:00 X:4E Y:0B P:24 SP:FF PPU: NOT IMPLEMENTED YET
C034  8D 07 20  STA $2007 = 00                  A:00 X:4E Y:0B P:24 SP:FF PPU: NOT IMPLEMENTED YET
C037  CA        DEX                             A:00 X:4E Y:0B P:24 SP:FF PPU: NOT IMPLEMENTED YET
C038  D0 FA     BNE $C034                       A:00 X:4D Y:0B P:24 SP:FF PPU: NOT IMPLEMENTED YET
C034  8D 07 20  STA $2007 = 00                  A:00 X:4D Y:0B P:24 SP:FF PPU: NOT IMPLEMENTED YET
C037  CA        DEX                             A:00 X:4D Y:0B P:24 SP:FF PPU: NOT IMPLEMENTED YET
C038  D0 FA     BNE $C034                       A:00 X:4C Y:0B P:24 SP:FF PPU: NOT IMPLEMENTED YET
C034  8D 07 20  STA $2007 = 00                  A:00 X:4C Y:0B P:24 SP:FF PPU: NOT IMPLEMENTED YET
C037  CA        DEX                             A:00 X:4C Y:0B P:24 SP:FF PPU: NOT IMPLEMENTED YET
C038  D0 FA     BNE $C034                       A:00 X:4B Y:0B P:24 SP:FF PPU: NOT IMPLEMENTED YET
C034  8D 07 20  STA $2007 = 00                  A:00 X:4B Y:0B P:24 SP:FF PPU: NOT IMPLEMENTED YET
C037  CA        DEX                             A:00 X:4B Y:0B P:24 SP:FF PPU: NOT IMPLEMENTED YET
C038  D0 FA     BNE $C034                       A:00 X:4A Y:0B P:24 SP:FF PPU: NOT IMPLEMENTED YET
C034  8D 07 20  STA $2007 = 00                  A:00 X:4A Y:0B P:24 SP:FF PPU: NOT IMPLEMENTED YET
C037  CA        DEX                             A:00 X:4A Y:0B P:24 SP:FF PPU: NOT IMPLEMENTED YET
C038  D0 FA     BNE $C034                       A:00 X:49 Y:0B P:24 SP:FF PPU: NOT IMPLEMENTED YET
C034  8D 07 20  STA $2007 = 00                  A:00 X:49 Y:0B P:24 SP:FF PPU: NOT IMPLEMENTED YET
C037  CA        DEX                             A:00 X:49 Y:0B P:24 SP:FF PPU: NOT IMPLEMENTED YET
C038  D0 FA     BNE $C034                       A:00 X:48 Y:0B P:24 SP:FF PPU: NOT IMPLEMENTED YET
C034  8D 07 20  STA $2007 = 00                  A:00 X:48 Y:0B P:24 SP:FF PPU: NOT IMPLEMENTED YET
C037  CA        DEX                             A:00 X:48 Y:0B P:24 SP:FF PPU: NOT IMPLEMENTED YET
C038  D0 FA     BNE $C034                       A:00 X:47 Y:0B P:24 SP:FF PPU: NOT IMPLEMENTED YET
C034  8D 07 20  STA $2007 = 00                  A:00 X:47 Y:0B P:24 SP:FF PPU: NOT IMPLEMENTED YET
C037  CA        DEX                             A:00 X:47 Y:0B P:24 SP:FF PPU: NOT IMPLEMENTED YET
C038  D0 FA     BNE $C034                       A:00 X:46 Y:0B P:24 SP:FF PPU: NOT IMPLEMENTED YET
C034  8D 07 20  STA $2007 = 00                  A:00 X:46 Y:0B P:24 SP:FF PPU: NOT IMPLEMENTED YET
C037  CA        DEX                             A:00 X:46 Y:0B P:24 SP:FF PPU: NOT IMPLEMENTED YET
C038  D0 FA     BNE $C034                       A:00 X:45 Y:0B P:24 SP:FF PPU: NOT IMPLEMENTED YET
C034  8D 07 20  STA $2007 = 00                  A:00 X:45 Y:0B P:24 SP:FF PPU: NOT IMPLEMENTED YET
C037  CA        DEX                             A:00 X:45 Y:0B P:24 SP:FF PPU: NOT IMPLEMENTED YET
C038  D0 FA     BNE $C034                       A:00 X:44 Y:0B P:24 SP:FF PPU: NOT IMPLEMENTED YET
C034  8D 07 20  STA $2007 = 00                  A:00 X:44 Y:0B P:24 SP:FF PPU: NOT IMPLEMENTED YET
C037  CA        DEX                             A:00 X:44 Y:0B P:24 SP:FF PPU: NOT IMPLEMENTED YET
C038  D0 FA     BNE $C034                       A:00 X:43 Y:0B P:24 SP:FF PPU: NOT IMPLEMENTED YET
C034  8D 07 20  STA $2007 = 00                  A:00 X:43 Y:0B P:24 SP:FF PPU: NOT IMPLEMENTED YET
C037  CA        DEX                             A:00 X:43 Y:0B P:24 SP:FF PPU: NOT IMPLEMENTED YET
C038  D0 FA     BNE $C034                       A:00 X:42 Y:0B P:24 SP:FF PPU: NOT IMPLEMENTED YET
C034  8D 07 20  STA $2007 = 00                  A:00 X:42 Y:0B P:24 SP:FF PPU: NOT IMPLEMENTED YET
C037  CA        DEX                             A:00 X:42 Y:0B P:24 SP:FF PPU: NOT IMPLEMENTED YET
C038  D0 FA     BNE $C034                       A:00 X:41 Y:0B P:24 SP:FF PPU: NOT IMPLEMENTED YET
C034  8D 07 20  STA $2007 = 00                  A:00 X:41 Y:0B P:24 SP:FF PPU: NOT IMPLEMENTED YET
C037  CA        DEX                             A:00 X:41 Y:0B P:24 SP:FF PPU: NOT IMPLEMENTED YET
C038  D0 FA     BNE $C034                       A:00 X:40 Y:0B P:24 SP:FF PPU: NOT IMPLEMENTED YET
C034  8D 07 20  STA $2007 = 00                  A:00 X:40 Y:0B P:24 SP:FF PPU: NOT IMPLEMENTED YET
C037  CA        DEX                             A:00 X:40 Y:0B P:24 SP:FF PPU: NOT IMPLEMENTED YET
C038  D0 FA     BNE $C034                       A:00 X:3F Y:0B P:24 SP:FF PPU: NOT IMPLEMENTED YET
C034  8D 07 20  STA $2007 = 00                  A:00 X:3F Y:0B P:24 SP:FF PPU: NOT IMPLEMENTED YET
C037  CA        DEX                             A:00 X:3F Y:0B P:24 SP:FF PPU: NOT IMPLEMENTED YET
C038  D0 FA     BNE $C034                       A:00 X:3E Y:0B P:24 SP:FF PPU: NOT IMPLEMENTED YET
C034  8D 07 20  STA $2007 = 00                  A:00 X:3E Y:0B P:24 SP:FF PPU: NOT IMPLEMENTED YET
C037  CA        DEX                             A:00 X:3E Y:0B P:24 SP:FF PPU: NOT IMPLEMENTED YET
C038  D0 FA     BNE $C034                       A:00 X:3D Y:0B P:24 SP:FF PPU: NOT IMPLEMENTED YET
C034  8D 07 20  STA $2007 = 00                  A:00 X:3D Y:0B P:24 SP:FF PPU: NOT IMPLEMENTED YET
C037  CA        DEX                             A:00 X:3D Y:0B P:24 SP:FF PPU: NOT IMPLEMENTED YET
C038  D0 FA     BNE $C034                       A:00 X:3C Y:0B P:24 SP:FF PPU: NOT IMPLEMENTED YET
C034  8D 07 20  STA $2007 = 00                  A:00 X:3C Y:0B P:24 SP:FF PPU: NOT IMPLEMENTED YET
C037  CA        DEX                             A:00 X:3C Y:0B P:24 SP:FF PPU: NOT IMPLEMENTED YET
C038  D0 FA     BNE $C034                       A:00 X:3B Y:0B P:24 SP:FF PPU: NOT IMPLEMENTED YET
C034  8D 07 20  STA $2007 = 00                  A:00 X:3B Y:0B P:24 SP:FF PPU: NOT IMPLEMENTED YET
C037  CA        DEX                             A:00 X:3B Y:0B P:24 SP:FF PPU: NOT IMPLEMENTED YET
C038  D0 FA     BNE $C034                       A:00 X:3A Y:0B P:24 SP:FF PPU: NOT IMPLEMENTED YET
C034  8D 07 20  STA $2007 = 00                  A:00 X:3A Y:0B P:24 SP:FF PPU: NOT IMPLEMENTED YET
C037  CA        DEX                             A:00 X:3A Y:0B P:24 SP:FF PPU: NOT IMPLEMENTED YET
C038  D0 FA     BNE $C034                       A:00 X:39 Y:0B P:24 SP:FF PPU: NOT IMPLEMENTED YET
C034  8D 07 20  STA $2007 = 00                  A:00 X:39 Y:0B P:24 SP:FF PPU: NOT IMPLEMENTED YET
C037  CA        DEX                             A:00 X:39 Y:0B P:24 SP:FF PPU: NOT IMPLEMENTED YET
C038  D0 FA     BNE $C034                       A:00 X:38 Y:0B P:24 SP:FF PPU: NOT IMPLEMENTED YET
C034  8D 07 20  STA $2007 = 00                  A:00 X:38 Y:0B P:24 SP:FF PPU: NOT IMPLEMENTED YET
C037  CA        DEX                             A:00 X:38 Y:0B P:24 SP:FF PPU: NOT IMPLEMENTED YET
C038  D0 FA     BNE $C034                       A:00 X:37 Y:0B P:24 SP:FF PPU: NOT IMPLEMENTED YET
C034  8D 07 20  STA $2007 = 00                  A:00 X:37 Y:0B P:24 SP:FF PPU: NOT IMPLEMENTED YET
C037  CA        DEX                             A:00 X:37 Y:0B P:24 SP:FF PPU: NOT IMPLEMENTED YET
C038  D0 FA     BNE $C034                       A:00 X:36 Y:0B P:24 SP:FF PPU: NOT IMPLEMENTED YET
C034  8D 07 20  STA $2007 = 00                  A:00 X:36 Y:0B P:24 SP:FF PPU: NOT IMPLEMENTED YET
C037  CA        DEX                             A:00 X:36 Y:0B P:24 SP:FF PPU: NOT IMPLEMENTED YET
C038  D0 FA     BNE $C034                       A:00 X:35 Y:0B P:24 SP:FF PPU: NOT IMPLEMENTED YET
C034  8D 07 20  STA $2007 = 00                  A:00 X:35 Y:0B P:24 SP:FF PPU: NOT IMPLEMENTED YET
C037  CA        DEX                             A:00 X:35 Y:0B P:24 SP:FF PPU: NOT IMPLEMENTED YET
C038  D0 FA     BNE $C034                       A:00 X:34 Y:0B P:24 SP:FF PPU: NOT IMPLEMENTED YET
C034  8D 07 20  STA $2007 = 00                  A:00 X:34 Y:0B P:24 SP:FF PPU: NOT IMPLEMENTED YET
C037  CA        DEX                             A:00 X:34 Y:0B P:24 SP:FF PPU: NOT IMPLEMENTED YET
C038  D0 FA     BNE $C034                       A:00 X:33 Y:0B P:24 SP:FF PPU: NOT IMPLEMENTED YET
C034  8D 07 20  STA $2007 = 00                  A:00 X:33 Y:0B P:24 SP:FF PPU: NOT IMPLEMENTED YET
C037  CA        DEX                             A:00 X:33 Y:0B P:24 SP:FF PPU: NOT IMPLEMENTED YET
C038  D0 FA     BNE $C034                       A:00 X:32 Y:0B P:24 SP:FF PPU: NOT IMPLEMENTED YET
C034  8D 07 20  STA $2007 = 00                  A:00 X:32 Y:0B P:24 SP:FF PPU: NOT IMPLEMENTED YET
C037  CA        DEX                             A:00 X:32 Y:0B P:24 SP:FF PPU: NOT IMPLEMENTED YET
C038  D0 FA     BNE $C034                       A:00 X:31 Y:0B P:24 SP:FF PPU: NOT IMPLEMENTED YET
C034  8D 07 20  STA $2007 = 00                  A:00 X:31 Y:0B P:24 SP:FF PPU: NOT IMPLEMENTED YET
C037  CA        DEX                             A:00 X:31 Y:0B P:24 SP:FF PPU: NOT IMPLEMENTED YET
C038  D0 FA     BNE $C034                       A:00 X:30 Y:0B P:24 SP:FF PPU: NOT IMPLEMENTED YET
C034  8D 07 20  STA $2007 = 00                  A:00 X:30 Y:0B P:24 SP:FF PPU: NOT IMPLEMENTED YET
C037  CA        DEX                             A:00 X:30 Y:0B P:24 SP:FF PPU: NOT IMPLEMENTED YET
C038  D0 FA     BNE $C034                       A:00 X:2F Y:0B P:24 SP:FF PPU: NOT IMPLEMENTED YET
C034  8D 07 20  STA $2007 = 00                  A:00 X:2F Y:0B P:24 SP:FF PPU: NOT IMPLEMENTED YET
C037  CA        DEX                             A:00 X:2F Y:0B P:24 SP:FF PPU: NOT IMPLEMENTED YET
C038  D0 FA     BNE $C034                       A:00 X:2E Y:0B P:24 SP:FF PPU: NOT IMPLEMENTED YET
C034  8D 07 20  STA $2007 = 00                  A:00 X:2E Y:0B P:24 SP:FF PPU: NOT IMPLEMENTED YET
C037  CA        DEX                             A:00 X:2E Y:0B P:24 SP:FF PPU: NOT IMPLEMENTED YET
C038  D0 FA     BNE $C034                       A:00 X:2D Y:0B P:24 SP:FF PPU: NOT IMPLEMENTED YET
C034  8D 07 20  STA $2007 = 00                  A:00 X:2D Y:0B P:24 SP:FF PPU: NOT IMPLEMENTED YET
C037  CA        DEX                             A:00 X:2D Y:0B P:24 SP:FF PPU: NOT IMPLEMENTED YET
C038  D0 FA     BNE $C034                       A:00 X:2C Y:0B P:24 SP:FF PPU: NOT IMPLEMENTED YET
C034  8D 07 20  STA $2007 = 00                  A:00 X:2C Y:0B P:24 SP:FF PPU: NOT IMPLEMENTED YET
C037  CA        DEX                             A:00 X:2C Y:0B P:24 SP:FF PPU: NOT IMPLEMENTED YET
C038  D0 FA     BNE $C034                       A:00 X:2B Y:0B P:24 SP:FF PPU: NOT IMPLEMENTED YET
C034  8D 07 20  STA $2007 = 00                  A:00 X:2B Y:0B P:24 SP:FF PPU: NOT IMPLEMENTED YET
C037  CA        DEX                             A:00 X:2B Y:0B P:24 SP:FF PPU: NOT IMPLEMENTED YET
C038  D0 FA     BNE $C034                       A:00 X:2A Y:0B P:24 SP:FF PPU: NOT IMPLEMENTED YET
C034  8D 07 20  STA $2007 = 00                  A:00 X:2A Y:0B P:24 SP:FF PPU: NOT IMPLEMENTED YET
C037  CA        DEX                             A:00 X:2A Y:0B P:24 SP:FF PPU: NOT IMPLEMENTED YET
C038  D0 FA     BNE $C034                       A:00 X:29 Y:0B P:24 SP:FF PPU: NOT IMPLEMENTED YET
C034  8D 07 20  STA $2007 = 00                  A:00 X:29 Y:0B P:24 SP:FF PPU: NOT IMPLEMENTED YET
C037  CA        DEX                             A:00 X:29 Y:0B P:24 SP:FF PPU: NOT IMPLEMENTED YET
C038  D0 FA     BNE $C034                       A:00 X:28 Y:0B P:24 SP:FF PPU: NOT IMPLEMENTED YET
C034  8D 07 20  STA $2007 = 00                  A:00 X:28 Y:0B P:24 SP:FF PPU: NOT IMPLEMENTED YET
C037  CA        DEX                             A:00 X:28 Y:0B P:24 SP:FF PPU: NOT IMPLEMENTED YET
C038  D0 FA     BNE $C034                       A:00 X:27 Y:0B P:24 SP:FF PPU: NOT IMPLEMENTED YET
C034  8D 07 20  STA $2007 = 00                  A:00 X:27 Y:0B P:24 SP:FF PPU: NOT IMPLEMENTED YET
C037  CA        DEX                             A:00 X:27 Y:0B P:24 SP:FF PPU: NOT IMPLEMENTED YET
C038  D0 FA     BNE $C034                       A:00 X:26 Y:0B P:24 SP:FF PPU: NOT IMPLEMENTED YET
C034  8D 07 20  STA $2007 = 00                  A:00 X:26 Y:0B P:24 SP:FF PPU: NOT IMPLEMENTED YET
C037  CA        DEX                             A:00 X:26 Y:0B P:24 SP:FF PPU: NOT IMPLEMENTED YET
C038  D0 FA     BNE $C034                       A:00 X:25 Y:0B P:24 SP:FF PPU: NOT IMPLEMENTED YET
C034  8D 07 20  STA $2007 = 00                  A:00 X:25 Y:0B P:24 SP:FF PPU: NOT IMPLEMENTED YET
C037  CA        DEX                             A:00 X:25 Y:0B P:24 SP:FF PPU: NOT IMPLEMENTED YET
C038  D0 FA     BNE $C034                       A:00 X:24 Y:0B P:24 SP:FF PPU: NOT IMPLEMENTED YET
C034  8D 07 20  STA $2007 = 00                  A:00 X:24 Y:0B P:24 SP:FF PPU: NOT IMPLEMENTED YET
C037  CA        DEX                             A:00 X:24 Y:0B P:24 SP:FF PPU: NOT IMPLEMENTED YET
C038  D0 FA     BNE $C034                       A:00 X:23 Y:0B P:24 SP:FF PPU: NOT IMPLEMENTED YET
C034  8D 07 20  STA $2007 = 00                  A:00 X:23 Y:0B P:24 SP:FF PPU: NOT IMPLEMENTED YET
C037  CA        DEX                             A:00 X:23 Y:0B P:24 SP:FF PPU: NOT IMPLEMENTED YET
C038  D0 FA     BNE $C034                       A:00 X:22 Y:0B P:24 SP:FF PPU: NOT IMPLEMENTED YET
C034  8D 07 20  STA $2007 = 00                  A:00 X:22 Y:0B P:24 SP:FF PPU: NOT IMPLEMENTED YET
C037  CA        DEX                             A:00 X:22 Y:0B P:24 SP:FF PPU: NOT IMPLEMENTED YET
C038  D0 FA     BNE $C034                       A:00 X:21 Y:0B P:24 SP:FF PPU: NOT IMPLEMENTED YET
C034  8D 07 20  STA $2007 = 00                  A:00 X:21 Y:0B P:24 SP:FF PPU: NOT IMPLEMENTED YET
C037  CA        DEX                             A:00 X:21 Y:0B P:24 SP:FF PPU: NOT IMPLEMENTED YET
C038  D0 FA     BNE $C034                       A:00 X:20 Y:0B P:24 SP:FF PPU: NOT IMPLEMENTED YET
C034  8D 07 20  STA $2007 = 00                  A:00 X:20 Y:0B P:24 SP:FF PPU: NOT IMPLEMENTED YET
C037  CA        DEX                             A:00 X:20 Y:0B P:24 SP:FF PPU: NOT IMPLEMENTED YET
C038  D0 FA     BNE $C034                       A:00 X:1F Y:0B P:24 SP:FF PPU: NOT IMPLEMENTED YET
C034  8D 07 20  STA $2007 = 00                  A:00 X:1F Y:0B P:24 SP:FF PPU: NOT IMPLEMENTED YET
C037  CA        DEX                             A:00 X:1F Y:0B P:24 SP:FF PPU: NOT IMPLEMENTED YET
C038  D0 FA     BNE $C034                       A:00 X:1E Y:0B P:24 SP:FF PPU: NOT IMPLEMENTED YET
C034  8D 07 20  STA $2007 = 00                  A:00 X:1E Y:0B P:24 SP:FF PPU: NOT IMPLEMENTED YET
C037  CA        DEX                             A:00 X:1E Y:0B P:24 SP:FF PPU: NOT IMPLEMENTED YET
C038  D0 FA     BNE $C034                       A:00 X:1D Y:0B P:24 SP:FF PPU: NOT IMPLEMENTED YET
C034  8D 07 20  STA $2007 = 00                  A:00 X:1D Y:0B P:24 SP:FF PPU: NOT IMPLEMENTED YET
C037  CA        DEX                             A:00 X:1D Y:0B P:24 SP:FF PPU: NOT IMPLEMENTED YET
C038  D0 FA     BNE $C034                       A:00 X:1C Y:0B P:24 SP:FF PPU: NOT IMPLEMENTED YET
C034  8D 07 20  STA $2007 = 00                  A:00 X:1C Y:0B P:24 SP:FF PPU: NOT IMPLEMENTED YET
C037  CA        DEX                             A:00 X:1C Y:0B P:24 SP:FF PPU: NOT IMPLEMENTED YET
C038  D0 FA     BNE $C034                       A:00 X:1B Y:0B P:24 SP:FF PPU: NOT IMPLEMENTED YET
C034  8D 07 20  STA $2007 = 00                  A:00 X:1B Y:0B P:24 SP:FF PPU: NOT IMPLEMENTED YET
C037  CA        DEX                             A:00 X:1B Y:0B P:24 SP:FF PPU: NOT IMPLEMENTED YET
C038  D0 FA     BNE $C034                       A:00 X:1A Y:0B P:24 SP:FF PPU: NOT IMPLEMENTED YET
C034  8D 07 20  STA $2007 = 00                  A:00 X:1A Y:0B P:24 SP:FF PPU: NOT IMPLEMENTED YET
C037  CA        DEX                             A:00 X:1A Y:0B P:24 SP:FF PPU: NOT IMPLEMENTED YET
C038  D0 FA     BNE $C034                       A:00 X:19 Y:0B P:24 SP:FF PPU: NOT IMPLEMENTED YET
C034  8D 07 20  STA $2007 = 00                  A:00 X:19 Y:0B P:24 SP:FF PPU: NOT IMPLEMENTED YET
C037  CA        DEX                             A:00 X:19 Y:0B P:24 SP:FF PPU: NOT IMPLEMENTED YET
C038  D0 FA     BNE $C034                       A:00 X:18 Y:0B P:24 SP:FF PPU: NOT IMPLEMENTED YET
C034  8D 07 20  STA $2007 = 00                  A:00 X:18 Y:0B P:24 SP:FF PPU: NOT IMPLEMENTED YET
C037  CA        DEX                             A:00 X:18 Y:0B P:24 SP:FF PPU: NOT IMPLEMENTED YET
C038  D0 FA     BNE $C034                       A:00 X:17 Y:0B P:24 SP:FF PPU: NOT IMPLEMENTED YET
C034  8D 07 20  STA $2007 = 00                  A:00 X:17 Y:0B P:24 SP:FF PPU: NOT IMPLEMENTED YET
C037  CA        DEX                             A:00 X:17 Y:0B P:24 SP:FF PPU: NOT IMPLEMENTED YET
C038  D0 FA     BNE $C034                       A:00 X:16 Y:0B P:24 SP:FF PPU: NOT IMPLEMENTED YET
C034  8D 07 20  STA $2007 = 00                  A:00 X:16 Y:0B P:24 SP:FF PPU: NOT IMPLEMENTED YET
C037  CA        DEX                             A:00 X:16 Y:0B P:24 SP:FF PPU: NOT IMPLEMENTED YET
C038  D0 FA     BNE $C034                       A:00 X:15 Y:0B P:24 SP:FF PPU: NOT IMPLEMENTED YET
C034  8D 07 20  STA $2007 = 00                  A:00 X:15 Y:0B P:24 SP:FF PPU: NOT IMPLEMENTED YET
C037  CA        DEX                             A:00 X:15 Y:0B P:24 SP:FF PPU: NOT IMPLEMENTED YET
C038  D0 FA     BNE $C034                       A:00 X:14 Y:0B P:24 SP:FF PPU: NOT IMPLEMENTED YET
C034  8D 07 20  STA $2007 = 00                  A:00 X:14 Y:0B P:24 SP:FF PPU: NOT IMPLEMENTED YET
C037  CA        DEX                             A:00 X:14 Y:0B P:24 SP:FF PPU: NOT IMPLEMENTED YET
C038  D0 FA     BNE $C034                       A:00 X:13 Y:0B P:24 SP:FF PPU: NOT IMPLEMENTED YET
C034  8D 07 20  STA $2007 = 00                  A:00 X:13 Y:0B P:24 SP:FF PPU: NOT IMPLEMENTED YET
C037  CA        DEX                             A:00 X:13 Y:0B P:24 SP:FF PPU: NOT IMPLEMENTED YET
C038  D0 FA     BNE $C034                       A:00 X:12 Y:0B P:24 SP:FF PPU: NOT IMPLEMENTED YET
C034  8D 07 20  STA $2007 = 00                  A:00 X:12 Y:0B P:24 SP:FF PPU: NOT IMPLEMENTED YET
C037  CA        DEX                             A:00 X:12 Y:0B P:24 SP:FF PPU: NOT IMPLEMENTED YET
C038  D0 FA     BNE $C034                       A:00 X:11 Y:0B P:24 SP:FF PPU: NOT IMPLEMENTED YET
C034  8D 07 20  STA $2007 = 00                  A:00 X:11 Y:0B P:24 SP:FF PPU: NOT IMPLEMENTED YET
C037  CA        DEX                             A:00 X:11 Y:0B P:24 SP:FF PPU: NOT IMPLEMENTED YET
C038  D0 FA     BNE $C034                       A:00 X:10 Y:0B P:24 SP:FF PPU: NOT IMPLEMENTED YET
C034  8D 07 20  STA $2007 = 00                  A:00 X:10 Y:0B P:24 SP:FF PPU: NOT IMPLEMENTED YET
C037  CA        DEX                             A:00 X:10 Y:0B P:24 SP:FF PPU: NOT IMPLEMENTED YET
C038  D0 FA     BNE $C034                       A:00 X:0F Y:0B P:24 SP:FF PPU: NOT IMPLEMENTED YET
C034  8D 07 20  STA $2007 = 00                  A:00 X:0F Y:0B P:24 SP:FF PPU: NOT IMPLEMENTED YET
C037  CA        DEX                             A:00 X:0F Y:0B P:24 SP:FF PPU: NOT IMPLEMENTED YET
C038  D0 FA     BNE $C034                       A:00 X:0E Y:0B P:24 SP:FF PPU: NOT IMPLEMENTED YET
C034  8D 07 20  STA $2007 = 00                  A:00 X:0E Y:0B P:24 SP:FF PPU: NOT IMPLEMENTED YET
C037  CA        DEX                             A:00 X:0E Y:0B P:24 SP:FF PPU: NOT IMPLEMENTED YET
C038  D0 FA     BNE $C034                       A:00 X:0D Y:0B P:24 SP:FF PPU: NOT IMPLEMENTED YET
C034  8D 07 20  STA $2007 = 00                  A:00 X:0D Y:0B P:24 SP:FF PPU: NOT IMPLEMENTED YET
C037  CA        DEX                             A:00 X:0D Y:0B P:24 SP:FF PPU: NOT IMPLEMENTED YET
C038  D0 FA     BNE $C034                       A:00 X:0C Y:0B P:24 SP:FF PPU: NOT IMPLEMENTED YET
C034  8D 07 20  STA $2007 = 00                  A:00 X:0C Y:0B P:24 SP:FF PPU: NOT IMPLEMENTED YET
C037  CA        DEX                             A:00 X:0C Y:0B P:24 SP:FF PPU: NOT IMPLEMENTED YET
C038  D0 FA     BNE $C034                       A:00 X:0B Y:0B P:24 SP:FF PPU: NOT IMPLEMENTED YET
C034  8D 07 20  STA $2007 = 00                  A:00 X:0B Y:0B P:24 SP:FF PPU: NOT IMPLEMENTED YET
C037  CA        DEX                             A:00 X:0B Y:0B P:24 SP:FF PPU: NOT IMPLEMENTED YET
C038  D0 FA     BNE $C034                       A:00 X:0A Y:0B P:24 SP:FF PPU: NOT IMPLEMENTED YET
C034  8D 07 20  STA $2007 = 00                  A:00 X:0A Y:0B P:24 SP:FF PPU: NOT IMPLEMENTED YET
C037  CA        DEX                             A:00 X:0A Y:0B P:24 SP:FF PPU: NOT IMPLEMENTED YET
C038  D0 FA     BNE $C034                       A:00 X:09 Y:0B P:24 SP:FF PPU: NOT IMPLEMENTED YET
C034  8D 07 20  STA $2007 = 00                  A:00 X:09 Y:0B P:24 SP:FF PPU: NOT IMPLEMENTED YET
C037  CA        DEX                             A:00 X:09 Y:0B P:24 SP:FF PPU: NOT IMPLEMENTED YET
C038  D0 FA     BNE $C034                       A:00 X:08 Y:0B P:24 SP:FF PPU: NOT IMPLEMENTED YET
C034  8D 07 20  STA $2007 = 00                  A:00 X:08 Y:0B P:24 SP:FF PPU: NOT IMPLEMENTED YET
C037  CA        DEX                             A:00 X:08 Y:0B P:24 SP:FF PPU: NOT IMPLEMENTED YET
C038  D0 FA     BNE $C034                       A:00 X:07 Y:0B P:24 SP:FF PPU: NOT IMPLEMENTED YET
C034  8D 07 20  STA $2007 = 00                  A:00 X:07 Y:0B P:24 SP:FF PPU: NOT IMPLEMENTED YET
C037  CA        DEX                             A:00 X:07 Y:0B P:24 SP:FF PPU: NOT IMPLEMENTED YET
C038  D0 FA     BNE $C034                       A:00 X:06 Y:0B P:24 SP:FF PPU: NOT IMPLEMENTED YET
C034  8D 07 20  STA $2007 = 00                  A:00 X:06 Y:0B P:24 SP:FF PPU: NOT IMPLEMENTED YET
C037  CA        DEX                             A:00 X:06 Y:0B P:24 SP:FF PPU: NOT IMPLEMENTED YET
C038  D0 FA     BNE $C034                       A:00 X:05 Y:0B P:24 SP:FF PPU: NOT IMPLEMENTED YET
C034  8D 07 20  STA $2007 = 00                  A:00 X:05 Y:0B P:24 SP:FF PPU: NOT IMPLEMENTED YET
C037  CA        DEX                             A:00 X:05 Y:0B P:24 SP:FF PPU: NOT IMPLEMENTED YET
C038  D0 FA     BNE $C034                       A:00 X:04 Y:0B P:24 SP:FF PPU: NOT IMPLEMENTED YET
C034  8D 07 20  STA $2007 = 00                  A:00 X:04 Y:0B P:24 SP:FF PPU: NOT IMPLEMENTED YET
C037  CA        DEX                             A:00 X:04 Y:0B P:24 SP:FF PPU: NOT IMPLEMENTED YET
C038  D0 FA     BNE $C034                       A:00 X:03 Y:0B P:24 SP:FF PPU: NOT IMPLEMENTED YET
C034  8D 07 20  STA $2007 = 00                  A:00 X:03 Y:0B P:24 SP:FF PPU: NOT IMPLEMENTED YET
C037  CA        DEX                             A:00 X:03 Y:0B P:24 SP:FF PPU: NOT IMPLEMENTED YET
C038  D0 FA     BNE $C034                       A:00 X:02 Y:0B P:24 SP:FF PPU: NOT IMPLEMENTED YET
C034  8D 07 20  STA $2007 = 00                  A:00 X:02 Y:0B P:24 SP:FF PPU: NOT IMPLEMENTED YET
C037  CA        DEX                             A:00 X:02 Y:0B P:24 SP:FF PPU: NOT IMPLEMENTED YET
C038  D0 FA     BNE $C034                       A:00 X:01 Y:0B P:24 SP:FF PPU: NOT IMPLEMENTED YET
C034  8D 07 20  STA $2007 = 00                  A:00 X:01 Y:0B P:24 SP:FF PPU: NOT IMPLEMENTED YET
C037  CA        DEX                             A:00 X:01 Y:0B P:24 SP:FF PPU: NOT IMPLEMENTED YET
C038  D0 FA     BNE $C034                       A:00 X:00 Y:0B P:26 SP:FF PPU: NOT IMPLEMENTED YET
C03A  88        DEY                             A:00 X:00 Y:0B P:26 SP:FF PPU: NOT IMPLEMENTED YET
C03B  D0 F7     BNE $C034                       A:00 X:00 Y:0A P:24 SP:FF PPU: NOT IMPLEMENTED YET
C034  8D 07 20  STA $2007 = 00                  A:00 X:00 Y:0A P:24 SP:FF PPU: NOT IMPLEMENTED YET
C037  CA        DEX                             A:00 X:00 Y:0A P:24 SP:FF PPU: NOT IMPLEMENTED YET
C038  D0 FA     BNE $C034                       A:00 X:FF Y:0A P:A4 SP:FF PPU: NOT IMPLEMENTED YET
C034  8D 07 20  STA $2007 = 00                  A:00 X:FF Y:0A P:A4 SP:FF PPU: NOT IMPLEMENTED YET
C037  CA        DEX                             A:00 X:FF Y:0A P:A4 SP:FF PPU: NOT IMPLEMENTED YET
C038  D0 FA     BNE $C034                       A:00 X:FE Y:0A P:A4 SP:FF PPU: NOT IMPLEMENTED YET
C034  8D 07 20  STA $2007 = 00                  A:00 X:FE Y:0A P:A4 SP:FF PPU: NOT IMPLEMENTED YET
C037  CA        DEX                             A:00 X:FE Y:0A P:A4 SP:FF PPU: NOT IMPLEMENTED YET
C038  D0 FA     BNE $C034                       A:00 X:FD Y:0A P:A4 SP:FF PPU: NOT IMPLEMENTED YET
C034  8D 07 20  STA $2007 = 00                  A:00 X:FD Y:0A P:A4 SP:FF PPU: NOT IMPLEMENTED YET
C037  CA        DEX                             A:00 X:FD Y:0A P:A4 SP:FF PPU: NOT IMPLEMENTED YET
C038  D0 FA     BNE $C034                       A:00 X:FC Y:0A P:A4 SP:FF PPU: NOT IMPLEMENTED YET
C034  8D 07 20  STA $2007 = 00                  A:00 X:FC Y:0A P:A4 SP:FF PPU: NOT IMPLEMENTED YET
C037  CA        DEX                             A:00 X:FC Y:0A P:A4 SP:FF PPU: NOT IMPLEMENTED YET
C038  D0 FA     BNE $C034                       A:00 X:FB Y:0A P:A4 SP:FF PPU: NOT IMPLEMENTED YET
C034  8D 07 20  STA $2007 = 00                  A:00 X:FB Y:0A P:A4 SP:FF PPU: NOT IMPLEMENTED YET
C037  CA        DEX                             A:00 X:FB Y:0A P:A4 SP:FF PPU: NOT IMPLEMENTED YET
C038  D0 FA     BNE $C034                       A:00 X:FA Y:0A P:A4 SP:FF PPU: NOT IMPLEMENTED YET
C034  8D 07 20  STA $2007 = 00                  A:00 X:FA Y:0A P:A4 SP:FF PPU: NOT IMPLEMENTED YET
C037  CA        DEX                             A:00 X:FA Y:0A P:A4 SP:FF PPU: NOT IMPLEMENTED YET
C038  D0 FA     BNE $C034                       A:00 X:F9 Y:0A P:A4 SP:FF PPU: NOT IMPLEMENTED YET
C034  8D 07 20  STA $2007 = 00                  A:00 X:F9 Y:0A P:A4 SP:FF PPU: NOT IMPLEMENTED YET
C037  CA        DEX                             A:00 X:F9 Y:0A P:A4 SP:FF PPU: NOT IMPLEMENTED YET
C038  D0 FA     BNE $C034                       A:00 X:F8 Y:0A P:A4 SP:FF PPU: NOT IMPLEMENTED YET
C034  8D 07 20  STA $2007 = 00                  A:00 X:F8 Y:0A P:A4 SP:FF PPU: NOT IMPLEMENTED YET
C037  CA        DEX                             A:00 X:F8 Y:0A P:A4 SP:FF PPU: NOT IMPLEMENTED YET
C038  D0 FA     BNE $C034                       A:00 X:F7 Y:0A P:A4 SP:FF PPU: NOT IMPLEMENTED YET
C034  8D 07 20  STA $2007 = 00                  A:00 X:F7 Y:0A P:A4 SP:FF PPU: NOT IMPLEMENTED YET
C037  CA        DEX                             A:00 X:F7 Y:0A P:A4 SP:FF PPU: NOT IMPLEMENTED YET
C038  D0 FA     BNE $C034                       A:00 X:F6 Y:0A P:A4 SP:FF PPU: NOT IMPLEMENTED YET
C034  8D 07 20  STA $2007 = 00                  A:00 X:F6 Y:0A P:A4 SP:FF PPU: NOT IMPLEMENTED YET
C037  CA        DEX                             A:00 X:F6 Y:0A P:A4 SP:FF PPU: NOT IMPLEMENTED YET
C038  D0 FA     BNE $C034                       A:00 X:F5 Y:0A P:A4 SP:FF PPU: NOT IMPLEMENTED YET
C034  8D 07 20  STA $2007 = 00                  A:00 X:F5 Y:0A P:A4 SP:FF PPU: NOT IMPLEMENTED YET
C037  CA        DEX                             A:00 X:F5 Y:0A P:A4 SP:FF PPU: NOT IMPLEMENTED YET
C038  D0 FA     BNE $C034                       A:00 X:F4 Y:0A P:A4 SP:FF PPU: NOT IMPLEMENTED YET
C034  8D 07 20  STA $2007 = 00                  A:00 X:F4 Y:0A P:A4 SP:FF PPU: NOT IMPLEMENTED YET
C037  CA        DEX                             A:00 X:F4 Y:0A P:A4 SP:FF PPU: NOT IMPLEMENTED YET
C038  D0 FA     BNE $C034                       A:00 X:F3 Y:0A P:A4 SP:FF PPU: NOT IMPLEMENTED YET
C034  8D 07 20  STA $2007 = 00                  A:00 X:F3 Y:0A P:A4 SP:FF PPU: NOT IMPLEMENTED YET
C037  CA        DEX                             A:00 X:F3 Y:0A P:A4 SP:FF PPU: NOT IMPLEMENTED YET
C038  D0 FA     BNE $C034                       A:00 X:F2 Y:0A P:A4 SP:FF PPU: NOT IMPLEMENTED YET
C034  8D 07 20  STA $2007 = 00                  A:00 X:F2 Y:0A P:A4 SP:FF PPU: NOT IMPLEMENTED YET
C037  CA        DEX                             A:00 X:F2 Y:0A P:A4 SP:FF PPU: NOT IMPLEMENTED YET
C038  D0 FA     BNE $C034                       A:00 X:F1 Y:0A P:A4 SP:FF PPU: NOT IMPLEMENTED YET
C034  8D 07 20  STA $2007 = 00                  A:00 X:F1 Y:0A P:A4 SP:FF PPU: NOT IMPLEMENTED YET
C037  CA        DEX                             A:00 X:F1 Y:0A P:A4 SP:FF PPU: NOT IMPLEMENTED YET
C038  D0 FA     BNE $C034                       A:00 X:F0 Y:0A P:A4 SP:FF PPU: NOT IMPLEMENTED YET
C034  8D 07 20  STA $2007 = 00                  A:00 X:F0 Y:0A P:A4 SP:FF PPU: NOT IMPLEMENTED YET
C037  CA        DEX                             A:00 X:F0 Y:0A P:A4 SP:FF PPU: NOT IMPLEMENTED YET
C038  D0 FA     BNE $C034                       A:00 X:EF Y:0A P:A4 SP:FF PPU: NOT IMPLEMENTED YET
C034  8D 07 20  STA $2007 = 00                  A:00 X:EF Y:0A P:A4 SP:FF PPU: NOT IMPLEMENTED YET
C037  CA        DEX                             A:00 X:EF Y:0A P:A4 SP:FF PPU: NOT IMPLEMENTED YET
C038  D0 FA     BNE $C034                       A:00 X:EE Y:0A P:A4 SP:FF PPU: NOT IMPLEMENTED YET
C034  8D 07 20  STA $2007 = 00                  A:00 X:EE Y:0A P:A4 SP:FF PPU: NOT IMPLEMENTED YET
C037  CA        DEX                             A:00 X:EE Y:0A P:A4 SP:FF PPU: NOT IMPLEMENTED YET
C038  D0 FA     BNE $C034                       A:00 X:ED Y:0A P:A4 SP:FF PPU: NOT IMPLEMENTED YET
C034  8D 07 20  STA $2007 = 00                  A:00 X:ED Y:0A P:A4 SP:FF PPU: NOT IMPLEMENTED YET
C037  CA        DEX                             A:00 X:ED Y:0A P:A4 SP:FF PPU: NOT IMPLEMENTED YET
C038  D0 FA     BNE $C034                       A:00 X:EC Y:0A P:A4 SP:FF PPU: NOT IMPLEMENTED YET
C034  8D 07 20  STA $2007 = 00                  A:00 X:EC Y:0A P:A4 SP:FF PPU: NOT IMPLEMENTED YET
C037  CA        DEX                             A:00 X:EC Y:0A P:A4 SP:FF PPU: NOT IMPLEMENTED YET
C038  D0 FA     BNE $C034                       A:00 X:EB Y:0A P:A4 SP:FF PPU: NOT IMPLEMENTED YET
C034  8D 07 20  STA $2007 = 00                  A:00 X:EB Y:0A P:A4 SP:FF PPU: NOT IMPLEMENTED YET
C037  CA        DEX                             A:00 X:EB Y:0A P:A4 SP:FF PPU: NOT IMPLEMENTED YET
C038  D0 FA     BNE $C034                       A:00 X:EA Y:0A P:A4 SP:FF PPU: NOT IMPLEMENTED YET
C034  8D 07 20  STA $2007 = 00                  A:00 X:EA Y:0A P:A4 SP:FF PPU: NOT IMPLEMENTED YET
C037  CA        DEX                             A:00 X:EA Y:0A P:A4 SP:FF PPU: NOT IMPLEMENTED YET
C038  D0 FA     BNE $C034                       A:00 X:E9 Y:0A P:A4 SP:FF PPU: NOT IMPLEMENTED YET
C034  8D 07 20  STA $2007 = 00                  A:00 X:E9 Y:0A P:A4 SP:FF PPU: NOT IMPLEMENTED YET
C037  CA        DEX                             A:00 X:E9 Y:0A P:A4 SP:FF PPU: NOT IMPLEMENTED YET
C038  D0 FA     BNE $C034                       A:00 X:E8 Y:0A P:A4 SP:FF PPU: NOT IMPLEMENTED YET
C034  8D 07 20  STA $2007 = 00                  A:00 X:E8 Y:0A P:A4 SP:FF PPU: NOT IMPLEMENTED YET
C037  CA        DEX                             A:00 X:E8 Y:0A P:A4 SP:FF PPU: NOT IMPLEMENTED YET
C038  D0 FA     BNE $C034                       A:00 X:E7 Y:0A P:A4 SP:FF PPU: NOT IMPLEMENTED YET
C034  8D 07 20  STA $2007 = 00                  A:00 X:E7 Y:0A P:A4 SP:FF PPU: NOT IMPLEMENTED YET
C037  CA        DEX                             A:00 X:E7 Y:0A P:A4 SP:FF PPU: NOT IMPLEMENTED YET
C038  D0 FA     BNE $C034                       A:00 X:E6 Y:0A P:A4 SP:FF PPU: NOT IMPLEMENTED YET
C034  8D 07 20  STA $2007 = 00                  A:00 X:E6 Y:0A P:A4 SP:FF PPU: NOT IMPLEMENTED YET
C037  CA        DEX                             A:00 X:E6 Y:0A P:A4 SP:FF PPU: NOT IMPLEMENTED YET
C038  D0 FA     BNE $C034                       A:00 X:E5 Y:0A P:A4 SP:FF PPU: NOT IMPLEMENTED YET
C034  8D 07 20  STA $2007 = 00                  A:00 X:E5 Y:0A P:A4 SP:FF PPU: NOT IMPLEMENTED YET
C037  CA        DEX                             A:00 X:E5 Y:0A P:A4 SP:FF PPU: NOT IMPLEMENTED YET
C038  D0 FA     BNE $C034                       A:00 X:E4 Y:0A P:A4 SP:FF PPU: NOT IMPLEMENTED YET
C034  8D 07 20  STA $2007 = 00                  A:00 X:E4 Y:0A P:A4 SP:FF PPU: NOT IMPLEMENTED YET
C037  CA        DEX                             A:00 X:E4 Y:0A P:A4 SP:FF PPU: NOT IMPLEMENTED YET
C038  D0 FA     BNE $C034                       A:00 X:E3 Y:0A P:A4 SP:FF PPU: NOT IMPLEMENTED YET
C034  8D 07 20  STA $2007 = 00                  A:00 X:E3 Y:0A P:A4 SP:FF PPU: NOT IMPLEMENTED YET
C037  CA        DEX                             A:00 X:E3 Y:0A P:A4 SP:FF PPU: NOT IMPLEMENTED YET
C038  D0 FA     BNE $C034                       A:00 X:E2 Y:0A P:A4 SP:FF PPU: NOT IMPLEMENTED YET
C034  8D 07 20  STA $2007 = 00                  A:00 X:E2 Y:0A P:A4 SP:FF PPU: NOT IMPLEMENTED YET
C037  CA        DEX                             A:00 X:E2 Y:0A P:A4 SP:FF PPU: NOT IMPLEMENTED YET
C038  D0 FA     BNE $C034                       A:00 X:E1 Y:0A P:A4 SP:FF PPU: NOT IMPLEMENTED YET
C034  8D 07 20  STA $2007 = 00                  A:00 X:E1 Y:0A P:A4 SP:FF PPU: NOT IMPLEMENTED YET
C037  CA        DEX                             A:00 X:E1 Y:0A P:A4 SP:FF PPU: NOT IMPLEMENTED YET
C038  D0 FA     BNE $C034                       A:00 X:E0 Y:0A P:A4 SP:FF PPU: NOT IMPLEMENTED YET
C034  8D 07 20  STA $2007 = 00                  A:00 X:E0 Y:0A P:A4 SP:FF PPU: NOT IMPLEMENTED YET
C037  CA        DEX                             A:00 X:E0 Y:0A P:A4 SP:FF PPU: NOT IMPLEMENTED YET
C038  D0 FA     BNE $C034                       A:00 X:DF Y:0A P:A4 SP:FF PPU: NOT IMPLEMENTED YET
C034  8D 07 20  STA $2007 = 00                  A:00 X:DF Y:0A P:A4 SP:FF PPU: NOT IMPLEMENTED YET
C037  CA        DEX                             A:00 X:DF Y:0A P:A4 SP:FF PPU: NOT IMPLEMENTED YET
C038  D0 FA     BNE $C034                       A:00 X:DE Y:0A P:A4 SP:FF PPU: NOT IMPLEMENTED YET
C034  8D 07 20  STA $2007 = 00                  A:00 X:DE Y:0A P:A4 SP:FF PPU: NOT IMPLEMENTED YET
C037  CA        DEX                             A:00 X:DE Y:0A P:A4 SP:FF PPU: NOT IMPLEMENTED YET
C038  D0 FA     BNE $C034                       A:00 X:DD Y:0A P:A4 SP:FF PPU: NOT IMPLEMENTED YET
C034  8D 07 20  STA $2007 = 00                  A:00 X:DD Y:0A P:A4 SP:FF PPU: NOT IMPLEMENTED YET
C037  CA        DEX                             A:00 X:DD Y:0A P:A4 SP:FF PPU: NOT IMPLEMENTED YET
C038  D0 FA     BNE $C034                       A:00 X:DC Y:0A P:A4 SP:FF PPU: NOT IMPLEMENTED YET
C034  8D 07 20  STA $2007 = 00                  A:00 X:DC Y:0A P:A4 SP:FF PPU: NOT IMPLEMENTED YET
C037  CA        DEX                             A:00 X:DC Y:0A P:A4 SP:FF PPU: NOT IMPLEMENTED YET
C038  D0 FA     BNE $C034                       A:00 X:DB Y:0A P:A4 SP:FF PPU: NOT IMPLEMENTED YET
C034  8D 07 20  STA $2007 = 00                  A:00 X:DB Y:0A P:A4 SP:FF PPU: NOT IMPLEMENTED YET
C037  CA        DEX                             A:00 X:DB Y:0A P:A4 SP:FF PPU: NOT IMPLEMENTED YET
C038  D0 FA     BNE $C034                       A:00 X:DA Y:0A P:A4 SP:FF PPU: NOT IMPLEMENTED YET
C034  8D 07 20  STA $2007 = 00                  A:00 X:DA Y:0A P:A4 SP:FF PPU: NOT IMPLEMENTED YET
C037  CA        DEX                             A:00 X:DA Y:0A P:A4 SP:FF PPU: NOT IMPLEMENTED YET
C038  D0 FA     BNE $C034                       A:00 X:D9 Y:0A P:A4 SP:FF PPU: NOT IMPLEMENTED YET
C034  8D 07 20  STA $2007 = 00                  A:00 X:D9 Y:0A P:A4 SP:FF PPU: NOT IMPLEMENTED YET
C037  CA        DEX                             A:00 X:D9 Y:0A P:A4 SP:FF PPU: NOT IMPLEMENTED YET
C038  D0 FA     BNE $C034                       A:00 X:D8 Y:0A P:A4 SP:FF PPU: NOT IMPLEMENTED YET
C034  8D 07 20  STA $2007 = 00                  A:00 X:D8 Y:0A P:A4 SP:FF PPU: NOT IMPLEMENTED YET
C037  CA        DEX                             A:00 X:D8 Y:0A P:A4 SP:FF PPU: NOT IMPLEMENTED YET
C038  D0 FA     BNE $C034                       A:00 X:D7 Y:0A P:A4 SP:FF PPU: NOT IMPLEMENTED YET
C034  8D 07 20  STA $2007 = 00                  A:00 X:D7 Y:0A P:A4 SP:FF PPU: NOT IMPLEMENTED YET
C037  CA        DEX                             A:00 X:D7 Y:0A P:A4 SP:FF PPU: NOT IMPLEMENTED YET
C038  D0 FA     BNE $C034                       A:00 X:D6 Y:0A P:A4 SP:FF PPU: NOT IMPLEMENTED YET
C034  8D 07 20  STA $2007 = 00                  A:00 X:D6 Y:0A P:A4 SP:FF PPU: NOT IMPLEMENTED YET
C037  CA        DEX                             A:00 X:D6 Y:0A P:A4 SP:FF PPU: NOT IMPLEMENTED YET
C038  D0 FA     BNE $C034                       A:00 X:D5 Y:0A P:A4 SP:FF PPU: NOT IMPLEMENTED YET
C034  8D 07 20  STA $2007 = 00                  A:00 X:D5 Y:0A P:A4 SP:FF PPU: NOT IMPLEMENTED YET
C037  CA        DEX                             A:00 X:D5 Y:0A P:A4 SP:FF PPU: NOT IMPLEMENTED YET
C038  D0 FA     BNE $C034                       A:00 X:D4 Y:0A P:A4 SP:FF PPU: NOT IMPLEMENTED YET
C034  8D 07 20  STA $2007 = 00                  A:00 X:D4 Y:0A P:A4 SP:FF PPU: NOT IMPLEMENTED YET
C037  CA        DEX                             A:00 X:D4 Y:0A P:A4 SP:FF PPU: NOT IMPLEMENTED YET
C038  D0 FA     BNE $C034                       A:00 X:D3 Y:0A P:A4 SP:FF PPU: NOT IMPLEMENTED YET
C034  8D 07 20  STA $2007 = 00                  A:00 X:D3 Y:0A P:A4 SP:FF PPU: NOT IMPLEMENTED YET
C037  CA        DEX                             A:00 X:D3 Y:0A P:A4 SP:FF PPU: NOT IMPLEMENTED YET
C038  D0 FA     BNE $C034                       A:00 X:D2 Y:0A P:A4 SP:FF PPU: NOT IMPLEMENTED YET
C034  8D 07 20  STA $2007 = 00                  A:00 X:D2 Y:0A P:A4 SP:FF PPU: NOT IMPLEMENTED YET
C037  CA        DEX                             A:00 X:D2 Y:0A P:A4 SP:FF PPU: NOT IMPLEMENTED YET
C038  D0 FA     BNE $C034                       A:00 X:D1 Y:0A P:A4 SP:FF PPU: NOT IMPLEMENTED YET
C034  8D 07 20  STA $2007 = 00                  A:00 X:D1 Y:0A P:A4 SP:FF PPU: NOT IMPLEMENTED YET
C037  CA        DEX                             A:00 X:D1 Y:0A P:A4 SP:FF PPU: NOT IMPLEMENTED YET
C038  D0 FA     BNE $C034                       A:00 X:D0 Y:0A P:A4 SP:FF PPU: NOT IMPLEMENTED YET
C034  8D 07 20  STA $2007 = 00                  A:00 X:D0 Y:0A P:A4 SP:FF PPU: NOT IMPLEMENTED YET
C037  CA        DEX                             A:00 X:D0 Y:0A P:A4 SP:FF PPU: NOT IMPLEMENTED YET
C038  D0 FA     BNE $C034                       A:00 X:CF Y:0A P:A4 SP:FF PPU: NOT IMPLEMENTED YET
C034  8D 07 20  STA $2007 = 00                  A:00 X:CF Y:0A P:A4 SP:FF PPU: NOT IMPLEMENTED YET
C037  CA        DEX                             A:00 X:CF Y:0A P:A4 SP:FF PPU: NOT IMPLEMENTED YET
C038  D0 FA     BNE $C034                       A:00 X:CE Y:0A P:A4 SP:FF PPU: NOT IMPLEMENTED YET
C034  8D 07 20  STA $2007 = 00                  A:00 X:CE Y:0A P:A4 SP:FF PPU: NOT IMPLEMENTED YET
C037  CA        DEX                             A:00 X:CE Y:0A P:A4 SP:FF PPU: NOT IMPLEMENTED YET
C038  D0 FA     BNE $C034                       A:00 X:CD Y:0A P:A4 SP:FF PPU: NOT IMPLEMENTED YET
C034  8D 07 20  STA $2007 = 00                  A:00 X:CD Y:0A P:A4 SP:FF PPU: NOT IMPLEMENTED YET
C037  CA        DEX                             A:00 X:CD Y:0A P:A4 SP:FF PPU: NOT IMPLEMENTED YET
C038  D0 FA     BNE $C034                       A:00 X:CC Y:0A P:A4 SP:FF PPU: NOT IMPLEMENTED YET
C034  8D 07 20  STA $2007 = 00                  A:00 X:CC Y:0A P:A4 SP:FF PPU: NOT IMPLEMENTED YET
C037  CA        DEX                             A:00 X:CC Y:0A P:A4 SP:FF PPU: NOT IMPLEMENTED YET
C038  D0 FA     BNE $C034                       A:00 X:CB Y:0A P:A4 SP:FF PPU: NOT IMPLEMENTED YET
C034  8D 07 20  STA $2007 = 00                  A:00 X:CB Y:0A P:A4 SP:FF PPU: NOT IMPLEMENTED YET
C037  CA        DEX                             A:00 X:CB Y:0A P:A4 SP:FF PPU: NOT IMPLEMENTED YET
C038  D0 FA     BNE $C034                       A:00 X:CA Y:0A P:A4 SP:FF PPU: NOT IMPLEMENTED YET
C034  8D 07 20  STA $2007 = 00                  A:00 X:CA Y:0A P:A4 SP:FF PPU: NOT IMPLEMENTED YET
C037  CA        DEX                             A:00 X:CA Y:0A P:A4 SP:FF PPU: NOT IMPLEMENTED YET
C038  D0 FA     BNE $C034                       A:00 X:C9 Y:0A P:A4 SP:FF PPU: NOT IMPLEMENTED YET
C034  8D 07 20  STA $2007 = 00                  A:00 X:C9 Y:0A P:A4 SP:FF PPU: NOT IMPLEMENTED YET
C037  CA        DEX                             A:00 X:C9 Y:0A P:A4 SP:FF PPU: NOT IMPLEMENTED YET
C038  D0 FA     BNE $C034                       A:00 X:C8 Y:0A P:A4 SP:FF PPU: NOT IMPLEMENTED YET
C034  8D 07 20  STA $2007 = 00                  A:00 X:C8 Y:0A P:A4 SP:FF PPU: NOT IMPLEMENTED YET
C037  CA        DEX                             A:00 X:C8 Y:0A P:A4 SP:FF PPU: NOT IMPLEMENTED YET
C038  D0 FA     BNE $C034                       A:00 X:C7 Y:0A P:A4 SP:FF PPU: NOT IMPLEMENTED YET
C034  8D 07 20  STA $2007 = 00                  A:00 X:C7 Y:0A P:A4 SP:FF PPU: NOT IMPLEMENTED YET
C037  CA        DEX                             A:00 X:C7 Y:0A P:A4 SP:FF PPU: NOT IMPLEMENTED YET
C038  D0 FA     BNE $C034                       A:00 X:C6 Y:0A P:A4 SP:FF PPU: NOT IMPLEMENTED YET
C034  8D 07 20  STA $2007 = 00                  A:00 X:C6 Y:0A P:A4 SP:FF PPU: NOT IMPLEMENTED YET
C037  CA        DEX                             A:00 X:C6 Y:0A P:A4 SP:FF PPU: NOT IMPLEMENTED YET
C038  D0 FA     BNE $C034                       A:00 X:C5 Y:0A P:A4 SP:FF PPU: NOT IMPLEMENTED YET
C034  8D 07 20  STA $2007 = 00                  A:00 X:C5 Y:0A P:A4 SP:FF PPU: NOT IMPLEMENTED YET
C037  CA        DEX                             A:00 X:C5 Y:0A P:A4 SP:FF PPU: NOT IMPLEMENTED YET
C038  D0 FA     BNE $C034                       A:00 X:C4 Y:0A P:A4 SP:FF PPU: NOT IMPLEMENTED YET
C034  8D 07 20  STA $2007 = 00                  A:00 X:C4 Y:0A P:A4 SP:FF PPU: NOT IMPLEMENTED YET
C037  CA        DEX                             A:00 X:C4 Y:0A P:A4 SP:FF PPU: NOT IMPLEMENTED YET
C038  D0 FA     BNE $C034                       A:00 X:C3 Y:0A P:A4 SP:FF PPU: NOT IMPLEMENTED YET
C034  8D 07 20  STA $2007 = 00                  A:00 X:C3 Y:0A P:A4 SP:FF PPU: NOT IMPLEMENTED YET
C037  CA        DEX                             A:00 X:C3 Y:0A P:A4 SP:FF PPU: NOT IMPLEMENTED YET
C038  D0 FA     BNE $C034                       A:00 X:C2 Y:0A P:A4 SP:FF PPU: NOT IMPLEMENTED YET
C034  8D 07 20  STA $2007 = 00                  A:00 X:C2 Y:0A P:A4 SP:FF PPU: NOT IMPLEMENTED YET
C037  CA        DEX                             A:00 X:C2 Y:0A P:A4 SP:FF PPU: NOT IMPLEMENTED YET
C038  D0 FA     BNE $C034                       A:00 X:C1 Y:0A P:A4 SP:FF PPU: NOT IMPLEMENTED YET
C034  8D 07 20  STA $2007 = 00                  A:00 X:C1 Y:0A P:A4 SP:FF PPU: NOT IMPLEMENTED YET
C037  CA        DEX                             A:00 X:C1 Y:0A P:A4 SP:FF PPU: NOT IMPLEMENTED YET
C038  D0 FA     BNE $C034                       A:00 X:C0 Y:0A P:A4 SP:FF PPU: NOT IMPLEMENTED YET
C034  8D 07 20  STA $2007 = 00                  A:00 X:C0 Y:0A P:A4 SP:FF PPU: NOT IMPLEMENTED YET
C037  CA        DEX                             A:00 X:C0 Y:0A P:A4 SP:FF PPU: NOT IMPLEMENTED YET
C038  D0 FA     BNE $C034                       A:00 X:BF Y:0A P:A4 SP:FF PPU: NOT IMPLEMENTED YET
C034  8D 07 20  STA $2007 = 00                  A:00 X:BF Y:0A P:A4 SP:FF PPU: NOT IMPLEMENTED YET
C037  CA        DEX                             A:00 X:BF Y:0A P:A4 SP:FF PPU: NOT IMPLEMENTED YET
C038  D0 FA     BNE $C034                       A:00 X:BE Y:0A P:A4 SP:FF PPU: NOT IMPLEMENTED YET
C034  8D 07 20  STA $2007 = 00                  A:00 X:BE Y:0A P:A4 SP:FF PPU: NOT IMPLEMENTED YET
C037  CA        DEX                             A:00 X:BE Y:0A P:A4 SP:FF PPU: NOT IMPLEMENTED YET
C038  D0 FA     BNE $C034                       A:00 X:BD Y:0A P:A4 SP:FF PPU: NOT IMPLEMENTED YET
C034  8D 07 20  STA $2007 = 00                  A:00 X:BD Y:0A P:A4 SP:FF PPU: NOT IMPLEMENTED YET
C037  CA        DEX                             A:00 X:BD Y:0A P:A4 SP:FF PPU: NOT IMPLEMENTED YET
C038  D0 FA     BNE $C034                       A:00 X:BC Y:0A P:A4 SP:FF PPU: NOT IMPLEMENTED YET
C034  8D 07 20  STA $2007 = 00                  A:00 X:BC Y:0A P:A4 SP:FF PPU: NOT IMPLEMENTED YET
C037  CA        DEX                             A:00 X:BC Y:0A P:A4 SP:FF PPU: NOT IMPLEMENTED YET
C038  D0 FA     BNE $C034                       A:00 X:BB Y:0A P:A4 SP:FF PPU: NOT IMPLEMENTED YET
C034  8D 07 20  STA $2007 = 00                  A:00 X:BB Y:0A P:A4 SP:FF PPU: NOT IMPLEMENTED YET
C037  CA        DEX                             A:00 X:BB Y:0A P:A4 SP:FF PPU: NOT IMPLEMENTED YET
C038  D0 FA     BNE $C034                       A:00 X:BA Y:0A P:A4 SP:FF PPU: NOT IMPLEMENTED YET
C034  8D 07 20  STA $2007 = 00                  A:00 X:BA Y:0A P:A4 SP:FF PPU: NOT IMPLEMENTED YET
C037  CA        DEX                             A:00 X:BA Y:0A P:A4 SP:FF PPU: NOT IMPLEMENTED YET
C038  D0 FA     BNE $C034                       A:00 X:B9 Y:0A P:A4 SP:FF PPU: NOT IMPLEMENTED YET
C034  8D 07 20  STA $2007 = 00                  A:00 X:B9 Y:0A P:A4 SP:FF PPU: NOT IMPLEMENTED YET
C037  CA        DEX                             A:00 X:B9 Y:0A P:A4 SP:FF PPU: NOT IMPLEMENTED YET
C038  D0 FA     BNE $C034                       A:00 X:B8 Y:0A P:A4 SP:FF PPU: NOT IMPLEMENTED YET
C034  8D 07 20  STA $2007 = 00                  A:00 X:B8 Y:0A P:A4 SP:FF PPU: NOT IMPLEMENTED YET
C037  CA        DEX                             A:00 X:B8 Y:0A P:A4 SP:FF PPU: NOT IMPLEMENTED YET
C038  D0 FA     BNE $C034                       A:00 X:B7 Y:0A P:A4 SP:FF PPU: NOT IMPLEMENTED YET
C034  8D 07 20  STA $2007 = 00                  A:00 X:B7 Y:0A P:A4 SP:FF PPU: NOT IMPLEMENTED YET
C037  CA        DEX                             A:00 X:B7 Y:0A P:A4 SP:FF PPU: NOT IMPLEMENTED YET
C038  D0 FA     BNE $C034                       A:00 X:B6 Y:0A P:A4 SP:FF PPU: NOT IMPLEMENTED YET
C034  8D 07 20  STA $2007 = 00                  A:00 X:B6 Y:0A P:A4 SP:FF PPU: NOT IMPLEMENTED YET
C037  CA        DEX                             A:00 X:B6 Y:0A P:A4 SP:FF PPU: NOT IMPLEMENTED YET
C038  D0 FA     BNE $C034                       A:00 X:B5 Y:0A P:A4 SP:FF PPU: NOT IMPLEMENTED YET
C034  8D 07 20  STA $2007 = 00                  A:00 X:B5 Y:0A P:A4 SP:FF PPU: NOT IMPLEMENTED YET
C037  CA        DEX                             A:00 X:B5 Y:0A P:A4 SP:FF PPU: NOT IMPLEMENTED YET
C038  D0 FA     BNE $C034                       A:00 X:B4 Y:0A P:A4 SP:FF PPU: NOT IMPLEMENTED YET
C034  8D 07 20  STA $2007 = 00                  A:00 X:B4 Y:0A P:A4 SP:FF PPU: NOT IMPLEMENTED YET
C037  CA        DEX                             A:00 X:B4 Y:0A P:A4 SP:FF PPU: NOT IMPLEMENTED YET
C038  D0 FA     BNE $C034                       A:00 X:B3 Y:0A P:A4 SP:FF PPU: NOT IMPLEMENTED YET
C034  8D 07 20  STA $2007 = 00                  A:00 X:B3 Y:0A P:A4 SP:FF PPU: NOT IMPLEMENTED YET
C037  CA        DEX                             A:00 X:B3 Y:0A P:A4 SP:FF PPU: NOT IMPLEMENTED YET
C038  D0 FA     BNE $C034                       A:00 X:B2 Y:0A P:A4 SP:FF PPU: NOT IMPLEMENTED YET
C034  8D 07 20  STA $2007 = 00                  A:00 X:B2 Y:0A P:A4 SP:FF PPU: NOT IMPLEMENTED YET
C037  CA        DEX                             A:00 X:B2 Y:0A P:A4 SP:FF PPU: NOT IMPLEMENTED YET
C038  D0 FA     BNE $C034                       A:00 X:B1 Y:0A P:A4 SP:FF PPU: NOT IMPLEMENTED YET
C034  8D 07 20  STA $2007 = 00                  A:00 X:B1 Y:0A P:A4 SP:FF PPU: NOT IMPLEMENTED YET
C037  CA        DEX                             A:00 X:B1 Y:0A P:A4 SP:FF PPU: NOT IMPLEMENTED YET
C038  D0 FA     BNE $C034                       A:00 X:B0 Y:0A P:A4 SP:FF PPU: NOT IMPLEMENTED YET
C034  8D 07 20  STA $2007 = 00                  A:00 X:B0 Y:0A P:A4 SP:FF PPU: NOT IMPLEMENTED YET
C037  CA        DEX                             A:00 X:B0 Y:0A P:A4 SP:FF PPU: NOT IMPLEMENTED YET
C038  D0 FA     BNE $C034                       A:00 X:AF Y:0A P:A4 SP:FF PPU: NOT IMPLEMENTED YET
C034  8D 07 20  STA $2007 = 00                  A:00 X:AF Y:0A P:A4 SP:FF PPU: NOT IMPLEMENTED YET
C037  CA        DEX                             A:00 X:AF Y:0A P:A4 SP:FF PPU: NOT IMPLEMENTED YET
C038  D0 FA     BNE $C034                       A:00 X:AE Y:0A P:A4 SP:FF PPU: NOT IMPLEMENTED YET
C034  8D 07 20  STA $2007 = 00                  A:00 X:AE Y:0A P:A4 SP:FF PPU: NOT IMPLEMENTED YET
C037  CA        DEX                             A:00 X:AE Y:0A P:A4 SP:FF PPU: NOT IMPLEMENTED YET
C038  D0 FA     BNE $C034                       A:00 X:AD Y:0A P:A4 SP:FF PPU: NOT IMPLEMENTED YET
C034  8D 07 20  STA $2007 = 00                  A:00 X:AD Y:0A P:A4 SP:FF PPU: NOT IMPLEMENTED YET
C037  CA        DEX                             A:00 X:AD Y:0A P:A4 SP:FF PPU: NOT IMPLEMENTED YET
C038  D0 FA     BNE $C034                       A:00 X:AC Y:0A P:A4 SP:FF PPU: NOT IMPLEMENTED YET
C034  8D 07 20  STA $2007 = 00                  A:00 X:AC Y:0A P:A4 SP:FF PPU: NOT IMPLEMENTED YET
C037  CA        DEX                             A:00 X:AC Y:0A P:A4 SP:FF PPU: NOT IMPLEMENTED YET
C038  D0 FA     BNE $C034                       A:00 X:AB Y:0A P:A4 SP:FF PPU: NOT IMPLEMENTED YET
C034  8D 07 20  STA $2007 = 00                  A:00 X:AB Y:0A P:A4 SP:FF PPU: NOT IMPLEMENTED YET
C037  CA        DEX                             A:00 X:AB Y:0A P:A4 SP:FF PPU: NOT IMPLEMENTED YET
C038  D0 FA     BNE $C034                       A:00 X:AA Y:0A P:A4 SP:FF PPU: NOT IMPLEMENTED YET
C034  8D 07 20  STA $2007 = 00                  A:00 X:AA Y:0A P:A4 SP:FF PPU: NOT IMPLEMENTED YET
C037  CA        DEX                             A:00 X:AA Y:0A P:A4 SP:FF PPU: NOT IMPLEMENTED YET
C038  D0 FA     BNE $C034                       A:00 X:A9 Y:0A P:A4 SP:FF PPU: NOT IMPLEMENTED YET
C034  8D 07 20  STA $2007 = 00                  A:00 X:A9 Y:0A P:A4 SP:FF PPU: NOT IMPLEMENTED YET
C037  CA        DEX                             A:00 X:A9 Y:0A P:A4 SP:FF PPU: NOT IMPLEMENTED YET
C038  D0 FA     BNE $C034                       A:00 X:A8 Y:0A P:A4 SP:FF PPU: NOT IMPLEMENTED YET
C034  8D 07 20  STA $2007 = 00                  A:00 X:A8 Y:0A P:A4 SP:FF PPU: NOT IMPLEMENTED YET
C037  CA        DEX                             A:00 X:A8 Y:0A P:A4 SP:FF PPU: NOT IMPLEMENTED YET
C038  D0 FA     BNE $C034                       A:00 X:A7 Y:0A P:A4 SP:FF PPU: NOT IMPLEMENTED YET
C034  8D 07 20  STA $2007 = 00                  A:00 X:A7 Y:0A P:A4 SP:FF PPU: NOT IMPLEMENTED YET
C037  CA        DEX                             A:00 X:A7 Y:0A P:A4 SP:FF PPU: NOT IMPLEMENTED YET
C038  D0 FA     BNE $C034                       A:00 X:A6 Y:0A P:A4 SP:FF PPU: NOT IMPLEMENTED YET
C034  8D 07 20  STA $2007 = 00                  A:00 X:A6 Y:0A P:A4 SP:FF PPU: NOT IMPLEMENTED YET
C037  CA        DEX                             A:00 X:A6 Y:0A P:A4 SP:FF PPU: NOT IMPLEMENTED YET
C038  D0 FA     BNE $C034                       A:00 X:A5 Y:0A P:A4 SP:FF PPU: NOT IMPLEMENTED YET
C034  8D 07 20  STA $2007 = 00                  A:00 X:A5 Y:0A P:A4 SP:FF PPU: NOT IMPLEMENTED YET
C037  CA        DEX                             A:00 X:A5 Y:0A P:A4 SP:FF PPU: NOT IMPLEMENTED YET
C038  D0 FA     BNE $C034                       A:00 X:A4 Y:0A P:A4 SP:FF PPU: NOT IMPLEMENTED YET
C034  8D 07 20  STA $2007 = 00                  A:00 X:A4 Y:0A P:A4 SP:FF PPU: NOT IMPLEMENTED YET
C037  CA        DEX                             A:00 X:A4 Y:0A P:A4 SP:FF PPU: NOT IMPLEMENTED YET
C038  D0 FA     BNE $C034                       A:00 X:A3 Y:0A P:A4 SP:FF PPU: NOT IMPLEMENTED YET
C034  8D 07 20  STA $2007 = 00                  A:00 X:A3 Y:0A P:A4 SP:FF PPU: NOT IMPLEMENTED YET
C037  CA        DEX                             A:00 X:A3 Y:0A P:A4 SP:FF PPU: NOT IMPLEMENTED YET
C038  D0 FA     BNE $C034                       A:00 X:A2 Y:0A P:A4 SP:FF PPU: NOT IMPLEMENTED YET
C034  8D 07 20  STA $2007 = 00                  A:00 X:A2 Y:0A P:A4 SP:FF PPU: NOT IMPLEMENTED YET
C037  CA        DEX                             A:00 X:A2 Y:0A P:A4 SP:FF PPU: NOT IMPLEMENTED YET
C038  D0 FA     BNE $C034                       A:00 X:A1 Y:0A P:A4 SP:FF PPU: NOT IMPLEMENTED YET
C034  8D 07 20  STA $2007 = 00                  A:00 X:A1 Y:0A P:A4 SP:FF PPU: NOT IMPLEMENTED YET
C037  CA        DEX                             A:00 X:A1 Y:0A P:A4 SP:FF PPU: NOT IMPLEMENTED YET
C038  D0 FA     BNE $C034                       A:00 X:A0 Y:0A P:A4 SP:FF PPU: NOT IMPLEMENTED YET
C034  8D 07 20  STA $2007 = 00                  A:00 X:A0 Y:0A P:A4 SP:FF PPU: NOT IMPLEMENTED YET
C037  CA        DEX                             A:00 X:A0 Y:0A P:A4 SP:FF PPU: NOT IMPLEMENTED YET
C038  D0 FA     BNE $C034                       A:00 X:9F Y:0A P:A4 SP:FF PPU: NOT IMPLEMENTED YET
C034  8D 07 20  STA $2007 = 00                  A:00 X:9F Y:0A P:A4 SP:FF PPU: NOT IMPLEMENTED YET
C037  CA        DEX                             A:00 X:9F Y:0A P:A4 SP:FF PPU: NOT IMPLEMENTED YET
C038  D0 FA     BNE $C034                       A:00 X:9E Y:0A P:A4 SP:FF PPU: NOT IMPLEMENTED YET
C034  8D 07 20  STA $2007 = 00                  A:00 X:9E Y:0A P:A4 SP:FF PPU: NOT IMPLEMENTED YET
C037  CA        DEX                             A:00 X:9E Y:0A P:A4 SP:FF PPU: NOT IMPLEMENTED YET
C038  D0 FA     BNE $C034                       A:00 X:9D Y:0A P:A4 SP:FF PPU: NOT IMPLEMENTED YET
C034  8D 07 20  STA $2007 = 00                  A:00 X:9D Y:0A P:A4 SP:FF PPU: NOT IMPLEMENTED YET
C037  CA        DEX                             A:00 X:9D Y:0A P:A4 SP:FF PPU: NOT IMPLEMENTED YET
C038  D0 FA     BNE $C034                       A:00 X:9C Y:0A P:A4 SP:FF PPU: NOT IMPLEMENTED YET
C034  8D 07 20  STA $2007 = 00                  A:00 X:9C Y:0A P:A4 SP:FF PPU: NOT IMPLEMENTED YET
C037  CA        DEX                             A:00 X:9C Y:0A P:A4 SP:FF PPU: NOT IMPLEMENTED YET
C038  D0 FA     BNE $C034                       A:00 X:9B Y:0A P:A4 SP:FF PPU: NOT IMPLEMENTED YET
C034  8D 07 20  STA $2007 = 00                  A:00 X:9B Y:0A P:A4 SP:FF PPU: NOT IMPLEMENTED YET
C037  CA        DEX                             A:00 X:9B Y:0A P:A4 SP:FF PPU: NOT IMPLEMENTED YET
C038  D0 FA     BNE $C034                       A:00 X:9A Y:0A P:A4 SP:FF PPU: NOT IMPLEMENTED YET
C034  8D 07 20  STA $2007 = 00                  A:00 X:9A Y:0A P:A4 SP:FF PPU: NOT IMPLEMENTED YET
C037  CA        DEX                             A:00 X:9A Y:0A P:A4 SP:FF PPU: NOT IMPLEMENTED YET
C038  D0 FA     BNE $C034                       A:00 X:99 Y:0A P:A4 SP:FF PPU: NOT IMPLEMENTED YET
C034  8D 07 20  STA $2007 = 00                  A:00 X:99 Y:0A P:A4 SP:FF PPU: NOT IMPLEMENTED YET
C037  CA        DEX                             A:00 X:99 Y:0A P:A4 SP:FF PPU: NOT IMPLEMENTED YET
C038  D0 FA     BNE $C034                       A:00 X:98 Y:0A P:A4 SP:FF PPU: NOT IMPLEMENTED YET
C034  8D 07 20  STA $2007 = 00                  A:00 X:98 Y:0A P:A4 SP:FF PPU: NOT IMPLEMENTED YET
C037  CA        DEX                             A:00 X:98 Y:0A P:A4 SP:FF PPU: NOT IMPLEMENTED YET
C038  D0 FA     BNE $C034                       A:00 X:97 Y:0A P:A4 SP:FF PPU: NOT IMPLEMENTED YET
C034  8D 07 20  STA $2007 = 00                  A:00 X:97 Y:0A P:A4 SP:FF PPU: NOT IMPLEMENTED YET
C037  CA        DEX                             A:00 X:97 Y:0A P:A4 SP:FF PPU: NOT IMPLEMENTED YET
C038  D0 FA     BNE $C034                       A:00 X:96 Y:0A P:A4 SP:FF PPU: NOT IMPLEMENTED YET
C034  8D 07 20  STA $2007 = 00                  A:00 X:96 Y:0A P:A4 SP:FF PPU: NOT IMPLEMENTED YET
C037  CA        DEX                             A:00 X:96 Y:0A P:A4 SP:FF PPU: NOT IMPLEMENTED YET
C038  D0 FA     BNE $C034                       A:00 X:95 Y:0A P:A4 SP:FF PPU: NOT IMPLEMENTED YET
C034  8D 07 20  STA $2007 = 00                  A:00 X:95 Y:0A P:A4 SP:FF PPU: NOT IMPLEMENTED YET
C037  CA        DEX                             A:00 X:95 Y:0A P:A4 SP:FF PPU: NOT IMPLEMENTED YET
C038  D0 FA     BNE $C034                       A:00 X:94 Y:0A P:A4 SP:FF PPU: NOT IMPLEMENTED YET
C034  8D 07 20  STA $2007 = 00                  A:00 X:94 Y:0A P:A4 SP:FF PPU: NOT IMPLEMENTED YET
C037  CA        DEX                             A:00 X:94 Y:0A P:A4 SP:FF PPU: NOT IMPLEMENTED YET
C038  D0 FA     BNE $C034                       A:00 X:93 Y:0A P:A4 SP:FF PPU: NOT IMPLEMENTED YET
C034  8D 07 20  STA $2007 = 00                  A:00 X:93 Y:0A P:A4 SP:FF PPU: NOT IMPLEMENTED YET
C037  CA        DEX                             A:00 X:93 Y:0A P:A4 SP:FF PPU: NOT IMPLEMENTED YET
C038  D0 FA     BNE $C034                       A:00 X:92 Y:0A P:A4 SP:FF PPU: NOT IMPLEMENTED YET
C034  8D 07 20  STA $2007 = 00                  A:00 X:92 Y:0A P:A4 SP:FF PPU: NOT IMPLEMENTED YET
C037  CA        DEX                             A:00 X:92 Y:0A P:A4 SP:FF PPU: NOT IMPLEMENTED YET
C038  D0 FA     BNE $C034                       A:00 X:91 Y:0A P:A4 SP:FF PPU: NOT IMPLEMENTED YET
C034  8D 07 20  STA $2007 = 00                  A:00 X:91 Y:0A P:A4 SP:FF PPU: NOT IMPLEMENTED YET
C037  CA        DEX                             A:00 X:91 Y:0A P:A4 SP:FF PPU: NOT IMPLEMENTED YET
C038  D0 FA     BNE $C034                       A:00 X:90 Y:0A P:A4 SP:FF PPU: NOT IMPLEMENTED YET
C034  8D 07 20  STA $2007 = 00                  A:00 X:90 Y:0A P:A4 SP:FF PPU: NOT IMPLEMENTED YET
C037  CA        DEX                             A:00 X:90 Y:0A P:A4 SP:FF PPU: NOT IMPLEMENTED YET
C038  D0 FA     BNE $C034                       A:00 X:8F Y:0A P:A4 SP:FF PPU: NOT IMPLEMENTED YET
C034  8D 07 20  STA $2007 = 00                  A:00 X:8F Y:0A P:A4 SP:FF PPU: NOT IMPLEMENTED YET
C037  CA        DEX                             A:00 X:8F Y:0A P:A4 SP:FF PPU: NOT IMPLEMENTED YET
C038  D0 FA     BNE $C034                       A:00 X:8E Y:0A P:A4 SP:FF PPU: NOT IMPLEMENTED YET
C034  8D 07 20  STA $2007 = 00                  A:00 X:8E Y:0A P:A4 SP:FF PPU: NOT IMPLEMENTED YET
C037  CA        DEX                             A:00 X:8E Y:0A P:A4 SP:FF PPU: NOT IMPLEMENTED YET
C038  D0 FA     BNE $C034                       A:00 X:8D Y:0A P:A4 SP:FF PPU: NOT IMPLEMENTED YET
C034  8D 07 20  STA $2007 = 00                  A:00 X:8D Y:0A P:A4 SP:FF PPU: NOT IMPLEMENTED YET
C037  CA        DEX                             A:00 X:8D Y:0A P:A4 SP:FF PPU: NOT IMPLEMENTED YET
C038  D0 FA     BNE $C034                       A:00 X:8C Y:0A P:A4 SP:FF PPU: NOT IMPLEMENTED YET
C034  8D 07 20  STA $2007 = 00                  A:00 X:8C Y:0A P:A4 SP:FF PPU: NOT IMPLEMENTED YET
C037  CA        DEX                             A:00 X:8C Y:0A P:A4 SP:FF PPU: NOT IMPLEMENTED YET
C038  D0 FA     BNE $C034                       A:00 X:8B Y:0A P:A4 SP:FF PPU: NOT IMPLEMENTED YET
C034  8D 07 20  STA $2007 = 00                  A:00 X:8B Y:0A P:A4 SP:FF PPU: NOT IMPLEMENTED YET
C037  CA        DEX                             A:00 X:8B Y:0A P:A4 SP:FF PPU: NOT IMPLEMENTED YET
C038  D0 FA     BNE $C034                       A:00 X:8A Y:0A P:A4 SP:FF PPU: NOT IMPLEMENTED YET
C034  8D 07 20  STA $2007 = 00                  A:00 X:8A Y:0A P:A4 SP:FF PPU: NOT IMPLEMENTED YET
C037  CA        DEX                             A:00 X:8A Y:0A P:A4 SP:FF PPU: NOT IMPLEMENTED YET
C038  D0 FA     BNE $C034                       A:00 X:89 Y:0A P:A4 SP:FF PPU: NOT IMPLEMENTED YET
C034  8D 07 20  STA $2007 = 00                  A:00 X:89 Y:0A P:A4 SP:FF PPU: NOT IMPLEMENTED YET
C037  CA        DEX                             A:00 X:89 Y:0A P:A4 SP:FF PPU: NOT IMPLEMENTED YET
C038  D0 FA     BNE $C034                       A:00 X:88 Y:0A P:A4 SP:FF PPU: NOT IMPLEMENTED YET
C034  8D 07 20  STA $2007 = 00                  A:00 X:88 Y:0A P:A4 SP:FF PPU: NOT IMPLEMENTED YET
C037  CA        DEX                             A:00 X:88 Y:0A P:A4 SP:FF PPU: NOT IMPLEMENTED YET
C038  D0 FA     BNE $C034                       A:00 X:87 Y:0A P:A4 SP:FF PPU: NOT IMPLEMENTED YET
C034  8D 07 20  STA $2007 = 00                  A:00 X:87 Y:0A P:A4 SP:FF PPU: NOT IMPLEMENTED YET
C037  CA        DEX                             A:00 X:87 Y:0A P:A4 SP:FF PPU: NOT IMPLEMENTED YET
C038  D0 FA     BNE $C034                       A:00 X:86 Y:0A P:A4 SP:FF PPU: NOT IMPLEMENTED YET
C034  8D 07 20  STA $2007 = 00                  A:00 X:86 Y:0A P:A4 SP:FF PPU: NOT IMPLEMENTED YET
C037  CA        DEX                             A:00 X:86 Y:0A P:A4 SP:FF PPU: NOT IMPLEMENTED YET
C038  D0 FA     BNE $C034                       A:00 X:85 Y:0A P:A4 SP:FF PPU: NOT IMPLEMENTED YET
C034  8D 07 20  STA $2007 = 00                  A:00 X:85 Y:0A P:A4 SP:FF PPU: NOT IMPLEMENTED YET
C037  CA        DEX                             A:00 X:85 Y:0A P:A4 SP:FF PPU: NOT IMPLEMENTED YET
C038  D0 FA     BNE $C034                       A:00 X:84 Y:0A P:A4 SP:FF PPU: NOT IMPLEMENTED YET
C034  8D 07 20  STA $2007 = 00                  A:00 X:84 Y:0A P:A4 SP:FF PPU: NOT IMPLEMENTED YET
C037  CA        DEX                             A:00 X:84 Y:0A P:A4 SP:FF PPU: NOT IMPLEMENTED YET
C038  D0 FA     BNE $C034                       A:00 X:83 Y:0A P:A4 SP:FF PPU: NOT IMPLEMENTED YET
C034  8D 07 20  STA $2007 = 00                  A:00 X:83 Y:0A P:A4 SP:FF PPU: NOT IMPLEMENTED YET
C037  CA        DEX                             A:00 X:83 Y:0A P:A4 SP:FF PPU: NOT IMPLEMENTED YET
C038  D0 FA     BNE $C034                       A:00 X:82 Y:0A P:A4 SP:FF PPU: NOT IMPLEMENTED YET
C034  8D 07 20  STA $2007 = 00                  A:00 X:82 Y:0A P:A4 SP:FF PPU: NOT IMPLEMENTED YET
C037  CA        DEX                             A:00 X:82 Y:0A P:A4 SP:FF PPU: NOT IMPLEMENTED YET
C038  D0 FA     BNE $C034                       A:00 X:81 Y:0A P:A4 SP:FF PPU: NOT IMPLEMENTED YET
C034  8D 07 20  STA $2007 = 00                  A:00 X:81 Y:0A P:A4 SP:FF PPU: NOT IMPLEMENTED YET
C037  CA        DEX                             A:00 X:81 Y:0A P:A4 SP:FF PPU: NOT IMPLEMENTED YET
C038  D0 FA     BNE $C034                       A:00 X:80 Y:0A P:A4 SP:FF PPU: NOT IMPLEMENTED YET
C034  8D 07 20  STA $2007 = 00                  A:00 X:80 Y:0A P:A4 SP:FF PPU: NOT IMPLEMENTED YET
C037  CA        DEX                             A:00 X:80 Y:0A P:A4 SP:FF PPU: NOT IMPLEMENTED YET
C038  D0 FA     BNE $C034                       A:00 X:7F Y:0A P:24 SP:FF PPU: NOT IMPLEMENTED YET
C034  8D 07 20  STA $2007 = 00                  A:00 X:7F Y:0A P:24 SP:FF PPU: NOT IMPLEMENTED YET
C037  CA        DEX                             A:00 X:7F Y:0A P:24 SP:FF PPU: NOT IMPLEMENTED YET
C038  D0 FA     BNE $C034                       A:00 X:7E Y:0A P:24 SP:FF PPU: NOT IMPLEMENTED YET
C034  8D 07 20  STA $2007 = 00                  A:00 X:7E Y:0A P:24 SP:FF PPU: NOT IMPLEMENTED YET
C037  CA        DEX                             A:00 X:7E Y:0A P:24 SP:FF PPU: NOT IMPLEMENTED YET
C038  D0 FA     BNE $C034                       A:00 X:7D Y:0A P:24 SP:FF PPU: NOT IMPLEMENTED YET
C034  8D 07 20  STA $2007 = 00                  A:00 X:7D Y:0A P:24 SP:FF PPU: NOT IMPLEMENTED YET
C037  CA        DEX                             A:00 X:7D Y:0A P:24 SP:FF PPU: NOT IMPLEMENTED YET
C038  D0 FA     BNE $C034                       A:00 X:7C Y:0A P:24 SP:FF PPU: NOT IMPLEMENTED YET
C034  8D 07 20  STA $2007 = 00                  A:00 X:7C Y:0A P:24 SP:FF PPU: NOT IMPLEMENTED YET
C037  CA        DEX                             A:00 X:7C Y:0A P:24 SP:FF PPU: NOT IMPLEMENTED YET
C038  D0 FA     BNE $C034                       A:00 X:7B Y:0A P:24 SP:FF PPU: NOT IMPLEMENTED YET
C034  8D 07 20  STA $2007 = 00                  A:00 X:7B Y:0A P:24 SP:FF PPU: NOT IMPLEMENTED YET
C037  CA        DEX                             A:00 X:7B Y:0A P:24 SP:FF PPU: NOT IMPLEMENTED YET
C038  D0 FA     BNE $C034                       A:00 X:7A Y:0A P:24 SP:FF PPU: NOT IMPLEMENTED YET
C034  8D 07 20  STA $2007 = 00                  A:00 X:7A Y:0A P:24 SP:FF PPU: NOT IMPLEMENTED YET
C037  CA        DEX                             A:00 X:7A Y:0A P:24 SP:FF PPU: NOT IMPLEMENTED YET
C038  D0 FA     BNE $C034                       A:00 X:79 Y:0A P:24 SP:FF PPU: NOT IMPLEMENTED YET
C034  8D 07 20  STA $2007 = 00                  A:00 X:79 Y:0A P:24 SP:FF PPU: NOT IMPLEMENTED YET
C037  CA        DEX                             A:00 X:79 Y:0A P:24 SP:FF PPU: NOT IMPLEMENTED YET
C038  D0 FA     BNE $C034                       A:00 X:78 Y:0A P:24 SP:FF PPU: NOT IMPLEMENTED YET
C034  8D 07 20  STA $2007 = 00                  A:00 X:78 Y:0A P:24 SP:FF PPU: NOT IMPLEMENTED YET
C037  CA        DEX                             A:00 X:78 Y:0A P:24 SP:FF PPU: NOT IMPLEMENTED YET
C038  D0 FA     BNE $C034                       A:00 X:77 Y:0A P:24 SP:FF PPU: NOT IMPLEMENTED YET
C034  8D 07 20  STA $2007 = 00                  A:00 X:77 Y:0A P:24 SP:FF PPU: NOT IMPLEMENTED YET
C037  CA        DEX                             A:00 X:77 Y:0A P:24 SP:FF PPU: NOT IMPLEMENTED YET
C038  D0 FA     BNE $C034                       A:00 X:76 Y:0A P:24 SP:FF PPU: NOT IMPLEMENTED YET
C034  8D 07 20  STA $2007 = 00                  A:00 X:76 Y:0A P:24 SP:FF PPU: NOT IMPLEMENTED YET
C037  CA        DEX                             A:00 X:76 Y:0A P:24 SP:FF PPU: NOT IMPLEMENTED YET
C038  D0 FA     BNE $C034                       A:00 X:75 Y:0A P:24 SP:FF PPU: NOT IMPLEMENTED YET
C034  8D 07 20  STA $2007 = 00                  A:00 X:75 Y:0A P:24 SP:FF PPU: NOT IMPLEMENTED YET
C037  CA        DEX                             A:00 X:75 Y:0A P:24 SP:FF PPU: NOT IMPLEMENTED YET
C038  D0 FA     BNE $C034                       A:00 X:74 Y:0A P:24 SP:FF PPU: NOT IMPLEMENTED YET
C034  8D 07 20  STA $2007 = 00                  A:00 X:74 Y:0A P:24 SP:FF PPU: NOT IMPLEMENTED YET
C037  CA        DEX                             A:00 X:74 Y:0A P:24 SP:FF PPU: NOT IMPLEMENTED YET
C038  D0 FA     BNE $C034                       A:00 X:73 Y:0A P:24 SP:FF PPU: NOT IMPLEMENTED YET
C034  8D 07 20  STA $2007 = 00                  A:00 X:73 Y:0A P:24 SP:FF PPU: NOT IMPLEMENTED YET
C037  CA        DEX                             A:00 X:73 Y:0A P:24 SP:FF PPU: NOT IMPLEMENTED YET
C038  D0 FA     BNE $C034                       A:00 X:72 Y:0A P:24 SP:FF PPU: NOT IMPLEMENTED YET
C034  8D 07 20  STA $2007 = 00                  A:00 X:72 Y:0A P:24 SP:FF PPU: NOT IMPLEMENTED YET
C037  CA        DEX                             A:00 X:72 Y:0A P:24 SP:FF PPU: NOT IMPLEMENTED YET
C038  D0 FA     BNE $C034                       A:00 X:71 Y:0A P:24 SP:FF PPU: NOT IMPLEMENTED YET
C034  8D 07 20  STA $2007 = 00                  A:00 X:71 Y:0A P:24 SP:FF PPU: NOT IMPLEMENTED YET
C037  CA        DEX                             A:00 X:71 Y:0A P:24 SP:FF PPU: NOT IMPLEMENTED YET
C038  D0 FA     BNE $C034                       A:00 X:70 Y:0A P:24 SP:FF PPU: NOT IMPLEMENTED YET
C034  8D 07 20  STA $2007 = 00                  A:00 X:70 Y:0A P:24 SP:FF PPU: NOT IMPLEMENTED YET
C037  CA        DEX                             A:00 X:70 Y:0A P:24 SP:FF PPU: NOT IMPLEMENTED YET
C038  D0 FA     BNE $C034                       A:00 X:6F Y:0A P:24 SP:FF PPU: NOT IMPLEMENTED YET
C034  8D 07 20  STA $2007 = 00                  A:00 X:6F Y:0A P:24 SP:FF PPU: NOT IMPLEMENTED YET
C037  CA        DEX                             A:00 X:6F Y:0A P:24 SP:FF PPU: NOT IMPLEMENTED YET
C038  D0 FA     BNE $C034                       A:00 X:6E Y:0A P:24 SP:FF PPU: NOT IMPLEMENTED YET
C034  8D 07 20  STA $2007 = 00                  A:00 X:6E Y:0A P:24 SP:FF PPU: NOT IMPLEMENTED YET
C037  CA        DEX                             A:00 X:6E Y:0A P:24 SP:FF PPU: NOT IMPLEMENTED YET
C038  D0 FA     BNE $C034                       A:00 X:6D Y:0A P:24 SP:FF PPU: NOT IMPLEMENTED YET
C034  8D 07 20  STA $2007 = 00                  A:00 X:6D Y:0A P:24 SP:FF PPU: NOT IMPLEMENTED YET
C037  CA        DEX                             A:00 X:6D Y:0A P:24 SP:FF PPU: NOT IMPLEMENTED YET
C038  D0 FA     BNE $C034                       A:00 X:6C Y:0A P:24 SP:FF PPU: NOT IMPLEMENTED YET
C034  8D 07 20  STA $2007 = 00                  A:00 X:6C Y:0A P:24 SP:FF PPU: NOT IMPLEMENTED YET
C037  CA        DEX                             A:00 X:6C Y:0A P:24 SP:FF PPU: NOT IMPLEMENTED YET
C038  D0 FA     BNE $C034                       A:00 X:6B Y:0A P:24 SP:FF PPU: NOT IMPLEMENTED YET
C034  8D 07 20  STA $2007 = 00                  A:00 X:6B Y:0A P:24 SP:FF PPU: NOT IMPLEMENTED YET
C037  CA        DEX                             A:00 X:6B Y:0A P:24 SP:FF PPU: NOT IMPLEMENTED YET
C038  D0 FA     BNE $C034                       A:00 X:6A Y:0A P:24 SP:FF PPU: NOT IMPLEMENTED YET
C034  8D 07 20  STA $2007 = 00                  A:00 X:6A Y:0A P:24 SP:FF PPU: NOT IMPLEMENTED YET
C037  CA        DEX                             A:00 X:6A Y:0A P:24 SP:FF PPU: NOT IMPLEMENTED YET
C038  D0 FA     BNE $C034                       A:00 X:69 Y:0A P:24 SP:FF PPU: NOT IMPLEMENTED YET
C034  8D 07 20  STA $2007 = 00                  A:00 X:69 Y:0A P:24 SP:FF PPU: NOT IMPLEMENTED YET
C037  CA        DEX                             A:00 X:69 Y:0A P:24 SP:FF PPU: NOT IMPLEMENTED YET
C038  D0 FA     BNE $C034                       A:00 X:68 Y:0A P:24 SP:FF PPU: NOT IMPLEMENTED YET
C034  8D 07 20  STA $2007 = 00                  A:00 X:68 Y:0A P:24 SP:FF PPU: NOT IMPLEMENTED YET
C037  CA        DEX                             A:00 X:68 Y:0A P:24 SP:FF PPU: NOT IMPLEMENTED YET
C038  D0 FA     BNE $C034                       A:00 X:67 Y:0A P:24 SP:FF PPU: NOT IMPLEMENTED YET
C034  8D 07 20  STA $2007 = 00                  A:00 X:67 Y:0A P:24 SP:FF PPU: NOT IMPLEMENTED YET
C037  CA        DEX                             A:00 X:67 Y:0A P:24 SP:FF PPU: NOT IMPLEMENTED YET
C038  D0 FA     BNE $C034                       A:00 X:66 Y:0A P:24 SP:FF PPU: NOT IMPLEMENTED YET
C034  8D 07 20  STA $2007 = 00                  A:00 X:66 Y:0A P:24 SP:FF PPU: NOT IMPLEMENTED YET
C037  CA        DEX                             A:00 X:66 Y:0A P:24 SP:FF PPU: NOT IMPLEMENTED YET
C038  D0 FA     BNE $C034                       A:00 X:65 Y:0A P:24 SP:FF PPU: NOT IMPLEMENTED YET
C034  8D 07 20  STA $2007 = 00                  A:00 X:65 Y:0A P:24 SP:FF PPU: NOT IMPLEMENTED YET
C037  CA        DEX                             A:00 X:65 Y:0A P:24 SP:FF PPU: NOT IMPLEMENTED YET
C038  D0 FA     BNE $C034                       A:00 X:64 Y:0A P:24 SP:FF PPU: NOT IMPLEMENTED YET
C034  8D 07 20  STA $2007 = 00                  A:00 X:64 Y:0A P:24 SP:FF PPU: NOT IMPLEMENTED YET
C037  CA        DEX                             A:00 X:64 Y:0A P:24 SP:FF PPU: NOT IMPLEMENTED YET
C038  D0 FA     BNE $C034                       A:00 X:63 Y:0A P:24 SP:FF PPU: NOT IMPLEMENTED YET
C034  8D 07 20  STA $2007 = 00                  A:00 X:63 Y:0A P:24 SP:FF PPU: NOT IMPLEMENTED YET
C037  CA        DEX                             A:00 X:63 Y:0A P:24 SP:FF PPU: NOT IMPLEMENTED YET
C038  D0 FA     BNE $C034                       A:00 X:62 Y:0A P:24 SP:FF PPU: NOT IMPLEMENTED YET
C034  8D 07 20  STA $2007 = 00                  A:00 X:62 Y:0A P:24 SP:FF PPU: NOT IMPLEMENTED YET
C037  CA        DEX                             A:00 X:62 Y:0A P:24 SP:FF PPU: NOT IMPLEMENTED YET
C038  D0 FA     BNE $C034                       A:00 X:61 Y:0A P:24 SP:FF PPU: NOT IMPLEMENTED YET
C034  8D 07 20  STA $2007 = 00                  A:00 X:61 Y:0A P:24 SP:FF PPU: NOT IMPLEMENTED YET
C037  CA        DEX                             A:00 X:61 Y:0A P:24 SP:FF PPU: NOT IMPLEMENTED YET
C038  D0 FA     BNE $C034                       A:00 X:60 Y:0A P:24 SP:FF PPU: NOT IMPLEMENTED YET
C034  8D 07 20  STA $2007 = 00                  A:00 X:60 Y:0A P:24 SP:FF PPU: NOT IMPLEMENTED YET
C037  CA        DEX                             A:00 X:60 Y:0A P:24 SP:FF PPU: NOT IMPLEMENTED YET
C038  D0 FA     BNE $C034                       A:00 X:5F Y:0A P:24 SP:FF PPU: NOT IMPLEMENTED YET
C034  8D 07 20  STA $2007 = 00                  A:00 X:5F Y:0A P:24 SP:FF PPU: NOT IMPLEMENTED YET
C037  CA        DEX                             A:00 X:5F Y:0A P:24 SP:FF PPU: NOT IMPLEMENTED YET
C038  D0 FA     BNE $C034                       A:00 X:5E Y:0A P:24 SP:FF PPU: NOT IMPLEMENTED YET
C034  8D 07 20  STA $2007 = 00                  A:00 X:5E Y:0A P:24 SP:FF PPU: NOT IMPLEMENTED YET
C037  CA        DEX                             A:00 X:5E Y:0A P:24 SP:FF PPU: NOT IMPLEMENTED YET
C038  D0 FA     BNE $C034                       A:00 X:5D Y:0A P:24 SP:FF PPU: NOT IMPLEMENTED YET
C034  8D 07 20  STA $2007 = 00                  A:00 X:5D Y:0A P:24 SP:FF PPU: NOT IMPLEMENTED YET
C037  CA        DEX                             A:00 X:5D Y:0A P:24 SP:FF PPU: NOT IMPLEMENTED YET
C038  D0 FA     BNE $C034                       A:00 X:5C Y:0A P:24 SP:FF PPU: NOT IMPLEMENTED YET
C034  8D 07 20  STA $2007 = 00                  A:00 X:5C Y:0A P:24 SP:FF PPU: NOT IMPLEMENTED YET
C037  CA        DEX                             A:00 X:5C Y:0A P:24 SP:FF PPU: NOT IMPLEMENTED YET
C038  D0 FA     BNE $C034                       A:00 X:5B Y:0A P:24 SP:FF PPU: NOT IMPLEMENTED YET
C034  8D 07 20  STA $2007 = 00                  A:00 X:5B Y:0A P:24 SP:FF PPU: NOT IMPLEMENTED YET
C037  CA        DEX                             A:00 X:5B Y:0A P:24 SP:FF PPU: NOT IMPLEMENTED YET
C038  D0 FA     BNE $C034                       A:00 X:5A Y:0A P:24 SP:FF PPU: NOT IMPLEMENTED YET
C034  8D 07 20  STA $2007 = 00                  A:00 X:5A Y:0A P:24 SP:FF PPU: NOT IMPLEMENTED YET
C037  CA        DEX                             A:00 X:5A Y:0A P:24 SP:FF PPU: NOT IMPLEMENTED YET
C038  D0 FA     BNE $C034                       A:00 X:59 Y:0A P:24 SP:FF PPU: NOT IMPLEMENTED YET
C034  8D 07 20  STA $2007 = 00                  A:00 X:59 Y:0A P:24 SP:FF PPU: NOT IMPLEMENTED YET
C037  CA        DEX                             A:00 X:59 Y:0A P:24 SP:FF PPU: NOT IMPLEMENTED YET
C038  D0 FA     BNE $C034                       A:00 X:58 Y:0A P:24 SP:FF PPU: NOT IMPLEMENTED YET
C034  8D 07 20  STA $2007 = 00                  A:00 X:58 Y:0A P:24 SP:FF PPU: NOT IMPLEMENTED YET
C037  CA        DEX                             A:00 X:58 Y:0A P:24 SP:FF PPU: NOT IMPLEMENTED YET
C038  D0 FA     BNE $C034                       A:00 X:57 Y:0A P:24 SP:FF PPU: NOT IMPLEMENTED YET
C034  8D 07 20  STA $2007 = 00                  A:00 X:57 Y:0A P:24 SP:FF PPU: NOT IMPLEMENTED YET
C037  CA        DEX                             A:00 X:57 Y:0A P:24 SP:FF PPU: NOT IMPLEMENTED YET
C038  D0 FA     BNE $C034                       A:00 X:56 Y:0A P:24 SP:FF PPU: NOT IMPLEMENTED YET
C034  8D 07 20  STA $2007 = 00                  A:00 X:56 Y:0A P:24 SP:FF PPU: NOT IMPLEMENTED YET
C037  CA        DEX                             A:00 X:56 Y:0A P:24 SP:FF PPU: NOT IMPLEMENTED YET
C038  D0 FA     BNE $C034                       A:00 X:55 Y:0A P:24 SP:FF PPU: NOT IMPLEMENTED YET
C034  8D 07 20  STA $2007 = 00                  A:00 X:55 Y:0A P:24 SP:FF PPU: NOT IMPLEMENTED YET
C037  CA        DEX                             A:00 X:55 Y:0A P:24 SP:FF PPU: NOT IMPLEMENTED YET
C038  D0 FA     BNE $C034                       A:00 X:54 Y:0A P:24 SP:FF PPU: NOT IMPLEMENTED YET
C034  8D 07 20  STA $2007 = 00                  A:00 X:54 Y:0A P:24 SP:FF PPU: NOT IMPLEMENTED YET
C037  CA        DEX                             A:00 X:54 Y:0A P:24 SP:FF PPU: NOT IMPLEMENTED YET
C038  D0 FA     BNE $C034                       A:00 X:53 Y:0A P:24 SP:FF PPU: NOT IMPLEMENTED YET
C034  8D 07 20  STA $2007 = 00                  A:00 X:53 Y:0A P:24 SP:FF PPU: NOT IMPLEMENTED YET
C037  CA        DEX                             A:00 X:53 Y:0A P:24 SP:FF PPU: NOT IMPLEMENTED YET
C038  D0 FA     BNE $C034                       A:00 X:52 Y:0A P:24 SP:FF PPU: NOT IMPLEMENTED YET
C034  8D 07 20  STA $2007 = 00                  A:00 X:52 Y:0A P:24 SP:FF PPU: NOT IMPLEMENTED YET
C037  CA        DEX                             A:00 X:52 Y:0A P:24 SP:FF PPU: NOT IMPLEMENTED YET
C038  D0 FA     BNE $C034                       A:00 X:51 Y:0A P:24 SP:FF PPU: NOT IMPLEMENTED YET
C034  8D 07 20  STA $2007 = 00                  A:00 X:51 Y:0A P:24 SP:FF PPU: NOT IMPLEMENTED YET
C037  CA        DEX                             A:00 X:51 Y:0A P:24 SP:FF PPU: NOT IMPLEMENTED YET
C038  D0 FA     BNE $C034                       A:00 X:50 Y:0A P:24 SP:FF PPU: NOT IMPLEMENTED YET
C034  8D 07 20  STA $2007 = 00                  A:00 X:50 Y:0A P:24 SP:FF PPU: NOT IMPLEMENTED YET
C037  CA        DEX                             A:00 X:50 Y:0A P:24 SP:FF PPU: NOT IMPLEMENTED YET
C038  D0 FA     BNE $C034                       A:00 X:4F Y:0A P:24 SP:FF PPU: NOT IMPLEMENTED YET
C034  8D 07 20  STA $2007 = 00                  A:00 X:4F Y:0A P:24 SP:FF PPU: NOT IMPLEMENTED YET
C037  CA        DEX                             A:00 X:4F Y:0A P:24 SP:FF PPU: NOT IMPLEMENTED YET
C038  D0 FA     BNE $C034                       A:00 X:4E Y:0A P:24 SP:FF PPU: NOT IMPLEMENTED YET
C034  8D 07 20  STA $2007 = 00                  A:00 X:4E Y:0A P:24 SP:FF PPU: NOT IMPLEMENTED YET
C037  CA        DEX                             A:00 X:4E Y:0A P:24 SP:FF PPU: NOT IMPLEMENTED YET
C038  D0 FA     BNE $C034                       A:00 X:4D Y:0A P:24 SP:FF PPU: NOT IMPLEMENTED YET
C034  8D 07 20  STA $2007 = 00                  A:00 X:4D Y:0A P:24 SP:FF PPU: NOT IMPLEMENTED YET
C037  CA        DEX                             A:00 X:4D Y:0A P:24 SP:FF PPU: NOT IMPLEMENTED YET
C038  D0 FA     BNE $C034                       A:00 X:4C Y:0A P:24 SP:FF PPU: NOT IMPLEMENTED YET
C034  8D 07 20  STA $2007 = 00                  A:00 X:4C Y:0A P:24 SP:FF PPU: NOT IMPLEMENTED YET
C037  CA        DEX                             A:00 X:4C Y:0A P:24 SP:FF PPU: NOT IMPLEMENTED YET
C038  D0 FA     BNE $C034                       A:00 X:4B Y:0A P:24 SP:FF PPU: NOT IMPLEMENTED YET
C034  8D 07 20  STA $2007 = 00                  A:00 X:4B Y:0A P:24 SP:FF PPU: NOT IMPLEMENTED YET
C037  CA        DEX                             A:00 X:4B Y:0A P:24 SP:FF PPU: NOT IMPLEMENTED YET
C038  D0 FA     BNE $C034                       A:00 X:4A Y:0A P:24 SP:FF PPU: NOT IMPLEMENTED YET
C034  8D 07 20  STA $2007 = 00                  A:00 X:4A Y:0A P:24 SP:FF PPU: NOT IMPLEMENTED YET
C037  CA        DEX                             A:00 X:4A Y:0A P:24 SP:FF PPU: NOT IMPLEMENTED YET
C038  D0 FA     BNE $C034                       A:00 X:49 Y:0A P:24 SP:FF PPU: NOT IMPLEMENTED YET
C034  8D 07 20  STA $2007 = 00                  A:00 X:49 Y:0A P:24 SP:FF PPU: NOT IMPLEMENTED YET
C037  CA        DEX                             A:00 X:49 Y:0A P:24 SP:FF PPU: NOT IMPLEMENTED YET
C038  D0 FA     BNE $C034                       A:00 X:48 Y:0A P:24 SP:FF PPU: NOT IMPLEMENTED YET
C034  8D 07 20  STA $2007 = 00                  A:00 X:48 Y:0A P:24 SP:FF PPU: NOT IMPLEMENTED YET
C037  CA        DEX                             A:00 X:48 Y:0A P:24 SP:FF PPU: NOT IMPLEMENTED YET
C038  D0 FA     BNE $C034                       A:00 X:47 Y:0A P:24 SP:FF PPU: NOT IMPLEMENTED YET
C034  8D 07 20  STA $2007 = 00                  A:00 X:47 Y:0A P:24 SP:FF PPU: NOT IMPLEMENTED YET
C037  CA        DEX                             A:00 X:47 Y:0A P:24 SP:FF PPU: NOT IMPLEMENTED YET
C038  D0 FA     BNE $C034                       A:00 X:46 Y:0A P:24 SP:FF PPU: NOT IMPLEMENTED YET
C034  8D 07 20  STA $2007 = 00                  A:00 X:46 Y:0A P:24 SP:FF PPU: NOT IMPLEMENTED YET
C037  CA        DEX                             A:00 X:46 Y:0A P:24 SP:FF PPU: NOT IMPLEMENTED YET
C038  D0 FA     BNE $C034                       A:00 X:45 Y:0A P:24 SP:FF PPU: NOT IMPLEMENTED YET
C034  8D 07 20  STA $2007 = 00                  A:00 X:45 Y:0A P:24 SP:FF PPU: NOT IMPLEMENTED YET
C037  CA        DEX                             A:00 X:45 Y:0A P:24 SP:FF PPU: NOT IMPLEMENTED YET
C038  D0 FA     BNE $C034                       A:00 X:44 Y:0A P:24 SP:FF PPU: NOT IMPLEMENTED YET
C034  8D 07 20  STA $2007 = 00                  A:00 X:44 Y:0A P:24 SP:FF PPU: NOT IMPLEMENTED YET
C037  CA        DEX                             A:00 X:44 Y:0A P:24 SP:FF PPU: NOT IMPLEMENTED YET
C038  D0 FA     BNE $C034                       A:00 X:43 Y:0A P:24 SP:FF PPU: NOT IMPLEMENTED YET
C034  8D 07 20  STA $2007 = 00                  A:00 X:43 Y:0A P:24 SP:FF PPU: NOT IMPLEMENTED YET
C037  CA        DEX                             A:00 X:43 Y:0A P:24 SP:FF PPU: NOT IMPLEMENTED YET
C038  D0 FA     BNE $C034                       A:00 X:42 Y:0A P:24 SP:FF PPU: NOT IMPLEMENTED YET
C034  8D 07 20  STA $2007 = 00                  A:00 X:42 Y:0A P:24 SP:FF PPU: NOT IMPLEMENTED YET
C037  CA        DEX                             A:00 X:42 Y:0A P:24 SP:FF PPU: NOT IMPLEMENTED YET
C038  D0 FA     BNE $C034                       A:00 X:41 Y:0A P:24 SP:FF PPU: NOT IMPLEMENTED YET
C034  8D 07 20  STA $2007 = 00                  A:00 X:41 Y:0A P:24 SP:FF PPU: NOT IMPLEMENTED YET
C037  CA        DEX                             A:00 X:41 Y:0A P:24 SP:FF PPU: NOT IMPLEMENTED YET
C038  D0 FA     BNE $C034                       A:00 X:40 Y:0A P:24 SP:FF PPU: NOT IMPLEMENTED YET
C034  8D 07 20  STA $2007 = 00                  A:00 X:40 Y:0A P:24 SP:FF PPU: NOT IMPLEMENTED YET
C037  CA        DEX                             A:00 X:40 Y:0A P:24 SP:FF PPU: NOT IMPLEMENTED YET
C038  D0 FA     BNE $C034                       A:00 X:3F Y:0A P:24 SP:FF PPU: NOT IMPLEMENTED YET
C034  8D 07 20  STA $2007 = 00                  A:00 X:3F Y:0A P:24 SP:FF PPU: NOT IMPLEMENTED YET
C037  CA        DEX                             A:00 X:3F Y:0A P:24 SP:FF PPU: NOT IMPLEMENTED YET
C038  D0 FA     BNE $C034                       A:00 X:3E Y:0A P:24 SP:FF PPU: NOT IMPLEMENTED YET
C034  8D 07 20  STA $2007 = 00                  A:00 X:3E Y:0A P:24 SP:FF PPU: NOT IMPLEMENTED YET
C037  CA        DEX                             A:00 X:3E Y:0A P:24 SP:FF PPU: NOT IMPLEMENTED YET
C038  D0 FA     BNE $C034                       A:00 X:3D Y:0A P:24 SP:FF PPU: NOT IMPLEMENTED YET
C034  8D 07 20  STA $2007 = 00                  A:00 X:3D Y:0A P:24 SP:FF PPU: NOT IMPLEMENTED YET
C037  CA        DEX                             A:00 X:3D Y:0A P:24 SP:FF PPU: NOT IMPLEMENTED YET
C038  D0 FA     BNE $C034                       A:00 X:3C Y:0A P:24 SP:FF PPU: NOT IMPLEMENTED YET
C034  8D 07 20  STA $2007 = 00                  A:00 X:3C Y:0A P:24 SP:FF PPU: NOT IMPLEMENTED YET
C037  CA        DEX                             A:00 X:3C Y:0A P:24 SP:FF PPU: NOT IMPLEMENTED YET
C038  D0 FA     BNE $C034                       A:00 X:3B Y:0A P:24 SP:FF PPU: NOT IMPLEMENTED YET
C034  8D 07 20  STA $2007 = 00                  A:00 X:3B Y:0A P:24 SP:FF PPU: NOT IMPLEMENTED YET
C037  CA        DEX                             A:00 X:3B Y:0A P:24 SP:FF PPU: NOT IMPLEMENTED YET
C038  D0 FA     BNE $C034                       A:00 X:3A Y:0A P:24 SP:FF PPU: NOT IMPLEMENTED YET
C034  8D 07 20  STA $2007 = 00                  A:00 X:3A Y:0A P:24 SP:FF PPU: NOT IMPLEMENTED YET
C037  CA        DEX                             A:00 X:3A Y:0A P:24 SP:FF PPU: NOT IMPLEMENTED YET
C038  D0 FA     BNE $C034                       A:00 X:39 Y:0A P:24 SP:FF PPU: NOT IMPLEMENTED YET
C034  8D 07 20  STA $2007 = 00                  A:00 X:39 Y:0A P:24 SP:FF PPU: NOT IMPLEMENTED YET
C037  CA        DEX                             A:00 X:39 Y:0A P:24 SP:FF PPU: NOT IMPLEMENTED YET
C038  D0 FA     BNE $C034                       A:00 X:38 Y:0A P:24 SP:FF PPU: NOT IMPLEMENTED YET
C034  8D 07 20  STA $2007 = 00                  A:00 X:38 Y:0A P:24 SP:FF PPU: NOT IMPLEMENTED YET
C037  CA        DEX                             A:00 X:38 Y:0A P:24 SP:FF PPU: NOT IMPLEMENTED YET
C038  D0 FA     BNE $C034                       A:00 X:37 Y:0A P:24 SP:FF PPU: NOT IMPLEMENTED YET
C034  8D 07 20  STA $2007 = 00                  A:00 X:37 Y:0A P:24 SP:FF PPU: NOT IMPLEMENTED YET
C037  CA        DEX                             A:00 X:37 Y:0A P:24 SP:FF PPU: NOT IMPLEMENTED YET
C038  D0 FA     BNE $C034                       A:00 X:36 Y:0A P:24 SP:FF PPU: NOT IMPLEMENTED YET
C034  8D 07 20  STA $2007 = 00                  A:00 X:36 Y:0A P:24 SP:FF PPU: NOT IMPLEMENTED YET
C037  CA        DEX                             A:00 X:36 Y:0A P:24 SP:FF PPU: NOT IMPLEMENTED YET
C038  D0 FA     BNE $C034                       A:00 X:35 Y:0A P:24 SP:FF PPU: NOT IMPLEMENTED YET
C034  8D 07 20  STA $2007 = 00                  A:00 X:35 Y:0A P:24 SP:FF PPU: NOT IMPLEMENTED YET
C037  CA        DEX                             A:00 X:35 Y:0A P:24 SP:FF PPU: NOT IMPLEMENTED YET
C038  D0 FA     BNE $C034                       A:00 X:34 Y:0A P:24 SP:FF PPU: NOT IMPLEMENTED YET
C034  8D 07 20  STA $2007 = 00                  A:00 X:34 Y:0A P:24 SP:FF PPU: NOT IMPLEMENTED YET
C037  CA        DEX                             A:00 X:34 Y:0A P:24 SP:FF PPU: NOT IMPLEMENTED YET
C038  D0 FA     BNE $C034                       A:00 X:33 Y:0A P:24 SP:FF PPU: NOT IMPLEMENTED YET
C034  8D 07 20  STA $2007 = 00                  A:00 X:33 Y:0A P:24 SP:FF PPU: NOT IMPLEMENTED YET
C037  CA        DEX                             A:00 X:33 Y:0A P:24 SP:FF PPU: NOT IMPLEMENTED YET
C038  D0 FA     BNE $C034                       A:00 X:32 Y:0A P:24 SP:FF PPU: NOT IMPLEMENTED YET
C034  8D 07 20  STA $2007 = 00                  A:00 X:32 Y:0A P:24 SP:FF PPU: NOT IMPLEMENTED YET
C037  CA        DEX                             A:00 X:32 Y:0A P:24 SP:FF PPU: NOT IMPLEMENTED YET
C038  D0 FA     BNE $C034                       A:00 X:31 Y:0A P:24 SP:FF PPU: NOT IMPLEMENTED YET
C034  8D 07 20  STA $2007 = 00                  A:00 X:31 Y:0A P:24 SP:FF PPU: NOT IMPLEMENTED YET
C037  CA        DEX                             A:00 X:31 Y:0A P:24 SP:FF PPU: NOT IMPLEMENTED YET
C038  D0 FA     BNE $C034                       A:00 X:30 Y:0A P:24 SP:FF PPU: NOT IMPLEMENTED YET
C034  8D 07 20  STA $2007 = 00                  A:00 X:30 Y:0A P:24 SP:FF PPU: NOT IMPLEMENTED YET
C037  CA        DEX                             A:00 X:30 Y:0A P:24 SP:FF PPU: NOT IMPLEMENTED YET
C038  D0 FA     BNE $C034                       A:00 X:2F Y:0A P:24 SP:FF PPU: NOT IMPLEMENTED YET
C034  8D 07 20  STA $2007 = 00                  A:00 X:2F Y:0A P:24 SP:FF PPU: NOT IMPLEMENTED YET
C037  CA        DEX                             A:00 X:2F Y:0A P:24 SP:FF PPU: NOT IMPLEMENTED YET
C038  D0 FA     BNE $C034                       A:00 X:2E Y:0A P:24 SP:FF PPU: NOT IMPLEMENTED YET
C034  8D 07 20  STA $2007 = 00                  A:00 X:2E Y:0A P:24 SP:FF PPU: NOT IMPLEMENTED YET
C037  CA        DEX                             A:00 X:2E Y:0A P:24 SP:FF PPU: NOT IMPLEMENTED YET
C038  D0 FA     BNE $C034                       A:00 X:2D Y:0A P:24 SP:FF PPU: NOT IMPLEMENTED YET
C034  8D 07 20  STA $2007 = 00                  A:00 X:2D Y:0A P:24 SP:FF PPU: NOT IMPLEMENTED YET
C037  CA        DEX                             A:00 X:2D Y:0A P:24 SP:FF PPU: NOT IMPLEMENTED YET
C038  D0 FA     BNE $C034                       A:00 X:2C Y:0A P:24 SP:FF PPU: NOT IMPLEMENTED YET
C034  8D 07 20  STA $2007 = 00                  A:00 X:2C Y:0A P:24 SP:FF PPU: NOT IMPLEMENTED YET
C037  CA        DEX                             A:00 X:2C Y:0A P:24 SP:FF PPU: NOT IMPLEMENTED YET
C038  D0 FA     BNE $C034                       A:00 X:2B Y:0A P:24 SP:FF PPU: NOT IMPLEMENTED YET
C034  8D 07 20  STA $2007 = 00                  A:00 X:2B Y:0A P:24 SP:FF PPU: NOT IMPLEMENTED YET
C037  CA        DEX                             A:00 X:2B Y:0A P:24 SP:FF PPU: NOT IMPLEMENTED YET
C038  D0 FA     BNE $C034                       A:00 X:2A Y:0A P:24 SP:FF PPU: NOT IMPLEMENTED YET
C034  8D 07 20  STA $2007 = 00                  A:00 X:2A Y:0A P:24 SP:FF PPU: NOT IMPLEMENTED YET
C037  CA        DEX                             A:00 X:2A Y:0A P:24 SP:FF PPU: NOT IMPLEMENTED YET
C038  D0 FA     BNE $C034                       A:00 X:29 Y:0A P:24 SP:FF PPU: NOT IMPLEMENTED YET
C034  8D 07 20  STA $2007 = 00                  A:00 X:29 Y:0A P:24 SP:FF PPU: NOT IMPLEMENTED YET
C037  CA        DEX                             A:00 X:29 Y:0A P:24 SP:FF PPU: NOT IMPLEMENTED YET
C038  D0 FA     BNE $C034                       A:00 X:28 Y:0A P:24 SP:FF PPU: NOT IMPLEMENTED YET
C034  8D 07 20  STA $2007 = 00                  A:00 X:28 Y:0A P:24 SP:FF PPU: NOT IMPLEMENTED YET
C037  CA        DEX                             A:00 X:28 Y:0A P:24 SP:FF PPU: NOT IMPLEMENTED YET
C038  D0 FA     BNE $C034                       A:00 X:27 Y:0A P:24 SP:FF PPU: NOT IMPLEMENTED YET
C034  8D 07 20  STA $2007 = 00                  A:00 X:27 Y:0A P:24 SP:FF PPU: NOT IMPLEMENTED YET
C037  CA        DEX                             A:00 X:27 Y:0A P:24 SP:FF PPU: NOT IMPLEMENTED YET
C038  D0 FA     BNE $C034                       A:00 X:26 Y:0A P:24 SP:FF PPU: NOT IMPLEMENTED YET
C034  8D 07 20  STA $2007 = 00                  A:00 X:26 Y:0A P:24 SP:FF PPU: NOT IMPLEMENTED YET
C037  CA        DEX                             A:00 X:26 Y:0A P:24 SP:FF PPU: NOT IMPLEMENTED YET
C038  D0 FA     BNE $C034                       A:00 X:25 Y:0A P:24 SP:FF PPU: NOT IMPLEMENTED YET
C034  8D 07 20  STA $2007 = 00                  A:00 X:25 Y:0A P:24 SP:FF PPU: NOT IMPLEMENTED YET
C037  CA        DEX                             A:00 X:25 Y:0A P:24 SP:FF PPU: NOT IMPLEMENTED YET
C038  D0 FA     BNE $C034                       A:00 X:24 Y:0A P:24 SP:FF PPU: NOT IMPLEMENTED YET
C034  8D 07 20  STA $2007 = 00                  A:00 X:24 Y:0A P:24 SP:FF PPU: NOT IMPLEMENTED YET
C037  CA        DEX                             A:00 X:24 Y:0A P:24 SP:FF PPU: NOT IMPLEMENTED YET
C038  D0 FA     BNE $C034                       A:00 X:23 Y:0A P:24 SP:FF PPU: NOT IMPLEMENTED YET
C034  8D 07 20  STA $2007 = 00                  A:00 X:23 Y:0A P:24 SP:FF PPU: NOT IMPLEMENTED YET
C037  CA        DEX                             A:00 X:23 Y:0A P:24 SP:FF PPU: NOT IMPLEMENTED YET
C038  D0 FA     BNE $C034                       A:00 X:22 Y:0A P:24 SP:FF PPU: NOT IMPLEMENTED YET
C034  8D 07 20  STA $2007 = 00                  A:00 X:22 Y:0A P:24 SP:FF PPU: NOT IMPLEMENTED YET
C037  CA        DEX                             A:00 X:22 Y:0A P:24 SP:FF PPU: NOT IMPLEMENTED YET
C038  D0 FA     BNE $C034                       A:00 X:21 Y:0A P:24 SP:FF PPU: NOT IMPLEMENTED YET
C034  8D 07 20  STA $2007 = 00                  A:00 X:21 Y:0A P:24 SP:FF PPU: NOT IMPLEMENTED YET
C037  CA        DEX                             A:00 X:21 Y:0A P:24 SP:FF PPU: NOT IMPLEMENTED YET
C038  D0 FA     BNE $C034                       A:00 X:20 Y:0A P:24 SP:FF PPU: NOT IMPLEMENTED YET
C034  8D 07 20  STA $2007 = 00                  A:00 X:20 Y:0A P:24 SP:FF PPU: NOT IMPLEMENTED YET
C037  CA        DEX                             A:00 X:20 Y:0A P:24 SP:FF PPU: NOT IMPLEMENTED YET
C038  D0 FA     BNE $C034                       A:00 X:1F Y:0A P:24 SP:FF PPU: NOT IMPLEMENTED YET
C034  8D 07 20  STA $2007 = 00                  A:00 X:1F Y:0A P:24 SP:FF PPU: NOT IMPLEMENTED YET
C037  CA        DEX                             A:00 X:1F Y:0A P:24 SP:FF PPU: NOT IMPLEMENTED YET
C038  D0 FA     BNE $C034                       A:00 X:1E Y:0A P:24 SP:FF PPU: NOT IMPLEMENTED YET
C034  8D 07 20  STA $2007 = 00                  A:00 X:1E Y:0A P:24 SP:FF PPU: NOT IMPLEMENTED YET
C037  CA        DEX                             A:00 X:1E Y:0A P:24 SP:FF PPU: NOT IMPLEMENTED YET
C038  D0 FA     BNE $C034                       A:00 X:1D Y:0A P:24 SP:FF PPU: NOT IMPLEMENTED YET
C034  8D 07 20  STA $2007 = 00                  A:00 X:1D Y:0A P:24 SP:FF PPU: NOT IMPLEMENTED YET
C037  CA        DEX                             A:00 X:1D Y:0A P:24 SP:FF PPU: NOT IMPLEMENTED YET
C038  D0 FA     BNE $C034                       A:00 X:1C Y:0A P:24 SP:FF PPU: NOT IMPLEMENTED YET
C034  8D 07 20  STA $2007 = 00                  A:00 X:1C Y:0A P:24 SP:FF PPU: NOT IMPLEMENTED YET
C037  CA        DEX                             A:00 X:1C Y:0A P:24 SP:FF PPU: NOT IMPLEMENTED YET
C038  D0 FA     BNE $C034                       A:00 X:1B Y:0A P:24 SP:FF PPU: NOT IMPLEMENTED YET
C034  8D 07 20  STA $2007 = 00                  A:00 X:1B Y:0A P:24 SP:FF PPU: NOT IMPLEMENTED YET
C037  CA        DEX                             A:00 X:1B Y:0A P:24 SP:FF PPU: NOT IMPLEMENTED YET
C038  D0 FA     BNE $C034                       A:00 X:1A Y:0A P:24 SP:FF PPU: NOT IMPLEMENTED YET
C034  8D 07 20  STA $2007 = 00                  A:00 X:1A Y:0A P:24 SP:FF PPU: NOT IMPLEMENTED YET
C037  CA        DEX                             A:00 X:1A Y:0A P:24 SP:FF PPU: NOT IMPLEMENTED YET
C038  D0 FA     BNE $C034                       A:00 X:19 Y:0A P:24 SP:FF PPU: NOT IMPLEMENTED YET
C034  8D 07 20  STA $2007 = 00                  A:00 X:19 Y:0A P:24 SP:FF PPU: NOT IMPLEMENTED YET
C037  CA        DEX                             A:00 X:19 Y:0A P:24 SP:FF PPU: NOT IMPLEMENTED YET
C038  D0 FA     BNE $C034                       A:00 X:18 Y:0A P:24 SP:FF PPU: NOT IMPLEMENTED YET
C034  8D 07 20  STA $2007 = 00                  A:00 X:18 Y:0A P:24 SP:FF PPU: NOT IMPLEMENTED YET
C037  CA        DEX                             A:00 X:18 Y:0A P:24 SP:FF PPU: NOT IMPLEMENTED YET
C038  D0 FA     BNE $C034                       A:00 X:17 Y:0A P:24 SP:FF PPU: NOT IMPLEMENTED YET
C034  8D 07 20  STA $2007 = 00                  A:00 X:17 Y:0A P:24 SP:FF PPU: NOT IMPLEMENTED YET
C037  CA        DEX                             A:00 X:17 Y:0A P:24 SP:FF PPU: NOT IMPLEMENTED YET
C038  D0 FA     BNE $C034                       A:00 X:16 Y:0A P:24 SP:FF PPU: NOT IMPLEMENTED YET
C034  8D 07 20  STA $2007 = 00                  A:00 X:16 Y:0A P:24 SP:FF PPU: NOT IMPLEMENTED YET
C037  CA        DEX                             A:00 X:16 Y:0A P:24 SP:FF PPU: NOT IMPLEMENTED YET
C038  D0 FA     BNE $C034                       A:00 X:15 Y:0A P:24 SP:FF PPU: NOT IMPLEMENTED YET
C034  8D 07 20  STA $2007 = 00                  A:00 X:15 Y:0A P:24 SP:FF PPU: NOT IMPLEMENTED YET
C037  CA        DEX                             A:00 X:15 Y:0A P:24 SP:FF PPU: NOT IMPLEMENTED YET
C038  D0 FA     BNE $C034                       A:00 X:14 Y:0A P:24 SP:FF PPU: NOT IMPLEMENTED YET
C034  8D 07 20  STA $2007 = 00                  A:00 X:14 Y:0A P:24 SP:FF PPU: NOT IMPLEMENTED YET
C037  CA        DEX                             A:00 X:14 Y:0A P:24 SP:FF PPU: NOT IMPLEMENTED YET
C038  D0 FA     BNE $C034                       A:00 X:13 Y:0A P:24 SP:FF PPU: NOT IMPLEMENTED YET
C034  8D 07 20  STA $2007 = 00                  A:00 X:13 Y:0A P:24 SP:FF PPU: NOT IMPLEMENTED YET
C037  CA        DEX                             A:00 X:13 Y:0A P:24 SP:FF PPU: NOT IMPLEMENTED YET
C038  D0 FA     BNE $C034                       A:00 X:12 Y:0A P:24 SP:FF PPU: NOT IMPLEMENTED YET
C034  8D 07 20  STA $2007 = 00                  A:00 X:12 Y:0A P:24 SP:FF PPU: NOT IMPLEMENTED YET
C037  CA        DEX                             A:00 X:12 Y:0A P:24 SP:FF PPU: NOT IMPLEMENTED YET
C038  D0 FA     BNE $C034                       A:00 X:11 Y:0A P:24 SP:FF PPU: NOT IMPLEMENTED YET
C034  8D 07 20  STA $2007 = 00                  A:00 X:11 Y:0A P:24 SP:FF PPU: NOT IMPLEMENTED YET
C037  CA        DEX                             A:00 X:11 Y:0A P:24 SP:FF PPU: NOT IMPLEMENTED YET
C038  D0 FA     BNE $C034                       A:00 X:10 Y:0A P:24 SP:FF PPU: NOT IMPLEMENTED YET
C034  8D 07 20  STA $2007 = 00                  A:00 X:10 Y:0A P:24 SP:FF PPU: NOT IMPLEMENTED YET
C037  CA        DEX                             A:00 X:10 Y:0A P:24 SP:FF PPU: NOT IMPLEMENTED YET
C038  D0 FA     BNE $C034                       A:00 X:0F Y:0A P:24 SP:FF PPU: NOT IMPLEMENTED YET
C034  8D 07 20  STA $2007 = 00                  A:00 X:0F Y:0A P:24 SP:FF PPU: NOT IMPLEMENTED YET
C037  CA        DEX                             A:00 X:0F Y:0A P:24 SP:FF PPU: NOT IMPLEMENTED YET
C038  D0 FA     BNE $C034                       A:00 X:0E Y:0A P:24 SP:FF PPU: NOT IMPLEMENTED YET
C034  8D 07 20  STA $2007 = 00                  A:00 X:0E Y:0A P:24 SP:FF PPU: NOT IMPLEMENTED YET
C037  CA        DEX                             A:00 X:0E Y:0A P:24 SP:FF PPU: NOT IMPLEMENTED YET
C038  D0 FA     BNE $C034                       A:00 X:0D Y:0A P:24 SP:FF PPU: NOT IMPLEMENTED YET
C034  8D 07 20  STA $2007 = 00                  A:00 X:0D Y:0A P:24 SP:FF PPU: NOT IMPLEMENTED YET
C037  CA        DEX                             A:00 X:0D Y:0A P:24 SP:FF PPU: NOT IMPLEMENTED YET
C038  D0 FA     BNE $C034                       A:00 X:0C Y:0A P:24 SP:FF PPU: NOT IMPLEMENTED YET
C034  8D 07 20  STA $2007 = 00                  A:00 X:0C Y:0A P:24 SP:FF PPU: NOT IMPLEMENTED YET
C037  CA        DEX                             A:00 X:0C Y:0A P:24 SP:FF PPU: NOT IMPLEMENTED YET
C038  D0 FA     BNE $C034                       A:00 X:0B Y:0A P:24 SP:FF PPU: NOT IMPLEMENTED YET
C034  8D 07 20  STA $2007 = 00                  A:00 X:0B Y:0A P:24 SP:FF PPU: NOT IMPLEMENTED YET
C037  CA        DEX                             A:00 X:0B Y:0A P:24 SP:FF PPU: NOT IMPLEMENTED YET
C038  D0 FA     BNE $C034                       A:00 X:0A Y:0A P:24 SP:FF PPU: NOT IMPLEMENTED YET
C034  8D 07 20  STA $2007 = 00                  A:00 X:0A Y:0A P:24 SP:FF PPU: NOT IMPLEMENTED YET
C037  CA        DEX                             A:00 X:0A Y:0A P:24 SP:FF PPU: NOT IMPLEMENTED YET
C038  D0 FA     BNE $C034                       A:00 X:09 Y:0A P:24 SP:FF PPU: NOT IMPLEMENTED YET
C034  8D 07 20  STA $2007 = 00                  A:00 X:09 Y:0A P:24 SP:FF PPU: NOT IMPLEMENTED YET
C037  CA        DEX                             A:00 X:09 Y:0A P:24 SP:FF PPU: NOT IMPLEMENTED YET
C038  D0 FA     BNE $C034                       A:00 X:08 Y:0A P:24 SP:FF PPU: NOT IMPLEMENTED YET
C034  8D 07 20  STA $2007 = 00                  A:00 X:08 Y:0A P:24 SP:FF PPU: NOT IMPLEMENTED YET
C037  CA        DEX                             A:00 X:08 Y:0A P:24 SP:FF PPU: NOT IMPLEMENTED YET
C038  D0 FA     BNE $C034                       A:00 X:07 Y:0A P:24 SP:FF PPU: NOT IMPLEMENTED YET
C034  8D 07 20  STA $2007 = 00                  A:00 X:07 Y:0A P:24 SP:FF PPU: NOT IMPLEMENTED YET
C037  CA        DEX                             A:00 X:07 Y:0A P:24 SP:FF PPU: NOT IMPLEMENTED YET
C038  D0 FA     BNE $C034                       A:00 X:06 Y:0A P:24 SP:FF PPU: NOT IMPLEMENTED YET
C034  8D 07 20  STA $2007 = 00                  A:00 X:06 Y:0A P:24 SP:FF PPU: NOT IMPLEMENTED YET
C037  CA        DEX                             A:00 X:06 Y:0A P:24 SP:FF PPU: NOT IMPLEMENTED YET
C038  D0 FA     BNE $C034                       A:00 X:05 Y:0A P:24 SP:FF PPU: NOT IMPLEMENTED YET
C034  8D 07 20  STA $2007 = 00                  A:00 X:05 Y:0A P:24 SP:FF PPU: NOT IMPLEMENTED YET
C037  CA        DEX                             A:00 X:05 Y:0A P:24 SP:FF PPU: NOT IMPLEMENTED YET
C038  D0 FA     BNE $C034                       A:00 X:04 Y:0A P:24 SP:FF PPU: NOT IMPLEMENTED YET
C034  8D 07 20  STA $2007 = 00                  A:00 X:04 Y:0A P:24 SP:FF PPU: NOT IMPLEMENTED YET
C037  CA        DEX                             A:00 X:04 Y:0A P:24 SP:FF PPU: NOT IMPLEMENTED YET
C038  D0 FA     BNE $C034                       A:00 X:03 Y:0A P:24 SP:FF PPU: NOT IMPLEMENTED YET
C034  8D 07 20  STA $2007 = 00                  A:00 X:03 Y:0A P:24 SP:FF PPU: NOT IMPLEMENTED YET
C037  CA        DEX                             A:00 X:03 Y:0A P:24 SP:FF PPU: NOT IMPLEMENTED YET
C038  D0 FA     BNE $C034                       A:00 X:02 Y:0A P:24 SP:FF PPU: NOT IMPLEMENTED YET
C034  8D 07 20  STA $2007 = 00                  A:00 X:02 Y:0A P:24 SP:FF PPU: NOT IMPLEMENTED YET
C037  CA        DEX                             A:00 X:02 Y:0A P:24 SP:FF PPU: NOT IMPLEMENTED YET
C038  D0 FA     BNE $C034                       A:00 X:01 Y:0A P:24 SP:FF PPU: NOT IMPLEMENTED YET
C034  8D 07 20  STA $2007 = 00                  A:00 X:01 Y:0A P:24 SP:FF PPU: NOT IMPLEMENTED YET
C037  CA        DEX                             A:00 X:01 Y:0A P:24 SP:FF PPU: NOT IMPLEMENTED YET
C038  D0 FA     BNE $C034                       A:00 X:00 Y:0A P:26 SP:FF PPU: NOT IMPLEMENTED YET
C03A  88        DEY                             A:00 X:00 Y:0A P:26 SP:FF PPU: NOT IMPLEMENTED YET
C03B  D0 F7     BNE $C034                       A:00 X:00 Y:09 P:24 SP:FF PPU: NOT IMPLEMENTED YET
C034  8D 07 20  STA $2007 = 00                  A:00 X:00 Y:09 P:24 SP:FF PPU: NOT IMPLEMENTED YET
C037  CA        DEX                             A:00 X:00 Y:09 P:24 SP:FF PPU: NOT IMPLEMENTED YET
C038  D0 FA     BNE $C034                       A:00 X:FF Y:09 P:A4 SP:FF PPU: NOT IMPLEMENTED YET
C034  8D 07 20  STA $2007 = 00                  A:00 X:FF Y:09 P:A4 SP:FF PPU: NOT IMPLEMENTED YET
C037  CA        DEX                             A:00 X:FF Y:09 P:A4 SP:FF PPU: NOT IMPLEMENTED YET
C038  D0 FA     BNE $C034                       A:00 X:FE Y:09 P:A4 SP:FF PPU: NOT IMPLEMENTED YET
C034  8D 07 20  STA $2007 = 00                  A:00 X:FE Y:09 P:A4 SP:FF PPU: NOT IMPLEMENTED YET
C037  CA        DEX                             A:00 X:FE Y:09 P:A4 SP:FF PPU: NOT IMPLEMENTED YET
C038  D0 FA     BNE $C034                       A:00 X:FD Y:09 P:A4 SP:FF PPU: NOT IMPLEMENTED YET
C034  8D 07 20  STA $2007 = 00                  A:00 X:FD Y:09 P:A4 SP:FF PPU: NOT IMPLEMENTED YET
C037  CA        DEX                             A:00 X:FD Y:09 P:A4 SP:FF PPU: NOT IMPLEMENTED YET
C038  D0 FA     BNE $C034                       A:00 X:FC Y:09 P:A4 SP:FF PPU: NOT IMPLEMENTED YET
C034  8D 07 20  STA $2007 = 00                  A:00 X:FC Y:09 P:A4 SP:FF PPU: NOT IMPLEMENTED YET
C037  CA        DEX                             A:00 X:FC Y:09 P:A4 SP:FF PPU: NOT IMPLEMENTED YET
C038  D0 FA     BNE $C034                       A:00 X:FB Y:09 P:A4 SP:FF PPU: NOT IMPLEMENTED YET
C034  8D 07 20  STA $2007 = 00                  A:00 X:FB Y:09 P:A4 SP:FF PPU: NOT IMPLEMENTED YET
C037  CA        DEX                             A:00 X:FB Y:09 P:A4 SP:FF PPU: NOT IMPLEMENTED YET
C038  D0 FA     BNE $C034                       A:00 X:FA Y:09 P:A4 SP:FF PPU: NOT IMPLEMENTED YET
C034  8D 07 20  STA $2007 = 00                  A:00 X:FA Y:09 P:A4 SP:FF PPU: NOT IMPLEMENTED YET
C037  CA        DEX                             A:00 X:FA Y:09 P:A4 SP:FF PPU: NOT IMPLEMENTED YET
C038  D0 FA     BNE $C034                       A:00 X:F9 Y:09 P:A4 SP:FF PPU: NOT IMPLEMENTED YET
C034  8D 07 20  STA $2007 = 00                  A:00 X:F9 Y:09 P:A4 SP:FF PPU: NOT IMPLEMENTED YET
C037  CA        DEX                             A:00 X:F9 Y:09 P:A4 SP:FF PPU: NOT IMPLEMENTED YET
C038  D0 FA     BNE $C034                       A:00 X:F8 Y:09 P:A4 SP:FF PPU: NOT IMPLEMENTED YET
C034  8D 07 20  STA $2007 = 00                  A:00 X:F8 Y:09 P:A4 SP:FF PPU: NOT IMPLEMENTED YET
C037  CA        DEX                             A:00 X:F8 Y:09 P:A4 SP:FF PPU: NOT IMPLEMENTED YET
C038  D0 FA     BNE $C034                       A:00 X:F7 Y:09 P:A4 SP:FF PPU: NOT IMPLEMENTED YET
C034  8D 07 20  STA $2007 = 00                  A:00 X:F7 Y:09 P:A4 SP:FF PPU: NOT IMPLEMENTED YET
C037  CA        DEX                             A:00 X:F7 Y:09 P:A4 SP:FF PPU: NOT IMPLEMENTED YET
C038  D0 FA     BNE $C034                       A:00 X:F6 Y:09 P:A4 SP:FF PPU: NOT IMPLEMENTED YET
C034  8D 07 20  STA $2007 = 00                  A:00 X:F6 Y:09 P:A4 SP:FF PPU: NOT IMPLEMENTED YET
C037  CA        DEX                             A:00 X:F6 Y:09 P:A4 SP:FF PPU: NOT IMPLEMENTED YET
C038  D0 FA     BNE $C034                       A:00 X:F5 Y:09 P:A4 SP:FF PPU: NOT IMPLEMENTED YET
C034  8D 07 20  STA $2007 = 00                  A:00 X:F5 Y:09 P:A4 SP:FF PPU: NOT IMPLEMENTED YET
C037  CA        DEX                             A:00 X:F5 Y:09 P:A4 SP:FF PPU: NOT IMPLEMENTED YET
C038  D0 FA     BNE $C034                       A:00 X:F4 Y:09 P:A4 SP:FF PPU: NOT IMPLEMENTED YET
C034  8D 07 20  STA $2007 = 00                  A:00 X:F4 Y:09 P:A4 SP:FF PPU: NOT IMPLEMENTED YET
C037  CA        DEX                             A:00 X:F4 Y:09 P:A4 SP:FF PPU: NOT IMPLEMENTED YET
C038  D0 FA     BNE $C034                       A:00 X:F3 Y:09 P:A4 SP:FF PPU: NOT IMPLEMENTED YET
C034  8D 07 20  STA $2007 = 00                  A:00 X:F3 Y:09 P:A4 SP:FF PPU: NOT IMPLEMENTED YET
C037  CA        DEX                             A:00 X:F3 Y:09 P:A4 SP:FF PPU: NOT IMPLEMENTED YET
C038  D0 FA     BNE $C034                       A:00 X:F2 Y:09 P:A4 SP:FF PPU: NOT IMPLEMENTED YET
C034  8D 07 20  STA $2007 = 00                  A:00 X:F2 Y:09 P:A4 SP:FF PPU: NOT IMPLEMENTED YET
C037  CA        DEX                             A:00 X:F2 Y:09 P:A4 SP:FF PPU: NOT IMPLEMENTED YET
C038  D0 FA     BNE $C034                       A:00 X:F1 Y:09 P:A4 SP:FF PPU: NOT IMPLEMENTED YET
C034  8D 07 20  STA $2007 = 00                  A:00 X:F1 Y:09 P:A4 SP:FF PPU: NOT IMPLEMENTED YET
C037  CA        DEX                             A:00 X:F1 Y:09 P:A4 SP:FF PPU: NOT IMPLEMENTED YET
C038  D0 FA     BNE $C034                       A:00 X:F0 Y:09 P:A4 SP:FF PPU: NOT IMPLEMENTED YET
C034  8D 07 20  STA $2007 = 00                  A:00 X:F0 Y:09 P:A4 SP:FF PPU: NOT IMPLEMENTED YET
C037  CA        DEX                             A:00 X:F0 Y:09 P:A4 SP:FF PPU: NOT IMPLEMENTED YET
C038  D0 FA     BNE $C034                       A:00 X:EF Y:09 P:A4 SP:FF PPU: NOT IMPLEMENTED YET
C034  8D 07 20  STA $2007 = 00                  A:00 X:EF Y:09 P:A4 SP:FF PPU: NOT IMPLEMENTED YET
C037  CA        DEX                             A:00 X:EF Y:09 P:A4 SP:FF PPU: NOT IMPLEMENTED YET
C038  D0 FA     BNE $C034                       A:00 X:EE Y:09 P:A4 SP:FF PPU: NOT IMPLEMENTED YET
C034  8D 07 20  STA $2007 = 00                  A:00 X:EE Y:09 P:A4 SP:FF PPU: NOT IMPLEMENTED YET
C037  CA        DEX                             A:00 X:EE Y:09 P:A4 SP:FF PPU: NOT IMPLEMENTED YET
C038  D0 FA     BNE $C034                       A:00 X:ED Y:09 P:A4 SP:FF PPU: NOT IMPLEMENTED YET
C034  8D 07 20  STA $2007 = 00                  A:00 X:ED Y:09 P:A4 SP:FF PPU: NOT IMPLEMENTED YET
C037  CA        DEX                             A:00 X:ED Y:09 P:A4 SP:FF PPU: NOT IMPLEMENTED YET
C038  D0 FA     BNE $C034                       A:00 X:EC Y:09 P:A4 SP:FF PPU: NOT IMPLEMENTED YET
C034  8D 07 20  STA $2007 = 00                  A:00 X:EC Y:09 P:A4 SP:FF PPU: NOT IMPLEMENTED YET
C037  CA        DEX                             A:00 X:EC Y:09 P:A4 SP:FF PPU: NOT IMPLEMENTED YET
C038  D0 FA     BNE $C034                       A:00 X:EB Y:09 P:A4 SP:FF PPU: NOT IMPLEMENTED YET
C034  8D 07 20  STA $2007 = 00                  A:00 X:EB Y:09 P:A4 SP:FF PPU: NOT IMPLEMENTED YET
C037  CA        DEX                             A:00 X:EB Y:09 P:A4 SP:FF PPU: NOT IMPLEMENTED YET
C038  D0 FA     BNE $C034                       A:00 X:EA Y:09 P:A4 SP:FF PPU: NOT IMPLEMENTED YET
C034  8D 07 20  STA $2007 = 00                  A:00 X:EA Y:09 P:A4 SP:FF PPU: NOT IMPLEMENTED YET
C037  CA        DEX                             A:00 X:EA Y:09 P:A4 SP:FF PPU: NOT IMPLEMENTED YET
C038  D0 FA     BNE $C034                       A:00 X:E9 Y:09 P:A4 SP:FF PPU: NOT IMPLEMENTED YET
C034  8D 07 20  STA $2007 = 00                  A:00 X:E9 Y:09 P:A4 SP:FF PPU: NOT IMPLEMENTED YET
C037  CA        DEX                             A:00 X:E9 Y:09 P:A4 SP:FF PPU: NOT IMPLEMENTED YET
C038  D0 FA     BNE $C034                       A:00 X:E8 Y:09 P:A4 SP:FF PPU: NOT IMPLEMENTED YET
C034  8D 07 20  STA $2007 = 00                  A:00 X:E8 Y:09 P:A4 SP:FF PPU: NOT IMPLEMENTED YET
C037  CA        DEX                             A:00 X:E8 Y:09 P:A4 SP:FF PPU: NOT IMPLEMENTED YET
C038  D0 FA     BNE $C034                       A:00 X:E7 Y:09 P:A4 SP:FF PPU: NOT IMPLEMENTED YET
C034  8D 07 20  STA $2007 = 00                  A:00 X:E7 Y:09 P:A4 SP:FF PPU: NOT IMPLEMENTED YET
C037  CA        DEX                             A:00 X:E7 Y:09 P:A4 SP:FF PPU: NOT IMPLEMENTED YET
C038  D0 FA     BNE $C034                       A:00 X:E6 Y:09 P:A4 SP:FF PPU: NOT IMPLEMENTED YET
C034  8D 07 20  STA $2007 = 00                  A:00 X:E6 Y:09 P:A4 SP:FF PPU: NOT IMPLEMENTED YET
C037  CA        DEX                             A:00 X:E6 Y:09 P:A4 SP:FF PPU: NOT IMPLEMENTED YET
C038  D0 FA     BNE $C034                       A:00 X:E5 Y:09 P:A4 SP:FF PPU: NOT IMPLEMENTED YET
C034  8D 07 20  STA $2007 = 00                  A:00 X:E5 Y:09 P:A4 SP:FF PPU: NOT IMPLEMENTED YET
C037  CA        DEX                             A:00 X:E5 Y:09 P:A4 SP:FF PPU: NOT IMPLEMENTED YET
C038  D0 FA     BNE $C034                       A:00 X:E4 Y:09 P:A4 SP:FF PPU: NOT IMPLEMENTED YET
C034  8D 07 20  STA $2007 = 00                  A:00 X:E4 Y:09 P:A4 SP:FF PPU: NOT IMPLEMENTED YET
C037  CA        DEX                             A:00 X:E4 Y:09 P:A4 SP:FF PPU: NOT IMPLEMENTED YET
C038  D0 FA     BNE $C034                       A:00 X:E3 Y:09 P:A4 SP:FF PPU: NOT IMPLEMENTED YET
C034  8D 07 20  STA $2007 = 00                  A:00 X:E3 Y:09 P:A4 SP:FF PPU: NOT IMPLEMENTED YET
C037  CA        DEX                             A:00 X:E3 Y:09 P:A4 SP:FF PPU: NOT IMPLEMENTED YET
C038  D0 FA     BNE $C034                       A:00 X:E2 Y:09 P:A4 SP:FF PPU: NOT IMPLEMENTED YET
C034  8D 07 20  STA $2007 = 00                  A:00 X:E2 Y:09 P:A4 SP:FF PPU: NOT IMPLEMENTED YET
C037  CA        DEX                             A:00 X:E2 Y:09 P:A4 SP:FF PPU: NOT IMPLEMENTED YET
C038  D0 FA     BNE $C034                       A:00 X:E1 Y:09 P:A4 SP:FF PPU: NOT IMPLEMENTED YET
C034  8D 07 20  STA $2007 = 00                  A:00 X:E1 Y:09 P:A4 SP:FF PPU: NOT IMPLEMENTED YET
C037  CA        DEX                             A:00 X:E1 Y:09 P:A4 SP:FF PPU: NOT IMPLEMENTED YET
C038  D0 FA     BNE $C034                       A:00 X:E0 Y:09 P:A4 SP:FF PPU: NOT IMPLEMENTED YET
C034  8D 07 20  STA $2007 = 00                  A:00 X:E0 Y:09 P:A4 SP:FF PPU: NOT IMPLEMENTED YET
C037  CA        DEX                             A:00 X:E0 Y:09 P:A4 SP:FF PPU: NOT IMPLEMENTED YET
C038  D0 FA     BNE $C034                       A:00 X:DF Y:09 P:A4 SP:FF PPU: NOT IMPLEMENTED YET
C034  8D 07 20  STA $2007 = 00                  A:00 X:DF Y:09 P:A4 SP:FF PPU: NOT IMPLEMENTED YET
C037  CA        DEX                             A:00 X:DF Y:09 P:A4 SP:FF PPU: NOT IMPLEMENTED YET
C038  D0 FA     BNE $C034                       A:00 X:DE Y:09 P:A4 SP:FF PPU: NOT IMPLEMENTED YET
C034  8D 07 20  STA $2007 = 00                  A:00 X:DE Y:09 P:A4 SP:FF PPU: NOT IMPLEMENTED YET
C037  CA        DEX                             A:00 X:DE Y:09 P:A4 SP:FF PPU: NOT IMPLEMENTED YET
C038  D0 FA     BNE $C034                       A:00 X:DD Y:09 P:A4 SP:FF PPU: NOT IMPLEMENTED YET
C034  8D 07 20  STA $2007 = 00                  A:00 X:DD Y:09 P:A4 SP:FF PPU: NOT IMPLEMENTED YET
C037  CA        DEX                             A:00 X:DD Y:09 P:A4 SP:FF PPU: NOT IMPLEMENTED YET
C038  D0 FA     BNE $C034                       A:00 X:DC Y:09 P:A4 SP:FF PPU: NOT IMPLEMENTED YET
C034  8D 07 20  STA $2007 = 00                  A:00 X:DC Y:09 P:A4 SP:FF PPU: NOT IMPLEMENTED YET
C037  CA        DEX                             A:00 X:DC Y:09 P:A4 SP:FF PPU: NOT IMPLEMENTED YET
C038  D0 FA     BNE $C034                       A:00 X:DB Y:09 P:A4 SP:FF PPU: NOT IMPLEMENTED YET
C034  8D 07 20  STA $2007 = 00                  A:00 X:DB Y:09 P:A4 SP:FF PPU: NOT IMPLEMENTED YET
C037  CA        DEX                             A:00 X:DB Y:09 P:A4 SP:FF PPU: NOT IMPLEMENTED YET
C038  D0 FA     BNE $C034                       A:00 X:DA Y:09 P:A4 SP:FF PPU: NOT IMPLEMENTED YET
C034  8D 07 20  STA $2007 = 00                  A:00 X:DA Y:09 P:A4 SP:FF PPU: NOT IMPLEMENTED YET
C037  CA        DEX                             A:00 X:DA Y:09 P:A4 SP:FF PPU: NOT IMPLEMENTED YET
C038  D0 FA     BNE $C034                       A:00 X:D9 Y:09 P:A4 SP:FF PPU: NOT IMPLEMENTED YET
C034  8D 07 20  STA $2007 = 00                  A:00 X:D9 Y:09 P:A4 SP:FF PPU: NOT IMPLEMENTED YET
C037  CA        DEX                             A:00 X:D9 Y:09 P:A4 SP:FF PPU: NOT IMPLEMENTED YET
C038  D0 FA     BNE $C034                       A:00 X:D8 Y:09 P:A4 SP:FF PPU: NOT IMPLEMENTED YET
C034  8D 07 20  STA $2007 = 00                  A:00 X:D8 Y:09 P:A4 SP:FF PPU: NOT IMPLEMENTED YET
C037  CA        DEX                             A:00 X:D8 Y:09 P:A4 SP:FF PPU: NOT IMPLEMENTED YET
C038  D0 FA     BNE $C034                       A:00 X:D7 Y:09 P:A4 SP:FF PPU: NOT IMPLEMENTED YET
C034  8D 07 20  STA $2007 = 00                  A:00 X:D7 Y:09 P:A4 SP:FF PPU: NOT IMPLEMENTED YET
C037  CA        DEX                             A:00 X:D7 Y:09 P:A4 SP:FF PPU: NOT IMPLEMENTED YET
C038  D0 FA     BNE $C034                       A:00 X:D6 Y:09 P:A4 SP:FF PPU: NOT IMPLEMENTED YET
C034  8D 07 20  STA $2007 = 00                  A:00 X:D6 Y:09 P:A4 SP:FF PPU: NOT IMPLEMENTED YET
C037  CA        DEX                             A:00 X:D6 Y:09 P:A4 SP:FF PPU: NOT IMPLEMENTED YET
C038  D0 FA     BNE $C034                       A:00 X:D5 Y:09 P:A4 SP:FF PPU: NOT IMPLEMENTED YET
C034  8D 07 20  STA $2007 = 00                  A:00 X:D5 Y:09 P:A4 SP:FF PPU: NOT IMPLEMENTED YET
C037  CA        DEX                             A:00 X:D5 Y:09 P:A4 SP:FF PPU: NOT IMPLEMENTED YET
C038  D0 FA     BNE $C034                       A:00 X:D4 Y:09 P:A4 SP:FF PPU: NOT IMPLEMENTED YET
C034  8D 07 20  STA $2007 = 00                  A:00 X:D4 Y:09 P:A4 SP:FF PPU: NOT IMPLEMENTED YET
C037  CA        DEX                             A:00 X:D4 Y:09 P:A4 SP:FF PPU: NOT IMPLEMENTED YET
C038  D0 FA     BNE $C034                       A:00 X:D3 Y:09 P:A4 SP:FF PPU: NOT IMPLEMENTED YET
C034  8D 07 20  STA $2007 = 00                  A:00 X:D3 Y:09 P:A4 SP:FF PPU: NOT IMPLEMENTED YET
C037  CA        DEX                             A:00 X:D3 Y:09 P:A4 SP:FF PPU: NOT IMPLEMENTED YET
C038  D0 FA     BNE $C034                       A:00 X:D2 Y:09 P:A4 SP:FF PPU: NOT IMPLEMENTED YET
C034  8D 07 20  STA $2007 = 00                  A:00 X:D2 Y:09 P:A4 SP:FF PPU: NOT IMPLEMENTED YET
C037  CA        DEX                             A:00 X:D2 Y:09 P:A4 SP:FF PPU: NOT IMPLEMENTED YET
C038  D0 FA     BNE $C034                       A:00 X:D1 Y:09 P:A4 SP:FF PPU: NOT IMPLEMENTED YET
C034  8D 07 20  STA $2007 = 00                  A:00 X:D1 Y:09 P:A4 SP:FF PPU: NOT IMPLEMENTED YET
C037  CA        DEX                             A:00 X:D1 Y:09 P:A4 SP:FF PPU: NOT IMPLEMENTED YET
C038  D0 FA     BNE $C034                       A:00 X:D0 Y:09 P:A4 SP:FF PPU: NOT IMPLEMENTED YET
C034  8D 07 20  STA $2007 = 00                  A:00 X:D0 Y:09 P:A4 SP:FF PPU: NOT IMPLEMENTED YET
C037  CA        DEX                             A:00 X:D0 Y:09 P:A4 SP:FF PPU: NOT IMPLEMENTED YET
C038  D0 FA     BNE $C034                       A:00 X:CF Y:09 P:A4 SP:FF PPU: NOT IMPLEMENTED YET
C034  8D 07 20  STA $2007 = 00                  A:00 X:CF Y:09 P:A4 SP:FF PPU: NOT IMPLEMENTED YET
C037  CA        DEX                             A:00 X:CF Y:09 P:A4 SP:FF PPU: NOT IMPLEMENTED YET
C038  D0 FA     BNE $C034                       A:00 X:CE Y:09 P:A4 SP:FF PPU: NOT IMPLEMENTED YET
C034  8D 07 20  STA $2007 = 00                  A:00 X:CE Y:09 P:A4 SP:FF PPU: NOT IMPLEMENTED YET
C037  CA        DEX                             A:00 X:CE Y:09 P:A4 SP:FF PPU: NOT IMPLEMENTED YET
C038  D0 FA     BNE $C034                       A:00 X:CD Y:09 P:A4 SP:FF PPU: NOT IMPLEMENTED YET
C034  8D 07 20  STA $2007 = 00                  A:00 X:CD Y:09 P:A4 SP:FF PPU: NOT IMPLEMENTED YET
C037  CA        DEX                             A:00 X:CD Y:09 P:A4 SP:FF PPU: NOT IMPLEMENTED YET
C038  D0 FA     BNE $C034                       A:00 X:CC Y:09 P:A4 SP:FF PPU: NOT IMPLEMENTED YET
C034  8D 07 20  STA $2007 = 00                  A:00 X:CC Y:09 P:A4 SP:FF PPU: NOT IMPLEMENTED YET
C037  CA        DEX                             A:00 X:CC Y:09 P:A4 SP:FF PPU: NOT IMPLEMENTED YET
C038  D0 FA     BNE $C034                       A:00 X:CB Y:09 P:A4 SP:FF PPU: NOT IMPLEMENTED YET
C034  8D 07 20  STA $2007 = 00                  A:00 X:CB Y:09 P:A4 SP:FF PPU: NOT IMPLEMENTED YET
C037  CA        DEX                             A:00 X:CB Y:09 P:A4 SP:FF PPU: NOT IMPLEMENTED YET
C038  D0 FA     BNE $C034                       A:00 X:CA Y:09 P:A4 SP:FF PPU: NOT IMPLEMENTED YET
C034  8D 07 20  STA $2007 = 00                  A:00 X:CA Y:09 P:A4 SP:FF PPU: NOT IMPLEMENTED YET
C037  CA        DEX                             A:00 X:CA Y:09 P:A4 SP:FF PPU: NOT IMPLEMENTED YET
C038  D0 FA     BNE $C034                       A:00 X:C9 Y:09 P:A4 SP:FF PPU: NOT IMPLEMENTED YET
C034  8D 07 20  STA $2007 = 00                  A:00 X:C9 Y:09 P:A4 SP:FF PPU: NOT IMPLEMENTED YET
C037  CA        DEX                             A:00 X:C9 Y:09 P:A4 SP:FF PPU: NOT IMPLEMENTED YET
C038  D0 FA     BNE $C034                       A:00 X:C8 Y:09 P:A4 SP:FF PPU: NOT IMPLEMENTED YET
C034  8D 07 20  STA $2007 = 00                  A:00 X:C8 Y:09 P:A4 SP:FF PPU: NOT IMPLEMENTED YET
C037  CA        DEX                             A:00 X:C8 Y:09 P:A4 SP:FF PPU: NOT IMPLEMENTED YET
C038  D0 FA     BNE $C034                       A:00 X:C7 Y:09 P:A4 SP:FF PPU: NOT IMPLEMENTED YET
C034  8D 07 20  STA $2007 = 00                  A:00 X:C7 Y:09 P:A4 SP:FF PPU: NOT IMPLEMENTED YET
C037  CA        DEX                             A:00 X:C7 Y:09 P:A4 SP:FF PPU: NOT IMPLEMENTED YET
C038  D0 FA     BNE $C034                       A:00 X:C6 Y:09 P:A4 SP:FF PPU: NOT IMPLEMENTED YET
C034  8D 07 20  STA $2007 = 00                  A:00 X:C6 Y:09 P:A4 SP:FF PPU: NOT IMPLEMENTED YET
C037  CA        DEX                             A:00 X:C6 Y:09 P:A4 SP:FF PPU: NOT IMPLEMENTED YET
C038  D0 FA     BNE $C034                       A:00 X:C5 Y:09 P:A4 SP:FF PPU: NOT IMPLEMENTED YET
C034  8D 07 20  STA $2007 = 00                  A:00 X:C5 Y:09 P:A4 SP:FF PPU: NOT IMPLEMENTED YET
C037  CA        DEX                             A:00 X:C5 Y:09 P:A4 SP:FF PPU: NOT IMPLEMENTED YET
C038  D0 FA     BNE $C034                       A:00 X:C4 Y:09 P:A4 SP:FF PPU: NOT IMPLEMENTED YET
C034  8D 07 20  STA $2007 = 00                  A:00 X:C4 Y:09 P:A4 SP:FF PPU: NOT IMPLEMENTED YET
C037  CA        DEX                             A:00 X:C4 Y:09 P:A4 SP:FF PPU: NOT IMPLEMENTED YET
C038  D0 FA     BNE $C034                       A:00 X:C3 Y:09 P:A4 SP:FF PPU: NOT IMPLEMENTED YET
C034  8D 07 20  STA $2007 = 00                  A:00 X:C3 Y:09 P:A4 SP:FF PPU: NOT IMPLEMENTED YET
C037  CA        DEX                             A:00 X:C3 Y:09 P:A4 SP:FF PPU: NOT IMPLEMENTED YET
C038  D0 FA     BNE $C034                       A:00 X:C2 Y:09 P:A4 SP:FF PPU: NOT IMPLEMENTED YET
C034  8D 07 20  STA $2007 = 00                  A:00 X:C2 Y:09 P:A4 SP:FF PPU: NOT IMPLEMENTED YET
C037  CA        DEX                             A:00 X:C2 Y:09 P:A4 SP:FF PPU: NOT IMPLEMENTED YET
C038  D0 FA     BNE $C034                       A:00 X:C1 Y:09 P:A4 SP:FF PPU: NOT IMPLEMENTED YET
C034  8D 07 20  STA $2007 = 00                  A:00 X:C1 Y:09 P:A4 SP:FF PPU: NOT IMPLEMENTED YET
C037  CA        DEX                             A:00 X:C1 Y:09 P:A4 SP:FF PPU: NOT IMPLEMENTED YET
C038  D0 FA     BNE $C034                       A:00 X:C0 Y:09 P:A4 SP:FF PPU: NOT IMPLEMENTED YET
C034  8D 07 20  STA $2007 = 00                  A:00 X:C0 Y:09 P:A4 SP:FF PPU: NOT IMPLEMENTED YET
C037  CA        DEX                             A:00 X:C0 Y:09 P:A4 SP:FF PPU: NOT IMPLEMENTED YET
C038  D0 FA     BNE $C034                       A:00 X:BF Y:09 P:A4 SP:FF PPU: NOT IMPLEMENTED YET
C034  8D 07 20  STA $2007 = 00                  A:00 X:BF Y:09 P:A4 SP:FF PPU: NOT IMPLEMENTED YET
C037  CA        DEX                             A:00 X:BF Y:09 P:A4 SP:FF PPU: NOT IMPLEMENTED YET
C038  D0 FA     BNE $C034                       A:00 X:BE Y:09 P:A4 SP:FF PPU: NOT IMPLEMENTED YET
C034  8D 07 20  STA $2007 = 00                  A:00 X:BE Y:09 P:A4 SP:FF PPU: NOT IMPLEMENTED YET
C037  CA        DEX                             A:00 X:BE Y:09 P:A4 SP:FF PPU: NOT IMPLEMENTED YET
C038  D0 FA     BNE $C034                       A:00 X:BD Y:09 P:A4 SP:FF PPU: NOT IMPLEMENTED YET
C034  8D 07 20  STA $2007 = 00                  A:00 X:BD Y:09 P:A4 SP:FF PPU: NOT IMPLEMENTED YET
C037  CA        DEX                             A:00 X:BD Y:09 P:A4 SP:FF PPU: NOT IMPLEMENTED YET
C038  D0 FA     BNE $C034                       A:00 X:BC Y:09 P:A4 SP:FF PPU: NOT IMPLEMENTED YET
C034  8D 07 20  STA $2007 = 00                  A:00 X:BC Y:09 P:A4 SP:FF PPU: NOT IMPLEMENTED YET
C037  CA        DEX                             A:00 X:BC Y:09 P:A4 SP:FF PPU: NOT IMPLEMENTED YET
C038  D0 FA     BNE $C034                       A:00 X:BB Y:09 P:A4 SP:FF PPU: NOT IMPLEMENTED YET
C034  8D 07 20  STA $2007 = 00                  A:00 X:BB Y:09 P:A4 SP:FF PPU: NOT IMPLEMENTED YET
C037  CA        DEX                             A:00 X:BB Y:09 P:A4 SP:FF PPU: NOT IMPLEMENTED YET
C038  D0 FA     BNE $C034                       A:00 X:BA Y:09 P:A4 SP:FF PPU: NOT IMPLEMENTED YET
C034  8D 07 20  STA $2007 = 00                  A:00 X:BA Y:09 P:A4 SP:FF PPU: NOT IMPLEMENTED YET
C037  CA        DEX                             A:00 X:BA Y:09 P:A4 SP:FF PPU: NOT IMPLEMENTED YET
C038  D0 FA     BNE $C034                       A:00 X:B9 Y:09 P:A4 SP:FF PPU: NOT IMPLEMENTED YET
C034  8D 07 20  STA $2007 = 00                  A:00 X:B9 Y:09 P:A4 SP:FF PPU: NOT IMPLEMENTED YET
C037  CA        DEX                             A:00 X:B9 Y:09 P:A4 SP:FF PPU: NOT IMPLEMENTED YET
C038  D0 FA     BNE $C034                       A:00 X:B8 Y:09 P:A4 SP:FF PPU: NOT IMPLEMENTED YET
C034  8D 07 20  STA $2007 = 00                  A:00 X:B8 Y:09 P:A4 SP:FF PPU: NOT IMPLEMENTED YET
C037  CA        DEX                             A:00 X:B8 Y:09 P:A4 SP:FF PPU: NOT IMPLEMENTED YET
C038  D0 FA     BNE $C034                       A:00 X:B7 Y:09 P:A4 SP:FF PPU: NOT IMPLEMENTED YET
C034  8D 07 20  STA $2007 = 00                  A:00 X:B7 Y:09 P:A4 SP:FF PPU: NOT IMPLEMENTED YET
C037  CA        DEX                             A:00 X:B7 Y:09 P:A4 SP:FF PPU: NOT IMPLEMENTED YET
C038  D0 FA     BNE $C034                       A:00 X:B6 Y:09 P:A4 SP:FF PPU: NOT IMPLEMENTED YET
C034  8D 07 20  STA $2007 = 00                  A:00 X:B6 Y:09 P:A4 SP:FF PPU: NOT IMPLEMENTED YET
C037  CA        DEX                             A:00 X:B6 Y:09 P:A4 SP:FF PPU: NOT IMPLEMENTED YET
C038  D0 FA     BNE $C034                       A:00 X:B5 Y:09 P:A4 SP:FF PPU: NOT IMPLEMENTED YET
C034  8D 07 20  STA $2007 = 00                  A:00 X:B5 Y:09 P:A4 SP:FF PPU: NOT IMPLEMENTED YET
C037  CA        DEX                             A:00 X:B5 Y:09 P:A4 SP:FF PPU: NOT IMPLEMENTED YET
C038  D0 FA     BNE $C034                       A:00 X:B4 Y:09 P:A4 SP:FF PPU: NOT IMPLEMENTED YET
C034  8D 07 20  STA $2007 = 00                  A:00 X:B4 Y:09 P:A4 SP:FF PPU: NOT IMPLEMENTED YET
C037  CA        DEX                             A:00 X:B4 Y:09 P:A4 SP:FF PPU: NOT IMPLEMENTED YET
C038  D0 FA     BNE $C034                       A:00 X:B3 Y:09 P:A4 SP:FF PPU: NOT IMPLEMENTED YET
C034  8D 07 20  STA $2007 = 00                  A:00 X:B3 Y:09 P:A4 SP:FF PPU: NOT IMPLEMENTED YET
C037  CA        DEX                             A:00 X:B3 Y:09 P:A4 SP:FF PPU: NOT IMPLEMENTED YET
C038  D0 FA     BNE $C034                       A:00 X:B2 Y:09 P:A4 SP:FF PPU: NOT IMPLEMENTED YET
C034  8D 07 20  STA $2007 = 00                  A:00 X:B2 Y:09 P:A4 SP:FF PPU: NOT IMPLEMENTED YET
C037  CA        DEX                             A:00 X:B2 Y:09 P:A4 SP:FF PPU: NOT IMPLEMENTED YET
C038  D0 FA     BNE $C034                       A:00 X:B1 Y:09 P:A4 SP:FF PPU: NOT IMPLEMENTED YET
C034  8D 07 20  STA $2007 = 00                  A:00 X:B1 Y:09 P:A4 SP:FF PPU: NOT IMPLEMENTED YET
C037  CA        DEX                             A:00 X:B1 Y:09 P:A4 SP:FF PPU: NOT IMPLEMENTED YET
C038  D0 FA     BNE $C034                       A:00 X:B0 Y:09 P:A4 SP:FF PPU: NOT IMPLEMENTED YET
C034  8D 07 20  STA $2007 = 00                  A:00 X:B0 Y:09 P:A4 SP:FF PPU: NOT IMPLEMENTED YET
C037  CA        DEX                             A:00 X:B0 Y:09 P:A4 SP:FF PPU: NOT IMPLEMENTED YET
C038  D0 FA     BNE $C034                       A:00 X:AF Y:09 P:A4 SP:FF PPU: NOT IMPLEMENTED YET
C034  8D 07 20  STA $2007 = 00                  A:00 X:AF Y:09 P:A4 SP:FF PPU: NOT IMPLEMENTED YET
C037  CA        DEX                             A:00 X:AF Y:09 P:A4 SP:FF PPU: NOT IMPLEMENTED YET
C038  D0 FA     BNE $C034                       A:00 X:AE Y:09 P:A4 SP:FF PPU: NOT IMPLEMENTED YET
C034  8D 07 20  STA $2007 = 00                  A:00 X:AE Y:09 P:A4 SP:FF PPU: NOT IMPLEMENTED YET
C037  CA        DEX                             A:00 X:AE Y:09 P:A4 SP:FF PPU: NOT IMPLEMENTED YET
C038  D0 FA     BNE $C034                       A:00 X:AD Y:09 P:A4 SP:FF PPU: NOT IMPLEMENTED YET
C034  8D 07 20  STA $2007 = 00                  A:00 X:AD Y:09 P:A4 SP:FF PPU: NOT IMPLEMENTED YET
C037  CA        DEX                             A:00 X:AD Y:09 P:A4 SP:FF PPU: NOT IMPLEMENTED YET
C038  D0 FA     BNE $C034                       A:00 X:AC Y:09 P:A4 SP:FF PPU: NOT IMPLEMENTED YET
C034  8D 07 20  STA $2007 = 00                  A:00 X:AC Y:09 P:A4 SP:FF PPU: NOT IMPLEMENTED YET
C037  CA        DEX                             A:00 X:AC Y:09 P:A4 SP:FF PPU: NOT IMPLEMENTED YET
C038  D0 FA     BNE $C034                       A:00 X:AB Y:09 P:A4 SP:FF PPU: NOT IMPLEMENTED YET
C034  8D 07 20  STA $2007 = 00                  A:00 X:AB Y:09 P:A4 SP:FF PPU: NOT IMPLEMENTED YET
C037  CA        DEX                             A:00 X:AB Y:09 P:A4 SP:FF PPU: NOT IMPLEMENTED YET
C038  D0 FA     BNE $C034                       A:00 X:AA Y:09 P:A4 SP:FF PPU: NOT IMPLEMENTED YET
C034  8D 07 20  STA $2007 = 00                  A:00 X:AA Y:09 P:A4 SP:FF PPU: NOT IMPLEMENTED YET
C037  CA        DEX                             A:00 X:AA Y:09 P:A4 SP:FF PPU: NOT IMPLEMENTED YET
C038  D0 FA     BNE $C034                       A:00 X:A9 Y:09 P:A4 SP:FF PPU: NOT IMPLEMENTED YET
C034  8D 07 20  STA $2007 = 00                  A:00 X:A9 Y:09 P:A4 SP:FF PPU: NOT IMPLEMENTED YET
C037  CA        DEX                             A:00 X:A9 Y:09 P:A4 SP:FF PPU: NOT IMPLEMENTED YET
C038  D0 FA     BNE $C034                       A:00 X:A8 Y:09 P:A4 SP:FF PPU: NOT IMPLEMENTED YET
C034  8D 07 20  STA $2007 = 00                  A:00 X:A8 Y:09 P:A4 SP:FF PPU: NOT IMPLEMENTED YET
C037  CA        DEX                             A:00 X:A8 Y:09 P:A4 SP:FF PPU: NOT IMPLEMENTED YET
C038  D0 FA     BNE $C034                       A:00 X:A7 Y:09 P:A4 SP:FF PPU: NOT IMPLEMENTED YET
C034  8D 07 20  STA $2007 = 00                  A:00 X:A7 Y:09 P:A4 SP:FF PPU: NOT IMPLEMENTED YET
C037  CA        DEX                             A:00 X:A7 Y:09 P:A4 SP:FF PPU: NOT IMPLEMENTED YET
C038  D0 FA     BNE $C034                       A:00 X:A6 Y:09 P:A4 SP:FF PPU: NOT IMPLEMENTED YET
C034  8D 07 20  STA $2007 = 00                  A:00 X:A6 Y:09 P:A4 SP:FF PPU: NOT IMPLEMENTED YET
C037  CA        DEX                             A:00 X:A6 Y:09 P:A4 SP:FF PPU: NOT IMPLEMENTED YET
C038  D0 FA     BNE $C034                       A:00 X:A5 Y:09 P:A4 SP:FF PPU: NOT IMPLEMENTED YET
C034  8D 07 20  STA $2007 = 00                  A:00 X:A5 Y:09 P:A4 SP:FF PPU: NOT IMPLEMENTED YET
C037  CA        DEX                             A:00 X:A5 Y:09 P:A4 SP:FF PPU: NOT IMPLEMENTED YET
C038  D0 FA     BNE $C034                       A:00 X:A4 Y:09 P:A4 SP:FF PPU: NOT IMPLEMENTED YET
C034  8D 07 20  STA $2007 = 00                  A:00 X:A4 Y:09 P:A4 SP:FF PPU: NOT IMPLEMENTED YET
C037  CA        DEX                             A:00 X:A4 Y:09 P:A4 SP:FF PPU: NOT IMPLEMENTED YET
C038  D0 FA     BNE $C034                       A:00 X:A3 Y:09 P:A4 SP:FF PPU: NOT IMPLEMENTED YET
C034  8D 07 20  STA $2007 = 00                  A:00 X:A3 Y:09 P:A4 SP:FF PPU: NOT IMPLEMENTED YET
C037  CA        DEX                             A:00 X:A3 Y:09 P:A4 SP:FF PPU: NOT IMPLEMENTED YET
C038  D0 FA     BNE $C034                       A:00 X:A2 Y:09 P:A4 SP:FF PPU: NOT IMPLEMENTED YET
C034  8D 07 20  STA $2007 = 00                  A:00 X:A2 Y:09 P:A4 SP:FF PPU: NOT IMPLEMENTED YET
C037  CA        DEX                             A:00 X:A2 Y:09 P:A4 SP:FF PPU: NOT IMPLEMENTED YET
C038  D0 FA     BNE $C034                       A:00 X:A1 Y:09 P:A4 SP:FF PPU: NOT IMPLEMENTED YET
C034  8D 07 20  STA $2007 = 00                  A:00 X:A1 Y:09 P:A4 SP:FF PPU: NOT IMPLEMENTED YET
C037  CA        DEX                             A:00 X:A1 Y:09 P:A4 SP:FF PPU: NOT IMPLEMENTED YET
C038  D0 FA     BNE $C034                       A:00 X:A0 Y:09 P:A4 SP:FF PPU: NOT IMPLEMENTED YET
C034  8D 07 20  STA $2007 = 00                  A:00 X:A0 Y:09 P:A4 SP:FF PPU: NOT IMPLEMENTED YET
C037  CA        DEX                             A:00 X:A0 Y:09 P:A4 SP:FF PPU: NOT IMPLEMENTED YET
C038  D0 FA     BNE $C034                       A:00 X:9F Y:09 P:A4 SP:FF PPU: NOT IMPLEMENTED YET
C034  8D 07 20  STA $2007 = 00                  A:00 X:9F Y:09 P:A4 SP:FF PPU: NOT IMPLEMENTED YET
C037  CA        DEX                             A:00 X:9F Y:09 P:A4 SP:FF PPU: NOT IMPLEMENTED YET
C038  D0 FA     BNE $C034                       A:00 X:9E Y:09 P:A4 SP:FF PPU: NOT IMPLEMENTED YET
C034  8D 07 20  STA $2007 = 00                  A:00 X:9E Y:09 P:A4 SP:FF PPU: NOT IMPLEMENTED YET
C037  CA        DEX                             A:00 X:9E Y:09 P:A4 SP:FF PPU: NOT IMPLEMENTED YET
C038  D0 FA     BNE $C034                       A:00 X:9D Y:09 P:A4 SP:FF PPU: NOT IMPLEMENTED YET
C034  8D 07 20  STA $2007 = 00                  A:00 X:9D Y:09 P:A4 SP:FF PPU: NOT IMPLEMENTED YET
C037  CA        DEX                             A:00 X:9D Y:09 P:A4 SP:FF PPU: NOT IMPLEMENTED YET
C038  D0 FA     BNE $C034                       A:00 X:9C Y:09 P:A4 SP:FF PPU: NOT IMPLEMENTED YET
C034  8D 07 20  STA $2007 = 00                  A:00 X:9C Y:09 P:A4 SP:FF PPU: NOT IMPLEMENTED YET
C037  CA        DEX                             A:00 X:9C Y:09 P:A4 SP:FF PPU: NOT IMPLEMENTED YET
C038  D0 FA     BNE $C034                       A:00 X:9B Y:09 P:A4 SP:FF PPU: NOT IMPLEMENTED YET
C034  8D 07 20  STA $2007 = 00                  A:00 X:9B Y:09 P:A4 SP:FF PPU: NOT IMPLEMENTED YET
C037  CA        DEX                             A:00 X:9B Y:09 P:A4 SP:FF PPU: NOT IMPLEMENTED YET
C038  D0 FA     BNE $C034                       A:00 X:9A Y:09 P:A4 SP:FF PPU: NOT IMPLEMENTED YET
C034  8D 07 20  STA $2007 = 00                  A:00 X:9A Y:09 P:A4 SP:FF PPU: NOT IMPLEMENTED YET
C037  CA        DEX                             A:00 X:9A Y:09 P:A4 SP:FF PPU: NOT IMPLEMENTED YET
C038  D0 FA     BNE $C034                       A:00 X:99 Y:09 P:A4 SP:FF PPU: NOT IMPLEMENTED YET
C034  8D 07 20  STA $2007 = 00                  A:00 X:99 Y:09 P:A4 SP:FF PPU: NOT IMPLEMENTED YET
C037  CA        DEX                             A:00 X:99 Y:09 P:A4 SP:FF PPU: NOT IMPLEMENTED YET
C038  D0 FA     BNE $C034                       A:00 X:98 Y:09 P:A4 SP:FF PPU: NOT IMPLEMENTED YET
C034  8D 07 20  STA $2007 = 00                  A:00 X:98 Y:09 P:A4 SP:FF PPU: NOT IMPLEMENTED YET
C037  CA        DEX                             A:00 X:98 Y:09 P:A4 SP:FF PPU: NOT IMPLEMENTED YET
C038  D0 FA     BNE $C034                       A:00 X:97 Y:09 P:A4 SP:FF PPU: NOT IMPLEMENTED YET
C034  8D 07 20  STA $2007 = 00                  A:00 X:97 Y:09 P:A4 SP:FF PPU: NOT IMPLEMENTED YET
C037  CA        DEX                             A:00 X:97 Y:09 P:A4 SP:FF PPU: NOT IMPLEMENTED YET
C038  D0 FA     BNE $C034                       A:00 X:96 Y:09 P:A4 SP:FF PPU: NOT IMPLEMENTED YET
C034  8D 07 20  STA $2007 = 00                  A:00 X:96 Y:09 P:A4 SP:FF PPU: NOT IMPLEMENTED YET
C037  CA        DEX                             A:00 X:96 Y:09 P:A4 SP:FF PPU: NOT IMPLEMENTED YET
C038  D0 FA     BNE $C034                       A:00 X:95 Y:09 P:A4 SP:FF PPU: NOT IMPLEMENTED YET
C034  8D 07 20  STA $2007 = 00                  A:00 X:95 Y:09 P:A4 SP:FF PPU: NOT IMPLEMENTED YET
C037  CA        DEX                             A:00 X:95 Y:09 P:A4 SP:FF PPU: NOT IMPLEMENTED YET
C038  D0 FA     BNE $C034                       A:00 X:94 Y:09 P:A4 SP:FF PPU: NOT IMPLEMENTED YET
C034  8D 07 20  STA $2007 = 00                  A:00 X:94 Y:09 P:A4 SP:FF PPU: NOT IMPLEMENTED YET
C037  CA        DEX                             A:00 X:94 Y:09 P:A4 SP:FF PPU: NOT IMPLEMENTED YET
C038  D0 FA     BNE $C034                       A:00 X:93 Y:09 P:A4 SP:FF PPU: NOT IMPLEMENTED YET
C034  8D 07 20  STA $2007 = 00                  A:00 X:93 Y:09 P:A4 SP:FF PPU: NOT IMPLEMENTED YET
C037  CA        DEX                             A:00 X:93 Y:09 P:A4 SP:FF PPU: NOT IMPLEMENTED YET
C038  D0 FA     BNE $C034                       A:00 X:92 Y:09 P:A4 SP:FF PPU: NOT IMPLEMENTED YET
C034  8D 07 20  STA $2007 = 00                  A:00 X:92 Y:09 P:A4 SP:FF PPU: NOT IMPLEMENTED YET
C037  CA        DEX                             A:00 X:92 Y:09 P:A4 SP:FF PPU: NOT IMPLEMENTED YET
C038  D0 FA     BNE $C034                       A:00 X:91 Y:09 P:A4 SP:FF PPU: NOT IMPLEMENTED YET
C034  8D 07 20  STA $2007 = 00                  A:00 X:91 Y:09 P:A4 SP:FF PPU: NOT IMPLEMENTED YET
C037  CA        DEX                             A:00 X:91 Y:09 P:A4 SP:FF PPU: NOT IMPLEMENTED YET
C038  D0 FA     BNE $C034                       A:00 X:90 Y:09 P:A4 SP:FF PPU: NOT IMPLEMENTED YET
C034  8D 07 20  STA $2007 = 00                  A:00 X:90 Y:09 P:A4 SP:FF PPU: NOT IMPLEMENTED YET
C037  CA        DEX                             A:00 X:90 Y:09 P:A4 SP:FF PPU: NOT IMPLEMENTED YET
C038  D0 FA     BNE $C034                       A:00 X:8F Y:09 P:A4 SP:FF PPU: NOT IMPLEMENTED YET
C034  8D 07 20  STA $2007 = 00                  A:00 X:8F Y:09 P:A4 SP:FF PPU: NOT IMPLEMENTED YET
C037  CA        DEX                             A:00 X:8F Y:09 P:A4 SP:FF PPU: NOT IMPLEMENTED YET
C038  D0 FA     BNE $C034                       A:00 X:8E Y:09 P:A4 SP:FF PPU: NOT IMPLEMENTED YET
C034  8D 07 20  STA $2007 = 00                  A:00 X:8E Y:09 P:A4 SP:FF PPU: NOT IMPLEMENTED YET
C037  CA        DEX                             A:00 X:8E Y:09 P:A4 SP:FF PPU: NOT IMPLEMENTED YET
C038  D0 FA     BNE $C034                       A:00 X:8D Y:09 P:A4 SP:FF PPU: NOT IMPLEMENTED YET
C034  8D 07 20  STA $2007 = 00                  A:00 X:8D Y:09 P:A4 SP:FF PPU: NOT IMPLEMENTED YET
C037  CA        DEX                             A:00 X:8D Y:09 P:A4 SP:FF PPU: NOT IMPLEMENTED YET
C038  D0 FA     BNE $C034                       A:00 X:8C Y:09 P:A4 SP:FF PPU: NOT IMPLEMENTED YET
C034  8D 07 20  STA $2007 = 00                  A:00 X:8C Y:09 P:A4 SP:FF PPU: NOT IMPLEMENTED YET
C037  CA        DEX                             A:00 X:8C Y:09 P:A4 SP:FF PPU: NOT IMPLEMENTED YET
C038  D0 FA     BNE $C034                       A:00 X:8B Y:09 P:A4 SP:FF PPU: NOT IMPLEMENTED YET
C034  8D 07 20  STA $2007 = 00                  A:00 X:8B Y:09 P:A4 SP:FF PPU: NOT IMPLEMENTED YET
C037  CA        DEX                             A:00 X:8B Y:09 P:A4 SP:FF PPU: NOT IMPLEMENTED YET
C038  D0 FA     BNE $C034                       A:00 X:8A Y:09 P:A4 SP:FF PPU: NOT IMPLEMENTED YET
C034  8D 07 20  STA $2007 = 00                  A:00 X:8A Y:09 P:A4 SP:FF PPU: NOT IMPLEMENTED YET
C037  CA        DEX                             A:00 X:8A Y:09 P:A4 SP:FF PPU: NOT IMPLEMENTED YET
C038  D0 FA     BNE $C034                       A:00 X:89 Y:09 P:A4 SP:FF PPU: NOT IMPLEMENTED YET
C034  8D 07 20  STA $2007 = 00                  A:00 X:89 Y:09 P:A4 SP:FF PPU: NOT IMPLEMENTED YET
C037  CA        DEX                             A:00 X:89 Y:09 P:A4 SP:FF PPU: NOT IMPLEMENTED YET
C038  D0 FA     BNE $C034                       A:00 X:88 Y:09 P:A4 SP:FF PPU: NOT IMPLEMENTED YET
C034  8D 07 20  STA $2007 = 00                  A:00 X:88 Y:09 P:A4 SP:FF PPU: NOT IMPLEMENTED YET
C037  CA        DEX                             A:00 X:88 Y:09 P:A4 SP:FF PPU: NOT IMPLEMENTED YET
C038  D0 FA     BNE $C034                       A:00 X:87 Y:09 P:A4 SP:FF PPU: NOT IMPLEMENTED YET
C034  8D 07 20  STA $2007 = 00                  A:00 X:87 Y:09 P:A4 SP:FF PPU: NOT IMPLEMENTED YET
C037  CA        DEX                             A:00 X:87 Y:09 P:A4 SP:FF PPU: NOT IMPLEMENTED YET
C038  D0 FA     BNE $C034                       A:00 X:86 Y:09 P:A4 SP:FF PPU: NOT IMPLEMENTED YET
C034  8D 07 20  STA $2007 = 00                  A:00 X:86 Y:09 P:A4 SP:FF PPU: NOT IMPLEMENTED YET
C037  CA        DEX                             A:00 X:86 Y:09 P:A4 SP:FF PPU: NOT IMPLEMENTED YET
C038  D0 FA     BNE $C034                       A:00 X:85 Y:09 P:A4 SP:FF PPU: NOT IMPLEMENTED YET
C034  8D 07 20  STA $2007 = 00                  A:00 X:85 Y:09 P:A4 SP:FF PPU: NOT IMPLEMENTED YET
C037  CA        DEX                             A:00 X:85 Y:09 P:A4 SP:FF PPU: NOT IMPLEMENTED YET
C038  D0 FA     BNE $C034                       A:00 X:84 Y:09 P:A4 SP:FF PPU: NOT IMPLEMENTED YET
C034  8D 07 20  STA $2007 = 00                  A:00 X:84 Y:09 P:A4 SP:FF PPU: NOT IMPLEMENTED YET
C037  CA        DEX                             A:00 X:84 Y:09 P:A4 SP:FF PPU: NOT IMPLEMENTED YET
C038  D0 FA     BNE $C034                       A:00 X:83 Y:09 P:A4 SP:FF PPU: NOT IMPLEMENTED YET
C034  8D 07 20  STA $2007 = 00                  A:00 X:83 Y:09 P:A4 SP:FF PPU: NOT IMPLEMENTED YET
C037  CA        DEX                             A:00 X:83 Y:09 P:A4 SP:FF PPU: NOT IMPLEMENTED YET
C038  D0 FA     BNE $C034                       A:00 X:82 Y:09 P:A4 SP:FF PPU: NOT IMPLEMENTED YET
C034  8D 07 20  STA $2007 = 00                  A:00 X:82 Y:09 P:A4 SP:FF PPU: NOT IMPLEMENTED YET
C037  CA        DEX                             A:00 X:82 Y:09 P:A4 SP:FF PPU: NOT IMPLEMENTED YET
C038  D0 FA     BNE $C034                       A:00 X:81 Y:09 P:A4 SP:FF PPU: NOT IMPLEMENTED YET
C034  8D 07 20  STA $2007 = 00                  A:00 X:81 Y:09 P:A4 SP:FF PPU: NOT IMPLEMENTED YET
C037  CA        DEX                             A:00 X:81 Y:09 P:A4 SP:FF PPU: NOT IMPLEMENTED YET
C038  D0 FA     BNE $C034                       A:00 X:80 Y:09 P:A4 SP:FF PPU: NOT IMPLEMENTED YET
C034  8D 07 20  STA $2007 = 00                  A:00 X:80 Y:09 P:A4 SP:FF PPU: NOT IMPLEMENTED YET
C037  CA        DEX                             A:00 X:80 Y:09 P:A4 SP:FF PPU: NOT IMPLEMENTED YET
C038  D0 FA     BNE $C034                       A:00 X:7F Y:09 P:24 SP:FF PPU: NOT IMPLEMENTED YET
C034  8D 07 20  STA $2007 = 00                  A:00 X:7F Y:09 P:24 SP:FF PPU: NOT IMPLEMENTED YET
C037  CA        DEX                             A:00 X:7F Y:09 P:24 SP:FF PPU: NOT IMPLEMENTED YET
C038  D0 FA     BNE $C034                       A:00 X:7E Y:09 P:24 SP:FF PPU: NOT IMPLEMENTED YET
C034  8D 07 20  STA $2007 = 00                  A:00 X:7E Y:09 P:24 SP:FF PPU: NOT IMPLEMENTED YET
C037  CA        DEX                             A:00 X:7E Y:09 P:24 SP:FF PPU: NOT IMPLEMENTED YET
C038  D0 FA     BNE $C034                       A:00 X:7D Y:09 P:24 SP:FF PPU: NOT IMPLEMENTED YET
C034  8D 07 20  STA $2007 = 00                  A:00 X:7D Y:09 P:24 SP:FF PPU: NOT IMPLEMENTED YET
C037  CA        DEX                             A:00 X:7D Y:09 P:24 SP:FF PPU: NOT IMPLEMENTED YET
C038  D0 FA     BNE $C034                       A:00 X:7C Y:09 P:24 SP:FF PPU: NOT IMPLEMENTED YET
C034  8D 07 20  STA $2007 = 00                  A:00 X:7C Y:09 P:24 SP:FF PPU: NOT IMPLEMENTED YET
C037  CA        DEX                             A:00 X:7C Y:09 P:24 SP:FF PPU: NOT IMPLEMENTED YET
C038  D0 FA     BNE $C034                       A:00 X:7B Y:09 P:24 SP:FF PPU: NOT IMPLEMENTED YET
C034  8D 07 20  STA $2007 = 00                  A:00 X:7B Y:09 P:24 SP:FF PPU: NOT IMPLEMENTED YET
C037  CA        DEX                             A:00 X:7B Y:09 P:24 SP:FF PPU: NOT IMPLEMENTED YET
C038  D0 FA     BNE $C034                       A:00 X:7A Y:09 P:24 SP:FF PPU: NOT IMPLEMENTED YET
C034  8D 07 20  STA $2007 = 00                  A:00 X:7A Y:09 P:24 SP:FF PPU: NOT IMPLEMENTED YET
C037  CA        DEX                             A:00 X:7A Y:09 P:24 SP:FF PPU: NOT IMPLEMENTED YET
C038  D0 FA     BNE $C034                       A:00 X:79 Y:09 P:24 SP:FF PPU: NOT IMPLEMENTED YET
C034  8D 07 20  STA $2007 = 00                  A:00 X:79 Y:09 P:24 SP:FF PPU: NOT IMPLEMENTED YET
C037  CA        DEX                             A:00 X:79 Y:09 P:24 SP:FF PPU: NOT IMPLEMENTED YET
C038  D0 FA     BNE $C034                       A:00 X:78 Y:09 P:24 SP:FF PPU: NOT IMPLEMENTED YET
C034  8D 07 20  STA $2007 = 00                  A:00 X:78 Y:09 P:24 SP:FF PPU: NOT IMPLEMENTED YET
C037  CA        DEX                             A:00 X:78 Y:09 P:24 SP:FF PPU: NOT IMPLEMENTED YET
C038  D0 FA     BNE $C034                       A:00 X:77 Y:09 P:24 SP:FF PPU: NOT IMPLEMENTED YET
C034  8D 07 20  STA $2007 = 00                  A:00 X:77 Y:09 P:24 SP:FF PPU: NOT IMPLEMENTED YET
C037  CA        DEX                             A:00 X:77 Y:09 P:24 SP:FF PPU: NOT IMPLEMENTED YET
C038  D0 FA     BNE $C034                       A:00 X:76 Y:09 P:24 SP:FF PPU: NOT IMPLEMENTED YET
C034  8D 07 20  STA $2007 = 00                  A:00 X:76 Y:09 P:24 SP:FF PPU: NOT IMPLEMENTED YET
C037  CA        DEX                             A:00 X:76 Y:09 P:24 SP:FF PPU: NOT IMPLEMENTED YET
C038  D0 FA     BNE $C034                       A:00 X:75 Y:09 P:24 SP:FF PPU: NOT IMPLEMENTED YET
C034  8D 07 20  STA $2007 = 00                  A:00 X:75 Y:09 P:24 SP:FF PPU: NOT IMPLEMENTED YET
C037  CA        DEX                             A:00 X:75 Y:09 P:24 SP:FF PPU: NOT IMPLEMENTED YET
C038  D0 FA     BNE $C034                       A:00 X:74 Y:09 P:24 SP:FF PPU: NOT IMPLEMENTED YET
C034  8D 07 20  STA $2007 = 00                  A:00 X:74 Y:09 P:24 SP:FF PPU: NOT IMPLEMENTED YET
C037  CA        DEX                             A:00 X:74 Y:09 P:24 SP:FF PPU: NOT IMPLEMENTED YET
C038  D0 FA     BNE $C034                       A:00 X:73 Y:09 P:24 SP:FF PPU: NOT IMPLEMENTED YET
C034  8D 07 20  STA $2007 = 00                  A:00 X:73 Y:09 P:24 SP:FF PPU: NOT IMPLEMENTED YET
C037  CA        DEX                             A:00 X:73 Y:09 P:24 SP:FF PPU: NOT IMPLEMENTED YET
C038  D0 FA     BNE $C034                       A:00 X:72 Y:09 P:24 SP:FF PPU: NOT IMPLEMENTED YET
C034  8D 07 20  STA $2007 = 00                  A:00 X:72 Y:09 P:24 SP:FF PPU: NOT IMPLEMENTED YET
C037  CA        DEX                             A:00 X:72 Y:09 P:24 SP:FF PPU: NOT IMPLEMENTED YET
C038  D0 FA     BNE $C034                       A:00 X:71 Y:09 P:24 SP:FF PPU: NOT IMPLEMENTED YET
C034  8D 07 20  STA $2007 = 00                  A:00 X:71 Y:09 P:24 SP:FF PPU: NOT IMPLEMENTED YET
C037  CA        DEX                             A:00 X:71 Y:09 P:24 SP:FF PPU: NOT IMPLEMENTED YET
C038  D0 FA     BNE $C034                       A:00 X:70 Y:09 P:24 SP:FF PPU: NOT IMPLEMENTED YET
C034  8D 07 20  STA $2007 = 00                  A:00 X:70 Y:09 P:24 SP:FF PPU: NOT IMPLEMENTED YET
C037  CA        DEX                             A:00 X:70 Y:09 P:24 SP:FF PPU: NOT IMPLEMENTED YET
C038  D0 FA     BNE $C034                       A:00 X:6F Y:09 P:24 SP:FF PPU: NOT IMPLEMENTED YET
C034  8D 07 20  STA $2007 = 00                  A:00 X:6F Y:09 P:24 SP:FF PPU: NOT IMPLEMENTED YET
C037  CA        DEX                             A:00 X:6F Y:09 P:24 SP:FF PPU: NOT IMPLEMENTED YET
C038  D0 FA     BNE $C034                       A:00 X:6E Y:09 P:24 SP:FF PPU: NOT IMPLEMENTED YET
C034  8D 07 20  STA $2007 = 00                  A:00 X:6E Y:09 P:24 SP:FF PPU: NOT IMPLEMENTED YET
C037  CA        DEX                             A:00 X:6E Y:09 P:24 SP:FF PPU: NOT IMPLEMENTED YET
C038  D0 FA     BNE $C034                       A:00 X:6D Y:09 P:24 SP:FF PPU: NOT IMPLEMENTED YET
C034  8D 07 20  STA $2007 = 00                  A:00 X:6D Y:09 P:24 SP:FF PPU: NOT IMPLEMENTED YET
C037  CA        DEX                             A:00 X:6D Y:09 P:24 SP:FF PPU: NOT IMPLEMENTED YET
C038  D0 FA     BNE $C034                       A:00 X:6C Y:09 P:24 SP:FF PPU: NOT IMPLEMENTED YET
C034  8D 07 20  STA $2007 = 00                  A:00 X:6C Y:09 P:24 SP:FF PPU: NOT IMPLEMENTED YET
C037  CA        DEX                             A:00 X:6C Y:09 P:24 SP:FF PPU: NOT IMPLEMENTED YET
C038  D0 FA     BNE $C034                       A:00 X:6B Y:09 P:24 SP:FF PPU: NOT IMPLEMENTED YET
C034  8D 07 20  STA $2007 = 00                  A:00 X:6B Y:09 P:24 SP:FF PPU: NOT IMPLEMENTED YET
C037  CA        DEX                             A:00 X:6B Y:09 P:24 SP:FF PPU: NOT IMPLEMENTED YET
C038  D0 FA     BNE $C034                       A:00 X:6A Y:09 P:24 SP:FF PPU: NOT IMPLEMENTED YET
C034  8D 07 20  STA $2007 = 00                  A:00 X:6A Y:09 P:24 SP:FF PPU: NOT IMPLEMENTED YET
C037  CA        DEX                             A:00 X:6A Y:09 P:24 SP:FF PPU: NOT IMPLEMENTED YET
C038  D0 FA     BNE $C034                       A:00 X:69 Y:09 P:24 SP:FF PPU: NOT IMPLEMENTED YET
C034  8D 07 20  STA $2007 = 00                  A:00 X:69 Y:09 P:24 SP:FF PPU: NOT IMPLEMENTED YET
C037  CA        DEX                             A:00 X:69 Y:09 P:24 SP:FF PPU: NOT IMPLEMENTED YET
C038  D0 FA     BNE $C034                       A:00 X:68 Y:09 P:24 SP:FF PPU: NOT IMPLEMENTED YET
C034  8D 07 20  STA $2007 = 00                  A:00 X:68 Y:09 P:24 SP:FF PPU: NOT IMPLEMENTED YET
C037  CA        DEX                             A:00 X:68 Y:09 P:24 SP:FF PPU: NOT IMPLEMENTED YET
C038  D0 FA     BNE $C034                       A:00 X:67 Y:09 P:24 SP:FF PPU: NOT IMPLEMENTED YET
C034  8D 07 20  STA $2007 = 00                  A:00 X:67 Y:09 P:24 SP:FF PPU: NOT IMPLEMENTED YET
C037  CA        DEX                             A:00 X:67 Y:09 P:24 SP:FF PPU: NOT IMPLEMENTED YET
C038  D0 FA     BNE $C034                       A:00 X:66 Y:09 P:24 SP:FF PPU: NOT IMPLEMENTED YET
C034  8D 07 20  STA $2007 = 00                  A:00 X:66 Y:09 P:24 SP:FF PPU: NOT IMPLEMENTED YET
C037  CA        DEX                             A:00 X:66 Y:09 P:24 SP:FF PPU: NOT IMPLEMENTED YET
C038  D0 FA     BNE $C034                       A:00 X:65 Y:09 P:24 SP:FF PPU: NOT IMPLEMENTED YET
C034  8D 07 20  STA $2007 = 00                  A:00 X:65 Y:09 P:24 SP:FF PPU: NOT IMPLEMENTED YET
C037  CA        DEX                             A:00 X:65 Y:09 P:24 SP:FF PPU: NOT IMPLEMENTED YET
C038  D0 FA     BNE $C034                       A:00 X:64 Y:09 P:24 SP:FF PPU: NOT IMPLEMENTED YET
C034  8D 07 20  STA $2007 = 00                  A:00 X:64 Y:09 P:24 SP:FF PPU: NOT IMPLEMENTED YET
C037  CA        DEX                             A:00 X:64 Y:09 P:24 SP:FF PPU: NOT IMPLEMENTED YET
C038  D0 FA     BNE $C034                       A:00 X:63 Y:09 P:24 SP:FF PPU: NOT IMPLEMENTED YET
C034  8D 07 20  STA $2007 = 00                  A:00 X:63 Y:09 P:24 SP:FF PPU: NOT IMPLEMENTED YET
C037  CA        DEX                             A:00 X:63 Y:09 P:24 SP:FF PPU: NOT IMPLEMENTED YET
C038  D0 FA     BNE $C034                       A:00 X:62 Y:09 P:24 SP:FF PPU: NOT IMPLEMENTED YET
C034  8D 07 20  STA $2007 = 00                  A:00 X:62 Y:09 P:24 SP:FF PPU: NOT IMPLEMENTED YET
C037  CA        DEX                             A:00 X:62 Y:09 P:24 SP:FF PPU: NOT IMPLEMENTED YET
C038  D0 FA     BNE $C034                       A:00 X:61 Y:09 P:24 SP:FF PPU: NOT IMPLEMENTED YET
C034  8D 07 20  STA $2007 = 00                  A:00 X:61 Y:09 P:24 SP:FF PPU: NOT IMPLEMENTED YET
C037  CA        DEX                             A:00 X:61 Y:09 P:24 SP:FF PPU: NOT IMPLEMENTED YET
C038  D0 FA     BNE $C034                       A:00 X:60 Y:09 P:24 SP:FF PPU: NOT IMPLEMENTED YET
C034  8D 07 20  STA $2007 = 00                  A:00 X:60 Y:09 P:24 SP:FF PPU: NOT IMPLEMENTED YET
C037  CA        DEX                             A:00 X:60 Y:09 P:24 SP:FF PPU: NOT IMPLEMENTED YET
C038  D0 FA     BNE $C034                       A:00 X:5F Y:09 P:24 SP:FF PPU: NOT IMPLEMENTED YET
C034  8D 07 20  STA $2007 = 00                  A:00 X:5F Y:09 P:24 SP:FF PPU: NOT IMPLEMENTED YET
C037  CA        DEX                             A:00 X:5F Y:09 P:24 SP:FF PPU: NOT IMPLEMENTED YET
C038  D0 FA     BNE $C034                       A:00 X:5E Y:09 P:24 SP:FF PPU: NOT IMPLEMENTED YET
C034  8D 07 20  STA $2007 = 00                  A:00 X:5E Y:09 P:24 SP:FF PPU: NOT IMPLEMENTED YET
C037  CA        DEX                             A:00 X:5E Y:09 P:24 SP:FF PPU: NOT IMPLEMENTED YET
C038  D0 FA     BNE $C034                       A:00 X:5D Y:09 P:24 SP:FF PPU: NOT IMPLEMENTED YET
C034  8D 07 20  STA $2007 = 00                  A:00 X:5D Y:09 P:24 SP:FF PPU: NOT IMPLEMENTED YET
C037  CA        DEX                             A:00 X:5D Y:09 P:24 SP:FF PPU: NOT IMPLEMENTED YET
C038  D0 FA     BNE $C034                       A:00 X:5C Y:09 P:24 SP:FF PPU: NOT IMPLEMENTED YET
C034  8D 07 20  STA $2007 = 00                  A:00 X:5C Y:09 P:24 SP:FF PPU: NOT IMPLEMENTED YET
C037  CA        DEX                             A:00 X:5C Y:09 P:24 SP:FF PPU: NOT IMPLEMENTED YET
C038  D0 FA     BNE $C034                       A:00 X:5B Y:09 P:24 SP:FF PPU: NOT IMPLEMENTED YET
C034  8D 07 20  STA $2007 = 00                  A:00 X:5B Y:09 P:24 SP:FF PPU: NOT IMPLEMENTED YET
C037  CA        DEX                             A:00 X:5B Y:09 P:24 SP:FF PPU: NOT IMPLEMENTED YET
C038  D0 FA     BNE $C034                       A:00 X:5A Y:09 P:24 SP:FF PPU: NOT IMPLEMENTED YET
C034  8D 07 20  STA $2007 = 00                  A:00 X:5A Y:09 P:24 SP:FF PPU: NOT IMPLEMENTED YET
C037  CA        DEX                             A:00 X:5A Y:09 P:24 SP:FF PPU: NOT IMPLEMENTED YET
C038  D0 FA     BNE $C034                       A:00 X:59 Y:09 P:24 SP:FF PPU: NOT IMPLEMENTED YET
C034  8D 07 20  STA $2007 = 00                  A:00 X:59 Y:09 P:24 SP:FF PPU: NOT IMPLEMENTED YET
C037  CA        DEX                             A:00 X:59 Y:09 P:24 SP:FF PPU: NOT IMPLEMENTED YET
C038  D0 FA     BNE $C034                       A:00 X:58 Y:09 P:24 SP:FF PPU: NOT IMPLEMENTED YET
C034  8D 07 20  STA $2007 = 00                  A:00 X:58 Y:09 P:24 SP:FF PPU: NOT IMPLEMENTED YET
C037  CA        DEX                             A:00 X:58 Y:09 P:24 SP:FF PPU: NOT IMPLEMENTED YET
C038  D0 FA     BNE $C034                       A:00 X:57 Y:09 P:24 SP:FF PPU: NOT IMPLEMENTED YET
C034  8D 07 20  STA $2007 = 00                  A:00 X:57 Y:09 P:24 SP:FF PPU: NOT IMPLEMENTED YET
C037  CA        DEX                             A:00 X:57 Y:09 P:24 SP:FF PPU: NOT IMPLEMENTED YET
C038  D0 FA     BNE $C034                       A:00 X:56 Y:09 P:24 SP:FF PPU: NOT IMPLEMENTED YET
C034  8D 07 20  STA $2007 = 00                  A:00 X:56 Y:09 P:24 SP:FF PPU: NOT IMPLEMENTED YET
C037  CA        DEX                             A:00 X:56 Y:09 P:24 SP:FF PPU: NOT IMPLEMENTED YET
C038  D0 FA     BNE $C034                       A:00 X:55 Y:09 P:24 SP:FF PPU: NOT IMPLEMENTED YET
C034  8D 07 20  STA $2007 = 00                  A:00 X:55 Y:09 P:24 SP:FF PPU: NOT IMPLEMENTED YET
C037  CA        DEX                             A:00 X:55 Y:09 P:24 SP:FF PPU: NOT IMPLEMENTED YET
C038  D0 FA     BNE $C034                       A:00 X:54 Y:09 P:24 SP:FF PPU: NOT IMPLEMENTED YET
C034  8D 07 20  STA $2007 = 00                  A:00 X:54 Y:09 P:24 SP:FF PPU: NOT IMPLEMENTED YET
C037  CA        DEX                             A:00 X:54 Y:09 P:24 SP:FF PPU: NOT IMPLEMENTED YET
C038  D0 FA     BNE $C034                       A:00 X:53 Y:09 P:24 SP:FF PPU: NOT IMPLEMENTED YET
C034  8D 07 20  STA $2007 = 00                  A:00 X:53 Y:09 P:24 SP:FF PPU: NOT IMPLEMENTED YET
C037  CA        DEX                             A:00 X:53 Y:09 P:24 SP:FF PPU: NOT IMPLEMENTED YET
C038  D0 FA     BNE $C034                       A:00 X:52 Y:09 P:24 SP:FF PPU: NOT IMPLEMENTED YET
C034  8D 07 20  STA $2007 = 00                  A:00 X:52 Y:09 P:24 SP:FF PPU: NOT IMPLEMENTED YET
C037  CA        DEX                             A:00 X:52 Y:09 P:24 SP:FF PPU: NOT IMPLEMENTED YET
C038  D0 FA     BNE $C034                       A:00 X:51 Y:09 P:24 SP:FF PPU: NOT IMPLEMENTED YET
C034  8D 07 20  STA $2007 = 00                  A:00 X:51 Y:09 P:24 SP:FF PPU: NOT IMPLEMENTED YET
C037  CA        DEX                             A:00 X:51 Y:09 P:24 SP:FF PPU: NOT IMPLEMENTED YET
C038  D0 FA     BNE $C034                       A:00 X:50 Y:09 P:24 SP:FF PPU: NOT IMPLEMENTED YET
C034  8D 07 20  STA $2007 = 00                  A:00 X:50 Y:09 P:24 SP:FF PPU: NOT IMPLEMENTED YET
C037  CA        DEX                             A:00 X:50 Y:09 P:24 SP:FF PPU: NOT IMPLEMENTED YET
C038  D0 FA     BNE $C034                       A:00 X:4F Y:09 P:24 SP:FF PPU: NOT IMPLEMENTED YET
C034  8D 07 20  STA $2007 = 00                  A:00 X:4F Y:09 P:24 SP:FF PPU: NOT IMPLEMENTED YET
C037  CA        DEX                             A:00 X:4F Y:09 P:24 SP:FF PPU: NOT IMPLEMENTED YET
C038  D0 FA     BNE $C034                       A:00 X:4E Y:09 P:24 SP:FF PPU: NOT IMPLEMENTED YET
C034  8D 07 20  STA $2007 = 00                  A:00 X:4E Y:09 P:24 SP:FF PPU: NOT IMPLEMENTED YET
C037  CA        DEX                             A:00 X:4E Y:09 P:24 SP:FF PPU: NOT IMPLEMENTED YET
C038  D0 FA     BNE $C034                       A:00 X:4D Y:09 P:24 SP:FF PPU: NOT IMPLEMENTED YET
C034  8D 07 20  STA $2007 = 00                  A:00 X:4D Y:09 P:24 SP:FF PPU: NOT IMPLEMENTED YET
C037  CA        DEX                             A:00 X:4D Y:09 P:24 SP:FF PPU: NOT IMPLEMENTED YET
C038  D0 FA     BNE $C034                       A:00 X:4C Y:09 P:24 SP:FF PPU: NOT IMPLEMENTED YET
C034  8D 07 20  STA $2007 = 00                  A:00 X:4C Y:09 P:24 SP:FF PPU: NOT IMPLEMENTED YET
C037  CA        DEX                             A:00 X:4C Y:09 P:24 SP:FF PPU: NOT IMPLEMENTED YET
C038  D0 FA     BNE $C034                       A:00 X:4B Y:09 P:24 SP:FF PPU: NOT IMPLEMENTED YET
C034  8D 07 20  STA $2007 = 00                  A:00 X:4B Y:09 P:24 SP:FF PPU: NOT IMPLEMENTED YET
C037  CA        DEX                             A:00 X:4B Y:09 P:24 SP:FF PPU: NOT IMPLEMENTED YET
C038  D0 FA     BNE $C034                       A:00 X:4A Y:09 P:24 SP:FF PPU: NOT IMPLEMENTED YET
C034  8D 07 20  STA $2007 = 00                  A:00 X:4A Y:09 P:24 SP:FF PPU: NOT IMPLEMENTED YET
C037  CA        DEX                             A:00 X:4A Y:09 P:24 SP:FF PPU: NOT IMPLEMENTED YET
C038  D0 FA     BNE $C034                       A:00 X:49 Y:09 P:24 SP:FF PPU: NOT IMPLEMENTED YET
C034  8D 07 20  STA $2007 = 00                  A:00 X:49 Y:09 P:24 SP:FF PPU: NOT IMPLEMENTED YET
C037  CA        DEX                             A:00 X:49 Y:09 P:24 SP:FF PPU: NOT IMPLEMENTED YET
C038  D0 FA     BNE $C034                       A:00 X:48 Y:09 P:24 SP:FF PPU: NOT IMPLEMENTED YET
C034  8D 07 20  STA $2007 = 00                  A:00 X:48 Y:09 P:24 SP:FF PPU: NOT IMPLEMENTED YET
C037  CA        DEX                             A:00 X:48 Y:09 P:24 SP:FF PPU: NOT IMPLEMENTED YET
C038  D0 FA     BNE $C034                       A:00 X:47 Y:09 P:24 SP:FF PPU: NOT IMPLEMENTED YET
C034  8D 07 20  STA $2007 = 00                  A:00 X:47 Y:09 P:24 SP:FF PPU: NOT IMPLEMENTED YET
C037  CA        DEX                             A:00 X:47 Y:09 P:24 SP:FF PPU: NOT IMPLEMENTED YET
C038  D0 FA     BNE $C034                       A:00 X:46 Y:09 P:24 SP:FF PPU: NOT IMPLEMENTED YET
C034  8D 07 20  STA $2007 = 00                  A:00 X:46 Y:09 P:24 SP:FF PPU: NOT IMPLEMENTED YET
C037  CA        DEX                             A:00 X:46 Y:09 P:24 SP:FF PPU: NOT IMPLEMENTED YET
C038  D0 FA     BNE $C034                       A:00 X:45 Y:09 P:24 SP:FF PPU: NOT IMPLEMENTED YET
C034  8D 07 20  STA $2007 = 00                  A:00 X:45 Y:09 P:24 SP:FF PPU: NOT IMPLEMENTED YET
C037  CA        DEX                             A:00 X:45 Y:09 P:24 SP:FF PPU: NOT IMPLEMENTED YET
C038  D0 FA     BNE $C034                       A:00 X:44 Y:09 P:24 SP:FF PPU: NOT IMPLEMENTED YET
C034  8D 07 20  STA $2007 = 00                  A:00 X:44 Y:09 P:24 SP:FF PPU: NOT IMPLEMENTED YET
C037  CA        DEX                             A:00 X:44 Y:09 P:24 SP:FF PPU: NOT IMPLEMENTED YET
C038  D0 FA     BNE $C034                       A:00 X:43 Y:09 P:24 SP:FF PPU: NOT IMPLEMENTED YET
C034  8D 07 20  STA $2007 = 00                  A:00 X:43 Y:09 P:24 SP:FF PPU: NOT IMPLEMENTED YET
C037  CA        DEX                             A:00 X:43 Y:09 P:24 SP:FF PPU: NOT IMPLEMENTED YET
C038  D0 FA     BNE $C034                       A:00 X:42 Y:09 P:24 SP:FF PPU: NOT IMPLEMENTED YET
C034  8D 07 20  STA $2007 = 00                  A:00 X:42 Y:09 P:24 SP:FF PPU: NOT IMPLEMENTED YET
C037  CA        DEX                             A:00 X:42 Y:09 P:24 SP:FF PPU: NOT IMPLEMENTED YET
C038  D0 FA     BNE $C034                       A:00 X:41 Y:09 P:24 SP:FF PPU: NOT IMPLEMENTED YET
C034  8D 07 20  STA $2007 = 00                  A:00 X:41 Y:09 P:24 SP:FF PPU: NOT IMPLEMENTED YET
C037  CA        DEX                             A:00 X:41 Y:09 P:24 SP:FF PPU: NOT IMPLEMENTED YET
C038  D0 FA     BNE $C034                       A:00 X:40 Y:09 P:24 SP:FF PPU: NOT IMPLEMENTED YET
C034  8D 07 20  STA $2007 = 00                  A:00 X:40 Y:09 P:24 SP:FF PPU: NOT IMPLEMENTED YET
C037  CA        DEX                             A:00 X:40 Y:09 P:24 SP:FF PPU: NOT IMPLEMENTED YET
C038  D0 FA     BNE $C034                       A:00 X:3F Y:09 P:24 SP:FF PPU: NOT IMPLEMENTED YET
C034  8D 07 20  STA $2007 = 00                  A:00 X:3F Y:09 P:24 SP:FF PPU: NOT IMPLEMENTED YET
C037  CA        DEX                             A:00 X:3F Y:09 P:24 SP:FF PPU: NOT IMPLEMENTED YET
C038  D0 FA     BNE $C034                       A:00 X:3E Y:09 P:24 SP:FF PPU: NOT IMPLEMENTED YET
C034  8D 07 20  STA $2007 = 00                  A:00 X:3E Y:09 P:24 SP:FF PPU: NOT IMPLEMENTED YET
C037  CA        DEX                             A:00 X:3E Y:09 P:24 SP:FF PPU: NOT IMPLEMENTED YET
C038  D0 FA     BNE $C034                       A:00 X:3D Y:09 P:24 SP:FF PPU: NOT IMPLEMENTED YET
C034  8D 07 20  STA $2007 = 00                  A:00 X:3D Y:09 P:24 SP:FF PPU: NOT IMPLEMENTED YET
C037  CA        DEX                             A:00 X:3D Y:09 P:24 SP:FF PPU: NOT IMPLEMENTED YET
C038  D0 FA     BNE $C034                       A:00 X:3C Y:09 P:24 SP:FF PPU: NOT IMPLEMENTED YET
C034  8D 07 20  STA $2007 = 00                  A:00 X:3C Y:09 P:24 SP:FF PPU: NOT IMPLEMENTED YET
C037  CA        DEX                             A:00 X:3C Y:09 P:24 SP:FF PPU: NOT IMPLEMENTED YET
C038  D0 FA     BNE $C034                       A:00 X:3B Y:09 P:24 SP:FF PPU: NOT IMPLEMENTED YET
C034  8D 07 20  STA $2007 = 00                  A:00 X:3B Y:09 P:24 SP:FF PPU: NOT IMPLEMENTED YET
C037  CA        DEX                             A:00 X:3B Y:09 P:24 SP:FF PPU: NOT IMPLEMENTED YET
C038  D0 FA     BNE $C034                       A:00 X:3A Y:09 P:24 SP:FF PPU: NOT IMPLEMENTED YET
C034  8D 07 20  STA $2007 = 00                  A:00 X:3A Y:09 P:24 SP:FF PPU: NOT IMPLEMENTED YET
C037  CA        DEX                             A:00 X:3A Y:09 P:24 SP:FF PPU: NOT IMPLEMENTED YET
C038  D0 FA     BNE $C034                       A:00 X:39 Y:09 P:24 SP:FF PPU: NOT IMPLEMENTED YET
C034  8D 07 20  STA $2007 = 00                  A:00 X:39 Y:09 P:24 SP:FF PPU: NOT IMPLEMENTED YET
C037  CA        DEX                             A:00 X:39 Y:09 P:24 SP:FF PPU: NOT IMPLEMENTED YET
C038  D0 FA     BNE $C034                       A:00 X:38 Y:09 P:24 SP:FF PPU: NOT IMPLEMENTED YET
C034  8D 07 20  STA $2007 = 00                  A:00 X:38 Y:09 P:24 SP:FF PPU: NOT IMPLEMENTED YET
C037  CA        DEX                             A:00 X:38 Y:09 P:24 SP:FF PPU: NOT IMPLEMENTED YET
C038  D0 FA     BNE $C034                       A:00 X:37 Y:09 P:24 SP:FF PPU: NOT IMPLEMENTED YET
C034  8D 07 20  STA $2007 = 00                  A:00 X:37 Y:09 P:24 SP:FF PPU: NOT IMPLEMENTED YET
C037  CA        DEX                             A:00 X:37 Y:09 P:24 SP:FF PPU: NOT IMPLEMENTED YET
C038  D0 FA     BNE $C034                       A:00 X:36 Y:09 P:24 SP:FF PPU: NOT IMPLEMENTED YET
C034  8D 07 20  STA $2007 = 00                  A:00 X:36 Y:09 P:24 SP:FF PPU: NOT IMPLEMENTED YET
C037  CA        DEX                             A:00 X:36 Y:09 P:24 SP:FF PPU: NOT IMPLEMENTED YET
C038  D0 FA     BNE $C034                       A:00 X:35 Y:09 P:24 SP:FF PPU: NOT IMPLEMENTED YET
C034  8D 07 20  STA $2007 = 00                  A:00 X:35 Y:09 P:24 SP:FF PPU: NOT IMPLEMENTED YET
C037  CA        DEX                             A:00 X:35 Y:09 P:24 SP:FF PPU: NOT IMPLEMENTED YET
C038  D0 FA     BNE $C034                       A:00 X:34 Y:09 P:24 SP:FF PPU: NOT IMPLEMENTED YET
C034  8D 07 20  STA $2007 = 00                  A:00 X:34 Y:09 P:24 SP:FF PPU: NOT IMPLEMENTED YET
C037  CA        DEX                             A:00 X:34 Y:09 P:24 SP:FF PPU: NOT IMPLEMENTED YET
C038  D0 FA     BNE $C034                       A:00 X:33 Y:09 P:24 SP:FF PPU: NOT IMPLEMENTED YET
C034  8D 07 20  STA $2007 = 00                  A:00 X:33 Y:09 P:24 SP:FF PPU: NOT IMPLEMENTED YET
C037  CA        DEX                             A:00 X:33 Y:09 P:24 SP:FF PPU: NOT IMPLEMENTED YET
C038  D0 FA     BNE $C034                       A:00 X:32 Y:09 P:24 SP:FF PPU: NOT IMPLEMENTED YET
C034  8D 07 20  STA $2007 = 00                  A:00 X:32 Y:09 P:24 SP:FF PPU: NOT IMPLEMENTED YET
C037  CA        DEX                             A:00 X:32 Y:09 P:24 SP:FF PPU: NOT IMPLEMENTED YET
C038  D0 FA     BNE $C034                       A:00 X:31 Y:09 P:24 SP:FF PPU: NOT IMPLEMENTED YET
C034  8D 07 20  STA $2007 = 00                  A:00 X:31 Y:09 P:24 SP:FF PPU: NOT IMPLEMENTED YET
C037  CA        DEX                             A:00 X:31 Y:09 P:24 SP:FF PPU: NOT IMPLEMENTED YET
C038  D0 FA     BNE $C034                       A:00 X:30 Y:09 P:24 SP:FF PPU: NOT IMPLEMENTED YET
C034  8D 07 20  STA $2007 = 00                  A:00 X:30 Y:09 P:24 SP:FF PPU: NOT IMPLEMENTED YET
C037  CA        DEX                             A:00 X:30 Y:09 P:24 SP:FF PPU: NOT IMPLEMENTED YET
C038  D0 FA     BNE $C034                       A:00 X:2F Y:09 P:24 SP:FF PPU: NOT IMPLEMENTED YET
C034  8D 07 20  STA $2007 = 00                  A:00 X:2F Y:09 P:24 SP:FF PPU: NOT IMPLEMENTED YET
C037  CA        DEX                             A:00 X:2F Y:09 P:24 SP:FF PPU: NOT IMPLEMENTED YET
C038  D0 FA     BNE $C034                       A:00 X:2E Y:09 P:24 SP:FF PPU: NOT IMPLEMENTED YET
C034  8D 07 20  STA $2007 = 00                  A:00 X:2E Y:09 P:24 SP:FF PPU: NOT IMPLEMENTED YET
C037  CA        DEX                             A:00 X:2E Y:09 P:24 SP:FF PPU: NOT IMPLEMENTED YET
C038  D0 FA     BNE $C034                       A:00 X:2D Y:09 P:24 SP:FF PPU: NOT IMPLEMENTED YET
C034  8D 07 20  STA $2007 = 00                  A:00 X:2D Y:09 P:24 SP:FF PPU: NOT IMPLEMENTED YET
C037  CA        DEX                             A:00 X:2D Y:09 P:24 SP:FF PPU: NOT IMPLEMENTED YET
C038  D0 FA     BNE $C034                       A:00 X:2C Y:09 P:24 SP:FF PPU: NOT IMPLEMENTED YET
C034  8D 07 20  STA $2007 = 00                  A:00 X:2C Y:09 P:24 SP:FF PPU: NOT IMPLEMENTED YET
C037  CA        DEX                             A:00 X:2C Y:09 P:24 SP:FF PPU: NOT IMPLEMENTED YET
C038  D0 FA     BNE $C034                       A:00 X:2B Y:09 P:24 SP:FF PPU: NOT IMPLEMENTED YET
C034  8D 07 20  STA $2007 = 00                  A:00 X:2B Y:09 P:24 SP:FF PPU: NOT IMPLEMENTED YET
C037  CA        DEX                             A:00 X:2B Y:09 P:24 SP:FF PPU: NOT IMPLEMENTED YET
C038  D0 FA     BNE $C034                       A:00 X:2A Y:09 P:24 SP:FF PPU: NOT IMPLEMENTED YET
C034  8D 07 20  STA $2007 = 00                  A:00 X:2A Y:09 P:24 SP:FF PPU: NOT IMPLEMENTED YET
C037  CA        DEX                             A:00 X:2A Y:09 P:24 SP:FF PPU: NOT IMPLEMENTED YET
C038  D0 FA     BNE $C034                       A:00 X:29 Y:09 P:24 SP:FF PPU: NOT IMPLEMENTED YET
C034  8D 07 20  STA $2007 = 00                  A:00 X:29 Y:09 P:24 SP:FF PPU: NOT IMPLEMENTED YET
C037  CA        DEX                             A:00 X:29 Y:09 P:24 SP:FF PPU: NOT IMPLEMENTED YET
C038  D0 FA     BNE $C034                       A:00 X:28 Y:09 P:24 SP:FF PPU: NOT IMPLEMENTED YET
C034  8D 07 20  STA $2007 = 00                  A:00 X:28 Y:09 P:24 SP:FF PPU: NOT IMPLEMENTED YET
C037  CA        DEX                             A:00 X:28 Y:09 P:24 SP:FF PPU: NOT IMPLEMENTED YET
C038  D0 FA     BNE $C034                       A:00 X:27 Y:09 P:24 SP:FF PPU: NOT IMPLEMENTED YET
C034  8D 07 20  STA $2007 = 00                  A:00 X:27 Y:09 P:24 SP:FF PPU: NOT IMPLEMENTED YET
C037  CA        DEX                             A:00 X:27 Y:09 P:24 SP:FF PPU: NOT IMPLEMENTED YET
C038  D0 FA     BNE $C034                       A:00 X:26 Y:09 P:24 SP:FF PPU: NOT IMPLEMENTED YET
C034  8D 07 20  STA $2007 = 00                  A:00 X:26 Y:09 P:24 SP:FF PPU: NOT IMPLEMENTED YET
C037  CA        DEX                             A:00 X:26 Y:09 P:24 SP:FF PPU: NOT IMPLEMENTED YET
C038  D0 FA     BNE $C034                       A:00 X:25 Y:09 P:24 SP:FF PPU: NOT IMPLEMENTED YET
C034  8D 07 20  STA $2007 = 00                  A:00 X:25 Y:09 P:24 SP:FF PPU: NOT IMPLEMENTED YET
C037  CA        DEX                             A:00 X:25 Y:09 P:24 SP:FF PPU: NOT IMPLEMENTED YET
C038  D0 FA     BNE $C034                       A:00 X:24 Y:09 P:24 SP:FF PPU: NOT IMPLEMENTED YET
C034  8D 07 20  STA $2007 = 00                  A:00 X:24 Y:09 P:24 SP:FF PPU: NOT IMPLEMENTED YET
C037  CA        DEX                             A:00 X:24 Y:09 P:24 SP:FF PPU: NOT IMPLEMENTED YET
C038  D0 FA     BNE $C034                       A:00 X:23 Y:09 P:24 SP:FF PPU: NOT IMPLEMENTED YET
C034  8D 07 20  STA $2007 = 00                  A:00 X:23 Y:09 P:24 SP:FF PPU: NOT IMPLEMENTED YET
C037  CA        DEX                             A:00 X:23 Y:09 P:24 SP:FF PPU: NOT IMPLEMENTED YET
C038  D0 FA     BNE $C034                       A:00 X:22 Y:09 P:24 SP:FF PPU: NOT IMPLEMENTED YET
C034  8D 07 20  STA $2007 = 00                  A:00 X:22 Y:09 P:24 SP:FF PPU: NOT IMPLEMENTED YET
C037  CA        DEX                             A:00 X:22 Y:09 P:24 SP:FF PPU: NOT IMPLEMENTED YET
C038  D0 FA     BNE $C034                       A:00 X:21 Y:09 P:24 SP:FF PPU: NOT IMPLEMENTED YET
C034  8D 07 20  STA $2007 = 00                  A:00 X:21 Y:09 P:24 SP:FF PPU: NOT IMPLEMENTED YET
C037  CA        DEX                             A:00 X:21 Y:09 P:24 SP:FF PPU: NOT IMPLEMENTED YET
C038  D0 FA     BNE $C034                       A:00 X:20 Y:09 P:24 SP:FF PPU: NOT IMPLEMENTED YET
C034  8D 07 20  STA $2007 = 00                  A:00 X:20 Y:09 P:24 SP:FF PPU: NOT IMPLEMENTED YET
C037  CA        DEX                             A:00 X:20 Y:09 P:24 SP:FF PPU: NOT IMPLEMENTED YET
C038  D0 FA     BNE $C034                       A:00 X:1F Y:09 P:24 SP:FF PPU: NOT IMPLEMENTED YET
C034  8D 07 20  STA $2007 = 00                  A:00 X:1F Y:09 P:24 SP:FF PPU: NOT IMPLEMENTED YET
C037  CA        DEX                             A:00 X:1F Y:09 P:24 SP:FF PPU: NOT IMPLEMENTED YET
C038  D0 FA     BNE $C034                       A:00 X:1E Y:09 P:24 SP:FF PPU: NOT IMPLEMENTED YET
C034  8D 07 20  STA $2007 = 00                  A:00 X:1E Y:09 P:24 SP:FF PPU: NOT IMPLEMENTED YET
C037  CA        DEX                             A:00 X:1E Y:09 P:24 SP:FF PPU: NOT IMPLEMENTED YET
C038  D0 FA     BNE $C034                       A:00 X:1D Y:09 P:24 SP:FF PPU: NOT IMPLEMENTED YET
C034  8D 07 20  STA $2007 = 00                  A:00 X:1D Y:09 P:24 SP:FF PPU: NOT IMPLEMENTED YET
C037  CA        DEX                             A:00 X:1D Y:09 P:24 SP:FF PPU: NOT IMPLEMENTED YET
C038  D0 FA     BNE $C034                       A:00 X:1C Y:09 P:24 SP:FF PPU: NOT IMPLEMENTED YET
C034  8D 07 20  STA $2007 = 00                  A:00 X:1C Y:09 P:24 SP:FF PPU: NOT IMPLEMENTED YET
C037  CA        DEX                             A:00 X:1C Y:09 P:24 SP:FF PPU: NOT IMPLEMENTED YET
C038  D0 FA     BNE $C034                       A:00 X:1B Y:09 P:24 SP:FF PPU: NOT IMPLEMENTED YET
C034  8D 07 20  STA $2007 = 00                  A:00 X:1B Y:09 P:24 SP:FF PPU: NOT IMPLEMENTED YET
C037  CA        DEX                             A:00 X:1B Y:09 P:24 SP:FF PPU: NOT IMPLEMENTED YET
C038  D0 FA     BNE $C034                       A:00 X:1A Y:09 P:24 SP:FF PPU: NOT IMPLEMENTED YET
C034  8D 07 20  STA $2007 = 00                  A:00 X:1A Y:09 P:24 SP:FF PPU: NOT IMPLEMENTED YET
C037  CA        DEX                             A:00 X:1A Y:09 P:24 SP:FF PPU: NOT IMPLEMENTED YET
C038  D0 FA     BNE $C034                       A:00 X:19 Y:09 P:24 SP:FF PPU: NOT IMPLEMENTED YET
C034  8D 07 20  STA $2007 = 00                  A:00 X:19 Y:09 P:24 SP:FF PPU: NOT IMPLEMENTED YET
C037  CA        DEX                             A:00 X:19 Y:09 P:24 SP:FF PPU: NOT IMPLEMENTED YET
C038  D0 FA     BNE $C034                       A:00 X:18 Y:09 P:24 SP:FF PPU: NOT IMPLEMENTED YET
C034  8D 07 20  STA $2007 = 00                  A:00 X:18 Y:09 P:24 SP:FF PPU: NOT IMPLEMENTED YET
C037  CA        DEX                             A:00 X:18 Y:09 P:24 SP:FF PPU: NOT IMPLEMENTED YET
C038  D0 FA     BNE $C034                       A:00 X:17 Y:09 P:24 SP:FF PPU: NOT IMPLEMENTED YET
C034  8D 07 20  STA $2007 = 00                  A:00 X:17 Y:09 P:24 SP:FF PPU: NOT IMPLEMENTED YET
C037  CA        DEX                             A:00 X:17 Y:09 P:24 SP:FF PPU: NOT IMPLEMENTED YET
C038  D0 FA     BNE $C034                       A:00 X:16 Y:09 P:24 SP:FF PPU: NOT IMPLEMENTED YET
C034  8D 07 20  STA $2007 = 00                  A:00 X:16 Y:09 P:24 SP:FF PPU: NOT IMPLEMENTED YET
C037  CA        DEX                             A:00 X:16 Y:09 P:24 SP:FF PPU: NOT IMPLEMENTED YET
C038  D0 FA     BNE $C034                       A:00 X:15 Y:09 P:24 SP:FF PPU: NOT IMPLEMENTED YET
C034  8D 07 20  STA $2007 = 00                  A:00 X:15 Y:09 P:24 SP:FF PPU: NOT IMPLEMENTED YET
C037  CA        DEX                             A:00 X:15 Y:09 P:24 SP:FF PPU: NOT IMPLEMENTED YET
C038  D0 FA     BNE $C034                       A:00 X:14 Y:09 P:24 SP:FF PPU: NOT IMPLEMENTED YET
C034  8D 07 20  STA $2007 = 00                  A:00 X:14 Y:09 P:24 SP:FF PPU: NOT IMPLEMENTED YET
C037  CA        DEX                             A:00 X:14 Y:09 P:24 SP:FF PPU: NOT IMPLEMENTED YET
C038  D0 FA     BNE $C034                       A:00 X:13 Y:09 P:24 SP:FF PPU: NOT IMPLEMENTED YET
C034  8D 07 20  STA $2007 = 00                  A:00 X:13 Y:09 P:24 SP:FF PPU: NOT IMPLEMENTED YET
C037  CA        DEX                             A:00 X:13 Y:09 P:24 SP:FF PPU: NOT IMPLEMENTED YET
C038  D0 FA     BNE $C034                       A:00 X:12 Y:09 P:24 SP:FF PPU: NOT IMPLEMENTED YET
C034  8D 07 20  STA $2007 = 00                  A:00 X:12 Y:09 P:24 SP:FF PPU: NOT IMPLEMENTED YET
C037  CA        DEX                             A:00 X:12 Y:09 P:24 SP:FF PPU: NOT IMPLEMENTED YET
C038  D0 FA     BNE $C034                       A:00 X:11 Y:09 P:24 SP:FF PPU: NOT IMPLEMENTED YET
C034  8D 07 20  STA $2007 = 00                  A:00 X:11 Y:09 P:24 SP:FF PPU: NOT IMPLEMENTED YET
C037  CA        DEX                             A:00 X:11 Y:09 P:24 SP:FF PPU: NOT IMPLEMENTED YET
C038  D0 FA     BNE $C034                       A:00 X:10 Y:09 P:24 SP:FF PPU: NOT IMPLEMENTED YET
C034  8D 07 20  STA $2007 = 00                  A:00 X:10 Y:09 P:24 SP:FF PPU: NOT IMPLEMENTED YET
C037  CA        DEX                             A:00 X:10 Y:09 P:24 SP:FF PPU: NOT IMPLEMENTED YET
C038  D0 FA     BNE $C034                       A:00 X:0F Y:09 P:24 SP:FF PPU: NOT IMPLEMENTED YET
C034  8D 07 20  STA $2007 = 00                  A:00 X:0F Y:09 P:24 SP:FF PPU: NOT IMPLEMENTED YET
C037  CA        DEX                             A:00 X:0F Y:09 P:24 SP:FF PPU: NOT IMPLEMENTED YET
C038  D0 FA     BNE $C034                       A:00 X:0E Y:09 P:24 SP:FF PPU: NOT IMPLEMENTED YET
C034  8D 07 20  STA $2007 = 00                  A:00 X:0E Y:09 P:24 SP:FF PPU: NOT IMPLEMENTED YET
C037  CA        DEX                             A:00 X:0E Y:09 P:24 SP:FF PPU: NOT IMPLEMENTED YET
C038  D0 FA     BNE $C034                       A:00 X:0D Y:09 P:24 SP:FF PPU: NOT IMPLEMENTED YET
C034  8D 07 20  STA $2007 = 00                  A:00 X:0D Y:09 P:24 SP:FF PPU: NOT IMPLEMENTED YET
C037  CA        DEX                             A:00 X:0D Y:09 P:24 SP:FF PPU: NOT IMPLEMENTED YET
C038  D0 FA     BNE $C034                       A:00 X:0C Y:09 P:24 SP:FF PPU: NOT IMPLEMENTED YET
C034  8D 07 20  STA $2007 = 00                  A:00 X:0C Y:09 P:24 SP:FF PPU: NOT IMPLEMENTED YET
C037  CA        DEX                             A:00 X:0C Y:09 P:24 SP:FF PPU: NOT IMPLEMENTED YET
C038  D0 FA     BNE $C034                       A:00 X:0B Y:09 P:24 SP:FF PPU: NOT IMPLEMENTED YET
C034  8D 07 20  STA $2007 = 00                  A:00 X:0B Y:09 P:24 SP:FF PPU: NOT IMPLEMENTED YET
C037  CA        DEX                             A:00 X:0B Y:09 P:24 SP:FF PPU: NOT IMPLEMENTED YET
C038  D0 FA     BNE $C034                       A:00 X:0A Y:09 P:24 SP:FF PPU: NOT IMPLEMENTED YET
C034  8D 07 20  STA $2007 = 00                  A:00 X:0A Y:09 P:24 SP:FF PPU: NOT IMPLEMENTED YET
C037  CA        DEX                             A:00 X:0A Y:09 P:24 SP:FF PPU: NOT IMPLEMENTED YET
C038  D0 FA     BNE $C034                       A:00 X:09 Y:09 P:24 SP:FF PPU: NOT IMPLEMENTED YET
C034  8D 07 20  STA $2007 = 00                  A:00 X:09 Y:09 P:24 SP:FF PPU: NOT IMPLEMENTED YET
C037  CA        DEX                             A:00 X:09 Y:09 P:24 SP:FF PPU: NOT IMPLEMENTED YET
C038  D0 FA     BNE $C034                       A:00 X:08 Y:09 P:24 SP:FF PPU: NOT IMPLEMENTED YET
C034  8D 07 20  STA $2007 = 00                  A:00 X:08 Y:09 P:24 SP:FF PPU: NOT IMPLEMENTED YET
C037  CA        DEX                             A:00 X:08 Y:09 P:24 SP:FF PPU: NOT IMPLEMENTED YET
C038  D0 FA     BNE $C034                       A:00 X:07 Y:09 P:24 SP:FF PPU: NOT IMPLEMENTED YET
C034  8D 07 20  STA $2007 = 00                  A:00 X:07 Y:09 P:24 SP:FF PPU: NOT IMPLEMENTED YET
C037  CA        DEX                             A:00 X:07 Y:09 P:24 SP:FF PPU: NOT IMPLEMENTED YET
C038  D0 FA     BNE $C034                       A:00 X:06 Y:09 P:24 SP:FF PPU: NOT IMPLEMENTED YET
C034  8D 07 20  STA $2007 = 00                  A:00 X:06 Y:09 P:24 SP:FF PPU: NOT IMPLEMENTED YET
C037  CA        DEX                             A:00 X:06 Y:09 P:24 SP:FF PPU: NOT IMPLEMENTED YET
C038  D0 FA     BNE $C034                       A:00 X:05 Y:09 P:24 SP:FF PPU: NOT IMPLEMENTED YET
C034  8D 07 20  STA $2007 = 00                  A:00 X:05 Y:09 P:24 SP:FF PPU: NOT IMPLEMENTED YET
C037  CA        DEX                             A:00 X:05 Y:09 P:24 SP:FF PPU: NOT IMPLEMENTED YET
C038  D0 FA     BNE $C034                       A:00 X:04 Y:09 P:24 SP:FF PPU: NOT IMPLEMENTED YET
C034  8D 07 20  STA $2007 = 00                  A:00 X:04 Y:09 P:24 SP:FF PPU: NOT IMPLEMENTED YET
C037  CA        DEX                             A:00 X:04 Y:09 P:24 SP:FF PPU: NOT IMPLEMENTED YET
C038  D0 FA     BNE $C034                       A:00 X:03 Y:09 P:24 SP:FF PPU: NOT IMPLEMENTED YET
C034  8D 07 20  STA $2007 = 00                  A:00 X:03 Y:09 P:24 SP:FF PPU: NOT IMPLEMENTED YET
C037  CA        DEX                             A:00 X:03 Y:09 P:24 SP:FF PPU: NOT IMPLEMENTED YET
C038  D0 FA     BNE $C034                       A:00 X:02 Y:09 P:24 SP:FF PPU: NOT IMPLEMENTED YET
C034  8D 07 20  STA $2007 = 00                  A:00 X:02 Y:09 P:24 SP:FF PPU: NOT IMPLEMENTED YET
C037  CA        DEX                             A:00 X:02 Y:09 P:24 SP:FF PPU: NOT IMPLEMENTED YET
C038  D0 FA     BNE $C034                       A:00 X:01 Y:09 P:24 SP:FF PPU: NOT IMPLEMENTED YET
C034  8D 07 20  STA $2007 = 00                  A:00 X:01 Y:09 P:24 SP:FF PPU: NOT IMPLEMENTED YET
C037  CA        DEX                             A:00 X:01 Y:09 P:24 SP:FF PPU: NOT IMPLEMENTED YET
C038  D0 FA     BNE $C034                       A:00 X:00 Y:09 P:26 SP:FF PPU: NOT IMPLEMENTED YET
C03A  88        DEY                             A:00 X:00 Y:09 P:26 SP:FF PPU: NOT IMPLEMENTED YET
C03B  D0 F7     BNE $C034                       A:00 X:00 Y:08 P:24 SP:FF PPU: NOT IMPLEMENTED YET
C034  8D 07 20  STA $2007 = 00                  A:00 X:00 Y:08 P:24 SP:FF PPU: NOT IMPLEMENTED YET
C037  CA        DEX                             A:00 X:00 Y:08 P:24 SP:FF PPU: NOT IMPLEMENTED YET
C038  D0 FA     BNE $C034                       A:00 X:FF Y:08 P:A4 SP:FF PPU: NOT IMPLEMENTED YET
C034  8D 07 20  STA $2007 = 00                  A:00 X:FF Y:08 P:A4 SP:FF PPU: NOT IMPLEMENTED YET
C037  CA        DEX                             A:00 X:FF Y:08 P:A4 SP:FF PPU: NOT IMPLEMENTED YET
C038  D0 FA     BNE $C034                       A:00 X:FE Y:08 P:A4 SP:FF PPU: NOT IMPLEMENTED YET
C034  8D 07 20  STA $2007 = 00                  A:00 X:FE Y:08 P:A4 SP:FF PPU: NOT IMPLEMENTED YET
C037  CA        DEX                             A:00 X:FE Y:08 P:A4 SP:FF PPU: NOT IMPLEMENTED YET
C038  D0 FA     BNE $C034                       A:00 X:FD Y:08 P:A4 SP:FF PPU: NOT IMPLEMENTED YET
C034  8D 07 20  STA $2007 = 00                  A:00 X:FD Y:08 P:A4 SP:FF PPU: NOT IMPLEMENTED YET
C037  CA        DEX                             A:00 X:FD Y:08 P:A4 SP:FF PPU: NOT IMPLEMENTED YET
C038  D0 FA     BNE $C034                       A:00 X:FC Y:08 P:A4 SP:FF PPU: NOT IMPLEMENTED YET
C034  8D 07 20  STA $2007 = 00                  A:00 X:FC Y:08 P:A4 SP:FF PPU: NOT IMPLEMENTED YET
C037  CA        DEX                             A:00 X:FC Y:08 P:A4 SP:FF PPU: NOT IMPLEMENTED YET
C038  D0 FA     BNE $C034                       A:00 X:FB Y:08 P:A4 SP:FF PPU: NOT IMPLEMENTED YET
C034  8D 07 20  STA $2007 = 00                  A:00 X:FB Y:08 P:A4 SP:FF PPU: NOT IMPLEMENTED YET
C037  CA        DEX                             A:00 X:FB Y:08 P:A4 SP:FF PPU: NOT IMPLEMENTED YET
C038  D0 FA     BNE $C034                       A:00 X:FA Y:08 P:A4 SP:FF PPU: NOT IMPLEMENTED YET
C034  8D 07 20  STA $2007 = 00                  A:00 X:FA Y:08 P:A4 SP:FF PPU: NOT IMPLEMENTED YET
C037  CA        DEX                             A:00 X:FA Y:08 P:A4 SP:FF PPU: NOT IMPLEMENTED YET
C038  D0 FA     BNE $C034                       A:00 X:F9 Y:08 P:A4 SP:FF PPU: NOT IMPLEMENTED YET
C034  8D 07 20  STA $2007 = 00                  A:00 X:F9 Y:08 P:A4 SP:FF PPU: NOT IMPLEMENTED YET
C037  CA        DEX                             A:00 X:F9 Y:08 P:A4 SP:FF PPU: NOT IMPLEMENTED YET
C038  D0 FA     BNE $C034                       A:00 X:F8 Y:08 P:A4 SP:FF PPU: NOT IMPLEMENTED YET
C034  8D 07 20  STA $2007 = 00                  A:00 X:F8 Y:08 P:A4 SP:FF PPU: NOT IMPLEMENTED YET
C037  CA        DEX                             A:00 X:F8 Y:08 P:A4 SP:FF PPU: NOT IMPLEMENTED YET
C038  D0 FA     BNE $C034                       A:00 X:F7 Y:08 P:A4 SP:FF PPU: NOT IMPLEMENTED YET
C034  8D 07 20  STA $2007 = 00                  A:00 X:F7 Y:08 P:A4 SP:FF PPU: NOT IMPLEMENTED YET
C037  CA        DEX                             A:00 X:F7 Y:08 P:A4 SP:FF PPU: NOT IMPLEMENTED YET
C038  D0 FA     BNE $C034                       A:00 X:F6 Y:08 P:A4 SP:FF PPU: NOT IMPLEMENTED YET
C034  8D 07 20  STA $2007 = 00                  A:00 X:F6 Y:08 P:A4 SP:FF PPU: NOT IMPLEMENTED YET
C037  CA        DEX                             A:00 X:F6 Y:08 P:A4 SP:FF PPU: NOT IMPLEMENTED YET
C038  D0 FA     BNE $C034                       A:00 X:F5 Y:08 P:A4 SP:FF PPU: NOT IMPLEMENTED YET
C034  8D 07 20  STA $2007 = 00                  A:00 X:F5 Y:08 P:A4 SP:FF PPU: NOT IMPLEMENTED YET
C037  CA        DEX                             A:00 X:F5 Y:08 P:A4 SP:FF PPU: NOT IMPLEMENTED YET
C038  D0 FA     BNE $C034                       A:00 X:F4 Y:08 P:A4 SP:FF PPU: NOT IMPLEMENTED YET
C034  8D 07 20  STA $2007 = 00                  A:00 X:F4 Y:08 P:A4 SP:FF PPU: NOT IMPLEMENTED YET
C037  CA        DEX                             A:00 X:F4 Y:08 P:A4 SP:FF PPU: NOT IMPLEMENTED YET
C038  D0 FA     BNE $C034                       A:00 X:F3 Y:08 P:A4 SP:FF PPU: NOT IMPLEMENTED YET
C034  8D 07 20  STA $2007 = 00                  A:00 X:F3 Y:08 P:A4 SP:FF PPU: NOT IMPLEMENTED YET
C037  CA        DEX                             A:00 X:F3 Y:08 P:A4 SP:FF PPU: NOT IMPLEMENTED YET
C038  D0 FA     BNE $C034                       A:00 X:F2 Y:08 P:A4 SP:FF PPU: NOT IMPLEMENTED YET
C034  8D 07 20  STA $2007 = 00                  A:00 X:F2 Y:08 P:A4 SP:FF PPU: NOT IMPLEMENTED YET
C037  CA        DEX                             A:00 X:F2 Y:08 P:A4 SP:FF PPU: NOT IMPLEMENTED YET
C038  D0 FA     BNE $C034                       A:00 X:F1 Y:08 P:A4 SP:FF PPU: NOT IMPLEMENTED YET
C034  8D 07 20  STA $2007 = 00                  A:00 X:F1 Y:08 P:A4 SP:FF PPU: NOT IMPLEMENTED YET
C037  CA        DEX                             A:00 X:F1 Y:08 P:A4 SP:FF PPU: NOT IMPLEMENTED YET
C038  D0 FA     BNE $C034                       A:00 X:F0 Y:08 P:A4 SP:FF PPU: NOT IMPLEMENTED YET
C034  8D 07 20  STA $2007 = 00                  A:00 X:F0 Y:08 P:A4 SP:FF PPU: NOT IMPLEMENTED YET
C037  CA        DEX                             A:00 X:F0 Y:08 P:A4 SP:FF PPU: NOT IMPLEMENTED YET
C038  D0 FA     BNE $C034                       A:00 X:EF Y:08 P:A4 SP:FF PPU: NOT IMPLEMENTED YET
C034  8D 07 20  STA $2007 = 00                  A:00 X:EF Y:08 P:A4 SP:FF PPU: NOT IMPLEMENTED YET
C037  CA        DEX                             A:00 X:EF Y:08 P:A4 SP:FF PPU: NOT IMPLEMENTED YET
C038  D0 FA     BNE $C034                       A:00 X:EE Y:08 P:A4 SP:FF PPU: NOT IMPLEMENTED YET
C034  8D 07 20  STA $2007 = 00                  A:00 X:EE Y:08 P:A4 SP:FF PPU: NOT IMPLEMENTED YET
C037  CA        DEX                             A:00 X:EE Y:08 P:A4 SP:FF PPU: NOT IMPLEMENTED YET
C038  D0 FA     BNE $C034                       A:00 X:ED Y:08 P:A4 SP:FF PPU: NOT IMPLEMENTED YET
C034  8D 07 20  STA $2007 = 00                  A:00 X:ED Y:08 P:A4 SP:FF PPU: NOT IMPLEMENTED YET
C037  CA        DEX                             A:00 X:ED Y:08 P:A4 SP:FF PPU: NOT IMPLEMENTED YET
C038  D0 FA     BNE $C034                       A:00 X:EC Y:08 P:A4 SP:FF PPU: NOT IMPLEMENTED YET
C034  8D 07 20  STA $2007 = 00                  A:00 X:EC Y:08 P:A4 SP:FF PPU: NOT IMPLEMENTED YET
C037  CA        DEX                             A:00 X:EC Y:08 P:A4 SP:FF PPU: NOT IMPLEMENTED YET
C038  D0 FA     BNE $C034                       A:00 X:EB Y:08 P:A4 SP:FF PPU: NOT IMPLEMENTED YET
C034  8D 07 20  STA $2007 = 00                  A:00 X:EB Y:08 P:A4 SP:FF PPU: NOT IMPLEMENTED YET
C037  CA        DEX                             A:00 X:EB Y:08 P:A4 SP:FF PPU: NOT IMPLEMENTED YET
C038  D0 FA     BNE $C034                       A:00 X:EA Y:08 P:A4 SP:FF PPU: NOT IMPLEMENTED YET
C034  8D 07 20  STA $2007 = 00                  A:00 X:EA Y:08 P:A4 SP:FF PPU: NOT IMPLEMENTED YET
C037  CA        DEX                             A:00 X:EA Y:08 P:A4 SP:FF PPU: NOT IMPLEMENTED YET
C038  D0 FA     BNE $C034                       A:00 X:E9 Y:08 P:A4 SP:FF PPU: NOT IMPLEMENTED YET
C034  8D 07 20  STA $2007 = 00                  A:00 X:E9 Y:08 P:A4 SP:FF PPU: NOT IMPLEMENTED YET
C037  CA        DEX                             A:00 X:E9 Y:08 P:A4 SP:FF PPU: NOT IMPLEMENTED YET
C038  D0 FA     BNE $C034                       A:00 X:E8 Y:08 P:A4 SP:FF PPU: NOT IMPLEMENTED YET
C034  8D 07 20  STA $2007 = 00                  A:00 X:E8 Y:08 P:A4 SP:FF PPU: NOT IMPLEMENTED YET
C037  CA        DEX                             A:00 X:E8 Y:08 P:A4 SP:FF PPU: NOT IMPLEMENTED YET
C038  D0 FA     BNE $C034                       A:00 X:E7 Y:08 P:A4 SP:FF PPU: NOT IMPLEMENTED YET
C034  8D 07 20  STA $2007 = 00                  A:00 X:E7 Y:08 P:A4 SP:FF PPU: NOT IMPLEMENTED YET
C037  CA        DEX                             A:00 X:E7 Y:08 P:A4 SP:FF PPU: NOT IMPLEMENTED YET
C038  D0 FA     BNE $C034                       A:00 X:E6 Y:08 P:A4 SP:FF PPU: NOT IMPLEMENTED YET
C034  8D 07 20  STA $2007 = 00                  A:00 X:E6 Y:08 P:A4 SP:FF PPU: NOT IMPLEMENTED YET
C037  CA        DEX                             A:00 X:E6 Y:08 P:A4 SP:FF PPU: NOT IMPLEMENTED YET
C038  D0 FA     BNE $C034                       A:00 X:E5 Y:08 P:A4 SP:FF PPU: NOT IMPLEMENTED YET
C034  8D 07 20  STA $2007 = 00                  A:00 X:E5 Y:08 P:A4 SP:FF PPU: NOT IMPLEMENTED YET
C037  CA        DEX                             A:00 X:E5 Y:08 P:A4 SP:FF PPU: NOT IMPLEMENTED YET
C038  D0 FA     BNE $C034                       A:00 X:E4 Y:08 P:A4 SP:FF PPU: NOT IMPLEMENTED YET
C034  8D 07 20  STA $2007 = 00                  A:00 X:E4 Y:08 P:A4 SP:FF PPU: NOT IMPLEMENTED YET
C037  CA        DEX                             A:00 X:E4 Y:08 P:A4 SP:FF PPU: NOT IMPLEMENTED YET
C038  D0 FA     BNE $C034                       A:00 X:E3 Y:08 P:A4 SP:FF PPU: NOT IMPLEMENTED YET
C034  8D 07 20  STA $2007 = 00                  A:00 X:E3 Y:08 P:A4 SP:FF PPU: NOT IMPLEMENTED YET
C037  CA        DEX                             A:00 X:E3 Y:08 P:A4 SP:FF PPU: NOT IMPLEMENTED YET
C038  D0 FA     BNE $C034                       A:00 X:E2 Y:08 P:A4 SP:FF PPU: NOT IMPLEMENTED YET
C034  8D 07 20  STA $2007 = 00                  A:00 X:E2 Y:08 P:A4 SP:FF PPU: NOT IMPLEMENTED YET
C037  CA        DEX                             A:00 X:E2 Y:08 P:A4 SP:FF PPU: NOT IMPLEMENTED YET
C038  D0 FA     BNE $C034                       A:00 X:E1 Y:08 P:A4 SP:FF PPU: NOT IMPLEMENTED YET
C034  8D 07 20  STA $2007 = 00                  A:00 X:E1 Y:08 P:A4 SP:FF PPU: NOT IMPLEMENTED YET
C037  CA        DEX                             A:00 X:E1 Y:08 P:A4 SP:FF PPU: NOT IMPLEMENTED YET
C038  D0 FA     BNE $C034                       A:00 X:E0 Y:08 P:A4 SP:FF PPU: NOT IMPLEMENTED YET
C034  8D 07 20  STA $2007 = 00                  A:00 X:E0 Y:08 P:A4 SP:FF PPU: NOT IMPLEMENTED YET
C037  CA        DEX                             A:00 X:E0 Y:08 P:A4 SP:FF PPU: NOT IMPLEMENTED YET
C038  D0 FA     BNE $C034                       A:00 X:DF Y:08 P:A4 SP:FF PPU: NOT IMPLEMENTED YET
C034  8D 07 20  STA $2007 = 00                  A:00 X:DF Y:08 P:A4 SP:FF PPU: NOT IMPLEMENTED YET
C037  CA        DEX                             A:00 X:DF Y:08 P:A4 SP:FF PPU: NOT IMPLEMENTED YET
C038  D0 FA     BNE $C034                       A:00 X:DE Y:08 P:A4 SP:FF PPU: NOT IMPLEMENTED YET
C034  8D 07 20  STA $2007 = 00                  A:00 X:DE Y:08 P:A4 SP:FF PPU: NOT IMPLEMENTED YET
C037  CA        DEX                             A:00 X:DE Y:08 P:A4 SP:FF PPU: NOT IMPLEMENTED YET
C038  D0 FA     BNE $C034                       A:00 X:DD Y:08 P:A4 SP:FF PPU: NOT IMPLEMENTED YET
C034  8D 07 20  STA $2007 = 00                  A:00 X:DD Y:08 P:A4 SP:FF PPU: NOT IMPLEMENTED YET
C037  CA        DEX                             A:00 X:DD Y:08 P:A4 SP:FF PPU: NOT IMPLEMENTED YET
C038  D0 FA     BNE $C034                       A:00 X:DC Y:08 P:A4 SP:FF PPU: NOT IMPLEMENTED YET
C034  8D 07 20  STA $2007 = 00                  A:00 X:DC Y:08 P:A4 SP:FF PPU: NOT IMPLEMENTED YET
C037  CA        DEX                             A:00 X:DC Y:08 P:A4 SP:FF PPU: NOT IMPLEMENTED YET
C038  D0 FA     BNE $C034                       A:00 X:DB Y:08 P:A4 SP:FF PPU: NOT IMPLEMENTED YET
C034  8D 07 20  STA $2007 = 00                  A:00 X:DB Y:08 P:A4 SP:FF PPU: NOT IMPLEMENTED YET
C037  CA        DEX                             A:00 X:DB Y:08 P:A4 SP:FF PPU: NOT IMPLEMENTED YET
C038  D0 FA     BNE $C034                       A:00 X:DA Y:08 P:A4 SP:FF PPU: NOT IMPLEMENTED YET
C034  8D 07 20  STA $2007 = 00                  A:00 X:DA Y:08 P:A4 SP:FF PPU: NOT IMPLEMENTED YET
C037  CA        DEX                             A:00 X:DA Y:08 P:A4 SP:FF PPU: NOT IMPLEMENTED YET
C038  D0 FA     BNE $C034                       A:00 X:D9 Y:08 P:A4 SP:FF PPU: NOT IMPLEMENTED YET
C034  8D 07 20  STA $2007 = 00                  A:00 X:D9 Y:08 P:A4 SP:FF PPU: NOT IMPLEMENTED YET
C037  CA        DEX                             A:00 X:D9 Y:08 P:A4 SP:FF PPU: NOT IMPLEMENTED YET
C038  D0 FA     BNE $C034                       A:00 X:D8 Y:08 P:A4 SP:FF PPU: NOT IMPLEMENTED YET
C034  8D 07 20  STA $2007 = 00                  A:00 X:D8 Y:08 P:A4 SP:FF PPU: NOT IMPLEMENTED YET
C037  CA        DEX                             A:00 X:D8 Y:08 P:A4 SP:FF PPU: NOT IMPLEMENTED YET
C038  D0 FA     BNE $C034                       A:00 X:D7 Y:08 P:A4 SP:FF PPU: NOT IMPLEMENTED YET
C034  8D 07 20  STA $2007 = 00                  A:00 X:D7 Y:08 P:A4 SP:FF PPU: NOT IMPLEMENTED YET
C037  CA        DEX                             A:00 X:D7 Y:08 P:A4 SP:FF PPU: NOT IMPLEMENTED YET
C038  D0 FA     BNE $C034                       A:00 X:D6 Y:08 P:A4 SP:FF PPU: NOT IMPLEMENTED YET
C034  8D 07 20  STA $2007 = 00                  A:00 X:D6 Y:08 P:A4 SP:FF PPU: NOT IMPLEMENTED YET
C037  CA        DEX                             A:00 X:D6 Y:08 P:A4 SP:FF PPU: NOT IMPLEMENTED YET
C038  D0 FA     BNE $C034                       A:00 X:D5 Y:08 P:A4 SP:FF PPU: NOT IMPLEMENTED YET
C034  8D 07 20  STA $2007 = 00                  A:00 X:D5 Y:08 P:A4 SP:FF PPU: NOT IMPLEMENTED YET
C037  CA        DEX                             A:00 X:D5 Y:08 P:A4 SP:FF PPU: NOT IMPLEMENTED YET
C038  D0 FA     BNE $C034                       A:00 X:D4 Y:08 P:A4 SP:FF PPU: NOT IMPLEMENTED YET
C034  8D 07 20  STA $2007 = 00                  A:00 X:D4 Y:08 P:A4 SP:FF PPU: NOT IMPLEMENTED YET
C037  CA        DEX                             A:00 X:D4 Y:08 P:A4 SP:FF PPU: NOT IMPLEMENTED YET
C038  D0 FA     BNE $C034                       A:00 X:D3 Y:08 P:A4 SP:FF PPU: NOT IMPLEMENTED YET
C034  8D 07 20  STA $2007 = 00                  A:00 X:D3 Y:08 P:A4 SP:FF PPU: NOT IMPLEMENTED YET
C037  CA        DEX                             A:00 X:D3 Y:08 P:A4 SP:FF PPU: NOT IMPLEMENTED YET
C038  D0 FA     BNE $C034                       A:00 X:D2 Y:08 P:A4 SP:FF PPU: NOT IMPLEMENTED YET
C034  8D 07 20  STA $2007 = 00                  A:00 X:D2 Y:08 P:A4 SP:FF PPU: NOT IMPLEMENTED YET
C037  CA        DEX                             A:00 X:D2 Y:08 P:A4 SP:FF PPU: NOT IMPLEMENTED YET
C038  D0 FA     BNE $C034                       A:00 X:D1 Y:08 P:A4 SP:FF PPU: NOT IMPLEMENTED YET
C034  8D 07 20  STA $2007 = 00                  A:00 X:D1 Y:08 P:A4 SP:FF PPU: NOT IMPLEMENTED YET
C037  CA        DEX                             A:00 X:D1 Y:08 P:A4 SP:FF PPU: NOT IMPLEMENTED YET
C038  D0 FA     BNE $C034                       A:00 X:D0 Y:08 P:A4 SP:FF PPU: NOT IMPLEMENTED YET
C034  8D 07 20  STA $2007 = 00                  A:00 X:D0 Y:08 P:A4 SP:FF PPU: NOT IMPLEMENTED YET
C037  CA        DEX                             A:00 X:D0 Y:08 P:A4 SP:FF PPU: NOT IMPLEMENTED YET
C038  D0 FA     BNE $C034                       A:00 X:CF Y:08 P:A4 SP:FF PPU: NOT IMPLEMENTED YET
C034  8D 07 20  STA $2007 = 00                  A:00 X:CF Y:08 P:A4 SP:FF PPU: NOT IMPLEMENTED YET
C037  CA        DEX                             A:00 X:CF Y:08 P:A4 SP:FF PPU: NOT IMPLEMENTED YET
C038  D0 FA     BNE $C034                       A:00 X:CE Y:08 P:A4 SP:FF PPU: NOT IMPLEMENTED YET
C034  8D 07 20  STA $2007 = 00                  A:00 X:CE Y:08 P:A4 SP:FF PPU: NOT IMPLEMENTED YET
C037  CA        DEX                             A:00 X:CE Y:08 P:A4 SP:FF PPU: NOT IMPLEMENTED YET
C038  D0 FA     BNE $C034                       A:00 X:CD Y:08 P:A4 SP:FF PPU: NOT IMPLEMENTED YET
C034  8D 07 20  STA $2007 = 00                  A:00 X:CD Y:08 P:A4 SP:FF PPU: NOT IMPLEMENTED YET
C037  CA        DEX                             A:00 X:CD Y:08 P:A4 SP:FF PPU: NOT IMPLEMENTED YET
C038  D0 FA     BNE $C034                       A:00 X:CC Y:08 P:A4 SP:FF PPU: NOT IMPLEMENTED YET
C034  8D 07 20  STA $2007 = 00                  A:00 X:CC Y:08 P:A4 SP:FF PPU: NOT IMPLEMENTED YET
C037  CA        DEX                             A:00 X:CC Y:08 P:A4 SP:FF PPU: NOT IMPLEMENTED YET
C038  D0 FA     BNE $C034                       A:00 X:CB Y:08 P:A4 SP:FF PPU: NOT IMPLEMENTED YET
C034  8D 07 20  STA $2007 = 00                  A:00 X:CB Y:08 P:A4 SP:FF PPU: NOT IMPLEMENTED YET
C037  CA        DEX                             A:00 X:CB Y:08 P:A4 SP:FF PPU: NOT IMPLEMENTED YET
C038  D0 FA     BNE $C034                       A:00 X:CA Y:08 P:A4 SP:FF PPU: NOT IMPLEMENTED YET
C034  8D 07 20  STA $2007 = 00                  A:00 X:CA Y:08 P:A4 SP:FF PPU: NOT IMPLEMENTED YET
C037  CA        DEX                             A:00 X:CA Y:08 P:A4 SP:FF PPU: NOT IMPLEMENTED YET
C038  D0 FA     BNE $C034                       A:00 X:C9 Y:08 P:A4 SP:FF PPU: NOT IMPLEMENTED YET
C034  8D 07 20  STA $2007 = 00                  A:00 X:C9 Y:08 P:A4 SP:FF PPU: NOT IMPLEMENTED YET
C037  CA        DEX                             A:00 X:C9 Y:08 P:A4 SP:FF PPU: NOT IMPLEMENTED YET
C038  D0 FA     BNE $C034                       A:00 X:C8 Y:08 P:A4 SP:FF PPU: NOT IMPLEMENTED YET
C034  8D 07 20  STA $2007 = 00                  A:00 X:C8 Y:08 P:A4 SP:FF PPU: NOT IMPLEMENTED YET
C037  CA        DEX                             A:00 X:C8 Y:08 P:A4 SP:FF PPU: NOT IMPLEMENTED YET
C038  D0 FA     BNE $C034                       A:00 X:C7 Y:08 P:A4 SP:FF PPU: NOT IMPLEMENTED YET
C034  8D 07 20  STA $2007 = 00                  A:00 X:C7 Y:08 P:A4 SP:FF PPU: NOT IMPLEMENTED YET
C037  CA        DEX                             A:00 X:C7 Y:08 P:A4 SP:FF PPU: NOT IMPLEMENTED YET
C038  D0 FA     BNE $C034                       A:00 X:C6 Y:08 P:A4 SP:FF PPU: NOT IMPLEMENTED YET
C034  8D 07 20  STA $2007 = 00                  A:00 X:C6 Y:08 P:A4 SP:FF PPU: NOT IMPLEMENTED YET
C037  CA        DEX                             A:00 X:C6 Y:08 P:A4 SP:FF PPU: NOT IMPLEMENTED YET
C038  D0 FA     BNE $C034                       A:00 X:C5 Y:08 P:A4 SP:FF PPU: NOT IMPLEMENTED YET
C034  8D 07 20  STA $2007 = 00                  A:00 X:C5 Y:08 P:A4 SP:FF PPU: NOT IMPLEMENTED YET
C037  CA        DEX                             A:00 X:C5 Y:08 P:A4 SP:FF PPU: NOT IMPLEMENTED YET
C038  D0 FA     BNE $C034                       A:00 X:C4 Y:08 P:A4 SP:FF PPU: NOT IMPLEMENTED YET
C034  8D 07 20  STA $2007 = 00                  A:00 X:C4 Y:08 P:A4 SP:FF PPU: NOT IMPLEMENTED YET
C037  CA        DEX                             A:00 X:C4 Y:08 P:A4 SP:FF PPU: NOT IMPLEMENTED YET
C038  D0 FA     BNE $C034                       A:00 X:C3 Y:08 P:A4 SP:FF PPU: NOT IMPLEMENTED YET
C034  8D 07 20  STA $2007 = 00                  A:00 X:C3 Y:08 P:A4 SP:FF PPU: NOT IMPLEMENTED YET
C037  CA        DEX                             A:00 X:C3 Y:08 P:A4 SP:FF PPU: NOT IMPLEMENTED YET
C038  D0 FA     BNE $C034                       A:00 X:C2 Y:08 P:A4 SP:FF PPU: NOT IMPLEMENTED YET
C034  8D 07 20  STA $2007 = 00                  A:00 X:C2 Y:08 P:A4 SP:FF PPU: NOT IMPLEMENTED YET
C037  CA        DEX                             A:00 X:C2 Y:08 P:A4 SP:FF PPU: NOT IMPLEMENTED YET
C038  D0 FA     BNE $C034                       A:00 X:C1 Y:08 P:A4 SP:FF PPU: NOT IMPLEMENTED YET
C034  8D 07 20  STA $2007 = 00                  A:00 X:C1 Y:08 P:A4 SP:FF PPU: NOT IMPLEMENTED YET
C037  CA        DEX                             A:00 X:C1 Y:08 P:A4 SP:FF PPU: NOT IMPLEMENTED YET
C038  D0 FA     BNE $C034                       A:00 X:C0 Y:08 P:A4 SP:FF PPU: NOT IMPLEMENTED YET
C034  8D 07 20  STA $2007 = 00                  A:00 X:C0 Y:08 P:A4 SP:FF PPU: NOT IMPLEMENTED YET
C037  CA        DEX                             A:00 X:C0 Y:08 P:A4 SP:FF PPU: NOT IMPLEMENTED YET
C038  D0 FA     BNE $C034                       A:00 X:BF Y:08 P:A4 SP:FF PPU: NOT IMPLEMENTED YET
C034  8D 07 20  STA $2007 = 00                  A:00 X:BF Y:08 P:A4 SP:FF PPU: NOT IMPLEMENTED YET
C037  CA        DEX                             A:00 X:BF Y:08 P:A4 SP:FF PPU: NOT IMPLEMENTED YET
C038  D0 FA     BNE $C034                       A:00 X:BE Y:08 P:A4 SP:FF PPU: NOT IMPLEMENTED YET
C034  8D 07 20  STA $2007 = 00                  A:00 X:BE Y:08 P:A4 SP:FF PPU: NOT IMPLEMENTED YET
C037  CA        DEX                             A:00 X:BE Y:08 P:A4 SP:FF PPU: NOT IMPLEMENTED YET
C038  D0 FA     BNE $C034                       A:00 X:BD Y:08 P:A4 SP:FF PPU: NOT IMPLEMENTED YET
C034  8D 07 20  STA $2007 = 00                  A:00 X:BD Y:08 P:A4 SP:FF PPU: NOT IMPLEMENTED YET
C037  CA        DEX                             A:00 X:BD Y:08 P:A4 SP:FF PPU: NOT IMPLEMENTED YET
C038  D0 FA     BNE $C034                       A:00 X:BC Y:08 P:A4 SP:FF PPU: NOT IMPLEMENTED YET
C034  8D 07 20  STA $2007 = 00                  A:00 X:BC Y:08 P:A4 SP:FF PPU: NOT IMPLEMENTED YET
C037  CA        DEX                             A:00 X:BC Y:08 P:A4 SP:FF PPU: NOT IMPLEMENTED YET
C038  D0 FA     BNE $C034                       A:00 X:BB Y:08 P:A4 SP:FF PPU: NOT IMPLEMENTED YET
C034  8D 07 20  STA $2007 = 00                  A:00 X:BB Y:08 P:A4 SP:FF PPU: NOT IMPLEMENTED YET
C037  CA        DEX                             A:00 X:BB Y:08 P:A4 SP:FF PPU: NOT IMPLEMENTED YET
C038  D0 FA     BNE $C034                       A:00 X:BA Y:08 P:A4 SP:FF PPU: NOT IMPLEMENTED YET
C034  8D 07 20  STA $2007 = 00                  A:00 X:BA Y:08 P:A4 SP:FF PPU: NOT IMPLEMENTED YET
C037  CA        DEX                             A:00 X:BA Y:08 P:A4 SP:FF PPU: NOT IMPLEMENTED YET
C038  D0 FA     BNE $C034                       A:00 X:B9 Y:08 P:A4 SP:FF PPU: NOT IMPLEMENTED YET
C034  8D 07 20  STA $2007 = 00                  A:00 X:B9 Y:08 P:A4 SP:FF PPU: NOT IMPLEMENTED YET
C037  CA        DEX                             A:00 X:B9 Y:08 P:A4 SP:FF PPU: NOT IMPLEMENTED YET
C038  D0 FA     BNE $C034                       A:00 X:B8 Y:08 P:A4 SP:FF PPU: NOT IMPLEMENTED YET
C034  8D 07 20  STA $2007 = 00                  A:00 X:B8 Y:08 P:A4 SP:FF PPU: NOT IMPLEMENTED YET
C037  CA        DEX                             A:00 X:B8 Y:08 P:A4 SP:FF PPU: NOT IMPLEMENTED YET
C038  D0 FA     BNE $C034                       A:00 X:B7 Y:08 P:A4 SP:FF PPU: NOT IMPLEMENTED YET
C034  8D 07 20  STA $2007 = 00                  A:00 X:B7 Y:08 P:A4 SP:FF PPU: NOT IMPLEMENTED YET
C037  CA        DEX                             A:00 X:B7 Y:08 P:A4 SP:FF PPU: NOT IMPLEMENTED YET
C038  D0 FA     BNE $C034                       A:00 X:B6 Y:08 P:A4 SP:FF PPU: NOT IMPLEMENTED YET
C034  8D 07 20  STA $2007 = 00                  A:00 X:B6 Y:08 P:A4 SP:FF PPU: NOT IMPLEMENTED YET
C037  CA        DEX                             A:00 X:B6 Y:08 P:A4 SP:FF PPU: NOT IMPLEMENTED YET
C038  D0 FA     BNE $C034                       A:00 X:B5 Y:08 P:A4 SP:FF PPU: NOT IMPLEMENTED YET
C034  8D 07 20  STA $2007 = 00                  A:00 X:B5 Y:08 P:A4 SP:FF PPU: NOT IMPLEMENTED YET
C037  CA        DEX                             A:00 X:B5 Y:08 P:A4 SP:FF PPU: NOT IMPLEMENTED YET
C038  D0 FA     BNE $C034                       A:00 X:B4 Y:08 P:A4 SP:FF PPU: NOT IMPLEMENTED YET
C034  8D 07 20  STA $2007 = 00                  A:00 X:B4 Y:08 P:A4 SP:FF PPU: NOT IMPLEMENTED YET
C037  CA        DEX                             A:00 X:B4 Y:08 P:A4 SP:FF PPU: NOT IMPLEMENTED YET
C038  D0 FA     BNE $C034                       A:00 X:B3 Y:08 P:A4 SP:FF PPU: NOT IMPLEMENTED YET
C034  8D 07 20  STA $2007 = 00                  A:00 X:B3 Y:08 P:A4 SP:FF PPU: NOT IMPLEMENTED YET
C037  CA        DEX                             A:00 X:B3 Y:08 P:A4 SP:FF PPU: NOT IMPLEMENTED YET
C038  D0 FA     BNE $C034                       A:00 X:B2 Y:08 P:A4 SP:FF PPU: NOT IMPLEMENTED YET
C034  8D 07 20  STA $2007 = 00                  A:00 X:B2 Y:08 P:A4 SP:FF PPU: NOT IMPLEMENTED YET
C037  CA        DEX                             A:00 X:B2 Y:08 P:A4 SP:FF PPU: NOT IMPLEMENTED YET
C038  D0 FA     BNE $C034                       A:00 X:B1 Y:08 P:A4 SP:FF PPU: NOT IMPLEMENTED YET
C034  8D 07 20  STA $2007 = 00                  A:00 X:B1 Y:08 P:A4 SP:FF PPU: NOT IMPLEMENTED YET
C037  CA        DEX                             A:00 X:B1 Y:08 P:A4 SP:FF PPU: NOT IMPLEMENTED YET
C038  D0 FA     BNE $C034                       A:00 X:B0 Y:08 P:A4 SP:FF PPU: NOT IMPLEMENTED YET
C034  8D 07 20  STA $2007 = 00                  A:00 X:B0 Y:08 P:A4 SP:FF PPU: NOT IMPLEMENTED YET
C037  CA        DEX                             A:00 X:B0 Y:08 P:A4 SP:FF PPU: NOT IMPLEMENTED YET
C038  D0 FA     BNE $C034                       A:00 X:AF Y:08 P:A4 SP:FF PPU: NOT IMPLEMENTED YET
C034  8D 07 20  STA $2007 = 00                  A:00 X:AF Y:08 P:A4 SP:FF PPU: NOT IMPLEMENTED YET
C037  CA        DEX                             A:00 X:AF Y:08 P:A4 SP:FF PPU: NOT IMPLEMENTED YET
C038  D0 FA     BNE $C034                       A:00 X:AE Y:08 P:A4 SP:FF PPU: NOT IMPLEMENTED YET
C034  8D 07 20  STA $2007 = 00                  A:00 X:AE Y:08 P:A4 SP:FF PPU: NOT IMPLEMENTED YET
C037  CA        DEX                             A:00 X:AE Y:08 P:A4 SP:FF PPU: NOT IMPLEMENTED YET
C038  D0 FA     BNE $C034                       A:00 X:AD Y:08 P:A4 SP:FF PPU: NOT IMPLEMENTED YET
C034  8D 07 20  STA $2007 = 00                  A:00 X:AD Y:08 P:A4 SP:FF PPU: NOT IMPLEMENTED YET
C037  CA        DEX                             A:00 X:AD Y:08 P:A4 SP:FF PPU: NOT IMPLEMENTED YET
C038  D0 FA     BNE $C034                       A:00 X:AC Y:08 P:A4 SP:FF PPU: NOT IMPLEMENTED YET
C034  8D 07 20  STA $2007 = 00                  A:00 X:AC Y:08 P:A4 SP:FF PPU: NOT IMPLEMENTED YET
C037  CA        DEX                             A:00 X:AC Y:08 P:A4 SP:FF PPU: NOT IMPLEMENTED YET
C038  D0 FA     BNE $C034                       A:00 X:AB Y:08 P:A4 SP:FF PPU: NOT IMPLEMENTED YET
C034  8D 07 20  STA $2007 = 00                  A:00 X:AB Y:08 P:A4 SP:FF PPU: NOT IMPLEMENTED YET
C037  CA        DEX                             A:00 X:AB Y:08 P:A4 SP:FF PPU: NOT IMPLEMENTED YET
C038  D0 FA     BNE $C034                       A:00 X:AA Y:08 P:A4 SP:FF PPU: NOT IMPLEMENTED YET
C034  8D 07 20  STA $2007 = 00                  A:00 X:AA Y:08 P:A4 SP:FF PPU: NOT IMPLEMENTED YET
C037  CA        DEX                             A:00 X:AA Y:08 P:A4 SP:FF PPU: NOT IMPLEMENTED YET
C038  D0 FA     BNE $C034                       A:00 X:A9 Y:08 P:A4 SP:FF PPU: NOT IMPLEMENTED YET
C034  8D 07 20  STA $2007 = 00                  A:00 X:A9 Y:08 P:A4 SP:FF PPU: NOT IMPLEMENTED YET
C037  CA        DEX                             A:00 X:A9 Y:08 P:A4 SP:FF PPU: NOT IMPLEMENTED YET
C038  D0 FA     BNE $C034                       A:00 X:A8 Y:08 P:A4 SP:FF PPU: NOT IMPLEMENTED YET
C034  8D 07 20  STA $2007 = 00                  A:00 X:A8 Y:08 P:A4 SP:FF PPU: NOT IMPLEMENTED YET
C037  CA        DEX                             A:00 X:A8 Y:08 P:A4 SP:FF PPU: NOT IMPLEMENTED YET
C038  D0 FA     BNE $C034                       A:00 X:A7 Y:08 P:A4 SP:FF PPU: NOT IMPLEMENTED YET
C034  8D 07 20  STA $2007 = 00                  A:00 X:A7 Y:08 P:A4 SP:FF PPU: NOT IMPLEMENTED YET
C037  CA        DEX                             A:00 X:A7 Y:08 P:A4 SP:FF PPU: NOT IMPLEMENTED YET
C038  D0 FA     BNE $C034                       A:00 X:A6 Y:08 P:A4 SP:FF PPU: NOT IMPLEMENTED YET
C034  8D 07 20  STA $2007 = 00                  A:00 X:A6 Y:08 P:A4 SP:FF PPU: NOT IMPLEMENTED YET
C037  CA        DEX                             A:00 X:A6 Y:08 P:A4 SP:FF PPU: NOT IMPLEMENTED YET
C038  D0 FA     BNE $C034                       A:00 X:A5 Y:08 P:A4 SP:FF PPU: NOT IMPLEMENTED YET
C034  8D 07 20  STA $2007 = 00                  A:00 X:A5 Y:08 P:A4 SP:FF PPU: NOT IMPLEMENTED YET
C037  CA        DEX                             A:00 X:A5 Y:08 P:A4 SP:FF PPU: NOT IMPLEMENTED YET
C038  D0 FA     BNE $C034                       A:00 X:A4 Y:08 P:A4 SP:FF PPU: NOT IMPLEMENTED YET
C034  8D 07 20  STA $2007 = 00                  A:00 X:A4 Y:08 P:A4 SP:FF PPU: NOT IMPLEMENTED YET
C037  CA        DEX                             A:00 X:A4 Y:08 P:A4 SP:FF PPU: NOT IMPLEMENTED YET
C038  D0 FA     BNE $C034                       A:00 X:A3 Y:08 P:A4 SP:FF PPU: NOT IMPLEMENTED YET
C034  8D 07 20  STA $2007 = 00                  A:00 X:A3 Y:08 P:A4 SP:FF PPU: NOT IMPLEMENTED YET
C037  CA        DEX                             A:00 X:A3 Y:08 P:A4 SP:FF PPU: NOT IMPLEMENTED YET
C038  D0 FA     BNE $C034                       A:00 X:A2 Y:08 P:A4 SP:FF PPU: NOT IMPLEMENTED YET
C034  8D 07 20  STA $2007 = 00                  A:00 X:A2 Y:08 P:A4 SP:FF PPU: NOT IMPLEMENTED YET
C037  CA        DEX                             A:00 X:A2 Y:08 P:A4 SP:FF PPU: NOT IMPLEMENTED YET
C038  D0 FA     BNE $C034                       A:00 X:A1 Y:08 P:A4 SP:FF PPU: NOT IMPLEMENTED YET
C034  8D 07 20  STA $2007 = 00                  A:00 X:A1 Y:08 P:A4 SP:FF PPU: NOT IMPLEMENTED YET
C037  CA        DEX                             A:00 X:A1 Y:08 P:A4 SP:FF PPU: NOT IMPLEMENTED YET
C038  D0 FA     BNE $C034                       A:00 X:A0 Y:08 P:A4 SP:FF PPU: NOT IMPLEMENTED YET
C034  8D 07 20  STA $2007 = 00                  A:00 X:A0 Y:08 P:A4 SP:FF PPU: NOT IMPLEMENTED YET
C037  CA        DEX                             A:00 X:A0 Y:08 P:A4 SP:FF PPU: NOT IMPLEMENTED YET
C038  D0 FA     BNE $C034                       A:00 X:9F Y:08 P:A4 SP:FF PPU: NOT IMPLEMENTED YET
C034  8D 07 20  STA $2007 = 00                  A:00 X:9F Y:08 P:A4 SP:FF PPU: NOT IMPLEMENTED YET
C037  CA        DEX                             A:00 X:9F Y:08 P:A4 SP:FF PPU: NOT IMPLEMENTED YET
C038  D0 FA     BNE $C034                       A:00 X:9E Y:08 P:A4 SP:FF PPU: NOT IMPLEMENTED YET
C034  8D 07 20  STA $2007 = 00                  A:00 X:9E Y:08 P:A4 SP:FF PPU: NOT IMPLEMENTED YET
C037  CA        DEX                             A:00 X:9E Y:08 P:A4 SP:FF PPU: NOT IMPLEMENTED YET
C038  D0 FA     BNE $C034                       A:00 X:9D Y:08 P:A4 SP:FF PPU: NOT IMPLEMENTED YET
C034  8D 07 20  STA $2007 = 00                  A:00 X:9D Y:08 P:A4 SP:FF PPU: NOT IMPLEMENTED YET
C037  CA        DEX                             A:00 X:9D Y:08 P:A4 SP:FF PPU: NOT IMPLEMENTED YET
C038  D0 FA     BNE $C034                       A:00 X:9C Y:08 P:A4 SP:FF PPU: NOT IMPLEMENTED YET
C034  8D 07 20  STA $2007 = 00                  A:00 X:9C Y:08 P:A4 SP:FF PPU: NOT IMPLEMENTED YET
C037  CA        DEX                             A:00 X:9C Y:08 P:A4 SP:FF PPU: NOT IMPLEMENTED YET
C038  D0 FA     BNE $C034                       A:00 X:9B Y:08 P:A4 SP:FF PPU: NOT IMPLEMENTED YET
C034  8D 07 20  STA $2007 = 00                  A:00 X:9B Y:08 P:A4 SP:FF PPU: NOT IMPLEMENTED YET
C037  CA        DEX                             A:00 X:9B Y:08 P:A4 SP:FF PPU: NOT IMPLEMENTED YET
C038  D0 FA     BNE $C034                       A:00 X:9A Y:08 P:A4 SP:FF PPU: NOT IMPLEMENTED YET
C034  8D 07 20  STA $2007 = 00                  A:00 X:9A Y:08 P:A4 SP:FF PPU: NOT IMPLEMENTED YET
C037  CA        DEX                             A:00 X:9A Y:08 P:A4 SP:FF PPU: NOT IMPLEMENTED YET
C038  D0 FA     BNE $C034                       A:00 X:99 Y:08 P:A4 SP:FF PPU: NOT IMPLEMENTED YET
C034  8D 07 20  STA $2007 = 00                  A:00 X:99 Y:08 P:A4 SP:FF PPU: NOT IMPLEMENTED YET
C037  CA        DEX                             A:00 X:99 Y:08 P:A4 SP:FF PPU: NOT IMPLEMENTED YET
C038  D0 FA     BNE $C034                       A:00 X:98 Y:08 P:A4 SP:FF PPU: NOT IMPLEMENTED YET
C034  8D 07 20  STA $2007 = 00                  A:00 X:98 Y:08 P:A4 SP:FF PPU: NOT IMPLEMENTED YET
C037  CA        DEX                             A:00 X:98 Y:08 P:A4 SP:FF PPU: NOT IMPLEMENTED YET
C038  D0 FA     BNE $C034                       A:00 X:97 Y:08 P:A4 SP:FF PPU: NOT IMPLEMENTED YET
C034  8D 07 20  STA $2007 = 00                  A:00 X:97 Y:08 P:A4 SP:FF PPU: NOT IMPLEMENTED YET
C037  CA        DEX                             A:00 X:97 Y:08 P:A4 SP:FF PPU: NOT IMPLEMENTED YET
C038  D0 FA     BNE $C034                       A:00 X:96 Y:08 P:A4 SP:FF PPU: NOT IMPLEMENTED YET
C034  8D 07 20  STA $2007 = 00                  A:00 X:96 Y:08 P:A4 SP:FF PPU: NOT IMPLEMENTED YET
C037  CA        DEX                             A:00 X:96 Y:08 P:A4 SP:FF PPU: NOT IMPLEMENTED YET
C038  D0 FA     BNE $C034                       A:00 X:95 Y:08 P:A4 SP:FF PPU: NOT IMPLEMENTED YET
C034  8D 07 20  STA $2007 = 00                  A:00 X:95 Y:08 P:A4 SP:FF PPU: NOT IMPLEMENTED YET
C037  CA        DEX                             A:00 X:95 Y:08 P:A4 SP:FF PPU: NOT IMPLEMENTED YET
C038  D0 FA     BNE $C034                       A:00 X:94 Y:08 P:A4 SP:FF PPU: NOT IMPLEMENTED YET
C034  8D 07 20  STA $2007 = 00                  A:00 X:94 Y:08 P:A4 SP:FF PPU: NOT IMPLEMENTED YET
C037  CA        DEX                             A:00 X:94 Y:08 P:A4 SP:FF PPU: NOT IMPLEMENTED YET
C038  D0 FA     BNE $C034                       A:00 X:93 Y:08 P:A4 SP:FF PPU: NOT IMPLEMENTED YET
C034  8D 07 20  STA $2007 = 00                  A:00 X:93 Y:08 P:A4 SP:FF PPU: NOT IMPLEMENTED YET
C037  CA        DEX                             A:00 X:93 Y:08 P:A4 SP:FF PPU: NOT IMPLEMENTED YET
C038  D0 FA     BNE $C034                       A:00 X:92 Y:08 P:A4 SP:FF PPU: NOT IMPLEMENTED YET
C034  8D 07 20  STA $2007 = 00                  A:00 X:92 Y:08 P:A4 SP:FF PPU: NOT IMPLEMENTED YET
C037  CA        DEX                             A:00 X:92 Y:08 P:A4 SP:FF PPU: NOT IMPLEMENTED YET
C038  D0 FA     BNE $C034                       A:00 X:91 Y:08 P:A4 SP:FF PPU: NOT IMPLEMENTED YET
C034  8D 07 20  STA $2007 = 00                  A:00 X:91 Y:08 P:A4 SP:FF PPU: NOT IMPLEMENTED YET
C037  CA        DEX                             A:00 X:91 Y:08 P:A4 SP:FF PPU: NOT IMPLEMENTED YET
C038  D0 FA     BNE $C034                       A:00 X:90 Y:08 P:A4 SP:FF PPU: NOT IMPLEMENTED YET
C034  8D 07 20  STA $2007 = 00                  A:00 X:90 Y:08 P:A4 SP:FF PPU: NOT IMPLEMENTED YET
C037  CA        DEX                             A:00 X:90 Y:08 P:A4 SP:FF PPU: NOT IMPLEMENTED YET
C038  D0 FA     BNE $C034                       A:00 X:8F Y:08 P:A4 SP:FF PPU: NOT IMPLEMENTED YET
C034  8D 07 20  STA $2007 = 00                  A:00 X:8F Y:08 P:A4 SP:FF PPU: NOT IMPLEMENTED YET
C037  CA        DEX                             A:00 X:8F Y:08 P:A4 SP:FF PPU: NOT IMPLEMENTED YET
C038  D0 FA     BNE $C034                       A:00 X:8E Y:08 P:A4 SP:FF PPU: NOT IMPLEMENTED YET
C034  8D 07 20  STA $2007 = 00                  A:00 X:8E Y:08 P:A4 SP:FF PPU: NOT IMPLEMENTED YET
C037  CA        DEX                             A:00 X:8E Y:08 P:A4 SP:FF PPU: NOT IMPLEMENTED YET
C038  D0 FA     BNE $C034                       A:00 X:8D Y:08 P:A4 SP:FF PPU: NOT IMPLEMENTED YET
C034  8D 07 20  STA $2007 = 00                  A:00 X:8D Y:08 P:A4 SP:FF PPU: NOT IMPLEMENTED YET
C037  CA        DEX                             A:00 X:8D Y:08 P:A4 SP:FF PPU: NOT IMPLEMENTED YET
C038  D0 FA     BNE $C034                       A:00 X:8C Y:08 P:A4 SP:FF PPU: NOT IMPLEMENTED YET
C034  8D 07 20  STA $2007 = 00                  A:00 X:8C Y:08 P:A4 SP:FF PPU: NOT IMPLEMENTED YET
C037  CA        DEX                             A:00 X:8C Y:08 P:A4 SP:FF PPU: NOT IMPLEMENTED YET
C038  D0 FA     BNE $C034                       A:00 X:8B Y:08 P:A4 SP:FF PPU: NOT IMPLEMENTED YET
C034  8D 07 20  STA $2007 = 00                  A:00 X:8B Y:08 P:A4 SP:FF PPU: NOT IMPLEMENTED YET
C037  CA        DEX                             A:00 X:8B Y:08 P:A4 SP:FF PPU: NOT IMPLEMENTED YET
C038  D0 FA     BNE $C034                       A:00 X:8A Y:08 P:A4 SP:FF PPU: NOT IMPLEMENTED YET
C034  8D 07 20  STA $2007 = 00                  A:00 X:8A Y:08 P:A4 SP:FF PPU: NOT IMPLEMENTED YET
C037  CA        DEX                             A:00 X:8A Y:08 P:A4 SP:FF PPU: NOT IMPLEMENTED YET
C038  D0 FA     BNE $C034                       A:00 X:89 Y:08 P:A4 SP:FF PPU: NOT IMPLEMENTED YET
C034  8D 07 20  STA $2007 = 00                  A:00 X:89 Y:08 P:A4 SP:FF PPU: NOT IMPLEMENTED YET
C037  CA        DEX                             A:00 X:89 Y:08 P:A4 SP:FF PPU: NOT IMPLEMENTED YET
C038  D0 FA     BNE $C034                       A:00 X:88 Y:08 P:A4 SP:FF PPU: NOT IMPLEMENTED YET
C034  8D 07 20  STA $2007 = 00                  A:00 X:88 Y:08 P:A4 SP:FF PPU: NOT IMPLEMENTED YET
C037  CA        DEX                             A:00 X:88 Y:08 P:A4 SP:FF PPU: NOT IMPLEMENTED YET
C038  D0 FA     BNE $C034                       A:00 X:87 Y:08 P:A4 SP:FF PPU: NOT IMPLEMENTED YET
C034  8D 07 20  STA $2007 = 00                  A:00 X:87 Y:08 P:A4 SP:FF PPU: NOT IMPLEMENTED YET
C037  CA        DEX                             A:00 X:87 Y:08 P:A4 SP:FF PPU: NOT IMPLEMENTED YET
C038  D0 FA     BNE $C034                       A:00 X:86 Y:08 P:A4 SP:FF PPU: NOT IMPLEMENTED YET
C034  8D 07 20  STA $2007 = 00                  A:00 X:86 Y:08 P:A4 SP:FF PPU: NOT IMPLEMENTED YET
C037  CA        DEX                             A:00 X:86 Y:08 P:A4 SP:FF PPU: NOT IMPLEMENTED YET
C038  D0 FA     BNE $C034                       A:00 X:85 Y:08 P:A4 SP:FF PPU: NOT IMPLEMENTED YET
C034  8D 07 20  STA $2007 = 00                  A:00 X:85 Y:08 P:A4 SP:FF PPU: NOT IMPLEMENTED YET
C037  CA        DEX                             A:00 X:85 Y:08 P:A4 SP:FF PPU: NOT IMPLEMENTED YET
C038  D0 FA     BNE $C034                       A:00 X:84 Y:08 P:A4 SP:FF PPU: NOT IMPLEMENTED YET
C034  8D 07 20  STA $2007 = 00                  A:00 X:84 Y:08 P:A4 SP:FF PPU: NOT IMPLEMENTED YET
C037  CA        DEX                             A:00 X:84 Y:08 P:A4 SP:FF PPU: NOT IMPLEMENTED YET
C038  D0 FA     BNE $C034                       A:00 X:83 Y:08 P:A4 SP:FF PPU: NOT IMPLEMENTED YET
C034  8D 07 20  STA $2007 = 00                  A:00 X:83 Y:08 P:A4 SP:FF PPU: NOT IMPLEMENTED YET
C037  CA        DEX                             A:00 X:83 Y:08 P:A4 SP:FF PPU: NOT IMPLEMENTED YET
C038  D0 FA     BNE $C034                       A:00 X:82 Y:08 P:A4 SP:FF PPU: NOT IMPLEMENTED YET
C034  8D 07 20  STA $2007 = 00                  A:00 X:82 Y:08 P:A4 SP:FF PPU: NOT IMPLEMENTED YET
C037  CA        DEX                             A:00 X:82 Y:08 P:A4 SP:FF PPU: NOT IMPLEMENTED YET
C038  D0 FA     BNE $C034                       A:00 X:81 Y:08 P:A4 SP:FF PPU: NOT IMPLEMENTED YET
C034  8D 07 20  STA $2007 = 00                  A:00 X:81 Y:08 P:A4 SP:FF PPU: NOT IMPLEMENTED YET
C037  CA        DEX                             A:00 X:81 Y:08 P:A4 SP:FF PPU: NOT IMPLEMENTED YET
C038  D0 FA     BNE $C034                       A:00 X:80 Y:08 P:A4 SP:FF PPU: NOT IMPLEMENTED YET
C034  8D 07 20  STA $2007 = 00                  A:00 X:80 Y:08 P:A4 SP:FF PPU: NOT IMPLEMENTED YET
C037  CA        DEX                             A:00 X:80 Y:08 P:A4 SP:FF PPU: NOT IMPLEMENTED YET
C038  D0 FA     BNE $C034                       A:00 X:7F Y:08 P:24 SP:FF PPU: NOT IMPLEMENTED YET
C034  8D 07 20  STA $2007 = 00                  A:00 X:7F Y:08 P:24 SP:FF PPU: NOT IMPLEMENTED YET
C037  CA        DEX                             A:00 X:7F Y:08 P:24 SP:FF PPU: NOT IMPLEMENTED YET
C038  D0 FA     BNE $C034                       A:00 X:7E Y:08 P:24 SP:FF PPU: NOT IMPLEMENTED YET
C034  8D 07 20  STA $2007 = 00                  A:00 X:7E Y:08 P:24 SP:FF PPU: NOT IMPLEMENTED YET
C037  CA        DEX                             A:00 X:7E Y:08 P:24 SP:FF PPU: NOT IMPLEMENTED YET
C038  D0 FA     BNE $C034                       A:00 X:7D Y:08 P:24 SP:FF PPU: NOT IMPLEMENTED YET
C034  8D 07 20  STA $2007 = 00                  A:00 X:7D Y:08 P:24 SP:FF PPU: NOT IMPLEMENTED YET
C037  CA        DEX                             A:00 X:7D Y:08 P:24 SP:FF PPU: NOT IMPLEMENTED YET
C038  D0 FA     BNE $C034                       A:00 X:7C Y:08 P:24 SP:FF PPU: NOT IMPLEMENTED YET
C034  8D 07 20  STA $2007 = 00                  A:00 X:7C Y:08 P:24 SP:FF PPU: NOT IMPLEMENTED YET
C037  CA        DEX                             A:00 X:7C Y:08 P:24 SP:FF PPU: NOT IMPLEMENTED YET
C038  D0 FA     BNE $C034                       A:00 X:7B Y:08 P:24 SP:FF PPU: NOT IMPLEMENTED YET
C034  8D 07 20  STA $2007 = 00                  A:00 X:7B Y:08 P:24 SP:FF PPU: NOT IMPLEMENTED YET
C037  CA        DEX                             A:00 X:7B Y:08 P:24 SP:FF PPU: NOT IMPLEMENTED YET
C038  D0 FA     BNE $C034                       A:00 X:7A Y:08 P:24 SP:FF PPU: NOT IMPLEMENTED YET
C034  8D 07 20  STA $2007 = 00                  A:00 X:7A Y:08 P:24 SP:FF PPU: NOT IMPLEMENTED YET
C037  CA        DEX                             A:00 X:7A Y:08 P:24 SP:FF PPU: NOT IMPLEMENTED YET
C038  D0 FA     BNE $C034                       A:00 X:79 Y:08 P:24 SP:FF PPU: NOT IMPLEMENTED YET
C034  8D 07 20  STA $2007 = 00                  A:00 X:79 Y:08 P:24 SP:FF PPU: NOT IMPLEMENTED YET
C037  CA        DEX                             A:00 X:79 Y:08 P:24 SP:FF PPU: NOT IMPLEMENTED YET
C038  D0 FA     BNE $C034                       A:00 X:78 Y:08 P:24 SP:FF PPU: NOT IMPLEMENTED YET
C034  8D 07 20  STA $2007 = 00                  A:00 X:78 Y:08 P:24 SP:FF PPU: NOT IMPLEMENTED YET
C037  CA        DEX                             A:00 X:78 Y:08 P:24 SP:FF PPU: NOT IMPLEMENTED YET
C038  D0 FA     BNE $C034                       A:00 X:77 Y:08 P:24 SP:FF PPU: NOT IMPLEMENTED YET
C034  8D 07 20  STA $2007 = 00                  A:00 X:77 Y:08 P:24 SP:FF PPU: NOT IMPLEMENTED YET
C037  CA        DEX                             A:00 X:77 Y:08 P:24 SP:FF PPU: NOT IMPLEMENTED YET
C038  D0 FA     BNE $C034                       A:00 X:76 Y:08 P:24 SP:FF PPU: NOT IMPLEMENTED YET
C034  8D 07 20  STA $2007 = 00                  A:00 X:76 Y:08 P:24 SP:FF PPU: NOT IMPLEMENTED YET
C037  CA        DEX                             A:00 X:76 Y:08 P:24 SP:FF PPU: NOT IMPLEMENTED YET
C038  D0 FA     BNE $C034                       A:00 X:75 Y:08 P:24 SP:FF PPU: NOT IMPLEMENTED YET
C034  8D 07 20  STA $2007 = 00                  A:00 X:75 Y:08 P:24 SP:FF PPU: NOT IMPLEMENTED YET
C037  CA        DEX                             A:00 X:75 Y:08 P:24 SP:FF PPU: NOT IMPLEMENTED YET
C038  D0 FA     BNE $C034                       A:00 X:74 Y:08 P:24 SP:FF PPU: NOT IMPLEMENTED YET
C034  8D 07 20  STA $2007 = 00                  A:00 X:74 Y:08 P:24 SP:FF PPU: NOT IMPLEMENTED YET
C037  CA        DEX                             A:00 X:74 Y:08 P:24 SP:FF PPU: NOT IMPLEMENTED YET
C038  D0 FA     BNE $C034                       A:00 X:73 Y:08 P:24 SP:FF PPU: NOT IMPLEMENTED YET
C034  8D 07 20  STA $2007 = 00                  A:00 X:73 Y:08 P:24 SP:FF PPU: NOT IMPLEMENTED YET
C037  CA        DEX                             A:00 X:73 Y:08 P:24 SP:FF PPU: NOT IMPLEMENTED YET
C038  D0 FA     BNE $C034                       A:00 X:72 Y:08 P:24 SP:FF PPU: NOT IMPLEMENTED YET
C034  8D 07 20  STA $2007 = 00                  A:00 X:72 Y:08 P:24 SP:FF PPU: NOT IMPLEMENTED YET
C037  CA        DEX                             A:00 X:72 Y:08 P:24 SP:FF PPU: NOT IMPLEMENTED YET
C038  D0 FA     BNE $C034                       A:00 X:71 Y:08 P:24 SP:FF PPU: NOT IMPLEMENTED YET
C034  8D 07 20  STA $2007 = 00                  A:00 X:71 Y:08 P:24 SP:FF PPU: NOT IMPLEMENTED YET
C037  CA        DEX                             A:00 X:71 Y:08 P:24 SP:FF PPU: NOT IMPLEMENTED YET
C038  D0 FA     BNE $C034                       A:00 X:70 Y:08 P:24 SP:FF PPU: NOT IMPLEMENTED YET
C034  8D 07 20  STA $2007 = 00                  A:00 X:70 Y:08 P:24 SP:FF PPU: NOT IMPLEMENTED YET
C037  CA        DEX                             A:00 X:70 Y:08 P:24 SP:FF PPU: NOT IMPLEMENTED YET
C038  D0 FA     BNE $C034                       A:00 X:6F Y:08 P:24 SP:FF PPU: NOT IMPLEMENTED YET
C034  8D 07 20  STA $2007 = 00                  A:00 X:6F Y:08 P:24 SP:FF PPU: NOT IMPLEMENTED YET
C037  CA        DEX                             A:00 X:6F Y:08 P:24 SP:FF PPU: NOT IMPLEMENTED YET
C038  D0 FA     BNE $C034                       A:00 X:6E Y:08 P:24 SP:FF PPU: NOT IMPLEMENTED YET
C034  8D 07 20  STA $2007 = 00                  A:00 X:6E Y:08 P:24 SP:FF PPU: NOT IMPLEMENTED YET
C037  CA        DEX                             A:00 X:6E Y:08 P:24 SP:FF PPU: NOT IMPLEMENTED YET
C038  D0 FA     BNE $C034                       A:00 X:6D Y:08 P:24 SP:FF PPU: NOT IMPLEMENTED YET
C034  8D 07 20  STA $2007 = 00                  A:00 X:6D Y:08 P:24 SP:FF PPU: NOT IMPLEMENTED YET
C037  CA        DEX                             A:00 X:6D Y:08 P:24 SP:FF PPU: NOT IMPLEMENTED YET
C038  D0 FA     BNE $C034                       A:00 X:6C Y:08 P:24 SP:FF PPU: NOT IMPLEMENTED YET
C034  8D 07 20  STA $2007 = 00                  A:00 X:6C Y:08 P:24 SP:FF PPU: NOT IMPLEMENTED YET
C037  CA        DEX                             A:00 X:6C Y:08 P:24 SP:FF PPU: NOT IMPLEMENTED YET
C038  D0 FA     BNE $C034                       A:00 X:6B Y:08 P:24 SP:FF PPU: NOT IMPLEMENTED YET
C034  8D 07 20  STA $2007 = 00                  A:00 X:6B Y:08 P:24 SP:FF PPU: NOT IMPLEMENTED YET
C037  CA        DEX                             A:00 X:6B Y:08 P:24 SP:FF PPU: NOT IMPLEMENTED YET
C038  D0 FA     BNE $C034                       A:00 X:6A Y:08 P:24 SP:FF PPU: NOT IMPLEMENTED YET
C034  8D 07 20  STA $2007 = 00                  A:00 X:6A Y:08 P:24 SP:FF PPU: NOT IMPLEMENTED YET
C037  CA        DEX                             A:00 X:6A Y:08 P:24 SP:FF PPU: NOT IMPLEMENTED YET
C038  D0 FA     BNE $C034                       A:00 X:69 Y:08 P:24 SP:FF PPU: NOT IMPLEMENTED YET
C034  8D 07 20  STA $2007 = 00                  A:00 X:69 Y:08 P:24 SP:FF PPU: NOT IMPLEMENTED YET
C037  CA        DEX                             A:00 X:69 Y:08 P:24 SP:FF PPU: NOT IMPLEMENTED YET
C038  D0 FA     BNE $C034                       A:00 X:68 Y:08 P:24 SP:FF PPU: NOT IMPLEMENTED YET
C034  8D 07 20  STA $2007 = 00                  A:00 X:68 Y:08 P:24 SP:FF PPU: NOT IMPLEMENTED YET
C037  CA        DEX                             A:00 X:68 Y:08 P:24 SP:FF PPU: NOT IMPLEMENTED YET
C038  D0 FA     BNE $C034                       A:00 X:67 Y:08 P:24 SP:FF PPU: NOT IMPLEMENTED YET
C034  8D 07 20  STA $2007 = 00                  A:00 X:67 Y:08 P:24 SP:FF PPU: NOT IMPLEMENTED YET
C037  CA        DEX                             A:00 X:67 Y:08 P:24 SP:FF PPU: NOT IMPLEMENTED YET
C038  D0 FA     BNE $C034                       A:00 X:66 Y:08 P:24 SP:FF PPU: NOT IMPLEMENTED YET
C034  8D 07 20  STA $2007 = 00                  A:00 X:66 Y:08 P:24 SP:FF PPU: NOT IMPLEMENTED YET
C037  CA        DEX                             A:00 X:66 Y:08 P:24 SP:FF PPU: NOT IMPLEMENTED YET
C038  D0 FA     BNE $C034                       A:00 X:65 Y:08 P:24 SP:FF PPU: NOT IMPLEMENTED YET
C034  8D 07 20  STA $2007 = 00                  A:00 X:65 Y:08 P:24 SP:FF PPU: NOT IMPLEMENTED YET
C037  CA        DEX                             A:00 X:65 Y:08 P:24 SP:FF PPU: NOT IMPLEMENTED YET
C038  D0 FA     BNE $C034                       A:00 X:64 Y:08 P:24 SP:FF PPU: NOT IMPLEMENTED YET
C034  8D 07 20  STA $2007 = 00                  A:00 X:64 Y:08 P:24 SP:FF PPU: NOT IMPLEMENTED YET
C037  CA        DEX                             A:00 X:64 Y:08 P:24 SP:FF PPU: NOT IMPLEMENTED YET
C038  D0 FA     BNE $C034                       A:00 X:63 Y:08 P:24 SP:FF PPU: NOT IMPLEMENTED YET
C034  8D 07 20  STA $2007 = 00                  A:00 X:63 Y:08 P:24 SP:FF PPU: NOT IMPLEMENTED YET
C037  CA        DEX                             A:00 X:63 Y:08 P:24 SP:FF PPU: NOT IMPLEMENTED YET
C038  D0 FA     BNE $C034                       A:00 X:62 Y:08 P:24 SP:FF PPU: NOT IMPLEMENTED YET
C034  8D 07 20  STA $2007 = 00                  A:00 X:62 Y:08 P:24 SP:FF PPU: NOT IMPLEMENTED YET
C037  CA        DEX                             A:00 X:62 Y:08 P:24 SP:FF PPU: NOT IMPLEMENTED YET
C038  D0 FA     BNE $C034                       A:00 X:61 Y:08 P:24 SP:FF PPU: NOT IMPLEMENTED YET
C034  8D 07 20  STA $2007 = 00                  A:00 X:61 Y:08 P:24 SP:FF PPU: NOT IMPLEMENTED YET
C037  CA        DEX                             A:00 X:61 Y:08 P:24 SP:FF PPU: NOT IMPLEMENTED YET
C038  D0 FA     BNE $C034                       A:00 X:60 Y:08 P:24 SP:FF PPU: NOT IMPLEMENTED YET
C034  8D 07 20  STA $2007 = 00                  A:00 X:60 Y:08 P:24 SP:FF PPU: NOT IMPLEMENTED YET
C037  CA        DEX                             A:00 X:60 Y:08 P:24 SP:FF PPU: NOT IMPLEMENTED YET
C038  D0 FA     BNE $C034                       A:00 X:5F Y:08 P:24 SP:FF PPU: NOT IMPLEMENTED YET
C034  8D 07 20  STA $2007 = 00                  A:00 X:5F Y:08 P:24 SP:FF PPU: NOT IMPLEMENTED YET
C037  CA        DEX                             A:00 X:5F Y:08 P:24 SP:FF PPU: NOT IMPLEMENTED YET
C038  D0 FA     BNE $C034                       A:00 X:5E Y:08 P:24 SP:FF PPU: NOT IMPLEMENTED YET
C034  8D 07 20  STA $2007 = 00                  A:00 X:5E Y:08 P:24 SP:FF PPU: NOT IMPLEMENTED YET
C037  CA        DEX                             A:00 X:5E Y:08 P:24 SP:FF PPU: NOT IMPLEMENTED YET
C038  D0 FA     BNE $C034                       A:00 X:5D Y:08 P:24 SP:FF PPU: NOT IMPLEMENTED YET
C034  8D 07 20  STA $2007 = 00                  A:00 X:5D Y:08 P:24 SP:FF PPU: NOT IMPLEMENTED YET
C037  CA        DEX                             A:00 X:5D Y:08 P:24 SP:FF PPU: NOT IMPLEMENTED YET
C038  D0 FA     BNE $C034                       A:00 X:5C Y:08 P:24 SP:FF PPU: NOT IMPLEMENTED YET
C034  8D 07 20  STA $2007 = 00                  A:00 X:5C Y:08 P:24 SP:FF PPU: NOT IMPLEMENTED YET
C037  CA        DEX                             A:00 X:5C Y:08 P:24 SP:FF PPU: NOT IMPLEMENTED YET
C038  D0 FA     BNE $C034                       A:00 X:5B Y:08 P:24 SP:FF PPU: NOT IMPLEMENTED YET
C034  8D 07 20  STA $2007 = 00                  A:00 X:5B Y:08 P:24 SP:FF PPU: NOT IMPLEMENTED YET
C037  CA        DEX                             A:00 X:5B Y:08 P:24 SP:FF PPU: NOT IMPLEMENTED YET
C038  D0 FA     BNE $C034                       A:00 X:5A Y:08 P:24 SP:FF PPU: NOT IMPLEMENTED YET
C034  8D 07 20  STA $2007 = 00                  A:00 X:5A Y:08 P:24 SP:FF PPU: NOT IMPLEMENTED YET
C037  CA        DEX                             A:00 X:5A Y:08 P:24 SP:FF PPU: NOT IMPLEMENTED YET
C038  D0 FA     BNE $C034                       A:00 X:59 Y:08 P:24 SP:FF PPU: NOT IMPLEMENTED YET
C034  8D 07 20  STA $2007 = 00                  A:00 X:59 Y:08 P:24 SP:FF PPU: NOT IMPLEMENTED YET
C037  CA        DEX                             A:00 X:59 Y:08 P:24 SP:FF PPU: NOT IMPLEMENTED YET
C038  D0 FA     BNE $C034                       A:00 X:58 Y:08 P:24 SP:FF PPU: NOT IMPLEMENTED YET
C034  8D 07 20  STA $2007 = 00                  A:00 X:58 Y:08 P:24 SP:FF PPU: NOT IMPLEMENTED YET
C037  CA        DEX                             A:00 X:58 Y:08 P:24 SP:FF PPU: NOT IMPLEMENTED YET
C038  D0 FA     BNE $C034                       A:00 X:57 Y:08 P:24 SP:FF PPU: NOT IMPLEMENTED YET
C034  8D 07 20  STA $2007 = 00                  A:00 X:57 Y:08 P:24 SP:FF PPU: NOT IMPLEMENTED YET
C037  CA        DEX                             A:00 X:57 Y:08 P:24 SP:FF PPU: NOT IMPLEMENTED YET
C038  D0 FA     BNE $C034                       A:00 X:56 Y:08 P:24 SP:FF PPU: NOT IMPLEMENTED YET
C034  8D 07 20  STA $2007 = 00                  A:00 X:56 Y:08 P:24 SP:FF PPU: NOT IMPLEMENTED YET
C037  CA        DEX                             A:00 X:56 Y:08 P:24 SP:FF PPU: NOT IMPLEMENTED YET
C038  D0 FA     BNE $C034                       A:00 X:55 Y:08 P:24 SP:FF PPU: NOT IMPLEMENTED YET
C034  8D 07 20  STA $2007 = 00                  A:00 X:55 Y:08 P:24 SP:FF PPU: NOT IMPLEMENTED YET
C037  CA        DEX                             A:00 X:55 Y:08 P:24 SP:FF PPU: NOT IMPLEMENTED YET
C038  D0 FA     BNE $C034                       A:00 X:54 Y:08 P:24 SP:FF PPU: NOT IMPLEMENTED YET
C034  8D 07 20  STA $2007 = 00                  A:00 X:54 Y:08 P:24 SP:FF PPU: NOT IMPLEMENTED YET
C037  CA        DEX                             A:00 X:54 Y:08 P:24 SP:FF PPU: NOT IMPLEMENTED YET
C038  D0 FA     BNE $C034                       A:00 X:53 Y:08 P:24 SP:FF PPU: NOT IMPLEMENTED YET
C034  8D 07 20  STA $2007 = 00                  A:00 X:53 Y:08 P:24 SP:FF PPU: NOT IMPLEMENTED YET
C037  CA        DEX                             A:00 X:53 Y:08 P:24 SP:FF PPU: NOT IMPLEMENTED YET
C038  D0 FA     BNE $C034                       A:00 X:52 Y:08 P:24 SP:FF PPU: NOT IMPLEMENTED YET
C034  8D 07 20  STA $2007 = 00                  A:00 X:52 Y:08 P:24 SP:FF PPU: NOT IMPLEMENTED YET
C037  CA        DEX                             A:00 X:52 Y:08 P:24 SP:FF PPU: NOT IMPLEMENTED YET
C038  D0 FA     BNE $C034                       A:00 X:51 Y:08 P:24 SP:FF PPU: NOT IMPLEMENTED YET
C034  8D 07 20  STA $2007 = 00                  A:00 X:51 Y:08 P:24 SP:FF PPU: NOT IMPLEMENTED YET
C037  CA        DEX                             A:00 X:51 Y:08 P:24 SP:FF PPU: NOT IMPLEMENTED YET
C038  D0 FA     BNE $C034                       A:00 X:50 Y:08 P:24 SP:FF PPU: NOT IMPLEMENTED YET
C034  8D 07 20  STA $2007 = 00                  A:00 X:50 Y:08 P:24 SP:FF PPU: NOT IMPLEMENTED YET
C037  CA        DEX                             A:00 X:50 Y:08 P:24 SP:FF PPU: NOT IMPLEMENTED YET
C038  D0 FA     BNE $C034                       A:00 X:4F Y:08 P:24 SP:FF PPU: NOT IMPLEMENTED YET
C034  8D 07 20  STA $2007 = 00                  A:00 X:4F Y:08 P:24 SP:FF PPU: NOT IMPLEMENTED YET
C037  CA        DEX                             A:00 X:4F Y:08 P:24 SP:FF PPU: NOT IMPLEMENTED YET
C038  D0 FA     BNE $C034                       A:00 X:4E Y:08 P:24 SP:FF PPU: NOT IMPLEMENTED YET
C034  8D 07 20  STA $2007 = 00                  A:00 X:4E Y:08 P:24 SP:FF PPU: NOT IMPLEMENTED YET
C037  CA        DEX                             A:00 X:4E Y:08 P:24 SP:FF PPU: NOT IMPLEMENTED YET
C038  D0 FA     BNE $C034                       A:00 X:4D Y:08 P:24 SP:FF PPU: NOT IMPLEMENTED YET
C034  8D 07 20  STA $2007 = 00                  A:00 X:4D Y:08 P:24 SP:FF PPU: NOT IMPLEMENTED YET
C037  CA        DEX                             A:00 X:4D Y:08 P:24 SP:FF PPU: NOT IMPLEMENTED YET
C038  D0 FA     BNE $C034                       A:00 X:4C Y:08 P:24 SP:FF PPU: NOT IMPLEMENTED YET
C034  8D 07 20  STA $2007 = 00                  A:00 X:4C Y:08 P:24 SP:FF PPU: NOT IMPLEMENTED YET
C037  CA        DEX                             A:00 X:4C Y:08 P:24 SP:FF PPU: NOT IMPLEMENTED YET
C038  D0 FA     BNE $C034                       A:00 X:4B Y:08 P:24 SP:FF PPU: NOT IMPLEMENTED YET
C034  8D 07 20  STA $2007 = 00                  A:00 X:4B Y:08 P:24 SP:FF PPU: NOT IMPLEMENTED YET
C037  CA        DEX                             A:00 X:4B Y:08 P:24 SP:FF PPU: NOT IMPLEMENTED YET
C038  D0 FA     BNE $C034                       A:00 X:4A Y:08 P:24 SP:FF PPU: NOT IMPLEMENTED YET
C034  8D 07 20  STA $2007 = 00                  A:00 X:4A Y:08 P:24 SP:FF PPU: NOT IMPLEMENTED YET
C037  CA        DEX                             A:00 X:4A Y:08 P:24 SP:FF PPU: NOT IMPLEMENTED YET
C038  D0 FA     BNE $C034                       A:00 X:49 Y:08 P:24 SP:FF PPU: NOT IMPLEMENTED YET
C034  8D 07 20  STA $2007 = 00                  A:00 X:49 Y:08 P:24 SP:FF PPU: NOT IMPLEMENTED YET
C037  CA        DEX                             A:00 X:49 Y:08 P:24 SP:FF PPU: NOT IMPLEMENTED YET
C038  D0 FA     BNE $C034                       A:00 X:48 Y:08 P:24 SP:FF PPU: NOT IMPLEMENTED YET
C034  8D 07 20  STA $2007 = 00                  A:00 X:48 Y:08 P:24 SP:FF PPU: NOT IMPLEMENTED YET
C037  CA        DEX                             A:00 X:48 Y:08 P:24 SP:FF PPU: NOT IMPLEMENTED YET
C038  D0 FA     BNE $C034                       A:00 X:47 Y:08 P:24 SP:FF PPU: NOT IMPLEMENTED YET
C034  8D 07 20  STA $2007 = 00                  A:00 X:47 Y:08 P:24 SP:FF PPU: NOT IMPLEMENTED YET
C037  CA        DEX                             A:00 X:47 Y:08 P:24 SP:FF PPU: NOT IMPLEMENTED YET
C038  D0 FA     BNE $C034                       A:00 X:46 Y:08 P:24 SP:FF PPU: NOT IMPLEMENTED YET
C034  8D 07 20  STA $2007 = 00                  A:00 X:46 Y:08 P:24 SP:FF PPU: NOT IMPLEMENTED YET
C037  CA        DEX                             A:00 X:46 Y:08 P:24 SP:FF PPU: NOT IMPLEMENTED YET
C038  D0 FA     BNE $C034                       A:00 X:45 Y:08 P:24 SP:FF PPU: NOT IMPLEMENTED YET
C034  8D 07 20  STA $2007 = 00                  A:00 X:45 Y:08 P:24 SP:FF PPU: NOT IMPLEMENTED YET
C037  CA        DEX                             A:00 X:45 Y:08 P:24 SP:FF PPU: NOT IMPLEMENTED YET
C038  D0 FA     BNE $C034                       A:00 X:44 Y:08 P:24 SP:FF PPU: NOT IMPLEMENTED YET
C034  8D 07 20  STA $2007 = 00                  A:00 X:44 Y:08 P:24 SP:FF PPU: NOT IMPLEMENTED YET
C037  CA        DEX                             A:00 X:44 Y:08 P:24 SP:FF PPU: NOT IMPLEMENTED YET
C038  D0 FA     BNE $C034                       A:00 X:43 Y:08 P:24 SP:FF PPU: NOT IMPLEMENTED YET
C034  8D 07 20  STA $2007 = 00                  A:00 X:43 Y:08 P:24 SP:FF PPU: NOT IMPLEMENTED YET
C037  CA        DEX                             A:00 X:43 Y:08 P:24 SP:FF PPU: NOT IMPLEMENTED YET
C038  D0 FA     BNE $C034                       A:00 X:42 Y:08 P:24 SP:FF PPU: NOT IMPLEMENTED YET
C034  8D 07 20  STA $2007 = 00                  A:00 X:42 Y:08 P:24 SP:FF PPU: NOT IMPLEMENTED YET
C037  CA        DEX                             A:00 X:42 Y:08 P:24 SP:FF PPU: NOT IMPLEMENTED YET
C038  D0 FA     BNE $C034                       A:00 X:41 Y:08 P:24 SP:FF PPU: NOT IMPLEMENTED YET
C034  8D 07 20  STA $2007 = 00                  A:00 X:41 Y:08 P:24 SP:FF PPU: NOT IMPLEMENTED YET
C037  CA        DEX                             A:00 X:41 Y:08 P:24 SP:FF PPU: NOT IMPLEMENTED YET
C038  D0 FA     BNE $C034                       A:00 X:40 Y:08 P:24 SP:FF PPU: NOT IMPLEMENTED YET
C034  8D 07 20  STA $2007 = 00                  A:00 X:40 Y:08 P:24 SP:FF PPU: NOT IMPLEMENTED YET
C037  CA        DEX                             A:00 X:40 Y:08 P:24 SP:FF PPU: NOT IMPLEMENTED YET
C038  D0 FA     BNE $C034                       A:00 X:3F Y:08 P:24 SP:FF PPU: NOT IMPLEMENTED YET
C034  8D 07 20  STA $2007 = 00                  A:00 X:3F Y:08 P:24 SP:FF PPU: NOT IMPLEMENTED YET
C037  CA        DEX                             A:00 X:3F Y:08 P:24 SP:FF PPU: NOT IMPLEMENTED YET
C038  D0 FA     BNE $C034                       A:00 X:3E Y:08 P:24 SP:FF PPU: NOT IMPLEMENTED YET
C034  8D 07 20  STA $2007 = 00                  A:00 X:3E Y:08 P:24 SP:FF PPU: NOT IMPLEMENTED YET
C037  CA        DEX                             A:00 X:3E Y:08 P:24 SP:FF PPU: NOT IMPLEMENTED YET
C038  D0 FA     BNE $C034                       A:00 X:3D Y:08 P:24 SP:FF PPU: NOT IMPLEMENTED YET
C034  8D 07 20  STA $2007 = 00                  A:00 X:3D Y:08 P:24 SP:FF PPU: NOT IMPLEMENTED YET
C037  CA        DEX                             A:00 X:3D Y:08 P:24 SP:FF PPU: NOT IMPLEMENTED YET
C038  D0 FA     BNE $C034                       A:00 X:3C Y:08 P:24 SP:FF PPU: NOT IMPLEMENTED YET
C034  8D 07 20  STA $2007 = 00                  A:00 X:3C Y:08 P:24 SP:FF PPU: NOT IMPLEMENTED YET
C037  CA        DEX                             A:00 X:3C Y:08 P:24 SP:FF PPU: NOT IMPLEMENTED YET
C038  D0 FA     BNE $C034                       A:00 X:3B Y:08 P:24 SP:FF PPU: NOT IMPLEMENTED YET
C034  8D 07 20  STA $2007 = 00                  A:00 X:3B Y:08 P:24 SP:FF PPU: NOT IMPLEMENTED YET
C037  CA        DEX                             A:00 X:3B Y:08 P:24 SP:FF PPU: NOT IMPLEMENTED YET
C038  D0 FA     BNE $C034                       A:00 X:3A Y:08 P:24 SP:FF PPU: NOT IMPLEMENTED YET
C034  8D 07 20  STA $2007 = 00                  A:00 X:3A Y:08 P:24 SP:FF PPU: NOT IMPLEMENTED YET
C037  CA        DEX                             A:00 X:3A Y:08 P:24 SP:FF PPU: NOT IMPLEMENTED YET
C038  D0 FA     BNE $C034                       A:00 X:39 Y:08 P:24 SP:FF PPU: NOT IMPLEMENTED YET
C034  8D 07 20  STA $2007 = 00                  A:00 X:39 Y:08 P:24 SP:FF PPU: NOT IMPLEMENTED YET
C037  CA        DEX                             A:00 X:39 Y:08 P:24 SP:FF PPU: NOT IMPLEMENTED YET
C038  D0 FA     BNE $C034                       A:00 X:38 Y:08 P:24 SP:FF PPU: NOT IMPLEMENTED YET
C034  8D 07 20  STA $2007 = 00                  A:00 X:38 Y:08 P:24 SP:FF PPU: NOT IMPLEMENTED YET
C037  CA        DEX                             A:00 X:38 Y:08 P:24 SP:FF PPU: NOT IMPLEMENTED YET
C038  D0 FA     BNE $C034                       A:00 X:37 Y:08 P:24 SP:FF PPU: NOT IMPLEMENTED YET
C034  8D 07 20  STA $2007 = 00                  A:00 X:37 Y:08 P:24 SP:FF PPU: NOT IMPLEMENTED YET
C037  CA        DEX                             A:00 X:37 Y:08 P:24 SP:FF PPU: NOT IMPLEMENTED YET
C038  D0 FA     BNE $C034                       A:00 X:36 Y:08 P:24 SP:FF PPU: NOT IMPLEMENTED YET
C034  8D 07 20  STA $2007 = 00                  A:00 X:36 Y:08 P:24 SP:FF PPU: NOT IMPLEMENTED YET
C037  CA        DEX                             A:00 X:36 Y:08 P:24 SP:FF PPU: NOT IMPLEMENTED YET
C038  D0 FA     BNE $C034                       A:00 X:35 Y:08 P:24 SP:FF PPU: NOT IMPLEMENTED YET
C034  8D 07 20  STA $2007 = 00                  A:00 X:35 Y:08 P:24 SP:FF PPU: NOT IMPLEMENTED YET
C037  CA        DEX                             A:00 X:35 Y:08 P:24 SP:FF PPU: NOT IMPLEMENTED YET
C038  D0 FA     BNE $C034                       A:00 X:34 Y:08 P:24 SP:FF PPU: NOT IMPLEMENTED YET
C034  8D 07 20  STA $2007 = 00                  A:00 X:34 Y:08 P:24 SP:FF PPU: NOT IMPLEMENTED YET
C037  CA        DEX                             A:00 X:34 Y:08 P:24 SP:FF PPU: NOT IMPLEMENTED YET
C038  D0 FA     BNE $C034                       A:00 X:33 Y:08 P:24 SP:FF PPU: NOT IMPLEMENTED YET
C034  8D 07 20  STA $2007 = 00                  A:00 X:33 Y:08 P:24 SP:FF PPU: NOT IMPLEMENTED YET
C037  CA        DEX                             A:00 X:33 Y:08 P:24 SP:FF PPU: NOT IMPLEMENTED YET
C038  D0 FA     BNE $C034                       A:00 X:32 Y:08 P:24 SP:FF PPU: NOT IMPLEMENTED YET
C034  8D 07 20  STA $2007 = 00                  A:00 X:32 Y:08 P:24 SP:FF PPU: NOT IMPLEMENTED YET
C037  CA        DEX                             A:00 X:32 Y:08 P:24 SP:FF PPU: NOT IMPLEMENTED YET
C038  D0 FA     BNE $C034                       A:00 X:31 Y:08 P:24 SP:FF PPU: NOT IMPLEMENTED YET
C034  8D 07 20  STA $2007 = 00                  A:00 X:31 Y:08 P:24 SP:FF PPU: NOT IMPLEMENTED YET
C037  CA        DEX                             A:00 X:31 Y:08 P:24 SP:FF PPU: NOT IMPLEMENTED YET
C038  D0 FA     BNE $C034                       A:00 X:30 Y:08 P:24 SP:FF PPU: NOT IMPLEMENTED YET
C034  8D 07 20  STA $2007 = 00                  A:00 X:30 Y:08 P:24 SP:FF PPU: NOT IMPLEMENTED YET
C037  CA        DEX                             A:00 X:30 Y:08 P:24 SP:FF PPU: NOT IMPLEMENTED YET
C038  D0 FA     BNE $C034                       A:00 X:2F Y:08 P:24 SP:FF PPU: NOT IMPLEMENTED YET
C034  8D 07 20  STA $2007 = 00                  A:00 X:2F Y:08 P:24 SP:FF PPU: NOT IMPLEMENTED YET
C037  CA        DEX                             A:00 X:2F Y:08 P:24 SP:FF PPU: NOT IMPLEMENTED YET
C038  D0 FA     BNE $C034                       A:00 X:2E Y:08 P:24 SP:FF PPU: NOT IMPLEMENTED YET
C034  8D 07 20  STA $2007 = 00                  A:00 X:2E Y:08 P:24 SP:FF PPU: NOT IMPLEMENTED YET
C037  CA        DEX                             A:00 X:2E Y:08 P:24 SP:FF PPU: NOT IMPLEMENTED YET
C038  D0 FA     BNE $C034                       A:00 X:2D Y:08 P:24 SP:FF PPU: NOT IMPLEMENTED YET
C034  8D 07 20  STA $2007 = 00                  A:00 X:2D Y:08 P:24 SP:FF PPU: NOT IMPLEMENTED YET
C037  CA        DEX                             A:00 X:2D Y:08 P:24 SP:FF PPU: NOT IMPLEMENTED YET
C038  D0 FA     BNE $C034                       A:00 X:2C Y:08 P:24 SP:FF PPU: NOT IMPLEMENTED YET
C034  8D 07 20  STA $2007 = 00                  A:00 X:2C Y:08 P:24 SP:FF PPU: NOT IMPLEMENTED YET
C037  CA        DEX                             A:00 X:2C Y:08 P:24 SP:FF PPU: NOT IMPLEMENTED YET
C038  D0 FA     BNE $C034                       A:00 X:2B Y:08 P:24 SP:FF PPU: NOT IMPLEMENTED YET
C034  8D 07 20  STA $2007 = 00                  A:00 X:2B Y:08 P:24 SP:FF PPU: NOT IMPLEMENTED YET
C037  CA        DEX                             A:00 X:2B Y:08 P:24 SP:FF PPU: NOT IMPLEMENTED YET
C038  D0 FA     BNE $C034                       A:00 X:2A Y:08 P:24 SP:FF PPU: NOT IMPLEMENTED YET
C034  8D 07 20  STA $2007 = 00                  A:00 X:2A Y:08 P:24 SP:FF PPU: NOT IMPLEMENTED YET
C037  CA        DEX                             A:00 X:2A Y:08 P:24 SP:FF PPU: NOT IMPLEMENTED YET
C038  D0 FA     BNE $C034                       A:00 X:29 Y:08 P:24 SP:FF PPU: NOT IMPLEMENTED YET
C034  8D 07 20  STA $2007 = 00                  A:00 X:29 Y:08 P:24 SP:FF PPU: NOT IMPLEMENTED YET
C037  CA        DEX                             A:00 X:29 Y:08 P:24 SP:FF PPU: NOT IMPLEMENTED YET
C038  D0 FA     BNE $C034                       A:00 X:28 Y:08 P:24 SP:FF PPU: NOT IMPLEMENTED YET
C034  8D 07 20  STA $2007 = 00                  A:00 X:28 Y:08 P:24 SP:FF PPU: NOT IMPLEMENTED YET
C037  CA        DEX                             A:00 X:28 Y:08 P:24 SP:FF PPU: NOT IMPLEMENTED YET
C038  D0 FA     BNE $C034                       A:00 X:27 Y:08 P:24 SP:FF PPU: NOT IMPLEMENTED YET
C034  8D 07 20  STA $2007 = 00                  A:00 X:27 Y:08 P:24 SP:FF PPU: NOT IMPLEMENTED YET
C037  CA        DEX                             A:00 X:27 Y:08 P:24 SP:FF PPU: NOT IMPLEMENTED YET
C038  D0 FA     BNE $C034                       A:00 X:26 Y:08 P:24 SP:FF PPU: NOT IMPLEMENTED YET
C034  8D 07 20  STA $2007 = 00                  A:00 X:26 Y:08 P:24 SP:FF PPU: NOT IMPLEMENTED YET
C037  CA        DEX                             A:00 X:26 Y:08 P:24 SP:FF PPU: NOT IMPLEMENTED YET
C038  D0 FA     BNE $C034                       A:00 X:25 Y:08 P:24 SP:FF PPU: NOT IMPLEMENTED YET
C034  8D 07 20  STA $2007 = 00                  A:00 X:25 Y:08 P:24 SP:FF PPU: NOT IMPLEMENTED YET
C037  CA        DEX                             A:00 X:25 Y:08 P:24 SP:FF PPU: NOT IMPLEMENTED YET
C038  D0 FA     BNE $C034                       A:00 X:24 Y:08 P:24 SP:FF PPU: NOT IMPLEMENTED YET
C034  8D 07 20  STA $2007 = 00                  A:00 X:24 Y:08 P:24 SP:FF PPU: NOT IMPLEMENTED YET
C037  CA        DEX                             A:00 X:24 Y:08 P:24 SP:FF PPU: NOT IMPLEMENTED YET
C038  D0 FA     BNE $C034                       A:00 X:23 Y:08 P:24 SP:FF PPU: NOT IMPLEMENTED YET
C034  8D 07 20  STA $2007 = 00                  A:00 X:23 Y:08 P:24 SP:FF PPU: NOT IMPLEMENTED YET
C037  CA        DEX                             A:00 X:23 Y:08 P:24 SP:FF PPU: NOT IMPLEMENTED YET
C038  D0 FA     BNE $C034                       A:00 X:22 Y:08 P:24 SP:FF PPU: NOT IMPLEMENTED YET
C034  8D 07 20  STA $2007 = 00                  A:00 X:22 Y:08 P:24 SP:FF PPU: NOT IMPLEMENTED YET
C037  CA        DEX                             A:00 X:22 Y:08 P:24 SP:FF PPU: NOT IMPLEMENTED YET
C038  D0 FA     BNE $C034                       A:00 X:21 Y:08 P:24 SP:FF PPU: NOT IMPLEMENTED YET
C034  8D 07 20  STA $2007 = 00                  A:00 X:21 Y:08 P:24 SP:FF PPU: NOT IMPLEMENTED YET
C037  CA        DEX                             A:00 X:21 Y:08 P:24 SP:FF PPU: NOT IMPLEMENTED YET
C038  D0 FA     BNE $C034                       A:00 X:20 Y:08 P:24 SP:FF PPU: NOT IMPLEMENTED YET
C034  8D 07 20  STA $2007 = 00                  A:00 X:20 Y:08 P:24 SP:FF PPU: NOT IMPLEMENTED YET
C037  CA        DEX                             A:00 X:20 Y:08 P:24 SP:FF PPU: NOT IMPLEMENTED YET
C038  D0 FA     BNE $C034                       A:00 X:1F Y:08 P:24 SP:FF PPU: NOT IMPLEMENTED YET
C034  8D 07 20  STA $2007 = 00                  A:00 X:1F Y:08 P:24 SP:FF PPU: NOT IMPLEMENTED YET
C037  CA        DEX                             A:00 X:1F Y:08 P:24 SP:FF PPU: NOT IMPLEMENTED YET
C038  D0 FA     BNE $C034                       A:00 X:1E Y:08 P:24 SP:FF PPU: NOT IMPLEMENTED YET
C034  8D 07 20  STA $2007 = 00                  A:00 X:1E Y:08 P:24 SP:FF PPU: NOT IMPLEMENTED YET
C037  CA        DEX                             A:00 X:1E Y:08 P:24 SP:FF PPU: NOT IMPLEMENTED YET
C038  D0 FA     BNE $C034                       A:00 X:1D Y:08 P:24 SP:FF PPU: NOT IMPLEMENTED YET
C034  8D 07 20  STA $2007 = 00                  A:00 X:1D Y:08 P:24 SP:FF PPU: NOT IMPLEMENTED YET
C037  CA        DEX                             A:00 X:1D Y:08 P:24 SP:FF PPU: NOT IMPLEMENTED YET
C038  D0 FA     BNE $C034                       A:00 X:1C Y:08 P:24 SP:FF PPU: NOT IMPLEMENTED YET
C034  8D 07 20  STA $2007 = 00                  A:00 X:1C Y:08 P:24 SP:FF PPU: NOT IMPLEMENTED YET
C037  CA        DEX                             A:00 X:1C Y:08 P:24 SP:FF PPU: NOT IMPLEMENTED YET
C038  D0 FA     BNE $C034                       A:00 X:1B Y:08 P:24 SP:FF PPU: NOT IMPLEMENTED YET
C034  8D 07 20  STA $2007 = 00                  A:00 X:1B Y:08 P:24 SP:FF PPU: NOT IMPLEMENTED YET
C037  CA        DEX                             A:00 X:1B Y:08 P:24 SP:FF PPU: NOT IMPLEMENTED YET
C038  D0 FA     BNE $C034                       A:00 X:1A Y:08 P:24 SP:FF PPU: NOT IMPLEMENTED YET
C034  8D 07 20  STA $2007 = 00                  A:00 X:1A Y:08 P:24 SP:FF PPU: NOT IMPLEMENTED YET
C037  CA        DEX                             A:00 X:1A Y:08 P:24 SP:FF PPU: NOT IMPLEMENTED YET
C038  D0 FA     BNE $C034                       A:00 X:19 Y:08 P:24 SP:FF PPU: NOT IMPLEMENTED YET
C034  8D 07 20  STA $2007 = 00                  A:00 X:19 Y:08 P:24 SP:FF PPU: NOT IMPLEMENTED YET
C037  CA        DEX                             A:00 X:19 Y:08 P:24 SP:FF PPU: NOT IMPLEMENTED YET
C038  D0 FA     BNE $C034                       A:00 X:18 Y:08 P:24 SP:FF PPU: NOT IMPLEMENTED YET
C034  8D 07 20  STA $2007 = 00                  A:00 X:18 Y:08 P:24 SP:FF PPU: NOT IMPLEMENTED YET
C037  CA        DEX                             A:00 X:18 Y:08 P:24 SP:FF PPU: NOT IMPLEMENTED YET
C038  D0 FA     BNE $C034                       A:00 X:17 Y:08 P:24 SP:FF PPU: NOT IMPLEMENTED YET
C034  8D 07 20  STA $2007 = 00                  A:00 X:17 Y:08 P:24 SP:FF PPU: NOT IMPLEMENTED YET
C037  CA        DEX                             A:00 X:17 Y:08 P:24 SP:FF PPU: NOT IMPLEMENTED YET
C038  D0 FA     BNE $C034                       A:00 X:16 Y:08 P:24 SP:FF PPU: NOT IMPLEMENTED YET
C034  8D 07 20  STA $2007 = 00                  A:00 X:16 Y:08 P:24 SP:FF PPU: NOT IMPLEMENTED YET
C037  CA        DEX                             A:00 X:16 Y:08 P:24 SP:FF PPU: NOT IMPLEMENTED YET
C038  D0 FA     BNE $C034                       A:00 X:15 Y:08 P:24 SP:FF PPU: NOT IMPLEMENTED YET
C034  8D 07 20  STA $2007 = 00                  A:00 X:15 Y:08 P:24 SP:FF PPU: NOT IMPLEMENTED YET
C037  CA        DEX                             A:00 X:15 Y:08 P:24 SP:FF PPU: NOT IMPLEMENTED YET
C038  D0 FA     BNE $C034                       A:00 X:14 Y:08 P:24 SP:FF PPU: NOT IMPLEMENTED YET
C034  8D 07 20  STA $2007 = 00                  A:00 X:14 Y:08 P:24 SP:FF PPU: NOT IMPLEMENTED YET
C037  CA        DEX                             A:00 X:14 Y:08 P:24 SP:FF PPU: NOT IMPLEMENTED YET
C038  D0 FA     BNE $C034                       A:00 X:13 Y:08 P:24 SP:FF PPU: NOT IMPLEMENTED YET
C034  8D 07 20  STA $2007 = 00                  A:00 X:13 Y:08 P:24 SP:FF PPU: NOT IMPLEMENTED YET
C037  CA        DEX                             A:00 X:13 Y:08 P:24 SP:FF PPU: NOT IMPLEMENTED YET
C038  D0 FA     BNE $C034                       A:00 X:12 Y:08 P:24 SP:FF PPU: NOT IMPLEMENTED YET
C034  8D 07 20  STA $2007 = 00                  A:00 X:12 Y:08 P:24 SP:FF PPU: NOT IMPLEMENTED YET
C037  CA        DEX                             A:00 X:12 Y:08 P:24 SP:FF PPU: NOT IMPLEMENTED YET
C038  D0 FA     BNE $C034                       A:00 X:11 Y:08 P:24 SP:FF PPU: NOT IMPLEMENTED YET
C034  8D 07 20  STA $2007 = 00                  A:00 X:11 Y:08 P:24 SP:FF PPU: NOT IMPLEMENTED YET
C037  CA        DEX                             A:00 X:11 Y:08 P:24 SP:FF PPU: NOT IMPLEMENTED YET
C038  D0 FA     BNE $C034                       A:00 X:10 Y:08 P:24 SP:FF PPU: NOT IMPLEMENTED YET
C034  8D 07 20  STA $2007 = 00                  A:00 X:10 Y:08 P:24 SP:FF PPU: NOT IMPLEMENTED YET
C037  CA        DEX                             A:00 X:10 Y:08 P:24 SP:FF PPU: NOT IMPLEMENTED YET
C038  D0 FA     BNE $C034                       A:00 X:0F Y:08 P:24 SP:FF PPU: NOT IMPLEMENTED YET
C034  8D 07 20  STA $2007 = 00                  A:00 X:0F Y:08 P:24 SP:FF PPU: NOT IMPLEMENTED YET
C037  CA        DEX                             A:00 X:0F Y:08 P:24 SP:FF PPU: NOT IMPLEMENTED YET
C038  D0 FA     BNE $C034                       A:00 X:0E Y:08 P:24 SP:FF PPU: NOT IMPLEMENTED YET
C034  8D 07 20  STA $2007 = 00                  A:00 X:0E Y:08 P:24 SP:FF PPU: NOT IMPLEMENTED YET
C037  CA        DEX                             A:00 X:0E Y:08 P:24 SP:FF PPU: NOT IMPLEMENTED YET
C038  D0 FA     BNE $C034                       A:00 X:0D Y:08 P:24 SP:FF PPU: NOT IMPLEMENTED YET
C034  8D 07 20  STA $2007 = 00                  A:00 X:0D Y:08 P:24 SP:FF PPU: NOT IMPLEMENTED YET
C037  CA        DEX                             A:00 X:0D Y:08 P:24 SP:FF PPU: NOT IMPLEMENTED YET
C038  D0 FA     BNE $C034                       A:00 X:0C Y:08 P:24 SP:FF PPU: NOT IMPLEMENTED YET
C034  8D 07 20  STA $2007 = 00                  A:00 X:0C Y:08 P:24 SP:FF PPU: NOT IMPLEMENTED YET
C037  CA        DEX                             A:00 X:0C Y:08 P:24 SP:FF PPU: NOT IMPLEMENTED YET
C038  D0 FA     BNE $C034                       A:00 X:0B Y:08 P:24 SP:FF PPU: NOT IMPLEMENTED YET
C034  8D 07 20  STA $2007 = 00                  A:00 X:0B Y:08 P:24 SP:FF PPU: NOT IMPLEMENTED YET
C037  CA        DEX                             A:00 X:0B Y:08 P:24 SP:FF PPU: NOT IMPLEMENTED YET
C038  D0 FA     BNE $C034                       A:00 X:0A Y:08 P:24 SP:FF PPU: NOT IMPLEMENTED YET
C034  8D 07 20  STA $2007 = 00                  A:00 X:0A Y:08 P:24 SP:FF PPU: NOT IMPLEMENTED YET
C037  CA        DEX                             A:00 X:0A Y:08 P:24 SP:FF PPU: NOT IMPLEMENTED YET
C038  D0 FA     BNE $C034                       A:00 X:09 Y:08 P:24 SP:FF PPU: NOT IMPLEMENTED YET
C034  8D 07 20  STA $2007 = 00                  A:00 X:09 Y:08 P:24 SP:FF PPU: NOT IMPLEMENTED YET
C037  CA        DEX                             A:00 X:09 Y:08 P:24 SP:FF PPU: NOT IMPLEMENTED YET
C038  D0 FA     BNE $C034                       A:00 X:08 Y:08 P:24 SP:FF PPU: NOT IMPLEMENTED YET
C034  8D 07 20  STA $2007 = 00                  A:00 X:08 Y:08 P:24 SP:FF PPU: NOT IMPLEMENTED YET
C037  CA        DEX                             A:00 X:08 Y:08 P:24 SP:FF PPU: NOT IMPLEMENTED YET
C038  D0 FA     BNE $C034                       A:00 X:07 Y:08 P:24 SP:FF PPU: NOT IMPLEMENTED YET
C034  8D 07 20  STA $2007 = 00                  A:00 X:07 Y:08 P:24 SP:FF PPU: NOT IMPLEMENTED YET
C037  CA        DEX                             A:00 X:07 Y:08 P:24 SP:FF PPU: NOT IMPLEMENTED YET
C038  D0 FA     BNE $C034                       A:00 X:06 Y:08 P:24 SP:FF PPU: NOT IMPLEMENTED YET
C034  8D 07 20  STA $2007 = 00                  A:00 X:06 Y:08 P:24 SP:FF PPU: NOT IMPLEMENTED YET
C037  CA        DEX                             A:00 X:06 Y:08 P:24 SP:FF PPU: NOT IMPLEMENTED YET
C038  D0 FA     BNE $C034                       A:00 X:05 Y:08 P:24 SP:FF PPU: NOT IMPLEMENTED YET
C034  8D 07 20  STA $2007 = 00                  A:00 X:05 Y:08 P:24 SP:FF PPU: NOT IMPLEMENTED YET
C037  CA        DEX                             A:00 X:05 Y:08 P:24 SP:FF PPU: NOT IMPLEMENTED YET
C038  D0 FA     BNE $C034                       A:00 X:04 Y:08 P:24 SP:FF PPU: NOT IMPLEMENTED YET
C034  8D 07 20  STA $2007 = 00                  A:00 X:04 Y:08 P:24 SP:FF PPU: NOT IMPLEMENTED YET
C037  CA        DEX                             A:00 X:04 Y:08 P:24 SP:FF PPU: NOT IMPLEMENTED YET
C038  D0 FA     BNE $C034                       A:00 X:03 Y:08 P:24 SP:FF PPU: NOT IMPLEMENTED YET
C034  8D 07 20  STA $2007 = 00                  A:00 X:03 Y:08 P:24 SP:FF PPU: NOT IMPLEMENTED YET
C037  CA        DEX                             A:00 X:03 Y:08 P:24 SP:FF PPU: NOT IMPLEMENTED YET
C038  D0 FA     BNE $C034                       A:00 X:02 Y:08 P:24 SP:FF PPU: NOT IMPLEMENTED YET
C034  8D 07 20  STA $2007 = 00                  A:00 X:02 Y:08 P:24 SP:FF PPU: NOT IMPLEMENTED YET
C037  CA        DEX                             A:00 X:02 Y:08 P:24 SP:FF PPU: NOT IMPLEMENTED YET
C038  D0 FA     BNE $C034                       A:00 X:01 Y:08 P:24 SP:FF PPU: NOT IMPLEMENTED YET
C034  8D 07 20  STA $2007 = 00                  A:00 X:01 Y:08 P:24 SP:FF PPU: NOT IMPLEMENTED YET
C037  CA        DEX                             A:00 X:01 Y:08 P:24 SP:FF PPU: NOT IMPLEMENTED YET
C038  D0 FA     BNE $C034                       A:00 X:00 Y:08 P:26 SP:FF PPU: NOT IMPLEMENTED YET
C03A  88        DEY                             A:00 X:00 Y:08 P:26 SP:FF PPU: NOT IMPLEMENTED YET
C03B  D0 F7     BNE $C034                       A:00 X:00 Y:07 P:24 SP:FF PPU: NOT IMPLEMENTED YET
C034  8D 07 20  STA $2007 = 00                  A:00 X:00 Y:07 P:24 SP:FF PPU: NOT IMPLEMENTED YET
C037  CA        DEX                             A:00 X:00 Y:07 P:24 SP:FF PPU: NOT IMPLEMENTED YET
C038  D0 FA     BNE $C034                       A:00 X:FF Y:07 P:A4 SP:FF PPU: NOT IMPLEMENTED YET
C034  8D 07 20  STA $2007 = 00                  A:00 X:FF Y:07 P:A4 SP:FF PPU: NOT IMPLEMENTED YET
C037  CA        DEX                             A:00 X:FF Y:07 P:A4 SP:FF PPU: NOT IMPLEMENTED YET
C038  D0 FA     BNE $C034                       A:00 X:FE Y:07 P:A4 SP:FF PPU: NOT IMPLEMENTED YET
C034  8D 07 20  STA $2007 = 00                  A:00 X:FE Y:07 P:A4 SP:FF PPU: NOT IMPLEMENTED YET
C037  CA        DEX                             A:00 X:FE Y:07 P:A4 SP:FF PPU: NOT IMPLEMENTED YET
C038  D0 FA     BNE $C034                       A:00 X:FD Y:07 P:A4 SP:FF PPU: NOT IMPLEMENTED YET
C034  8D 07 20  STA $2007 = 00                  A:00 X:FD Y:07 P:A4 SP:FF PPU: NOT IMPLEMENTED YET
C037  CA        DEX                             A:00 X:FD Y:07 P:A4 SP:FF PPU: NOT IMPLEMENTED YET
C038  D0 FA     BNE $C034                       A:00 X:FC Y:07 P:A4 SP:FF PPU: NOT IMPLEMENTED YET
C034  8D 07 20  STA $2007 = 00                  A:00 X:FC Y:07 P:A4 SP:FF PPU: NOT IMPLEMENTED YET
C037  CA        DEX                             A:00 X:FC Y:07 P:A4 SP:FF PPU: NOT IMPLEMENTED YET
C038  D0 FA     BNE $C034                       A:00 X:FB Y:07 P:A4 SP:FF PPU: NOT IMPLEMENTED YET
C034  8D 07 20  STA $2007 = 00                  A:00 X:FB Y:07 P:A4 SP:FF PPU: NOT IMPLEMENTED YET
C037  CA        DEX                             A:00 X:FB Y:07 P:A4 SP:FF PPU: NOT IMPLEMENTED YET
C038  D0 FA     BNE $C034                       A:00 X:FA Y:07 P:A4 SP:FF PPU: NOT IMPLEMENTED YET
C034  8D 07 20  STA $2007 = 00                  A:00 X:FA Y:07 P:A4 SP:FF PPU: NOT IMPLEMENTED YET
C037  CA        DEX                             A:00 X:FA Y:07 P:A4 SP:FF PPU: NOT IMPLEMENTED YET
C038  D0 FA     BNE $C034                       A:00 X:F9 Y:07 P:A4 SP:FF PPU: NOT IMPLEMENTED YET
C034  8D 07 20  STA $2007 = 00                  A:00 X:F9 Y:07 P:A4 SP:FF PPU: NOT IMPLEMENTED YET
C037  CA        DEX                             A:00 X:F9 Y:07 P:A4 SP:FF PPU: NOT IMPLEMENTED YET
C038  D0 FA     BNE $C034                       A:00 X:F8 Y:07 P:A4 SP:FF PPU: NOT IMPLEMENTED YET
C034  8D 07 20  STA $2007 = 00                  A:00 X:F8 Y:07 P:A4 SP:FF PPU: NOT IMPLEMENTED YET
C037  CA        DEX                             A:00 X:F8 Y:07 P:A4 SP:FF PPU: NOT IMPLEMENTED YET
C038  D0 FA     BNE $C034                       A:00 X:F7 Y:07 P:A4 SP:FF PPU: NOT IMPLEMENTED YET
C034  8D 07 20  STA $2007 = 00                  A:00 X:F7 Y:07 P:A4 SP:FF PPU: NOT IMPLEMENTED YET
C037  CA        DEX                             A:00 X:F7 Y:07 P:A4 SP:FF PPU: NOT IMPLEMENTED YET
C038  D0 FA     BNE $C034                       A:00 X:F6 Y:07 P:A4 SP:FF PPU: NOT IMPLEMENTED YET
C034  8D 07 20  STA $2007 = 00                  A:00 X:F6 Y:07 P:A4 SP:FF PPU: NOT IMPLEMENTED YET
C037  CA        DEX                             A:00 X:F6 Y:07 P:A4 SP:FF PPU: NOT IMPLEMENTED YET
C038  D0 FA     BNE $C034                       A:00 X:F5 Y:07 P:A4 SP:FF PPU: NOT IMPLEMENTED YET
C034  8D 07 20  STA $2007 = 00                  A:00 X:F5 Y:07 P:A4 SP:FF PPU: NOT IMPLEMENTED YET
C037  CA        DEX                             A:00 X:F5 Y:07 P:A4 SP:FF PPU: NOT IMPLEMENTED YET
C038  D0 FA     BNE $C034                       A:00 X:F4 Y:07 P:A4 SP:FF PPU: NOT IMPLEMENTED YET
C034  8D 07 20  STA $2007 = 00                  A:00 X:F4 Y:07 P:A4 SP:FF PPU: NOT IMPLEMENTED YET
C037  CA        DEX                             A:00 X:F4 Y:07 P:A4 SP:FF PPU: NOT IMPLEMENTED YET
C038  D0 FA     BNE $C034                       A:00 X:F3 Y:07 P:A4 SP:FF PPU: NOT IMPLEMENTED YET
C034  8D 07 20  STA $2007 = 00                  A:00 X:F3 Y:07 P:A4 SP:FF PPU: NOT IMPLEMENTED YET
C037  CA        DEX                             A:00 X:F3 Y:07 P:A4 SP:FF PPU: NOT IMPLEMENTED YET
C038  D0 FA     BNE $C034                       A:00 X:F2 Y:07 P:A4 SP:FF PPU: NOT IMPLEMENTED YET
C034  8D 07 20  STA $2007 = 00                  A:00 X:F2 Y:07 P:A4 SP:FF PPU: NOT IMPLEMENTED YET
C037  CA        DEX                             A:00 X:F2 Y:07 P:A4 SP:FF PPU: NOT IMPLEMENTED YET
C038  D0 FA     BNE $C034                       A:00 X:F1 Y:07 P:A4 SP:FF PPU: NOT IMPLEMENTED YET
C034  8D 07 20  STA $2007 = 00                  A:00 X:F1 Y:07 P:A4 SP:FF PPU: NOT IMPLEMENTED YET
C037  CA        DEX                             A:00 X:F1 Y:07 P:A4 SP:FF PPU: NOT IMPLEMENTED YET
C038  D0 FA     BNE $C034                       A:00 X:F0 Y:07 P:A4 SP:FF PPU: NOT IMPLEMENTED YET
C034  8D 07 20  STA $2007 = 00                  A:00 X:F0 Y:07 P:A4 SP:FF PPU: NOT IMPLEMENTED YET
C037  CA        DEX                             A:00 X:F0 Y:07 P:A4 SP:FF PPU: NOT IMPLEMENTED YET
C038  D0 FA     BNE $C034                       A:00 X:EF Y:07 P:A4 SP:FF PPU: NOT IMPLEMENTED YET
C034  8D 07 20  STA $2007 = 00                  A:00 X:EF Y:07 P:A4 SP:FF PPU: NOT IMPLEMENTED YET
C037  CA        DEX                             A:00 X:EF Y:07 P:A4 SP:FF PPU: NOT IMPLEMENTED YET
C038  D0 FA     BNE $C034                       A:00 X:EE Y:07 P:A4 SP:FF PPU: NOT IMPLEMENTED YET
C034  8D 07 20  STA $2007 = 00                  A:00 X:EE Y:07 P:A4 SP:FF PPU: NOT IMPLEMENTED YET
C037  CA        DEX                             A:00 X:EE Y:07 P:A4 SP:FF PPU: NOT IMPLEMENTED YET
C038  D0 FA     BNE $C034                       A:00 X:ED Y:07 P:A4 SP:FF PPU: NOT IMPLEMENTED YET
C034  8D 07 20  STA $2007 = 00                  A:00 X:ED Y:07 P:A4 SP:FF PPU: NOT IMPLEMENTED YET
C037  CA        DEX                             A:00 X:ED Y:07 P:A4 SP:FF PPU: NOT IMPLEMENTED YET
C038  D0 FA     BNE $C034                       A:00 X:EC Y:07 P:A4 SP:FF PPU: NOT IMPLEMENTED YET
C034  8D 07 20  STA $2007 = 00                  A:00 X:EC Y:07 P:A4 SP:FF PPU: NOT IMPLEMENTED YET
C037  CA        DEX                             A:00 X:EC Y:07 P:A4 SP:FF PPU: NOT IMPLEMENTED YET
C038  D0 FA     BNE $C034                       A:00 X:EB Y:07 P:A4 SP:FF PPU: NOT IMPLEMENTED YET
C034  8D 07 20  STA $2007 = 00                  A:00 X:EB Y:07 P:A4 SP:FF PPU: NOT IMPLEMENTED YET
C037  CA        DEX                             A:00 X:EB Y:07 P:A4 SP:FF PPU: NOT IMPLEMENTED YET
C038  D0 FA     BNE $C034                       A:00 X:EA Y:07 P:A4 SP:FF PPU: NOT IMPLEMENTED YET
C034  8D 07 20  STA $2007 = 00                  A:00 X:EA Y:07 P:A4 SP:FF PPU: NOT IMPLEMENTED YET
C037  CA        DEX                             A:00 X:EA Y:07 P:A4 SP:FF PPU: NOT IMPLEMENTED YET
C038  D0 FA     BNE $C034                       A:00 X:E9 Y:07 P:A4 SP:FF PPU: NOT IMPLEMENTED YET
C034  8D 07 20  STA $2007 = 00                  A:00 X:E9 Y:07 P:A4 SP:FF PPU: NOT IMPLEMENTED YET
C037  CA        DEX                             A:00 X:E9 Y:07 P:A4 SP:FF PPU: NOT IMPLEMENTED YET
C038  D0 FA     BNE $C034                       A:00 X:E8 Y:07 P:A4 SP:FF PPU: NOT IMPLEMENTED YET
C034  8D 07 20  STA $2007 = 00                  A:00 X:E8 Y:07 P:A4 SP:FF PPU: NOT IMPLEMENTED YET
C037  CA        DEX                             A:00 X:E8 Y:07 P:A4 SP:FF PPU: NOT IMPLEMENTED YET
C038  D0 FA     BNE $C034                       A:00 X:E7 Y:07 P:A4 SP:FF PPU: NOT IMPLEMENTED YET
C034  8D 07 20  STA $2007 = 00                  A:00 X:E7 Y:07 P:A4 SP:FF PPU: NOT IMPLEMENTED YET
C037  CA        DEX                             A:00 X:E7 Y:07 P:A4 SP:FF PPU: NOT IMPLEMENTED YET
C038  D0 FA     BNE $C034                       A:00 X:E6 Y:07 P:A4 SP:FF PPU: NOT IMPLEMENTED YET
C034  8D 07 20  STA $2007 = 00                  A:00 X:E6 Y:07 P:A4 SP:FF PPU: NOT IMPLEMENTED YET
C037  CA        DEX                             A:00 X:E6 Y:07 P:A4 SP:FF PPU: NOT IMPLEMENTED YET
C038  D0 FA     BNE $C034                       A:00 X:E5 Y:07 P:A4 SP:FF PPU: NOT IMPLEMENTED YET
C034  8D 07 20  STA $2007 = 00                  A:00 X:E5 Y:07 P:A4 SP:FF PPU: NOT IMPLEMENTED YET
C037  CA        DEX                             A:00 X:E5 Y:07 P:A4 SP:FF PPU: NOT IMPLEMENTED YET
C038  D0 FA     BNE $C034                       A:00 X:E4 Y:07 P:A4 SP:FF PPU: NOT IMPLEMENTED YET
C034  8D 07 20  STA $2007 = 00                  A:00 X:E4 Y:07 P:A4 SP:FF PPU: NOT IMPLEMENTED YET
C037  CA        DEX                             A:00 X:E4 Y:07 P:A4 SP:FF PPU: NOT IMPLEMENTED YET
C038  D0 FA     BNE $C034                       A:00 X:E3 Y:07 P:A4 SP:FF PPU: NOT IMPLEMENTED YET
C034  8D 07 20  STA $2007 = 00                  A:00 X:E3 Y:07 P:A4 SP:FF PPU: NOT IMPLEMENTED YET
C037  CA        DEX                             A:00 X:E3 Y:07 P:A4 SP:FF PPU: NOT IMPLEMENTED YET
C038  D0 FA     BNE $C034                       A:00 X:E2 Y:07 P:A4 SP:FF PPU: NOT IMPLEMENTED YET
C034  8D 07 20  STA $2007 = 00                  A:00 X:E2 Y:07 P:A4 SP:FF PPU: NOT IMPLEMENTED YET
C037  CA        DEX                             A:00 X:E2 Y:07 P:A4 SP:FF PPU: NOT IMPLEMENTED YET
C038  D0 FA     BNE $C034                       A:00 X:E1 Y:07 P:A4 SP:FF PPU: NOT IMPLEMENTED YET
C034  8D 07 20  STA $2007 = 00                  A:00 X:E1 Y:07 P:A4 SP:FF PPU: NOT IMPLEMENTED YET
C037  CA        DEX                             A:00 X:E1 Y:07 P:A4 SP:FF PPU: NOT IMPLEMENTED YET
C038  D0 FA     BNE $C034                       A:00 X:E0 Y:07 P:A4 SP:FF PPU: NOT IMPLEMENTED YET
C034  8D 07 20  STA $2007 = 00                  A:00 X:E0 Y:07 P:A4 SP:FF PPU: NOT IMPLEMENTED YET
C037  CA        DEX                             A:00 X:E0 Y:07 P:A4 SP:FF PPU: NOT IMPLEMENTED YET
C038  D0 FA     BNE $C034                       A:00 X:DF Y:07 P:A4 SP:FF PPU: NOT IMPLEMENTED YET
C034  8D 07 20  STA $2007 = 00                  A:00 X:DF Y:07 P:A4 SP:FF PPU: NOT IMPLEMENTED YET
C037  CA        DEX                             A:00 X:DF Y:07 P:A4 SP:FF PPU: NOT IMPLEMENTED YET
C038  D0 FA     BNE $C034                       A:00 X:DE Y:07 P:A4 SP:FF PPU: NOT IMPLEMENTED YET
C034  8D 07 20  STA $2007 = 00                  A:00 X:DE Y:07 P:A4 SP:FF PPU: NOT IMPLEMENTED YET
C037  CA        DEX                             A:00 X:DE Y:07 P:A4 SP:FF PPU: NOT IMPLEMENTED YET
C038  D0 FA     BNE $C034                       A:00 X:DD Y:07 P:A4 SP:FF PPU: NOT IMPLEMENTED YET
C034  8D 07 20  STA $2007 = 00                  A:00 X:DD Y:07 P:A4 SP:FF PPU: NOT IMPLEMENTED YET
C037  CA        DEX                             A:00 X:DD Y:07 P:A4 SP:FF PPU: NOT IMPLEMENTED YET
C038  D0 FA     BNE $C034                       A:00 X:DC Y:07 P:A4 SP:FF PPU: NOT IMPLEMENTED YET
C034  8D 07 20  STA $2007 = 00                  A:00 X:DC Y:07 P:A4 SP:FF PPU: NOT IMPLEMENTED YET
C037  CA        DEX                             A:00 X:DC Y:07 P:A4 SP:FF PPU: NOT IMPLEMENTED YET
C038  D0 FA     BNE $C034                       A:00 X:DB Y:07 P:A4 SP:FF PPU: NOT IMPLEMENTED YET
C034  8D 07 20  STA $2007 = 00                  A:00 X:DB Y:07 P:A4 SP:FF PPU: NOT IMPLEMENTED YET
C037  CA        DEX                             A:00 X:DB Y:07 P:A4 SP:FF PPU: NOT IMPLEMENTED YET
C038  D0 FA     BNE $C034                       A:00 X:DA Y:07 P:A4 SP:FF PPU: NOT IMPLEMENTED YET
C034  8D 07 20  STA $2007 = 00                  A:00 X:DA Y:07 P:A4 SP:FF PPU: NOT IMPLEMENTED YET
C037  CA        DEX                             A:00 X:DA Y:07 P:A4 SP:FF PPU: NOT IMPLEMENTED YET
C038  D0 FA     BNE $C034                       A:00 X:D9 Y:07 P:A4 SP:FF PPU: NOT IMPLEMENTED YET
C034  8D 07 20  STA $2007 = 00                  A:00 X:D9 Y:07 P:A4 SP:FF PPU: NOT IMPLEMENTED YET
C037  CA        DEX                             A:00 X:D9 Y:07 P:A4 SP:FF PPU: NOT IMPLEMENTED YET
C038  D0 FA     BNE $C034                       A:00 X:D8 Y:07 P:A4 SP:FF PPU: NOT IMPLEMENTED YET
C034  8D 07 20  STA $2007 = 00                  A:00 X:D8 Y:07 P:A4 SP:FF PPU: NOT IMPLEMENTED YET
C037  CA        DEX                             A:00 X:D8 Y:07 P:A4 SP:FF PPU: NOT IMPLEMENTED YET
C038  D0 FA     BNE $C034                       A:00 X:D7 Y:07 P:A4 SP:FF PPU: NOT IMPLEMENTED YET
C034  8D 07 20  STA $2007 = 00                  A:00 X:D7 Y:07 P:A4 SP:FF PPU: NOT IMPLEMENTED YET
C037  CA        DEX                             A:00 X:D7 Y:07 P:A4 SP:FF PPU: NOT IMPLEMENTED YET
C038  D0 FA     BNE $C034                       A:00 X:D6 Y:07 P:A4 SP:FF PPU: NOT IMPLEMENTED YET
C034  8D 07 20  STA $2007 = 00                  A:00 X:D6 Y:07 P:A4 SP:FF PPU: NOT IMPLEMENTED YET
C037  CA        DEX                             A:00 X:D6 Y:07 P:A4 SP:FF PPU: NOT IMPLEMENTED YET
C038  D0 FA     BNE $C034                       A:00 X:D5 Y:07 P:A4 SP:FF PPU: NOT IMPLEMENTED YET
C034  8D 07 20  STA $2007 = 00                  A:00 X:D5 Y:07 P:A4 SP:FF PPU: NOT IMPLEMENTED YET
C037  CA        DEX                             A:00 X:D5 Y:07 P:A4 SP:FF PPU: NOT IMPLEMENTED YET
C038  D0 FA     BNE $C034                       A:00 X:D4 Y:07 P:A4 SP:FF PPU: NOT IMPLEMENTED YET
C034  8D 07 20  STA $2007 = 00                  A:00 X:D4 Y:07 P:A4 SP:FF PPU: NOT IMPLEMENTED YET
C037  CA        DEX                             A:00 X:D4 Y:07 P:A4 SP:FF PPU: NOT IMPLEMENTED YET
C038  D0 FA     BNE $C034                       A:00 X:D3 Y:07 P:A4 SP:FF PPU: NOT IMPLEMENTED YET
C034  8D 07 20  STA $2007 = 00                  A:00 X:D3 Y:07 P:A4 SP:FF PPU: NOT IMPLEMENTED YET
C037  CA        DEX                             A:00 X:D3 Y:07 P:A4 SP:FF PPU: NOT IMPLEMENTED YET
C038  D0 FA     BNE $C034                       A:00 X:D2 Y:07 P:A4 SP:FF PPU: NOT IMPLEMENTED YET
C034  8D 07 20  STA $2007 = 00                  A:00 X:D2 Y:07 P:A4 SP:FF PPU: NOT IMPLEMENTED YET
C037  CA        DEX                             A:00 X:D2 Y:07 P:A4 SP:FF PPU: NOT IMPLEMENTED YET
C038  D0 FA     BNE $C034                       A:00 X:D1 Y:07 P:A4 SP:FF PPU: NOT IMPLEMENTED YET
C034  8D 07 20  STA $2007 = 00                  A:00 X:D1 Y:07 P:A4 SP:FF PPU: NOT IMPLEMENTED YET
C037  CA        DEX                             A:00 X:D1 Y:07 P:A4 SP:FF PPU: NOT IMPLEMENTED YET
C038  D0 FA     BNE $C034                       A:00 X:D0 Y:07 P:A4 SP:FF PPU: NOT IMPLEMENTED YET
C034  8D 07 20  STA $2007 = 00                  A:00 X:D0 Y:07 P:A4 SP:FF PPU: NOT IMPLEMENTED YET
C037  CA        DEX                             A:00 X:D0 Y:07 P:A4 SP:FF PPU: NOT IMPLEMENTED YET
C038  D0 FA     BNE $C034                       A:00 X:CF Y:07 P:A4 SP:FF PPU: NOT IMPLEMENTED YET
C034  8D 07 20  STA $2007 = 00                  A:00 X:CF Y:07 P:A4 SP:FF PPU: NOT IMPLEMENTED YET
C037  CA        DEX                             A:00 X:CF Y:07 P:A4 SP:FF PPU: NOT IMPLEMENTED YET
C038  D0 FA     BNE $C034                       A:00 X:CE Y:07 P:A4 SP:FF PPU: NOT IMPLEMENTED YET
C034  8D 07 20  STA $2007 = 00                  A:00 X:CE Y:07 P:A4 SP:FF PPU: NOT IMPLEMENTED YET
C037  CA        DEX                             A:00 X:CE Y:07 P:A4 SP:FF PPU: NOT IMPLEMENTED YET
C038  D0 FA     BNE $C034                       A:00 X:CD Y:07 P:A4 SP:FF PPU: NOT IMPLEMENTED YET
C034  8D 07 20  STA $2007 = 00                  A:00 X:CD Y:07 P:A4 SP:FF PPU: NOT IMPLEMENTED YET
C037  CA        DEX                             A:00 X:CD Y:07 P:A4 SP:FF PPU: NOT IMPLEMENTED YET
C038  D0 FA     BNE $C034                       A:00 X:CC Y:07 P:A4 SP:FF PPU: NOT IMPLEMENTED YET
C034  8D 07 20  STA $2007 = 00                  A:00 X:CC Y:07 P:A4 SP:FF PPU: NOT IMPLEMENTED YET
C037  CA        DEX                             A:00 X:CC Y:07 P:A4 SP:FF PPU: NOT IMPLEMENTED YET
C038  D0 FA     BNE $C034                       A:00 X:CB Y:07 P:A4 SP:FF PPU: NOT IMPLEMENTED YET
C034  8D 07 20  STA $2007 = 00                  A:00 X:CB Y:07 P:A4 SP:FF PPU: NOT IMPLEMENTED YET
C037  CA        DEX                             A:00 X:CB Y:07 P:A4 SP:FF PPU: NOT IMPLEMENTED YET
C038  D0 FA     BNE $C034                       A:00 X:CA Y:07 P:A4 SP:FF PPU: NOT IMPLEMENTED YET
C034  8D 07 20  STA $2007 = 00                  A:00 X:CA Y:07 P:A4 SP:FF PPU: NOT IMPLEMENTED YET
C037  CA        DEX                             A:00 X:CA Y:07 P:A4 SP:FF PPU: NOT IMPLEMENTED YET
C038  D0 FA     BNE $C034                       A:00 X:C9 Y:07 P:A4 SP:FF PPU: NOT IMPLEMENTED YET
C034  8D 07 20  STA $2007 = 00                  A:00 X:C9 Y:07 P:A4 SP:FF PPU: NOT IMPLEMENTED YET
C037  CA        DEX                             A:00 X:C9 Y:07 P:A4 SP:FF PPU: NOT IMPLEMENTED YET
C038  D0 FA     BNE $C034                       A:00 X:C8 Y:07 P:A4 SP:FF PPU: NOT IMPLEMENTED YET
C034  8D 07 20  STA $2007 = 00                  A:00 X:C8 Y:07 P:A4 SP:FF PPU: NOT IMPLEMENTED YET
C037  CA        DEX                             A:00 X:C8 Y:07 P:A4 SP:FF PPU: NOT IMPLEMENTED YET
C038  D0 FA     BNE $C034                       A:00 X:C7 Y:07 P:A4 SP:FF PPU: NOT IMPLEMENTED YET
C034  8D 07 20  STA $2007 = 00                  A:00 X:C7 Y:07 P:A4 SP:FF PPU: NOT IMPLEMENTED YET
C037  CA        DEX                             A:00 X:C7 Y:07 P:A4 SP:FF PPU: NOT IMPLEMENTED YET
C038  D0 FA     BNE $C034                       A:00 X:C6 Y:07 P:A4 SP:FF PPU: NOT IMPLEMENTED YET
C034  8D 07 20  STA $2007 = 00                  A:00 X:C6 Y:07 P:A4 SP:FF PPU: NOT IMPLEMENTED YET
C037  CA        DEX                             A:00 X:C6 Y:07 P:A4 SP:FF PPU: NOT IMPLEMENTED YET
C038  D0 FA     BNE $C034                       A:00 X:C5 Y:07 P:A4 SP:FF PPU: NOT IMPLEMENTED YET
C034  8D 07 20  STA $2007 = 00                  A:00 X:C5 Y:07 P:A4 SP:FF PPU: NOT IMPLEMENTED YET
C037  CA        DEX                             A:00 X:C5 Y:07 P:A4 SP:FF PPU: NOT IMPLEMENTED YET
C038  D0 FA     BNE $C034                       A:00 X:C4 Y:07 P:A4 SP:FF PPU: NOT IMPLEMENTED YET
C034  8D 07 20  STA $2007 = 00                  A:00 X:C4 Y:07 P:A4 SP:FF PPU: NOT IMPLEMENTED YET
C037  CA        DEX                             A:00 X:C4 Y:07 P:A4 SP:FF PPU: NOT IMPLEMENTED YET
C038  D0 FA     BNE $C034                       A:00 X:C3 Y:07 P:A4 SP:FF PPU: NOT IMPLEMENTED YET
C034  8D 07 20  STA $2007 = 00                  A:00 X:C3 Y:07 P:A4 SP:FF PPU: NOT IMPLEMENTED YET
C037  CA        DEX                             A:00 X:C3 Y:07 P:A4 SP:FF PPU: NOT IMPLEMENTED YET
C038  D0 FA     BNE $C034                       A:00 X:C2 Y:07 P:A4 SP:FF PPU: NOT IMPLEMENTED YET
C034  8D 07 20  STA $2007 = 00                  A:00 X:C2 Y:07 P:A4 SP:FF PPU: NOT IMPLEMENTED YET
C037  CA        DEX                             A:00 X:C2 Y:07 P:A4 SP:FF PPU: NOT IMPLEMENTED YET
C038  D0 FA     BNE $C034                       A:00 X:C1 Y:07 P:A4 SP:FF PPU: NOT IMPLEMENTED YET
C034  8D 07 20  STA $2007 = 00                  A:00 X:C1 Y:07 P:A4 SP:FF PPU: NOT IMPLEMENTED YET
C037  CA        DEX                             A:00 X:C1 Y:07 P:A4 SP:FF PPU: NOT IMPLEMENTED YET
C038  D0 FA     BNE $C034                       A:00 X:C0 Y:07 P:A4 SP:FF PPU: NOT IMPLEMENTED YET
C034  8D 07 20  STA $2007 = 00                  A:00 X:C0 Y:07 P:A4 SP:FF PPU: NOT IMPLEMENTED YET
C037  CA        DEX                             A:00 X:C0 Y:07 P:A4 SP:FF PPU: NOT IMPLEMENTED YET
C038  D0 FA     BNE $C034                       A:00 X:BF Y:07 P:A4 SP:FF PPU: NOT IMPLEMENTED YET
C034  8D 07 20  STA $2007 = 00                  A:00 X:BF Y:07 P:A4 SP:FF PPU: NOT IMPLEMENTED YET
C037  CA        DEX                             A:00 X:BF Y:07 P:A4 SP:FF PPU: NOT IMPLEMENTED YET
C038  D0 FA     BNE $C034                       A:00 X:BE Y:07 P:A4 SP:FF PPU: NOT IMPLEMENTED YET
C034  8D 07 20  STA $2007 = 00                  A:00 X:BE Y:07 P:A4 SP:FF PPU: NOT IMPLEMENTED YET
C037  CA        DEX                             A:00 X:BE Y:07 P:A4 SP:FF PPU: NOT IMPLEMENTED YET
C038  D0 FA     BNE $C034                       A:00 X:BD Y:07 P:A4 SP:FF PPU: NOT IMPLEMENTED YET
C034  8D 07 20  STA $2007 = 00                  A:00 X:BD Y:07 P:A4 SP:FF PPU: NOT IMPLEMENTED YET
C037  CA        DEX                             A:00 X:BD Y:07 P:A4 SP:FF PPU: NOT IMPLEMENTED YET
C038  D0 FA     BNE $C034                       A:00 X:BC Y:07 P:A4 SP:FF PPU: NOT IMPLEMENTED YET
C034  8D 07 20  STA $2007 = 00                  A:00 X:BC Y:07 P:A4 SP:FF PPU: NOT IMPLEMENTED YET
C037  CA        DEX                             A:00 X:BC Y:07 P:A4 SP:FF PPU: NOT IMPLEMENTED YET
C038  D0 FA     BNE $C034                       A:00 X:BB Y:07 P:A4 SP:FF PPU: NOT IMPLEMENTED YET
C034  8D 07 20  STA $2007 = 00                  A:00 X:BB Y:07 P:A4 SP:FF PPU: NOT IMPLEMENTED YET
C037  CA        DEX                             A:00 X:BB Y:07 P:A4 SP:FF PPU: NOT IMPLEMENTED YET
C038  D0 FA     BNE $C034                       A:00 X:BA Y:07 P:A4 SP:FF PPU: NOT IMPLEMENTED YET
C034  8D 07 20  STA $2007 = 00                  A:00 X:BA Y:07 P:A4 SP:FF PPU: NOT IMPLEMENTED YET
C037  CA        DEX                             A:00 X:BA Y:07 P:A4 SP:FF PPU: NOT IMPLEMENTED YET
C038  D0 FA     BNE $C034                       A:00 X:B9 Y:07 P:A4 SP:FF PPU: NOT IMPLEMENTED YET
C034  8D 07 20  STA $2007 = 00                  A:00 X:B9 Y:07 P:A4 SP:FF PPU: NOT IMPLEMENTED YET
C037  CA        DEX                             A:00 X:B9 Y:07 P:A4 SP:FF PPU: NOT IMPLEMENTED YET
C038  D0 FA     BNE $C034                       A:00 X:B8 Y:07 P:A4 SP:FF PPU: NOT IMPLEMENTED YET
C034  8D 07 20  STA $2007 = 00                  A:00 X:B8 Y:07 P:A4 SP:FF PPU: NOT IMPLEMENTED YET
C037  CA        DEX                             A:00 X:B8 Y:07 P:A4 SP:FF PPU: NOT IMPLEMENTED YET
C038  D0 FA     BNE $C034                       A:00 X:B7 Y:07 P:A4 SP:FF PPU: NOT IMPLEMENTED YET
C034  8D 07 20  STA $2007 = 00                  A:00 X:B7 Y:07 P:A4 SP:FF PPU: NOT IMPLEMENTED YET
C037  CA        DEX                             A:00 X:B7 Y:07 P:A4 SP:FF PPU: NOT IMPLEMENTED YET
C038  D0 FA     BNE $C034                       A:00 X:B6 Y:07 P:A4 SP:FF PPU: NOT IMPLEMENTED YET
C034  8D 07 20  STA $2007 = 00                  A:00 X:B6 Y:07 P:A4 SP:FF PPU: NOT IMPLEMENTED YET
C037  CA        DEX                             A:00 X:B6 Y:07 P:A4 SP:FF PPU: NOT IMPLEMENTED YET
C038  D0 FA     BNE $C034                       A:00 X:B5 Y:07 P:A4 SP:FF PPU: NOT IMPLEMENTED YET
C034  8D 07 20  STA $2007 = 00                  A:00 X:B5 Y:07 P:A4 SP:FF PPU: NOT IMPLEMENTED YET
C037  CA        DEX                             A:00 X:B5 Y:07 P:A4 SP:FF PPU: NOT IMPLEMENTED YET
C038  D0 FA     BNE $C034                       A:00 X:B4 Y:07 P:A4 SP:FF PPU: NOT IMPLEMENTED YET
C034  8D 07 20  STA $2007 = 00                  A:00 X:B4 Y:07 P:A4 SP:FF PPU: NOT IMPLEMENTED YET
C037  CA        DEX                             A:00 X:B4 Y:07 P:A4 SP:FF PPU: NOT IMPLEMENTED YET
C038  D0 FA     BNE $C034                       A:00 X:B3 Y:07 P:A4 SP:FF PPU: NOT IMPLEMENTED YET
C034  8D 07 20  STA $2007 = 00                  A:00 X:B3 Y:07 P:A4 SP:FF PPU: NOT IMPLEMENTED YET
C037  CA        DEX                             A:00 X:B3 Y:07 P:A4 SP:FF PPU: NOT IMPLEMENTED YET
C038  D0 FA     BNE $C034                       A:00 X:B2 Y:07 P:A4 SP:FF PPU: NOT IMPLEMENTED YET
C034  8D 07 20  STA $2007 = 00                  A:00 X:B2 Y:07 P:A4 SP:FF PPU: NOT IMPLEMENTED YET
C037  CA        DEX                             A:00 X:B2 Y:07 P:A4 SP:FF PPU: NOT IMPLEMENTED YET
C038  D0 FA     BNE $C034                       A:00 X:B1 Y:07 P:A4 SP:FF PPU: NOT IMPLEMENTED YET
C034  8D 07 20  STA $2007 = 00                  A:00 X:B1 Y:07 P:A4 SP:FF PPU: NOT IMPLEMENTED YET
C037  CA        DEX                             A:00 X:B1 Y:07 P:A4 SP:FF PPU: NOT IMPLEMENTED YET
C038  D0 FA     BNE $C034                       A:00 X:B0 Y:07 P:A4 SP:FF PPU: NOT IMPLEMENTED YET
C034  8D 07 20  STA $2007 = 00                  A:00 X:B0 Y:07 P:A4 SP:FF PPU: NOT IMPLEMENTED YET
C037  CA        DEX                             A:00 X:B0 Y:07 P:A4 SP:FF PPU: NOT IMPLEMENTED YET
C038  D0 FA     BNE $C034                       A:00 X:AF Y:07 P:A4 SP:FF PPU: NOT IMPLEMENTED YET
C034  8D 07 20  STA $2007 = 00                  A:00 X:AF Y:07 P:A4 SP:FF PPU: NOT IMPLEMENTED YET
C037  CA        DEX                             A:00 X:AF Y:07 P:A4 SP:FF PPU: NOT IMPLEMENTED YET
C038  D0 FA     BNE $C034                       A:00 X:AE Y:07 P:A4 SP:FF PPU: NOT IMPLEMENTED YET
C034  8D 07 20  STA $2007 = 00                  A:00 X:AE Y:07 P:A4 SP:FF PPU: NOT IMPLEMENTED YET
C037  CA        DEX                             A:00 X:AE Y:07 P:A4 SP:FF PPU: NOT IMPLEMENTED YET
C038  D0 FA     BNE $C034                       A:00 X:AD Y:07 P:A4 SP:FF PPU: NOT IMPLEMENTED YET
C034  8D 07 20  STA $2007 = 00                  A:00 X:AD Y:07 P:A4 SP:FF PPU: NOT IMPLEMENTED YET
C037  CA        DEX                             A:00 X:AD Y:07 P:A4 SP:FF PPU: NOT IMPLEMENTED YET
C038  D0 FA     BNE $C034                       A:00 X:AC Y:07 P:A4 SP:FF PPU: NOT IMPLEMENTED YET
C034  8D 07 20  STA $2007 = 00                  A:00 X:AC Y:07 P:A4 SP:FF PPU: NOT IMPLEMENTED YET
C037  CA        DEX                             A:00 X:AC Y:07 P:A4 SP:FF PPU: NOT IMPLEMENTED YET
C038  D0 FA     BNE $C034                       A:00 X:AB Y:07 P:A4 SP:FF PPU: NOT IMPLEMENTED YET
C034  8D 07 20  STA $2007 = 00                  A:00 X:AB Y:07 P:A4 SP:FF PPU: NOT IMPLEMENTED YET
C037  CA        DEX                             A:00 X:AB Y:07 P:A4 SP:FF PPU: NOT IMPLEMENTED YET
C038  D0 FA     BNE $C034                       A:00 X:AA Y:07 P:A4 SP:FF PPU: NOT IMPLEMENTED YET
C034  8D 07 20  STA $2007 = 00                  A:00 X:AA Y:07 P:A4 SP:FF PPU: NOT IMPLEMENTED YET
C037  CA        DEX                             A:00 X:AA Y:07 P:A4 SP:FF PPU: NOT IMPLEMENTED YET
C038  D0 FA     BNE $C034                       A:00 X:A9 Y:07 P:A4 SP:FF PPU: NOT IMPLEMENTED YET
C034  8D 07 20  STA $2007 = 00                  A:00 X:A9 Y:07 P:A4 SP:FF PPU: NOT IMPLEMENTED YET
C037  CA        DEX                             A:00 X:A9 Y:07 P:A4 SP:FF PPU: NOT IMPLEMENTED YET
C038  D0 FA     BNE $C034                       A:00 X:A8 Y:07 P:A4 SP:FF PPU: NOT IMPLEMENTED YET
C034  8D 07 20  STA $2007 = 00                  A:00 X:A8 Y:07 P:A4 SP:FF PPU: NOT IMPLEMENTED YET
C037  CA        DEX                             A:00 X:A8 Y:07 P:A4 SP:FF PPU: NOT IMPLEMENTED YET
C038  D0 FA     BNE $C034                       A:00 X:A7 Y:07 P:A4 SP:FF PPU: NOT IMPLEMENTED YET
C034  8D 07 20  STA $2007 = 00                  A:00 X:A7 Y:07 P:A4 SP:FF PPU: NOT IMPLEMENTED YET
C037  CA        DEX                             A:00 X:A7 Y:07 P:A4 SP:FF PPU: NOT IMPLEMENTED YET
C038  D0 FA     BNE $C034                       A:00 X:A6 Y:07 P:A4 SP:FF PPU: NOT IMPLEMENTED YET
C034  8D 07 20  STA $2007 = 00                  A:00 X:A6 Y:07 P:A4 SP:FF PPU: NOT IMPLEMENTED YET
C037  CA        DEX                             A:00 X:A6 Y:07 P:A4 SP:FF PPU: NOT IMPLEMENTED YET
C038  D0 FA     BNE $C034                       A:00 X:A5 Y:07 P:A4 SP:FF PPU: NOT IMPLEMENTED YET
C034  8D 07 20  STA $2007 = 00                  A:00 X:A5 Y:07 P:A4 SP:FF PPU: NOT IMPLEMENTED YET
C037  CA        DEX                             A:00 X:A5 Y:07 P:A4 SP:FF PPU: NOT IMPLEMENTED YET
C038  D0 FA     BNE $C034                       A:00 X:A4 Y:07 P:A4 SP:FF PPU: NOT IMPLEMENTED YET
C034  8D 07 20  STA $2007 = 00                  A:00 X:A4 Y:07 P:A4 SP:FF PPU: NOT IMPLEMENTED YET
C037  CA        DEX                             A:00 X:A4 Y:07 P:A4 SP:FF PPU: NOT IMPLEMENTED YET
C038  D0 FA     BNE $C034                       A:00 X:A3 Y:07 P:A4 SP:FF PPU: NOT IMPLEMENTED YET
C034  8D 07 20  STA $2007 = 00                  A:00 X:A3 Y:07 P:A4 SP:FF PPU: NOT IMPLEMENTED YET
C037  CA        DEX                             A:00 X:A3 Y:07 P:A4 SP:FF PPU: NOT IMPLEMENTED YET
C038  D0 FA     BNE $C034                       A:00 X:A2 Y:07 P:A4 SP:FF PPU: NOT IMPLEMENTED YET
C034  8D 07 20  STA $2007 = 00                  A:00 X:A2 Y:07 P:A4 SP:FF PPU: NOT IMPLEMENTED YET
C037  CA        DEX                             A:00 X:A2 Y:07 P:A4 SP:FF PPU: NOT IMPLEMENTED YET
C038  D0 FA     BNE $C034                       A:00 X:A1 Y:07 P:A4 SP:FF PPU: NOT IMPLEMENTED YET
C034  8D 07 20  STA $2007 = 00                  A:00 X:A1 Y:07 P:A4 SP:FF PPU: NOT IMPLEMENTED YET
C037  CA        DEX                             A:00 X:A1 Y:07 P:A4 SP:FF PPU: NOT IMPLEMENTED YET
C038  D0 FA     BNE $C034                       A:00 X:A0 Y:07 P:A4 SP:FF PPU: NOT IMPLEMENTED YET
C034  8D 07 20  STA $2007 = 00                  A:00 X:A0 Y:07 P:A4 SP:FF PPU: NOT IMPLEMENTED YET
C037  CA        DEX                             A:00 X:A0 Y:07 P:A4 SP:FF PPU: NOT IMPLEMENTED YET
C038  D0 FA     BNE $C034                       A:00 X:9F Y:07 P:A4 SP:FF PPU: NOT IMPLEMENTED YET
C034  8D 07 20  STA $2007 = 00                  A:00 X:9F Y:07 P:A4 SP:FF PPU: NOT IMPLEMENTED YET
C037  CA        DEX                             A:00 X:9F Y:07 P:A4 SP:FF PPU: NOT IMPLEMENTED YET
C038  D0 FA     BNE $C034                       A:00 X:9E Y:07 P:A4 SP:FF PPU: NOT IMPLEMENTED YET
C034  8D 07 20  STA $2007 = 00                  A:00 X:9E Y:07 P:A4 SP:FF PPU: NOT IMPLEMENTED YET
C037  CA        DEX                             A:00 X:9E Y:07 P:A4 SP:FF PPU: NOT IMPLEMENTED YET
C038  D0 FA     BNE $C034                       A:00 X:9D Y:07 P:A4 SP:FF PPU: NOT IMPLEMENTED YET
C034  8D 07 20  STA $2007 = 00                  A:00 X:9D Y:07 P:A4 SP:FF PPU: NOT IMPLEMENTED YET
C037  CA        DEX                             A:00 X:9D Y:07 P:A4 SP:FF PPU: NOT IMPLEMENTED YET
C038  D0 FA     BNE $C034                       A:00 X:9C Y:07 P:A4 SP:FF PPU: NOT IMPLEMENTED YET
C034  8D 07 20  STA $2007 = 00                  A:00 X:9C Y:07 P:A4 SP:FF PPU: NOT IMPLEMENTED YET
C037  CA        DEX                             A:00 X:9C Y:07 P:A4 SP:FF PPU: NOT IMPLEMENTED YET
C038  D0 FA     BNE $C034                       A:00 X:9B Y:07 P:A4 SP:FF PPU: NOT IMPLEMENTED YET
C034  8D 07 20  STA $2007 = 00                  A:00 X:9B Y:07 P:A4 SP:FF PPU: NOT IMPLEMENTED YET
C037  CA        DEX                             A:00 X:9B Y:07 P:A4 SP:FF PPU: NOT IMPLEMENTED YET
C038  D0 FA     BNE $C034                       A:00 X:9A Y:07 P:A4 SP:FF PPU: NOT IMPLEMENTED YET
C034  8D 07 20  STA $2007 = 00                  A:00 X:9A Y:07 P:A4 SP:FF PPU: NOT IMPLEMENTED YET
C037  CA        DEX                             A:00 X:9A Y:07 P:A4 SP:FF PPU: NOT IMPLEMENTED YET
C038  D0 FA     BNE $C034                       A:00 X:99 Y:07 P:A4 SP:FF PPU: NOT IMPLEMENTED YET
C034  8D 07 20  STA $2007 = 00                  A:00 X:99 Y:07 P:A4 SP:FF PPU: NOT IMPLEMENTED YET
C037  CA        DEX                             A:00 X:99 Y:07 P:A4 SP:FF PPU: NOT IMPLEMENTED YET
C038  D0 FA     BNE $C034                       A:00 X:98 Y:07 P:A4 SP:FF PPU: NOT IMPLEMENTED YET
C034  8D 07 20  STA $2007 = 00                  A:00 X:98 Y:07 P:A4 SP:FF PPU: NOT IMPLEMENTED YET
C037  CA        DEX                             A:00 X:98 Y:07 P:A4 SP:FF PPU: NOT IMPLEMENTED YET
C038  D0 FA     BNE $C034                       A:00 X:97 Y:07 P:A4 SP:FF PPU: NOT IMPLEMENTED YET
C034  8D 07 20  STA $2007 = 00                  A:00 X:97 Y:07 P:A4 SP:FF PPU: NOT IMPLEMENTED YET
C037  CA        DEX                             A:00 X:97 Y:07 P:A4 SP:FF PPU: NOT IMPLEMENTED YET
C038  D0 FA     BNE $C034                       A:00 X:96 Y:07 P:A4 SP:FF PPU: NOT IMPLEMENTED YET
C034  8D 07 20  STA $2007 = 00                  A:00 X:96 Y:07 P:A4 SP:FF PPU: NOT IMPLEMENTED YET
C037  CA        DEX                             A:00 X:96 Y:07 P:A4 SP:FF PPU: NOT IMPLEMENTED YET
C038  D0 FA     BNE $C034                       A:00 X:95 Y:07 P:A4 SP:FF PPU: NOT IMPLEMENTED YET
C034  8D 07 20  STA $2007 = 00                  A:00 X:95 Y:07 P:A4 SP:FF PPU: NOT IMPLEMENTED YET
C037  CA        DEX                             A:00 X:95 Y:07 P:A4 SP:FF PPU: NOT IMPLEMENTED YET
C038  D0 FA     BNE $C034                       A:00 X:94 Y:07 P:A4 SP:FF PPU: NOT IMPLEMENTED YET
C034  8D 07 20  STA $2007 = 00                  A:00 X:94 Y:07 P:A4 SP:FF PPU: NOT IMPLEMENTED YET
C037  CA        DEX                             A:00 X:94 Y:07 P:A4 SP:FF PPU: NOT IMPLEMENTED YET
C038  D0 FA     BNE $C034                       A:00 X:93 Y:07 P:A4 SP:FF PPU: NOT IMPLEMENTED YET
C034  8D 07 20  STA $2007 = 00                  A:00 X:93 Y:07 P:A4 SP:FF PPU: NOT IMPLEMENTED YET
C037  CA        DEX                             A:00 X:93 Y:07 P:A4 SP:FF PPU: NOT IMPLEMENTED YET
C038  D0 FA     BNE $C034                       A:00 X:92 Y:07 P:A4 SP:FF PPU: NOT IMPLEMENTED YET
C034  8D 07 20  STA $2007 = 00                  A:00 X:92 Y:07 P:A4 SP:FF PPU: NOT IMPLEMENTED YET
C037  CA        DEX                             A:00 X:92 Y:07 P:A4 SP:FF PPU: NOT IMPLEMENTED YET
C038  D0 FA     BNE $C034                       A:00 X:91 Y:07 P:A4 SP:FF PPU: NOT IMPLEMENTED YET
C034  8D 07 20  STA $2007 = 00                  A:00 X:91 Y:07 P:A4 SP:FF PPU: NOT IMPLEMENTED YET
C037  CA        DEX                             A:00 X:91 Y:07 P:A4 SP:FF PPU: NOT IMPLEMENTED YET
C038  D0 FA     BNE $C034                       A:00 X:90 Y:07 P:A4 SP:FF PPU: NOT IMPLEMENTED YET
C034  8D 07 20  STA $2007 = 00                  A:00 X:90 Y:07 P:A4 SP:FF PPU: NOT IMPLEMENTED YET
C037  CA        DEX                             A:00 X:90 Y:07 P:A4 SP:FF PPU: NOT IMPLEMENTED YET
C038  D0 FA     BNE $C034                       A:00 X:8F Y:07 P:A4 SP:FF PPU: NOT IMPLEMENTED YET
C034  8D 07 20  STA $2007 = 00                  A:00 X:8F Y:07 P:A4 SP:FF PPU: NOT IMPLEMENTED YET
C037  CA        DEX                             A:00 X:8F Y:07 P:A4 SP:FF PPU: NOT IMPLEMENTED YET
C038  D0 FA     BNE $C034                       A:00 X:8E Y:07 P:A4 SP:FF PPU: NOT IMPLEMENTED YET
C034  8D 07 20  STA $2007 = 00                  A:00 X:8E Y:07 P:A4 SP:FF PPU: NOT IMPLEMENTED YET
C037  CA        DEX                             A:00 X:8E Y:07 P:A4 SP:FF PPU: NOT IMPLEMENTED YET
C038  D0 FA     BNE $C034                       A:00 X:8D Y:07 P:A4 SP:FF PPU: NOT IMPLEMENTED YET
C034  8D 07 20  STA $2007 = 00                  A:00 X:8D Y:07 P:A4 SP:FF PPU: NOT IMPLEMENTED YET
C037  CA        DEX                             A:00 X:8D Y:07 P:A4 SP:FF PPU: NOT IMPLEMENTED YET
C038  D0 FA     BNE $C034                       A:00 X:8C Y:07 P:A4 SP:FF PPU: NOT IMPLEMENTED YET
C034  8D 07 20  STA $2007 = 00                  A:00 X:8C Y:07 P:A4 SP:FF PPU: NOT IMPLEMENTED YET
C037  CA        DEX                             A:00 X:8C Y:07 P:A4 SP:FF PPU: NOT IMPLEMENTED YET
C038  D0 FA     BNE $C034                       A:00 X:8B Y:07 P:A4 SP:FF PPU: NOT IMPLEMENTED YET
C034  8D 07 20  STA $2007 = 00                  A:00 X:8B Y:07 P:A4 SP:FF PPU: NOT IMPLEMENTED YET
C037  CA        DEX                             A:00 X:8B Y:07 P:A4 SP:FF PPU: NOT IMPLEMENTED YET
C038  D0 FA     BNE $C034                       A:00 X:8A Y:07 P:A4 SP:FF PPU: NOT IMPLEMENTED YET
C034  8D 07 20  STA $2007 = 00                  A:00 X:8A Y:07 P:A4 SP:FF PPU: NOT IMPLEMENTED YET
C037  CA        DEX                             A:00 X:8A Y:07 P:A4 SP:FF PPU: NOT IMPLEMENTED YET
C038  D0 FA     BNE $C034                       A:00 X:89 Y:07 P:A4 SP:FF PPU: NOT IMPLEMENTED YET
C034  8D 07 20  STA $2007 = 00                  A:00 X:89 Y:07 P:A4 SP:FF PPU: NOT IMPLEMENTED YET
C037  CA        DEX                             A:00 X:89 Y:07 P:A4 SP:FF PPU: NOT IMPLEMENTED YET
C038  D0 FA     BNE $C034                       A:00 X:88 Y:07 P:A4 SP:FF PPU: NOT IMPLEMENTED YET
C034  8D 07 20  STA $2007 = 00                  A:00 X:88 Y:07 P:A4 SP:FF PPU: NOT IMPLEMENTED YET
C037  CA        DEX                             A:00 X:88 Y:07 P:A4 SP:FF PPU: NOT IMPLEMENTED YET
C038  D0 FA     BNE $C034                       A:00 X:87 Y:07 P:A4 SP:FF PPU: NOT IMPLEMENTED YET
C034  8D 07 20  STA $2007 = 00                  A:00 X:87 Y:07 P:A4 SP:FF PPU: NOT IMPLEMENTED YET
C037  CA        DEX                             A:00 X:87 Y:07 P:A4 SP:FF PPU: NOT IMPLEMENTED YET
C038  D0 FA     BNE $C034                       A:00 X:86 Y:07 P:A4 SP:FF PPU: NOT IMPLEMENTED YET
C034  8D 07 20  STA $2007 = 00                  A:00 X:86 Y:07 P:A4 SP:FF PPU: NOT IMPLEMENTED YET
C037  CA        DEX                             A:00 X:86 Y:07 P:A4 SP:FF PPU: NOT IMPLEMENTED YET
C038  D0 FA     BNE $C034                       A:00 X:85 Y:07 P:A4 SP:FF PPU: NOT IMPLEMENTED YET
C034  8D 07 20  STA $2007 = 00                  A:00 X:85 Y:07 P:A4 SP:FF PPU: NOT IMPLEMENTED YET
C037  CA        DEX                             A:00 X:85 Y:07 P:A4 SP:FF PPU: NOT IMPLEMENTED YET
C038  D0 FA     BNE $C034                       A:00 X:84 Y:07 P:A4 SP:FF PPU: NOT IMPLEMENTED YET
C034  8D 07 20  STA $2007 = 00                  A:00 X:84 Y:07 P:A4 SP:FF PPU: NOT IMPLEMENTED YET
C037  CA        DEX                             A:00 X:84 Y:07 P:A4 SP:FF PPU: NOT IMPLEMENTED YET
C038  D0 FA     BNE $C034                       A:00 X:83 Y:07 P:A4 SP:FF PPU: NOT IMPLEMENTED YET
C034  8D 07 20  STA $2007 = 00                  A:00 X:83 Y:07 P:A4 SP:FF PPU: NOT IMPLEMENTED YET
C037  CA        DEX                             A:00 X:83 Y:07 P:A4 SP:FF PPU: NOT IMPLEMENTED YET
C038  D0 FA     BNE $C034                       A:00 X:82 Y:07 P:A4 SP:FF PPU: NOT IMPLEMENTED YET
C034  8D 07 20  STA $2007 = 00                  A:00 X:82 Y:07 P:A4 SP:FF PPU: NOT IMPLEMENTED YET
C037  CA        DEX                             A:00 X:82 Y:07 P:A4 SP:FF PPU: NOT IMPLEMENTED YET
C038  D0 FA     BNE $C034                       A:00 X:81 Y:07 P:A4 SP:FF PPU: NOT IMPLEMENTED YET
C034  8D 07 20  STA $2007 = 00                  A:00 X:81 Y:07 P:A4 SP:FF PPU: NOT IMPLEMENTED YET
C037  CA        DEX                             A:00 X:81 Y:07 P:A4 SP:FF PPU: NOT IMPLEMENTED YET
C038  D0 FA     BNE $C034                       A:00 X:80 Y:07 P:A4 SP:FF PPU: NOT IMPLEMENTED YET
C034  8D 07 20  STA $2007 = 00                  A:00 X:80 Y:07 P:A4 SP:FF PPU: NOT IMPLEMENTED YET
C037  CA        DEX                             A:00 X:80 Y:07 P:A4 SP:FF PPU: NOT IMPLEMENTED YET
C038  D0 FA     BNE $C034                       A:00 X:7F Y:07 P:24 SP:FF PPU: NOT IMPLEMENTED YET
C034  8D 07 20  STA $2007 = 00                  A:00 X:7F Y:07 P:24 SP:FF PPU: NOT IMPLEMENTED YET
C037  CA        DEX                             A:00 X:7F Y:07 P:24 SP:FF PPU: NOT IMPLEMENTED YET
C038  D0 FA     BNE $C034                       A:00 X:7E Y:07 P:24 SP:FF PPU: NOT IMPLEMENTED YET
C034  8D 07 20  STA $2007 = 00                  A:00 X:7E Y:07 P:24 SP:FF PPU: NOT IMPLEMENTED YET
C037  CA        DEX                             A:00 X:7E Y:07 P:24 SP:FF PPU: NOT IMPLEMENTED YET
C038  D0 FA     BNE $C034                       A:00 X:7D Y:07 P:24 SP:FF PPU: NOT IMPLEMENTED YET
C034  8D 07 20  STA $2007 = 00                  A:00 X:7D Y:07 P:24 SP:FF PPU: NOT IMPLEMENTED YET
C037  CA        DEX                             A:00 X:7D Y:07 P:24 SP:FF PPU: NOT IMPLEMENTED YET
C038  D0 FA     BNE $C034                       A:00 X:7C Y:07 P:24 SP:FF PPU: NOT IMPLEMENTED YET
C034  8D 07 20  STA $2007 = 00                  A:00 X:7C Y:07 P:24 SP:FF PPU: NOT IMPLEMENTED YET
C037  CA        DEX                             A:00 X:7C Y:07 P:24 SP:FF PPU: NOT IMPLEMENTED YET
C038  D0 FA     BNE $C034                       A:00 X:7B Y:07 P:24 SP:FF PPU: NOT IMPLEMENTED YET
C034  8D 07 20  STA $2007 = 00                  A:00 X:7B Y:07 P:24 SP:FF PPU: NOT IMPLEMENTED YET
C037  CA        DEX                             A:00 X:7B Y:07 P:24 SP:FF PPU: NOT IMPLEMENTED YET
C038  D0 FA     BNE $C034                       A:00 X:7A Y:07 P:24 SP:FF PPU: NOT IMPLEMENTED YET
C034  8D 07 20  STA $2007 = 00                  A:00 X:7A Y:07 P:24 SP:FF PPU: NOT IMPLEMENTED YET
C037  CA        DEX                             A:00 X:7A Y:07 P:24 SP:FF PPU: NOT IMPLEMENTED YET
C038  D0 FA     BNE $C034                       A:00 X:79 Y:07 P:24 SP:FF PPU: NOT IMPLEMENTED YET
C034  8D 07 20  STA $2007 = 00                  A:00 X:79 Y:07 P:24 SP:FF PPU: NOT IMPLEMENTED YET
C037  CA        DEX                             A:00 X:79 Y:07 P:24 SP:FF PPU: NOT IMPLEMENTED YET
C038  D0 FA     BNE $C034                       A:00 X:78 Y:07 P:24 SP:FF PPU: NOT IMPLEMENTED YET
C034  8D 07 20  STA $2007 = 00                  A:00 X:78 Y:07 P:24 SP:FF PPU: NOT IMPLEMENTED YET
C037  CA        DEX                             A:00 X:78 Y:07 P:24 SP:FF PPU: NOT IMPLEMENTED YET
C038  D0 FA     BNE $C034                       A:00 X:77 Y:07 P:24 SP:FF PPU: NOT IMPLEMENTED YET
C034  8D 07 20  STA $2007 = 00                  A:00 X:77 Y:07 P:24 SP:FF PPU: NOT IMPLEMENTED YET
C037  CA        DEX                             A:00 X:77 Y:07 P:24 SP:FF PPU: NOT IMPLEMENTED YET
C038  D0 FA     BNE $C034                       A:00 X:76 Y:07 P:24 SP:FF PPU: NOT IMPLEMENTED YET
C034  8D 07 20  STA $2007 = 00                  A:00 X:76 Y:07 P:24 SP:FF PPU: NOT IMPLEMENTED YET
C037  CA        DEX                             A:00 X:76 Y:07 P:24 SP:FF PPU: NOT IMPLEMENTED YET
C038  D0 FA     BNE $C034                       A:00 X:75 Y:07 P:24 SP:FF PPU: NOT IMPLEMENTED YET
C034  8D 07 20  STA $2007 = 00                  A:00 X:75 Y:07 P:24 SP:FF PPU: NOT IMPLEMENTED YET
C037  CA        DEX                             A:00 X:75 Y:07 P:24 SP:FF PPU: NOT IMPLEMENTED YET
C038  D0 FA     BNE $C034                       A:00 X:74 Y:07 P:24 SP:FF PPU: NOT IMPLEMENTED YET
C034  8D 07 20  STA $2007 = 00                  A:00 X:74 Y:07 P:24 SP:FF PPU: NOT IMPLEMENTED YET
C037  CA        DEX                             A:00 X:74 Y:07 P:24 SP:FF PPU: NOT IMPLEMENTED YET
C038  D0 FA     BNE $C034                       A:00 X:73 Y:07 P:24 SP:FF PPU: NOT IMPLEMENTED YET
C034  8D 07 20  STA $2007 = 00                  A:00 X:73 Y:07 P:24 SP:FF PPU: NOT IMPLEMENTED YET
C037  CA        DEX                             A:00 X:73 Y:07 P:24 SP:FF PPU: NOT IMPLEMENTED YET
C038  D0 FA     BNE $C034                       A:00 X:72 Y:07 P:24 SP:FF PPU: NOT IMPLEMENTED YET
C034  8D 07 20  STA $2007 = 00                  A:00 X:72 Y:07 P:24 SP:FF PPU: NOT IMPLEMENTED YET
C037  CA        DEX                             A:00 X:72 Y:07 P:24 SP:FF PPU: NOT IMPLEMENTED YET
C038  D0 FA     BNE $C034                       A:00 X:71 Y:07 P:24 SP:FF PPU: NOT IMPLEMENTED YET
C034  8D 07 20  STA $2007 = 00                  A:00 X:71 Y:07 P:24 SP:FF PPU: NOT IMPLEMENTED YET
C037  CA        DEX                             A:00 X:71 Y:07 P:24 SP:FF PPU: NOT IMPLEMENTED YET
C038  D0 FA     BNE $C034                       A:00 X:70 Y:07 P:24 SP:FF PPU: NOT IMPLEMENTED YET
C034  8D 07 20  STA $2007 = 00                  A:00 X:70 Y:07 P:24 SP:FF PPU: NOT IMPLEMENTED YET
C037  CA        DEX                             A:00 X:70 Y:07 P:24 SP:FF PPU: NOT IMPLEMENTED YET
C038  D0 FA     BNE $C034                       A:00 X:6F Y:07 P:24 SP:FF PPU: NOT IMPLEMENTED YET
C034  8D 07 20  STA $2007 = 00                  A:00 X:6F Y:07 P:24 SP:FF PPU: NOT IMPLEMENTED YET
C037  CA        DEX                             A:00 X:6F Y:07 P:24 SP:FF PPU: NOT IMPLEMENTED YET
C038  D0 FA     BNE $C034                       A:00 X:6E Y:07 P:24 SP:FF PPU: NOT IMPLEMENTED YET
C034  8D 07 20  STA $2007 = 00                  A:00 X:6E Y:07 P:24 SP:FF PPU: NOT IMPLEMENTED YET
C037  CA        DEX                             A:00 X:6E Y:07 P:24 SP:FF PPU: NOT IMPLEMENTED YET
C038  D0 FA     BNE $C034                       A:00 X:6D Y:07 P:24 SP:FF PPU: NOT IMPLEMENTED YET
C034  8D 07 20  STA $2007 = 00                  A:00 X:6D Y:07 P:24 SP:FF PPU: NOT IMPLEMENTED YET
C037  CA        DEX                             A:00 X:6D Y:07 P:24 SP:FF PPU: NOT IMPLEMENTED YET
C038  D0 FA     BNE $C034                       A:00 X:6C Y:07 P:24 SP:FF PPU: NOT IMPLEMENTED YET
C034  8D 07 20  STA $2007 = 00                  A:00 X:6C Y:07 P:24 SP:FF PPU: NOT IMPLEMENTED YET
C037  CA        DEX                             A:00 X:6C Y:07 P:24 SP:FF PPU: NOT IMPLEMENTED YET
C038  D0 FA     BNE $C034                       A:00 X:6B Y:07 P:24 SP:FF PPU: NOT IMPLEMENTED YET
C034  8D 07 20  STA $2007 = 00                  A:00 X:6B Y:07 P:24 SP:FF PPU: NOT IMPLEMENTED YET
C037  CA        DEX                             A:00 X:6B Y:07 P:24 SP:FF PPU: NOT IMPLEMENTED YET
C038  D0 FA     BNE $C034                       A:00 X:6A Y:07 P:24 SP:FF PPU: NOT IMPLEMENTED YET
C034  8D 07 20  STA $2007 = 00                  A:00 X:6A Y:07 P:24 SP:FF PPU: NOT IMPLEMENTED YET
C037  CA        DEX                             A:00 X:6A Y:07 P:24 SP:FF PPU: NOT IMPLEMENTED YET
C038  D0 FA     BNE $C034                       A:00 X:69 Y:07 P:24 SP:FF PPU: NOT IMPLEMENTED YET
C034  8D 07 20  STA $2007 = 00                  A:00 X:69 Y:07 P:24 SP:FF PPU: NOT IMPLEMENTED YET
C037  CA        DEX                             A:00 X:69 Y:07 P:24 SP:FF PPU: NOT IMPLEMENTED YET
C038  D0 FA     BNE $C034                       A:00 X:68 Y:07 P:24 SP:FF PPU: NOT IMPLEMENTED YET
C034  8D 07 20  STA $2007 = 00                  A:00 X:68 Y:07 P:24 SP:FF PPU: NOT IMPLEMENTED YET
C037  CA        DEX                             A:00 X:68 Y:07 P:24 SP:FF PPU: NOT IMPLEMENTED YET
C038  D0 FA     BNE $C034                       A:00 X:67 Y:07 P:24 SP:FF PPU: NOT IMPLEMENTED YET
C034  8D 07 20  STA $2007 = 00                  A:00 X:67 Y:07 P:24 SP:FF PPU: NOT IMPLEMENTED YET
C037  CA        DEX                             A:00 X:67 Y:07 P:24 SP:FF PPU: NOT IMPLEMENTED YET
C038  D0 FA     BNE $C034                       A:00 X:66 Y:07 P:24 SP:FF PPU: NOT IMPLEMENTED YET
C034  8D 07 20  STA $2007 = 00                  A:00 X:66 Y:07 P:24 SP:FF PPU: NOT IMPLEMENTED YET
C037  CA        DEX                             A:00 X:66 Y:07 P:24 SP:FF PPU: NOT IMPLEMENTED YET
C038  D0 FA     BNE $C034                       A:00 X:65 Y:07 P:24 SP:FF PPU: NOT IMPLEMENTED YET
C034  8D 07 20  STA $2007 = 00                  A:00 X:65 Y:07 P:24 SP:FF PPU: NOT IMPLEMENTED YET
C037  CA        DEX                             A:00 X:65 Y:07 P:24 SP:FF PPU: NOT IMPLEMENTED YET
C038  D0 FA     BNE $C034                       A:00 X:64 Y:07 P:24 SP:FF PPU: NOT IMPLEMENTED YET
C034  8D 07 20  STA $2007 = 00                  A:00 X:64 Y:07 P:24 SP:FF PPU: NOT IMPLEMENTED YET
C037  CA        DEX                             A:00 X:64 Y:07 P:24 SP:FF PPU: NOT IMPLEMENTED YET
C038  D0 FA     BNE $C034                       A:00 X:63 Y:07 P:24 SP:FF PPU: NOT IMPLEMENTED YET
C034  8D 07 20  STA $2007 = 00                  A:00 X:63 Y:07 P:24 SP:FF PPU: NOT IMPLEMENTED YET
C037  CA        DEX                             A:00 X:63 Y:07 P:24 SP:FF PPU: NOT IMPLEMENTED YET
C038  D0 FA     BNE $C034                       A:00 X:62 Y:07 P:24 SP:FF PPU: NOT IMPLEMENTED YET
C034  8D 07 20  STA $2007 = 00                  A:00 X:62 Y:07 P:24 SP:FF PPU: NOT IMPLEMENTED YET
C037  CA        DEX                             A:00 X:62 Y:07 P:24 SP:FF PPU: NOT IMPLEMENTED YET
C038  D0 FA     BNE $C034                       A:00 X:61 Y:07 P:24 SP:FF PPU: NOT IMPLEMENTED YET
C034  8D 07 20  STA $2007 = 00                  A:00 X:61 Y:07 P:24 SP:FF PPU: NOT IMPLEMENTED YET
C037  CA        DEX                             A:00 X:61 Y:07 P:24 SP:FF PPU: NOT IMPLEMENTED YET
C038  D0 FA     BNE $C034                       A:00 X:60 Y:07 P:24 SP:FF PPU: NOT IMPLEMENTED YET
C034  8D 07 20  STA $2007 = 00                  A:00 X:60 Y:07 P:24 SP:FF PPU: NOT IMPLEMENTED YET
C037  CA        DEX                             A:00 X:60 Y:07 P:24 SP:FF PPU: NOT IMPLEMENTED YET
C038  D0 FA     BNE $C034                       A:00 X:5F Y:07 P:24 SP:FF PPU: NOT IMPLEMENTED YET
C034  8D 07 20  STA $2007 = 00                  A:00 X:5F Y:07 P:24 SP:FF PPU: NOT IMPLEMENTED YET
C037  CA        DEX                             A:00 X:5F Y:07 P:24 SP:FF PPU: NOT IMPLEMENTED YET
C038  D0 FA     BNE $C034                       A:00 X:5E Y:07 P:24 SP:FF PPU: NOT IMPLEMENTED YET
C034  8D 07 20  STA $2007 = 00                  A:00 X:5E Y:07 P:24 SP:FF PPU: NOT IMPLEMENTED YET
C037  CA        DEX                             A:00 X:5E Y:07 P:24 SP:FF PPU: NOT IMPLEMENTED YET
C038  D0 FA     BNE $C034                       A:00 X:5D Y:07 P:24 SP:FF PPU: NOT IMPLEMENTED YET
C034  8D 07 20  STA $2007 = 00                  A:00 X:5D Y:07 P:24 SP:FF PPU: NOT IMPLEMENTED YET
C037  CA        DEX                             A:00 X:5D Y:07 P:24 SP:FF PPU: NOT IMPLEMENTED YET
C038  D0 FA     BNE $C034                       A:00 X:5C Y:07 P:24 SP:FF PPU: NOT IMPLEMENTED YET
C034  8D 07 20  STA $2007 = 00                  A:00 X:5C Y:07 P:24 SP:FF PPU: NOT IMPLEMENTED YET
C037  CA        DEX                             A:00 X:5C Y:07 P:24 SP:FF PPU: NOT IMPLEMENTED YET
C038  D0 FA     BNE $C034                       A:00 X:5B Y:07 P:24 SP:FF PPU: NOT IMPLEMENTED YET
C034  8D 07 20  STA $2007 = 00                  A:00 X:5B Y:07 P:24 SP:FF PPU: NOT IMPLEMENTED YET
C037  CA        DEX                             A:00 X:5B Y:07 P:24 SP:FF PPU: NOT IMPLEMENTED YET
C038  D0 FA     BNE $C034                       A:00 X:5A Y:07 P:24 SP:FF PPU: NOT IMPLEMENTED YET
C034  8D 07 20  STA $2007 = 00                  A:00 X:5A Y:07 P:24 SP:FF PPU: NOT IMPLEMENTED YET
C037  CA        DEX                             A:00 X:5A Y:07 P:24 SP:FF PPU: NOT IMPLEMENTED YET
C038  D0 FA     BNE $C034                       A:00 X:59 Y:07 P:24 SP:FF PPU: NOT IMPLEMENTED YET
C034  8D 07 20  STA $2007 = 00                  A:00 X:59 Y:07 P:24 SP:FF PPU: NOT IMPLEMENTED YET
C037  CA        DEX                             A:00 X:59 Y:07 P:24 SP:FF PPU: NOT IMPLEMENTED YET
C038  D0 FA     BNE $C034                       A:00 X:58 Y:07 P:24 SP:FF PPU: NOT IMPLEMENTED YET
C034  8D 07 20  STA $2007 = 00                  A:00 X:58 Y:07 P:24 SP:FF PPU: NOT IMPLEMENTED YET
C037  CA        DEX                             A:00 X:58 Y:07 P:24 SP:FF PPU: NOT IMPLEMENTED YET
C038  D0 FA     BNE $C034                       A:00 X:57 Y:07 P:24 SP:FF PPU: NOT IMPLEMENTED YET
C034  8D 07 20  STA $2007 = 00                  A:00 X:57 Y:07 P:24 SP:FF PPU: NOT IMPLEMENTED YET
C037  CA        DEX                             A:00 X:57 Y:07 P:24 SP:FF PPU: NOT IMPLEMENTED YET
C038  D0 FA     BNE $C034                       A:00 X:56 Y:07 P:24 SP:FF PPU: NOT IMPLEMENTED YET
C034  8D 07 20  STA $2007 = 00                  A:00 X:56 Y:07 P:24 SP:FF PPU: NOT IMPLEMENTED YET
C037  CA        DEX                             A:00 X:56 Y:07 P:24 SP:FF PPU: NOT IMPLEMENTED YET
C038  D0 FA     BNE $C034                       A:00 X:55 Y:07 P:24 SP:FF PPU: NOT IMPLEMENTED YET
C034  8D 07 20  STA $2007 = 00                  A:00 X:55 Y:07 P:24 SP:FF PPU: NOT IMPLEMENTED YET
C037  CA        DEX                             A:00 X:55 Y:07 P:24 SP:FF PPU: NOT IMPLEMENTED YET
C038  D0 FA     BNE $C034                       A:00 X:54 Y:07 P:24 SP:FF PPU: NOT IMPLEMENTED YET
C034  8D 07 20  STA $2007 = 00                  A:00 X:54 Y:07 P:24 SP:FF PPU: NOT IMPLEMENTED YET
C037  CA        DEX                             A:00 X:54 Y:07 P:24 SP:FF PPU: NOT IMPLEMENTED YET
C038  D0 FA     BNE $C034                       A:00 X:53 Y:07 P:24 SP:FF PPU: NOT IMPLEMENTED YET
C034  8D 07 20  STA $2007 = 00                  A:00 X:53 Y:07 P:24 SP:FF PPU: NOT IMPLEMENTED YET
C037  CA        DEX                             A:00 X:53 Y:07 P:24 SP:FF PPU: NOT IMPLEMENTED YET
C038  D0 FA     BNE $C034                       A:00 X:52 Y:07 P:24 SP:FF PPU: NOT IMPLEMENTED YET
C034  8D 07 20  STA $2007 = 00                  A:00 X:52 Y:07 P:24 SP:FF PPU: NOT IMPLEMENTED YET
C037  CA        DEX                             A:00 X:52 Y:07 P:24 SP:FF PPU: NOT IMPLEMENTED YET
C038  D0 FA     BNE $C034                       A:00 X:51 Y:07 P:24 SP:FF PPU: NOT IMPLEMENTED YET
C034  8D 07 20  STA $2007 = 00                  A:00 X:51 Y:07 P:24 SP:FF PPU: NOT IMPLEMENTED YET
C037  CA        DEX                             A:00 X:51 Y:07 P:24 SP:FF PPU: NOT IMPLEMENTED YET
C038  D0 FA     BNE $C034                       A:00 X:50 Y:07 P:24 SP:FF PPU: NOT IMPLEMENTED YET
C034  8D 07 20  STA $2007 = 00                  A:00 X:50 Y:07 P:24 SP:FF PPU: NOT IMPLEMENTED YET
C037  CA        DEX                             A:00 X:50 Y:07 P:24 SP:FF PPU: NOT IMPLEMENTED YET
C038  D0 FA     BNE $C034                       A:00 X:4F Y:07 P:24 SP:FF PPU: NOT IMPLEMENTED YET
C034  8D 07 20  STA $2007 = 00                  A:00 X:4F Y:07 P:24 SP:FF PPU: NOT IMPLEMENTED YET
C037  CA        DEX                             A:00 X:4F Y:07 P:24 SP:FF PPU: NOT IMPLEMENTED YET
C038  D0 FA     BNE $C034                       A:00 X:4E Y:07 P:24 SP:FF PPU: NOT IMPLEMENTED YET
C034  8D 07 20  STA $2007 = 00                  A:00 X:4E Y:07 P:24 SP:FF PPU: NOT IMPLEMENTED YET
C037  CA        DEX                             A:00 X:4E Y:07 P:24 SP:FF PPU: NOT IMPLEMENTED YET
C038  D0 FA     BNE $C034                       A:00 X:4D Y:07 P:24 SP:FF PPU: NOT IMPLEMENTED YET
C034  8D 07 20  STA $2007 = 00                  A:00 X:4D Y:07 P:24 SP:FF PPU: NOT IMPLEMENTED YET
C037  CA        DEX                             A:00 X:4D Y:07 P:24 SP:FF PPU: NOT IMPLEMENTED YET
C038  D0 FA     BNE $C034                       A:00 X:4C Y:07 P:24 SP:FF PPU: NOT IMPLEMENTED YET
C034  8D 07 20  STA $2007 = 00                  A:00 X:4C Y:07 P:24 SP:FF PPU: NOT IMPLEMENTED YET
C037  CA        DEX                             A:00 X:4C Y:07 P:24 SP:FF PPU: NOT IMPLEMENTED YET
C038  D0 FA     BNE $C034                       A:00 X:4B Y:07 P:24 SP:FF PPU: NOT IMPLEMENTED YET
C034  8D 07 20  STA $2007 = 00                  A:00 X:4B Y:07 P:24 SP:FF PPU: NOT IMPLEMENTED YET
C037  CA        DEX                             A:00 X:4B Y:07 P:24 SP:FF PPU: NOT IMPLEMENTED YET
C038  D0 FA     BNE $C034                       A:00 X:4A Y:07 P:24 SP:FF PPU: NOT IMPLEMENTED YET
C034  8D 07 20  STA $2007 = 00                  A:00 X:4A Y:07 P:24 SP:FF PPU: NOT IMPLEMENTED YET
C037  CA        DEX                             A:00 X:4A Y:07 P:24 SP:FF PPU: NOT IMPLEMENTED YET
C038  D0 FA     BNE $C034                       A:00 X:49 Y:07 P:24 SP:FF PPU: NOT IMPLEMENTED YET
C034  8D 07 20  STA $2007 = 00                  A:00 X:49 Y:07 P:24 SP:FF PPU: NOT IMPLEMENTED YET
C037  CA        DEX                             A:00 X:49 Y:07 P:24 SP:FF PPU: NOT IMPLEMENTED YET
C038  D0 FA     BNE $C034                       A:00 X:48 Y:07 P:24 SP:FF PPU: NOT IMPLEMENTED YET
C034  8D 07 20  STA $2007 = 00                  A:00 X:48 Y:07 P:24 SP:FF PPU: NOT IMPLEMENTED YET
C037  CA        DEX                             A:00 X:48 Y:07 P:24 SP:FF PPU: NOT IMPLEMENTED YET
C038  D0 FA     BNE $C034                       A:00 X:47 Y:07 P:24 SP:FF PPU: NOT IMPLEMENTED YET
C034  8D 07 20  STA $2007 = 00                  A:00 X:47 Y:07 P:24 SP:FF PPU: NOT IMPLEMENTED YET
C037  CA        DEX                             A:00 X:47 Y:07 P:24 SP:FF PPU: NOT IMPLEMENTED YET
C038  D0 FA     BNE $C034                       A:00 X:46 Y:07 P:24 SP:FF PPU: NOT IMPLEMENTED YET
C034  8D 07 20  STA $2007 = 00                  A:00 X:46 Y:07 P:24 SP:FF PPU: NOT IMPLEMENTED YET
C037  CA        DEX                             A:00 X:46 Y:07 P:24 SP:FF PPU: NOT IMPLEMENTED YET
C038  D0 FA     BNE $C034                       A:00 X:45 Y:07 P:24 SP:FF PPU: NOT IMPLEMENTED YET
C034  8D 07 20  STA $2007 = 00                  A:00 X:45 Y:07 P:24 SP:FF PPU: NOT IMPLEMENTED YET
C037  CA        DEX                             A:00 X:45 Y:07 P:24 SP:FF PPU: NOT IMPLEMENTED YET
C038  D0 FA     BNE $C034                       A:00 X:44 Y:07 P:24 SP:FF PPU: NOT IMPLEMENTED YET
C034  8D 07 20  STA $2007 = 00                  A:00 X:44 Y:07 P:24 SP:FF PPU: NOT IMPLEMENTED YET
C037  CA        DEX                             A:00 X:44 Y:07 P:24 SP:FF PPU: NOT IMPLEMENTED YET
C038  D0 FA     BNE $C034                       A:00 X:43 Y:07 P:24 SP:FF PPU: NOT IMPLEMENTED YET
C034  8D 07 20  STA $2007 = 00                  A:00 X:43 Y:07 P:24 SP:FF PPU: NOT IMPLEMENTED YET
C037  CA        DEX                             A:00 X:43 Y:07 P:24 SP:FF PPU: NOT IMPLEMENTED YET
C038  D0 FA     BNE $C034                       A:00 X:42 Y:07 P:24 SP:FF PPU: NOT IMPLEMENTED YET
C034  8D 07 20  STA $2007 = 00                  A:00 X:42 Y:07 P:24 SP:FF PPU: NOT IMPLEMENTED YET
C037  CA        DEX                             A:00 X:42 Y:07 P:24 SP:FF PPU: NOT IMPLEMENTED YET
C038  D0 FA     BNE $C034                       A:00 X:41 Y:07 P:24 SP:FF PPU: NOT IMPLEMENTED YET
C034  8D 07 20  STA $2007 = 00                  A:00 X:41 Y:07 P:24 SP:FF PPU: NOT IMPLEMENTED YET
C037  CA        DEX                             A:00 X:41 Y:07 P:24 SP:FF PPU: NOT IMPLEMENTED YET
C038  D0 FA     BNE $C034                       A:00 X:40 Y:07 P:24 SP:FF PPU: NOT IMPLEMENTED YET
C034  8D 07 20  STA $2007 = 00                  A:00 X:40 Y:07 P:24 SP:FF PPU: NOT IMPLEMENTED YET
C037  CA        DEX                             A:00 X:40 Y:07 P:24 SP:FF PPU: NOT IMPLEMENTED YET
C038  D0 FA     BNE $C034                       A:00 X:3F Y:07 P:24 SP:FF PPU: NOT IMPLEMENTED YET
C034  8D 07 20  STA $2007 = 00                  A:00 X:3F Y:07 P:24 SP:FF PPU: NOT IMPLEMENTED YET
C037  CA        DEX                             A:00 X:3F Y:07 P:24 SP:FF PPU: NOT IMPLEMENTED YET
C038  D0 FA     BNE $C034                       A:00 X:3E Y:07 P:24 SP:FF PPU: NOT IMPLEMENTED YET
C034  8D 07 20  STA $2007 = 00                  A:00 X:3E Y:07 P:24 SP:FF PPU: NOT IMPLEMENTED YET
C037  CA        DEX                             A:00 X:3E Y:07 P:24 SP:FF PPU: NOT IMPLEMENTED YET
C038  D0 FA     BNE $C034                       A:00 X:3D Y:07 P:24 SP:FF PPU: NOT IMPLEMENTED YET
C034  8D 07 20  STA $2007 = 00                  A:00 X:3D Y:07 P:24 SP:FF PPU: NOT IMPLEMENTED YET
C037  CA        DEX                             A:00 X:3D Y:07 P:24 SP:FF PPU: NOT IMPLEMENTED YET
C038  D0 FA     BNE $C034                       A:00 X:3C Y:07 P:24 SP:FF PPU: NOT IMPLEMENTED YET
C034  8D 07 20  STA $2007 = 00                  A:00 X:3C Y:07 P:24 SP:FF PPU: NOT IMPLEMENTED YET
C037  CA        DEX                             A:00 X:3C Y:07 P:24 SP:FF PPU: NOT IMPLEMENTED YET
C038  D0 FA     BNE $C034                       A:00 X:3B Y:07 P:24 SP:FF PPU: NOT IMPLEMENTED YET
C034  8D 07 20  STA $2007 = 00                  A:00 X:3B Y:07 P:24 SP:FF PPU: NOT IMPLEMENTED YET
C037  CA        DEX                             A:00 X:3B Y:07 P:24 SP:FF PPU: NOT IMPLEMENTED YET
C038  D0 FA     BNE $C034                       A:00 X:3A Y:07 P:24 SP:FF PPU: NOT IMPLEMENTED YET
C034  8D 07 20  STA $2007 = 00                  A:00 X:3A Y:07 P:24 SP:FF PPU: NOT IMPLEMENTED YET
C037  CA        DEX                             A:00 X:3A Y:07 P:24 SP:FF PPU: NOT IMPLEMENTED YET
C038  D0 FA     BNE $C034                       A:00 X:39 Y:07 P:24 SP:FF PPU: NOT IMPLEMENTED YET
C034  8D 07 20  STA $2007 = 00                  A:00 X:39 Y:07 P:24 SP:FF PPU: NOT IMPLEMENTED YET
C037  CA        DEX                             A:00 X:39 Y:07 P:24 SP:FF PPU: NOT IMPLEMENTED YET
C038  D0 FA     BNE $C034                       A:00 X:38 Y:07 P:24 SP:FF PPU: NOT IMPLEMENTED YET
C034  8D 07 20  STA $2007 = 00                  A:00 X:38 Y:07 P:24 SP:FF PPU: NOT IMPLEMENTED YET
C037  CA        DEX                             A:00 X:38 Y:07 P:24 SP:FF PPU: NOT IMPLEMENTED YET
C038  D0 FA     BNE $C034                       A:00 X:37 Y:07 P:24 SP:FF PPU: NOT IMPLEMENTED YET
C034  8D 07 20  STA $2007 = 00                  A:00 X:37 Y:07 P:24 SP:FF PPU: NOT IMPLEMENTED YET
C037  CA        DEX                             A:00 X:37 Y:07 P:24 SP:FF PPU: NOT IMPLEMENTED YET
C038  D0 FA     BNE $C034                       A:00 X:36 Y:07 P:24 SP:FF PPU: NOT IMPLEMENTED YET
C034  8D 07 20  STA $2007 = 00                  A:00 X:36 Y:07 P:24 SP:FF PPU: NOT IMPLEMENTED YET
C037  CA        DEX                             A:00 X:36 Y:07 P:24 SP:FF PPU: NOT IMPLEMENTED YET
C038  D0 FA     BNE $C034                       A:00 X:35 Y:07 P:24 SP:FF PPU: NOT IMPLEMENTED YET
C034  8D 07 20  STA $2007 = 00                  A:00 X:35 Y:07 P:24 SP:FF PPU: NOT IMPLEMENTED YET
C037  CA        DEX                             A:00 X:35 Y:07 P:24 SP:FF PPU: NOT IMPLEMENTED YET
C038  D0 FA     BNE $C034                       A:00 X:34 Y:07 P:24 SP:FF PPU: NOT IMPLEMENTED YET
C034  8D 07 20  STA $2007 = 00                  A:00 X:34 Y:07 P:24 SP:FF PPU: NOT IMPLEMENTED YET
C037  CA        DEX                             A:00 X:34 Y:07 P:24 SP:FF PPU: NOT IMPLEMENTED YET
C038  D0 FA     BNE $C034                       A:00 X:33 Y:07 P:24 SP:FF PPU: NOT IMPLEMENTED YET
C034  8D 07 20  STA $2007 = 00                  A:00 X:33 Y:07 P:24 SP:FF PPU: NOT IMPLEMENTED YET
C037  CA        DEX                             A:00 X:33 Y:07 P:24 SP:FF PPU: NOT IMPLEMENTED YET
C038  D0 FA     BNE $C034                       A:00 X:32 Y:07 P:24 SP:FF PPU: NOT IMPLEMENTED YET
C034  8D 07 20  STA $2007 = 00                  A:00 X:32 Y:07 P:24 SP:FF PPU: NOT IMPLEMENTED YET
C037  CA        DEX                             A:00 X:32 Y:07 P:24 SP:FF PPU: NOT IMPLEMENTED YET
C038  D0 FA     BNE $C034                       A:00 X:31 Y:07 P:24 SP:FF PPU: NOT IMPLEMENTED YET
C034  8D 07 20  STA $2007 = 00                  A:00 X:31 Y:07 P:24 SP:FF PPU: NOT IMPLEMENTED YET
C037  CA        DEX                             A:00 X:31 Y:07 P:24 SP:FF PPU: NOT IMPLEMENTED YET
C038  D0 FA     BNE $C034                       A:00 X:30 Y:07 P:24 SP:FF PPU: NOT IMPLEMENTED YET
C034  8D 07 20  STA $2007 = 00                  A:00 X:30 Y:07 P:24 SP:FF PPU: NOT IMPLEMENTED YET
C037  CA        DEX                             A:00 X:30 Y:07 P:24 SP:FF PPU: NOT IMPLEMENTED YET
C038  D0 FA     BNE $C034                       A:00 X:2F Y:07 P:24 SP:FF PPU: NOT IMPLEMENTED YET
C034  8D 07 20  STA $2007 = 00                  A:00 X:2F Y:07 P:24 SP:FF PPU: NOT IMPLEMENTED YET
C037  CA        DEX                             A:00 X:2F Y:07 P:24 SP:FF PPU: NOT IMPLEMENTED YET
C038  D0 FA     BNE $C034                       A:00 X:2E Y:07 P:24 SP:FF PPU: NOT IMPLEMENTED YET
C034  8D 07 20  STA $2007 = 00                  A:00 X:2E Y:07 P:24 SP:FF PPU: NOT IMPLEMENTED YET
C037  CA        DEX                             A:00 X:2E Y:07 P:24 SP:FF PPU: NOT IMPLEMENTED YET
C038  D0 FA     BNE $C034                       A:00 X:2D Y:07 P:24 SP:FF PPU: NOT IMPLEMENTED YET
C034  8D 07 20  STA $2007 = 00                  A:00 X:2D Y:07 P:24 SP:FF PPU: NOT IMPLEMENTED YET
C037  CA        DEX                             A:00 X:2D Y:07 P:24 SP:FF PPU: NOT IMPLEMENTED YET
C038  D0 FA     BNE $C034                       A:00 X:2C Y:07 P:24 SP:FF PPU: NOT IMPLEMENTED YET
C034  8D 07 20  STA $2007 = 00                  A:00 X:2C Y:07 P:24 SP:FF PPU: NOT IMPLEMENTED YET
C037  CA        DEX                             A:00 X:2C Y:07 P:24 SP:FF PPU: NOT IMPLEMENTED YET
C038  D0 FA     BNE $C034                       A:00 X:2B Y:07 P:24 SP:FF PPU: NOT IMPLEMENTED YET
C034  8D 07 20  STA $2007 = 00                  A:00 X:2B Y:07 P:24 SP:FF PPU: NOT IMPLEMENTED YET
C037  CA        DEX                             A:00 X:2B Y:07 P:24 SP:FF PPU: NOT IMPLEMENTED YET
C038  D0 FA     BNE $C034                       A:00 X:2A Y:07 P:24 SP:FF PPU: NOT IMPLEMENTED YET
C034  8D 07 20  STA $2007 = 00                  A:00 X:2A Y:07 P:24 SP:FF PPU: NOT IMPLEMENTED YET
C037  CA        DEX                             A:00 X:2A Y:07 P:24 SP:FF PPU: NOT IMPLEMENTED YET
C038  D0 FA     BNE $C034                       A:00 X:29 Y:07 P:24 SP:FF PPU: NOT IMPLEMENTED YET
C034  8D 07 20  STA $2007 = 00                  A:00 X:29 Y:07 P:24 SP:FF PPU: NOT IMPLEMENTED YET
C037  CA        DEX                             A:00 X:29 Y:07 P:24 SP:FF PPU: NOT IMPLEMENTED YET
C038  D0 FA     BNE $C034                       A:00 X:28 Y:07 P:24 SP:FF PPU: NOT IMPLEMENTED YET
C034  8D 07 20  STA $2007 = 00                  A:00 X:28 Y:07 P:24 SP:FF PPU: NOT IMPLEMENTED YET
C037  CA        DEX                             A:00 X:28 Y:07 P:24 SP:FF PPU: NOT IMPLEMENTED YET
C038  D0 FA     BNE $C034                       A:00 X:27 Y:07 P:24 SP:FF PPU: NOT IMPLEMENTED YET
C034  8D 07 20  STA $2007 = 00                  A:00 X:27 Y:07 P:24 SP:FF PPU: NOT IMPLEMENTED YET
C037  CA        DEX                             A:00 X:27 Y:07 P:24 SP:FF PPU: NOT IMPLEMENTED YET
C038  D0 FA     BNE $C034                       A:00 X:26 Y:07 P:24 SP:FF PPU: NOT IMPLEMENTED YET
C034  8D 07 20  STA $2007 = 00                  A:00 X:26 Y:07 P:24 SP:FF PPU: NOT IMPLEMENTED YET
C037  CA        DEX                             A:00 X:26 Y:07 P:24 SP:FF PPU: NOT IMPLEMENTED YET
C038  D0 FA     BNE $C034                       A:00 X:25 Y:07 P:24 SP:FF PPU: NOT IMPLEMENTED YET
C034  8D 07 20  STA $2007 = 00                  A:00 X:25 Y:07 P:24 SP:FF PPU: NOT IMPLEMENTED YET
C037  CA        DEX                             A:00 X:25 Y:07 P:24 SP:FF PPU: NOT IMPLEMENTED YET
C038  D0 FA     BNE $C034                       A:00 X:24 Y:07 P:24 SP:FF PPU: NOT IMPLEMENTED YET
C034  8D 07 20  STA $2007 = 00                  A:00 X:24 Y:07 P:24 SP:FF PPU: NOT IMPLEMENTED YET
C037  CA        DEX                             A:00 X:24 Y:07 P:24 SP:FF PPU: NOT IMPLEMENTED YET
C038  D0 FA     BNE $C034                       A:00 X:23 Y:07 P:24 SP:FF PPU: NOT IMPLEMENTED YET
C034  8D 07 20  STA $2007 = 00                  A:00 X:23 Y:07 P:24 SP:FF PPU: NOT IMPLEMENTED YET
C037  CA        DEX                             A:00 X:23 Y:07 P:24 SP:FF PPU: NOT IMPLEMENTED YET
C038  D0 FA     BNE $C034                       A:00 X:22 Y:07 P:24 SP:FF PPU: NOT IMPLEMENTED YET
C034  8D 07 20  STA $2007 = 00                  A:00 X:22 Y:07 P:24 SP:FF PPU: NOT IMPLEMENTED YET
C037  CA        DEX                             A:00 X:22 Y:07 P:24 SP:FF PPU: NOT IMPLEMENTED YET
C038  D0 FA     BNE $C034                       A:00 X:21 Y:07 P:24 SP:FF PPU: NOT IMPLEMENTED YET
C034  8D 07 20  STA $2007 = 00                  A:00 X:21 Y:07 P:24 SP:FF PPU: NOT IMPLEMENTED YET
C037  CA        DEX                             A:00 X:21 Y:07 P:24 SP:FF PPU: NOT IMPLEMENTED YET
C038  D0 FA     BNE $C034                       A:00 X:20 Y:07 P:24 SP:FF PPU: NOT IMPLEMENTED YET
C034  8D 07 20  STA $2007 = 00                  A:00 X:20 Y:07 P:24 SP:FF PPU: NOT IMPLEMENTED YET
C037  CA        DEX                             A:00 X:20 Y:07 P:24 SP:FF PPU: NOT IMPLEMENTED YET
C038  D0 FA     BNE $C034                       A:00 X:1F Y:07 P:24 SP:FF PPU: NOT IMPLEMENTED YET
C034  8D 07 20  STA $2007 = 00                  A:00 X:1F Y:07 P:24 SP:FF PPU: NOT IMPLEMENTED YET
C037  CA        DEX                             A:00 X:1F Y:07 P:24 SP:FF PPU: NOT IMPLEMENTED YET
C038  D0 FA     BNE $C034                       A:00 X:1E Y:07 P:24 SP:FF PPU: NOT IMPLEMENTED YET
C034  8D 07 20  STA $2007 = 00                  A:00 X:1E Y:07 P:24 SP:FF PPU: NOT IMPLEMENTED YET
C037  CA        DEX                             A:00 X:1E Y:07 P:24 SP:FF PPU: NOT IMPLEMENTED YET
C038  D0 FA     BNE $C034                       A:00 X:1D Y:07 P:24 SP:FF PPU: NOT IMPLEMENTED YET
C034  8D 07 20  STA $2007 = 00                  A:00 X:1D Y:07 P:24 SP:FF PPU: NOT IMPLEMENTED YET
C037  CA        DEX                             A:00 X:1D Y:07 P:24 SP:FF PPU: NOT IMPLEMENTED YET
C038  D0 FA     BNE $C034                       A:00 X:1C Y:07 P:24 SP:FF PPU: NOT IMPLEMENTED YET
C034  8D 07 20  STA $2007 = 00                  A:00 X:1C Y:07 P:24 SP:FF PPU: NOT IMPLEMENTED YET
C037  CA        DEX                             A:00 X:1C Y:07 P:24 SP:FF PPU: NOT IMPLEMENTED YET
C038  D0 FA     BNE $C034                       A:00 X:1B Y:07 P:24 SP:FF PPU: NOT IMPLEMENTED YET
C034  8D 07 20  STA $2007 = 00                  A:00 X:1B Y:07 P:24 SP:FF PPU: NOT IMPLEMENTED YET
C037  CA        DEX                             A:00 X:1B Y:07 P:24 SP:FF PPU: NOT IMPLEMENTED YET
C038  D0 FA     BNE $C034                       A:00 X:1A Y:07 P:24 SP:FF PPU: NOT IMPLEMENTED YET
C034  8D 07 20  STA $2007 = 00                  A:00 X:1A Y:07 P:24 SP:FF PPU: NOT IMPLEMENTED YET
C037  CA        DEX                             A:00 X:1A Y:07 P:24 SP:FF PPU: NOT IMPLEMENTED YET
C038  D0 FA     BNE $C034                       A:00 X:19 Y:07 P:24 SP:FF PPU: NOT IMPLEMENTED YET
C034  8D 07 20  STA $2007 = 00                  A:00 X:19 Y:07 P:24 SP:FF PPU: NOT IMPLEMENTED YET
C037  CA        DEX                             A:00 X:19 Y:07 P:24 SP:FF PPU: NOT IMPLEMENTED YET
C038  D0 FA     BNE $C034                       A:00 X:18 Y:07 P:24 SP:FF PPU: NOT IMPLEMENTED YET
C034  8D 07 20  STA $2007 = 00                  A:00 X:18 Y:07 P:24 SP:FF PPU: NOT IMPLEMENTED YET
C037  CA        DEX                             A:00 X:18 Y:07 P:24 SP:FF PPU: NOT IMPLEMENTED YET
C038  D0 FA     BNE $C034                       A:00 X:17 Y:07 P:24 SP:FF PPU: NOT IMPLEMENTED YET
C034  8D 07 20  STA $2007 = 00                  A:00 X:17 Y:07 P:24 SP:FF PPU: NOT IMPLEMENTED YET
C037  CA        DEX                             A:00 X:17 Y:07 P:24 SP:FF PPU: NOT IMPLEMENTED YET
C038  D0 FA     BNE $C034                       A:00 X:16 Y:07 P:24 SP:FF PPU: NOT IMPLEMENTED YET
C034  8D 07 20  STA $2007 = 00                  A:00 X:16 Y:07 P:24 SP:FF PPU: NOT IMPLEMENTED YET
C037  CA        DEX                             A:00 X:16 Y:07 P:24 SP:FF PPU: NOT IMPLEMENTED YET
C038  D0 FA     BNE $C034                       A:00 X:15 Y:07 P:24 SP:FF PPU: NOT IMPLEMENTED YET
C034  8D 07 20  STA $2007 = 00                  A:00 X:15 Y:07 P:24 SP:FF PPU: NOT IMPLEMENTED YET
C037  CA        DEX                             A:00 X:15 Y:07 P:24 SP:FF PPU: NOT IMPLEMENTED YET
C038  D0 FA     BNE $C034                       A:00 X:14 Y:07 P:24 SP:FF PPU: NOT IMPLEMENTED YET
C034  8D 07 20  STA $2007 = 00                  A:00 X:14 Y:07 P:24 SP:FF PPU: NOT IMPLEMENTED YET
C037  CA        DEX                             A:00 X:14 Y:07 P:24 SP:FF PPU: NOT IMPLEMENTED YET
C038  D0 FA     BNE $C034                       A:00 X:13 Y:07 P:24 SP:FF PPU: NOT IMPLEMENTED YET
C034  8D 07 20  STA $2007 = 00                  A:00 X:13 Y:07 P:24 SP:FF PPU: NOT IMPLEMENTED YET
C037  CA        DEX                             A:00 X:13 Y:07 P:24 SP:FF PPU: NOT IMPLEMENTED YET
C038  D0 FA     BNE $C034                       A:00 X:12 Y:07 P:24 SP:FF PPU: NOT IMPLEMENTED YET
C034  8D 07 20  STA $2007 = 00                  A:00 X:12 Y:07 P:24 SP:FF PPU: NOT IMPLEMENTED YET
C037  CA        DEX                             A:00 X:12 Y:07 P:24 SP:FF PPU: NOT IMPLEMENTED YET
C038  D0 FA     BNE $C034                       A:00 X:11 Y:07 P:24 SP:FF PPU: NOT IMPLEMENTED YET
C034  8D 07 20  STA $2007 = 00                  A:00 X:11 Y:07 P:24 SP:FF PPU: NOT IMPLEMENTED YET
C037  CA        DEX                             A:00 X:11 Y:07 P:24 SP:FF PPU: NOT IMPLEMENTED YET
C038  D0 FA     BNE $C034                       A:00 X:10 Y:07 P:24 SP:FF PPU: NOT IMPLEMENTED YET
C034  8D 07 20  STA $2007 = 00                  A:00 X:10 Y:07 P:24 SP:FF PPU: NOT IMPLEMENTED YET
C037  CA        DEX                             A:00 X:10 Y:07 P:24 SP:FF PPU: NOT IMPLEMENTED YET
C038  D0 FA     BNE $C034                       A:00 X:0F Y:07 P:24 SP:FF PPU: NOT IMPLEMENTED YET
C034  8D 07 20  STA $2007 = 00                  A:00 X:0F Y:07 P:24 SP:FF PPU: NOT IMPLEMENTED YET
C037  CA        DEX                             A:00 X:0F Y:07 P:24 SP:FF PPU: NOT IMPLEMENTED YET
C038  D0 FA     BNE $C034                       A:00 X:0E Y:07 P:24 SP:FF PPU: NOT IMPLEMENTED YET
C034  8D 07 20  STA $2007 = 00                  A:00 X:0E Y:07 P:24 SP:FF PPU: NOT IMPLEMENTED YET
C037  CA        DEX                             A:00 X:0E Y:07 P:24 SP:FF PPU: NOT IMPLEMENTED YET
C038  D0 FA     BNE $C034                       A:00 X:0D Y:07 P:24 SP:FF PPU: NOT IMPLEMENTED YET
C034  8D 07 20  STA $2007 = 00                  A:00 X:0D Y:07 P:24 SP:FF PPU: NOT IMPLEMENTED YET
C037  CA        DEX                             A:00 X:0D Y:07 P:24 SP:FF PPU: NOT IMPLEMENTED YET
C038  D0 FA     BNE $C034                       A:00 X:0C Y:07 P:24 SP:FF PPU: NOT IMPLEMENTED YET
C034  8D 07 20  STA $2007 = 00                  A:00 X:0C Y:07 P:24 SP:FF PPU: NOT IMPLEMENTED YET
C037  CA        DEX                             A:00 X:0C Y:07 P:24 SP:FF PPU: NOT IMPLEMENTED YET
C038  D0 FA     BNE $C034                       A:00 X:0B Y:07 P:24 SP:FF PPU: NOT IMPLEMENTED YET
C034  8D 07 20  STA $2007 = 00                  A:00 X:0B Y:07 P:24 SP:FF PPU: NOT IMPLEMENTED YET
C037  CA        DEX                             A:00 X:0B Y:07 P:24 SP:FF PPU: NOT IMPLEMENTED YET
C038  D0 FA     BNE $C034                       A:00 X:0A Y:07 P:24 SP:FF PPU: NOT IMPLEMENTED YET
C034  8D 07 20  STA $2007 = 00                  A:00 X:0A Y:07 P:24 SP:FF PPU: NOT IMPLEMENTED YET
C037  CA        DEX                             A:00 X:0A Y:07 P:24 SP:FF PPU: NOT IMPLEMENTED YET
C038  D0 FA     BNE $C034                       A:00 X:09 Y:07 P:24 SP:FF PPU: NOT IMPLEMENTED YET
C034  8D 07 20  STA $2007 = 00                  A:00 X:09 Y:07 P:24 SP:FF PPU: NOT IMPLEMENTED YET
C037  CA        DEX                             A:00 X:09 Y:07 P:24 SP:FF PPU: NOT IMPLEMENTED YET
C038  D0 FA     BNE $C034                       A:00 X:08 Y:07 P:24 SP:FF PPU: NOT IMPLEMENTED YET
C034  8D 07 20  STA $2007 = 00                  A:00 X:08 Y:07 P:24 SP:FF PPU: NOT IMPLEMENTED YET
C037  CA        DEX                             A:00 X:08 Y:07 P:24 SP:FF PPU: NOT IMPLEMENTED YET
C038  D0 FA     BNE $C034                       A:00 X:07 Y:07 P:24 SP:FF PPU: NOT IMPLEMENTED YET
C034  8D 07 20  STA $2007 = 00                  A:00 X:07 Y:07 P:24 SP:FF PPU: NOT IMPLEMENTED YET
C037  CA        DEX                             A:00 X:07 Y:07 P:24 SP:FF PPU: NOT IMPLEMENTED YET
C038  D0 FA     BNE $C034                       A:00 X:06 Y:07 P:24 SP:FF PPU: NOT IMPLEMENTED YET
C034  8D 07 20  STA $2007 = 00                  A:00 X:06 Y:07 P:24 SP:FF PPU: NOT IMPLEMENTED YET
C037  CA        DEX                             A:00 X:06 Y:07 P:24 SP:FF PPU: NOT IMPLEMENTED YET
C038  D0 FA     BNE $C034                       A:00 X:05 Y:07 P:24 SP:FF PPU: NOT IMPLEMENTED YET
C034  8D 07 20  STA $2007 = 00                  A:00 X:05 Y:07 P:24 SP:FF PPU: NOT IMPLEMENTED YET
C037  CA        DEX                             A:00 X:05 Y:07 P:24 SP:FF PPU: NOT IMPLEMENTED YET
C038  D0 FA     BNE $C034                       A:00 X:04 Y:07 P:24 SP:FF PPU: NOT IMPLEMENTED YET
C034  8D 07 20  STA $2007 = 00                  A:00 X:04 Y:07 P:24 SP:FF PPU: NOT IMPLEMENTED YET
C037  CA        DEX                             A:00 X:04 Y:07 P:24 SP:FF PPU: NOT IMPLEMENTED YET
C038  D0 FA     BNE $C034                       A:00 X:03 Y:07 P:24 SP:FF PPU: NOT IMPLEMENTED YET
C034  8D 07 20  STA $2007 = 00                  A:00 X:03 Y:07 P:24 SP:FF PPU: NOT IMPLEMENTED YET
C037  CA        DEX                             A:00 X:03 Y:07 P:24 SP:FF PPU: NOT IMPLEMENTED YET
C038  D0 FA     BNE $C034                       A:00 X:02 Y:07 P:24 SP:FF PPU: NOT IMPLEMENTED YET
C034  8D 07 20  STA $2007 = 00                  A:00 X:02 Y:07 P:24 SP:FF PPU: NOT IMPLEMENTED YET
C037  CA        DEX                             A:00 X:02 Y:07 P:24 SP:FF PPU: NOT IMPLEMENTED YET
C038  D0 FA     BNE $C034                       A:00 X:01 Y:07 P:24 SP:FF PPU: NOT IMPLEMENTED YET
C034  8D 07 20  STA $2007 = 00                  A:00 X:01 Y:07 P:24 SP:FF PPU: NOT IMPLEMENTED YET
C037  CA        DEX                             A:00 X:01 Y:07 P:24 SP:FF PPU: NOT IMPLEMENTED YET
C038  D0 FA     BNE $C034                       A:00 X:00 Y:07 P:26 SP:FF PPU: NOT IMPLEMENTED YET
C03A  88        DEY                             A:00 X:00 Y:07 P:26 SP:FF PPU: NOT IMPLEMENTED YET
C03B  D0 F7     BNE $C034                       A:00 X:00 Y:06 P:24 SP:FF PPU: NOT IMPLEMENTED YET
C034  8D 07 20  STA $2007 = 00                  A:00 X:00 Y:06 P:24 SP:FF PPU: NOT IMPLEMENTED YET
C037  CA        DEX                             A:00 X:00 Y:06 P:24 SP:FF PPU: NOT IMPLEMENTED YET
C038  D0 FA     BNE $C034                       A:00 X:FF Y:06 P:A4 SP:FF PPU: NOT IMPLEMENTED YET
C034  8D 07 20  STA $2007 = 00                  A:00 X:FF Y:06 P:A4 SP:FF PPU: NOT IMPLEMENTED YET
C037  CA        DEX                             A:00 X:FF Y:06 P:A4 SP:FF PPU: NOT IMPLEMENTED YET
C038  D0 FA     BNE $C034                       A:00 X:FE Y:06 P:A4 SP:FF PPU: NOT IMPLEMENTED YET
C034  8D 07 20  STA $2007 = 00                  A:00 X:FE Y:06 P:A4 SP:FF PPU: NOT IMPLEMENTED YET
C037  CA        DEX                             A:00 X:FE Y:06 P:A4 SP:FF PPU: NOT IMPLEMENTED YET
C038  D0 FA     BNE $C034                       A:00 X:FD Y:06 P:A4 SP:FF PPU: NOT IMPLEMENTED YET
C034  8D 07 20  STA $2007 = 00                  A:00 X:FD Y:06 P:A4 SP:FF PPU: NOT IMPLEMENTED YET
C037  CA        DEX                             A:00 X:FD Y:06 P:A4 SP:FF PPU: NOT IMPLEMENTED YET
C038  D0 FA     BNE $C034                       A:00 X:FC Y:06 P:A4 SP:FF PPU: NOT IMPLEMENTED YET
C034  8D 07 20  STA $2007 = 00                  A:00 X:FC Y:06 P:A4 SP:FF PPU: NOT IMPLEMENTED YET
C037  CA        DEX                             A:00 X:FC Y:06 P:A4 SP:FF PPU: NOT IMPLEMENTED YET
C038  D0 FA     BNE $C034                       A:00 X:FB Y:06 P:A4 SP:FF PPU: NOT IMPLEMENTED YET
C034  8D 07 20  STA $2007 = 00                  A:00 X:FB Y:06 P:A4 SP:FF PPU: NOT IMPLEMENTED YET
C037  CA        DEX                             A:00 X:FB Y:06 P:A4 SP:FF PPU: NOT IMPLEMENTED YET
C038  D0 FA     BNE $C034                       A:00 X:FA Y:06 P:A4 SP:FF PPU: NOT IMPLEMENTED YET
C034  8D 07 20  STA $2007 = 00                  A:00 X:FA Y:06 P:A4 SP:FF PPU: NOT IMPLEMENTED YET
C037  CA        DEX                             A:00 X:FA Y:06 P:A4 SP:FF PPU: NOT IMPLEMENTED YET
C038  D0 FA     BNE $C034                       A:00 X:F9 Y:06 P:A4 SP:FF PPU: NOT IMPLEMENTED YET
C034  8D 07 20  STA $2007 = 00                  A:00 X:F9 Y:06 P:A4 SP:FF PPU: NOT IMPLEMENTED YET
C037  CA        DEX                             A:00 X:F9 Y:06 P:A4 SP:FF PPU: NOT IMPLEMENTED YET
C038  D0 FA     BNE $C034                       A:00 X:F8 Y:06 P:A4 SP:FF PPU: NOT IMPLEMENTED YET
C034  8D 07 20  STA $2007 = 00                  A:00 X:F8 Y:06 P:A4 SP:FF PPU: NOT IMPLEMENTED YET
C037  CA        DEX                             A:00 X:F8 Y:06 P:A4 SP:FF PPU: NOT IMPLEMENTED YET
C038  D0 FA     BNE $C034                       A:00 X:F7 Y:06 P:A4 SP:FF PPU: NOT IMPLEMENTED YET
C034  8D 07 20  STA $2007 = 00                  A:00 X:F7 Y:06 P:A4 SP:FF PPU: NOT IMPLEMENTED YET
C037  CA        DEX                             A:00 X:F7 Y:06 P:A4 SP:FF PPU: NOT IMPLEMENTED YET
C038  D0 FA     BNE $C034                       A:00 X:F6 Y:06 P:A4 SP:FF PPU: NOT IMPLEMENTED YET
C034  8D 07 20  STA $2007 = 00                  A:00 X:F6 Y:06 P:A4 SP:FF PPU: NOT IMPLEMENTED YET
C037  CA        DEX                             A:00 X:F6 Y:06 P:A4 SP:FF PPU: NOT IMPLEMENTED YET
C038  D0 FA     BNE $C034                       A:00 X:F5 Y:06 P:A4 SP:FF PPU: NOT IMPLEMENTED YET
C034  8D 07 20  STA $2007 = 00                  A:00 X:F5 Y:06 P:A4 SP:FF PPU: NOT IMPLEMENTED YET
C037  CA        DEX                             A:00 X:F5 Y:06 P:A4 SP:FF PPU: NOT IMPLEMENTED YET
C038  D0 FA     BNE $C034                       A:00 X:F4 Y:06 P:A4 SP:FF PPU: NOT IMPLEMENTED YET
C034  8D 07 20  STA $2007 = 00                  A:00 X:F4 Y:06 P:A4 SP:FF PPU: NOT IMPLEMENTED YET
C037  CA        DEX                             A:00 X:F4 Y:06 P:A4 SP:FF PPU: NOT IMPLEMENTED YET
C038  D0 FA     BNE $C034                       A:00 X:F3 Y:06 P:A4 SP:FF PPU: NOT IMPLEMENTED YET
C034  8D 07 20  STA $2007 = 00                  A:00 X:F3 Y:06 P:A4 SP:FF PPU: NOT IMPLEMENTED YET
C037  CA        DEX                             A:00 X:F3 Y:06 P:A4 SP:FF PPU: NOT IMPLEMENTED YET
C038  D0 FA     BNE $C034                       A:00 X:F2 Y:06 P:A4 SP:FF PPU: NOT IMPLEMENTED YET
C034  8D 07 20  STA $2007 = 00                  A:00 X:F2 Y:06 P:A4 SP:FF PPU: NOT IMPLEMENTED YET
C037  CA        DEX                             A:00 X:F2 Y:06 P:A4 SP:FF PPU: NOT IMPLEMENTED YET
C038  D0 FA     BNE $C034                       A:00 X:F1 Y:06 P:A4 SP:FF PPU: NOT IMPLEMENTED YET
C034  8D 07 20  STA $2007 = 00                  A:00 X:F1 Y:06 P:A4 SP:FF PPU: NOT IMPLEMENTED YET
C037  CA        DEX                             A:00 X:F1 Y:06 P:A4 SP:FF PPU: NOT IMPLEMENTED YET
C038  D0 FA     BNE $C034                       A:00 X:F0 Y:06 P:A4 SP:FF PPU: NOT IMPLEMENTED YET
C034  8D 07 20  STA $2007 = 00                  A:00 X:F0 Y:06 P:A4 SP:FF PPU: NOT IMPLEMENTED YET
C037  CA        DEX                             A:00 X:F0 Y:06 P:A4 SP:FF PPU: NOT IMPLEMENTED YET
C038  D0 FA     BNE $C034                       A:00 X:EF Y:06 P:A4 SP:FF PPU: NOT IMPLEMENTED YET
C034  8D 07 20  STA $2007 = 00                  A:00 X:EF Y:06 P:A4 SP:FF PPU: NOT IMPLEMENTED YET
C037  CA        DEX                             A:00 X:EF Y:06 P:A4 SP:FF PPU: NOT IMPLEMENTED YET
C038  D0 FA     BNE $C034                       A:00 X:EE Y:06 P:A4 SP:FF PPU: NOT IMPLEMENTED YET
C034  8D 07 20  STA $2007 = 00                  A:00 X:EE Y:06 P:A4 SP:FF PPU: NOT IMPLEMENTED YET
C037  CA        DEX                             A:00 X:EE Y:06 P:A4 SP:FF PPU: NOT IMPLEMENTED YET
C038  D0 FA     BNE $C034                       A:00 X:ED Y:06 P:A4 SP:FF PPU: NOT IMPLEMENTED YET
C034  8D 07 20  STA $2007 = 00                  A:00 X:ED Y:06 P:A4 SP:FF PPU: NOT IMPLEMENTED YET
C037  CA        DEX                             A:00 X:ED Y:06 P:A4 SP:FF PPU: NOT IMPLEMENTED YET
C038  D0 FA     BNE $C034                       A:00 X:EC Y:06 P:A4 SP:FF PPU: NOT IMPLEMENTED YET
C034  8D 07 20  STA $2007 = 00                  A:00 X:EC Y:06 P:A4 SP:FF PPU: NOT IMPLEMENTED YET
C037  CA        DEX                             A:00 X:EC Y:06 P:A4 SP:FF PPU: NOT IMPLEMENTED YET
C038  D0 FA     BNE $C034                       A:00 X:EB Y:06 P:A4 SP:FF PPU: NOT IMPLEMENTED YET
C034  8D 07 20  STA $2007 = 00                  A:00 X:EB Y:06 P:A4 SP:FF PPU: NOT IMPLEMENTED YET
C037  CA        DEX                             A:00 X:EB Y:06 P:A4 SP:FF PPU: NOT IMPLEMENTED YET
C038  D0 FA     BNE $C034                       A:00 X:EA Y:06 P:A4 SP:FF PPU: NOT IMPLEMENTED YET
C034  8D 07 20  STA $2007 = 00                  A:00 X:EA Y:06 P:A4 SP:FF PPU: NOT IMPLEMENTED YET
C037  CA        DEX                             A:00 X:EA Y:06 P:A4 SP:FF PPU: NOT IMPLEMENTED YET
C038  D0 FA     BNE $C034                       A:00 X:E9 Y:06 P:A4 SP:FF PPU: NOT IMPLEMENTED YET
C034  8D 07 20  STA $2007 = 00                  A:00 X:E9 Y:06 P:A4 SP:FF PPU: NOT IMPLEMENTED YET
C037  CA        DEX                             A:00 X:E9 Y:06 P:A4 SP:FF PPU: NOT IMPLEMENTED YET
C038  D0 FA     BNE $C034                       A:00 X:E8 Y:06 P:A4 SP:FF PPU: NOT IMPLEMENTED YET
C034  8D 07 20  STA $2007 = 00                  A:00 X:E8 Y:06 P:A4 SP:FF PPU: NOT IMPLEMENTED YET
C037  CA        DEX                             A:00 X:E8 Y:06 P:A4 SP:FF PPU: NOT IMPLEMENTED YET
C038  D0 FA     BNE $C034                       A:00 X:E7 Y:06 P:A4 SP:FF PPU: NOT IMPLEMENTED YET
C034  8D 07 20  STA $2007 = 00                  A:00 X:E7 Y:06 P:A4 SP:FF PPU: NOT IMPLEMENTED YET
C037  CA        DEX                             A:00 X:E7 Y:06 P:A4 SP:FF PPU: NOT IMPLEMENTED YET
C038  D0 FA     BNE $C034                       A:00 X:E6 Y:06 P:A4 SP:FF PPU: NOT IMPLEMENTED YET
C034  8D 07 20  STA $2007 = 00                  A:00 X:E6 Y:06 P:A4 SP:FF PPU: NOT IMPLEMENTED YET
C037  CA        DEX                             A:00 X:E6 Y:06 P:A4 SP:FF PPU: NOT IMPLEMENTED YET
C038  D0 FA     BNE $C034                       A:00 X:E5 Y:06 P:A4 SP:FF PPU: NOT IMPLEMENTED YET
C034  8D 07 20  STA $2007 = 00                  A:00 X:E5 Y:06 P:A4 SP:FF PPU: NOT IMPLEMENTED YET
C037  CA        DEX                             A:00 X:E5 Y:06 P:A4 SP:FF PPU: NOT IMPLEMENTED YET
C038  D0 FA     BNE $C034                       A:00 X:E4 Y:06 P:A4 SP:FF PPU: NOT IMPLEMENTED YET
C034  8D 07 20  STA $2007 = 00                  A:00 X:E4 Y:06 P:A4 SP:FF PPU: NOT IMPLEMENTED YET
C037  CA        DEX                             A:00 X:E4 Y:06 P:A4 SP:FF PPU: NOT IMPLEMENTED YET
C038  D0 FA     BNE $C034                       A:00 X:E3 Y:06 P:A4 SP:FF PPU: NOT IMPLEMENTED YET
C034  8D 07 20  STA $2007 = 00                  A:00 X:E3 Y:06 P:A4 SP:FF PPU: NOT IMPLEMENTED YET
C037  CA        DEX                             A:00 X:E3 Y:06 P:A4 SP:FF PPU: NOT IMPLEMENTED YET
C038  D0 FA     BNE $C034                       A:00 X:E2 Y:06 P:A4 SP:FF PPU: NOT IMPLEMENTED YET
C034  8D 07 20  STA $2007 = 00                  A:00 X:E2 Y:06 P:A4 SP:FF PPU: NOT IMPLEMENTED YET
C037  CA        DEX                             A:00 X:E2 Y:06 P:A4 SP:FF PPU: NOT IMPLEMENTED YET
C038  D0 FA     BNE $C034                       A:00 X:E1 Y:06 P:A4 SP:FF PPU: NOT IMPLEMENTED YET
C034  8D 07 20  STA $2007 = 00                  A:00 X:E1 Y:06 P:A4 SP:FF PPU: NOT IMPLEMENTED YET
C037  CA        DEX                             A:00 X:E1 Y:06 P:A4 SP:FF PPU: NOT IMPLEMENTED YET
C038  D0 FA     BNE $C034                       A:00 X:E0 Y:06 P:A4 SP:FF PPU: NOT IMPLEMENTED YET
C034  8D 07 20  STA $2007 = 00                  A:00 X:E0 Y:06 P:A4 SP:FF PPU: NOT IMPLEMENTED YET
C037  CA        DEX                             A:00 X:E0 Y:06 P:A4 SP:FF PPU: NOT IMPLEMENTED YET
C038  D0 FA     BNE $C034                       A:00 X:DF Y:06 P:A4 SP:FF PPU: NOT IMPLEMENTED YET
C034  8D 07 20  STA $2007 = 00                  A:00 X:DF Y:06 P:A4 SP:FF PPU: NOT IMPLEMENTED YET
C037  CA        DEX                             A:00 X:DF Y:06 P:A4 SP:FF PPU: NOT IMPLEMENTED YET
C038  D0 FA     BNE $C034                       A:00 X:DE Y:06 P:A4 SP:FF PPU: NOT IMPLEMENTED YET
C034  8D 07 20  STA $2007 = 00                  A:00 X:DE Y:06 P:A4 SP:FF PPU: NOT IMPLEMENTED YET
C037  CA        DEX                             A:00 X:DE Y:06 P:A4 SP:FF PPU: NOT IMPLEMENTED YET
C038  D0 FA     BNE $C034                       A:00 X:DD Y:06 P:A4 SP:FF PPU: NOT IMPLEMENTED YET
C034  8D 07 20  STA $2007 = 00                  A:00 X:DD Y:06 P:A4 SP:FF PPU: NOT IMPLEMENTED YET
C037  CA        DEX                             A:00 X:DD Y:06 P:A4 SP:FF PPU: NOT IMPLEMENTED YET
C038  D0 FA     BNE $C034                       A:00 X:DC Y:06 P:A4 SP:FF PPU: NOT IMPLEMENTED YET
C034  8D 07 20  STA $2007 = 00                  A:00 X:DC Y:06 P:A4 SP:FF PPU: NOT IMPLEMENTED YET
C037  CA        DEX                             A:00 X:DC Y:06 P:A4 SP:FF PPU: NOT IMPLEMENTED YET
C038  D0 FA     BNE $C034                       A:00 X:DB Y:06 P:A4 SP:FF PPU: NOT IMPLEMENTED YET
C034  8D 07 20  STA $2007 = 00                  A:00 X:DB Y:06 P:A4 SP:FF PPU: NOT IMPLEMENTED YET
C037  CA        DEX                             A:00 X:DB Y:06 P:A4 SP:FF PPU: NOT IMPLEMENTED YET
C038  D0 FA     BNE $C034                       A:00 X:DA Y:06 P:A4 SP:FF PPU: NOT IMPLEMENTED YET
C034  8D 07 20  STA $2007 = 00                  A:00 X:DA Y:06 P:A4 SP:FF PPU: NOT IMPLEMENTED YET
C037  CA        DEX                             A:00 X:DA Y:06 P:A4 SP:FF PPU: NOT IMPLEMENTED YET
C038  D0 FA     BNE $C034                       A:00 X:D9 Y:06 P:A4 SP:FF PPU: NOT IMPLEMENTED YET
C034  8D 07 20  STA $2007 = 00                  A:00 X:D9 Y:06 P:A4 SP:FF PPU: NOT IMPLEMENTED YET
C037  CA        DEX                             A:00 X:D9 Y:06 P:A4 SP:FF PPU: NOT IMPLEMENTED YET
C038  D0 FA     BNE $C034                       A:00 X:D8 Y:06 P:A4 SP:FF PPU: NOT IMPLEMENTED YET
C034  8D 07 20  STA $2007 = 00                  A:00 X:D8 Y:06 P:A4 SP:FF PPU: NOT IMPLEMENTED YET
C037  CA        DEX                             A:00 X:D8 Y:06 P:A4 SP:FF PPU: NOT IMPLEMENTED YET
C038  D0 FA     BNE $C034                       A:00 X:D7 Y:06 P:A4 SP:FF PPU: NOT IMPLEMENTED YET
C034  8D 07 20  STA $2007 = 00                  A:00 X:D7 Y:06 P:A4 SP:FF PPU: NOT IMPLEMENTED YET
C037  CA        DEX                             A:00 X:D7 Y:06 P:A4 SP:FF PPU: NOT IMPLEMENTED YET
C038  D0 FA     BNE $C034                       A:00 X:D6 Y:06 P:A4 SP:FF PPU: NOT IMPLEMENTED YET
C034  8D 07 20  STA $2007 = 00                  A:00 X:D6 Y:06 P:A4 SP:FF PPU: NOT IMPLEMENTED YET
C037  CA        DEX                             A:00 X:D6 Y:06 P:A4 SP:FF PPU: NOT IMPLEMENTED YET
C038  D0 FA     BNE $C034                       A:00 X:D5 Y:06 P:A4 SP:FF PPU: NOT IMPLEMENTED YET
C034  8D 07 20  STA $2007 = 00                  A:00 X:D5 Y:06 P:A4 SP:FF PPU: NOT IMPLEMENTED YET
C037  CA        DEX                             A:00 X:D5 Y:06 P:A4 SP:FF PPU: NOT IMPLEMENTED YET
C038  D0 FA     BNE $C034                       A:00 X:D4 Y:06 P:A4 SP:FF PPU: NOT IMPLEMENTED YET
C034  8D 07 20  STA $2007 = 00                  A:00 X:D4 Y:06 P:A4 SP:FF PPU: NOT IMPLEMENTED YET
C037  CA        DEX                             A:00 X:D4 Y:06 P:A4 SP:FF PPU: NOT IMPLEMENTED YET
C038  D0 FA     BNE $C034                       A:00 X:D3 Y:06 P:A4 SP:FF PPU: NOT IMPLEMENTED YET
C034  8D 07 20  STA $2007 = 00                  A:00 X:D3 Y:06 P:A4 SP:FF PPU: NOT IMPLEMENTED YET
C037  CA        DEX                             A:00 X:D3 Y:06 P:A4 SP:FF PPU: NOT IMPLEMENTED YET
C038  D0 FA     BNE $C034                       A:00 X:D2 Y:06 P:A4 SP:FF PPU: NOT IMPLEMENTED YET
C034  8D 07 20  STA $2007 = 00                  A:00 X:D2 Y:06 P:A4 SP:FF PPU: NOT IMPLEMENTED YET
C037  CA        DEX                             A:00 X:D2 Y:06 P:A4 SP:FF PPU: NOT IMPLEMENTED YET
C038  D0 FA     BNE $C034                       A:00 X:D1 Y:06 P:A4 SP:FF PPU: NOT IMPLEMENTED YET
C034  8D 07 20  STA $2007 = 00                  A:00 X:D1 Y:06 P:A4 SP:FF PPU: NOT IMPLEMENTED YET
C037  CA        DEX                             A:00 X:D1 Y:06 P:A4 SP:FF PPU: NOT IMPLEMENTED YET
C038  D0 FA     BNE $C034                       A:00 X:D0 Y:06 P:A4 SP:FF PPU: NOT IMPLEMENTED YET
C034  8D 07 20  STA $2007 = 00                  A:00 X:D0 Y:06 P:A4 SP:FF PPU: NOT IMPLEMENTED YET
C037  CA        DEX                             A:00 X:D0 Y:06 P:A4 SP:FF PPU: NOT IMPLEMENTED YET
C038  D0 FA     BNE $C034                       A:00 X:CF Y:06 P:A4 SP:FF PPU: NOT IMPLEMENTED YET
C034  8D 07 20  STA $2007 = 00                  A:00 X:CF Y:06 P:A4 SP:FF PPU: NOT IMPLEMENTED YET
C037  CA        DEX                             A:00 X:CF Y:06 P:A4 SP:FF PPU: NOT IMPLEMENTED YET
C038  D0 FA     BNE $C034                       A:00 X:CE Y:06 P:A4 SP:FF PPU: NOT IMPLEMENTED YET
C034  8D 07 20  STA $2007 = 00                  A:00 X:CE Y:06 P:A4 SP:FF PPU: NOT IMPLEMENTED YET
C037  CA        DEX                             A:00 X:CE Y:06 P:A4 SP:FF PPU: NOT IMPLEMENTED YET
C038  D0 FA     BNE $C034                       A:00 X:CD Y:06 P:A4 SP:FF PPU: NOT IMPLEMENTED YET
C034  8D 07 20  STA $2007 = 00                  A:00 X:CD Y:06 P:A4 SP:FF PPU: NOT IMPLEMENTED YET
C037  CA        DEX                             A:00 X:CD Y:06 P:A4 SP:FF PPU: NOT IMPLEMENTED YET
C038  D0 FA     BNE $C034                       A:00 X:CC Y:06 P:A4 SP:FF PPU: NOT IMPLEMENTED YET
C034  8D 07 20  STA $2007 = 00                  A:00 X:CC Y:06 P:A4 SP:FF PPU: NOT IMPLEMENTED YET
C037  CA        DEX                             A:00 X:CC Y:06 P:A4 SP:FF PPU: NOT IMPLEMENTED YET
C038  D0 FA     BNE $C034                       A:00 X:CB Y:06 P:A4 SP:FF PPU: NOT IMPLEMENTED YET
C034  8D 07 20  STA $2007 = 00                  A:00 X:CB Y:06 P:A4 SP:FF PPU: NOT IMPLEMENTED YET
C037  CA        DEX                             A:00 X:CB Y:06 P:A4 SP:FF PPU: NOT IMPLEMENTED YET
C038  D0 FA     BNE $C034                       A:00 X:CA Y:06 P:A4 SP:FF PPU: NOT IMPLEMENTED YET
C034  8D 07 20  STA $2007 = 00                  A:00 X:CA Y:06 P:A4 SP:FF PPU: NOT IMPLEMENTED YET
C037  CA        DEX                             A:00 X:CA Y:06 P:A4 SP:FF PPU: NOT IMPLEMENTED YET
C038  D0 FA     BNE $C034                       A:00 X:C9 Y:06 P:A4 SP:FF PPU: NOT IMPLEMENTED YET
C034  8D 07 20  STA $2007 = 00                  A:00 X:C9 Y:06 P:A4 SP:FF PPU: NOT IMPLEMENTED YET
C037  CA        DEX                             A:00 X:C9 Y:06 P:A4 SP:FF PPU: NOT IMPLEMENTED YET
C038  D0 FA     BNE $C034                       A:00 X:C8 Y:06 P:A4 SP:FF PPU: NOT IMPLEMENTED YET
C034  8D 07 20  STA $2007 = 00                  A:00 X:C8 Y:06 P:A4 SP:FF PPU: NOT IMPLEMENTED YET
C037  CA        DEX                             A:00 X:C8 Y:06 P:A4 SP:FF PPU: NOT IMPLEMENTED YET
C038  D0 FA     BNE $C034                       A:00 X:C7 Y:06 P:A4 SP:FF PPU: NOT IMPLEMENTED YET
C034  8D 07 20  STA $2007 = 00                  A:00 X:C7 Y:06 P:A4 SP:FF PPU: NOT IMPLEMENTED YET
C037  CA        DEX                             A:00 X:C7 Y:06 P:A4 SP:FF PPU: NOT IMPLEMENTED YET
C038  D0 FA     BNE $C034                       A:00 X:C6 Y:06 P:A4 SP:FF PPU: NOT IMPLEMENTED YET
C034  8D 07 20  STA $2007 = 00                  A:00 X:C6 Y:06 P:A4 SP:FF PPU: NOT IMPLEMENTED YET
C037  CA        DEX                             A:00 X:C6 Y:06 P:A4 SP:FF PPU: NOT IMPLEMENTED YET
C038  D0 FA     BNE $C034                       A:00 X:C5 Y:06 P:A4 SP:FF PPU: NOT IMPLEMENTED YET
C034  8D 07 20  STA $2007 = 00                  A:00 X:C5 Y:06 P:A4 SP:FF PPU: NOT IMPLEMENTED YET
C037  CA        DEX                             A:00 X:C5 Y:06 P:A4 SP:FF PPU: NOT IMPLEMENTED YET
C038  D0 FA     BNE $C034                       A:00 X:C4 Y:06 P:A4 SP:FF PPU: NOT IMPLEMENTED YET
C034  8D 07 20  STA $2007 = 00                  A:00 X:C4 Y:06 P:A4 SP:FF PPU: NOT IMPLEMENTED YET
C037  CA        DEX                             A:00 X:C4 Y:06 P:A4 SP:FF PPU: NOT IMPLEMENTED YET
C038  D0 FA     BNE $C034                       A:00 X:C3 Y:06 P:A4 SP:FF PPU: NOT IMPLEMENTED YET
C034  8D 07 20  STA $2007 = 00                  A:00 X:C3 Y:06 P:A4 SP:FF PPU: NOT IMPLEMENTED YET
C037  CA        DEX                             A:00 X:C3 Y:06 P:A4 SP:FF PPU: NOT IMPLEMENTED YET
C038  D0 FA     BNE $C034                       A:00 X:C2 Y:06 P:A4 SP:FF PPU: NOT IMPLEMENTED YET
C034  8D 07 20  STA $2007 = 00                  A:00 X:C2 Y:06 P:A4 SP:FF PPU: NOT IMPLEMENTED YET
C037  CA        DEX                             A:00 X:C2 Y:06 P:A4 SP:FF PPU: NOT IMPLEMENTED YET
C038  D0 FA     BNE $C034                       A:00 X:C1 Y:06 P:A4 SP:FF PPU: NOT IMPLEMENTED YET
C034  8D 07 20  STA $2007 = 00                  A:00 X:C1 Y:06 P:A4 SP:FF PPU: NOT IMPLEMENTED YET
C037  CA        DEX                             A:00 X:C1 Y:06 P:A4 SP:FF PPU: NOT IMPLEMENTED YET
C038  D0 FA     BNE $C034                       A:00 X:C0 Y:06 P:A4 SP:FF PPU: NOT IMPLEMENTED YET
C034  8D 07 20  STA $2007 = 00                  A:00 X:C0 Y:06 P:A4 SP:FF PPU: NOT IMPLEMENTED YET
C037  CA        DEX                             A:00 X:C0 Y:06 P:A4 SP:FF PPU: NOT IMPLEMENTED YET
C038  D0 FA     BNE $C034                       A:00 X:BF Y:06 P:A4 SP:FF PPU: NOT IMPLEMENTED YET
C034  8D 07 20  STA $2007 = 00                  A:00 X:BF Y:06 P:A4 SP:FF PPU: NOT IMPLEMENTED YET
C037  CA        DEX                             A:00 X:BF Y:06 P:A4 SP:FF PPU: NOT IMPLEMENTED YET
C038  D0 FA     BNE $C034                       A:00 X:BE Y:06 P:A4 SP:FF PPU: NOT IMPLEMENTED YET
C034  8D 07 20  STA $2007 = 00                  A:00 X:BE Y:06 P:A4 SP:FF PPU: NOT IMPLEMENTED YET
C037  CA        DEX                             A:00 X:BE Y:06 P:A4 SP:FF PPU: NOT IMPLEMENTED YET
C038  D0 FA     BNE $C034                       A:00 X:BD Y:06 P:A4 SP:FF PPU: NOT IMPLEMENTED YET
C034  8D 07 20  STA $2007 = 00                  A:00 X:BD Y:06 P:A4 SP:FF PPU: NOT IMPLEMENTED YET
C037  CA        DEX                             A:00 X:BD Y:06 P:A4 SP:FF PPU: NOT IMPLEMENTED YET
C038  D0 FA     BNE $C034                       A:00 X:BC Y:06 P:A4 SP:FF PPU: NOT IMPLEMENTED YET
C034  8D 07 20  STA $2007 = 00                  A:00 X:BC Y:06 P:A4 SP:FF PPU: NOT IMPLEMENTED YET
C037  CA        DEX                             A:00 X:BC Y:06 P:A4 SP:FF PPU: NOT IMPLEMENTED YET
C038  D0 FA     BNE $C034                       A:00 X:BB Y:06 P:A4 SP:FF PPU: NOT IMPLEMENTED YET
C034  8D 07 20  STA $2007 = 00                  A:00 X:BB Y:06 P:A4 SP:FF PPU: NOT IMPLEMENTED YET
C037  CA        DEX                             A:00 X:BB Y:06 P:A4 SP:FF PPU: NOT IMPLEMENTED YET
C038  D0 FA     BNE $C034                       A:00 X:BA Y:06 P:A4 SP:FF PPU: NOT IMPLEMENTED YET
C034  8D 07 20  STA $2007 = 00                  A:00 X:BA Y:06 P:A4 SP:FF PPU: NOT IMPLEMENTED YET
C037  CA        DEX                             A:00 X:BA Y:06 P:A4 SP:FF PPU: NOT IMPLEMENTED YET
C038  D0 FA     BNE $C034                       A:00 X:B9 Y:06 P:A4 SP:FF PPU: NOT IMPLEMENTED YET
C034  8D 07 20  STA $2007 = 00                  A:00 X:B9 Y:06 P:A4 SP:FF PPU: NOT IMPLEMENTED YET
C037  CA        DEX                             A:00 X:B9 Y:06 P:A4 SP:FF PPU: NOT IMPLEMENTED YET
C038  D0 FA     BNE $C034                       A:00 X:B8 Y:06 P:A4 SP:FF PPU: NOT IMPLEMENTED YET
C034  8D 07 20  STA $2007 = 00                  A:00 X:B8 Y:06 P:A4 SP:FF PPU: NOT IMPLEMENTED YET
C037  CA        DEX                             A:00 X:B8 Y:06 P:A4 SP:FF PPU: NOT IMPLEMENTED YET
C038  D0 FA     BNE $C034                       A:00 X:B7 Y:06 P:A4 SP:FF PPU: NOT IMPLEMENTED YET
C034  8D 07 20  STA $2007 = 00                  A:00 X:B7 Y:06 P:A4 SP:FF PPU: NOT IMPLEMENTED YET
C037  CA        DEX                             A:00 X:B7 Y:06 P:A4 SP:FF PPU: NOT IMPLEMENTED YET
C038  D0 FA     BNE $C034                       A:00 X:B6 Y:06 P:A4 SP:FF PPU: NOT IMPLEMENTED YET
C034  8D 07 20  STA $2007 = 00                  A:00 X:B6 Y:06 P:A4 SP:FF PPU: NOT IMPLEMENTED YET
C037  CA        DEX                             A:00 X:B6 Y:06 P:A4 SP:FF PPU: NOT IMPLEMENTED YET
C038  D0 FA     BNE $C034                       A:00 X:B5 Y:06 P:A4 SP:FF PPU: NOT IMPLEMENTED YET
C034  8D 07 20  STA $2007 = 00                  A:00 X:B5 Y:06 P:A4 SP:FF PPU: NOT IMPLEMENTED YET
C037  CA        DEX                             A:00 X:B5 Y:06 P:A4 SP:FF PPU: NOT IMPLEMENTED YET
C038  D0 FA     BNE $C034                       A:00 X:B4 Y:06 P:A4 SP:FF PPU: NOT IMPLEMENTED YET
C034  8D 07 20  STA $2007 = 00                  A:00 X:B4 Y:06 P:A4 SP:FF PPU: NOT IMPLEMENTED YET
C037  CA        DEX                             A:00 X:B4 Y:06 P:A4 SP:FF PPU: NOT IMPLEMENTED YET
C038  D0 FA     BNE $C034                       A:00 X:B3 Y:06 P:A4 SP:FF PPU: NOT IMPLEMENTED YET
C034  8D 07 20  STA $2007 = 00                  A:00 X:B3 Y:06 P:A4 SP:FF PPU: NOT IMPLEMENTED YET
C037  CA        DEX                             A:00 X:B3 Y:06 P:A4 SP:FF PPU: NOT IMPLEMENTED YET
C038  D0 FA     BNE $C034                       A:00 X:B2 Y:06 P:A4 SP:FF PPU: NOT IMPLEMENTED YET
C034  8D 07 20  STA $2007 = 00                  A:00 X:B2 Y:06 P:A4 SP:FF PPU: NOT IMPLEMENTED YET
C037  CA        DEX                             A:00 X:B2 Y:06 P:A4 SP:FF PPU: NOT IMPLEMENTED YET
C038  D0 FA     BNE $C034                       A:00 X:B1 Y:06 P:A4 SP:FF PPU: NOT IMPLEMENTED YET
C034  8D 07 20  STA $2007 = 00                  A:00 X:B1 Y:06 P:A4 SP:FF PPU: NOT IMPLEMENTED YET
C037  CA        DEX                             A:00 X:B1 Y:06 P:A4 SP:FF PPU: NOT IMPLEMENTED YET
C038  D0 FA     BNE $C034                       A:00 X:B0 Y:06 P:A4 SP:FF PPU: NOT IMPLEMENTED YET
C034  8D 07 20  STA $2007 = 00                  A:00 X:B0 Y:06 P:A4 SP:FF PPU: NOT IMPLEMENTED YET
C037  CA        DEX                             A:00 X:B0 Y:06 P:A4 SP:FF PPU: NOT IMPLEMENTED YET
C038  D0 FA     BNE $C034                       A:00 X:AF Y:06 P:A4 SP:FF PPU: NOT IMPLEMENTED YET
C034  8D 07 20  STA $2007 = 00                  A:00 X:AF Y:06 P:A4 SP:FF PPU: NOT IMPLEMENTED YET
C037  CA        DEX                             A:00 X:AF Y:06 P:A4 SP:FF PPU: NOT IMPLEMENTED YET
C038  D0 FA     BNE $C034                       A:00 X:AE Y:06 P:A4 SP:FF PPU: NOT IMPLEMENTED YET
C034  8D 07 20  STA $2007 = 00                  A:00 X:AE Y:06 P:A4 SP:FF PPU: NOT IMPLEMENTED YET
C037  CA        DEX                             A:00 X:AE Y:06 P:A4 SP:FF PPU: NOT IMPLEMENTED YET
C038  D0 FA     BNE $C034                       A:00 X:AD Y:06 P:A4 SP:FF PPU: NOT IMPLEMENTED YET
C034  8D 07 20  STA $2007 = 00                  A:00 X:AD Y:06 P:A4 SP:FF PPU: NOT IMPLEMENTED YET
C037  CA        DEX                             A:00 X:AD Y:06 P:A4 SP:FF PPU: NOT IMPLEMENTED YET
C038  D0 FA     BNE $C034                       A:00 X:AC Y:06 P:A4 SP:FF PPU: NOT IMPLEMENTED YET
C034  8D 07 20  STA $2007 = 00                  A:00 X:AC Y:06 P:A4 SP:FF PPU: NOT IMPLEMENTED YET
C037  CA        DEX                             A:00 X:AC Y:06 P:A4 SP:FF PPU: NOT IMPLEMENTED YET
C038  D0 FA     BNE $C034                       A:00 X:AB Y:06 P:A4 SP:FF PPU: NOT IMPLEMENTED YET
C034  8D 07 20  STA $2007 = 00                  A:00 X:AB Y:06 P:A4 SP:FF PPU: NOT IMPLEMENTED YET
C037  CA        DEX                             A:00 X:AB Y:06 P:A4 SP:FF PPU: NOT IMPLEMENTED YET
C038  D0 FA     BNE $C034                       A:00 X:AA Y:06 P:A4 SP:FF PPU: NOT IMPLEMENTED YET
C034  8D 07 20  STA $2007 = 00                  A:00 X:AA Y:06 P:A4 SP:FF PPU: NOT IMPLEMENTED YET
C037  CA        DEX                             A:00 X:AA Y:06 P:A4 SP:FF PPU: NOT IMPLEMENTED YET
C038  D0 FA     BNE $C034                       A:00 X:A9 Y:06 P:A4 SP:FF PPU: NOT IMPLEMENTED YET
C034  8D 07 20  STA $2007 = 00                  A:00 X:A9 Y:06 P:A4 SP:FF PPU: NOT IMPLEMENTED YET
C037  CA        DEX                             A:00 X:A9 Y:06 P:A4 SP:FF PPU: NOT IMPLEMENTED YET
C038  D0 FA     BNE $C034                       A:00 X:A8 Y:06 P:A4 SP:FF PPU: NOT IMPLEMENTED YET
C034  8D 07 20  STA $2007 = 00                  A:00 X:A8 Y:06 P:A4 SP:FF PPU: NOT IMPLEMENTED YET
C037  CA        DEX                             A:00 X:A8 Y:06 P:A4 SP:FF PPU: NOT IMPLEMENTED YET
C038  D0 FA     BNE $C034                       A:00 X:A7 Y:06 P:A4 SP:FF PPU: NOT IMPLEMENTED YET
C034  8D 07 20  STA $2007 = 00                  A:00 X:A7 Y:06 P:A4 SP:FF PPU: NOT IMPLEMENTED YET
C037  CA        DEX                             A:00 X:A7 Y:06 P:A4 SP:FF PPU: NOT IMPLEMENTED YET
C038  D0 FA     BNE $C034                       A:00 X:A6 Y:06 P:A4 SP:FF PPU: NOT IMPLEMENTED YET
C034  8D 07 20  STA $2007 = 00                  A:00 X:A6 Y:06 P:A4 SP:FF PPU: NOT IMPLEMENTED YET
C037  CA        DEX                             A:00 X:A6 Y:06 P:A4 SP:FF PPU: NOT IMPLEMENTED YET
C038  D0 FA     BNE $C034                       A:00 X:A5 Y:06 P:A4 SP:FF PPU: NOT IMPLEMENTED YET
C034  8D 07 20  STA $2007 = 00                  A:00 X:A5 Y:06 P:A4 SP:FF PPU: NOT IMPLEMENTED YET
C037  CA        DEX                             A:00 X:A5 Y:06 P:A4 SP:FF PPU: NOT IMPLEMENTED YET
C038  D0 FA     BNE $C034                       A:00 X:A4 Y:06 P:A4 SP:FF PPU: NOT IMPLEMENTED YET
C034  8D 07 20  STA $2007 = 00                  A:00 X:A4 Y:06 P:A4 SP:FF PPU: NOT IMPLEMENTED YET
C037  CA        DEX                             A:00 X:A4 Y:06 P:A4 SP:FF PPU: NOT IMPLEMENTED YET
C038  D0 FA     BNE $C034                       A:00 X:A3 Y:06 P:A4 SP:FF PPU: NOT IMPLEMENTED YET
C034  8D 07 20  STA $2007 = 00                  A:00 X:A3 Y:06 P:A4 SP:FF PPU: NOT IMPLEMENTED YET
C037  CA        DEX                             A:00 X:A3 Y:06 P:A4 SP:FF PPU: NOT IMPLEMENTED YET
C038  D0 FA     BNE $C034                       A:00 X:A2 Y:06 P:A4 SP:FF PPU: NOT IMPLEMENTED YET
C034  8D 07 20  STA $2007 = 00                  A:00 X:A2 Y:06 P:A4 SP:FF PPU: NOT IMPLEMENTED YET
C037  CA        DEX                             A:00 X:A2 Y:06 P:A4 SP:FF PPU: NOT IMPLEMENTED YET
C038  D0 FA     BNE $C034                       A:00 X:A1 Y:06 P:A4 SP:FF PPU: NOT IMPLEMENTED YET
C034  8D 07 20  STA $2007 = 00                  A:00 X:A1 Y:06 P:A4 SP:FF PPU: NOT IMPLEMENTED YET
C037  CA        DEX                             A:00 X:A1 Y:06 P:A4 SP:FF PPU: NOT IMPLEMENTED YET
C038  D0 FA     BNE $C034                       A:00 X:A0 Y:06 P:A4 SP:FF PPU: NOT IMPLEMENTED YET
C034  8D 07 20  STA $2007 = 00                  A:00 X:A0 Y:06 P:A4 SP:FF PPU: NOT IMPLEMENTED YET
C037  CA        DEX                             A:00 X:A0 Y:06 P:A4 SP:FF PPU: NOT IMPLEMENTED YET
C038  D0 FA     BNE $C034                       A:00 X:9F Y:06 P:A4 SP:FF PPU: NOT IMPLEMENTED YET
C034  8D 07 20  STA $2007 = 00                  A:00 X:9F Y:06 P:A4 SP:FF PPU: NOT IMPLEMENTED YET
C037  CA        DEX                             A:00 X:9F Y:06 P:A4 SP:FF PPU: NOT IMPLEMENTED YET
C038  D0 FA     BNE $C034                       A:00 X:9E Y:06 P:A4 SP:FF PPU: NOT IMPLEMENTED YET
C034  8D 07 20  STA $2007 = 00                  A:00 X:9E Y:06 P:A4 SP:FF PPU: NOT IMPLEMENTED YET
C037  CA        DEX                             A:00 X:9E Y:06 P:A4 SP:FF PPU: NOT IMPLEMENTED YET
C038  D0 FA     BNE $C034                       A:00 X:9D Y:06 P:A4 SP:FF PPU: NOT IMPLEMENTED YET
C034  8D 07 20  STA $2007 = 00                  A:00 X:9D Y:06 P:A4 SP:FF PPU: NOT IMPLEMENTED YET
C037  CA        DEX                             A:00 X:9D Y:06 P:A4 SP:FF PPU: NOT IMPLEMENTED YET
C038  D0 FA     BNE $C034                       A:00 X:9C Y:06 P:A4 SP:FF PPU: NOT IMPLEMENTED YET
C034  8D 07 20  STA $2007 = 00                  A:00 X:9C Y:06 P:A4 SP:FF PPU: NOT IMPLEMENTED YET
C037  CA        DEX                             A:00 X:9C Y:06 P:A4 SP:FF PPU: NOT IMPLEMENTED YET
C038  D0 FA     BNE $C034                       A:00 X:9B Y:06 P:A4 SP:FF PPU: NOT IMPLEMENTED YET
C034  8D 07 20  STA $2007 = 00                  A:00 X:9B Y:06 P:A4 SP:FF PPU: NOT IMPLEMENTED YET
C037  CA        DEX                             A:00 X:9B Y:06 P:A4 SP:FF PPU: NOT IMPLEMENTED YET
C038  D0 FA     BNE $C034                       A:00 X:9A Y:06 P:A4 SP:FF PPU: NOT IMPLEMENTED YET
C034  8D 07 20  STA $2007 = 00                  A:00 X:9A Y:06 P:A4 SP:FF PPU: NOT IMPLEMENTED YET
C037  CA        DEX                             A:00 X:9A Y:06 P:A4 SP:FF PPU: NOT IMPLEMENTED YET
C038  D0 FA     BNE $C034                       A:00 X:99 Y:06 P:A4 SP:FF PPU: NOT IMPLEMENTED YET
C034  8D 07 20  STA $2007 = 00                  A:00 X:99 Y:06 P:A4 SP:FF PPU: NOT IMPLEMENTED YET
C037  CA        DEX                             A:00 X:99 Y:06 P:A4 SP:FF PPU: NOT IMPLEMENTED YET
C038  D0 FA     BNE $C034                       A:00 X:98 Y:06 P:A4 SP:FF PPU: NOT IMPLEMENTED YET
C034  8D 07 20  STA $2007 = 00                  A:00 X:98 Y:06 P:A4 SP:FF PPU: NOT IMPLEMENTED YET
C037  CA        DEX                             A:00 X:98 Y:06 P:A4 SP:FF PPU: NOT IMPLEMENTED YET
C038  D0 FA     BNE $C034                       A:00 X:97 Y:06 P:A4 SP:FF PPU: NOT IMPLEMENTED YET
C034  8D 07 20  STA $2007 = 00                  A:00 X:97 Y:06 P:A4 SP:FF PPU: NOT IMPLEMENTED YET
C037  CA        DEX                             A:00 X:97 Y:06 P:A4 SP:FF PPU: NOT IMPLEMENTED YET
C038  D0 FA     BNE $C034                       A:00 X:96 Y:06 P:A4 SP:FF PPU: NOT IMPLEMENTED YET
C034  8D 07 20  STA $2007 = 00                  A:00 X:96 Y:06 P:A4 SP:FF PPU: NOT IMPLEMENTED YET
C037  CA        DEX                             A:00 X:96 Y:06 P:A4 SP:FF PPU: NOT IMPLEMENTED YET
C038  D0 FA     BNE $C034                       A:00 X:95 Y:06 P:A4 SP:FF PPU: NOT IMPLEMENTED YET
C034  8D 07 20  STA $2007 = 00                  A:00 X:95 Y:06 P:A4 SP:FF PPU: NOT IMPLEMENTED YET
C037  CA        DEX                             A:00 X:95 Y:06 P:A4 SP:FF PPU: NOT IMPLEMENTED YET
C038  D0 FA     BNE $C034                       A:00 X:94 Y:06 P:A4 SP:FF PPU: NOT IMPLEMENTED YET
C034  8D 07 20  STA $2007 = 00                  A:00 X:94 Y:06 P:A4 SP:FF PPU: NOT IMPLEMENTED YET
C037  CA        DEX                             A:00 X:94 Y:06 P:A4 SP:FF PPU: NOT IMPLEMENTED YET
C038  D0 FA     BNE $C034                       A:00 X:93 Y:06 P:A4 SP:FF PPU: NOT IMPLEMENTED YET
C034  8D 07 20  STA $2007 = 00                  A:00 X:93 Y:06 P:A4 SP:FF PPU: NOT IMPLEMENTED YET
C037  CA        DEX                             A:00 X:93 Y:06 P:A4 SP:FF PPU: NOT IMPLEMENTED YET
C038  D0 FA     BNE $C034                       A:00 X:92 Y:06 P:A4 SP:FF PPU: NOT IMPLEMENTED YET
C034  8D 07 20  STA $2007 = 00                  A:00 X:92 Y:06 P:A4 SP:FF PPU: NOT IMPLEMENTED YET
C037  CA        DEX                             A:00 X:92 Y:06 P:A4 SP:FF PPU: NOT IMPLEMENTED YET
C038  D0 FA     BNE $C034                       A:00 X:91 Y:06 P:A4 SP:FF PPU: NOT IMPLEMENTED YET
C034  8D 07 20  STA $2007 = 00                  A:00 X:91 Y:06 P:A4 SP:FF PPU: NOT IMPLEMENTED YET
C037  CA        DEX                             A:00 X:91 Y:06 P:A4 SP:FF PPU: NOT IMPLEMENTED YET
C038  D0 FA     BNE $C034                       A:00 X:90 Y:06 P:A4 SP:FF PPU: NOT IMPLEMENTED YET
C034  8D 07 20  STA $2007 = 00                  A:00 X:90 Y:06 P:A4 SP:FF PPU: NOT IMPLEMENTED YET
C037  CA        DEX                             A:00 X:90 Y:06 P:A4 SP:FF PPU: NOT IMPLEMENTED YET
C038  D0 FA     BNE $C034                       A:00 X:8F Y:06 P:A4 SP:FF PPU: NOT IMPLEMENTED YET
C034  8D 07 20  STA $2007 = 00                  A:00 X:8F Y:06 P:A4 SP:FF PPU: NOT IMPLEMENTED YET
C037  CA        DEX                             A:00 X:8F Y:06 P:A4 SP:FF PPU: NOT IMPLEMENTED YET
C038  D0 FA     BNE $C034                       A:00 X:8E Y:06 P:A4 SP:FF PPU: NOT IMPLEMENTED YET
C034  8D 07 20  STA $2007 = 00                  A:00 X:8E Y:06 P:A4 SP:FF PPU: NOT IMPLEMENTED YET
C037  CA        DEX                             A:00 X:8E Y:06 P:A4 SP:FF PPU: NOT IMPLEMENTED YET
C038  D0 FA     BNE $C034                       A:00 X:8D Y:06 P:A4 SP:FF PPU: NOT IMPLEMENTED YET
C034  8D 07 20  STA $2007 = 00                  A:00 X:8D Y:06 P:A4 SP:FF PPU: NOT IMPLEMENTED YET
C037  CA        DEX                             A:00 X:8D Y:06 P:A4 SP:FF PPU: NOT IMPLEMENTED YET
C038  D0 FA     BNE $C034                       A:00 X:8C Y:06 P:A4 SP:FF PPU: NOT IMPLEMENTED YET
C034  8D 07 20  STA $2007 = 00                  A:00 X:8C Y:06 P:A4 SP:FF PPU: NOT IMPLEMENTED YET
C037  CA        DEX                             A:00 X:8C Y:06 P:A4 SP:FF PPU: NOT IMPLEMENTED YET
C038  D0 FA     BNE $C034                       A:00 X:8B Y:06 P:A4 SP:FF PPU: NOT IMPLEMENTED YET
C034  8D 07 20  STA $2007 = 00                  A:00 X:8B Y:06 P:A4 SP:FF PPU: NOT IMPLEMENTED YET
C037  CA        DEX                             A:00 X:8B Y:06 P:A4 SP:FF PPU: NOT IMPLEMENTED YET
C038  D0 FA     BNE $C034                       A:00 X:8A Y:06 P:A4 SP:FF PPU: NOT IMPLEMENTED YET
C034  8D 07 20  STA $2007 = 00                  A:00 X:8A Y:06 P:A4 SP:FF PPU: NOT IMPLEMENTED YET
C037  CA        DEX                             A:00 X:8A Y:06 P:A4 SP:FF PPU: NOT IMPLEMENTED YET
C038  D0 FA     BNE $C034                       A:00 X:89 Y:06 P:A4 SP:FF PPU: NOT IMPLEMENTED YET
C034  8D 07 20  STA $2007 = 00                  A:00 X:89 Y:06 P:A4 SP:FF PPU: NOT IMPLEMENTED YET
C037  CA        DEX                             A:00 X:89 Y:06 P:A4 SP:FF PPU: NOT IMPLEMENTED YET
C038  D0 FA     BNE $C034                       A:00 X:88 Y:06 P:A4 SP:FF PPU: NOT IMPLEMENTED YET
C034  8D 07 20  STA $2007 = 00                  A:00 X:88 Y:06 P:A4 SP:FF PPU: NOT IMPLEMENTED YET
C037  CA        DEX                             A:00 X:88 Y:06 P:A4 SP:FF PPU: NOT IMPLEMENTED YET
C038  D0 FA     BNE $C034                       A:00 X:87 Y:06 P:A4 SP:FF PPU: NOT IMPLEMENTED YET
C034  8D 07 20  STA $2007 = 00                  A:00 X:87 Y:06 P:A4 SP:FF PPU: NOT IMPLEMENTED YET
C037  CA        DEX                             A:00 X:87 Y:06 P:A4 SP:FF PPU: NOT IMPLEMENTED YET
C038  D0 FA     BNE $C034                       A:00 X:86 Y:06 P:A4 SP:FF PPU: NOT IMPLEMENTED YET
C034  8D 07 20  STA $2007 = 00                  A:00 X:86 Y:06 P:A4 SP:FF PPU: NOT IMPLEMENTED YET
C037  CA        DEX                             A:00 X:86 Y:06 P:A4 SP:FF PPU: NOT IMPLEMENTED YET
C038  D0 FA     BNE $C034                       A:00 X:85 Y:06 P:A4 SP:FF PPU: NOT IMPLEMENTED YET
C034  8D 07 20  STA $2007 = 00                  A:00 X:85 Y:06 P:A4 SP:FF PPU: NOT IMPLEMENTED YET
C037  CA        DEX                             A:00 X:85 Y:06 P:A4 SP:FF PPU: NOT IMPLEMENTED YET
C038  D0 FA     BNE $C034                       A:00 X:84 Y:06 P:A4 SP:FF PPU: NOT IMPLEMENTED YET
C034  8D 07 20  STA $2007 = 00                  A:00 X:84 Y:06 P:A4 SP:FF PPU: NOT IMPLEMENTED YET
C037  CA        DEX                             A:00 X:84 Y:06 P:A4 SP:FF PPU: NOT IMPLEMENTED YET
C038  D0 FA     BNE $C034                       A:00 X:83 Y:06 P:A4 SP:FF PPU: NOT IMPLEMENTED YET
C034  8D 07 20  STA $2007 = 00                  A:00 X:83 Y:06 P:A4 SP:FF PPU: NOT IMPLEMENTED YET
C037  CA        DEX                             A:00 X:83 Y:06 P:A4 SP:FF PPU: NOT IMPLEMENTED YET
C038  D0 FA     BNE $C034                       A:00 X:82 Y:06 P:A4 SP:FF PPU: NOT IMPLEMENTED YET
C034  8D 07 20  STA $2007 = 00                  A:00 X:82 Y:06 P:A4 SP:FF PPU: NOT IMPLEMENTED YET
C037  CA        DEX                             A:00 X:82 Y:06 P:A4 SP:FF PPU: NOT IMPLEMENTED YET
C038  D0 FA     BNE $C034                       A:00 X:81 Y:06 P:A4 SP:FF PPU: NOT IMPLEMENTED YET
C034  8D 07 20  STA $2007 = 00                  A:00 X:81 Y:06 P:A4 SP:FF PPU: NOT IMPLEMENTED YET
C037  CA        DEX                             A:00 X:81 Y:06 P:A4 SP:FF PPU: NOT IMPLEMENTED YET
C038  D0 FA     BNE $C034                       A:00 X:80 Y:06 P:A4 SP:FF PPU: NOT IMPLEMENTED YET
C034  8D 07 20  STA $2007 = 00                  A:00 X:80 Y:06 P:A4 SP:FF PPU: NOT IMPLEMENTED YET
C037  CA        DEX                             A:00 X:80 Y:06 P:A4 SP:FF PPU: NOT IMPLEMENTED YET
C038  D0 FA     BNE $C034                       A:00 X:7F Y:06 P:24 SP:FF PPU: NOT IMPLEMENTED YET
C034  8D 07 20  STA $2007 = 00                  A:00 X:7F Y:06 P:24 SP:FF PPU: NOT IMPLEMENTED YET
C037  CA        DEX                             A:00 X:7F Y:06 P:24 SP:FF PPU: NOT IMPLEMENTED YET
C038  D0 FA     BNE $C034                       A:00 X:7E Y:06 P:24 SP:FF PPU: NOT IMPLEMENTED YET
C034  8D 07 20  STA $2007 = 00                  A:00 X:7E Y:06 P:24 SP:FF PPU: NOT IMPLEMENTED YET
C037  CA        DEX                             A:00 X:7E Y:06 P:24 SP:FF PPU: NOT IMPLEMENTED YET
C038  D0 FA     BNE $C034                       A:00 X:7D Y:06 P:24 SP:FF PPU: NOT IMPLEMENTED YET
C034  8D 07 20  STA $2007 = 00                  A:00 X:7D Y:06 P:24 SP:FF PPU: NOT IMPLEMENTED YET
C037  CA        DEX                             A:00 X:7D Y:06 P:24 SP:FF PPU: NOT IMPLEMENTED YET
C038  D0 FA     BNE $C034                       A:00 X:7C Y:06 P:24 SP:FF PPU: NOT IMPLEMENTED YET
C034  8D 07 20  STA $2007 = 00                  A:00 X:7C Y:06 P:24 SP:FF PPU: NOT IMPLEMENTED YET
C037  CA        DEX                             A:00 X:7C Y:06 P:24 SP:FF PPU: NOT IMPLEMENTED YET
C038  D0 FA     BNE $C034                       A:00 X:7B Y:06 P:24 SP:FF PPU: NOT IMPLEMENTED YET
C034  8D 07 20  STA $2007 = 00                  A:00 X:7B Y:06 P:24 SP:FF PPU: NOT IMPLEMENTED YET
C037  CA        DEX                             A:00 X:7B Y:06 P:24 SP:FF PPU: NOT IMPLEMENTED YET
C038  D0 FA     BNE $C034                       A:00 X:7A Y:06 P:24 SP:FF PPU: NOT IMPLEMENTED YET
C034  8D 07 20  STA $2007 = 00                  A:00 X:7A Y:06 P:24 SP:FF PPU: NOT IMPLEMENTED YET
C037  CA        DEX                             A:00 X:7A Y:06 P:24 SP:FF PPU: NOT IMPLEMENTED YET
C038  D0 FA     BNE $C034                       A:00 X:79 Y:06 P:24 SP:FF PPU: NOT IMPLEMENTED YET
C034  8D 07 20  STA $2007 = 00                  A:00 X:79 Y:06 P:24 SP:FF PPU: NOT IMPLEMENTED YET
C037  CA        DEX                             A:00 X:79 Y:06 P:24 SP:FF PPU: NOT IMPLEMENTED YET
C038  D0 FA     BNE $C034                       A:00 X:78 Y:06 P:24 SP:FF PPU: NOT IMPLEMENTED YET
C034  8D 07 20  STA $2007 = 00                  A:00 X:78 Y:06 P:24 SP:FF PPU: NOT IMPLEMENTED YET
C037  CA        DEX                             A:00 X:78 Y:06 P:24 SP:FF PPU: NOT IMPLEMENTED YET
C038  D0 FA     BNE $C034                       A:00 X:77 Y:06 P:24 SP:FF PPU: NOT IMPLEMENTED YET
C034  8D 07 20  STA $2007 = 00                  A:00 X:77 Y:06 P:24 SP:FF PPU: NOT IMPLEMENTED YET
C037  CA        DEX                             A:00 X:77 Y:06 P:24 SP:FF PPU: NOT IMPLEMENTED YET
C038  D0 FA     BNE $C034                       A:00 X:76 Y:06 P:24 SP:FF PPU: NOT IMPLEMENTED YET
C034  8D 07 20  STA $2007 = 00                  A:00 X:76 Y:06 P:24 SP:FF PPU: NOT IMPLEMENTED YET
C037  CA        DEX                             A:00 X:76 Y:06 P:24 SP:FF PPU: NOT IMPLEMENTED YET
C038  D0 FA     BNE $C034                       A:00 X:75 Y:06 P:24 SP:FF PPU: NOT IMPLEMENTED YET
C034  8D 07 20  STA $2007 = 00                  A:00 X:75 Y:06 P:24 SP:FF PPU: NOT IMPLEMENTED YET
C037  CA        DEX                             A:00 X:75 Y:06 P:24 SP:FF PPU: NOT IMPLEMENTED YET
C038  D0 FA     BNE $C034                       A:00 X:74 Y:06 P:24 SP:FF PPU: NOT IMPLEMENTED YET
C034  8D 07 20  STA $2007 = 00                  A:00 X:74 Y:06 P:24 SP:FF PPU: NOT IMPLEMENTED YET
C037  CA        DEX                             A:00 X:74 Y:06 P:24 SP:FF PPU: NOT IMPLEMENTED YET
C038  D0 FA     BNE $C034                       A:00 X:73 Y:06 P:24 SP:FF PPU: NOT IMPLEMENTED YET
C034  8D 07 20  STA $2007 = 00                  A:00 X:73 Y:06 P:24 SP:FF PPU: NOT IMPLEMENTED YET
C037  CA        DEX                             A:00 X:73 Y:06 P:24 SP:FF PPU: NOT IMPLEMENTED YET
C038  D0 FA     BNE $C034                       A:00 X:72 Y:06 P:24 SP:FF PPU: NOT IMPLEMENTED YET
C034  8D 07 20  STA $2007 = 00                  A:00 X:72 Y:06 P:24 SP:FF PPU: NOT IMPLEMENTED YET
C037  CA        DEX                             A:00 X:72 Y:06 P:24 SP:FF PPU: NOT IMPLEMENTED YET
C038  D0 FA     BNE $C034                       A:00 X:71 Y:06 P:24 SP:FF PPU: NOT IMPLEMENTED YET
C034  8D 07 20  STA $2007 = 00                  A:00 X:71 Y:06 P:24 SP:FF PPU: NOT IMPLEMENTED YET
C037  CA        DEX                             A:00 X:71 Y:06 P:24 SP:FF PPU: NOT IMPLEMENTED YET
C038  D0 FA     BNE $C034                       A:00 X:70 Y:06 P:24 SP:FF PPU: NOT IMPLEMENTED YET
C034  8D 07 20  STA $2007 = 00                  A:00 X:70 Y:06 P:24 SP:FF PPU: NOT IMPLEMENTED YET
C037  CA        DEX                             A:00 X:70 Y:06 P:24 SP:FF PPU: NOT IMPLEMENTED YET
C038  D0 FA     BNE $C034                       A:00 X:6F Y:06 P:24 SP:FF PPU: NOT IMPLEMENTED YET
C034  8D 07 20  STA $2007 = 00                  A:00 X:6F Y:06 P:24 SP:FF PPU: NOT IMPLEMENTED YET
C037  CA        DEX                             A:00 X:6F Y:06 P:24 SP:FF PPU: NOT IMPLEMENTED YET
C038  D0 FA     BNE $C034                       A:00 X:6E Y:06 P:24 SP:FF PPU: NOT IMPLEMENTED YET
C034  8D 07 20  STA $2007 = 00                  A:00 X:6E Y:06 P:24 SP:FF PPU: NOT IMPLEMENTED YET
C037  CA        DEX                             A:00 X:6E Y:06 P:24 SP:FF PPU: NOT IMPLEMENTED YET
C038  D0 FA     BNE $C034                       A:00 X:6D Y:06 P:24 SP:FF PPU: NOT IMPLEMENTED YET
C034  8D 07 20  STA $2007 = 00                  A:00 X:6D Y:06 P:24 SP:FF PPU: NOT IMPLEMENTED YET
C037  CA        DEX                             A:00 X:6D Y:06 P:24 SP:FF PPU: NOT IMPLEMENTED YET
C038  D0 FA     BNE $C034                       A:00 X:6C Y:06 P:24 SP:FF PPU: NOT IMPLEMENTED YET
C034  8D 07 20  STA $2007 = 00                  A:00 X:6C Y:06 P:24 SP:FF PPU: NOT IMPLEMENTED YET
C037  CA        DEX                             A:00 X:6C Y:06 P:24 SP:FF PPU: NOT IMPLEMENTED YET
C038  D0 FA     BNE $C034                       A:00 X:6B Y:06 P:24 SP:FF PPU: NOT IMPLEMENTED YET
C034  8D 07 20  STA $2007 = 00                  A:00 X:6B Y:06 P:24 SP:FF PPU: NOT IMPLEMENTED YET
C037  CA        DEX                             A:00 X:6B Y:06 P:24 SP:FF PPU: NOT IMPLEMENTED YET
C038  D0 FA     BNE $C034                       A:00 X:6A Y:06 P:24 SP:FF PPU: NOT IMPLEMENTED YET
C034  8D 07 20  STA $2007 = 00                  A:00 X:6A Y:06 P:24 SP:FF PPU: NOT IMPLEMENTED YET
C037  CA        DEX                             A:00 X:6A Y:06 P:24 SP:FF PPU: NOT IMPLEMENTED YET
C038  D0 FA     BNE $C034                       A:00 X:69 Y:06 P:24 SP:FF PPU: NOT IMPLEMENTED YET
C034  8D 07 20  STA $2007 = 00                  A:00 X:69 Y:06 P:24 SP:FF PPU: NOT IMPLEMENTED YET
C037  CA        DEX                             A:00 X:69 Y:06 P:24 SP:FF PPU: NOT IMPLEMENTED YET
C038  D0 FA     BNE $C034                       A:00 X:68 Y:06 P:24 SP:FF PPU: NOT IMPLEMENTED YET
C034  8D 07 20  STA $2007 = 00                  A:00 X:68 Y:06 P:24 SP:FF PPU: NOT IMPLEMENTED YET
C037  CA        DEX                             A:00 X:68 Y:06 P:24 SP:FF PPU: NOT IMPLEMENTED YET
C038  D0 FA     BNE $C034                       A:00 X:67 Y:06 P:24 SP:FF PPU: NOT IMPLEMENTED YET
C034  8D 07 20  STA $2007 = 00                  A:00 X:67 Y:06 P:24 SP:FF PPU: NOT IMPLEMENTED YET
C037  CA        DEX                             A:00 X:67 Y:06 P:24 SP:FF PPU: NOT IMPLEMENTED YET
C038  D0 FA     BNE $C034                       A:00 X:66 Y:06 P:24 SP:FF PPU: NOT IMPLEMENTED YET
C034  8D 07 20  STA $2007 = 00                  A:00 X:66 Y:06 P:24 SP:FF PPU: NOT IMPLEMENTED YET
C037  CA        DEX                             A:00 X:66 Y:06 P:24 SP:FF PPU: NOT IMPLEMENTED YET
C038  D0 FA     BNE $C034                       A:00 X:65 Y:06 P:24 SP:FF PPU: NOT IMPLEMENTED YET
C034  8D 07 20  STA $2007 = 00                  A:00 X:65 Y:06 P:24 SP:FF PPU: NOT IMPLEMENTED YET
C037  CA        DEX                             A:00 X:65 Y:06 P:24 SP:FF PPU: NOT IMPLEMENTED YET
C038  D0 FA     BNE $C034                       A:00 X:64 Y:06 P:24 SP:FF PPU: NOT IMPLEMENTED YET
C034  8D 07 20  STA $2007 = 00                  A:00 X:64 Y:06 P:24 SP:FF PPU: NOT IMPLEMENTED YET
C037  CA        DEX                             A:00 X:64 Y:06 P:24 SP:FF PPU: NOT IMPLEMENTED YET
C038  D0 FA     BNE $C034                       A:00 X:63 Y:06 P:24 SP:FF PPU: NOT IMPLEMENTED YET
C034  8D 07 20  STA $2007 = 00                  A:00 X:63 Y:06 P:24 SP:FF PPU: NOT IMPLEMENTED YET
C037  CA        DEX                             A:00 X:63 Y:06 P:24 SP:FF PPU: NOT IMPLEMENTED YET
C038  D0 FA     BNE $C034                       A:00 X:62 Y:06 P:24 SP:FF PPU: NOT IMPLEMENTED YET
C034  8D 07 20  STA $2007 = 00                  A:00 X:62 Y:06 P:24 SP:FF PPU: NOT IMPLEMENTED YET
C037  CA        DEX                             A:00 X:62 Y:06 P:24 SP:FF PPU: NOT IMPLEMENTED YET
C038  D0 FA     BNE $C034                       A:00 X:61 Y:06 P:24 SP:FF PPU: NOT IMPLEMENTED YET
C034  8D 07 20  STA $2007 = 00                  A:00 X:61 Y:06 P:24 SP:FF PPU: NOT IMPLEMENTED YET
C037  CA        DEX                             A:00 X:61 Y:06 P:24 SP:FF PPU: NOT IMPLEMENTED YET
C038  D0 FA     BNE $C034                       A:00 X:60 Y:06 P:24 SP:FF PPU: NOT IMPLEMENTED YET
C034  8D 07 20  STA $2007 = 00                  A:00 X:60 Y:06 P:24 SP:FF PPU: NOT IMPLEMENTED YET
C037  CA        DEX                             A:00 X:60 Y:06 P:24 SP:FF PPU: NOT IMPLEMENTED YET
C038  D0 FA     BNE $C034                       A:00 X:5F Y:06 P:24 SP:FF PPU: NOT IMPLEMENTED YET
C034  8D 07 20  STA $2007 = 00                  A:00 X:5F Y:06 P:24 SP:FF PPU: NOT IMPLEMENTED YET
C037  CA        DEX                             A:00 X:5F Y:06 P:24 SP:FF PPU: NOT IMPLEMENTED YET
C038  D0 FA     BNE $C034                       A:00 X:5E Y:06 P:24 SP:FF PPU: NOT IMPLEMENTED YET
C034  8D 07 20  STA $2007 = 00                  A:00 X:5E Y:06 P:24 SP:FF PPU: NOT IMPLEMENTED YET
C037  CA        DEX                             A:00 X:5E Y:06 P:24 SP:FF PPU: NOT IMPLEMENTED YET
C038  D0 FA     BNE $C034                       A:00 X:5D Y:06 P:24 SP:FF PPU: NOT IMPLEMENTED YET
C034  8D 07 20  STA $2007 = 00                  A:00 X:5D Y:06 P:24 SP:FF PPU: NOT IMPLEMENTED YET
C037  CA        DEX                             A:00 X:5D Y:06 P:24 SP:FF PPU: NOT IMPLEMENTED YET
C038  D0 FA     BNE $C034                       A:00 X:5C Y:06 P:24 SP:FF PPU: NOT IMPLEMENTED YET
C034  8D 07 20  STA $2007 = 00                  A:00 X:5C Y:06 P:24 SP:FF PPU: NOT IMPLEMENTED YET
C037  CA        DEX                             A:00 X:5C Y:06 P:24 SP:FF PPU: NOT IMPLEMENTED YET
C038  D0 FA     BNE $C034                       A:00 X:5B Y:06 P:24 SP:FF PPU: NOT IMPLEMENTED YET
C034  8D 07 20  STA $2007 = 00                  A:00 X:5B Y:06 P:24 SP:FF PPU: NOT IMPLEMENTED YET
C037  CA        DEX                             A:00 X:5B Y:06 P:24 SP:FF PPU: NOT IMPLEMENTED YET
C038  D0 FA     BNE $C034                       A:00 X:5A Y:06 P:24 SP:FF PPU: NOT IMPLEMENTED YET
C034  8D 07 20  STA $2007 = 00                  A:00 X:5A Y:06 P:24 SP:FF PPU: NOT IMPLEMENTED YET
C037  CA        DEX                             A:00 X:5A Y:06 P:24 SP:FF PPU: NOT IMPLEMENTED YET
C038  D0 FA     BNE $C034                       A:00 X:59 Y:06 P:24 SP:FF PPU: NOT IMPLEMENTED YET
C034  8D 07 20  STA $2007 = 00                  A:00 X:59 Y:06 P:24 SP:FF PPU: NOT IMPLEMENTED YET
C037  CA        DEX                             A:00 X:59 Y:06 P:24 SP:FF PPU: NOT IMPLEMENTED YET
C038  D0 FA     BNE $C034                       A:00 X:58 Y:06 P:24 SP:FF PPU: NOT IMPLEMENTED YET
C034  8D 07 20  STA $2007 = 00                  A:00 X:58 Y:06 P:24 SP:FF PPU: NOT IMPLEMENTED YET
C037  CA        DEX                             A:00 X:58 Y:06 P:24 SP:FF PPU: NOT IMPLEMENTED YET
C038  D0 FA     BNE $C034                       A:00 X:57 Y:06 P:24 SP:FF PPU: NOT IMPLEMENTED YET
C034  8D 07 20  STA $2007 = 00                  A:00 X:57 Y:06 P:24 SP:FF PPU: NOT IMPLEMENTED YET
C037  CA        DEX                             A:00 X:57 Y:06 P:24 SP:FF PPU: NOT IMPLEMENTED YET
C038  D0 FA     BNE $C034                       A:00 X:56 Y:06 P:24 SP:FF PPU: NOT IMPLEMENTED YET
C034  8D 07 20  STA $2007 = 00                  A:00 X:56 Y:06 P:24 SP:FF PPU: NOT IMPLEMENTED YET
C037  CA        DEX                             A:00 X:56 Y:06 P:24 SP:FF PPU: NOT IMPLEMENTED YET
C038  D0 FA     BNE $C034                       A:00 X:55 Y:06 P:24 SP:FF PPU: NOT IMPLEMENTED YET
C034  8D 07 20  STA $2007 = 00                  A:00 X:55 Y:06 P:24 SP:FF PPU: NOT IMPLEMENTED YET
C037  CA        DEX                             A:00 X:55 Y:06 P:24 SP:FF PPU: NOT IMPLEMENTED YET
C038  D0 FA     BNE $C034                       A:00 X:54 Y:06 P:24 SP:FF PPU: NOT IMPLEMENTED YET
C034  8D 07 20  STA $2007 = 00                  A:00 X:54 Y:06 P:24 SP:FF PPU: NOT IMPLEMENTED YET
C037  CA        DEX                             A:00 X:54 Y:06 P:24 SP:FF PPU: NOT IMPLEMENTED YET
C038  D0 FA     BNE $C034                       A:00 X:53 Y:06 P:24 SP:FF PPU: NOT IMPLEMENTED YET
C034  8D 07 20  STA $2007 = 00                  A:00 X:53 Y:06 P:24 SP:FF PPU: NOT IMPLEMENTED YET
C037  CA        DEX                             A:00 X:53 Y:06 P:24 SP:FF PPU: NOT IMPLEMENTED YET
C038  D0 FA     BNE $C034                       A:00 X:52 Y:06 P:24 SP:FF PPU: NOT IMPLEMENTED YET
C034  8D 07 20  STA $2007 = 00                  A:00 X:52 Y:06 P:24 SP:FF PPU: NOT IMPLEMENTED YET
C037  CA        DEX                             A:00 X:52 Y:06 P:24 SP:FF PPU: NOT IMPLEMENTED YET
C038  D0 FA     BNE $C034                       A:00 X:51 Y:06 P:24 SP:FF PPU: NOT IMPLEMENTED YET
C034  8D 07 20  STA $2007 = 00                  A:00 X:51 Y:06 P:24 SP:FF PPU: NOT IMPLEMENTED YET
C037  CA        DEX                             A:00 X:51 Y:06 P:24 SP:FF PPU: NOT IMPLEMENTED YET
C038  D0 FA     BNE $C034                       A:00 X:50 Y:06 P:24 SP:FF PPU: NOT IMPLEMENTED YET
C034  8D 07 20  STA $2007 = 00                  A:00 X:50 Y:06 P:24 SP:FF PPU: NOT IMPLEMENTED YET
C037  CA        DEX                             A:00 X:50 Y:06 P:24 SP:FF PPU: NOT IMPLEMENTED YET
C038  D0 FA     BNE $C034                       A:00 X:4F Y:06 P:24 SP:FF PPU: NOT IMPLEMENTED YET
C034  8D 07 20  STA $2007 = 00                  A:00 X:4F Y:06 P:24 SP:FF PPU: NOT IMPLEMENTED YET
C037  CA        DEX                             A:00 X:4F Y:06 P:24 SP:FF PPU: NOT IMPLEMENTED YET
C038  D0 FA     BNE $C034                       A:00 X:4E Y:06 P:24 SP:FF PPU: NOT IMPLEMENTED YET
C034  8D 07 20  STA $2007 = 00                  A:00 X:4E Y:06 P:24 SP:FF PPU: NOT IMPLEMENTED YET
C037  CA        DEX                             A:00 X:4E Y:06 P:24 SP:FF PPU: NOT IMPLEMENTED YET
C038  D0 FA     BNE $C034                       A:00 X:4D Y:06 P:24 SP:FF PPU: NOT IMPLEMENTED YET
C034  8D 07 20  STA $2007 = 00                  A:00 X:4D Y:06 P:24 SP:FF PPU: NOT IMPLEMENTED YET
C037  CA        DEX                             A:00 X:4D Y:06 P:24 SP:FF PPU: NOT IMPLEMENTED YET
C038  D0 FA     BNE $C034                       A:00 X:4C Y:06 P:24 SP:FF PPU: NOT IMPLEMENTED YET
C034  8D 07 20  STA $2007 = 00                  A:00 X:4C Y:06 P:24 SP:FF PPU: NOT IMPLEMENTED YET
C037  CA        DEX                             A:00 X:4C Y:06 P:24 SP:FF PPU: NOT IMPLEMENTED YET
C038  D0 FA     BNE $C034                       A:00 X:4B Y:06 P:24 SP:FF PPU: NOT IMPLEMENTED YET
C034  8D 07 20  STA $2007 = 00                  A:00 X:4B Y:06 P:24 SP:FF PPU: NOT IMPLEMENTED YET
C037  CA        DEX                             A:00 X:4B Y:06 P:24 SP:FF PPU: NOT IMPLEMENTED YET
C038  D0 FA     BNE $C034                       A:00 X:4A Y:06 P:24 SP:FF PPU: NOT IMPLEMENTED YET
C034  8D 07 20  STA $2007 = 00                  A:00 X:4A Y:06 P:24 SP:FF PPU: NOT IMPLEMENTED YET
C037  CA        DEX                             A:00 X:4A Y:06 P:24 SP:FF PPU: NOT IMPLEMENTED YET
C038  D0 FA     BNE $C034                       A:00 X:49 Y:06 P:24 SP:FF PPU: NOT IMPLEMENTED YET
C034  8D 07 20  STA $2007 = 00                  A:00 X:49 Y:06 P:24 SP:FF PPU: NOT IMPLEMENTED YET
C037  CA        DEX                             A:00 X:49 Y:06 P:24 SP:FF PPU: NOT IMPLEMENTED YET
C038  D0 FA     BNE $C034                       A:00 X:48 Y:06 P:24 SP:FF PPU: NOT IMPLEMENTED YET
C034  8D 07 20  STA $2007 = 00                  A:00 X:48 Y:06 P:24 SP:FF PPU: NOT IMPLEMENTED YET
C037  CA        DEX                             A:00 X:48 Y:06 P:24 SP:FF PPU: NOT IMPLEMENTED YET
C038  D0 FA     BNE $C034                       A:00 X:47 Y:06 P:24 SP:FF PPU: NOT IMPLEMENTED YET
C034  8D 07 20  STA $2007 = 00                  A:00 X:47 Y:06 P:24 SP:FF PPU: NOT IMPLEMENTED YET
C037  CA        DEX                             A:00 X:47 Y:06 P:24 SP:FF PPU: NOT IMPLEMENTED YET
C038  D0 FA     BNE $C034                       A:00 X:46 Y:06 P:24 SP:FF PPU: NOT IMPLEMENTED YET
C034  8D 07 20  STA $2007 = 00                  A:00 X:46 Y:06 P:24 SP:FF PPU: NOT IMPLEMENTED YET
C037  CA        DEX                             A:00 X:46 Y:06 P:24 SP:FF PPU: NOT IMPLEMENTED YET
C038  D0 FA     BNE $C034                       A:00 X:45 Y:06 P:24 SP:FF PPU: NOT IMPLEMENTED YET
C034  8D 07 20  STA $2007 = 00                  A:00 X:45 Y:06 P:24 SP:FF PPU: NOT IMPLEMENTED YET
C037  CA        DEX                             A:00 X:45 Y:06 P:24 SP:FF PPU: NOT IMPLEMENTED YET
C038  D0 FA     BNE $C034                       A:00 X:44 Y:06 P:24 SP:FF PPU: NOT IMPLEMENTED YET
C034  8D 07 20  STA $2007 = 00                  A:00 X:44 Y:06 P:24 SP:FF PPU: NOT IMPLEMENTED YET
C037  CA        DEX                             A:00 X:44 Y:06 P:24 SP:FF PPU: NOT IMPLEMENTED YET
C038  D0 FA     BNE $C034                       A:00 X:43 Y:06 P:24 SP:FF PPU: NOT IMPLEMENTED YET
C034  8D 07 20  STA $2007 = 00                  A:00 X:43 Y:06 P:24 SP:FF PPU: NOT IMPLEMENTED YET
C037  CA        DEX                             A:00 X:43 Y:06 P:24 SP:FF PPU: NOT IMPLEMENTED YET
C038  D0 FA     BNE $C034                       A:00 X:42 Y:06 P:24 SP:FF PPU: NOT IMPLEMENTED YET
C034  8D 07 20  STA $2007 = 00                  A:00 X:42 Y:06 P:24 SP:FF PPU: NOT IMPLEMENTED YET
C037  CA        DEX                             A:00 X:42 Y:06 P:24 SP:FF PPU: NOT IMPLEMENTED YET
C038  D0 FA     BNE $C034                       A:00 X:41 Y:06 P:24 SP:FF PPU: NOT IMPLEMENTED YET
C034  8D 07 20  STA $2007 = 00                  A:00 X:41 Y:06 P:24 SP:FF PPU: NOT IMPLEMENTED YET
C037  CA        DEX                             A:00 X:41 Y:06 P:24 SP:FF PPU: NOT IMPLEMENTED YET
C038  D0 FA     BNE $C034                       A:00 X:40 Y:06 P:24 SP:FF PPU: NOT IMPLEMENTED YET
C034  8D 07 20  STA $2007 = 00                  A:00 X:40 Y:06 P:24 SP:FF PPU: NOT IMPLEMENTED YET
C037  CA        DEX                             A:00 X:40 Y:06 P:24 SP:FF PPU: NOT IMPLEMENTED YET
C038  D0 FA     BNE $C034                       A:00 X:3F Y:06 P:24 SP:FF PPU: NOT IMPLEMENTED YET
C034  8D 07 20  STA $2007 = 00                  A:00 X:3F Y:06 P:24 SP:FF PPU: NOT IMPLEMENTED YET
C037  CA        DEX                             A:00 X:3F Y:06 P:24 SP:FF PPU: NOT IMPLEMENTED YET
C038  D0 FA     BNE $C034                       A:00 X:3E Y:06 P:24 SP:FF PPU: NOT IMPLEMENTED YET
C034  8D 07 20  STA $2007 = 00                  A:00 X:3E Y:06 P:24 SP:FF PPU: NOT IMPLEMENTED YET
C037  CA        DEX                             A:00 X:3E Y:06 P:24 SP:FF PPU: NOT IMPLEMENTED YET
C038  D0 FA     BNE $C034                       A:00 X:3D Y:06 P:24 SP:FF PPU: NOT IMPLEMENTED YET
C034  8D 07 20  STA $2007 = 00                  A:00 X:3D Y:06 P:24 SP:FF PPU: NOT IMPLEMENTED YET
C037  CA        DEX                             A:00 X:3D Y:06 P:24 SP:FF PPU: NOT IMPLEMENTED YET
C038  D0 FA     BNE $C034                       A:00 X:3C Y:06 P:24 SP:FF PPU: NOT IMPLEMENTED YET
C034  8D 07 20  STA $2007 = 00                  A:00 X:3C Y:06 P:24 SP:FF PPU: NOT IMPLEMENTED YET
C037  CA        DEX                             A:00 X:3C Y:06 P:24 SP:FF PPU: NOT IMPLEMENTED YET
C038  D0 FA     BNE $C034                       A:00 X:3B Y:06 P:24 SP:FF PPU: NOT IMPLEMENTED YET
C034  8D 07 20  STA $2007 = 00                  A:00 X:3B Y:06 P:24 SP:FF PPU: NOT IMPLEMENTED YET
C037  CA        DEX                             A:00 X:3B Y:06 P:24 SP:FF PPU: NOT IMPLEMENTED YET
C038  D0 FA     BNE $C034                       A:00 X:3A Y:06 P:24 SP:FF PPU: NOT IMPLEMENTED YET
C034  8D 07 20  STA $2007 = 00                  A:00 X:3A Y:06 P:24 SP:FF PPU: NOT IMPLEMENTED YET
C037  CA        DEX                             A:00 X:3A Y:06 P:24 SP:FF PPU: NOT IMPLEMENTED YET
C038  D0 FA     BNE $C034                       A:00 X:39 Y:06 P:24 SP:FF PPU: NOT IMPLEMENTED YET
C034  8D 07 20  STA $2007 = 00                  A:00 X:39 Y:06 P:24 SP:FF PPU: NOT IMPLEMENTED YET
C037  CA        DEX                             A:00 X:39 Y:06 P:24 SP:FF PPU: NOT IMPLEMENTED YET
C038  D0 FA     BNE $C034                       A:00 X:38 Y:06 P:24 SP:FF PPU: NOT IMPLEMENTED YET
C034  8D 07 20  STA $2007 = 00                  A:00 X:38 Y:06 P:24 SP:FF PPU: NOT IMPLEMENTED YET
C037  CA        DEX                             A:00 X:38 Y:06 P:24 SP:FF PPU: NOT IMPLEMENTED YET
C038  D0 FA     BNE $C034                       A:00 X:37 Y:06 P:24 SP:FF PPU: NOT IMPLEMENTED YET
C034  8D 07 20  STA $2007 = 00                  A:00 X:37 Y:06 P:24 SP:FF PPU: NOT IMPLEMENTED YET
C037  CA        DEX                             A:00 X:37 Y:06 P:24 SP:FF PPU: NOT IMPLEMENTED YET
C038  D0 FA     BNE $C034                       A:00 X:36 Y:06 P:24 SP:FF PPU: NOT IMPLEMENTED YET
C034  8D 07 20  STA $2007 = 00                  A:00 X:36 Y:06 P:24 SP:FF PPU: NOT IMPLEMENTED YET
C037  CA        DEX                             A:00 X:36 Y:06 P:24 SP:FF PPU: NOT IMPLEMENTED YET
C038  D0 FA     BNE $C034                       A:00 X:35 Y:06 P:24 SP:FF PPU: NOT IMPLEMENTED YET
C034  8D 07 20  STA $2007 = 00                  A:00 X:35 Y:06 P:24 SP:FF PPU: NOT IMPLEMENTED YET
C037  CA        DEX                             A:00 X:35 Y:06 P:24 SP:FF PPU: NOT IMPLEMENTED YET
C038  D0 FA     BNE $C034                       A:00 X:34 Y:06 P:24 SP:FF PPU: NOT IMPLEMENTED YET
C034  8D 07 20  STA $2007 = 00                  A:00 X:34 Y:06 P:24 SP:FF PPU: NOT IMPLEMENTED YET
C037  CA        DEX                             A:00 X:34 Y:06 P:24 SP:FF PPU: NOT IMPLEMENTED YET
C038  D0 FA     BNE $C034                       A:00 X:33 Y:06 P:24 SP:FF PPU: NOT IMPLEMENTED YET
C034  8D 07 20  STA $2007 = 00                  A:00 X:33 Y:06 P:24 SP:FF PPU: NOT IMPLEMENTED YET
C037  CA        DEX                             A:00 X:33 Y:06 P:24 SP:FF PPU: NOT IMPLEMENTED YET
C038  D0 FA     BNE $C034                       A:00 X:32 Y:06 P:24 SP:FF PPU: NOT IMPLEMENTED YET
C034  8D 07 20  STA $2007 = 00                  A:00 X:32 Y:06 P:24 SP:FF PPU: NOT IMPLEMENTED YET
C037  CA        DEX                             A:00 X:32 Y:06 P:24 SP:FF PPU: NOT IMPLEMENTED YET
C038  D0 FA     BNE $C034                       A:00 X:31 Y:06 P:24 SP:FF PPU: NOT IMPLEMENTED YET
C034  8D 07 20  STA $2007 = 00                  A:00 X:31 Y:06 P:24 SP:FF PPU: NOT IMPLEMENTED YET
C037  CA        DEX                             A:00 X:31 Y:06 P:24 SP:FF PPU: NOT IMPLEMENTED YET
C038  D0 FA     BNE $C034                       A:00 X:30 Y:06 P:24 SP:FF PPU: NOT IMPLEMENTED YET
C034  8D 07 20  STA $2007 = 00                  A:00 X:30 Y:06 P:24 SP:FF PPU: NOT IMPLEMENTED YET
C037  CA        DEX                             A:00 X:30 Y:06 P:24 SP:FF PPU: NOT IMPLEMENTED YET
C038  D0 FA     BNE $C034                       A:00 X:2F Y:06 P:24 SP:FF PPU: NOT IMPLEMENTED YET
C034  8D 07 20  STA $2007 = 00                  A:00 X:2F Y:06 P:24 SP:FF PPU: NOT IMPLEMENTED YET
C037  CA        DEX                             A:00 X:2F Y:06 P:24 SP:FF PPU: NOT IMPLEMENTED YET
C038  D0 FA     BNE $C034                       A:00 X:2E Y:06 P:24 SP:FF PPU: NOT IMPLEMENTED YET
C034  8D 07 20  STA $2007 = 00                  A:00 X:2E Y:06 P:24 SP:FF PPU: NOT IMPLEMENTED YET
C037  CA        DEX                             A:00 X:2E Y:06 P:24 SP:FF PPU: NOT IMPLEMENTED YET
C038  D0 FA     BNE $C034                       A:00 X:2D Y:06 P:24 SP:FF PPU: NOT IMPLEMENTED YET
C034  8D 07 20  STA $2007 = 00                  A:00 X:2D Y:06 P:24 SP:FF PPU: NOT IMPLEMENTED YET
C037  CA        DEX                             A:00 X:2D Y:06 P:24 SP:FF PPU: NOT IMPLEMENTED YET
C038  D0 FA     BNE $C034                       A:00 X:2C Y:06 P:24 SP:FF PPU: NOT IMPLEMENTED YET
C034  8D 07 20  STA $2007 = 00                  A:00 X:2C Y:06 P:24 SP:FF PPU: NOT IMPLEMENTED YET
C037  CA        DEX                             A:00 X:2C Y:06 P:24 SP:FF PPU: NOT IMPLEMENTED YET
C038  D0 FA     BNE $C034                       A:00 X:2B Y:06 P:24 SP:FF PPU: NOT IMPLEMENTED YET
C034  8D 07 20  STA $2007 = 00                  A:00 X:2B Y:06 P:24 SP:FF PPU: NOT IMPLEMENTED YET
C037  CA        DEX                             A:00 X:2B Y:06 P:24 SP:FF PPU: NOT IMPLEMENTED YET
C038  D0 FA     BNE $C034                       A:00 X:2A Y:06 P:24 SP:FF PPU: NOT IMPLEMENTED YET
C034  8D 07 20  STA $2007 = 00                  A:00 X:2A Y:06 P:24 SP:FF PPU: NOT IMPLEMENTED YET
C037  CA        DEX                             A:00 X:2A Y:06 P:24 SP:FF PPU: NOT IMPLEMENTED YET
C038  D0 FA     BNE $C034                       A:00 X:29 Y:06 P:24 SP:FF PPU: NOT IMPLEMENTED YET
C034  8D 07 20  STA $2007 = 00                  A:00 X:29 Y:06 P:24 SP:FF PPU: NOT IMPLEMENTED YET
C037  CA        DEX                             A:00 X:29 Y:06 P:24 SP:FF PPU: NOT IMPLEMENTED YET
C038  D0 FA     BNE $C034                       A:00 X:28 Y:06 P:24 SP:FF PPU: NOT IMPLEMENTED YET
C034  8D 07 20  STA $2007 = 00                  A:00 X:28 Y:06 P:24 SP:FF PPU: NOT IMPLEMENTED YET
C037  CA        DEX                             A:00 X:28 Y:06 P:24 SP:FF PPU: NOT IMPLEMENTED YET
C038  D0 FA     BNE $C034                       A:00 X:27 Y:06 P:24 SP:FF PPU: NOT IMPLEMENTED YET
C034  8D 07 20  STA $2007 = 00                  A:00 X:27 Y:06 P:24 SP:FF PPU: NOT IMPLEMENTED YET
C037  CA        DEX                             A:00 X:27 Y:06 P:24 SP:FF PPU: NOT IMPLEMENTED YET
C038  D0 FA     BNE $C034                       A:00 X:26 Y:06 P:24 SP:FF PPU: NOT IMPLEMENTED YET
C034  8D 07 20  STA $2007 = 00                  A:00 X:26 Y:06 P:24 SP:FF PPU: NOT IMPLEMENTED YET
C037  CA        DEX                             A:00 X:26 Y:06 P:24 SP:FF PPU: NOT IMPLEMENTED YET
C038  D0 FA     BNE $C034                       A:00 X:25 Y:06 P:24 SP:FF PPU: NOT IMPLEMENTED YET
C034  8D 07 20  STA $2007 = 00                  A:00 X:25 Y:06 P:24 SP:FF PPU: NOT IMPLEMENTED YET
C037  CA        DEX                             A:00 X:25 Y:06 P:24 SP:FF PPU: NOT IMPLEMENTED YET
C038  D0 FA     BNE $C034                       A:00 X:24 Y:06 P:24 SP:FF PPU: NOT IMPLEMENTED YET
C034  8D 07 20  STA $2007 = 00                  A:00 X:24 Y:06 P:24 SP:FF PPU: NOT IMPLEMENTED YET
C037  CA        DEX                             A:00 X:24 Y:06 P:24 SP:FF PPU: NOT IMPLEMENTED YET
C038  D0 FA     BNE $C034                       A:00 X:23 Y:06 P:24 SP:FF PPU: NOT IMPLEMENTED YET
C034  8D 07 20  STA $2007 = 00                  A:00 X:23 Y:06 P:24 SP:FF PPU: NOT IMPLEMENTED YET
C037  CA        DEX                             A:00 X:23 Y:06 P:24 SP:FF PPU: NOT IMPLEMENTED YET
C038  D0 FA     BNE $C034                       A:00 X:22 Y:06 P:24 SP:FF PPU: NOT IMPLEMENTED YET
C034  8D 07 20  STA $2007 = 00                  A:00 X:22 Y:06 P:24 SP:FF PPU: NOT IMPLEMENTED YET
C037  CA        DEX                             A:00 X:22 Y:06 P:24 SP:FF PPU: NOT IMPLEMENTED YET
C038  D0 FA     BNE $C034                       A:00 X:21 Y:06 P:24 SP:FF PPU: NOT IMPLEMENTED YET
C034  8D 07 20  STA $2007 = 00                  A:00 X:21 Y:06 P:24 SP:FF PPU: NOT IMPLEMENTED YET
C037  CA        DEX                             A:00 X:21 Y:06 P:24 SP:FF PPU: NOT IMPLEMENTED YET
C038  D0 FA     BNE $C034                       A:00 X:20 Y:06 P:24 SP:FF PPU: NOT IMPLEMENTED YET
C034  8D 07 20  STA $2007 = 00                  A:00 X:20 Y:06 P:24 SP:FF PPU: NOT IMPLEMENTED YET
C037  CA        DEX                             A:00 X:20 Y:06 P:24 SP:FF PPU: NOT IMPLEMENTED YET
C038  D0 FA     BNE $C034                       A:00 X:1F Y:06 P:24 SP:FF PPU: NOT IMPLEMENTED YET
C034  8D 07 20  STA $2007 = 00                  A:00 X:1F Y:06 P:24 SP:FF PPU: NOT IMPLEMENTED YET
C037  CA        DEX                             A:00 X:1F Y:06 P:24 SP:FF PPU: NOT IMPLEMENTED YET
C038  D0 FA     BNE $C034                       A:00 X:1E Y:06 P:24 SP:FF PPU: NOT IMPLEMENTED YET
C034  8D 07 20  STA $2007 = 00                  A:00 X:1E Y:06 P:24 SP:FF PPU: NOT IMPLEMENTED YET
C037  CA        DEX                             A:00 X:1E Y:06 P:24 SP:FF PPU: NOT IMPLEMENTED YET
C038  D0 FA     BNE $C034                       A:00 X:1D Y:06 P:24 SP:FF PPU: NOT IMPLEMENTED YET
C034  8D 07 20  STA $2007 = 00                  A:00 X:1D Y:06 P:24 SP:FF PPU: NOT IMPLEMENTED YET
C037  CA        DEX                             A:00 X:1D Y:06 P:24 SP:FF PPU: NOT IMPLEMENTED YET
C038  D0 FA     BNE $C034                       A:00 X:1C Y:06 P:24 SP:FF PPU: NOT IMPLEMENTED YET
C034  8D 07 20  STA $2007 = 00                  A:00 X:1C Y:06 P:24 SP:FF PPU: NOT IMPLEMENTED YET
C037  CA        DEX                             A:00 X:1C Y:06 P:24 SP:FF PPU: NOT IMPLEMENTED YET
C038  D0 FA     BNE $C034                       A:00 X:1B Y:06 P:24 SP:FF PPU: NOT IMPLEMENTED YET
C034  8D 07 20  STA $2007 = 00                  A:00 X:1B Y:06 P:24 SP:FF PPU: NOT IMPLEMENTED YET
C037  CA        DEX                             A:00 X:1B Y:06 P:24 SP:FF PPU: NOT IMPLEMENTED YET
C038  D0 FA     BNE $C034                       A:00 X:1A Y:06 P:24 SP:FF PPU: NOT IMPLEMENTED YET
C034  8D 07 20  STA $2007 = 00                  A:00 X:1A Y:06 P:24 SP:FF PPU: NOT IMPLEMENTED YET
C037  CA        DEX                             A:00 X:1A Y:06 P:24 SP:FF PPU: NOT IMPLEMENTED YET
C038  D0 FA     BNE $C034                       A:00 X:19 Y:06 P:24 SP:FF PPU: NOT IMPLEMENTED YET
C034  8D 07 20  STA $2007 = 00                  A:00 X:19 Y:06 P:24 SP:FF PPU: NOT IMPLEMENTED YET
C037  CA        DEX                             A:00 X:19 Y:06 P:24 SP:FF PPU: NOT IMPLEMENTED YET
C038  D0 FA     BNE $C034                       A:00 X:18 Y:06 P:24 SP:FF PPU: NOT IMPLEMENTED YET
C034  8D 07 20  STA $2007 = 00                  A:00 X:18 Y:06 P:24 SP:FF PPU: NOT IMPLEMENTED YET
C037  CA        DEX                             A:00 X:18 Y:06 P:24 SP:FF PPU: NOT IMPLEMENTED YET
C038  D0 FA     BNE $C034                       A:00 X:17 Y:06 P:24 SP:FF PPU: NOT IMPLEMENTED YET
C034  8D 07 20  STA $2007 = 00                  A:00 X:17 Y:06 P:24 SP:FF PPU: NOT IMPLEMENTED YET
C037  CA        DEX                             A:00 X:17 Y:06 P:24 SP:FF PPU: NOT IMPLEMENTED YET
C038  D0 FA     BNE $C034                       A:00 X:16 Y:06 P:24 SP:FF PPU: NOT IMPLEMENTED YET
C034  8D 07 20  STA $2007 = 00                  A:00 X:16 Y:06 P:24 SP:FF PPU: NOT IMPLEMENTED YET
C037  CA        DEX                             A:00 X:16 Y:06 P:24 SP:FF PPU: NOT IMPLEMENTED YET
C038  D0 FA     BNE $C034                       A:00 X:15 Y:06 P:24 SP:FF PPU: NOT IMPLEMENTED YET
C034  8D 07 20  STA $2007 = 00                  A:00 X:15 Y:06 P:24 SP:FF PPU: NOT IMPLEMENTED YET
C037  CA        DEX                             A:00 X:15 Y:06 P:24 SP:FF PPU: NOT IMPLEMENTED YET
C038  D0 FA     BNE $C034                       A:00 X:14 Y:06 P:24 SP:FF PPU: NOT IMPLEMENTED YET
C034  8D 07 20  STA $2007 = 00                  A:00 X:14 Y:06 P:24 SP:FF PPU: NOT IMPLEMENTED YET
C037  CA        DEX                             A:00 X:14 Y:06 P:24 SP:FF PPU: NOT IMPLEMENTED YET
C038  D0 FA     BNE $C034                       A:00 X:13 Y:06 P:24 SP:FF PPU: NOT IMPLEMENTED YET
C034  8D 07 20  STA $2007 = 00                  A:00 X:13 Y:06 P:24 SP:FF PPU: NOT IMPLEMENTED YET
C037  CA        DEX                             A:00 X:13 Y:06 P:24 SP:FF PPU: NOT IMPLEMENTED YET
C038  D0 FA     BNE $C034                       A:00 X:12 Y:06 P:24 SP:FF PPU: NOT IMPLEMENTED YET
C034  8D 07 20  STA $2007 = 00                  A:00 X:12 Y:06 P:24 SP:FF PPU: NOT IMPLEMENTED YET
C037  CA        DEX                             A:00 X:12 Y:06 P:24 SP:FF PPU: NOT IMPLEMENTED YET
C038  D0 FA     BNE $C034                       A:00 X:11 Y:06 P:24 SP:FF PPU: NOT IMPLEMENTED YET
C034  8D 07 20  STA $2007 = 00                  A:00 X:11 Y:06 P:24 SP:FF PPU: NOT IMPLEMENTED YET
C037  CA        DEX                             A:00 X:11 Y:06 P:24 SP:FF PPU: NOT IMPLEMENTED YET
C038  D0 FA     BNE $C034                       A:00 X:10 Y:06 P:24 SP:FF PPU: NOT IMPLEMENTED YET
C034  8D 07 20  STA $2007 = 00                  A:00 X:10 Y:06 P:24 SP:FF PPU: NOT IMPLEMENTED YET
C037  CA        DEX                             A:00 X:10 Y:06 P:24 SP:FF PPU: NOT IMPLEMENTED YET
C038  D0 FA     BNE $C034                       A:00 X:0F Y:06 P:24 SP:FF PPU: NOT IMPLEMENTED YET
C034  8D 07 20  STA $2007 = 00                  A:00 X:0F Y:06 P:24 SP:FF PPU: NOT IMPLEMENTED YET
C037  CA        DEX                             A:00 X:0F Y:06 P:24 SP:FF PPU: NOT IMPLEMENTED YET
C038  D0 FA     BNE $C034                       A:00 X:0E Y:06 P:24 SP:FF PPU: NOT IMPLEMENTED YET
C034  8D 07 20  STA $2007 = 00                  A:00 X:0E Y:06 P:24 SP:FF PPU: NOT IMPLEMENTED YET
C037  CA        DEX                             A:00 X:0E Y:06 P:24 SP:FF PPU: NOT IMPLEMENTED YET
C038  D0 FA     BNE $C034                       A:00 X:0D Y:06 P:24 SP:FF PPU: NOT IMPLEMENTED YET
C034  8D 07 20  STA $2007 = 00                  A:00 X:0D Y:06 P:24 SP:FF PPU: NOT IMPLEMENTED YET
C037  CA        DEX                             A:00 X:0D Y:06 P:24 SP:FF PPU: NOT IMPLEMENTED YET
C038  D0 FA     BNE $C034                       A:00 X:0C Y:06 P:24 SP:FF PPU: NOT IMPLEMENTED YET
C034  8D 07 20  STA $2007 = 00                  A:00 X:0C Y:06 P:24 SP:FF PPU: NOT IMPLEMENTED YET
C037  CA        DEX                             A:00 X:0C Y:06 P:24 SP:FF PPU: NOT IMPLEMENTED YET
C038  D0 FA     BNE $C034                       A:00 X:0B Y:06 P:24 SP:FF PPU: NOT IMPLEMENTED YET
C034  8D 07 20  STA $2007 = 00                  A:00 X:0B Y:06 P:24 SP:FF PPU: NOT IMPLEMENTED YET
C037  CA        DEX                             A:00 X:0B Y:06 P:24 SP:FF PPU: NOT IMPLEMENTED YET
C038  D0 FA     BNE $C034                       A:00 X:0A Y:06 P:24 SP:FF PPU: NOT IMPLEMENTED YET
C034  8D 07 20  STA $2007 = 00                  A:00 X:0A Y:06 P:24 SP:FF PPU: NOT IMPLEMENTED YET
C037  CA        DEX                             A:00 X:0A Y:06 P:24 SP:FF PPU: NOT IMPLEMENTED YET
C038  D0 FA     BNE $C034                       A:00 X:09 Y:06 P:24 SP:FF PPU: NOT IMPLEMENTED YET
C034  8D 07 20  STA $2007 = 00                  A:00 X:09 Y:06 P:24 SP:FF PPU: NOT IMPLEMENTED YET
C037  CA        DEX                             A:00 X:09 Y:06 P:24 SP:FF PPU: NOT IMPLEMENTED YET
C038  D0 FA     BNE $C034                       A:00 X:08 Y:06 P:24 SP:FF PPU: NOT IMPLEMENTED YET
C034  8D 07 20  STA $2007 = 00                  A:00 X:08 Y:06 P:24 SP:FF PPU: NOT IMPLEMENTED YET
C037  CA        DEX                             A:00 X:08 Y:06 P:24 SP:FF PPU: NOT IMPLEMENTED YET
C038  D0 FA     BNE $C034                       A:00 X:07 Y:06 P:24 SP:FF PPU: NOT IMPLEMENTED YET
C034  8D 07 20  STA $2007 = 00                  A:00 X:07 Y:06 P:24 SP:FF PPU: NOT IMPLEMENTED YET
C037  CA        DEX                             A:00 X:07 Y:06 P:24 SP:FF PPU: NOT IMPLEMENTED YET
C038  D0 FA     BNE $C034                       A:00 X:06 Y:06 P:24 SP:FF PPU: NOT IMPLEMENTED YET
C034  8D 07 20  STA $2007 = 00                  A:00 X:06 Y:06 P:24 SP:FF PPU: NOT IMPLEMENTED YET
C037  CA        DEX                             A:00 X:06 Y:06 P:24 SP:FF PPU: NOT IMPLEMENTED YET
C038  D0 FA     BNE $C034                       A:00 X:05 Y:06 P:24 SP:FF PPU: NOT IMPLEMENTED YET
C034  8D 07 20  STA $2007 = 00                  A:00 X:05 Y:06 P:24 SP:FF PPU: NOT IMPLEMENTED YET
C037  CA        DEX                             A:00 X:05 Y:06 P:24 SP:FF PPU: NOT IMPLEMENTED YET
C038  D0 FA     BNE $C034                       A:00 X:04 Y:06 P:24 SP:FF PPU: NOT IMPLEMENTED YET
C034  8D 07 20  STA $2007 = 00                  A:00 X:04 Y:06 P:24 SP:FF PPU: NOT IMPLEMENTED YET
C037  CA        DEX                             A:00 X:04 Y:06 P:24 SP:FF PPU: NOT IMPLEMENTED YET
C038  D0 FA     BNE $C034                       A:00 X:03 Y:06 P:24 SP:FF PPU: NOT IMPLEMENTED YET
C034  8D 07 20  STA $2007 = 00                  A:00 X:03 Y:06 P:24 SP:FF PPU: NOT IMPLEMENTED YET
C037  CA        DEX                             A:00 X:03 Y:06 P:24 SP:FF PPU: NOT IMPLEMENTED YET
C038  D0 FA     BNE $C034                       A:00 X:02 Y:06 P:24 SP:FF PPU: NOT IMPLEMENTED YET
C034  8D 07 20  STA $2007 = 00                  A:00 X:02 Y:06 P:24 SP:FF PPU: NOT IMPLEMENTED YET
C037  CA        DEX                             A:00 X:02 Y:06 P:24 SP:FF PPU: NOT IMPLEMENTED YET
C038  D0 FA     BNE $C034                       A:00 X:01 Y:06 P:24 SP:FF PPU: NOT IMPLEMENTED YET
C034  8D 07 20  STA $2007 = 00                  A:00 X:01 Y:06 P:24 SP:FF PPU: NOT IMPLEMENTED YET
C037  CA        DEX                             A:00 X:01 Y:06 P:24 SP:FF PPU: NOT IMPLEMENTED YET
C038  D0 FA     BNE $C034                       A:00 X:00 Y:06 P:26 SP:FF PPU: NOT IMPLEMENTED YET
C03A  88        DEY                             A:00 X:00 Y:06 P:26 SP:FF PPU: NOT IMPLEMENTED YET
C03B  D0 F7     BNE $C034                       A:00 X:00 Y:05 P:24 SP:FF PPU: NOT IMPLEMENTED YET
C034  8D 07 20  STA $2007 = 00                  A:00 X:00 Y:05 P:24 SP:FF PPU: NOT IMPLEMENTED YET
C037  CA        DEX                             A:00 X:00 Y:05 P:24 SP:FF PPU: NOT IMPLEMENTED YET
C038  D0 FA     BNE $C034                       A:00 X:FF Y:05 P:A4 SP:FF PPU: NOT IMPLEMENTED YET
C034  8D 07 20  STA $2007 = 00                  A:00 X:FF Y:05 P:A4 SP:FF PPU: NOT IMPLEMENTED YET
C037  CA        DEX                             A:00 X:FF Y:05 P:A4 SP:FF PPU: NOT IMPLEMENTED YET
C038  D0 FA     BNE $C034                       A:00 X:FE Y:05 P:A4 SP:FF PPU: NOT IMPLEMENTED YET
C034  8D 07 20  STA $2007 = 00                  A:00 X:FE Y:05 P:A4 SP:FF PPU: NOT IMPLEMENTED YET
C037  CA        DEX                             A:00 X:FE Y:05 P:A4 SP:FF PPU: NOT IMPLEMENTED YET
C038  D0 FA     BNE $C034                       A:00 X:FD Y:05 P:A4 SP:FF PPU: NOT IMPLEMENTED YET
C034  8D 07 20  STA $2007 = 00                  A:00 X:FD Y:05 P:A4 SP:FF PPU: NOT IMPLEMENTED YET
C037  CA        DEX                             A:00 X:FD Y:05 P:A4 SP:FF PPU: NOT IMPLEMENTED YET
C038  D0 FA     BNE $C034                       A:00 X:FC Y:05 P:A4 SP:FF PPU: NOT IMPLEMENTED YET
C034  8D 07 20  STA $2007 = 00                  A:00 X:FC Y:05 P:A4 SP:FF PPU: NOT IMPLEMENTED YET
C037  CA        DEX                             A:00 X:FC Y:05 P:A4 SP:FF PPU: NOT IMPLEMENTED YET
C038  D0 FA     BNE $C034                       A:00 X:FB Y:05 P:A4 SP:FF PPU: NOT IMPLEMENTED YET
C034  8D 07 20  STA $2007 = 00                  A:00 X:FB Y:05 P:A4 SP:FF PPU: NOT IMPLEMENTED YET
C037  CA        DEX                             A:00 X:FB Y:05 P:A4 SP:FF PPU: NOT IMPLEMENTED YET
C038  D0 FA     BNE $C034                       A:00 X:FA Y:05 P:A4 SP:FF PPU: NOT IMPLEMENTED YET
C034  8D 07 20  STA $2007 = 00                  A:00 X:FA Y:05 P:A4 SP:FF PPU: NOT IMPLEMENTED YET
C037  CA        DEX                             A:00 X:FA Y:05 P:A4 SP:FF PPU: NOT IMPLEMENTED YET
C038  D0 FA     BNE $C034                       A:00 X:F9 Y:05 P:A4 SP:FF PPU: NOT IMPLEMENTED YET
C034  8D 07 20  STA $2007 = 00                  A:00 X:F9 Y:05 P:A4 SP:FF PPU: NOT IMPLEMENTED YET
C037  CA        DEX                             A:00 X:F9 Y:05 P:A4 SP:FF PPU: NOT IMPLEMENTED YET
C038  D0 FA     BNE $C034                       A:00 X:F8 Y:05 P:A4 SP:FF PPU: NOT IMPLEMENTED YET
C034  8D 07 20  STA $2007 = 00                  A:00 X:F8 Y:05 P:A4 SP:FF PPU: NOT IMPLEMENTED YET
C037  CA        DEX                             A:00 X:F8 Y:05 P:A4 SP:FF PPU: NOT IMPLEMENTED YET
C038  D0 FA     BNE $C034                       A:00 X:F7 Y:05 P:A4 SP:FF PPU: NOT IMPLEMENTED YET
C034  8D 07 20  STA $2007 = 00                  A:00 X:F7 Y:05 P:A4 SP:FF PPU: NOT IMPLEMENTED YET
C037  CA        DEX                             A:00 X:F7 Y:05 P:A4 SP:FF PPU: NOT IMPLEMENTED YET
C038  D0 FA     BNE $C034                       A:00 X:F6 Y:05 P:A4 SP:FF PPU: NOT IMPLEMENTED YET
C034  8D 07 20  STA $2007 = 00                  A:00 X:F6 Y:05 P:A4 SP:FF PPU: NOT IMPLEMENTED YET
C037  CA        DEX                             A:00 X:F6 Y:05 P:A4 SP:FF PPU: NOT IMPLEMENTED YET
C038  D0 FA     BNE $C034                       A:00 X:F5 Y:05 P:A4 SP:FF PPU: NOT IMPLEMENTED YET
C034  8D 07 20  STA $2007 = 00                  A:00 X:F5 Y:05 P:A4 SP:FF PPU: NOT IMPLEMENTED YET
C037  CA        DEX                             A:00 X:F5 Y:05 P:A4 SP:FF PPU: NOT IMPLEMENTED YET
C038  D0 FA     BNE $C034                       A:00 X:F4 Y:05 P:A4 SP:FF PPU: NOT IMPLEMENTED YET
C034  8D 07 20  STA $2007 = 00                  A:00 X:F4 Y:05 P:A4 SP:FF PPU: NOT IMPLEMENTED YET
C037  CA        DEX                             A:00 X:F4 Y:05 P:A4 SP:FF PPU: NOT IMPLEMENTED YET
C038  D0 FA     BNE $C034                       A:00 X:F3 Y:05 P:A4 SP:FF PPU: NOT IMPLEMENTED YET
C034  8D 07 20  STA $2007 = 00                  A:00 X:F3 Y:05 P:A4 SP:FF PPU: NOT IMPLEMENTED YET
C037  CA        DEX                             A:00 X:F3 Y:05 P:A4 SP:FF PPU: NOT IMPLEMENTED YET
C038  D0 FA     BNE $C034                       A:00 X:F2 Y:05 P:A4 SP:FF PPU: NOT IMPLEMENTED YET
C034  8D 07 20  STA $2007 = 00                  A:00 X:F2 Y:05 P:A4 SP:FF PPU: NOT IMPLEMENTED YET
C037  CA        DEX                             A:00 X:F2 Y:05 P:A4 SP:FF PPU: NOT IMPLEMENTED YET
C038  D0 FA     BNE $C034                       A:00 X:F1 Y:05 P:A4 SP:FF PPU: NOT IMPLEMENTED YET
C034  8D 07 20  STA $2007 = 00                  A:00 X:F1 Y:05 P:A4 SP:FF PPU: NOT IMPLEMENTED YET
C037  CA        DEX                             A:00 X:F1 Y:05 P:A4 SP:FF PPU: NOT IMPLEMENTED YET
C038  D0 FA     BNE $C034                       A:00 X:F0 Y:05 P:A4 SP:FF PPU: NOT IMPLEMENTED YET
C034  8D 07 20  STA $2007 = 00                  A:00 X:F0 Y:05 P:A4 SP:FF PPU: NOT IMPLEMENTED YET
C037  CA        DEX                             A:00 X:F0 Y:05 P:A4 SP:FF PPU: NOT IMPLEMENTED YET
C038  D0 FA     BNE $C034                       A:00 X:EF Y:05 P:A4 SP:FF PPU: NOT IMPLEMENTED YET
C034  8D 07 20  STA $2007 = 00                  A:00 X:EF Y:05 P:A4 SP:FF PPU: NOT IMPLEMENTED YET
C037  CA        DEX                             A:00 X:EF Y:05 P:A4 SP:FF PPU: NOT IMPLEMENTED YET
C038  D0 FA     BNE $C034                       A:00 X:EE Y:05 P:A4 SP:FF PPU: NOT IMPLEMENTED YET
C034  8D 07 20  STA $2007 = 00                  A:00 X:EE Y:05 P:A4 SP:FF PPU: NOT IMPLEMENTED YET
C037  CA        DEX                             A:00 X:EE Y:05 P:A4 SP:FF PPU: NOT IMPLEMENTED YET
C038  D0 FA     BNE $C034                       A:00 X:ED Y:05 P:A4 SP:FF PPU: NOT IMPLEMENTED YET
C034  8D 07 20  STA $2007 = 00                  A:00 X:ED Y:05 P:A4 SP:FF PPU: NOT IMPLEMENTED YET
C037  CA        DEX                             A:00 X:ED Y:05 P:A4 SP:FF PPU: NOT IMPLEMENTED YET
C038  D0 FA     BNE $C034                       A:00 X:EC Y:05 P:A4 SP:FF PPU: NOT IMPLEMENTED YET
C034  8D 07 20  STA $2007 = 00                  A:00 X:EC Y:05 P:A4 SP:FF PPU: NOT IMPLEMENTED YET
C037  CA        DEX                             A:00 X:EC Y:05 P:A4 SP:FF PPU: NOT IMPLEMENTED YET
C038  D0 FA     BNE $C034                       A:00 X:EB Y:05 P:A4 SP:FF PPU: NOT IMPLEMENTED YET
C034  8D 07 20  STA $2007 = 00                  A:00 X:EB Y:05 P:A4 SP:FF PPU: NOT IMPLEMENTED YET
C037  CA        DEX                             A:00 X:EB Y:05 P:A4 SP:FF PPU: NOT IMPLEMENTED YET
C038  D0 FA     BNE $C034                       A:00 X:EA Y:05 P:A4 SP:FF PPU: NOT IMPLEMENTED YET
C034  8D 07 20  STA $2007 = 00                  A:00 X:EA Y:05 P:A4 SP:FF PPU: NOT IMPLEMENTED YET
C037  CA        DEX                             A:00 X:EA Y:05 P:A4 SP:FF PPU: NOT IMPLEMENTED YET
C038  D0 FA     BNE $C034                       A:00 X:E9 Y:05 P:A4 SP:FF PPU: NOT IMPLEMENTED YET
C034  8D 07 20  STA $2007 = 00                  A:00 X:E9 Y:05 P:A4 SP:FF PPU: NOT IMPLEMENTED YET
C037  CA        DEX                             A:00 X:E9 Y:05 P:A4 SP:FF PPU: NOT IMPLEMENTED YET
C038  D0 FA     BNE $C034                       A:00 X:E8 Y:05 P:A4 SP:FF PPU: NOT IMPLEMENTED YET
C034  8D 07 20  STA $2007 = 00                  A:00 X:E8 Y:05 P:A4 SP:FF PPU: NOT IMPLEMENTED YET
C037  CA        DEX                             A:00 X:E8 Y:05 P:A4 SP:FF PPU: NOT IMPLEMENTED YET
C038  D0 FA     BNE $C034                       A:00 X:E7 Y:05 P:A4 SP:FF PPU: NOT IMPLEMENTED YET
C034  8D 07 20  STA $2007 = 00                  A:00 X:E7 Y:05 P:A4 SP:FF PPU: NOT IMPLEMENTED YET
C037  CA        DEX                             A:00 X:E7 Y:05 P:A4 SP:FF PPU: NOT IMPLEMENTED YET
C038  D0 FA     BNE $C034                       A:00 X:E6 Y:05 P:A4 SP:FF PPU: NOT IMPLEMENTED YET
C034  8D 07 20  STA $2007 = 00                  A:00 X:E6 Y:05 P:A4 SP:FF PPU: NOT IMPLEMENTED YET
C037  CA        DEX                             A:00 X:E6 Y:05 P:A4 SP:FF PPU: NOT IMPLEMENTED YET
C038  D0 FA     BNE $C034                       A:00 X:E5 Y:05 P:A4 SP:FF PPU: NOT IMPLEMENTED YET
C034  8D 07 20  STA $2007 = 00                  A:00 X:E5 Y:05 P:A4 SP:FF PPU: NOT IMPLEMENTED YET
C037  CA        DEX                             A:00 X:E5 Y:05 P:A4 SP:FF PPU: NOT IMPLEMENTED YET
C038  D0 FA     BNE $C034                       A:00 X:E4 Y:05 P:A4 SP:FF PPU: NOT IMPLEMENTED YET
C034  8D 07 20  STA $2007 = 00                  A:00 X:E4 Y:05 P:A4 SP:FF PPU: NOT IMPLEMENTED YET
C037  CA        DEX                             A:00 X:E4 Y:05 P:A4 SP:FF PPU: NOT IMPLEMENTED YET
C038  D0 FA     BNE $C034                       A:00 X:E3 Y:05 P:A4 SP:FF PPU: NOT IMPLEMENTED YET
C034  8D 07 20  STA $2007 = 00                  A:00 X:E3 Y:05 P:A4 SP:FF PPU: NOT IMPLEMENTED YET
C037  CA        DEX                             A:00 X:E3 Y:05 P:A4 SP:FF PPU: NOT IMPLEMENTED YET
C038  D0 FA     BNE $C034                       A:00 X:E2 Y:05 P:A4 SP:FF PPU: NOT IMPLEMENTED YET
C034  8D 07 20  STA $2007 = 00                  A:00 X:E2 Y:05 P:A4 SP:FF PPU: NOT IMPLEMENTED YET
C037  CA        DEX                             A:00 X:E2 Y:05 P:A4 SP:FF PPU: NOT IMPLEMENTED YET
C038  D0 FA     BNE $C034                       A:00 X:E1 Y:05 P:A4 SP:FF PPU: NOT IMPLEMENTED YET
C034  8D 07 20  STA $2007 = 00                  A:00 X:E1 Y:05 P:A4 SP:FF PPU: NOT IMPLEMENTED YET
C037  CA        DEX                             A:00 X:E1 Y:05 P:A4 SP:FF PPU: NOT IMPLEMENTED YET
C038  D0 FA     BNE $C034                       A:00 X:E0 Y:05 P:A4 SP:FF PPU: NOT IMPLEMENTED YET
C034  8D 07 20  STA $2007 = 00                  A:00 X:E0 Y:05 P:A4 SP:FF PPU: NOT IMPLEMENTED YET
C037  CA        DEX                             A:00 X:E0 Y:05 P:A4 SP:FF PPU: NOT IMPLEMENTED YET
C038  D0 FA     BNE $C034                       A:00 X:DF Y:05 P:A4 SP:FF PPU: NOT IMPLEMENTED YET
C034  8D 07 20  STA $2007 = 00                  A:00 X:DF Y:05 P:A4 SP:FF PPU: NOT IMPLEMENTED YET
C037  CA        DEX                             A:00 X:DF Y:05 P:A4 SP:FF PPU: NOT IMPLEMENTED YET
C038  D0 FA     BNE $C034                       A:00 X:DE Y:05 P:A4 SP:FF PPU: NOT IMPLEMENTED YET
C034  8D 07 20  STA $2007 = 00                  A:00 X:DE Y:05 P:A4 SP:FF PPU: NOT IMPLEMENTED YET
C037  CA        DEX                             A:00 X:DE Y:05 P:A4 SP:FF PPU: NOT IMPLEMENTED YET
C038  D0 FA     BNE $C034                       A:00 X:DD Y:05 P:A4 SP:FF PPU: NOT IMPLEMENTED YET
C034  8D 07 20  STA $2007 = 00                  A:00 X:DD Y:05 P:A4 SP:FF PPU: NOT IMPLEMENTED YET
C037  CA        DEX                             A:00 X:DD Y:05 P:A4 SP:FF PPU: NOT IMPLEMENTED YET
C038  D0 FA     BNE $C034                       A:00 X:DC Y:05 P:A4 SP:FF PPU: NOT IMPLEMENTED YET
C034  8D 07 20  STA $2007 = 00                  A:00 X:DC Y:05 P:A4 SP:FF PPU: NOT IMPLEMENTED YET
C037  CA        DEX                             A:00 X:DC Y:05 P:A4 SP:FF PPU: NOT IMPLEMENTED YET
C038  D0 FA     BNE $C034                       A:00 X:DB Y:05 P:A4 SP:FF PPU: NOT IMPLEMENTED YET
C034  8D 07 20  STA $2007 = 00                  A:00 X:DB Y:05 P:A4 SP:FF PPU: NOT IMPLEMENTED YET
C037  CA        DEX                             A:00 X:DB Y:05 P:A4 SP:FF PPU: NOT IMPLEMENTED YET
C038  D0 FA     BNE $C034                       A:00 X:DA Y:05 P:A4 SP:FF PPU: NOT IMPLEMENTED YET
C034  8D 07 20  STA $2007 = 00                  A:00 X:DA Y:05 P:A4 SP:FF PPU: NOT IMPLEMENTED YET
C037  CA        DEX                             A:00 X:DA Y:05 P:A4 SP:FF PPU: NOT IMPLEMENTED YET
C038  D0 FA     BNE $C034                       A:00 X:D9 Y:05 P:A4 SP:FF PPU: NOT IMPLEMENTED YET
C034  8D 07 20  STA $2007 = 00                  A:00 X:D9 Y:05 P:A4 SP:FF PPU: NOT IMPLEMENTED YET
C037  CA        DEX                             A:00 X:D9 Y:05 P:A4 SP:FF PPU: NOT IMPLEMENTED YET
C038  D0 FA     BNE $C034                       A:00 X:D8 Y:05 P:A4 SP:FF PPU: NOT IMPLEMENTED YET
C034  8D 07 20  STA $2007 = 00                  A:00 X:D8 Y:05 P:A4 SP:FF PPU: NOT IMPLEMENTED YET
C037  CA        DEX                             A:00 X:D8 Y:05 P:A4 SP:FF PPU: NOT IMPLEMENTED YET
C038  D0 FA     BNE $C034                       A:00 X:D7 Y:05 P:A4 SP:FF PPU: NOT IMPLEMENTED YET
C034  8D 07 20  STA $2007 = 00                  A:00 X:D7 Y:05 P:A4 SP:FF PPU: NOT IMPLEMENTED YET
C037  CA        DEX                             A:00 X:D7 Y:05 P:A4 SP:FF PPU: NOT IMPLEMENTED YET
C038  D0 FA     BNE $C034                       A:00 X:D6 Y:05 P:A4 SP:FF PPU: NOT IMPLEMENTED YET
C034  8D 07 20  STA $2007 = 00                  A:00 X:D6 Y:05 P:A4 SP:FF PPU: NOT IMPLEMENTED YET
C037  CA        DEX                             A:00 X:D6 Y:05 P:A4 SP:FF PPU: NOT IMPLEMENTED YET
C038  D0 FA     BNE $C034                       A:00 X:D5 Y:05 P:A4 SP:FF PPU: NOT IMPLEMENTED YET
C034  8D 07 20  STA $2007 = 00                  A:00 X:D5 Y:05 P:A4 SP:FF PPU: NOT IMPLEMENTED YET
C037  CA        DEX                             A:00 X:D5 Y:05 P:A4 SP:FF PPU: NOT IMPLEMENTED YET
C038  D0 FA     BNE $C034                       A:00 X:D4 Y:05 P:A4 SP:FF PPU: NOT IMPLEMENTED YET
C034  8D 07 20  STA $2007 = 00                  A:00 X:D4 Y:05 P:A4 SP:FF PPU: NOT IMPLEMENTED YET
C037  CA        DEX                             A:00 X:D4 Y:05 P:A4 SP:FF PPU: NOT IMPLEMENTED YET
C038  D0 FA     BNE $C034                       A:00 X:D3 Y:05 P:A4 SP:FF PPU: NOT IMPLEMENTED YET
C034  8D 07 20  STA $2007 = 00                  A:00 X:D3 Y:05 P:A4 SP:FF PPU: NOT IMPLEMENTED YET
C037  CA        DEX                             A:00 X:D3 Y:05 P:A4 SP:FF PPU: NOT IMPLEMENTED YET
C038  D0 FA     BNE $C034                       A:00 X:D2 Y:05 P:A4 SP:FF PPU: NOT IMPLEMENTED YET
C034  8D 07 20  STA $2007 = 00                  A:00 X:D2 Y:05 P:A4 SP:FF PPU: NOT IMPLEMENTED YET
C037  CA        DEX                             A:00 X:D2 Y:05 P:A4 SP:FF PPU: NOT IMPLEMENTED YET
C038  D0 FA     BNE $C034                       A:00 X:D1 Y:05 P:A4 SP:FF PPU: NOT IMPLEMENTED YET
C034  8D 07 20  STA $2007 = 00                  A:00 X:D1 Y:05 P:A4 SP:FF PPU: NOT IMPLEMENTED YET
C037  CA        DEX                             A:00 X:D1 Y:05 P:A4 SP:FF PPU: NOT IMPLEMENTED YET
C038  D0 FA     BNE $C034                       A:00 X:D0 Y:05 P:A4 SP:FF PPU: NOT IMPLEMENTED YET
C034  8D 07 20  STA $2007 = 00                  A:00 X:D0 Y:05 P:A4 SP:FF PPU: NOT IMPLEMENTED YET
C037  CA        DEX                             A:00 X:D0 Y:05 P:A4 SP:FF PPU: NOT IMPLEMENTED YET
C038  D0 FA     BNE $C034                       A:00 X:CF Y:05 P:A4 SP:FF PPU: NOT IMPLEMENTED YET
C034  8D 07 20  STA $2007 = 00                  A:00 X:CF Y:05 P:A4 SP:FF PPU: NOT IMPLEMENTED YET
C037  CA        DEX                             A:00 X:CF Y:05 P:A4 SP:FF PPU: NOT IMPLEMENTED YET
C038  D0 FA     BNE $C034                       A:00 X:CE Y:05 P:A4 SP:FF PPU: NOT IMPLEMENTED YET
C034  8D 07 20  STA $2007 = 00                  A:00 X:CE Y:05 P:A4 SP:FF PPU: NOT IMPLEMENTED YET
C037  CA        DEX                             A:00 X:CE Y:05 P:A4 SP:FF PPU: NOT IMPLEMENTED YET
C038  D0 FA     BNE $C034                       A:00 X:CD Y:05 P:A4 SP:FF PPU: NOT IMPLEMENTED YET
C034  8D 07 20  STA $2007 = 00                  A:00 X:CD Y:05 P:A4 SP:FF PPU: NOT IMPLEMENTED YET
C037  CA        DEX                             A:00 X:CD Y:05 P:A4 SP:FF PPU: NOT IMPLEMENTED YET
C038  D0 FA     BNE $C034                       A:00 X:CC Y:05 P:A4 SP:FF PPU: NOT IMPLEMENTED YET
C034  8D 07 20  STA $2007 = 00                  A:00 X:CC Y:05 P:A4 SP:FF PPU: NOT IMPLEMENTED YET
C037  CA        DEX                             A:00 X:CC Y:05 P:A4 SP:FF PPU: NOT IMPLEMENTED YET
C038  D0 FA     BNE $C034                       A:00 X:CB Y:05 P:A4 SP:FF PPU: NOT IMPLEMENTED YET
C034  8D 07 20  STA $2007 = 00                  A:00 X:CB Y:05 P:A4 SP:FF PPU: NOT IMPLEMENTED YET
C037  CA        DEX                             A:00 X:CB Y:05 P:A4 SP:FF PPU: NOT IMPLEMENTED YET
C038  D0 FA     BNE $C034                       A:00 X:CA Y:05 P:A4 SP:FF PPU: NOT IMPLEMENTED YET
C034  8D 07 20  STA $2007 = 00                  A:00 X:CA Y:05 P:A4 SP:FF PPU: NOT IMPLEMENTED YET
C037  CA        DEX                             A:00 X:CA Y:05 P:A4 SP:FF PPU: NOT IMPLEMENTED YET
C038  D0 FA     BNE $C034                       A:00 X:C9 Y:05 P:A4 SP:FF PPU: NOT IMPLEMENTED YET
C034  8D 07 20  STA $2007 = 00                  A:00 X:C9 Y:05 P:A4 SP:FF PPU: NOT IMPLEMENTED YET
C037  CA        DEX                             A:00 X:C9 Y:05 P:A4 SP:FF PPU: NOT IMPLEMENTED YET
C038  D0 FA     BNE $C034                       A:00 X:C8 Y:05 P:A4 SP:FF PPU: NOT IMPLEMENTED YET
C034  8D 07 20  STA $2007 = 00                  A:00 X:C8 Y:05 P:A4 SP:FF PPU: NOT IMPLEMENTED YET
C037  CA        DEX                             A:00 X:C8 Y:05 P:A4 SP:FF PPU: NOT IMPLEMENTED YET
C038  D0 FA     BNE $C034                       A:00 X:C7 Y:05 P:A4 SP:FF PPU: NOT IMPLEMENTED YET
C034  8D 07 20  STA $2007 = 00                  A:00 X:C7 Y:05 P:A4 SP:FF PPU: NOT IMPLEMENTED YET
C037  CA        DEX                             A:00 X:C7 Y:05 P:A4 SP:FF PPU: NOT IMPLEMENTED YET
C038  D0 FA     BNE $C034                       A:00 X:C6 Y:05 P:A4 SP:FF PPU: NOT IMPLEMENTED YET
C034  8D 07 20  STA $2007 = 00                  A:00 X:C6 Y:05 P:A4 SP:FF PPU: NOT IMPLEMENTED YET
C037  CA        DEX                             A:00 X:C6 Y:05 P:A4 SP:FF PPU: NOT IMPLEMENTED YET
C038  D0 FA     BNE $C034                       A:00 X:C5 Y:05 P:A4 SP:FF PPU: NOT IMPLEMENTED YET
C034  8D 07 20  STA $2007 = 00                  A:00 X:C5 Y:05 P:A4 SP:FF PPU: NOT IMPLEMENTED YET
C037  CA        DEX                             A:00 X:C5 Y:05 P:A4 SP:FF PPU: NOT IMPLEMENTED YET
C038  D0 FA     BNE $C034                       A:00 X:C4 Y:05 P:A4 SP:FF PPU: NOT IMPLEMENTED YET
C034  8D 07 20  STA $2007 = 00                  A:00 X:C4 Y:05 P:A4 SP:FF PPU: NOT IMPLEMENTED YET
C037  CA        DEX                             A:00 X:C4 Y:05 P:A4 SP:FF PPU: NOT IMPLEMENTED YET
C038  D0 FA     BNE $C034                       A:00 X:C3 Y:05 P:A4 SP:FF PPU: NOT IMPLEMENTED YET
C034  8D 07 20  STA $2007 = 00                  A:00 X:C3 Y:05 P:A4 SP:FF PPU: NOT IMPLEMENTED YET
C037  CA        DEX                             A:00 X:C3 Y:05 P:A4 SP:FF PPU: NOT IMPLEMENTED YET
C038  D0 FA     BNE $C034                       A:00 X:C2 Y:05 P:A4 SP:FF PPU: NOT IMPLEMENTED YET
C034  8D 07 20  STA $2007 = 00                  A:00 X:C2 Y:05 P:A4 SP:FF PPU: NOT IMPLEMENTED YET
C037  CA        DEX                             A:00 X:C2 Y:05 P:A4 SP:FF PPU: NOT IMPLEMENTED YET
C038  D0 FA     BNE $C034                       A:00 X:C1 Y:05 P:A4 SP:FF PPU: NOT IMPLEMENTED YET
C034  8D 07 20  STA $2007 = 00                  A:00 X:C1 Y:05 P:A4 SP:FF PPU: NOT IMPLEMENTED YET
C037  CA        DEX                             A:00 X:C1 Y:05 P:A4 SP:FF PPU: NOT IMPLEMENTED YET
C038  D0 FA     BNE $C034                       A:00 X:C0 Y:05 P:A4 SP:FF PPU: NOT IMPLEMENTED YET
C034  8D 07 20  STA $2007 = 00                  A:00 X:C0 Y:05 P:A4 SP:FF PPU: NOT IMPLEMENTED YET
C037  CA        DEX                             A:00 X:C0 Y:05 P:A4 SP:FF PPU: NOT IMPLEMENTED YET
C038  D0 FA     BNE $C034                       A:00 X:BF Y:05 P:A4 SP:FF PPU: NOT IMPLEMENTED YET
C034  8D 07 20  STA $2007 = 00                  A:00 X:BF Y:05 P:A4 SP:FF PPU: NOT IMPLEMENTED YET
C037  CA        DEX                             A:00 X:BF Y:05 P:A4 SP:FF PPU: NOT IMPLEMENTED YET
C038  D0 FA     BNE $C034                       A:00 X:BE Y:05 P:A4 SP:FF PPU: NOT IMPLEMENTED YET
C034  8D 07 20  STA $2007 = 00                  A:00 X:BE Y:05 P:A4 SP:FF PPU: NOT IMPLEMENTED YET
C037  CA        DEX                             A:00 X:BE Y:05 P:A4 SP:FF PPU: NOT IMPLEMENTED YET
C038  D0 FA     BNE $C034                       A:00 X:BD Y:05 P:A4 SP:FF PPU: NOT IMPLEMENTED YET
C034  8D 07 20  STA $2007 = 00                  A:00 X:BD Y:05 P:A4 SP:FF PPU: NOT IMPLEMENTED YET
C037  CA        DEX                             A:00 X:BD Y:05 P:A4 SP:FF PPU: NOT IMPLEMENTED YET
C038  D0 FA     BNE $C034                       A:00 X:BC Y:05 P:A4 SP:FF PPU: NOT IMPLEMENTED YET
C034  8D 07 20  STA $2007 = 00                  A:00 X:BC Y:05 P:A4 SP:FF PPU: NOT IMPLEMENTED YET
C037  CA        DEX                             A:00 X:BC Y:05 P:A4 SP:FF PPU: NOT IMPLEMENTED YET
C038  D0 FA     BNE $C034                       A:00 X:BB Y:05 P:A4 SP:FF PPU: NOT IMPLEMENTED YET
C034  8D 07 20  STA $2007 = 00                  A:00 X:BB Y:05 P:A4 SP:FF PPU: NOT IMPLEMENTED YET
C037  CA        DEX                             A:00 X:BB Y:05 P:A4 SP:FF PPU: NOT IMPLEMENTED YET
C038  D0 FA     BNE $C034                       A:00 X:BA Y:05 P:A4 SP:FF PPU: NOT IMPLEMENTED YET
C034  8D 07 20  STA $2007 = 00                  A:00 X:BA Y:05 P:A4 SP:FF PPU: NOT IMPLEMENTED YET
C037  CA        DEX                             A:00 X:BA Y:05 P:A4 SP:FF PPU: NOT IMPLEMENTED YET
C038  D0 FA     BNE $C034                       A:00 X:B9 Y:05 P:A4 SP:FF PPU: NOT IMPLEMENTED YET
C034  8D 07 20  STA $2007 = 00                  A:00 X:B9 Y:05 P:A4 SP:FF PPU: NOT IMPLEMENTED YET
C037  CA        DEX                             A:00 X:B9 Y:05 P:A4 SP:FF PPU: NOT IMPLEMENTED YET
C038  D0 FA     BNE $C034                       A:00 X:B8 Y:05 P:A4 SP:FF PPU: NOT IMPLEMENTED YET
C034  8D 07 20  STA $2007 = 00                  A:00 X:B8 Y:05 P:A4 SP:FF PPU: NOT IMPLEMENTED YET
C037  CA        DEX                             A:00 X:B8 Y:05 P:A4 SP:FF PPU: NOT IMPLEMENTED YET
C038  D0 FA     BNE $C034                       A:00 X:B7 Y:05 P:A4 SP:FF PPU: NOT IMPLEMENTED YET
C034  8D 07 20  STA $2007 = 00                  A:00 X:B7 Y:05 P:A4 SP:FF PPU: NOT IMPLEMENTED YET
C037  CA        DEX                             A:00 X:B7 Y:05 P:A4 SP:FF PPU: NOT IMPLEMENTED YET
C038  D0 FA     BNE $C034                       A:00 X:B6 Y:05 P:A4 SP:FF PPU: NOT IMPLEMENTED YET
C034  8D 07 20  STA $2007 = 00                  A:00 X:B6 Y:05 P:A4 SP:FF PPU: NOT IMPLEMENTED YET
C037  CA        DEX                             A:00 X:B6 Y:05 P:A4 SP:FF PPU: NOT IMPLEMENTED YET
C038  D0 FA     BNE $C034                       A:00 X:B5 Y:05 P:A4 SP:FF PPU: NOT IMPLEMENTED YET
C034  8D 07 20  STA $2007 = 00                  A:00 X:B5 Y:05 P:A4 SP:FF PPU: NOT IMPLEMENTED YET
C037  CA        DEX                             A:00 X:B5 Y:05 P:A4 SP:FF PPU: NOT IMPLEMENTED YET
C038  D0 FA     BNE $C034                       A:00 X:B4 Y:05 P:A4 SP:FF PPU: NOT IMPLEMENTED YET
C034  8D 07 20  STA $2007 = 00                  A:00 X:B4 Y:05 P:A4 SP:FF PPU: NOT IMPLEMENTED YET
C037  CA        DEX                             A:00 X:B4 Y:05 P:A4 SP:FF PPU: NOT IMPLEMENTED YET
C038  D0 FA     BNE $C034                       A:00 X:B3 Y:05 P:A4 SP:FF PPU: NOT IMPLEMENTED YET
C034  8D 07 20  STA $2007 = 00                  A:00 X:B3 Y:05 P:A4 SP:FF PPU: NOT IMPLEMENTED YET
C037  CA        DEX                             A:00 X:B3 Y:05 P:A4 SP:FF PPU: NOT IMPLEMENTED YET
C038  D0 FA     BNE $C034                       A:00 X:B2 Y:05 P:A4 SP:FF PPU: NOT IMPLEMENTED YET
C034  8D 07 20  STA $2007 = 00                  A:00 X:B2 Y:05 P:A4 SP:FF PPU: NOT IMPLEMENTED YET
C037  CA        DEX                             A:00 X:B2 Y:05 P:A4 SP:FF PPU: NOT IMPLEMENTED YET
C038  D0 FA     BNE $C034                       A:00 X:B1 Y:05 P:A4 SP:FF PPU: NOT IMPLEMENTED YET
C034  8D 07 20  STA $2007 = 00                  A:00 X:B1 Y:05 P:A4 SP:FF PPU: NOT IMPLEMENTED YET
C037  CA        DEX                             A:00 X:B1 Y:05 P:A4 SP:FF PPU: NOT IMPLEMENTED YET
C038  D0 FA     BNE $C034                       A:00 X:B0 Y:05 P:A4 SP:FF PPU: NOT IMPLEMENTED YET
C034  8D 07 20  STA $2007 = 00                  A:00 X:B0 Y:05 P:A4 SP:FF PPU: NOT IMPLEMENTED YET
C037  CA        DEX                             A:00 X:B0 Y:05 P:A4 SP:FF PPU: NOT IMPLEMENTED YET
C038  D0 FA     BNE $C034                       A:00 X:AF Y:05 P:A4 SP:FF PPU: NOT IMPLEMENTED YET
C034  8D 07 20  STA $2007 = 00                  A:00 X:AF Y:05 P:A4 SP:FF PPU: NOT IMPLEMENTED YET
C037  CA        DEX                             A:00 X:AF Y:05 P:A4 SP:FF PPU: NOT IMPLEMENTED YET
C038  D0 FA     BNE $C034                       A:00 X:AE Y:05 P:A4 SP:FF PPU: NOT IMPLEMENTED YET
C034  8D 07 20  STA $2007 = 00                  A:00 X:AE Y:05 P:A4 SP:FF PPU: NOT IMPLEMENTED YET
C037  CA        DEX                             A:00 X:AE Y:05 P:A4 SP:FF PPU: NOT IMPLEMENTED YET
C038  D0 FA     BNE $C034                       A:00 X:AD Y:05 P:A4 SP:FF PPU: NOT IMPLEMENTED YET
C034  8D 07 20  STA $2007 = 00                  A:00 X:AD Y:05 P:A4 SP:FF PPU: NOT IMPLEMENTED YET
C037  CA        DEX                             A:00 X:AD Y:05 P:A4 SP:FF PPU: NOT IMPLEMENTED YET
C038  D0 FA     BNE $C034                       A:00 X:AC Y:05 P:A4 SP:FF PPU: NOT IMPLEMENTED YET
C034  8D 07 20  STA $2007 = 00                  A:00 X:AC Y:05 P:A4 SP:FF PPU: NOT IMPLEMENTED YET
C037  CA        DEX                             A:00 X:AC Y:05 P:A4 SP:FF PPU: NOT IMPLEMENTED YET
C038  D0 FA     BNE $C034                       A:00 X:AB Y:05 P:A4 SP:FF PPU: NOT IMPLEMENTED YET
C034  8D 07 20  STA $2007 = 00                  A:00 X:AB Y:05 P:A4 SP:FF PPU: NOT IMPLEMENTED YET
C037  CA        DEX                             A:00 X:AB Y:05 P:A4 SP:FF PPU: NOT IMPLEMENTED YET
C038  D0 FA     BNE $C034                       A:00 X:AA Y:05 P:A4 SP:FF PPU: NOT IMPLEMENTED YET
C034  8D 07 20  STA $2007 = 00                  A:00 X:AA Y:05 P:A4 SP:FF PPU: NOT IMPLEMENTED YET
C037  CA        DEX                             A:00 X:AA Y:05 P:A4 SP:FF PPU: NOT IMPLEMENTED YET
C038  D0 FA     BNE $C034                       A:00 X:A9 Y:05 P:A4 SP:FF PPU: NOT IMPLEMENTED YET
C034  8D 07 20  STA $2007 = 00                  A:00 X:A9 Y:05 P:A4 SP:FF PPU: NOT IMPLEMENTED YET
C037  CA        DEX                             A:00 X:A9 Y:05 P:A4 SP:FF PPU: NOT IMPLEMENTED YET
C038  D0 FA     BNE $C034                       A:00 X:A8 Y:05 P:A4 SP:FF PPU: NOT IMPLEMENTED YET
C034  8D 07 20  STA $2007 = 00                  A:00 X:A8 Y:05 P:A4 SP:FF PPU: NOT IMPLEMENTED YET
C037  CA        DEX                             A:00 X:A8 Y:05 P:A4 SP:FF PPU: NOT IMPLEMENTED YET
C038  D0 FA     BNE $C034                       A:00 X:A7 Y:05 P:A4 SP:FF PPU: NOT IMPLEMENTED YET
C034  8D 07 20  STA $2007 = 00                  A:00 X:A7 Y:05 P:A4 SP:FF PPU: NOT IMPLEMENTED YET
C037  CA        DEX                             A:00 X:A7 Y:05 P:A4 SP:FF PPU: NOT IMPLEMENTED YET
C038  D0 FA     BNE $C034                       A:00 X:A6 Y:05 P:A4 SP:FF PPU: NOT IMPLEMENTED YET
C034  8D 07 20  STA $2007 = 00                  A:00 X:A6 Y:05 P:A4 SP:FF PPU: NOT IMPLEMENTED YET
C037  CA        DEX                             A:00 X:A6 Y:05 P:A4 SP:FF PPU: NOT IMPLEMENTED YET
C038  D0 FA     BNE $C034                       A:00 X:A5 Y:05 P:A4 SP:FF PPU: NOT IMPLEMENTED YET
C034  8D 07 20  STA $2007 = 00                  A:00 X:A5 Y:05 P:A4 SP:FF PPU: NOT IMPLEMENTED YET
C037  CA        DEX                             A:00 X:A5 Y:05 P:A4 SP:FF PPU: NOT IMPLEMENTED YET
C038  D0 FA     BNE $C034                       A:00 X:A4 Y:05 P:A4 SP:FF PPU: NOT IMPLEMENTED YET
C034  8D 07 20  STA $2007 = 00                  A:00 X:A4 Y:05 P:A4 SP:FF PPU: NOT IMPLEMENTED YET
C037  CA        DEX                             A:00 X:A4 Y:05 P:A4 SP:FF PPU: NOT IMPLEMENTED YET
C038  D0 FA     BNE $C034                       A:00 X:A3 Y:05 P:A4 SP:FF PPU: NOT IMPLEMENTED YET
C034  8D 07 20  STA $2007 = 00                  A:00 X:A3 Y:05 P:A4 SP:FF PPU: NOT IMPLEMENTED YET
C037  CA        DEX                             A:00 X:A3 Y:05 P:A4 SP:FF PPU: NOT IMPLEMENTED YET
C038  D0 FA     BNE $C034                       A:00 X:A2 Y:05 P:A4 SP:FF PPU: NOT IMPLEMENTED YET
C034  8D 07 20  STA $2007 = 00                  A:00 X:A2 Y:05 P:A4 SP:FF PPU: NOT IMPLEMENTED YET
C037  CA        DEX                             A:00 X:A2 Y:05 P:A4 SP:FF PPU: NOT IMPLEMENTED YET
C038  D0 FA     BNE $C034                       A:00 X:A1 Y:05 P:A4 SP:FF PPU: NOT IMPLEMENTED YET
C034  8D 07 20  STA $2007 = 00                  A:00 X:A1 Y:05 P:A4 SP:FF PPU: NOT IMPLEMENTED YET
C037  CA        DEX                             A:00 X:A1 Y:05 P:A4 SP:FF PPU: NOT IMPLEMENTED YET
C038  D0 FA     BNE $C034                       A:00 X:A0 Y:05 P:A4 SP:FF PPU: NOT IMPLEMENTED YET
C034  8D 07 20  STA $2007 = 00                  A:00 X:A0 Y:05 P:A4 SP:FF PPU: NOT IMPLEMENTED YET
C037  CA        DEX                             A:00 X:A0 Y:05 P:A4 SP:FF PPU: NOT IMPLEMENTED YET
C038  D0 FA     BNE $C034                       A:00 X:9F Y:05 P:A4 SP:FF PPU: NOT IMPLEMENTED YET
C034  8D 07 20  STA $2007 = 00                  A:00 X:9F Y:05 P:A4 SP:FF PPU: NOT IMPLEMENTED YET
C037  CA        DEX                             A:00 X:9F Y:05 P:A4 SP:FF PPU: NOT IMPLEMENTED YET
C038  D0 FA     BNE $C034                       A:00 X:9E Y:05 P:A4 SP:FF PPU: NOT IMPLEMENTED YET
C034  8D 07 20  STA $2007 = 00                  A:00 X:9E Y:05 P:A4 SP:FF PPU: NOT IMPLEMENTED YET
C037  CA        DEX                             A:00 X:9E Y:05 P:A4 SP:FF PPU: NOT IMPLEMENTED YET
C038  D0 FA     BNE $C034                       A:00 X:9D Y:05 P:A4 SP:FF PPU: NOT IMPLEMENTED YET
C034  8D 07 20  STA $2007 = 00                  A:00 X:9D Y:05 P:A4 SP:FF PPU: NOT IMPLEMENTED YET
C037  CA        DEX                             A:00 X:9D Y:05 P:A4 SP:FF PPU: NOT IMPLEMENTED YET
C038  D0 FA     BNE $C034                       A:00 X:9C Y:05 P:A4 SP:FF PPU: NOT IMPLEMENTED YET
C034  8D 07 20  STA $2007 = 00                  A:00 X:9C Y:05 P:A4 SP:FF PPU: NOT IMPLEMENTED YET
C037  CA        DEX                             A:00 X:9C Y:05 P:A4 SP:FF PPU: NOT IMPLEMENTED YET
C038  D0 FA     BNE $C034                       A:00 X:9B Y:05 P:A4 SP:FF PPU: NOT IMPLEMENTED YET
C034  8D 07 20  STA $2007 = 00                  A:00 X:9B Y:05 P:A4 SP:FF PPU: NOT IMPLEMENTED YET
C037  CA        DEX                             A:00 X:9B Y:05 P:A4 SP:FF PPU: NOT IMPLEMENTED YET
C038  D0 FA     BNE $C034                       A:00 X:9A Y:05 P:A4 SP:FF PPU: NOT IMPLEMENTED YET
C034  8D 07 20  STA $2007 = 00                  A:00 X:9A Y:05 P:A4 SP:FF PPU: NOT IMPLEMENTED YET
C037  CA        DEX                             A:00 X:9A Y:05 P:A4 SP:FF PPU: NOT IMPLEMENTED YET
C038  D0 FA     BNE $C034                       A:00 X:99 Y:05 P:A4 SP:FF PPU: NOT IMPLEMENTED YET
C034  8D 07 20  STA $2007 = 00                  A:00 X:99 Y:05 P:A4 SP:FF PPU: NOT IMPLEMENTED YET
C037  CA        DEX                             A:00 X:99 Y:05 P:A4 SP:FF PPU: NOT IMPLEMENTED YET
C038  D0 FA     BNE $C034                       A:00 X:98 Y:05 P:A4 SP:FF PPU: NOT IMPLEMENTED YET
C034  8D 07 20  STA $2007 = 00                  A:00 X:98 Y:05 P:A4 SP:FF PPU: NOT IMPLEMENTED YET
C037  CA        DEX                             A:00 X:98 Y:05 P:A4 SP:FF PPU: NOT IMPLEMENTED YET
C038  D0 FA     BNE $C034                       A:00 X:97 Y:05 P:A4 SP:FF PPU: NOT IMPLEMENTED YET
C034  8D 07 20  STA $2007 = 00                  A:00 X:97 Y:05 P:A4 SP:FF PPU: NOT IMPLEMENTED YET
C037  CA        DEX                             A:00 X:97 Y:05 P:A4 SP:FF PPU: NOT IMPLEMENTED YET
C038  D0 FA     BNE $C034                       A:00 X:96 Y:05 P:A4 SP:FF PPU: NOT IMPLEMENTED YET
C034  8D 07 20  STA $2007 = 00                  A:00 X:96 Y:05 P:A4 SP:FF PPU: NOT IMPLEMENTED YET
C037  CA        DEX                             A:00 X:96 Y:05 P:A4 SP:FF PPU: NOT IMPLEMENTED YET
C038  D0 FA     BNE $C034                       A:00 X:95 Y:05 P:A4 SP:FF PPU: NOT IMPLEMENTED YET
C034  8D 07 20  STA $2007 = 00                  A:00 X:95 Y:05 P:A4 SP:FF PPU: NOT IMPLEMENTED YET
C037  CA        DEX                             A:00 X:95 Y:05 P:A4 SP:FF PPU: NOT IMPLEMENTED YET
C038  D0 FA     BNE $C034                       A:00 X:94 Y:05 P:A4 SP:FF PPU: NOT IMPLEMENTED YET
C034  8D 07 20  STA $2007 = 00                  A:00 X:94 Y:05 P:A4 SP:FF PPU: NOT IMPLEMENTED YET
C037  CA        DEX                             A:00 X:94 Y:05 P:A4 SP:FF PPU: NOT IMPLEMENTED YET
C038  D0 FA     BNE $C034                       A:00 X:93 Y:05 P:A4 SP:FF PPU: NOT IMPLEMENTED YET
C034  8D 07 20  STA $2007 = 00                  A:00 X:93 Y:05 P:A4 SP:FF PPU: NOT IMPLEMENTED YET
C037  CA        DEX                             A:00 X:93 Y:05 P:A4 SP:FF PPU: NOT IMPLEMENTED YET
C038  D0 FA     BNE $C034                       A:00 X:92 Y:05 P:A4 SP:FF PPU: NOT IMPLEMENTED YET
C034  8D 07 20  STA $2007 = 00                  A:00 X:92 Y:05 P:A4 SP:FF PPU: NOT IMPLEMENTED YET
C037  CA        DEX                             A:00 X:92 Y:05 P:A4 SP:FF PPU: NOT IMPLEMENTED YET
C038  D0 FA     BNE $C034                       A:00 X:91 Y:05 P:A4 SP:FF PPU: NOT IMPLEMENTED YET
C034  8D 07 20  STA $2007 = 00                  A:00 X:91 Y:05 P:A4 SP:FF PPU: NOT IMPLEMENTED YET
C037  CA        DEX                             A:00 X:91 Y:05 P:A4 SP:FF PPU: NOT IMPLEMENTED YET
C038  D0 FA     BNE $C034                       A:00 X:90 Y:05 P:A4 SP:FF PPU: NOT IMPLEMENTED YET
C034  8D 07 20  STA $2007 = 00                  A:00 X:90 Y:05 P:A4 SP:FF PPU: NOT IMPLEMENTED YET
C037  CA        DEX                             A:00 X:90 Y:05 P:A4 SP:FF PPU: NOT IMPLEMENTED YET
C038  D0 FA     BNE $C034                       A:00 X:8F Y:05 P:A4 SP:FF PPU: NOT IMPLEMENTED YET
C034  8D 07 20  STA $2007 = 00                  A:00 X:8F Y:05 P:A4 SP:FF PPU: NOT IMPLEMENTED YET
C037  CA        DEX                             A:00 X:8F Y:05 P:A4 SP:FF PPU: NOT IMPLEMENTED YET
C038  D0 FA     BNE $C034                       A:00 X:8E Y:05 P:A4 SP:FF PPU: NOT IMPLEMENTED YET
C034  8D 07 20  STA $2007 = 00                  A:00 X:8E Y:05 P:A4 SP:FF PPU: NOT IMPLEMENTED YET
C037  CA        DEX                             A:00 X:8E Y:05 P:A4 SP:FF PPU: NOT IMPLEMENTED YET
C038  D0 FA     BNE $C034                       A:00 X:8D Y:05 P:A4 SP:FF PPU: NOT IMPLEMENTED YET
C034  8D 07 20  STA $2007 = 00                  A:00 X:8D Y:05 P:A4 SP:FF PPU: NOT IMPLEMENTED YET
C037  CA        DEX                             A:00 X:8D Y:05 P:A4 SP:FF PPU: NOT IMPLEMENTED YET
C038  D0 FA     BNE $C034                       A:00 X:8C Y:05 P:A4 SP:FF PPU: NOT IMPLEMENTED YET
C034  8D 07 20  STA $2007 = 00                  A:00 X:8C Y:05 P:A4 SP:FF PPU: NOT IMPLEMENTED YET
C037  CA        DEX                             A:00 X:8C Y:05 P:A4 SP:FF PPU: NOT IMPLEMENTED YET
C038  D0 FA     BNE $C034                       A:00 X:8B Y:05 P:A4 SP:FF PPU: NOT IMPLEMENTED YET
C034  8D 07 20  STA $2007 = 00                  A:00 X:8B Y:05 P:A4 SP:FF PPU: NOT IMPLEMENTED YET
C037  CA        DEX                             A:00 X:8B Y:05 P:A4 SP:FF PPU: NOT IMPLEMENTED YET
C038  D0 FA     BNE $C034                       A:00 X:8A Y:05 P:A4 SP:FF PPU: NOT IMPLEMENTED YET
C034  8D 07 20  STA $2007 = 00                  A:00 X:8A Y:05 P:A4 SP:FF PPU: NOT IMPLEMENTED YET
C037  CA        DEX                             A:00 X:8A Y:05 P:A4 SP:FF PPU: NOT IMPLEMENTED YET
C038  D0 FA     BNE $C034                       A:00 X:89 Y:05 P:A4 SP:FF PPU: NOT IMPLEMENTED YET
C034  8D 07 20  STA $2007 = 00                  A:00 X:89 Y:05 P:A4 SP:FF PPU: NOT IMPLEMENTED YET
C037  CA        DEX                             A:00 X:89 Y:05 P:A4 SP:FF PPU: NOT IMPLEMENTED YET
C038  D0 FA     BNE $C034                       A:00 X:88 Y:05 P:A4 SP:FF PPU: NOT IMPLEMENTED YET
C034  8D 07 20  STA $2007 = 00                  A:00 X:88 Y:05 P:A4 SP:FF PPU: NOT IMPLEMENTED YET
C037  CA        DEX                             A:00 X:88 Y:05 P:A4 SP:FF PPU: NOT IMPLEMENTED YET
C038  D0 FA     BNE $C034                       A:00 X:87 Y:05 P:A4 SP:FF PPU: NOT IMPLEMENTED YET
C034  8D 07 20  STA $2007 = 00                  A:00 X:87 Y:05 P:A4 SP:FF PPU: NOT IMPLEMENTED YET
C037  CA        DEX                             A:00 X:87 Y:05 P:A4 SP:FF PPU: NOT IMPLEMENTED YET
C038  D0 FA     BNE $C034                       A:00 X:86 Y:05 P:A4 SP:FF PPU: NOT IMPLEMENTED YET
C034  8D 07 20  STA $2007 = 00                  A:00 X:86 Y:05 P:A4 SP:FF PPU: NOT IMPLEMENTED YET
C037  CA        DEX                             A:00 X:86 Y:05 P:A4 SP:FF PPU: NOT IMPLEMENTED YET
C038  D0 FA     BNE $C034                       A:00 X:85 Y:05 P:A4 SP:FF PPU: NOT IMPLEMENTED YET
C034  8D 07 20  STA $2007 = 00                  A:00 X:85 Y:05 P:A4 SP:FF PPU: NOT IMPLEMENTED YET
C037  CA        DEX                             A:00 X:85 Y:05 P:A4 SP:FF PPU: NOT IMPLEMENTED YET
C038  D0 FA     BNE $C034                       A:00 X:84 Y:05 P:A4 SP:FF PPU: NOT IMPLEMENTED YET
C034  8D 07 20  STA $2007 = 00                  A:00 X:84 Y:05 P:A4 SP:FF PPU: NOT IMPLEMENTED YET
C037  CA        DEX                             A:00 X:84 Y:05 P:A4 SP:FF PPU: NOT IMPLEMENTED YET
C038  D0 FA     BNE $C034                       A:00 X:83 Y:05 P:A4 SP:FF PPU: NOT IMPLEMENTED YET
C034  8D 07 20  STA $2007 = 00                  A:00 X:83 Y:05 P:A4 SP:FF PPU: NOT IMPLEMENTED YET
C037  CA        DEX                             A:00 X:83 Y:05 P:A4 SP:FF PPU: NOT IMPLEMENTED YET
C038  D0 FA     BNE $C034                       A:00 X:82 Y:05 P:A4 SP:FF PPU: NOT IMPLEMENTED YET
C034  8D 07 20  STA $2007 = 00                  A:00 X:82 Y:05 P:A4 SP:FF PPU: NOT IMPLEMENTED YET
C037  CA        DEX                             A:00 X:82 Y:05 P:A4 SP:FF PPU: NOT IMPLEMENTED YET
C038  D0 FA     BNE $C034                       A:00 X:81 Y:05 P:A4 SP:FF PPU: NOT IMPLEMENTED YET
C034  8D 07 20  STA $2007 = 00                  A:00 X:81 Y:05 P:A4 SP:FF PPU: NOT IMPLEMENTED YET
C037  CA        DEX                             A:00 X:81 Y:05 P:A4 SP:FF PPU: NOT IMPLEMENTED YET
C038  D0 FA     BNE $C034                       A:00 X:80 Y:05 P:A4 SP:FF PPU: NOT IMPLEMENTED YET
C034  8D 07 20  STA $2007 = 00                  A:00 X:80 Y:05 P:A4 SP:FF PPU: NOT IMPLEMENTED YET
C037  CA        DEX                             A:00 X:80 Y:05 P:A4 SP:FF PPU: NOT IMPLEMENTED YET
C038  D0 FA     BNE $C034                       A:00 X:7F Y:05 P:24 SP:FF PPU: NOT IMPLEMENTED YET
C034  8D 07 20  STA $2007 = 00                  A:00 X:7F Y:05 P:24 SP:FF PPU: NOT IMPLEMENTED YET
C037  CA        DEX                             A:00 X:7F Y:05 P:24 SP:FF PPU: NOT IMPLEMENTED YET
C038  D0 FA     BNE $C034                       A:00 X:7E Y:05 P:24 SP:FF PPU: NOT IMPLEMENTED YET
C034  8D 07 20  STA $2007 = 00                  A:00 X:7E Y:05 P:24 SP:FF PPU: NOT IMPLEMENTED YET
C037  CA        DEX                             A:00 X:7E Y:05 P:24 SP:FF PPU: NOT IMPLEMENTED YET
C038  D0 FA     BNE $C034                       A:00 X:7D Y:05 P:24 SP:FF PPU: NOT IMPLEMENTED YET
C034  8D 07 20  STA $2007 = 00                  A:00 X:7D Y:05 P:24 SP:FF PPU: NOT IMPLEMENTED YET
C037  CA        DEX                             A:00 X:7D Y:05 P:24 SP:FF PPU: NOT IMPLEMENTED YET
C038  D0 FA     BNE $C034                       A:00 X:7C Y:05 P:24 SP:FF PPU: NOT IMPLEMENTED YET
C034  8D 07 20  STA $2007 = 00                  A:00 X:7C Y:05 P:24 SP:FF PPU: NOT IMPLEMENTED YET
C037  CA        DEX                             A:00 X:7C Y:05 P:24 SP:FF PPU: NOT IMPLEMENTED YET
C038  D0 FA     BNE $C034                       A:00 X:7B Y:05 P:24 SP:FF PPU: NOT IMPLEMENTED YET
C034  8D 07 20  STA $2007 = 00                  A:00 X:7B Y:05 P:24 SP:FF PPU: NOT IMPLEMENTED YET
C037  CA        DEX                             A:00 X:7B Y:05 P:24 SP:FF PPU: NOT IMPLEMENTED YET
C038  D0 FA     BNE $C034                       A:00 X:7A Y:05 P:24 SP:FF PPU: NOT IMPLEMENTED YET
C034  8D 07 20  STA $2007 = 00                  A:00 X:7A Y:05 P:24 SP:FF PPU: NOT IMPLEMENTED YET
C037  CA        DEX                             A:00 X:7A Y:05 P:24 SP:FF PPU: NOT IMPLEMENTED YET
C038  D0 FA     BNE $C034                       A:00 X:79 Y:05 P:24 SP:FF PPU: NOT IMPLEMENTED YET
C034  8D 07 20  STA $2007 = 00                  A:00 X:79 Y:05 P:24 SP:FF PPU: NOT IMPLEMENTED YET
C037  CA        DEX                             A:00 X:79 Y:05 P:24 SP:FF PPU: NOT IMPLEMENTED YET
C038  D0 FA     BNE $C034                       A:00 X:78 Y:05 P:24 SP:FF PPU: NOT IMPLEMENTED YET
C034  8D 07 20  STA $2007 = 00                  A:00 X:78 Y:05 P:24 SP:FF PPU: NOT IMPLEMENTED YET
C037  CA        DEX                             A:00 X:78 Y:05 P:24 SP:FF PPU: NOT IMPLEMENTED YET
C038  D0 FA     BNE $C034                       A:00 X:77 Y:05 P:24 SP:FF PPU: NOT IMPLEMENTED YET
C034  8D 07 20  STA $2007 = 00                  A:00 X:77 Y:05 P:24 SP:FF PPU: NOT IMPLEMENTED YET
C037  CA        DEX                             A:00 X:77 Y:05 P:24 SP:FF PPU: NOT IMPLEMENTED YET
C038  D0 FA     BNE $C034                       A:00 X:76 Y:05 P:24 SP:FF PPU: NOT IMPLEMENTED YET
C034  8D 07 20  STA $2007 = 00                  A:00 X:76 Y:05 P:24 SP:FF PPU: NOT IMPLEMENTED YET
C037  CA        DEX                             A:00 X:76 Y:05 P:24 SP:FF PPU: NOT IMPLEMENTED YET
C038  D0 FA     BNE $C034                       A:00 X:75 Y:05 P:24 SP:FF PPU: NOT IMPLEMENTED YET
C034  8D 07 20  STA $2007 = 00                  A:00 X:75 Y:05 P:24 SP:FF PPU: NOT IMPLEMENTED YET
C037  CA        DEX                             A:00 X:75 Y:05 P:24 SP:FF PPU: NOT IMPLEMENTED YET
C038  D0 FA     BNE $C034                       A:00 X:74 Y:05 P:24 SP:FF PPU: NOT IMPLEMENTED YET
C034  8D 07 20  STA $2007 = 00                  A:00 X:74 Y:05 P:24 SP:FF PPU: NOT IMPLEMENTED YET
C037  CA        DEX                             A:00 X:74 Y:05 P:24 SP:FF PPU: NOT IMPLEMENTED YET
C038  D0 FA     BNE $C034                       A:00 X:73 Y:05 P:24 SP:FF PPU: NOT IMPLEMENTED YET
C034  8D 07 20  STA $2007 = 00                  A:00 X:73 Y:05 P:24 SP:FF PPU: NOT IMPLEMENTED YET
C037  CA        DEX                             A:00 X:73 Y:05 P:24 SP:FF PPU: NOT IMPLEMENTED YET
C038  D0 FA     BNE $C034                       A:00 X:72 Y:05 P:24 SP:FF PPU: NOT IMPLEMENTED YET
C034  8D 07 20  STA $2007 = 00                  A:00 X:72 Y:05 P:24 SP:FF PPU: NOT IMPLEMENTED YET
C037  CA        DEX                             A:00 X:72 Y:05 P:24 SP:FF PPU: NOT IMPLEMENTED YET
C038  D0 FA     BNE $C034                       A:00 X:71 Y:05 P:24 SP:FF PPU: NOT IMPLEMENTED YET
C034  8D 07 20  STA $2007 = 00                  A:00 X:71 Y:05 P:24 SP:FF PPU: NOT IMPLEMENTED YET
C037  CA        DEX                             A:00 X:71 Y:05 P:24 SP:FF PPU: NOT IMPLEMENTED YET
C038  D0 FA     BNE $C034                       A:00 X:70 Y:05 P:24 SP:FF PPU: NOT IMPLEMENTED YET
C034  8D 07 20  STA $2007 = 00                  A:00 X:70 Y:05 P:24 SP:FF PPU: NOT IMPLEMENTED YET
C037  CA        DEX                             A:00 X:70 Y:05 P:24 SP:FF PPU: NOT IMPLEMENTED YET
C038  D0 FA     BNE $C034                       A:00 X:6F Y:05 P:24 SP:FF PPU: NOT IMPLEMENTED YET
C034  8D 07 20  STA $2007 = 00                  A:00 X:6F Y:05 P:24 SP:FF PPU: NOT IMPLEMENTED YET
C037  CA        DEX                             A:00 X:6F Y:05 P:24 SP:FF PPU: NOT IMPLEMENTED YET
C038  D0 FA     BNE $C034                       A:00 X:6E Y:05 P:24 SP:FF PPU: NOT IMPLEMENTED YET
C034  8D 07 20  STA $2007 = 00                  A:00 X:6E Y:05 P:24 SP:FF PPU: NOT IMPLEMENTED YET
C037  CA        DEX                             A:00 X:6E Y:05 P:24 SP:FF PPU: NOT IMPLEMENTED YET
C038  D0 FA     BNE $C034                       A:00 X:6D Y:05 P:24 SP:FF PPU: NOT IMPLEMENTED YET
C034  8D 07 20  STA $2007 = 00                  A:00 X:6D Y:05 P:24 SP:FF PPU: NOT IMPLEMENTED YET
C037  CA        DEX                             A:00 X:6D Y:05 P:24 SP:FF PPU: NOT IMPLEMENTED YET
C038  D0 FA     BNE $C034                       A:00 X:6C Y:05 P:24 SP:FF PPU: NOT IMPLEMENTED YET
C034  8D 07 20  STA $2007 = 00                  A:00 X:6C Y:05 P:24 SP:FF PPU: NOT IMPLEMENTED YET
C037  CA        DEX                             A:00 X:6C Y:05 P:24 SP:FF PPU: NOT IMPLEMENTED YET
C038  D0 FA     BNE $C034                       A:00 X:6B Y:05 P:24 SP:FF PPU: NOT IMPLEMENTED YET
C034  8D 07 20  STA $2007 = 00                  A:00 X:6B Y:05 P:24 SP:FF PPU: NOT IMPLEMENTED YET
C037  CA        DEX                             A:00 X:6B Y:05 P:24 SP:FF PPU: NOT IMPLEMENTED YET
C038  D0 FA     BNE $C034                       A:00 X:6A Y:05 P:24 SP:FF PPU: NOT IMPLEMENTED YET
C034  8D 07 20  STA $2007 = 00                  A:00 X:6A Y:05 P:24 SP:FF PPU: NOT IMPLEMENTED YET
C037  CA        DEX                             A:00 X:6A Y:05 P:24 SP:FF PPU: NOT IMPLEMENTED YET
C038  D0 FA     BNE $C034                       A:00 X:69 Y:05 P:24 SP:FF PPU: NOT IMPLEMENTED YET
C034  8D 07 20  STA $2007 = 00                  A:00 X:69 Y:05 P:24 SP:FF PPU: NOT IMPLEMENTED YET
C037  CA        DEX                             A:00 X:69 Y:05 P:24 SP:FF PPU: NOT IMPLEMENTED YET
C038  D0 FA     BNE $C034                       A:00 X:68 Y:05 P:24 SP:FF PPU: NOT IMPLEMENTED YET
C034  8D 07 20  STA $2007 = 00                  A:00 X:68 Y:05 P:24 SP:FF PPU: NOT IMPLEMENTED YET
C037  CA        DEX                             A:00 X:68 Y:05 P:24 SP:FF PPU: NOT IMPLEMENTED YET
C038  D0 FA     BNE $C034                       A:00 X:67 Y:05 P:24 SP:FF PPU: NOT IMPLEMENTED YET
C034  8D 07 20  STA $2007 = 00                  A:00 X:67 Y:05 P:24 SP:FF PPU: NOT IMPLEMENTED YET
C037  CA        DEX                             A:00 X:67 Y:05 P:24 SP:FF PPU: NOT IMPLEMENTED YET
C038  D0 FA     BNE $C034                       A:00 X:66 Y:05 P:24 SP:FF PPU: NOT IMPLEMENTED YET
C034  8D 07 20  STA $2007 = 00                  A:00 X:66 Y:05 P:24 SP:FF PPU: NOT IMPLEMENTED YET
C037  CA        DEX                             A:00 X:66 Y:05 P:24 SP:FF PPU: NOT IMPLEMENTED YET
C038  D0 FA     BNE $C034                       A:00 X:65 Y:05 P:24 SP:FF PPU: NOT IMPLEMENTED YET
C034  8D 07 20  STA $2007 = 00                  A:00 X:65 Y:05 P:24 SP:FF PPU: NOT IMPLEMENTED YET
C037  CA        DEX                             A:00 X:65 Y:05 P:24 SP:FF PPU: NOT IMPLEMENTED YET
C038  D0 FA     BNE $C034                       A:00 X:64 Y:05 P:24 SP:FF PPU: NOT IMPLEMENTED YET
C034  8D 07 20  STA $2007 = 00                  A:00 X:64 Y:05 P:24 SP:FF PPU: NOT IMPLEMENTED YET
C037  CA        DEX                             A:00 X:64 Y:05 P:24 SP:FF PPU: NOT IMPLEMENTED YET
C038  D0 FA     BNE $C034                       A:00 X:63 Y:05 P:24 SP:FF PPU: NOT IMPLEMENTED YET
C034  8D 07 20  STA $2007 = 00                  A:00 X:63 Y:05 P:24 SP:FF PPU: NOT IMPLEMENTED YET
C037  CA        DEX                             A:00 X:63 Y:05 P:24 SP:FF PPU: NOT IMPLEMENTED YET
C038  D0 FA     BNE $C034                       A:00 X:62 Y:05 P:24 SP:FF PPU: NOT IMPLEMENTED YET
C034  8D 07 20  STA $2007 = 00                  A:00 X:62 Y:05 P:24 SP:FF PPU: NOT IMPLEMENTED YET
C037  CA        DEX                             A:00 X:62 Y:05 P:24 SP:FF PPU: NOT IMPLEMENTED YET
C038  D0 FA     BNE $C034                       A:00 X:61 Y:05 P:24 SP:FF PPU: NOT IMPLEMENTED YET
C034  8D 07 20  STA $2007 = 00                  A:00 X:61 Y:05 P:24 SP:FF PPU: NOT IMPLEMENTED YET
C037  CA        DEX                             A:00 X:61 Y:05 P:24 SP:FF PPU: NOT IMPLEMENTED YET
C038  D0 FA     BNE $C034                       A:00 X:60 Y:05 P:24 SP:FF PPU: NOT IMPLEMENTED YET
C034  8D 07 20  STA $2007 = 00                  A:00 X:60 Y:05 P:24 SP:FF PPU: NOT IMPLEMENTED YET
C037  CA        DEX                             A:00 X:60 Y:05 P:24 SP:FF PPU: NOT IMPLEMENTED YET
C038  D0 FA     BNE $C034                       A:00 X:5F Y:05 P:24 SP:FF PPU: NOT IMPLEMENTED YET
C034  8D 07 20  STA $2007 = 00                  A:00 X:5F Y:05 P:24 SP:FF PPU: NOT IMPLEMENTED YET
C037  CA        DEX                             A:00 X:5F Y:05 P:24 SP:FF PPU: NOT IMPLEMENTED YET
C038  D0 FA     BNE $C034                       A:00 X:5E Y:05 P:24 SP:FF PPU: NOT IMPLEMENTED YET
C034  8D 07 20  STA $2007 = 00                  A:00 X:5E Y:05 P:24 SP:FF PPU: NOT IMPLEMENTED YET
C037  CA        DEX                             A:00 X:5E Y:05 P:24 SP:FF PPU: NOT IMPLEMENTED YET
C038  D0 FA     BNE $C034                       A:00 X:5D Y:05 P:24 SP:FF PPU: NOT IMPLEMENTED YET
C034  8D 07 20  STA $2007 = 00                  A:00 X:5D Y:05 P:24 SP:FF PPU: NOT IMPLEMENTED YET
C037  CA        DEX                             A:00 X:5D Y:05 P:24 SP:FF PPU: NOT IMPLEMENTED YET
C038  D0 FA     BNE $C034                       A:00 X:5C Y:05 P:24 SP:FF PPU: NOT IMPLEMENTED YET
C034  8D 07 20  STA $2007 = 00                  A:00 X:5C Y:05 P:24 SP:FF PPU: NOT IMPLEMENTED YET
C037  CA        DEX                             A:00 X:5C Y:05 P:24 SP:FF PPU: NOT IMPLEMENTED YET
C038  D0 FA     BNE $C034                       A:00 X:5B Y:05 P:24 SP:FF PPU: NOT IMPLEMENTED YET
C034  8D 07 20  STA $2007 = 00                  A:00 X:5B Y:05 P:24 SP:FF PPU: NOT IMPLEMENTED YET
C037  CA        DEX                             A:00 X:5B Y:05 P:24 SP:FF PPU: NOT IMPLEMENTED YET
C038  D0 FA     BNE $C034                       A:00 X:5A Y:05 P:24 SP:FF PPU: NOT IMPLEMENTED YET
C034  8D 07 20  STA $2007 = 00                  A:00 X:5A Y:05 P:24 SP:FF PPU: NOT IMPLEMENTED YET
C037  CA        DEX                             A:00 X:5A Y:05 P:24 SP:FF PPU: NOT IMPLEMENTED YET
C038  D0 FA     BNE $C034                       A:00 X:59 Y:05 P:24 SP:FF PPU: NOT IMPLEMENTED YET
C034  8D 07 20  STA $2007 = 00                  A:00 X:59 Y:05 P:24 SP:FF PPU: NOT IMPLEMENTED YET
C037  CA        DEX                             A:00 X:59 Y:05 P:24 SP:FF PPU: NOT IMPLEMENTED YET
C038  D0 FA     BNE $C034                       A:00 X:58 Y:05 P:24 SP:FF PPU: NOT IMPLEMENTED YET
C034  8D 07 20  STA $2007 = 00                  A:00 X:58 Y:05 P:24 SP:FF PPU: NOT IMPLEMENTED YET
C037  CA        DEX                             A:00 X:58 Y:05 P:24 SP:FF PPU: NOT IMPLEMENTED YET
C038  D0 FA     BNE $C034                       A:00 X:57 Y:05 P:24 SP:FF PPU: NOT IMPLEMENTED YET
C034  8D 07 20  STA $2007 = 00                  A:00 X:57 Y:05 P:24 SP:FF PPU: NOT IMPLEMENTED YET
C037  CA        DEX                             A:00 X:57 Y:05 P:24 SP:FF PPU: NOT IMPLEMENTED YET
C038  D0 FA     BNE $C034                       A:00 X:56 Y:05 P:24 SP:FF PPU: NOT IMPLEMENTED YET
C034  8D 07 20  STA $2007 = 00                  A:00 X:56 Y:05 P:24 SP:FF PPU: NOT IMPLEMENTED YET
C037  CA        DEX                             A:00 X:56 Y:05 P:24 SP:FF PPU: NOT IMPLEMENTED YET
C038  D0 FA     BNE $C034                       A:00 X:55 Y:05 P:24 SP:FF PPU: NOT IMPLEMENTED YET
C034  8D 07 20  STA $2007 = 00                  A:00 X:55 Y:05 P:24 SP:FF PPU: NOT IMPLEMENTED YET
C037  CA        DEX                             A:00 X:55 Y:05 P:24 SP:FF PPU: NOT IMPLEMENTED YET
C038  D0 FA     BNE $C034                       A:00 X:54 Y:05 P:24 SP:FF PPU: NOT IMPLEMENTED YET
C034  8D 07 20  STA $2007 = 00                  A:00 X:54 Y:05 P:24 SP:FF PPU: NOT IMPLEMENTED YET
C037  CA        DEX                             A:00 X:54 Y:05 P:24 SP:FF PPU: NOT IMPLEMENTED YET
C038  D0 FA     BNE $C034                       A:00 X:53 Y:05 P:24 SP:FF PPU: NOT IMPLEMENTED YET
C034  8D 07 20  STA $2007 = 00                  A:00 X:53 Y:05 P:24 SP:FF PPU: NOT IMPLEMENTED YET
C037  CA        DEX                             A:00 X:53 Y:05 P:24 SP:FF PPU: NOT IMPLEMENTED YET
C038  D0 FA     BNE $C034                       A:00 X:52 Y:05 P:24 SP:FF PPU: NOT IMPLEMENTED YET
C034  8D 07 20  STA $2007 = 00                  A:00 X:52 Y:05 P:24 SP:FF PPU: NOT IMPLEMENTED YET
C037  CA        DEX                             A:00 X:52 Y:05 P:24 SP:FF PPU: NOT IMPLEMENTED YET
C038  D0 FA     BNE $C034                       A:00 X:51 Y:05 P:24 SP:FF PPU: NOT IMPLEMENTED YET
C034  8D 07 20  STA $2007 = 00                  A:00 X:51 Y:05 P:24 SP:FF PPU: NOT IMPLEMENTED YET
C037  CA        DEX                             A:00 X:51 Y:05 P:24 SP:FF PPU: NOT IMPLEMENTED YET
C038  D0 FA     BNE $C034                       A:00 X:50 Y:05 P:24 SP:FF PPU: NOT IMPLEMENTED YET
C034  8D 07 20  STA $2007 = 00                  A:00 X:50 Y:05 P:24 SP:FF PPU: NOT IMPLEMENTED YET
C037  CA        DEX                             A:00 X:50 Y:05 P:24 SP:FF PPU: NOT IMPLEMENTED YET
C038  D0 FA     BNE $C034                       A:00 X:4F Y:05 P:24 SP:FF PPU: NOT IMPLEMENTED YET
C034  8D 07 20  STA $2007 = 00                  A:00 X:4F Y:05 P:24 SP:FF PPU: NOT IMPLEMENTED YET
C037  CA        DEX                             A:00 X:4F Y:05 P:24 SP:FF PPU: NOT IMPLEMENTED YET
C038  D0 FA     BNE $C034                       A:00 X:4E Y:05 P:24 SP:FF PPU: NOT IMPLEMENTED YET
C034  8D 07 20  STA $2007 = 00                  A:00 X:4E Y:05 P:24 SP:FF PPU: NOT IMPLEMENTED YET
C037  CA        DEX                             A:00 X:4E Y:05 P:24 SP:FF PPU: NOT IMPLEMENTED YET
C038  D0 FA     BNE $C034                       A:00 X:4D Y:05 P:24 SP:FF PPU: NOT IMPLEMENTED YET
C034  8D 07 20  STA $2007 = 00                  A:00 X:4D Y:05 P:24 SP:FF PPU: NOT IMPLEMENTED YET
C037  CA        DEX                             A:00 X:4D Y:05 P:24 SP:FF PPU: NOT IMPLEMENTED YET
C038  D0 FA     BNE $C034                       A:00 X:4C Y:05 P:24 SP:FF PPU: NOT IMPLEMENTED YET
C034  8D 07 20  STA $2007 = 00                  A:00 X:4C Y:05 P:24 SP:FF PPU: NOT IMPLEMENTED YET
C037  CA        DEX                             A:00 X:4C Y:05 P:24 SP:FF PPU: NOT IMPLEMENTED YET
C038  D0 FA     BNE $C034                       A:00 X:4B Y:05 P:24 SP:FF PPU: NOT IMPLEMENTED YET
C034  8D 07 20  STA $2007 = 00                  A:00 X:4B Y:05 P:24 SP:FF PPU: NOT IMPLEMENTED YET
C037  CA        DEX                             A:00 X:4B Y:05 P:24 SP:FF PPU: NOT IMPLEMENTED YET
C038  D0 FA     BNE $C034                       A:00 X:4A Y:05 P:24 SP:FF PPU: NOT IMPLEMENTED YET
C034  8D 07 20  STA $2007 = 00                  A:00 X:4A Y:05 P:24 SP:FF PPU: NOT IMPLEMENTED YET
C037  CA        DEX                             A:00 X:4A Y:05 P:24 SP:FF PPU: NOT IMPLEMENTED YET
C038  D0 FA     BNE $C034                       A:00 X:49 Y:05 P:24 SP:FF PPU: NOT IMPLEMENTED YET
C034  8D 07 20  STA $2007 = 00                  A:00 X:49 Y:05 P:24 SP:FF PPU: NOT IMPLEMENTED YET
C037  CA        DEX                             A:00 X:49 Y:05 P:24 SP:FF PPU: NOT IMPLEMENTED YET
C038  D0 FA     BNE $C034                       A:00 X:48 Y:05 P:24 SP:FF PPU: NOT IMPLEMENTED YET
C034  8D 07 20  STA $2007 = 00                  A:00 X:48 Y:05 P:24 SP:FF PPU: NOT IMPLEMENTED YET
C037  CA        DEX                             A:00 X:48 Y:05 P:24 SP:FF PPU: NOT IMPLEMENTED YET
C038  D0 FA     BNE $C034                       A:00 X:47 Y:05 P:24 SP:FF PPU: NOT IMPLEMENTED YET
C034  8D 07 20  STA $2007 = 00                  A:00 X:47 Y:05 P:24 SP:FF PPU: NOT IMPLEMENTED YET
C037  CA        DEX                             A:00 X:47 Y:05 P:24 SP:FF PPU: NOT IMPLEMENTED YET
C038  D0 FA     BNE $C034                       A:00 X:46 Y:05 P:24 SP:FF PPU: NOT IMPLEMENTED YET
C034  8D 07 20  STA $2007 = 00                  A:00 X:46 Y:05 P:24 SP:FF PPU: NOT IMPLEMENTED YET
C037  CA        DEX                             A:00 X:46 Y:05 P:24 SP:FF PPU: NOT IMPLEMENTED YET
C038  D0 FA     BNE $C034                       A:00 X:45 Y:05 P:24 SP:FF PPU: NOT IMPLEMENTED YET
C034  8D 07 20  STA $2007 = 00                  A:00 X:45 Y:05 P:24 SP:FF PPU: NOT IMPLEMENTED YET
C037  CA        DEX                             A:00 X:45 Y:05 P:24 SP:FF PPU: NOT IMPLEMENTED YET
C038  D0 FA     BNE $C034                       A:00 X:44 Y:05 P:24 SP:FF PPU: NOT IMPLEMENTED YET
C034  8D 07 20  STA $2007 = 00                  A:00 X:44 Y:05 P:24 SP:FF PPU: NOT IMPLEMENTED YET
C037  CA        DEX                             A:00 X:44 Y:05 P:24 SP:FF PPU: NOT IMPLEMENTED YET
C038  D0 FA     BNE $C034                       A:00 X:43 Y:05 P:24 SP:FF PPU: NOT IMPLEMENTED YET
C034  8D 07 20  STA $2007 = 00                  A:00 X:43 Y:05 P:24 SP:FF PPU: NOT IMPLEMENTED YET
C037  CA        DEX                             A:00 X:43 Y:05 P:24 SP:FF PPU: NOT IMPLEMENTED YET
C038  D0 FA     BNE $C034                       A:00 X:42 Y:05 P:24 SP:FF PPU: NOT IMPLEMENTED YET
C034  8D 07 20  STA $2007 = 00                  A:00 X:42 Y:05 P:24 SP:FF PPU: NOT IMPLEMENTED YET
C037  CA        DEX                             A:00 X:42 Y:05 P:24 SP:FF PPU: NOT IMPLEMENTED YET
C038  D0 FA     BNE $C034                       A:00 X:41 Y:05 P:24 SP:FF PPU: NOT IMPLEMENTED YET
C034  8D 07 20  STA $2007 = 00                  A:00 X:41 Y:05 P:24 SP:FF PPU: NOT IMPLEMENTED YET
C037  CA        DEX                             A:00 X:41 Y:05 P:24 SP:FF PPU: NOT IMPLEMENTED YET
C038  D0 FA     BNE $C034                       A:00 X:40 Y:05 P:24 SP:FF PPU: NOT IMPLEMENTED YET
C034  8D 07 20  STA $2007 = 00                  A:00 X:40 Y:05 P:24 SP:FF PPU: NOT IMPLEMENTED YET
C037  CA        DEX                             A:00 X:40 Y:05 P:24 SP:FF PPU: NOT IMPLEMENTED YET
C038  D0 FA     BNE $C034                       A:00 X:3F Y:05 P:24 SP:FF PPU: NOT IMPLEMENTED YET
C034  8D 07 20  STA $2007 = 00                  A:00 X:3F Y:05 P:24 SP:FF PPU: NOT IMPLEMENTED YET
C037  CA        DEX                             A:00 X:3F Y:05 P:24 SP:FF PPU: NOT IMPLEMENTED YET
C038  D0 FA     BNE $C034                       A:00 X:3E Y:05 P:24 SP:FF PPU: NOT IMPLEMENTED YET
C034  8D 07 20  STA $2007 = 00                  A:00 X:3E Y:05 P:24 SP:FF PPU: NOT IMPLEMENTED YET
C037  CA        DEX                             A:00 X:3E Y:05 P:24 SP:FF PPU: NOT IMPLEMENTED YET
C038  D0 FA     BNE $C034                       A:00 X:3D Y:05 P:24 SP:FF PPU: NOT IMPLEMENTED YET
C034  8D 07 20  STA $2007 = 00                  A:00 X:3D Y:05 P:24 SP:FF PPU: NOT IMPLEMENTED YET
C037  CA        DEX                             A:00 X:3D Y:05 P:24 SP:FF PPU: NOT IMPLEMENTED YET
C038  D0 FA     BNE $C034                       A:00 X:3C Y:05 P:24 SP:FF PPU: NOT IMPLEMENTED YET
C034  8D 07 20  STA $2007 = 00                  A:00 X:3C Y:05 P:24 SP:FF PPU: NOT IMPLEMENTED YET
C037  CA        DEX                             A:00 X:3C Y:05 P:24 SP:FF PPU: NOT IMPLEMENTED YET
C038  D0 FA     BNE $C034                       A:00 X:3B Y:05 P:24 SP:FF PPU: NOT IMPLEMENTED YET
C034  8D 07 20  STA $2007 = 00                  A:00 X:3B Y:05 P:24 SP:FF PPU: NOT IMPLEMENTED YET
C037  CA        DEX                             A:00 X:3B Y:05 P:24 SP:FF PPU: NOT IMPLEMENTED YET
C038  D0 FA     BNE $C034                       A:00 X:3A Y:05 P:24 SP:FF PPU: NOT IMPLEMENTED YET
C034  8D 07 20  STA $2007 = 00                  A:00 X:3A Y:05 P:24 SP:FF PPU: NOT IMPLEMENTED YET
C037  CA        DEX                             A:00 X:3A Y:05 P:24 SP:FF PPU: NOT IMPLEMENTED YET
C038  D0 FA     BNE $C034                       A:00 X:39 Y:05 P:24 SP:FF PPU: NOT IMPLEMENTED YET
C034  8D 07 20  STA $2007 = 00                  A:00 X:39 Y:05 P:24 SP:FF PPU: NOT IMPLEMENTED YET
C037  CA        DEX                             A:00 X:39 Y:05 P:24 SP:FF PPU: NOT IMPLEMENTED YET
C038  D0 FA     BNE $C034                       A:00 X:38 Y:05 P:24 SP:FF PPU: NOT IMPLEMENTED YET
C034  8D 07 20  STA $2007 = 00                  A:00 X:38 Y:05 P:24 SP:FF PPU: NOT IMPLEMENTED YET
C037  CA        DEX                             A:00 X:38 Y:05 P:24 SP:FF PPU: NOT IMPLEMENTED YET
C038  D0 FA     BNE $C034                       A:00 X:37 Y:05 P:24 SP:FF PPU: NOT IMPLEMENTED YET
C034  8D 07 20  STA $2007 = 00                  A:00 X:37 Y:05 P:24 SP:FF PPU: NOT IMPLEMENTED YET
C037  CA        DEX                             A:00 X:37 Y:05 P:24 SP:FF PPU: NOT IMPLEMENTED YET
C038  D0 FA     BNE $C034                       A:00 X:36 Y:05 P:24 SP:FF PPU: NOT IMPLEMENTED YET
C034  8D 07 20  STA $2007 = 00                  A:00 X:36 Y:05 P:24 SP:FF PPU: NOT IMPLEMENTED YET
C037  CA        DEX                             A:00 X:36 Y:05 P:24 SP:FF PPU: NOT IMPLEMENTED YET
C038  D0 FA     BNE $C034                       A:00 X:35 Y:05 P:24 SP:FF PPU: NOT IMPLEMENTED YET
C034  8D 07 20  STA $2007 = 00                  A:00 X:35 Y:05 P:24 SP:FF PPU: NOT IMPLEMENTED YET
C037  CA        DEX                             A:00 X:35 Y:05 P:24 SP:FF PPU: NOT IMPLEMENTED YET
C038  D0 FA     BNE $C034                       A:00 X:34 Y:05 P:24 SP:FF PPU: NOT IMPLEMENTED YET
C034  8D 07 20  STA $2007 = 00                  A:00 X:34 Y:05 P:24 SP:FF PPU: NOT IMPLEMENTED YET
C037  CA        DEX                             A:00 X:34 Y:05 P:24 SP:FF PPU: NOT IMPLEMENTED YET
C038  D0 FA     BNE $C034                       A:00 X:33 Y:05 P:24 SP:FF PPU: NOT IMPLEMENTED YET
C034  8D 07 20  STA $2007 = 00                  A:00 X:33 Y:05 P:24 SP:FF PPU: NOT IMPLEMENTED YET
C037  CA        DEX                             A:00 X:33 Y:05 P:24 SP:FF PPU: NOT IMPLEMENTED YET
C038  D0 FA     BNE $C034                       A:00 X:32 Y:05 P:24 SP:FF PPU: NOT IMPLEMENTED YET
C034  8D 07 20  STA $2007 = 00                  A:00 X:32 Y:05 P:24 SP:FF PPU: NOT IMPLEMENTED YET
C037  CA        DEX                             A:00 X:32 Y:05 P:24 SP:FF PPU: NOT IMPLEMENTED YET
C038  D0 FA     BNE $C034                       A:00 X:31 Y:05 P:24 SP:FF PPU: NOT IMPLEMENTED YET
C034  8D 07 20  STA $2007 = 00                  A:00 X:31 Y:05 P:24 SP:FF PPU: NOT IMPLEMENTED YET
C037  CA        DEX                             A:00 X:31 Y:05 P:24 SP:FF PPU: NOT IMPLEMENTED YET
C038  D0 FA     BNE $C034                       A:00 X:30 Y:05 P:24 SP:FF PPU: NOT IMPLEMENTED YET
C034  8D 07 20  STA $2007 = 00                  A:00 X:30 Y:05 P:24 SP:FF PPU: NOT IMPLEMENTED YET
C037  CA        DEX                             A:00 X:30 Y:05 P:24 SP:FF PPU: NOT IMPLEMENTED YET
C038  D0 FA     BNE $C034                       A:00 X:2F Y:05 P:24 SP:FF PPU: NOT IMPLEMENTED YET
C034  8D 07 20  STA $2007 = 00                  A:00 X:2F Y:05 P:24 SP:FF PPU: NOT IMPLEMENTED YET
C037  CA        DEX                             A:00 X:2F Y:05 P:24 SP:FF PPU: NOT IMPLEMENTED YET
C038  D0 FA     BNE $C034                       A:00 X:2E Y:05 P:24 SP:FF PPU: NOT IMPLEMENTED YET
C034  8D 07 20  STA $2007 = 00                  A:00 X:2E Y:05 P:24 SP:FF PPU: NOT IMPLEMENTED YET
C037  CA        DEX                             A:00 X:2E Y:05 P:24 SP:FF PPU: NOT IMPLEMENTED YET
C038  D0 FA     BNE $C034                       A:00 X:2D Y:05 P:24 SP:FF PPU: NOT IMPLEMENTED YET
C034  8D 07 20  STA $2007 = 00                  A:00 X:2D Y:05 P:24 SP:FF PPU: NOT IMPLEMENTED YET
C037  CA        DEX                             A:00 X:2D Y:05 P:24 SP:FF PPU: NOT IMPLEMENTED YET
C038  D0 FA     BNE $C034                       A:00 X:2C Y:05 P:24 SP:FF PPU: NOT IMPLEMENTED YET
C034  8D 07 20  STA $2007 = 00                  A:00 X:2C Y:05 P:24 SP:FF PPU: NOT IMPLEMENTED YET
C037  CA        DEX                             A:00 X:2C Y:05 P:24 SP:FF PPU: NOT IMPLEMENTED YET
C038  D0 FA     BNE $C034                       A:00 X:2B Y:05 P:24 SP:FF PPU: NOT IMPLEMENTED YET
C034  8D 07 20  STA $2007 = 00                  A:00 X:2B Y:05 P:24 SP:FF PPU: NOT IMPLEMENTED YET
C037  CA        DEX                             A:00 X:2B Y:05 P:24 SP:FF PPU: NOT IMPLEMENTED YET
C038  D0 FA     BNE $C034                       A:00 X:2A Y:05 P:24 SP:FF PPU: NOT IMPLEMENTED YET
C034  8D 07 20  STA $2007 = 00                  A:00 X:2A Y:05 P:24 SP:FF PPU: NOT IMPLEMENTED YET
C037  CA        DEX                             A:00 X:2A Y:05 P:24 SP:FF PPU: NOT IMPLEMENTED YET
C038  D0 FA     BNE $C034                       A:00 X:29 Y:05 P:24 SP:FF PPU: NOT IMPLEMENTED YET
C034  8D 07 20  STA $2007 = 00                  A:00 X:29 Y:05 P:24 SP:FF PPU: NOT IMPLEMENTED YET
C037  CA        DEX                             A:00 X:29 Y:05 P:24 SP:FF PPU: NOT IMPLEMENTED YET
C038  D0 FA     BNE $C034                       A:00 X:28 Y:05 P:24 SP:FF PPU: NOT IMPLEMENTED YET
C034  8D 07 20  STA $2007 = 00                  A:00 X:28 Y:05 P:24 SP:FF PPU: NOT IMPLEMENTED YET
C037  CA        DEX                             A:00 X:28 Y:05 P:24 SP:FF PPU: NOT IMPLEMENTED YET
C038  D0 FA     BNE $C034                       A:00 X:27 Y:05 P:24 SP:FF PPU: NOT IMPLEMENTED YET
C034  8D 07 20  STA $2007 = 00                  A:00 X:27 Y:05 P:24 SP:FF PPU: NOT IMPLEMENTED YET
C037  CA        DEX                             A:00 X:27 Y:05 P:24 SP:FF PPU: NOT IMPLEMENTED YET
C038  D0 FA     BNE $C034                       A:00 X:26 Y:05 P:24 SP:FF PPU: NOT IMPLEMENTED YET
C034  8D 07 20  STA $2007 = 00                  A:00 X:26 Y:05 P:24 SP:FF PPU: NOT IMPLEMENTED YET
C037  CA        DEX                             A:00 X:26 Y:05 P:24 SP:FF PPU: NOT IMPLEMENTED YET
C038  D0 FA     BNE $C034                       A:00 X:25 Y:05 P:24 SP:FF PPU: NOT IMPLEMENTED YET
C034  8D 07 20  STA $2007 = 00                  A:00 X:25 Y:05 P:24 SP:FF PPU: NOT IMPLEMENTED YET
C037  CA        DEX                             A:00 X:25 Y:05 P:24 SP:FF PPU: NOT IMPLEMENTED YET
C038  D0 FA     BNE $C034                       A:00 X:24 Y:05 P:24 SP:FF PPU: NOT IMPLEMENTED YET
C034  8D 07 20  STA $2007 = 00                  A:00 X:24 Y:05 P:24 SP:FF PPU: NOT IMPLEMENTED YET
C037  CA        DEX                             A:00 X:24 Y:05 P:24 SP:FF PPU: NOT IMPLEMENTED YET
C038  D0 FA     BNE $C034                       A:00 X:23 Y:05 P:24 SP:FF PPU: NOT IMPLEMENTED YET
C034  8D 07 20  STA $2007 = 00                  A:00 X:23 Y:05 P:24 SP:FF PPU: NOT IMPLEMENTED YET
C037  CA        DEX                             A:00 X:23 Y:05 P:24 SP:FF PPU: NOT IMPLEMENTED YET
C038  D0 FA     BNE $C034                       A:00 X:22 Y:05 P:24 SP:FF PPU: NOT IMPLEMENTED YET
C034  8D 07 20  STA $2007 = 00                  A:00 X:22 Y:05 P:24 SP:FF PPU: NOT IMPLEMENTED YET
C037  CA        DEX                             A:00 X:22 Y:05 P:24 SP:FF PPU: NOT IMPLEMENTED YET
C038  D0 FA     BNE $C034                       A:00 X:21 Y:05 P:24 SP:FF PPU: NOT IMPLEMENTED YET
C034  8D 07 20  STA $2007 = 00                  A:00 X:21 Y:05 P:24 SP:FF PPU: NOT IMPLEMENTED YET
C037  CA        DEX                             A:00 X:21 Y:05 P:24 SP:FF PPU: NOT IMPLEMENTED YET
C038  D0 FA     BNE $C034                       A:00 X:20 Y:05 P:24 SP:FF PPU: NOT IMPLEMENTED YET
C034  8D 07 20  STA $2007 = 00                  A:00 X:20 Y:05 P:24 SP:FF PPU: NOT IMPLEMENTED YET
C037  CA        DEX                             A:00 X:20 Y:05 P:24 SP:FF PPU: NOT IMPLEMENTED YET
C038  D0 FA     BNE $C034                       A:00 X:1F Y:05 P:24 SP:FF PPU: NOT IMPLEMENTED YET
C034  8D 07 20  STA $2007 = 00                  A:00 X:1F Y:05 P:24 SP:FF PPU: NOT IMPLEMENTED YET
C037  CA        DEX                             A:00 X:1F Y:05 P:24 SP:FF PPU: NOT IMPLEMENTED YET
C038  D0 FA     BNE $C034                       A:00 X:1E Y:05 P:24 SP:FF PPU: NOT IMPLEMENTED YET
C034  8D 07 20  STA $2007 = 00                  A:00 X:1E Y:05 P:24 SP:FF PPU: NOT IMPLEMENTED YET
C037  CA        DEX                             A:00 X:1E Y:05 P:24 SP:FF PPU: NOT IMPLEMENTED YET
C038  D0 FA     BNE $C034                       A:00 X:1D Y:05 P:24 SP:FF PPU: NOT IMPLEMENTED YET
C034  8D 07 20  STA $2007 = 00                  A:00 X:1D Y:05 P:24 SP:FF PPU: NOT IMPLEMENTED YET
C037  CA        DEX                             A:00 X:1D Y:05 P:24 SP:FF PPU: NOT IMPLEMENTED YET
C038  D0 FA     BNE $C034                       A:00 X:1C Y:05 P:24 SP:FF PPU: NOT IMPLEMENTED YET
C034  8D 07 20  STA $2007 = 00                  A:00 X:1C Y:05 P:24 SP:FF PPU: NOT IMPLEMENTED YET
C037  CA        DEX                             A:00 X:1C Y:05 P:24 SP:FF PPU: NOT IMPLEMENTED YET
C038  D0 FA     BNE $C034                       A:00 X:1B Y:05 P:24 SP:FF PPU: NOT IMPLEMENTED YET
C034  8D 07 20  STA $2007 = 00                  A:00 X:1B Y:05 P:24 SP:FF PPU: NOT IMPLEMENTED YET
C037  CA        DEX                             A:00 X:1B Y:05 P:24 SP:FF PPU: NOT IMPLEMENTED YET
C038  D0 FA     BNE $C034                       A:00 X:1A Y:05 P:24 SP:FF PPU: NOT IMPLEMENTED YET
C034  8D 07 20  STA $2007 = 00                  A:00 X:1A Y:05 P:24 SP:FF PPU: NOT IMPLEMENTED YET
C037  CA        DEX                             A:00 X:1A Y:05 P:24 SP:FF PPU: NOT IMPLEMENTED YET
C038  D0 FA     BNE $C034                       A:00 X:19 Y:05 P:24 SP:FF PPU: NOT IMPLEMENTED YET
C034  8D 07 20  STA $2007 = 00                  A:00 X:19 Y:05 P:24 SP:FF PPU: NOT IMPLEMENTED YET
C037  CA        DEX                             A:00 X:19 Y:05 P:24 SP:FF PPU: NOT IMPLEMENTED YET
C038  D0 FA     BNE $C034                       A:00 X:18 Y:05 P:24 SP:FF PPU: NOT IMPLEMENTED YET
C034  8D 07 20  STA $2007 = 00                  A:00 X:18 Y:05 P:24 SP:FF PPU: NOT IMPLEMENTED YET
C037  CA        DEX                             A:00 X:18 Y:05 P:24 SP:FF PPU: NOT IMPLEMENTED YET
C038  D0 FA     BNE $C034                       A:00 X:17 Y:05 P:24 SP:FF PPU: NOT IMPLEMENTED YET
C034  8D 07 20  STA $2007 = 00                  A:00 X:17 Y:05 P:24 SP:FF PPU: NOT IMPLEMENTED YET
C037  CA        DEX                             A:00 X:17 Y:05 P:24 SP:FF PPU: NOT IMPLEMENTED YET
C038  D0 FA     BNE $C034                       A:00 X:16 Y:05 P:24 SP:FF PPU: NOT IMPLEMENTED YET
C034  8D 07 20  STA $2007 = 00                  A:00 X:16 Y:05 P:24 SP:FF PPU: NOT IMPLEMENTED YET
C037  CA        DEX                             A:00 X:16 Y:05 P:24 SP:FF PPU: NOT IMPLEMENTED YET
C038  D0 FA     BNE $C034                       A:00 X:15 Y:05 P:24 SP:FF PPU: NOT IMPLEMENTED YET
C034  8D 07 20  STA $2007 = 00                  A:00 X:15 Y:05 P:24 SP:FF PPU: NOT IMPLEMENTED YET
C037  CA        DEX                             A:00 X:15 Y:05 P:24 SP:FF PPU: NOT IMPLEMENTED YET
C038  D0 FA     BNE $C034                       A:00 X:14 Y:05 P:24 SP:FF PPU: NOT IMPLEMENTED YET
C034  8D 07 20  STA $2007 = 00                  A:00 X:14 Y:05 P:24 SP:FF PPU: NOT IMPLEMENTED YET
C037  CA        DEX                             A:00 X:14 Y:05 P:24 SP:FF PPU: NOT IMPLEMENTED YET
C038  D0 FA     BNE $C034                       A:00 X:13 Y:05 P:24 SP:FF PPU: NOT IMPLEMENTED YET
C034  8D 07 20  STA $2007 = 00                  A:00 X:13 Y:05 P:24 SP:FF PPU: NOT IMPLEMENTED YET
C037  CA        DEX                             A:00 X:13 Y:05 P:24 SP:FF PPU: NOT IMPLEMENTED YET
C038  D0 FA     BNE $C034                       A:00 X:12 Y:05 P:24 SP:FF PPU: NOT IMPLEMENTED YET
C034  8D 07 20  STA $2007 = 00                  A:00 X:12 Y:05 P:24 SP:FF PPU: NOT IMPLEMENTED YET
C037  CA        DEX                             A:00 X:12 Y:05 P:24 SP:FF PPU: NOT IMPLEMENTED YET
C038  D0 FA     BNE $C034                       A:00 X:11 Y:05 P:24 SP:FF PPU: NOT IMPLEMENTED YET
C034  8D 07 20  STA $2007 = 00                  A:00 X:11 Y:05 P:24 SP:FF PPU: NOT IMPLEMENTED YET
C037  CA        DEX                             A:00 X:11 Y:05 P:24 SP:FF PPU: NOT IMPLEMENTED YET
C038  D0 FA     BNE $C034                       A:00 X:10 Y:05 P:24 SP:FF PPU: NOT IMPLEMENTED YET
C034  8D 07 20  STA $2007 = 00                  A:00 X:10 Y:05 P:24 SP:FF PPU: NOT IMPLEMENTED YET
C037  CA        DEX                             A:00 X:10 Y:05 P:24 SP:FF PPU: NOT IMPLEMENTED YET
C038  D0 FA     BNE $C034                       A:00 X:0F Y:05 P:24 SP:FF PPU: NOT IMPLEMENTED YET
C034  8D 07 20  STA $2007 = 00                  A:00 X:0F Y:05 P:24 SP:FF PPU: NOT IMPLEMENTED YET
C037  CA        DEX                             A:00 X:0F Y:05 P:24 SP:FF PPU: NOT IMPLEMENTED YET
C038  D0 FA     BNE $C034                       A:00 X:0E Y:05 P:24 SP:FF PPU: NOT IMPLEMENTED YET
C034  8D 07 20  STA $2007 = 00                  A:00 X:0E Y:05 P:24 SP:FF PPU: NOT IMPLEMENTED YET
C037  CA        DEX                             A:00 X:0E Y:05 P:24 SP:FF PPU: NOT IMPLEMENTED YET
C038  D0 FA     BNE $C034                       A:00 X:0D Y:05 P:24 SP:FF PPU: NOT IMPLEMENTED YET
C034  8D 07 20  STA $2007 = 00                  A:00 X:0D Y:05 P:24 SP:FF PPU: NOT IMPLEMENTED YET
C037  CA        DEX                             A:00 X:0D Y:05 P:24 SP:FF PPU: NOT IMPLEMENTED YET
C038  D0 FA     BNE $C034                       A:00 X:0C Y:05 P:24 SP:FF PPU: NOT IMPLEMENTED YET
C034  8D 07 20  STA $2007 = 00                  A:00 X:0C Y:05 P:24 SP:FF PPU: NOT IMPLEMENTED YET
C037  CA        DEX                             A:00 X:0C Y:05 P:24 SP:FF PPU: NOT IMPLEMENTED YET
C038  D0 FA     BNE $C034                       A:00 X:0B Y:05 P:24 SP:FF PPU: NOT IMPLEMENTED YET
C034  8D 07 20  STA $2007 = 00                  A:00 X:0B Y:05 P:24 SP:FF PPU: NOT IMPLEMENTED YET
C037  CA        DEX                             A:00 X:0B Y:05 P:24 SP:FF PPU: NOT IMPLEMENTED YET
C038  D0 FA     BNE $C034                       A:00 X:0A Y:05 P:24 SP:FF PPU: NOT IMPLEMENTED YET
C034  8D 07 20  STA $2007 = 00                  A:00 X:0A Y:05 P:24 SP:FF PPU: NOT IMPLEMENTED YET
C037  CA        DEX                             A:00 X:0A Y:05 P:24 SP:FF PPU: NOT IMPLEMENTED YET
C038  D0 FA     BNE $C034                       A:00 X:09 Y:05 P:24 SP:FF PPU: NOT IMPLEMENTED YET
C034  8D 07 20  STA $2007 = 00                  A:00 X:09 Y:05 P:24 SP:FF PPU: NOT IMPLEMENTED YET
C037  CA        DEX                             A:00 X:09 Y:05 P:24 SP:FF PPU: NOT IMPLEMENTED YET
C038  D0 FA     BNE $C034                       A:00 X:08 Y:05 P:24 SP:FF PPU: NOT IMPLEMENTED YET
C034  8D 07 20  STA $2007 = 00                  A:00 X:08 Y:05 P:24 SP:FF PPU: NOT IMPLEMENTED YET
C037  CA        DEX                             A:00 X:08 Y:05 P:24 SP:FF PPU: NOT IMPLEMENTED YET
C038  D0 FA     BNE $C034                       A:00 X:07 Y:05 P:24 SP:FF PPU: NOT IMPLEMENTED YET
C034  8D 07 20  STA $2007 = 00                  A:00 X:07 Y:05 P:24 SP:FF PPU: NOT IMPLEMENTED YET
C037  CA        DEX                             A:00 X:07 Y:05 P:24 SP:FF PPU: NOT IMPLEMENTED YET
C038  D0 FA     BNE $C034                       A:00 X:06 Y:05 P:24 SP:FF PPU: NOT IMPLEMENTED YET
C034  8D 07 20  STA $2007 = 00                  A:00 X:06 Y:05 P:24 SP:FF PPU: NOT IMPLEMENTED YET
C037  CA        DEX                             A:00 X:06 Y:05 P:24 SP:FF PPU: NOT IMPLEMENTED YET
C038  D0 FA     BNE $C034                       A:00 X:05 Y:05 P:24 SP:FF PPU: NOT IMPLEMENTED YET
C034  8D 07 20  STA $2007 = 00                  A:00 X:05 Y:05 P:24 SP:FF PPU: NOT IMPLEMENTED YET
C037  CA        DEX                             A:00 X:05 Y:05 P:24 SP:FF PPU: NOT IMPLEMENTED YET
C038  D0 FA     BNE $C034                       A:00 X:04 Y:05 P:24 SP:FF PPU: NOT IMPLEMENTED YET
C034  8D 07 20  STA $2007 = 00                  A:00 X:04 Y:05 P:24 SP:FF PPU: NOT IMPLEMENTED YET
C037  CA        DEX                             A:00 X:04 Y:05 P:24 SP:FF PPU: NOT IMPLEMENTED YET
C038  D0 FA     BNE $C034                       A:00 X:03 Y:05 P:24 SP:FF PPU: NOT IMPLEMENTED YET
C034  8D 07 20  STA $2007 = 00                  A:00 X:03 Y:05 P:24 SP:FF PPU: NOT IMPLEMENTED YET
C037  CA        DEX                             A:00 X:03 Y:05 P:24 SP:FF PPU: NOT IMPLEMENTED YET
C038  D0 FA     BNE $C034                       A:00 X:02 Y:05 P:24 SP:FF PPU: NOT IMPLEMENTED YET
C034  8D 07 20  STA $2007 = 00                  A:00 X:02 Y:05 P:24 SP:FF PPU: NOT IMPLEMENTED YET
C037  CA        DEX                             A:00 X:02 Y:05 P:24 SP:FF PPU: NOT IMPLEMENTED YET
C038  D0 FA     BNE $C034                       A:00 X:01 Y:05 P:24 SP:FF PPU: NOT IMPLEMENTED YET
C034  8D 07 20  STA $2007 = 00                  A:00 X:01 Y:05 P:24 SP:FF PPU: NOT IMPLEMENTED YET
C037  CA        DEX                             A:00 X:01 Y:05 P:24 SP:FF PPU: NOT IMPLEMENTED YET
C038  D0 FA     BNE $C034                       A:00 X:00 Y:05 P:26 SP:FF PPU: NOT IMPLEMENTED YET
C03A  88        DEY                             A:00 X:00 Y:05 P:26 SP:FF PPU: NOT IMPLEMENTED YET
C03B  D0 F7     BNE $C034                       A:00 X:00 Y:04 P:24 SP:FF PPU: NOT IMPLEMENTED YET
C034  8D 07 20  STA $2007 = 00                  A:00 X:00 Y:04 P:24 SP:FF PPU: NOT IMPLEMENTED YET
C037  CA        DEX                             A:00 X:00 Y:04 P:24 SP:FF PPU: NOT IMPLEMENTED YET
C038  D0 FA     BNE $C034                       A:00 X:FF Y:04 P:A4 SP:FF PPU: NOT IMPLEMENTED YET
C034  8D 07 20  STA $2007 = 00                  A:00 X:FF Y:04 P:A4 SP:FF PPU: NOT IMPLEMENTED YET
C037  CA        DEX                             A:00 X:FF Y:04 P:A4 SP:FF PPU: NOT IMPLEMENTED YET
C038  D0 FA     BNE $C034                       A:00 X:FE Y:04 P:A4 SP:FF PPU: NOT IMPLEMENTED YET
C034  8D 07 20  STA $2007 = 00                  A:00 X:FE Y:04 P:A4 SP:FF PPU: NOT IMPLEMENTED YET
C037  CA        DEX                             A:00 X:FE Y:04 P:A4 SP:FF PPU: NOT IMPLEMENTED YET
C038  D0 FA     BNE $C034                       A:00 X:FD Y:04 P:A4 SP:FF PPU: NOT IMPLEMENTED YET
C034  8D 07 20  STA $2007 = 00                  A:00 X:FD Y:04 P:A4 SP:FF PPU: NOT IMPLEMENTED YET
C037  CA        DEX                             A:00 X:FD Y:04 P:A4 SP:FF PPU: NOT IMPLEMENTED YET
C038  D0 FA     BNE $C034                       A:00 X:FC Y:04 P:A4 SP:FF PPU: NOT IMPLEMENTED YET
C034  8D 07 20  STA $2007 = 00                  A:00 X:FC Y:04 P:A4 SP:FF PPU: NOT IMPLEMENTED YET
C037  CA        DEX                             A:00 X:FC Y:04 P:A4 SP:FF PPU: NOT IMPLEMENTED YET
C038  D0 FA     BNE $C034                       A:00 X:FB Y:04 P:A4 SP:FF PPU: NOT IMPLEMENTED YET
C034  8D 07 20  STA $2007 = 00                  A:00 X:FB Y:04 P:A4 SP:FF PPU: NOT IMPLEMENTED YET
C037  CA        DEX                             A:00 X:FB Y:04 P:A4 SP:FF PPU: NOT IMPLEMENTED YET
C038  D0 FA     BNE $C034                       A:00 X:FA Y:04 P:A4 SP:FF PPU: NOT IMPLEMENTED YET
C034  8D 07 20  STA $2007 = 00                  A:00 X:FA Y:04 P:A4 SP:FF PPU: NOT IMPLEMENTED YET
C037  CA        DEX                             A:00 X:FA Y:04 P:A4 SP:FF PPU: NOT IMPLEMENTED YET
C038  D0 FA     BNE $C034                       A:00 X:F9 Y:04 P:A4 SP:FF PPU: NOT IMPLEMENTED YET
C034  8D 07 20  STA $2007 = 00                  A:00 X:F9 Y:04 P:A4 SP:FF PPU: NOT IMPLEMENTED YET
C037  CA        DEX                             A:00 X:F9 Y:04 P:A4 SP:FF PPU: NOT IMPLEMENTED YET
C038  D0 FA     BNE $C034                       A:00 X:F8 Y:04 P:A4 SP:FF PPU: NOT IMPLEMENTED YET
C034  8D 07 20  STA $2007 = 00                  A:00 X:F8 Y:04 P:A4 SP:FF PPU: NOT IMPLEMENTED YET
C037  CA        DEX                             A:00 X:F8 Y:04 P:A4 SP:FF PPU: NOT IMPLEMENTED YET
C038  D0 FA     BNE $C034                       A:00 X:F7 Y:04 P:A4 SP:FF PPU: NOT IMPLEMENTED YET
C034  8D 07 20  STA $2007 = 00                  A:00 X:F7 Y:04 P:A4 SP:FF PPU: NOT IMPLEMENTED YET
C037  CA        DEX                             A:00 X:F7 Y:04 P:A4 SP:FF PPU: NOT IMPLEMENTED YET
C038  D0 FA     BNE $C034                       A:00 X:F6 Y:04 P:A4 SP:FF PPU: NOT IMPLEMENTED YET
C034  8D 07 20  STA $2007 = 00                  A:00 X:F6 Y:04 P:A4 SP:FF PPU: NOT IMPLEMENTED YET
C037  CA        DEX                             A:00 X:F6 Y:04 P:A4 SP:FF PPU: NOT IMPLEMENTED YET
C038  D0 FA     BNE $C034                       A:00 X:F5 Y:04 P:A4 SP:FF PPU: NOT IMPLEMENTED YET
C034  8D 07 20  STA $2007 = 00                  A:00 X:F5 Y:04 P:A4 SP:FF PPU: NOT IMPLEMENTED YET
C037  CA        DEX                             A:00 X:F5 Y:04 P:A4 SP:FF PPU: NOT IMPLEMENTED YET
C038  D0 FA     BNE $C034                       A:00 X:F4 Y:04 P:A4 SP:FF PPU: NOT IMPLEMENTED YET
C034  8D 07 20  STA $2007 = 00                  A:00 X:F4 Y:04 P:A4 SP:FF PPU: NOT IMPLEMENTED YET
C037  CA        DEX                             A:00 X:F4 Y:04 P:A4 SP:FF PPU: NOT IMPLEMENTED YET
C038  D0 FA     BNE $C034                       A:00 X:F3 Y:04 P:A4 SP:FF PPU: NOT IMPLEMENTED YET
C034  8D 07 20  STA $2007 = 00                  A:00 X:F3 Y:04 P:A4 SP:FF PPU: NOT IMPLEMENTED YET
C037  CA        DEX                             A:00 X:F3 Y:04 P:A4 SP:FF PPU: NOT IMPLEMENTED YET
C038  D0 FA     BNE $C034                       A:00 X:F2 Y:04 P:A4 SP:FF PPU: NOT IMPLEMENTED YET
C034  8D 07 20  STA $2007 = 00                  A:00 X:F2 Y:04 P:A4 SP:FF PPU: NOT IMPLEMENTED YET
C037  CA        DEX                             A:00 X:F2 Y:04 P:A4 SP:FF PPU: NOT IMPLEMENTED YET
C038  D0 FA     BNE $C034                       A:00 X:F1 Y:04 P:A4 SP:FF PPU: NOT IMPLEMENTED YET
C034  8D 07 20  STA $2007 = 00                  A:00 X:F1 Y:04 P:A4 SP:FF PPU: NOT IMPLEMENTED YET
C037  CA        DEX                             A:00 X:F1 Y:04 P:A4 SP:FF PPU: NOT IMPLEMENTED YET
C038  D0 FA     BNE $C034                       A:00 X:F0 Y:04 P:A4 SP:FF PPU: NOT IMPLEMENTED YET
C034  8D 07 20  STA $2007 = 00                  A:00 X:F0 Y:04 P:A4 SP:FF PPU: NOT IMPLEMENTED YET
C037  CA        DEX                             A:00 X:F0 Y:04 P:A4 SP:FF PPU: NOT IMPLEMENTED YET
C038  D0 FA     BNE $C034                       A:00 X:EF Y:04 P:A4 SP:FF PPU: NOT IMPLEMENTED YET
C034  8D 07 20  STA $2007 = 00                  A:00 X:EF Y:04 P:A4 SP:FF PPU: NOT IMPLEMENTED YET
C037  CA        DEX                             A:00 X:EF Y:04 P:A4 SP:FF PPU: NOT IMPLEMENTED YET
C038  D0 FA     BNE $C034                       A:00 X:EE Y:04 P:A4 SP:FF PPU: NOT IMPLEMENTED YET
C034  8D 07 20  STA $2007 = 00                  A:00 X:EE Y:04 P:A4 SP:FF PPU: NOT IMPLEMENTED YET
C037  CA        DEX                             A:00 X:EE Y:04 P:A4 SP:FF PPU: NOT IMPLEMENTED YET
C038  D0 FA     BNE $C034                       A:00 X:ED Y:04 P:A4 SP:FF PPU: NOT IMPLEMENTED YET
C034  8D 07 20  STA $2007 = 00                  A:00 X:ED Y:04 P:A4 SP:FF PPU: NOT IMPLEMENTED YET
C037  CA        DEX                             A:00 X:ED Y:04 P:A4 SP:FF PPU: NOT IMPLEMENTED YET
C038  D0 FA     BNE $C034                       A:00 X:EC Y:04 P:A4 SP:FF PPU: NOT IMPLEMENTED YET
C034  8D 07 20  STA $2007 = 00                  A:00 X:EC Y:04 P:A4 SP:FF PPU: NOT IMPLEMENTED YET
C037  CA        DEX                             A:00 X:EC Y:04 P:A4 SP:FF PPU: NOT IMPLEMENTED YET
C038  D0 FA     BNE $C034                       A:00 X:EB Y:04 P:A4 SP:FF PPU: NOT IMPLEMENTED YET
C034  8D 07 20  STA $2007 = 00                  A:00 X:EB Y:04 P:A4 SP:FF PPU: NOT IMPLEMENTED YET
C037  CA        DEX                             A:00 X:EB Y:04 P:A4 SP:FF PPU: NOT IMPLEMENTED YET
C038  D0 FA     BNE $C034                       A:00 X:EA Y:04 P:A4 SP:FF PPU: NOT IMPLEMENTED YET
C034  8D 07 20  STA $2007 = 00                  A:00 X:EA Y:04 P:A4 SP:FF PPU: NOT IMPLEMENTED YET
C037  CA        DEX                             A:00 X:EA Y:04 P:A4 SP:FF PPU: NOT IMPLEMENTED YET
C038  D0 FA     BNE $C034                       A:00 X:E9 Y:04 P:A4 SP:FF PPU: NOT IMPLEMENTED YET
C034  8D 07 20  STA $2007 = 00                  A:00 X:E9 Y:04 P:A4 SP:FF PPU: NOT IMPLEMENTED YET
C037  CA        DEX                             A:00 X:E9 Y:04 P:A4 SP:FF PPU: NOT IMPLEMENTED YET
C038  D0 FA     BNE $C034                       A:00 X:E8 Y:04 P:A4 SP:FF PPU: NOT IMPLEMENTED YET
C034  8D 07 20  STA $2007 = 00                  A:00 X:E8 Y:04 P:A4 SP:FF PPU: NOT IMPLEMENTED YET
C037  CA        DEX                             A:00 X:E8 Y:04 P:A4 SP:FF PPU: NOT IMPLEMENTED YET
C038  D0 FA     BNE $C034                       A:00 X:E7 Y:04 P:A4 SP:FF PPU: NOT IMPLEMENTED YET
C034  8D 07 20  STA $2007 = 00                  A:00 X:E7 Y:04 P:A4 SP:FF PPU: NOT IMPLEMENTED YET
C037  CA        DEX                             A:00 X:E7 Y:04 P:A4 SP:FF PPU: NOT IMPLEMENTED YET
C038  D0 FA     BNE $C034                       A:00 X:E6 Y:04 P:A4 SP:FF PPU: NOT IMPLEMENTED YET
C034  8D 07 20  STA $2007 = 00                  A:00 X:E6 Y:04 P:A4 SP:FF PPU: NOT IMPLEMENTED YET
C037  CA        DEX                             A:00 X:E6 Y:04 P:A4 SP:FF PPU: NOT IMPLEMENTED YET
C038  D0 FA     BNE $C034                       A:00 X:E5 Y:04 P:A4 SP:FF PPU: NOT IMPLEMENTED YET
C034  8D 07 20  STA $2007 = 00                  A:00 X:E5 Y:04 P:A4 SP:FF PPU: NOT IMPLEMENTED YET
C037  CA        DEX                             A:00 X:E5 Y:04 P:A4 SP:FF PPU: NOT IMPLEMENTED YET
C038  D0 FA     BNE $C034                       A:00 X:E4 Y:04 P:A4 SP:FF PPU: NOT IMPLEMENTED YET
C034  8D 07 20  STA $2007 = 00                  A:00 X:E4 Y:04 P:A4 SP:FF PPU: NOT IMPLEMENTED YET
C037  CA        DEX                             A:00 X:E4 Y:04 P:A4 SP:FF PPU: NOT IMPLEMENTED YET
C038  D0 FA     BNE $C034                       A:00 X:E3 Y:04 P:A4 SP:FF PPU: NOT IMPLEMENTED YET
C034  8D 07 20  STA $2007 = 00                  A:00 X:E3 Y:04 P:A4 SP:FF PPU: NOT IMPLEMENTED YET
C037  CA        DEX                             A:00 X:E3 Y:04 P:A4 SP:FF PPU: NOT IMPLEMENTED YET
C038  D0 FA     BNE $C034                       A:00 X:E2 Y:04 P:A4 SP:FF PPU: NOT IMPLEMENTED YET
C034  8D 07 20  STA $2007 = 00                  A:00 X:E2 Y:04 P:A4 SP:FF PPU: NOT IMPLEMENTED YET
C037  CA        DEX                             A:00 X:E2 Y:04 P:A4 SP:FF PPU: NOT IMPLEMENTED YET
C038  D0 FA     BNE $C034                       A:00 X:E1 Y:04 P:A4 SP:FF PPU: NOT IMPLEMENTED YET
C034  8D 07 20  STA $2007 = 00                  A:00 X:E1 Y:04 P:A4 SP:FF PPU: NOT IMPLEMENTED YET
C037  CA        DEX                             A:00 X:E1 Y:04 P:A4 SP:FF PPU: NOT IMPLEMENTED YET
C038  D0 FA     BNE $C034                       A:00 X:E0 Y:04 P:A4 SP:FF PPU: NOT IMPLEMENTED YET
C034  8D 07 20  STA $2007 = 00                  A:00 X:E0 Y:04 P:A4 SP:FF PPU: NOT IMPLEMENTED YET
C037  CA        DEX                             A:00 X:E0 Y:04 P:A4 SP:FF PPU: NOT IMPLEMENTED YET
C038  D0 FA     BNE $C034                       A:00 X:DF Y:04 P:A4 SP:FF PPU: NOT IMPLEMENTED YET
C034  8D 07 20  STA $2007 = 00                  A:00 X:DF Y:04 P:A4 SP:FF PPU: NOT IMPLEMENTED YET
C037  CA        DEX                             A:00 X:DF Y:04 P:A4 SP:FF PPU: NOT IMPLEMENTED YET
C038  D0 FA     BNE $C034                       A:00 X:DE Y:04 P:A4 SP:FF PPU: NOT IMPLEMENTED YET
C034  8D 07 20  STA $2007 = 00                  A:00 X:DE Y:04 P:A4 SP:FF PPU: NOT IMPLEMENTED YET
C037  CA        DEX                             A:00 X:DE Y:04 P:A4 SP:FF PPU: NOT IMPLEMENTED YET
C038  D0 FA     BNE $C034                       A:00 X:DD Y:04 P:A4 SP:FF PPU: NOT IMPLEMENTED YET
C034  8D 07 20  STA $2007 = 00                  A:00 X:DD Y:04 P:A4 SP:FF PPU: NOT IMPLEMENTED YET
C037  CA        DEX                             A:00 X:DD Y:04 P:A4 SP:FF PPU: NOT IMPLEMENTED YET
C038  D0 FA     BNE $C034                       A:00 X:DC Y:04 P:A4 SP:FF PPU: NOT IMPLEMENTED YET
C034  8D 07 20  STA $2007 = 00                  A:00 X:DC Y:04 P:A4 SP:FF PPU: NOT IMPLEMENTED YET
C037  CA        DEX                             A:00 X:DC Y:04 P:A4 SP:FF PPU: NOT IMPLEMENTED YET
C038  D0 FA     BNE $C034                       A:00 X:DB Y:04 P:A4 SP:FF PPU: NOT IMPLEMENTED YET
C034  8D 07 20  STA $2007 = 00                  A:00 X:DB Y:04 P:A4 SP:FF PPU: NOT IMPLEMENTED YET
C037  CA        DEX                             A:00 X:DB Y:04 P:A4 SP:FF PPU: NOT IMPLEMENTED YET
C038  D0 FA     BNE $C034                       A:00 X:DA Y:04 P:A4 SP:FF PPU: NOT IMPLEMENTED YET
C034  8D 07 20  STA $2007 = 00                  A:00 X:DA Y:04 P:A4 SP:FF PPU: NOT IMPLEMENTED YET
C037  CA        DEX                             A:00 X:DA Y:04 P:A4 SP:FF PPU: NOT IMPLEMENTED YET
C038  D0 FA     BNE $C034                       A:00 X:D9 Y:04 P:A4 SP:FF PPU: NOT IMPLEMENTED YET
C034  8D 07 20  STA $2007 = 00                  A:00 X:D9 Y:04 P:A4 SP:FF PPU: NOT IMPLEMENTED YET
C037  CA        DEX                             A:00 X:D9 Y:04 P:A4 SP:FF PPU: NOT IMPLEMENTED YET
C038  D0 FA     BNE $C034                       A:00 X:D8 Y:04 P:A4 SP:FF PPU: NOT IMPLEMENTED YET
C034  8D 07 20  STA $2007 = 00                  A:00 X:D8 Y:04 P:A4 SP:FF PPU: NOT IMPLEMENTED YET
C037  CA        DEX                             A:00 X:D8 Y:04 P:A4 SP:FF PPU: NOT IMPLEMENTED YET
C038  D0 FA     BNE $C034                       A:00 X:D7 Y:04 P:A4 SP:FF PPU: NOT IMPLEMENTED YET
C034  8D 07 20  STA $2007 = 00                  A:00 X:D7 Y:04 P:A4 SP:FF PPU: NOT IMPLEMENTED YET
C037  CA        DEX                             A:00 X:D7 Y:04 P:A4 SP:FF PPU: NOT IMPLEMENTED YET
C038  D0 FA     BNE $C034                       A:00 X:D6 Y:04 P:A4 SP:FF PPU: NOT IMPLEMENTED YET
C034  8D 07 20  STA $2007 = 00                  A:00 X:D6 Y:04 P:A4 SP:FF PPU: NOT IMPLEMENTED YET
C037  CA        DEX                             A:00 X:D6 Y:04 P:A4 SP:FF PPU: NOT IMPLEMENTED YET
C038  D0 FA     BNE $C034                       A:00 X:D5 Y:04 P:A4 SP:FF PPU: NOT IMPLEMENTED YET
C034  8D 07 20  STA $2007 = 00                  A:00 X:D5 Y:04 P:A4 SP:FF PPU: NOT IMPLEMENTED YET
C037  CA        DEX                             A:00 X:D5 Y:04 P:A4 SP:FF PPU: NOT IMPLEMENTED YET
C038  D0 FA     BNE $C034                       A:00 X:D4 Y:04 P:A4 SP:FF PPU: NOT IMPLEMENTED YET
C034  8D 07 20  STA $2007 = 00                  A:00 X:D4 Y:04 P:A4 SP:FF PPU: NOT IMPLEMENTED YET
C037  CA        DEX                             A:00 X:D4 Y:04 P:A4 SP:FF PPU: NOT IMPLEMENTED YET
C038  D0 FA     BNE $C034                       A:00 X:D3 Y:04 P:A4 SP:FF PPU: NOT IMPLEMENTED YET
C034  8D 07 20  STA $2007 = 00                  A:00 X:D3 Y:04 P:A4 SP:FF PPU: NOT IMPLEMENTED YET
C037  CA        DEX                             A:00 X:D3 Y:04 P:A4 SP:FF PPU: NOT IMPLEMENTED YET
C038  D0 FA     BNE $C034                       A:00 X:D2 Y:04 P:A4 SP:FF PPU: NOT IMPLEMENTED YET
C034  8D 07 20  STA $2007 = 00                  A:00 X:D2 Y:04 P:A4 SP:FF PPU: NOT IMPLEMENTED YET
C037  CA        DEX                             A:00 X:D2 Y:04 P:A4 SP:FF PPU: NOT IMPLEMENTED YET
C038  D0 FA     BNE $C034                       A:00 X:D1 Y:04 P:A4 SP:FF PPU: NOT IMPLEMENTED YET
C034  8D 07 20  STA $2007 = 00                  A:00 X:D1 Y:04 P:A4 SP:FF PPU: NOT IMPLEMENTED YET
C037  CA        DEX                             A:00 X:D1 Y:04 P:A4 SP:FF PPU: NOT IMPLEMENTED YET
C038  D0 FA     BNE $C034                       A:00 X:D0 Y:04 P:A4 SP:FF PPU: NOT IMPLEMENTED YET
C034  8D 07 20  STA $2007 = 00                  A:00 X:D0 Y:04 P:A4 SP:FF PPU: NOT IMPLEMENTED YET
C037  CA        DEX                             A:00 X:D0 Y:04 P:A4 SP:FF PPU: NOT IMPLEMENTED YET
C038  D0 FA     BNE $C034                       A:00 X:CF Y:04 P:A4 SP:FF PPU: NOT IMPLEMENTED YET
C034  8D 07 20  STA $2007 = 00                  A:00 X:CF Y:04 P:A4 SP:FF PPU: NOT IMPLEMENTED YET
C037  CA        DEX                             A:00 X:CF Y:04 P:A4 SP:FF PPU: NOT IMPLEMENTED YET
C038  D0 FA     BNE $C034                       A:00 X:CE Y:04 P:A4 SP:FF PPU: NOT IMPLEMENTED YET
C034  8D 07 20  STA $2007 = 00                  A:00 X:CE Y:04 P:A4 SP:FF PPU: NOT IMPLEMENTED YET
C037  CA        DEX                             A:00 X:CE Y:04 P:A4 SP:FF PPU: NOT IMPLEMENTED YET
C038  D0 FA     BNE $C034                       A:00 X:CD Y:04 P:A4 SP:FF PPU: NOT IMPLEMENTED YET
C034  8D 07 20  STA $2007 = 00                  A:00 X:CD Y:04 P:A4 SP:FF PPU: NOT IMPLEMENTED YET
C037  CA        DEX                             A:00 X:CD Y:04 P:A4 SP:FF PPU: NOT IMPLEMENTED YET
C038  D0 FA     BNE $C034                       A:00 X:CC Y:04 P:A4 SP:FF PPU: NOT IMPLEMENTED YET
C034  8D 07 20  STA $2007 = 00                  A:00 X:CC Y:04 P:A4 SP:FF PPU: NOT IMPLEMENTED YET
C037  CA        DEX                             A:00 X:CC Y:04 P:A4 SP:FF PPU: NOT IMPLEMENTED YET
C038  D0 FA     BNE $C034                       A:00 X:CB Y:04 P:A4 SP:FF PPU: NOT IMPLEMENTED YET
C034  8D 07 20  STA $2007 = 00                  A:00 X:CB Y:04 P:A4 SP:FF PPU: NOT IMPLEMENTED YET
C037  CA        DEX                             A:00 X:CB Y:04 P:A4 SP:FF PPU: NOT IMPLEMENTED YET
C038  D0 FA     BNE $C034                       A:00 X:CA Y:04 P:A4 SP:FF PPU: NOT IMPLEMENTED YET
C034  8D 07 20  STA $2007 = 00                  A:00 X:CA Y:04 P:A4 SP:FF PPU: NOT IMPLEMENTED YET
C037  CA        DEX                             A:00 X:CA Y:04 P:A4 SP:FF PPU: NOT IMPLEMENTED YET
C038  D0 FA     BNE $C034                       A:00 X:C9 Y:04 P:A4 SP:FF PPU: NOT IMPLEMENTED YET
C034  8D 07 20  STA $2007 = 00                  A:00 X:C9 Y:04 P:A4 SP:FF PPU: NOT IMPLEMENTED YET
C037  CA        DEX                             A:00 X:C9 Y:04 P:A4 SP:FF PPU: NOT IMPLEMENTED YET
C038  D0 FA     BNE $C034                       A:00 X:C8 Y:04 P:A4 SP:FF PPU: NOT IMPLEMENTED YET
C034  8D 07 20  STA $2007 = 00                  A:00 X:C8 Y:04 P:A4 SP:FF PPU: NOT IMPLEMENTED YET
C037  CA        DEX                             A:00 X:C8 Y:04 P:A4 SP:FF PPU: NOT IMPLEMENTED YET
C038  D0 FA     BNE $C034                       A:00 X:C7 Y:04 P:A4 SP:FF PPU: NOT IMPLEMENTED YET
C034  8D 07 20  STA $2007 = 00                  A:00 X:C7 Y:04 P:A4 SP:FF PPU: NOT IMPLEMENTED YET
C037  CA        DEX                             A:00 X:C7 Y:04 P:A4 SP:FF PPU: NOT IMPLEMENTED YET
C038  D0 FA     BNE $C034                       A:00 X:C6 Y:04 P:A4 SP:FF PPU: NOT IMPLEMENTED YET
C034  8D 07 20  STA $2007 = 00                  A:00 X:C6 Y:04 P:A4 SP:FF PPU: NOT IMPLEMENTED YET
C037  CA        DEX                             A:00 X:C6 Y:04 P:A4 SP:FF PPU: NOT IMPLEMENTED YET
C038  D0 FA     BNE $C034                       A:00 X:C5 Y:04 P:A4 SP:FF PPU: NOT IMPLEMENTED YET
C034  8D 07 20  STA $2007 = 00                  A:00 X:C5 Y:04 P:A4 SP:FF PPU: NOT IMPLEMENTED YET
C037  CA        DEX                             A:00 X:C5 Y:04 P:A4 SP:FF PPU: NOT IMPLEMENTED YET
C038  D0 FA     BNE $C034                       A:00 X:C4 Y:04 P:A4 SP:FF PPU: NOT IMPLEMENTED YET
C034  8D 07 20  STA $2007 = 00                  A:00 X:C4 Y:04 P:A4 SP:FF PPU: NOT IMPLEMENTED YET
C037  CA        DEX                             A:00 X:C4 Y:04 P:A4 SP:FF PPU: NOT IMPLEMENTED YET
C038  D0 FA     BNE $C034                       A:00 X:C3 Y:04 P:A4 SP:FF PPU: NOT IMPLEMENTED YET
C034  8D 07 20  STA $2007 = 00                  A:00 X:C3 Y:04 P:A4 SP:FF PPU: NOT IMPLEMENTED YET
C037  CA        DEX                             A:00 X:C3 Y:04 P:A4 SP:FF PPU: NOT IMPLEMENTED YET
C038  D0 FA     BNE $C034                       A:00 X:C2 Y:04 P:A4 SP:FF PPU: NOT IMPLEMENTED YET
C034  8D 07 20  STA $2007 = 00                  A:00 X:C2 Y:04 P:A4 SP:FF PPU: NOT IMPLEMENTED YET
C037  CA        DEX                             A:00 X:C2 Y:04 P:A4 SP:FF PPU: NOT IMPLEMENTED YET
C038  D0 FA     BNE $C034                       A:00 X:C1 Y:04 P:A4 SP:FF PPU: NOT IMPLEMENTED YET
C034  8D 07 20  STA $2007 = 00                  A:00 X:C1 Y:04 P:A4 SP:FF PPU: NOT IMPLEMENTED YET
C037  CA        DEX                             A:00 X:C1 Y:04 P:A4 SP:FF PPU: NOT IMPLEMENTED YET
C038  D0 FA     BNE $C034                       A:00 X:C0 Y:04 P:A4 SP:FF PPU: NOT IMPLEMENTED YET
C034  8D 07 20  STA $2007 = 00                  A:00 X:C0 Y:04 P:A4 SP:FF PPU: NOT IMPLEMENTED YET
C037  CA        DEX                             A:00 X:C0 Y:04 P:A4 SP:FF PPU: NOT IMPLEMENTED YET
C038  D0 FA     BNE $C034                       A:00 X:BF Y:04 P:A4 SP:FF PPU: NOT IMPLEMENTED YET
C034  8D 07 20  STA $2007 = 00                  A:00 X:BF Y:04 P:A4 SP:FF PPU: NOT IMPLEMENTED YET
C037  CA        DEX                             A:00 X:BF Y:04 P:A4 SP:FF PPU: NOT IMPLEMENTED YET
C038  D0 FA     BNE $C034                       A:00 X:BE Y:04 P:A4 SP:FF PPU: NOT IMPLEMENTED YET
C034  8D 07 20  STA $2007 = 00                  A:00 X:BE Y:04 P:A4 SP:FF PPU: NOT IMPLEMENTED YET
C037  CA        DEX                             A:00 X:BE Y:04 P:A4 SP:FF PPU: NOT IMPLEMENTED YET
C038  D0 FA     BNE $C034                       A:00 X:BD Y:04 P:A4 SP:FF PPU: NOT IMPLEMENTED YET
C034  8D 07 20  STA $2007 = 00                  A:00 X:BD Y:04 P:A4 SP:FF PPU: NOT IMPLEMENTED YET
C037  CA        DEX                             A:00 X:BD Y:04 P:A4 SP:FF PPU: NOT IMPLEMENTED YET
C038  D0 FA     BNE $C034                       A:00 X:BC Y:04 P:A4 SP:FF PPU: NOT IMPLEMENTED YET
C034  8D 07 20  STA $2007 = 00                  A:00 X:BC Y:04 P:A4 SP:FF PPU: NOT IMPLEMENTED YET
C037  CA        DEX                             A:00 X:BC Y:04 P:A4 SP:FF PPU: NOT IMPLEMENTED YET
C038  D0 FA     BNE $C034                       A:00 X:BB Y:04 P:A4 SP:FF PPU: NOT IMPLEMENTED YET
C034  8D 07 20  STA $2007 = 00                  A:00 X:BB Y:04 P:A4 SP:FF PPU: NOT IMPLEMENTED YET
C037  CA        DEX                             A:00 X:BB Y:04 P:A4 SP:FF PPU: NOT IMPLEMENTED YET
C038  D0 FA     BNE $C034                       A:00 X:BA Y:04 P:A4 SP:FF PPU: NOT IMPLEMENTED YET
C034  8D 07 20  STA $2007 = 00                  A:00 X:BA Y:04 P:A4 SP:FF PPU: NOT IMPLEMENTED YET
C037  CA        DEX                             A:00 X:BA Y:04 P:A4 SP:FF PPU: NOT IMPLEMENTED YET
C038  D0 FA     BNE $C034                       A:00 X:B9 Y:04 P:A4 SP:FF PPU: NOT IMPLEMENTED YET
C034  8D 07 20  STA $2007 = 00                  A:00 X:B9 Y:04 P:A4 SP:FF PPU: NOT IMPLEMENTED YET
C037  CA        DEX                             A:00 X:B9 Y:04 P:A4 SP:FF PPU: NOT IMPLEMENTED YET
C038  D0 FA     BNE $C034                       A:00 X:B8 Y:04 P:A4 SP:FF PPU: NOT IMPLEMENTED YET
C034  8D 07 20  STA $2007 = 00                  A:00 X:B8 Y:04 P:A4 SP:FF PPU: NOT IMPLEMENTED YET
C037  CA        DEX                             A:00 X:B8 Y:04 P:A4 SP:FF PPU: NOT IMPLEMENTED YET
C038  D0 FA     BNE $C034                       A:00 X:B7 Y:04 P:A4 SP:FF PPU: NOT IMPLEMENTED YET
C034  8D 07 20  STA $2007 = 00                  A:00 X:B7 Y:04 P:A4 SP:FF PPU: NOT IMPLEMENTED YET
C037  CA        DEX                             A:00 X:B7 Y:04 P:A4 SP:FF PPU: NOT IMPLEMENTED YET
C038  D0 FA     BNE $C034                       A:00 X:B6 Y:04 P:A4 SP:FF PPU: NOT IMPLEMENTED YET
C034  8D 07 20  STA $2007 = 00                  A:00 X:B6 Y:04 P:A4 SP:FF PPU: NOT IMPLEMENTED YET
C037  CA        DEX                             A:00 X:B6 Y:04 P:A4 SP:FF PPU: NOT IMPLEMENTED YET
C038  D0 FA     BNE $C034                       A:00 X:B5 Y:04 P:A4 SP:FF PPU: NOT IMPLEMENTED YET
C034  8D 07 20  STA $2007 = 00                  A:00 X:B5 Y:04 P:A4 SP:FF PPU: NOT IMPLEMENTED YET
C037  CA        DEX                             A:00 X:B5 Y:04 P:A4 SP:FF PPU: NOT IMPLEMENTED YET
C038  D0 FA     BNE $C034                       A:00 X:B4 Y:04 P:A4 SP:FF PPU: NOT IMPLEMENTED YET
C034  8D 07 20  STA $2007 = 00                  A:00 X:B4 Y:04 P:A4 SP:FF PPU: NOT IMPLEMENTED YET
C037  CA        DEX                             A:00 X:B4 Y:04 P:A4 SP:FF PPU: NOT IMPLEMENTED YET
C038  D0 FA     BNE $C034                       A:00 X:B3 Y:04 P:A4 SP:FF PPU: NOT IMPLEMENTED YET
C034  8D 07 20  STA $2007 = 00                  A:00 X:B3 Y:04 P:A4 SP:FF PPU: NOT IMPLEMENTED YET
C037  CA        DEX                             A:00 X:B3 Y:04 P:A4 SP:FF PPU: NOT IMPLEMENTED YET
C038  D0 FA     BNE $C034                       A:00 X:B2 Y:04 P:A4 SP:FF PPU: NOT IMPLEMENTED YET
C034  8D 07 20  STA $2007 = 00                  A:00 X:B2 Y:04 P:A4 SP:FF PPU: NOT IMPLEMENTED YET
C037  CA        DEX                             A:00 X:B2 Y:04 P:A4 SP:FF PPU: NOT IMPLEMENTED YET
C038  D0 FA     BNE $C034                       A:00 X:B1 Y:04 P:A4 SP:FF PPU: NOT IMPLEMENTED YET
C034  8D 07 20  STA $2007 = 00                  A:00 X:B1 Y:04 P:A4 SP:FF PPU: NOT IMPLEMENTED YET
C037  CA        DEX                             A:00 X:B1 Y:04 P:A4 SP:FF PPU: NOT IMPLEMENTED YET
C038  D0 FA     BNE $C034                       A:00 X:B0 Y:04 P:A4 SP:FF PPU: NOT IMPLEMENTED YET
C034  8D 07 20  STA $2007 = 00                  A:00 X:B0 Y:04 P:A4 SP:FF PPU: NOT IMPLEMENTED YET
C037  CA        DEX                             A:00 X:B0 Y:04 P:A4 SP:FF PPU: NOT IMPLEMENTED YET
C038  D0 FA     BNE $C034                       A:00 X:AF Y:04 P:A4 SP:FF PPU: NOT IMPLEMENTED YET
C034  8D 07 20  STA $2007 = 00                  A:00 X:AF Y:04 P:A4 SP:FF PPU: NOT IMPLEMENTED YET
C037  CA        DEX                             A:00 X:AF Y:04 P:A4 SP:FF PPU: NOT IMPLEMENTED YET
C038  D0 FA     BNE $C034                       A:00 X:AE Y:04 P:A4 SP:FF PPU: NOT IMPLEMENTED YET
C034  8D 07 20  STA $2007 = 00                  A:00 X:AE Y:04 P:A4 SP:FF PPU: NOT IMPLEMENTED YET
C037  CA        DEX                             A:00 X:AE Y:04 P:A4 SP:FF PPU: NOT IMPLEMENTED YET
C038  D0 FA     BNE $C034                       A:00 X:AD Y:04 P:A4 SP:FF PPU: NOT IMPLEMENTED YET
C034  8D 07 20  STA $2007 = 00                  A:00 X:AD Y:04 P:A4 SP:FF PPU: NOT IMPLEMENTED YET
C037  CA        DEX                             A:00 X:AD Y:04 P:A4 SP:FF PPU: NOT IMPLEMENTED YET
C038  D0 FA     BNE $C034                       A:00 X:AC Y:04 P:A4 SP:FF PPU: NOT IMPLEMENTED YET
C034  8D 07 20  STA $2007 = 00                  A:00 X:AC Y:04 P:A4 SP:FF PPU: NOT IMPLEMENTED YET
C037  CA        DEX                             A:00 X:AC Y:04 P:A4 SP:FF PPU: NOT IMPLEMENTED YET
C038  D0 FA     BNE $C034                       A:00 X:AB Y:04 P:A4 SP:FF PPU: NOT IMPLEMENTED YET
C034  8D 07 20  STA $2007 = 00                  A:00 X:AB Y:04 P:A4 SP:FF PPU: NOT IMPLEMENTED YET
C037  CA        DEX                             A:00 X:AB Y:04 P:A4 SP:FF PPU: NOT IMPLEMENTED YET
C038  D0 FA     BNE $C034                       A:00 X:AA Y:04 P:A4 SP:FF PPU: NOT IMPLEMENTED YET
C034  8D 07 20  STA $2007 = 00                  A:00 X:AA Y:04 P:A4 SP:FF PPU: NOT IMPLEMENTED YET
C037  CA        DEX                             A:00 X:AA Y:04 P:A4 SP:FF PPU: NOT IMPLEMENTED YET
C038  D0 FA     BNE $C034                       A:00 X:A9 Y:04 P:A4 SP:FF PPU: NOT IMPLEMENTED YET
C034  8D 07 20  STA $2007 = 00                  A:00 X:A9 Y:04 P:A4 SP:FF PPU: NOT IMPLEMENTED YET
C037  CA        DEX                             A:00 X:A9 Y:04 P:A4 SP:FF PPU: NOT IMPLEMENTED YET
C038  D0 FA     BNE $C034                       A:00 X:A8 Y:04 P:A4 SP:FF PPU: NOT IMPLEMENTED YET
C034  8D 07 20  STA $2007 = 00                  A:00 X:A8 Y:04 P:A4 SP:FF PPU: NOT IMPLEMENTED YET
C037  CA        DEX                             A:00 X:A8 Y:04 P:A4 SP:FF PPU: NOT IMPLEMENTED YET
C038  D0 FA     BNE $C034                       A:00 X:A7 Y:04 P:A4 SP:FF PPU: NOT IMPLEMENTED YET
C034  8D 07 20  STA $2007 = 00                  A:00 X:A7 Y:04 P:A4 SP:FF PPU: NOT IMPLEMENTED YET
C037  CA        DEX                             A:00 X:A7 Y:04 P:A4 SP:FF PPU: NOT IMPLEMENTED YET
C038  D0 FA     BNE $C034                       A:00 X:A6 Y:04 P:A4 SP:FF PPU: NOT IMPLEMENTED YET
C034  8D 07 20  STA $2007 = 00                  A:00 X:A6 Y:04 P:A4 SP:FF PPU: NOT IMPLEMENTED YET
C037  CA        DEX                             A:00 X:A6 Y:04 P:A4 SP:FF PPU: NOT IMPLEMENTED YET
C038  D0 FA     BNE $C034                       A:00 X:A5 Y:04 P:A4 SP:FF PPU: NOT IMPLEMENTED YET
C034  8D 07 20  STA $2007 = 00                  A:00 X:A5 Y:04 P:A4 SP:FF PPU: NOT IMPLEMENTED YET
C037  CA        DEX                             A:00 X:A5 Y:04 P:A4 SP:FF PPU: NOT IMPLEMENTED YET
C038  D0 FA     BNE $C034                       A:00 X:A4 Y:04 P:A4 SP:FF PPU: NOT IMPLEMENTED YET
C034  8D 07 20  STA $2007 = 00                  A:00 X:A4 Y:04 P:A4 SP:FF PPU: NOT IMPLEMENTED YET
C037  CA        DEX                             A:00 X:A4 Y:04 P:A4 SP:FF PPU: NOT IMPLEMENTED YET
C038  D0 FA     BNE $C034                       A:00 X:A3 Y:04 P:A4 SP:FF PPU: NOT IMPLEMENTED YET
C034  8D 07 20  STA $2007 = 00                  A:00 X:A3 Y:04 P:A4 SP:FF PPU: NOT IMPLEMENTED YET
C037  CA        DEX                             A:00 X:A3 Y:04 P:A4 SP:FF PPU: NOT IMPLEMENTED YET
C038  D0 FA     BNE $C034                       A:00 X:A2 Y:04 P:A4 SP:FF PPU: NOT IMPLEMENTED YET
C034  8D 07 20  STA $2007 = 00                  A:00 X:A2 Y:04 P:A4 SP:FF PPU: NOT IMPLEMENTED YET
C037  CA        DEX                             A:00 X:A2 Y:04 P:A4 SP:FF PPU: NOT IMPLEMENTED YET
C038  D0 FA     BNE $C034                       A:00 X:A1 Y:04 P:A4 SP:FF PPU: NOT IMPLEMENTED YET
C034  8D 07 20  STA $2007 = 00                  A:00 X:A1 Y:04 P:A4 SP:FF PPU: NOT IMPLEMENTED YET
C037  CA        DEX                             A:00 X:A1 Y:04 P:A4 SP:FF PPU: NOT IMPLEMENTED YET
C038  D0 FA     BNE $C034                       A:00 X:A0 Y:04 P:A4 SP:FF PPU: NOT IMPLEMENTED YET
C034  8D 07 20  STA $2007 = 00                  A:00 X:A0 Y:04 P:A4 SP:FF PPU: NOT IMPLEMENTED YET
C037  CA        DEX                             A:00 X:A0 Y:04 P:A4 SP:FF PPU: NOT IMPLEMENTED YET
C038  D0 FA     BNE $C034                       A:00 X:9F Y:04 P:A4 SP:FF PPU: NOT IMPLEMENTED YET
C034  8D 07 20  STA $2007 = 00                  A:00 X:9F Y:04 P:A4 SP:FF PPU: NOT IMPLEMENTED YET
C037  CA        DEX                             A:00 X:9F Y:04 P:A4 SP:FF PPU: NOT IMPLEMENTED YET
C038  D0 FA     BNE $C034                       A:00 X:9E Y:04 P:A4 SP:FF PPU: NOT IMPLEMENTED YET
C034  8D 07 20  STA $2007 = 00                  A:00 X:9E Y:04 P:A4 SP:FF PPU: NOT IMPLEMENTED YET
C037  CA        DEX                             A:00 X:9E Y:04 P:A4 SP:FF PPU: NOT IMPLEMENTED YET
C038  D0 FA     BNE $C034                       A:00 X:9D Y:04 P:A4 SP:FF PPU: NOT IMPLEMENTED YET
C034  8D 07 20  STA $2007 = 00                  A:00 X:9D Y:04 P:A4 SP:FF PPU: NOT IMPLEMENTED YET
C037  CA        DEX                             A:00 X:9D Y:04 P:A4 SP:FF PPU: NOT IMPLEMENTED YET
C038  D0 FA     BNE $C034                       A:00 X:9C Y:04 P:A4 SP:FF PPU: NOT IMPLEMENTED YET
C034  8D 07 20  STA $2007 = 00                  A:00 X:9C Y:04 P:A4 SP:FF PPU: NOT IMPLEMENTED YET
C037  CA        DEX                             A:00 X:9C Y:04 P:A4 SP:FF PPU: NOT IMPLEMENTED YET
C038  D0 FA     BNE $C034                       A:00 X:9B Y:04 P:A4 SP:FF PPU: NOT IMPLEMENTED YET
C034  8D 07 20  STA $2007 = 00                  A:00 X:9B Y:04 P:A4 SP:FF PPU: NOT IMPLEMENTED YET
C037  CA        DEX                             A:00 X:9B Y:04 P:A4 SP:FF PPU: NOT IMPLEMENTED YET
C038  D0 FA     BNE $C034                       A:00 X:9A Y:04 P:A4 SP:FF PPU: NOT IMPLEMENTED YET
C034  8D 07 20  STA $2007 = 00                  A:00 X:9A Y:04 P:A4 SP:FF PPU: NOT IMPLEMENTED YET
C037  CA        DEX                             A:00 X:9A Y:04 P:A4 SP:FF PPU: NOT IMPLEMENTED YET
C038  D0 FA     BNE $C034                       A:00 X:99 Y:04 P:A4 SP:FF PPU: NOT IMPLEMENTED YET
C034  8D 07 20  STA $2007 = 00                  A:00 X:99 Y:04 P:A4 SP:FF PPU: NOT IMPLEMENTED YET
C037  CA        DEX                             A:00 X:99 Y:04 P:A4 SP:FF PPU: NOT IMPLEMENTED YET
C038  D0 FA     BNE $C034                       A:00 X:98 Y:04 P:A4 SP:FF PPU: NOT IMPLEMENTED YET
C034  8D 07 20  STA $2007 = 00                  A:00 X:98 Y:04 P:A4 SP:FF PPU: NOT IMPLEMENTED YET
C037  CA        DEX                             A:00 X:98 Y:04 P:A4 SP:FF PPU: NOT IMPLEMENTED YET
C038  D0 FA     BNE $C034                       A:00 X:97 Y:04 P:A4 SP:FF PPU: NOT IMPLEMENTED YET
C034  8D 07 20  STA $2007 = 00                  A:00 X:97 Y:04 P:A4 SP:FF PPU: NOT IMPLEMENTED YET
C037  CA        DEX                             A:00 X:97 Y:04 P:A4 SP:FF PPU: NOT IMPLEMENTED YET
C038  D0 FA     BNE $C034                       A:00 X:96 Y:04 P:A4 SP:FF PPU: NOT IMPLEMENTED YET
C034  8D 07 20  STA $2007 = 00                  A:00 X:96 Y:04 P:A4 SP:FF PPU: NOT IMPLEMENTED YET
C037  CA        DEX                             A:00 X:96 Y:04 P:A4 SP:FF PPU: NOT IMPLEMENTED YET
C038  D0 FA     BNE $C034                       A:00 X:95 Y:04 P:A4 SP:FF PPU: NOT IMPLEMENTED YET
C034  8D 07 20  STA $2007 = 00                  A:00 X:95 Y:04 P:A4 SP:FF PPU: NOT IMPLEMENTED YET
C037  CA        DEX                             A:00 X:95 Y:04 P:A4 SP:FF PPU: NOT IMPLEMENTED YET
C038  D0 FA     BNE $C034                       A:00 X:94 Y:04 P:A4 SP:FF PPU: NOT IMPLEMENTED YET
C034  8D 07 20  STA $2007 = 00                  A:00 X:94 Y:04 P:A4 SP:FF PPU: NOT IMPLEMENTED YET
C037  CA        DEX                             A:00 X:94 Y:04 P:A4 SP:FF PPU: NOT IMPLEMENTED YET
C038  D0 FA     BNE $C034                       A:00 X:93 Y:04 P:A4 SP:FF PPU: NOT IMPLEMENTED YET
C034  8D 07 20  STA $2007 = 00                  A:00 X:93 Y:04 P:A4 SP:FF PPU: NOT IMPLEMENTED YET
C037  CA        DEX                             A:00 X:93 Y:04 P:A4 SP:FF PPU: NOT IMPLEMENTED YET
C038  D0 FA     BNE $C034                       A:00 X:92 Y:04 P:A4 SP:FF PPU: NOT IMPLEMENTED YET
C034  8D 07 20  STA $2007 = 00                  A:00 X:92 Y:04 P:A4 SP:FF PPU: NOT IMPLEMENTED YET
C037  CA        DEX                             A:00 X:92 Y:04 P:A4 SP:FF PPU: NOT IMPLEMENTED YET
C038  D0 FA     BNE $C034                       A:00 X:91 Y:04 P:A4 SP:FF PPU: NOT IMPLEMENTED YET
C034  8D 07 20  STA $2007 = 00                  A:00 X:91 Y:04 P:A4 SP:FF PPU: NOT IMPLEMENTED YET
C037  CA        DEX                             A:00 X:91 Y:04 P:A4 SP:FF PPU: NOT IMPLEMENTED YET
C038  D0 FA     BNE $C034                       A:00 X:90 Y:04 P:A4 SP:FF PPU: NOT IMPLEMENTED YET
C034  8D 07 20  STA $2007 = 00                  A:00 X:90 Y:04 P:A4 SP:FF PPU: NOT IMPLEMENTED YET
C037  CA        DEX                             A:00 X:90 Y:04 P:A4 SP:FF PPU: NOT IMPLEMENTED YET
C038  D0 FA     BNE $C034                       A:00 X:8F Y:04 P:A4 SP:FF PPU: NOT IMPLEMENTED YET
C034  8D 07 20  STA $2007 = 00                  A:00 X:8F Y:04 P:A4 SP:FF PPU: NOT IMPLEMENTED YET
C037  CA        DEX                             A:00 X:8F Y:04 P:A4 SP:FF PPU: NOT IMPLEMENTED YET
C038  D0 FA     BNE $C034                       A:00 X:8E Y:04 P:A4 SP:FF PPU: NOT IMPLEMENTED YET
C034  8D 07 20  STA $2007 = 00                  A:00 X:8E Y:04 P:A4 SP:FF PPU: NOT IMPLEMENTED YET
C037  CA        DEX                             A:00 X:8E Y:04 P:A4 SP:FF PPU: NOT IMPLEMENTED YET
C038  D0 FA     BNE $C034                       A:00 X:8D Y:04 P:A4 SP:FF PPU: NOT IMPLEMENTED YET
C034  8D 07 20  STA $2007 = 00                  A:00 X:8D Y:04 P:A4 SP:FF PPU: NOT IMPLEMENTED YET
C037  CA        DEX                             A:00 X:8D Y:04 P:A4 SP:FF PPU: NOT IMPLEMENTED YET
C038  D0 FA     BNE $C034                       A:00 X:8C Y:04 P:A4 SP:FF PPU: NOT IMPLEMENTED YET
C034  8D 07 20  STA $2007 = 00                  A:00 X:8C Y:04 P:A4 SP:FF PPU: NOT IMPLEMENTED YET
C037  CA        DEX                             A:00 X:8C Y:04 P:A4 SP:FF PPU: NOT IMPLEMENTED YET
C038  D0 FA     BNE $C034                       A:00 X:8B Y:04 P:A4 SP:FF PPU: NOT IMPLEMENTED YET
C034  8D 07 20  STA $2007 = 00                  A:00 X:8B Y:04 P:A4 SP:FF PPU: NOT IMPLEMENTED YET
C037  CA        DEX                             A:00 X:8B Y:04 P:A4 SP:FF PPU: NOT IMPLEMENTED YET
C038  D0 FA     BNE $C034                       A:00 X:8A Y:04 P:A4 SP:FF PPU: NOT IMPLEMENTED YET
C034  8D 07 20  STA $2007 = 00                  A:00 X:8A Y:04 P:A4 SP:FF PPU: NOT IMPLEMENTED YET
C037  CA        DEX                             A:00 X:8A Y:04 P:A4 SP:FF PPU: NOT IMPLEMENTED YET
C038  D0 FA     BNE $C034                       A:00 X:89 Y:04 P:A4 SP:FF PPU: NOT IMPLEMENTED YET
C034  8D 07 20  STA $2007 = 00                  A:00 X:89 Y:04 P:A4 SP:FF PPU: NOT IMPLEMENTED YET
C037  CA        DEX                             A:00 X:89 Y:04 P:A4 SP:FF PPU: NOT IMPLEMENTED YET
C038  D0 FA     BNE $C034                       A:00 X:88 Y:04 P:A4 SP:FF PPU: NOT IMPLEMENTED YET
C034  8D 07 20  STA $2007 = 00                  A:00 X:88 Y:04 P:A4 SP:FF PPU: NOT IMPLEMENTED YET
C037  CA        DEX                             A:00 X:88 Y:04 P:A4 SP:FF PPU: NOT IMPLEMENTED YET
C038  D0 FA     BNE $C034                       A:00 X:87 Y:04 P:A4 SP:FF PPU: NOT IMPLEMENTED YET
C034  8D 07 20  STA $2007 = 00                  A:00 X:87 Y:04 P:A4 SP:FF PPU: NOT IMPLEMENTED YET
C037  CA        DEX                             A:00 X:87 Y:04 P:A4 SP:FF PPU: NOT IMPLEMENTED YET
C038  D0 FA     BNE $C034                       A:00 X:86 Y:04 P:A4 SP:FF PPU: NOT IMPLEMENTED YET
C034  8D 07 20  STA $2007 = 00                  A:00 X:86 Y:04 P:A4 SP:FF PPU: NOT IMPLEMENTED YET
C037  CA        DEX                             A:00 X:86 Y:04 P:A4 SP:FF PPU: NOT IMPLEMENTED YET
C038  D0 FA     BNE $C034                       A:00 X:85 Y:04 P:A4 SP:FF PPU: NOT IMPLEMENTED YET
C034  8D 07 20  STA $2007 = 00                  A:00 X:85 Y:04 P:A4 SP:FF PPU: NOT IMPLEMENTED YET
C037  CA        DEX                             A:00 X:85 Y:04 P:A4 SP:FF PPU: NOT IMPLEMENTED YET
C038  D0 FA     BNE $C034                       A:00 X:84 Y:04 P:A4 SP:FF PPU: NOT IMPLEMENTED YET
C034  8D 07 20  STA $2007 = 00                  A:00 X:84 Y:04 P:A4 SP:FF PPU: NOT IMPLEMENTED YET
C037  CA        DEX                             A:00 X:84 Y:04 P:A4 SP:FF PPU: NOT IMPLEMENTED YET
C038  D0 FA     BNE $C034                       A:00 X:83 Y:04 P:A4 SP:FF PPU: NOT IMPLEMENTED YET
C034  8D 07 20  STA $2007 = 00                  A:00 X:83 Y:04 P:A4 SP:FF PPU: NOT IMPLEMENTED YET
C037  CA        DEX                             A:00 X:83 Y:04 P:A4 SP:FF PPU: NOT IMPLEMENTED YET
C038  D0 FA     BNE $C034                       A:00 X:82 Y:04 P:A4 SP:FF PPU: NOT IMPLEMENTED YET
C034  8D 07 20  STA $2007 = 00                  A:00 X:82 Y:04 P:A4 SP:FF PPU: NOT IMPLEMENTED YET
C037  CA        DEX                             A:00 X:82 Y:04 P:A4 SP:FF PPU: NOT IMPLEMENTED YET
C038  D0 FA     BNE $C034                       A:00 X:81 Y:04 P:A4 SP:FF PPU: NOT IMPLEMENTED YET
C034  8D 07 20  STA $2007 = 00                  A:00 X:81 Y:04 P:A4 SP:FF PPU: NOT IMPLEMENTED YET
C037  CA        DEX                             A:00 X:81 Y:04 P:A4 SP:FF PPU: NOT IMPLEMENTED YET
C038  D0 FA     BNE $C034                       A:00 X:80 Y:04 P:A4 SP:FF PPU: NOT IMPLEMENTED YET
C034  8D 07 20  STA $2007 = 00                  A:00 X:80 Y:04 P:A4 SP:FF PPU: NOT IMPLEMENTED YET
C037  CA        DEX                             A:00 X:80 Y:04 P:A4 SP:FF PPU: NOT IMPLEMENTED YET
C038  D0 FA     BNE $C034                       A:00 X:7F Y:04 P:24 SP:FF PPU: NOT IMPLEMENTED YET
C034  8D 07 20  STA $2007 = 00                  A:00 X:7F Y:04 P:24 SP:FF PPU: NOT IMPLEMENTED YET
C037  CA        DEX                             A:00 X:7F Y:04 P:24 SP:FF PPU: NOT IMPLEMENTED YET
C038  D0 FA     BNE $C034                       A:00 X:7E Y:04 P:24 SP:FF PPU: NOT IMPLEMENTED YET
C034  8D 07 20  STA $2007 = 00                  A:00 X:7E Y:04 P:24 SP:FF PPU: NOT IMPLEMENTED YET
C037  CA        DEX                             A:00 X:7E Y:04 P:24 SP:FF PPU: NOT IMPLEMENTED YET
C038  D0 FA     BNE $C034                       A:00 X:7D Y:04 P:24 SP:FF PPU: NOT IMPLEMENTED YET
C034  8D 07 20  STA $2007 = 00                  A:00 X:7D Y:04 P:24 SP:FF PPU: NOT IMPLEMENTED YET
C037  CA        DEX                             A:00 X:7D Y:04 P:24 SP:FF PPU: NOT IMPLEMENTED YET
C038  D0 FA     BNE $C034                       A:00 X:7C Y:04 P:24 SP:FF PPU: NOT IMPLEMENTED YET
C034  8D 07 20  STA $2007 = 00                  A:00 X:7C Y:04 P:24 SP:FF PPU: NOT IMPLEMENTED YET
C037  CA        DEX                             A:00 X:7C Y:04 P:24 SP:FF PPU: NOT IMPLEMENTED YET
C038  D0 FA     BNE $C034                       A:00 X:7B Y:04 P:24 SP:FF PPU: NOT IMPLEMENTED YET
C034  8D 07 20  STA $2007 = 00                  A:00 X:7B Y:04 P:24 SP:FF PPU: NOT IMPLEMENTED YET
C037  CA        DEX                             A:00 X:7B Y:04 P:24 SP:FF PPU: NOT IMPLEMENTED YET
C038  D0 FA     BNE $C034                       A:00 X:7A Y:04 P:24 SP:FF PPU: NOT IMPLEMENTED YET
C034  8D 07 20  STA $2007 = 00                  A:00 X:7A Y:04 P:24 SP:FF PPU: NOT IMPLEMENTED YET
C037  CA        DEX                             A:00 X:7A Y:04 P:24 SP:FF PPU: NOT IMPLEMENTED YET
C038  D0 FA     BNE $C034                       A:00 X:79 Y:04 P:24 SP:FF PPU: NOT IMPLEMENTED YET
C034  8D 07 20  STA $2007 = 00                  A:00 X:79 Y:04 P:24 SP:FF PPU: NOT IMPLEMENTED YET
C037  CA        DEX                             A:00 X:79 Y:04 P:24 SP:FF PPU: NOT IMPLEMENTED YET
C038  D0 FA     BNE $C034                       A:00 X:78 Y:04 P:24 SP:FF PPU: NOT IMPLEMENTED YET
C034  8D 07 20  STA $2007 = 00                  A:00 X:78 Y:04 P:24 SP:FF PPU: NOT IMPLEMENTED YET
C037  CA        DEX                             A:00 X:78 Y:04 P:24 SP:FF PPU: NOT IMPLEMENTED YET
C038  D0 FA     BNE $C034                       A:00 X:77 Y:04 P:24 SP:FF PPU: NOT IMPLEMENTED YET
C034  8D 07 20  STA $2007 = 00                  A:00 X:77 Y:04 P:24 SP:FF PPU: NOT IMPLEMENTED YET
C037  CA        DEX                             A:00 X:77 Y:04 P:24 SP:FF PPU: NOT IMPLEMENTED YET
C038  D0 FA     BNE $C034                       A:00 X:76 Y:04 P:24 SP:FF PPU: NOT IMPLEMENTED YET
C034  8D 07 20  STA $2007 = 00                  A:00 X:76 Y:04 P:24 SP:FF PPU: NOT IMPLEMENTED YET
C037  CA        DEX                             A:00 X:76 Y:04 P:24 SP:FF PPU: NOT IMPLEMENTED YET
C038  D0 FA     BNE $C034                       A:00 X:75 Y:04 P:24 SP:FF PPU: NOT IMPLEMENTED YET
C034  8D 07 20  STA $2007 = 00                  A:00 X:75 Y:04 P:24 SP:FF PPU: NOT IMPLEMENTED YET
C037  CA        DEX                             A:00 X:75 Y:04 P:24 SP:FF PPU: NOT IMPLEMENTED YET
C038  D0 FA     BNE $C034                       A:00 X:74 Y:04 P:24 SP:FF PPU: NOT IMPLEMENTED YET
C034  8D 07 20  STA $2007 = 00                  A:00 X:74 Y:04 P:24 SP:FF PPU: NOT IMPLEMENTED YET
C037  CA        DEX                             A:00 X:74 Y:04 P:24 SP:FF PPU: NOT IMPLEMENTED YET
C038  D0 FA     BNE $C034                       A:00 X:73 Y:04 P:24 SP:FF PPU: NOT IMPLEMENTED YET
C034  8D 07 20  STA $2007 = 00                  A:00 X:73 Y:04 P:24 SP:FF PPU: NOT IMPLEMENTED YET
C037  CA        DEX                             A:00 X:73 Y:04 P:24 SP:FF PPU: NOT IMPLEMENTED YET
C038  D0 FA     BNE $C034                       A:00 X:72 Y:04 P:24 SP:FF PPU: NOT IMPLEMENTED YET
C034  8D 07 20  STA $2007 = 00                  A:00 X:72 Y:04 P:24 SP:FF PPU: NOT IMPLEMENTED YET
C037  CA        DEX                             A:00 X:72 Y:04 P:24 SP:FF PPU: NOT IMPLEMENTED YET
C038  D0 FA     BNE $C034                       A:00 X:71 Y:04 P:24 SP:FF PPU: NOT IMPLEMENTED YET
C034  8D 07 20  STA $2007 = 00                  A:00 X:71 Y:04 P:24 SP:FF PPU: NOT IMPLEMENTED YET
C037  CA        DEX                             A:00 X:71 Y:04 P:24 SP:FF PPU: NOT IMPLEMENTED YET
C038  D0 FA     BNE $C034                       A:00 X:70 Y:04 P:24 SP:FF PPU: NOT IMPLEMENTED YET
C034  8D 07 20  STA $2007 = 00                  A:00 X:70 Y:04 P:24 SP:FF PPU: NOT IMPLEMENTED YET
C037  CA        DEX                             A:00 X:70 Y:04 P:24 SP:FF PPU: NOT IMPLEMENTED YET
C038  D0 FA     BNE $C034                       A:00 X:6F Y:04 P:24 SP:FF PPU: NOT IMPLEMENTED YET
C034  8D 07 20  STA $2007 = 00                  A:00 X:6F Y:04 P:24 SP:FF PPU: NOT IMPLEMENTED YET
C037  CA        DEX                             A:00 X:6F Y:04 P:24 SP:FF PPU: NOT IMPLEMENTED YET
C038  D0 FA     BNE $C034                       A:00 X:6E Y:04 P:24 SP:FF PPU: NOT IMPLEMENTED YET
C034  8D 07 20  STA $2007 = 00                  A:00 X:6E Y:04 P:24 SP:FF PPU: NOT IMPLEMENTED YET
C037  CA        DEX                             A:00 X:6E Y:04 P:24 SP:FF PPU: NOT IMPLEMENTED YET
C038  D0 FA     BNE $C034                       A:00 X:6D Y:04 P:24 SP:FF PPU: NOT IMPLEMENTED YET
C034  8D 07 20  STA $2007 = 00                  A:00 X:6D Y:04 P:24 SP:FF PPU: NOT IMPLEMENTED YET
C037  CA        DEX                             A:00 X:6D Y:04 P:24 SP:FF PPU: NOT IMPLEMENTED YET
C038  D0 FA     BNE $C034                       A:00 X:6C Y:04 P:24 SP:FF PPU: NOT IMPLEMENTED YET
C034  8D 07 20  STA $2007 = 00                  A:00 X:6C Y:04 P:24 SP:FF PPU: NOT IMPLEMENTED YET
C037  CA        DEX                             A:00 X:6C Y:04 P:24 SP:FF PPU: NOT IMPLEMENTED YET
C038  D0 FA     BNE $C034                       A:00 X:6B Y:04 P:24 SP:FF PPU: NOT IMPLEMENTED YET
C034  8D 07 20  STA $2007 = 00                  A:00 X:6B Y:04 P:24 SP:FF PPU: NOT IMPLEMENTED YET
C037  CA        DEX                             A:00 X:6B Y:04 P:24 SP:FF PPU: NOT IMPLEMENTED YET
C038  D0 FA     BNE $C034                       A:00 X:6A Y:04 P:24 SP:FF PPU: NOT IMPLEMENTED YET
C034  8D 07 20  STA $2007 = 00                  A:00 X:6A Y:04 P:24 SP:FF PPU: NOT IMPLEMENTED YET
C037  CA        DEX                             A:00 X:6A Y:04 P:24 SP:FF PPU: NOT IMPLEMENTED YET
C038  D0 FA     BNE $C034                       A:00 X:69 Y:04 P:24 SP:FF PPU: NOT IMPLEMENTED YET
C034  8D 07 20  STA $2007 = 00                  A:00 X:69 Y:04 P:24 SP:FF PPU: NOT IMPLEMENTED YET
C037  CA        DEX                             A:00 X:69 Y:04 P:24 SP:FF PPU: NOT IMPLEMENTED YET
C038  D0 FA     BNE $C034                       A:00 X:68 Y:04 P:24 SP:FF PPU: NOT IMPLEMENTED YET
C034  8D 07 20  STA $2007 = 00                  A:00 X:68 Y:04 P:24 SP:FF PPU: NOT IMPLEMENTED YET
C037  CA        DEX                             A:00 X:68 Y:04 P:24 SP:FF PPU: NOT IMPLEMENTED YET
C038  D0 FA     BNE $C034                       A:00 X:67 Y:04 P:24 SP:FF PPU: NOT IMPLEMENTED YET
C034  8D 07 20  STA $2007 = 00                  A:00 X:67 Y:04 P:24 SP:FF PPU: NOT IMPLEMENTED YET
C037  CA        DEX                             A:00 X:67 Y:04 P:24 SP:FF PPU: NOT IMPLEMENTED YET
C038  D0 FA     BNE $C034                       A:00 X:66 Y:04 P:24 SP:FF PPU: NOT IMPLEMENTED YET
C034  8D 07 20  STA $2007 = 00                  A:00 X:66 Y:04 P:24 SP:FF PPU: NOT IMPLEMENTED YET
C037  CA        DEX                             A:00 X:66 Y:04 P:24 SP:FF PPU: NOT IMPLEMENTED YET
C038  D0 FA     BNE $C034                       A:00 X:65 Y:04 P:24 SP:FF PPU: NOT IMPLEMENTED YET
C034  8D 07 20  STA $2007 = 00                  A:00 X:65 Y:04 P:24 SP:FF PPU: NOT IMPLEMENTED YET
C037  CA        DEX                             A:00 X:65 Y:04 P:24 SP:FF PPU: NOT IMPLEMENTED YET
C038  D0 FA     BNE $C034                       A:00 X:64 Y:04 P:24 SP:FF PPU: NOT IMPLEMENTED YET
C034  8D 07 20  STA $2007 = 00                  A:00 X:64 Y:04 P:24 SP:FF PPU: NOT IMPLEMENTED YET
C037  CA        DEX                             A:00 X:64 Y:04 P:24 SP:FF PPU: NOT IMPLEMENTED YET
C038  D0 FA     BNE $C034                       A:00 X:63 Y:04 P:24 SP:FF PPU: NOT IMPLEMENTED YET
C034  8D 07 20  STA $2007 = 00                  A:00 X:63 Y:04 P:24 SP:FF PPU: NOT IMPLEMENTED YET
C037  CA        DEX                             A:00 X:63 Y:04 P:24 SP:FF PPU: NOT IMPLEMENTED YET
C038  D0 FA     BNE $C034                       A:00 X:62 Y:04 P:24 SP:FF PPU: NOT IMPLEMENTED YET
C034  8D 07 20  STA $2007 = 00                  A:00 X:62 Y:04 P:24 SP:FF PPU: NOT IMPLEMENTED YET
C037  CA        DEX                             A:00 X:62 Y:04 P:24 SP:FF PPU: NOT IMPLEMENTED YET
C038  D0 FA     BNE $C034                       A:00 X:61 Y:04 P:24 SP:FF PPU: NOT IMPLEMENTED YET
C034  8D 07 20  STA $2007 = 00                  A:00 X:61 Y:04 P:24 SP:FF PPU: NOT IMPLEMENTED YET
C037  CA        DEX                             A:00 X:61 Y:04 P:24 SP:FF PPU: NOT IMPLEMENTED YET
C038  D0 FA     BNE $C034                       A:00 X:60 Y:04 P:24 SP:FF PPU: NOT IMPLEMENTED YET
C034  8D 07 20  STA $2007 = 00                  A:00 X:60 Y:04 P:24 SP:FF PPU: NOT IMPLEMENTED YET
C037  CA        DEX                             A:00 X:60 Y:04 P:24 SP:FF PPU: NOT IMPLEMENTED YET
C038  D0 FA     BNE $C034                       A:00 X:5F Y:04 P:24 SP:FF PPU: NOT IMPLEMENTED YET
C034  8D 07 20  STA $2007 = 00                  A:00 X:5F Y:04 P:24 SP:FF PPU: NOT IMPLEMENTED YET
C037  CA        DEX                             A:00 X:5F Y:04 P:24 SP:FF PPU: NOT IMPLEMENTED YET
C038  D0 FA     BNE $C034                       A:00 X:5E Y:04 P:24 SP:FF PPU: NOT IMPLEMENTED YET
C034  8D 07 20  STA $2007 = 00                  A:00 X:5E Y:04 P:24 SP:FF PPU: NOT IMPLEMENTED YET
C037  CA        DEX                             A:00 X:5E Y:04 P:24 SP:FF PPU: NOT IMPLEMENTED YET
C038  D0 FA     BNE $C034                       A:00 X:5D Y:04 P:24 SP:FF PPU: NOT IMPLEMENTED YET
C034  8D 07 20  STA $2007 = 00                  A:00 X:5D Y:04 P:24 SP:FF PPU: NOT IMPLEMENTED YET
C037  CA        DEX                             A:00 X:5D Y:04 P:24 SP:FF PPU: NOT IMPLEMENTED YET
C038  D0 FA     BNE $C034                       A:00 X:5C Y:04 P:24 SP:FF PPU: NOT IMPLEMENTED YET
C034  8D 07 20  STA $2007 = 00                  A:00 X:5C Y:04 P:24 SP:FF PPU: NOT IMPLEMENTED YET
C037  CA        DEX                             A:00 X:5C Y:04 P:24 SP:FF PPU: NOT IMPLEMENTED YET
C038  D0 FA     BNE $C034                       A:00 X:5B Y:04 P:24 SP:FF PPU: NOT IMPLEMENTED YET
C034  8D 07 20  STA $2007 = 00                  A:00 X:5B Y:04 P:24 SP:FF PPU: NOT IMPLEMENTED YET
C037  CA        DEX                             A:00 X:5B Y:04 P:24 SP:FF PPU: NOT IMPLEMENTED YET
C038  D0 FA     BNE $C034                       A:00 X:5A Y:04 P:24 SP:FF PPU: NOT IMPLEMENTED YET
C034  8D 07 20  STA $2007 = 00                  A:00 X:5A Y:04 P:24 SP:FF PPU: NOT IMPLEMENTED YET
C037  CA        DEX                             A:00 X:5A Y:04 P:24 SP:FF PPU: NOT IMPLEMENTED YET
C038  D0 FA     BNE $C034                       A:00 X:59 Y:04 P:24 SP:FF PPU: NOT IMPLEMENTED YET
C034  8D 07 20  STA $2007 = 00                  A:00 X:59 Y:04 P:24 SP:FF PPU: NOT IMPLEMENTED YET
C037  CA        DEX                             A:00 X:59 Y:04 P:24 SP:FF PPU: NOT IMPLEMENTED YET
C038  D0 FA     BNE $C034                       A:00 X:58 Y:04 P:24 SP:FF PPU: NOT IMPLEMENTED YET
C034  8D 07 20  STA $2007 = 00                  A:00 X:58 Y:04 P:24 SP:FF PPU: NOT IMPLEMENTED YET
C037  CA        DEX                             A:00 X:58 Y:04 P:24 SP:FF PPU: NOT IMPLEMENTED YET
C038  D0 FA     BNE $C034                       A:00 X:57 Y:04 P:24 SP:FF PPU: NOT IMPLEMENTED YET
C034  8D 07 20  STA $2007 = 00                  A:00 X:57 Y:04 P:24 SP:FF PPU: NOT IMPLEMENTED YET
C037  CA        DEX                             A:00 X:57 Y:04 P:24 SP:FF PPU: NOT IMPLEMENTED YET
C038  D0 FA     BNE $C034                       A:00 X:56 Y:04 P:24 SP:FF PPU: NOT IMPLEMENTED YET
C034  8D 07 20  STA $2007 = 00                  A:00 X:56 Y:04 P:24 SP:FF PPU: NOT IMPLEMENTED YET
C037  CA        DEX                             A:00 X:56 Y:04 P:24 SP:FF PPU: NOT IMPLEMENTED YET
C038  D0 FA     BNE $C034                       A:00 X:55 Y:04 P:24 SP:FF PPU: NOT IMPLEMENTED YET
C034  8D 07 20  STA $2007 = 00                  A:00 X:55 Y:04 P:24 SP:FF PPU: NOT IMPLEMENTED YET
C037  CA        DEX                             A:00 X:55 Y:04 P:24 SP:FF PPU: NOT IMPLEMENTED YET
C038  D0 FA     BNE $C034                       A:00 X:54 Y:04 P:24 SP:FF PPU: NOT IMPLEMENTED YET
C034  8D 07 20  STA $2007 = 00                  A:00 X:54 Y:04 P:24 SP:FF PPU: NOT IMPLEMENTED YET
C037  CA        DEX                             A:00 X:54 Y:04 P:24 SP:FF PPU: NOT IMPLEMENTED YET
C038  D0 FA     BNE $C034                       A:00 X:53 Y:04 P:24 SP:FF PPU: NOT IMPLEMENTED YET
C034  8D 07 20  STA $2007 = 00                  A:00 X:53 Y:04 P:24 SP:FF PPU: NOT IMPLEMENTED YET
C037  CA        DEX                             A:00 X:53 Y:04 P:24 SP:FF PPU: NOT IMPLEMENTED YET
C038  D0 FA     BNE $C034                       A:00 X:52 Y:04 P:24 SP:FF PPU: NOT IMPLEMENTED YET
C034  8D 07 20  STA $2007 = 00                  A:00 X:52 Y:04 P:24 SP:FF PPU: NOT IMPLEMENTED YET
C037  CA        DEX                             A:00 X:52 Y:04 P:24 SP:FF PPU: NOT IMPLEMENTED YET
C038  D0 FA     BNE $C034                       A:00 X:51 Y:04 P:24 SP:FF PPU: NOT IMPLEMENTED YET
C034  8D 07 20  STA $2007 = 00                  A:00 X:51 Y:04 P:24 SP:FF PPU: NOT IMPLEMENTED YET
C037  CA        DEX                             A:00 X:51 Y:04 P:24 SP:FF PPU: NOT IMPLEMENTED YET
C038  D0 FA     BNE $C034                       A:00 X:50 Y:04 P:24 SP:FF PPU: NOT IMPLEMENTED YET
C034  8D 07 20  STA $2007 = 00                  A:00 X:50 Y:04 P:24 SP:FF PPU: NOT IMPLEMENTED YET
C037  CA        DEX                             A:00 X:50 Y:04 P:24 SP:FF PPU: NOT IMPLEMENTED YET
C038  D0 FA     BNE $C034                       A:00 X:4F Y:04 P:24 SP:FF PPU: NOT IMPLEMENTED YET
C034  8D 07 20  STA $2007 = 00                  A:00 X:4F Y:04 P:24 SP:FF PPU: NOT IMPLEMENTED YET
C037  CA        DEX                             A:00 X:4F Y:04 P:24 SP:FF PPU: NOT IMPLEMENTED YET
C038  D0 FA     BNE $C034                       A:00 X:4E Y:04 P:24 SP:FF PPU: NOT IMPLEMENTED YET
C034  8D 07 20  STA $2007 = 00                  A:00 X:4E Y:04 P:24 SP:FF PPU: NOT IMPLEMENTED YET
C037  CA        DEX                             A:00 X:4E Y:04 P:24 SP:FF PPU: NOT IMPLEMENTED YET
C038  D0 FA     BNE $C034                       A:00 X:4D Y:04 P:24 SP:FF PPU: NOT IMPLEMENTED YET
C034  8D 07 20  STA $2007 = 00                  A:00 X:4D Y:04 P:24 SP:FF PPU: NOT IMPLEMENTED YET
C037  CA        DEX                             A:00 X:4D Y:04 P:24 SP:FF PPU: NOT IMPLEMENTED YET
C038  D0 FA     BNE $C034                       A:00 X:4C Y:04 P:24 SP:FF PPU: NOT IMPLEMENTED YET
C034  8D 07 20  STA $2007 = 00                  A:00 X:4C Y:04 P:24 SP:FF PPU: NOT IMPLEMENTED YET
C037  CA        DEX                             A:00 X:4C Y:04 P:24 SP:FF PPU: NOT IMPLEMENTED YET
C038  D0 FA     BNE $C034                       A:00 X:4B Y:04 P:24 SP:FF PPU: NOT IMPLEMENTED YET
C034  8D 07 20  STA $2007 = 00                  A:00 X:4B Y:04 P:24 SP:FF PPU: NOT IMPLEMENTED YET
C037  CA        DEX                             A:00 X:4B Y:04 P:24 SP:FF PPU: NOT IMPLEMENTED YET
C038  D0 FA     BNE $C034                       A:00 X:4A Y:04 P:24 SP:FF PPU: NOT IMPLEMENTED YET
C034  8D 07 20  STA $2007 = 00                  A:00 X:4A Y:04 P:24 SP:FF PPU: NOT IMPLEMENTED YET
C037  CA        DEX                             A:00 X:4A Y:04 P:24 SP:FF PPU: NOT IMPLEMENTED YET
C038  D0 FA     BNE $C034                       A:00 X:49 Y:04 P:24 SP:FF PPU: NOT IMPLEMENTED YET
C034  8D 07 20  STA $2007 = 00                  A:00 X:49 Y:04 P:24 SP:FF PPU: NOT IMPLEMENTED YET
C037  CA        DEX                             A:00 X:49 Y:04 P:24 SP:FF PPU: NOT IMPLEMENTED YET
C038  D0 FA     BNE $C034                       A:00 X:48 Y:04 P:24 SP:FF PPU: NOT IMPLEMENTED YET
C034  8D 07 20  STA $2007 = 00                  A:00 X:48 Y:04 P:24 SP:FF PPU: NOT IMPLEMENTED YET
C037  CA        DEX                             A:00 X:48 Y:04 P:24 SP:FF PPU: NOT IMPLEMENTED YET
C038  D0 FA     BNE $C034                       A:00 X:47 Y:04 P:24 SP:FF PPU: NOT IMPLEMENTED YET
C034  8D 07 20  STA $2007 = 00                  A:00 X:47 Y:04 P:24 SP:FF PPU: NOT IMPLEMENTED YET
C037  CA        DEX                             A:00 X:47 Y:04 P:24 SP:FF PPU: NOT IMPLEMENTED YET
C038  D0 FA     BNE $C034                       A:00 X:46 Y:04 P:24 SP:FF PPU: NOT IMPLEMENTED YET
C034  8D 07 20  STA $2007 = 00                  A:00 X:46 Y:04 P:24 SP:FF PPU: NOT IMPLEMENTED YET
C037  CA        DEX                             A:00 X:46 Y:04 P:24 SP:FF PPU: NOT IMPLEMENTED YET
C038  D0 FA     BNE $C034                       A:00 X:45 Y:04 P:24 SP:FF PPU: NOT IMPLEMENTED YET
C034  8D 07 20  STA $2007 = 00                  A:00 X:45 Y:04 P:24 SP:FF PPU: NOT IMPLEMENTED YET
C037  CA        DEX                             A:00 X:45 Y:04 P:24 SP:FF PPU: NOT IMPLEMENTED YET
C038  D0 FA     BNE $C034                       A:00 X:44 Y:04 P:24 SP:FF PPU: NOT IMPLEMENTED YET
C034  8D 07 20  STA $2007 = 00                  A:00 X:44 Y:04 P:24 SP:FF PPU: NOT IMPLEMENTED YET
C037  CA        DEX                             A:00 X:44 Y:04 P:24 SP:FF PPU: NOT IMPLEMENTED YET
C038  D0 FA     BNE $C034                       A:00 X:43 Y:04 P:24 SP:FF PPU: NOT IMPLEMENTED YET
C034  8D 07 20  STA $2007 = 00                  A:00 X:43 Y:04 P:24 SP:FF PPU: NOT IMPLEMENTED YET
C037  CA        DEX                             A:00 X:43 Y:04 P:24 SP:FF PPU: NOT IMPLEMENTED YET
C038  D0 FA     BNE $C034                       A:00 X:42 Y:04 P:24 SP:FF PPU: NOT IMPLEMENTED YET
C034  8D 07 20  STA $2007 = 00                  A:00 X:42 Y:04 P:24 SP:FF PPU: NOT IMPLEMENTED YET
C037  CA        DEX                             A:00 X:42 Y:04 P:24 SP:FF PPU: NOT IMPLEMENTED YET
C038  D0 FA     BNE $C034                       A:00 X:41 Y:04 P:24 SP:FF PPU: NOT IMPLEMENTED YET
C034  8D 07 20  STA $2007 = 00                  A:00 X:41 Y:04 P:24 SP:FF PPU: NOT IMPLEMENTED YET
C037  CA        DEX                             A:00 X:41 Y:04 P:24 SP:FF PPU: NOT IMPLEMENTED YET
C038  D0 FA     BNE $C034                       A:00 X:40 Y:04 P:24 SP:FF PPU: NOT IMPLEMENTED YET
C034  8D 07 20  STA $2007 = 00                  A:00 X:40 Y:04 P:24 SP:FF PPU: NOT IMPLEMENTED YET
C037  CA        DEX                             A:00 X:40 Y:04 P:24 SP:FF PPU: NOT IMPLEMENTED YET
C038  D0 FA     BNE $C034                       A:00 X:3F Y:04 P:24 SP:FF PPU: NOT IMPLEMENTED YET
C034  8D 07 20  STA $2007 = 00                  A:00 X:3F Y:04 P:24 SP:FF PPU: NOT IMPLEMENTED YET
C037  CA        DEX                             A:00 X:3F Y:04 P:24 SP:FF PPU: NOT IMPLEMENTED YET
C038  D0 FA     BNE $C034                       A:00 X:3E Y:04 P:24 SP:FF PPU: NOT IMPLEMENTED YET
C034  8D 07 20  STA $2007 = 00                  A:00 X:3E Y:04 P:24 SP:FF PPU: NOT IMPLEMENTED YET
C037  CA        DEX                             A:00 X:3E Y:04 P:24 SP:FF PPU: NOT IMPLEMENTED YET
C038  D0 FA     BNE $C034                       A:00 X:3D Y:04 P:24 SP:FF PPU: NOT IMPLEMENTED YET
C034  8D 07 20  STA $2007 = 00                  A:00 X:3D Y:04 P:24 SP:FF PPU: NOT IMPLEMENTED YET
C037  CA        DEX                             A:00 X:3D Y:04 P:24 SP:FF PPU: NOT IMPLEMENTED YET
C038  D0 FA     BNE $C034                       A:00 X:3C Y:04 P:24 SP:FF PPU: NOT IMPLEMENTED YET
C034  8D 07 20  STA $2007 = 00                  A:00 X:3C Y:04 P:24 SP:FF PPU: NOT IMPLEMENTED YET
C037  CA        DEX                             A:00 X:3C Y:04 P:24 SP:FF PPU: NOT IMPLEMENTED YET
C038  D0 FA     BNE $C034                       A:00 X:3B Y:04 P:24 SP:FF PPU: NOT IMPLEMENTED YET
C034  8D 07 20  STA $2007 = 00                  A:00 X:3B Y:04 P:24 SP:FF PPU: NOT IMPLEMENTED YET
C037  CA        DEX                             A:00 X:3B Y:04 P:24 SP:FF PPU: NOT IMPLEMENTED YET
C038  D0 FA     BNE $C034                       A:00 X:3A Y:04 P:24 SP:FF PPU: NOT IMPLEMENTED YET
C034  8D 07 20  STA $2007 = 00                  A:00 X:3A Y:04 P:24 SP:FF PPU: NOT IMPLEMENTED YET
C037  CA        DEX                             A:00 X:3A Y:04 P:24 SP:FF PPU: NOT IMPLEMENTED YET
C038  D0 FA     BNE $C034                       A:00 X:39 Y:04 P:24 SP:FF PPU: NOT IMPLEMENTED YET
C034  8D 07 20  STA $2007 = 00                  A:00 X:39 Y:04 P:24 SP:FF PPU: NOT IMPLEMENTED YET
C037  CA        DEX                             A:00 X:39 Y:04 P:24 SP:FF PPU: NOT IMPLEMENTED YET
C038  D0 FA     BNE $C034                       A:00 X:38 Y:04 P:24 SP:FF PPU: NOT IMPLEMENTED YET
C034  8D 07 20  STA $2007 = 00                  A:00 X:38 Y:04 P:24 SP:FF PPU: NOT IMPLEMENTED YET
C037  CA        DEX                             A:00 X:38 Y:04 P:24 SP:FF PPU: NOT IMPLEMENTED YET
C038  D0 FA     BNE $C034                       A:00 X:37 Y:04 P:24 SP:FF PPU: NOT IMPLEMENTED YET
C034  8D 07 20  STA $2007 = 00                  A:00 X:37 Y:04 P:24 SP:FF PPU: NOT IMPLEMENTED YET
C037  CA        DEX                             A:00 X:37 Y:04 P:24 SP:FF PPU: NOT IMPLEMENTED YET
C038  D0 FA     BNE $C034                       A:00 X:36 Y:04 P:24 SP:FF PPU: NOT IMPLEMENTED YET
C034  8D 07 20  STA $2007 = 00                  A:00 X:36 Y:04 P:24 SP:FF PPU: NOT IMPLEMENTED YET
C037  CA        DEX                             A:00 X:36 Y:04 P:24 SP:FF PPU: NOT IMPLEMENTED YET
C038  D0 FA     BNE $C034                       A:00 X:35 Y:04 P:24 SP:FF PPU: NOT IMPLEMENTED YET
C034  8D 07 20  STA $2007 = 00                  A:00 X:35 Y:04 P:24 SP:FF PPU: NOT IMPLEMENTED YET
C037  CA        DEX                             A:00 X:35 Y:04 P:24 SP:FF PPU: NOT IMPLEMENTED YET
C038  D0 FA     BNE $C034                       A:00 X:34 Y:04 P:24 SP:FF PPU: NOT IMPLEMENTED YET
C034  8D 07 20  STA $2007 = 00                  A:00 X:34 Y:04 P:24 SP:FF PPU: NOT IMPLEMENTED YET
C037  CA        DEX                             A:00 X:34 Y:04 P:24 SP:FF PPU: NOT IMPLEMENTED YET
C038  D0 FA     BNE $C034                       A:00 X:33 Y:04 P:24 SP:FF PPU: NOT IMPLEMENTED YET
C034  8D 07 20  STA $2007 = 00                  A:00 X:33 Y:04 P:24 SP:FF PPU: NOT IMPLEMENTED YET
C037  CA        DEX                             A:00 X:33 Y:04 P:24 SP:FF PPU: NOT IMPLEMENTED YET
C038  D0 FA     BNE $C034                       A:00 X:32 Y:04 P:24 SP:FF PPU: NOT IMPLEMENTED YET
C034  8D 07 20  STA $2007 = 00                  A:00 X:32 Y:04 P:24 SP:FF PPU: NOT IMPLEMENTED YET
C037  CA        DEX                             A:00 X:32 Y:04 P:24 SP:FF PPU: NOT IMPLEMENTED YET
C038  D0 FA     BNE $C034                       A:00 X:31 Y:04 P:24 SP:FF PPU: NOT IMPLEMENTED YET
C034  8D 07 20  STA $2007 = 00                  A:00 X:31 Y:04 P:24 SP:FF PPU: NOT IMPLEMENTED YET
C037  CA        DEX                             A:00 X:31 Y:04 P:24 SP:FF PPU: NOT IMPLEMENTED YET
C038  D0 FA     BNE $C034                       A:00 X:30 Y:04 P:24 SP:FF PPU: NOT IMPLEMENTED YET
C034  8D 07 20  STA $2007 = 00                  A:00 X:30 Y:04 P:24 SP:FF PPU: NOT IMPLEMENTED YET
C037  CA        DEX                             A:00 X:30 Y:04 P:24 SP:FF PPU: NOT IMPLEMENTED YET
C038  D0 FA     BNE $C034                       A:00 X:2F Y:04 P:24 SP:FF PPU: NOT IMPLEMENTED YET
C034  8D 07 20  STA $2007 = 00                  A:00 X:2F Y:04 P:24 SP:FF PPU: NOT IMPLEMENTED YET
C037  CA        DEX                             A:00 X:2F Y:04 P:24 SP:FF PPU: NOT IMPLEMENTED YET
C038  D0 FA     BNE $C034                       A:00 X:2E Y:04 P:24 SP:FF PPU: NOT IMPLEMENTED YET
C034  8D 07 20  STA $2007 = 00                  A:00 X:2E Y:04 P:24 SP:FF PPU: NOT IMPLEMENTED YET
C037  CA        DEX                             A:00 X:2E Y:04 P:24 SP:FF PPU: NOT IMPLEMENTED YET
C038  D0 FA     BNE $C034                       A:00 X:2D Y:04 P:24 SP:FF PPU: NOT IMPLEMENTED YET
C034  8D 07 20  STA $2007 = 00                  A:00 X:2D Y:04 P:24 SP:FF PPU: NOT IMPLEMENTED YET
C037  CA        DEX                             A:00 X:2D Y:04 P:24 SP:FF PPU: NOT IMPLEMENTED YET
C038  D0 FA     BNE $C034                       A:00 X:2C Y:04 P:24 SP:FF PPU: NOT IMPLEMENTED YET
C034  8D 07 20  STA $2007 = 00                  A:00 X:2C Y:04 P:24 SP:FF PPU: NOT IMPLEMENTED YET
C037  CA        DEX                             A:00 X:2C Y:04 P:24 SP:FF PPU: NOT IMPLEMENTED YET
C038  D0 FA     BNE $C034                       A:00 X:2B Y:04 P:24 SP:FF PPU: NOT IMPLEMENTED YET
C034  8D 07 20  STA $2007 = 00                  A:00 X:2B Y:04 P:24 SP:FF PPU: NOT IMPLEMENTED YET
C037  CA        DEX                             A:00 X:2B Y:04 P:24 SP:FF PPU: NOT IMPLEMENTED YET
C038  D0 FA     BNE $C034                       A:00 X:2A Y:04 P:24 SP:FF PPU: NOT IMPLEMENTED YET
C034  8D 07 20  STA $2007 = 00                  A:00 X:2A Y:04 P:24 SP:FF PPU: NOT IMPLEMENTED YET
C037  CA        DEX                             A:00 X:2A Y:04 P:24 SP:FF PPU: NOT IMPLEMENTED YET
C038  D0 FA     BNE $C034                       A:00 X:29 Y:04 P:24 SP:FF PPU: NOT IMPLEMENTED YET
C034  8D 07 20  STA $2007 = 00                  A:00 X:29 Y:04 P:24 SP:FF PPU: NOT IMPLEMENTED YET
C037  CA        DEX                             A:00 X:29 Y:04 P:24 SP:FF PPU: NOT IMPLEMENTED YET
C038  D0 FA     BNE $C034                       A:00 X:28 Y:04 P:24 SP:FF PPU: NOT IMPLEMENTED YET
C034  8D 07 20  STA $2007 = 00                  A:00 X:28 Y:04 P:24 SP:FF PPU: NOT IMPLEMENTED YET
C037  CA        DEX                             A:00 X:28 Y:04 P:24 SP:FF PPU: NOT IMPLEMENTED YET
C038  D0 FA     BNE $C034                       A:00 X:27 Y:04 P:24 SP:FF PPU: NOT IMPLEMENTED YET
C034  8D 07 20  STA $2007 = 00                  A:00 X:27 Y:04 P:24 SP:FF PPU: NOT IMPLEMENTED YET
C037  CA        DEX                             A:00 X:27 Y:04 P:24 SP:FF PPU: NOT IMPLEMENTED YET
C038  D0 FA     BNE $C034                       A:00 X:26 Y:04 P:24 SP:FF PPU: NOT IMPLEMENTED YET
C034  8D 07 20  STA $2007 = 00                  A:00 X:26 Y:04 P:24 SP:FF PPU: NOT IMPLEMENTED YET
C037  CA        DEX                             A:00 X:26 Y:04 P:24 SP:FF PPU: NOT IMPLEMENTED YET
C038  D0 FA     BNE $C034                       A:00 X:25 Y:04 P:24 SP:FF PPU: NOT IMPLEMENTED YET
C034  8D 07 20  STA $2007 = 00                  A:00 X:25 Y:04 P:24 SP:FF PPU: NOT IMPLEMENTED YET
C037  CA        DEX                             A:00 X:25 Y:04 P:24 SP:FF PPU: NOT IMPLEMENTED YET
C038  D0 FA     BNE $C034                       A:00 X:24 Y:04 P:24 SP:FF PPU: NOT IMPLEMENTED YET
C034  8D 07 20  STA $2007 = 00                  A:00 X:24 Y:04 P:24 SP:FF PPU: NOT IMPLEMENTED YET
C037  CA        DEX                             A:00 X:24 Y:04 P:24 SP:FF PPU: NOT IMPLEMENTED YET
C038  D0 FA     BNE $C034                       A:00 X:23 Y:04 P:24 SP:FF PPU: NOT IMPLEMENTED YET
C034  8D 07 20  STA $2007 = 00                  A:00 X:23 Y:04 P:24 SP:FF PPU: NOT IMPLEMENTED YET
C037  CA        DEX                             A:00 X:23 Y:04 P:24 SP:FF PPU: NOT IMPLEMENTED YET
C038  D0 FA     BNE $C034                       A:00 X:22 Y:04 P:24 SP:FF PPU: NOT IMPLEMENTED YET
C034  8D 07 20  STA $2007 = 00                  A:00 X:22 Y:04 P:24 SP:FF PPU: NOT IMPLEMENTED YET
C037  CA        DEX                             A:00 X:22 Y:04 P:24 SP:FF PPU: NOT IMPLEMENTED YET
C038  D0 FA     BNE $C034                       A:00 X:21 Y:04 P:24 SP:FF PPU: NOT IMPLEMENTED YET
C034  8D 07 20  STA $2007 = 00                  A:00 X:21 Y:04 P:24 SP:FF PPU: NOT IMPLEMENTED YET
C037  CA        DEX                             A:00 X:21 Y:04 P:24 SP:FF PPU: NOT IMPLEMENTED YET
C038  D0 FA     BNE $C034                       A:00 X:20 Y:04 P:24 SP:FF PPU: NOT IMPLEMENTED YET
C034  8D 07 20  STA $2007 = 00                  A:00 X:20 Y:04 P:24 SP:FF PPU: NOT IMPLEMENTED YET
C037  CA        DEX                             A:00 X:20 Y:04 P:24 SP:FF PPU: NOT IMPLEMENTED YET
C038  D0 FA     BNE $C034                       A:00 X:1F Y:04 P:24 SP:FF PPU: NOT IMPLEMENTED YET
C034  8D 07 20  STA $2007 = 00                  A:00 X:1F Y:04 P:24 SP:FF PPU: NOT IMPLEMENTED YET
C037  CA        DEX                             A:00 X:1F Y:04 P:24 SP:FF PPU: NOT IMPLEMENTED YET
C038  D0 FA     BNE $C034                       A:00 X:1E Y:04 P:24 SP:FF PPU: NOT IMPLEMENTED YET
C034  8D 07 20  STA $2007 = 00                  A:00 X:1E Y:04 P:24 SP:FF PPU: NOT IMPLEMENTED YET
C037  CA        DEX                             A:00 X:1E Y:04 P:24 SP:FF PPU: NOT IMPLEMENTED YET
C038  D0 FA     BNE $C034                       A:00 X:1D Y:04 P:24 SP:FF PPU: NOT IMPLEMENTED YET
C034  8D 07 20  STA $2007 = 00                  A:00 X:1D Y:04 P:24 SP:FF PPU: NOT IMPLEMENTED YET
C037  CA        DEX                             A:00 X:1D Y:04 P:24 SP:FF PPU: NOT IMPLEMENTED YET
C038  D0 FA     BNE $C034                       A:00 X:1C Y:04 P:24 SP:FF PPU: NOT IMPLEMENTED YET
C034  8D 07 20  STA $2007 = 00                  A:00 X:1C Y:04 P:24 SP:FF PPU: NOT IMPLEMENTED YET
C037  CA        DEX                             A:00 X:1C Y:04 P:24 SP:FF PPU: NOT IMPLEMENTED YET
C038  D0 FA     BNE $C034                       A:00 X:1B Y:04 P:24 SP:FF PPU: NOT IMPLEMENTED YET
C034  8D 07 20  STA $2007 = 00                  A:00 X:1B Y:04 P:24 SP:FF PPU: NOT IMPLEMENTED YET
C037  CA        DEX                             A:00 X:1B Y:04 P:24 SP:FF PPU: NOT IMPLEMENTED YET
C038  D0 FA     BNE $C034                       A:00 X:1A Y:04 P:24 SP:FF PPU: NOT IMPLEMENTED YET
C034  8D 07 20  STA $2007 = 00                  A:00 X:1A Y:04 P:24 SP:FF PPU: NOT IMPLEMENTED YET
C037  CA        DEX                             A:00 X:1A Y:04 P:24 SP:FF PPU: NOT IMPLEMENTED YET
C038  D0 FA     BNE $C034                       A:00 X:19 Y:04 P:24 SP:FF PPU: NOT IMPLEMENTED YET
C034  8D 07 20  STA $2007 = 00                  A:00 X:19 Y:04 P:24 SP:FF PPU: NOT IMPLEMENTED YET
C037  CA        DEX                             A:00 X:19 Y:04 P:24 SP:FF PPU: NOT IMPLEMENTED YET
C038  D0 FA     BNE $C034                       A:00 X:18 Y:04 P:24 SP:FF PPU: NOT IMPLEMENTED YET
C034  8D 07 20  STA $2007 = 00                  A:00 X:18 Y:04 P:24 SP:FF PPU: NOT IMPLEMENTED YET
C037  CA        DEX                             A:00 X:18 Y:04 P:24 SP:FF PPU: NOT IMPLEMENTED YET
C038  D0 FA     BNE $C034                       A:00 X:17 Y:04 P:24 SP:FF PPU: NOT IMPLEMENTED YET
C034  8D 07 20  STA $2007 = 00                  A:00 X:17 Y:04 P:24 SP:FF PPU: NOT IMPLEMENTED YET
C037  CA        DEX                             A:00 X:17 Y:04 P:24 SP:FF PPU: NOT IMPLEMENTED YET
C038  D0 FA     BNE $C034                       A:00 X:16 Y:04 P:24 SP:FF PPU: NOT IMPLEMENTED YET
C034  8D 07 20  STA $2007 = 00                  A:00 X:16 Y:04 P:24 SP:FF PPU: NOT IMPLEMENTED YET
C037  CA        DEX                             A:00 X:16 Y:04 P:24 SP:FF PPU: NOT IMPLEMENTED YET
C038  D0 FA     BNE $C034                       A:00 X:15 Y:04 P:24 SP:FF PPU: NOT IMPLEMENTED YET
C034  8D 07 20  STA $2007 = 00                  A:00 X:15 Y:04 P:24 SP:FF PPU: NOT IMPLEMENTED YET
C037  CA        DEX                             A:00 X:15 Y:04 P:24 SP:FF PPU: NOT IMPLEMENTED YET
C038  D0 FA     BNE $C034                       A:00 X:14 Y:04 P:24 SP:FF PPU: NOT IMPLEMENTED YET
C034  8D 07 20  STA $2007 = 00                  A:00 X:14 Y:04 P:24 SP:FF PPU: NOT IMPLEMENTED YET
C037  CA        DEX                             A:00 X:14 Y:04 P:24 SP:FF PPU: NOT IMPLEMENTED YET
C038  D0 FA     BNE $C034                       A:00 X:13 Y:04 P:24 SP:FF PPU: NOT IMPLEMENTED YET
C034  8D 07 20  STA $2007 = 00                  A:00 X:13 Y:04 P:24 SP:FF PPU: NOT IMPLEMENTED YET
C037  CA        DEX                             A:00 X:13 Y:04 P:24 SP:FF PPU: NOT IMPLEMENTED YET
C038  D0 FA     BNE $C034                       A:00 X:12 Y:04 P:24 SP:FF PPU: NOT IMPLEMENTED YET
C034  8D 07 20  STA $2007 = 00                  A:00 X:12 Y:04 P:24 SP:FF PPU: NOT IMPLEMENTED YET
C037  CA        DEX                             A:00 X:12 Y:04 P:24 SP:FF PPU: NOT IMPLEMENTED YET
C038  D0 FA     BNE $C034                       A:00 X:11 Y:04 P:24 SP:FF PPU: NOT IMPLEMENTED YET
C034  8D 07 20  STA $2007 = 00                  A:00 X:11 Y:04 P:24 SP:FF PPU: NOT IMPLEMENTED YET
C037  CA        DEX                             A:00 X:11 Y:04 P:24 SP:FF PPU: NOT IMPLEMENTED YET
C038  D0 FA     BNE $C034                       A:00 X:10 Y:04 P:24 SP:FF PPU: NOT IMPLEMENTED YET
C034  8D 07 20  STA $2007 = 00                  A:00 X:10 Y:04 P:24 SP:FF PPU: NOT IMPLEMENTED YET
C037  CA        DEX                             A:00 X:10 Y:04 P:24 SP:FF PPU: NOT IMPLEMENTED YET
C038  D0 FA     BNE $C034                       A:00 X:0F Y:04 P:24 SP:FF PPU: NOT IMPLEMENTED YET
C034  8D 07 20  STA $2007 = 00                  A:00 X:0F Y:04 P:24 SP:FF PPU: NOT IMPLEMENTED YET
C037  CA        DEX                             A:00 X:0F Y:04 P:24 SP:FF PPU: NOT IMPLEMENTED YET
C038  D0 FA     BNE $C034                       A:00 X:0E Y:04 P:24 SP:FF PPU: NOT IMPLEMENTED YET
C034  8D 07 20  STA $2007 = 00                  A:00 X:0E Y:04 P:24 SP:FF PPU: NOT IMPLEMENTED YET
C037  CA        DEX                             A:00 X:0E Y:04 P:24 SP:FF PPU: NOT IMPLEMENTED YET
C038  D0 FA     BNE $C034                       A:00 X:0D Y:04 P:24 SP:FF PPU: NOT IMPLEMENTED YET
C034  8D 07 20  STA $2007 = 00                  A:00 X:0D Y:04 P:24 SP:FF PPU: NOT IMPLEMENTED YET
C037  CA        DEX                             A:00 X:0D Y:04 P:24 SP:FF PPU: NOT IMPLEMENTED YET
C038  D0 FA     BNE $C034                       A:00 X:0C Y:04 P:24 SP:FF PPU: NOT IMPLEMENTED YET
C034  8D 07 20  STA $2007 = 00                  A:00 X:0C Y:04 P:24 SP:FF PPU: NOT IMPLEMENTED YET
C037  CA        DEX                             A:00 X:0C Y:04 P:24 SP:FF PPU: NOT IMPLEMENTED YET
C038  D0 FA     BNE $C034                       A:00 X:0B Y:04 P:24 SP:FF PPU: NOT IMPLEMENTED YET
C034  8D 07 20  STA $2007 = 00                  A:00 X:0B Y:04 P:24 SP:FF PPU: NOT IMPLEMENTED YET
C037  CA        DEX                             A:00 X:0B Y:04 P:24 SP:FF PPU: NOT IMPLEMENTED YET
C038  D0 FA     BNE $C034                       A:00 X:0A Y:04 P:24 SP:FF PPU: NOT IMPLEMENTED YET
C034  8D 07 20  STA $2007 = 00                  A:00 X:0A Y:04 P:24 SP:FF PPU: NOT IMPLEMENTED YET
C037  CA        DEX                             A:00 X:0A Y:04 P:24 SP:FF PPU: NOT IMPLEMENTED YET
C038  D0 FA     BNE $C034                       A:00 X:09 Y:04 P:24 SP:FF PPU: NOT IMPLEMENTED YET
C034  8D 07 20  STA $2007 = 00                  A:00 X:09 Y:04 P:24 SP:FF PPU: NOT IMPLEMENTED YET
C037  CA        DEX                             A:00 X:09 Y:04 P:24 SP:FF PPU: NOT IMPLEMENTED YET
C038  D0 FA     BNE $C034                       A:00 X:08 Y:04 P:24 SP:FF PPU: NOT IMPLEMENTED YET
C034  8D 07 20  STA $2007 = 00                  A:00 X:08 Y:04 P:24 SP:FF PPU: NOT IMPLEMENTED YET
C037  CA        DEX                             A:00 X:08 Y:04 P:24 SP:FF PPU: NOT IMPLEMENTED YET
C038  D0 FA     BNE $C034                       A:00 X:07 Y:04 P:24 SP:FF PPU: NOT IMPLEMENTED YET
C034  8D 07 20  STA $2007 = 00                  A:00 X:07 Y:04 P:24 SP:FF PPU: NOT IMPLEMENTED YET
C037  CA        DEX                             A:00 X:07 Y:04 P:24 SP:FF PPU: NOT IMPLEMENTED YET
C038  D0 FA     BNE $C034                       A:00 X:06 Y:04 P:24 SP:FF PPU: NOT IMPLEMENTED YET
C034  8D 07 20  STA $2007 = 00                  A:00 X:06 Y:04 P:24 SP:FF PPU: NOT IMPLEMENTED YET
C037  CA        DEX                             A:00 X:06 Y:04 P:24 SP:FF PPU: NOT IMPLEMENTED YET
C038  D0 FA     BNE $C034                       A:00 X:05 Y:04 P:24 SP:FF PPU: NOT IMPLEMENTED YET
C034  8D 07 20  STA $2007 = 00                  A:00 X:05 Y:04 P:24 SP:FF PPU: NOT IMPLEMENTED YET
C037  CA        DEX                             A:00 X:05 Y:04 P:24 SP:FF PPU: NOT IMPLEMENTED YET
C038  D0 FA     BNE $C034                       A:00 X:04 Y:04 P:24 SP:FF PPU: NOT IMPLEMENTED YET
C034  8D 07 20  STA $2007 = 00                  A:00 X:04 Y:04 P:24 SP:FF PPU: NOT IMPLEMENTED YET
C037  CA        DEX                             A:00 X:04 Y:04 P:24 SP:FF PPU: NOT IMPLEMENTED YET
C038  D0 FA     BNE $C034                       A:00 X:03 Y:04 P:24 SP:FF PPU: NOT IMPLEMENTED YET
C034  8D 07 20  STA $2007 = 00                  A:00 X:03 Y:04 P:24 SP:FF PPU: NOT IMPLEMENTED YET
C037  CA        DEX                             A:00 X:03 Y:04 P:24 SP:FF PPU: NOT IMPLEMENTED YET
C038  D0 FA     BNE $C034                       A:00 X:02 Y:04 P:24 SP:FF PPU: NOT IMPLEMENTED YET
C034  8D 07 20  STA $2007 = 00                  A:00 X:02 Y:04 P:24 SP:FF PPU: NOT IMPLEMENTED YET
C037  CA        DEX                             A:00 X:02 Y:04 P:24 SP:FF PPU: NOT IMPLEMENTED YET
C038  D0 FA     BNE $C034                       A:00 X:01 Y:04 P:24 SP:FF PPU: NOT IMPLEMENTED YET
C034  8D 07 20  STA $2007 = 00                  A:00 X:01 Y:04 P:24 SP:FF PPU: NOT IMPLEMENTED YET
C037  CA        DEX                             A:00 X:01 Y:04 P:24 SP:FF PPU: NOT IMPLEMENTED YET
C038  D0 FA     BNE $C034                       A:00 X:00 Y:04 P:26 SP:FF PPU: NOT IMPLEMENTED YET
C03A  88        DEY                             A:00 X:00 Y:04 P:26 SP:FF PPU: NOT IMPLEMENTED YET
C03B  D0 F7     BNE $C034                       A:00 X:00 Y:03 P:24 SP:FF PPU: NOT IMPLEMENTED YET
C034  8D 07 20  STA $2007 = 00                  A:00 X:00 Y:03 P:24 SP:FF PPU: NOT IMPLEMENTED YET
C037  CA        DEX                             A:00 X:00 Y:03 P:24 SP:FF PPU: NOT IMPLEMENTED YET
C038  D0 FA     BNE $C034                       A:00 X:FF Y:03 P:A4 SP:FF PPU: NOT IMPLEMENTED YET
C034  8D 07 20  STA $2007 = 00                  A:00 X:FF Y:03 P:A4 SP:FF PPU: NOT IMPLEMENTED YET
C037  CA        DEX                             A:00 X:FF Y:03 P:A4 SP:FF PPU: NOT IMPLEMENTED YET
C038  D0 FA     BNE $C034                       A:00 X:FE Y:03 P:A4 SP:FF PPU: NOT IMPLEMENTED YET
C034  8D 07 20  STA $2007 = 00                  A:00 X:FE Y:03 P:A4 SP:FF PPU: NOT IMPLEMENTED YET
C037  CA        DEX                             A:00 X:FE Y:03 P:A4 SP:FF PPU: NOT IMPLEMENTED YET
C038  D0 FA     BNE $C034                       A:00 X:FD Y:03 P:A4 SP:FF PPU: NOT IMPLEMENTED YET
C034  8D 07 20  STA $2007 = 00                  A:00 X:FD Y:03 P:A4 SP:FF PPU: NOT IMPLEMENTED YET
C037  CA        DEX                             A:00 X:FD Y:03 P:A4 SP:FF PPU: NOT IMPLEMENTED YET
C038  D0 FA     BNE $C034                       A:00 X:FC Y:03 P:A4 SP:FF PPU: NOT IMPLEMENTED YET
C034  8D 07 20  STA $2007 = 00                  A:00 X:FC Y:03 P:A4 SP:FF PPU: NOT IMPLEMENTED YET
C037  CA        DEX                             A:00 X:FC Y:03 P:A4 SP:FF PPU: NOT IMPLEMENTED YET
C038  D0 FA     BNE $C034                       A:00 X:FB Y:03 P:A4 SP:FF PPU: NOT IMPLEMENTED YET
C034  8D 07 20  STA $2007 = 00                  A:00 X:FB Y:03 P:A4 SP:FF PPU: NOT IMPLEMENTED YET
C037  CA        DEX                             A:00 X:FB Y:03 P:A4 SP:FF PPU: NOT IMPLEMENTED YET
C038  D0 FA     BNE $C034                       A:00 X:FA Y:03 P:A4 SP:FF PPU: NOT IMPLEMENTED YET
C034  8D 07 20  STA $2007 = 00                  A:00 X:FA Y:03 P:A4 SP:FF PPU: NOT IMPLEMENTED YET
C037  CA        DEX                             A:00 X:FA Y:03 P:A4 SP:FF PPU: NOT IMPLEMENTED YET
C038  D0 FA     BNE $C034                       A:00 X:F9 Y:03 P:A4 SP:FF PPU: NOT IMPLEMENTED YET
C034  8D 07 20  STA $2007 = 00                  A:00 X:F9 Y:03 P:A4 SP:FF PPU: NOT IMPLEMENTED YET
C037  CA        DEX                             A:00 X:F9 Y:03 P:A4 SP:FF PPU: NOT IMPLEMENTED YET
C038  D0 FA     BNE $C034                       A:00 X:F8 Y:03 P:A4 SP:FF PPU: NOT IMPLEMENTED YET
C034  8D 07 20  STA $2007 = 00                  A:00 X:F8 Y:03 P:A4 SP:FF PPU: NOT IMPLEMENTED YET
C037  CA        DEX                             A:00 X:F8 Y:03 P:A4 SP:FF PPU: NOT IMPLEMENTED YET
C038  D0 FA     BNE $C034                       A:00 X:F7 Y:03 P:A4 SP:FF PPU: NOT IMPLEMENTED YET
C034  8D 07 20  STA $2007 = 00                  A:00 X:F7 Y:03 P:A4 SP:FF PPU: NOT IMPLEMENTED YET
C037  CA        DEX                             A:00 X:F7 Y:03 P:A4 SP:FF PPU: NOT IMPLEMENTED YET
C038  D0 FA     BNE $C034                       A:00 X:F6 Y:03 P:A4 SP:FF PPU: NOT IMPLEMENTED YET
C034  8D 07 20  STA $2007 = 00                  A:00 X:F6 Y:03 P:A4 SP:FF PPU: NOT IMPLEMENTED YET
C037  CA        DEX                             A:00 X:F6 Y:03 P:A4 SP:FF PPU: NOT IMPLEMENTED YET
C038  D0 FA     BNE $C034                       A:00 X:F5 Y:03 P:A4 SP:FF PPU: NOT IMPLEMENTED YET
C034  8D 07 20  STA $2007 = 00                  A:00 X:F5 Y:03 P:A4 SP:FF PPU: NOT IMPLEMENTED YET
C037  CA        DEX                             A:00 X:F5 Y:03 P:A4 SP:FF PPU: NOT IMPLEMENTED YET
C038  D0 FA     BNE $C034                       A:00 X:F4 Y:03 P:A4 SP:FF PPU: NOT IMPLEMENTED YET
C034  8D 07 20  STA $2007 = 00                  A:00 X:F4 Y:03 P:A4 SP:FF PPU: NOT IMPLEMENTED YET
C037  CA        DEX                             A:00 X:F4 Y:03 P:A4 SP:FF PPU: NOT IMPLEMENTED YET
C038  D0 FA     BNE $C034                       A:00 X:F3 Y:03 P:A4 SP:FF PPU: NOT IMPLEMENTED YET
C034  8D 07 20  STA $2007 = 00                  A:00 X:F3 Y:03 P:A4 SP:FF PPU: NOT IMPLEMENTED YET
C037  CA        DEX                             A:00 X:F3 Y:03 P:A4 SP:FF PPU: NOT IMPLEMENTED YET
C038  D0 FA     BNE $C034                       A:00 X:F2 Y:03 P:A4 SP:FF PPU: NOT IMPLEMENTED YET
C034  8D 07 20  STA $2007 = 00                  A:00 X:F2 Y:03 P:A4 SP:FF PPU: NOT IMPLEMENTED YET
C037  CA        DEX                             A:00 X:F2 Y:03 P:A4 SP:FF PPU: NOT IMPLEMENTED YET
C038  D0 FA     BNE $C034                       A:00 X:F1 Y:03 P:A4 SP:FF PPU: NOT IMPLEMENTED YET
C034  8D 07 20  STA $2007 = 00                  A:00 X:F1 Y:03 P:A4 SP:FF PPU: NOT IMPLEMENTED YET
C037  CA        DEX                             A:00 X:F1 Y:03 P:A4 SP:FF PPU: NOT IMPLEMENTED YET
C038  D0 FA     BNE $C034                       A:00 X:F0 Y:03 P:A4 SP:FF PPU: NOT IMPLEMENTED YET
C034  8D 07 20  STA $2007 = 00                  A:00 X:F0 Y:03 P:A4 SP:FF PPU: NOT IMPLEMENTED YET
C037  CA        DEX                             A:00 X:F0 Y:03 P:A4 SP:FF PPU: NOT IMPLEMENTED YET
C038  D0 FA     BNE $C034                       A:00 X:EF Y:03 P:A4 SP:FF PPU: NOT IMPLEMENTED YET
C034  8D 07 20  STA $2007 = 00                  A:00 X:EF Y:03 P:A4 SP:FF PPU: NOT IMPLEMENTED YET
C037  CA        DEX                             A:00 X:EF Y:03 P:A4 SP:FF PPU: NOT IMPLEMENTED YET
C038  D0 FA     BNE $C034                       A:00 X:EE Y:03 P:A4 SP:FF PPU: NOT IMPLEMENTED YET
C034  8D 07 20  STA $2007 = 00                  A:00 X:EE Y:03 P:A4 SP:FF PPU: NOT IMPLEMENTED YET
C037  CA        DEX                             A:00 X:EE Y:03 P:A4 SP:FF PPU: NOT IMPLEMENTED YET
C038  D0 FA     BNE $C034                       A:00 X:ED Y:03 P:A4 SP:FF PPU: NOT IMPLEMENTED YET
C034  8D 07 20  STA $2007 = 00                  A:00 X:ED Y:03 P:A4 SP:FF PPU: NOT IMPLEMENTED YET
C037  CA        DEX                             A:00 X:ED Y:03 P:A4 SP:FF PPU: NOT IMPLEMENTED YET
C038  D0 FA     BNE $C034                       A:00 X:EC Y:03 P:A4 SP:FF PPU: NOT IMPLEMENTED YET
C034  8D 07 20  STA $2007 = 00                  A:00 X:EC Y:03 P:A4 SP:FF PPU: NOT IMPLEMENTED YET
C037  CA        DEX                             A:00 X:EC Y:03 P:A4 SP:FF PPU: NOT IMPLEMENTED YET
C038  D0 FA     BNE $C034                       A:00 X:EB Y:03 P:A4 SP:FF PPU: NOT IMPLEMENTED YET
C034  8D 07 20  STA $2007 = 00                  A:00 X:EB Y:03 P:A4 SP:FF PPU: NOT IMPLEMENTED YET
C037  CA        DEX                             A:00 X:EB Y:03 P:A4 SP:FF PPU: NOT IMPLEMENTED YET
C038  D0 FA     BNE $C034                       A:00 X:EA Y:03 P:A4 SP:FF PPU: NOT IMPLEMENTED YET
C034  8D 07 20  STA $2007 = 00                  A:00 X:EA Y:03 P:A4 SP:FF PPU: NOT IMPLEMENTED YET
C037  CA        DEX                             A:00 X:EA Y:03 P:A4 SP:FF PPU: NOT IMPLEMENTED YET
C038  D0 FA     BNE $C034                       A:00 X:E9 Y:03 P:A4 SP:FF PPU: NOT IMPLEMENTED YET
C034  8D 07 20  STA $2007 = 00                  A:00 X:E9 Y:03 P:A4 SP:FF PPU: NOT IMPLEMENTED YET
C037  CA        DEX                             A:00 X:E9 Y:03 P:A4 SP:FF PPU: NOT IMPLEMENTED YET
C038  D0 FA     BNE $C034                       A:00 X:E8 Y:03 P:A4 SP:FF PPU: NOT IMPLEMENTED YET
C034  8D 07 20  STA $2007 = 00                  A:00 X:E8 Y:03 P:A4 SP:FF PPU: NOT IMPLEMENTED YET
C037  CA        DEX                             A:00 X:E8 Y:03 P:A4 SP:FF PPU: NOT IMPLEMENTED YET
C038  D0 FA     BNE $C034                       A:00 X:E7 Y:03 P:A4 SP:FF PPU: NOT IMPLEMENTED YET
C034  8D 07 20  STA $2007 = 00                  A:00 X:E7 Y:03 P:A4 SP:FF PPU: NOT IMPLEMENTED YET
C037  CA        DEX                             A:00 X:E7 Y:03 P:A4 SP:FF PPU: NOT IMPLEMENTED YET
C038  D0 FA     BNE $C034                       A:00 X:E6 Y:03 P:A4 SP:FF PPU: NOT IMPLEMENTED YET
C034  8D 07 20  STA $2007 = 00                  A:00 X:E6 Y:03 P:A4 SP:FF PPU: NOT IMPLEMENTED YET
C037  CA        DEX                             A:00 X:E6 Y:03 P:A4 SP:FF PPU: NOT IMPLEMENTED YET
C038  D0 FA     BNE $C034                       A:00 X:E5 Y:03 P:A4 SP:FF PPU: NOT IMPLEMENTED YET
C034  8D 07 20  STA $2007 = 00                  A:00 X:E5 Y:03 P:A4 SP:FF PPU: NOT IMPLEMENTED YET
C037  CA        DEX                             A:00 X:E5 Y:03 P:A4 SP:FF PPU: NOT IMPLEMENTED YET
C038  D0 FA     BNE $C034                       A:00 X:E4 Y:03 P:A4 SP:FF PPU: NOT IMPLEMENTED YET
C034  8D 07 20  STA $2007 = 00                  A:00 X:E4 Y:03 P:A4 SP:FF PPU: NOT IMPLEMENTED YET
C037  CA        DEX                             A:00 X:E4 Y:03 P:A4 SP:FF PPU: NOT IMPLEMENTED YET
C038  D0 FA     BNE $C034                       A:00 X:E3 Y:03 P:A4 SP:FF PPU: NOT IMPLEMENTED YET
C034  8D 07 20  STA $2007 = 00                  A:00 X:E3 Y:03 P:A4 SP:FF PPU: NOT IMPLEMENTED YET
C037  CA        DEX                             A:00 X:E3 Y:03 P:A4 SP:FF PPU: NOT IMPLEMENTED YET
C038  D0 FA     BNE $C034                       A:00 X:E2 Y:03 P:A4 SP:FF PPU: NOT IMPLEMENTED YET
C034  8D 07 20  STA $2007 = 00                  A:00 X:E2 Y:03 P:A4 SP:FF PPU: NOT IMPLEMENTED YET
C037  CA        DEX                             A:00 X:E2 Y:03 P:A4 SP:FF PPU: NOT IMPLEMENTED YET
C038  D0 FA     BNE $C034                       A:00 X:E1 Y:03 P:A4 SP:FF PPU: NOT IMPLEMENTED YET
C034  8D 07 20  STA $2007 = 00                  A:00 X:E1 Y:03 P:A4 SP:FF PPU: NOT IMPLEMENTED YET
C037  CA        DEX                             A:00 X:E1 Y:03 P:A4 SP:FF PPU: NOT IMPLEMENTED YET
C038  D0 FA     BNE $C034                       A:00 X:E0 Y:03 P:A4 SP:FF PPU: NOT IMPLEMENTED YET
C034  8D 07 20  STA $2007 = 00                  A:00 X:E0 Y:03 P:A4 SP:FF PPU: NOT IMPLEMENTED YET
C037  CA        DEX                             A:00 X:E0 Y:03 P:A4 SP:FF PPU: NOT IMPLEMENTED YET
C038  D0 FA     BNE $C034                       A:00 X:DF Y:03 P:A4 SP:FF PPU: NOT IMPLEMENTED YET
C034  8D 07 20  STA $2007 = 00                  A:00 X:DF Y:03 P:A4 SP:FF PPU: NOT IMPLEMENTED YET
C037  CA        DEX                             A:00 X:DF Y:03 P:A4 SP:FF PPU: NOT IMPLEMENTED YET
C038  D0 FA     BNE $C034                       A:00 X:DE Y:03 P:A4 SP:FF PPU: NOT IMPLEMENTED YET
C034  8D 07 20  STA $2007 = 00                  A:00 X:DE Y:03 P:A4 SP:FF PPU: NOT IMPLEMENTED YET
C037  CA        DEX                             A:00 X:DE Y:03 P:A4 SP:FF PPU: NOT IMPLEMENTED YET
C038  D0 FA     BNE $C034                       A:00 X:DD Y:03 P:A4 SP:FF PPU: NOT IMPLEMENTED YET
C034  8D 07 20  STA $2007 = 00                  A:00 X:DD Y:03 P:A4 SP:FF PPU: NOT IMPLEMENTED YET
C037  CA        DEX                             A:00 X:DD Y:03 P:A4 SP:FF PPU: NOT IMPLEMENTED YET
C038  D0 FA     BNE $C034                       A:00 X:DC Y:03 P:A4 SP:FF PPU: NOT IMPLEMENTED YET
C034  8D 07 20  STA $2007 = 00                  A:00 X:DC Y:03 P:A4 SP:FF PPU: NOT IMPLEMENTED YET
C037  CA        DEX                             A:00 X:DC Y:03 P:A4 SP:FF PPU: NOT IMPLEMENTED YET
C038  D0 FA     BNE $C034                       A:00 X:DB Y:03 P:A4 SP:FF PPU: NOT IMPLEMENTED YET
C034  8D 07 20  STA $2007 = 00                  A:00 X:DB Y:03 P:A4 SP:FF PPU: NOT IMPLEMENTED YET
C037  CA        DEX                             A:00 X:DB Y:03 P:A4 SP:FF PPU: NOT IMPLEMENTED YET
C038  D0 FA     BNE $C034                       A:00 X:DA Y:03 P:A4 SP:FF PPU: NOT IMPLEMENTED YET
C034  8D 07 20  STA $2007 = 00                  A:00 X:DA Y:03 P:A4 SP:FF PPU: NOT IMPLEMENTED YET
C037  CA        DEX                             A:00 X:DA Y:03 P:A4 SP:FF PPU: NOT IMPLEMENTED YET
C038  D0 FA     BNE $C034                       A:00 X:D9 Y:03 P:A4 SP:FF PPU: NOT IMPLEMENTED YET
C034  8D 07 20  STA $2007 = 00                  A:00 X:D9 Y:03 P:A4 SP:FF PPU: NOT IMPLEMENTED YET
C037  CA        DEX                             A:00 X:D9 Y:03 P:A4 SP:FF PPU: NOT IMPLEMENTED YET
C038  D0 FA     BNE $C034                       A:00 X:D8 Y:03 P:A4 SP:FF PPU: NOT IMPLEMENTED YET
C034  8D 07 20  STA $2007 = 00                  A:00 X:D8 Y:03 P:A4 SP:FF PPU: NOT IMPLEMENTED YET
C037  CA        DEX                             A:00 X:D8 Y:03 P:A4 SP:FF PPU: NOT IMPLEMENTED YET
C038  D0 FA     BNE $C034                       A:00 X:D7 Y:03 P:A4 SP:FF PPU: NOT IMPLEMENTED YET
C034  8D 07 20  STA $2007 = 00                  A:00 X:D7 Y:03 P:A4 SP:FF PPU: NOT IMPLEMENTED YET
C037  CA        DEX                             A:00 X:D7 Y:03 P:A4 SP:FF PPU: NOT IMPLEMENTED YET
C038  D0 FA     BNE $C034                       A:00 X:D6 Y:03 P:A4 SP:FF PPU: NOT IMPLEMENTED YET
C034  8D 07 20  STA $2007 = 00                  A:00 X:D6 Y:03 P:A4 SP:FF PPU: NOT IMPLEMENTED YET
C037  CA        DEX                             A:00 X:D6 Y:03 P:A4 SP:FF PPU: NOT IMPLEMENTED YET
C038  D0 FA     BNE $C034                       A:00 X:D5 Y:03 P:A4 SP:FF PPU: NOT IMPLEMENTED YET
C034  8D 07 20  STA $2007 = 00                  A:00 X:D5 Y:03 P:A4 SP:FF PPU: NOT IMPLEMENTED YET
C037  CA        DEX                             A:00 X:D5 Y:03 P:A4 SP:FF PPU: NOT IMPLEMENTED YET
C038  D0 FA     BNE $C034                       A:00 X:D4 Y:03 P:A4 SP:FF PPU: NOT IMPLEMENTED YET
C034  8D 07 20  STA $2007 = 00                  A:00 X:D4 Y:03 P:A4 SP:FF PPU: NOT IMPLEMENTED YET
C037  CA        DEX                             A:00 X:D4 Y:03 P:A4 SP:FF PPU: NOT IMPLEMENTED YET
C038  D0 FA     BNE $C034                       A:00 X:D3 Y:03 P:A4 SP:FF PPU: NOT IMPLEMENTED YET
C034  8D 07 20  STA $2007 = 00                  A:00 X:D3 Y:03 P:A4 SP:FF PPU: NOT IMPLEMENTED YET
C037  CA        DEX                             A:00 X:D3 Y:03 P:A4 SP:FF PPU: NOT IMPLEMENTED YET
C038  D0 FA     BNE $C034                       A:00 X:D2 Y:03 P:A4 SP:FF PPU: NOT IMPLEMENTED YET
C034  8D 07 20  STA $2007 = 00                  A:00 X:D2 Y:03 P:A4 SP:FF PPU: NOT IMPLEMENTED YET
C037  CA        DEX                             A:00 X:D2 Y:03 P:A4 SP:FF PPU: NOT IMPLEMENTED YET
C038  D0 FA     BNE $C034                       A:00 X:D1 Y:03 P:A4 SP:FF PPU: NOT IMPLEMENTED YET
C034  8D 07 20  STA $2007 = 00                  A:00 X:D1 Y:03 P:A4 SP:FF PPU: NOT IMPLEMENTED YET
C037  CA        DEX                             A:00 X:D1 Y:03 P:A4 SP:FF PPU: NOT IMPLEMENTED YET
C038  D0 FA     BNE $C034                       A:00 X:D0 Y:03 P:A4 SP:FF PPU: NOT IMPLEMENTED YET
C034  8D 07 20  STA $2007 = 00                  A:00 X:D0 Y:03 P:A4 SP:FF PPU: NOT IMPLEMENTED YET
C037  CA        DEX                             A:00 X:D0 Y:03 P:A4 SP:FF PPU: NOT IMPLEMENTED YET
C038  D0 FA     BNE $C034                       A:00 X:CF Y:03 P:A4 SP:FF PPU: NOT IMPLEMENTED YET
C034  8D 07 20  STA $2007 = 00                  A:00 X:CF Y:03 P:A4 SP:FF PPU: NOT IMPLEMENTED YET
C037  CA        DEX                             A:00 X:CF Y:03 P:A4 SP:FF PPU: NOT IMPLEMENTED YET
C038  D0 FA     BNE $C034                       A:00 X:CE Y:03 P:A4 SP:FF PPU: NOT IMPLEMENTED YET
C034  8D 07 20  STA $2007 = 00                  A:00 X:CE Y:03 P:A4 SP:FF PPU: NOT IMPLEMENTED YET
C037  CA        DEX                             A:00 X:CE Y:03 P:A4 SP:FF PPU: NOT IMPLEMENTED YET
C038  D0 FA     BNE $C034                       A:00 X:CD Y:03 P:A4 SP:FF PPU: NOT IMPLEMENTED YET
C034  8D 07 20  STA $2007 = 00                  A:00 X:CD Y:03 P:A4 SP:FF PPU: NOT IMPLEMENTED YET
C037  CA        DEX                             A:00 X:CD Y:03 P:A4 SP:FF PPU: NOT IMPLEMENTED YET
C038  D0 FA     BNE $C034                       A:00 X:CC Y:03 P:A4 SP:FF PPU: NOT IMPLEMENTED YET
C034  8D 07 20  STA $2007 = 00                  A:00 X:CC Y:03 P:A4 SP:FF PPU: NOT IMPLEMENTED YET
C037  CA        DEX                             A:00 X:CC Y:03 P:A4 SP:FF PPU: NOT IMPLEMENTED YET
C038  D0 FA     BNE $C034                       A:00 X:CB Y:03 P:A4 SP:FF PPU: NOT IMPLEMENTED YET
C034  8D 07 20  STA $2007 = 00                  A:00 X:CB Y:03 P:A4 SP:FF PPU: NOT IMPLEMENTED YET
C037  CA        DEX                             A:00 X:CB Y:03 P:A4 SP:FF PPU: NOT IMPLEMENTED YET
C038  D0 FA     BNE $C034                       A:00 X:CA Y:03 P:A4 SP:FF PPU: NOT IMPLEMENTED YET
C034  8D 07 20  STA $2007 = 00                  A:00 X:CA Y:03 P:A4 SP:FF PPU: NOT IMPLEMENTED YET
C037  CA        DEX                             A:00 X:CA Y:03 P:A4 SP:FF PPU: NOT IMPLEMENTED YET
C038  D0 FA     BNE $C034                       A:00 X:C9 Y:03 P:A4 SP:FF PPU: NOT IMPLEMENTED YET
C034  8D 07 20  STA $2007 = 00                  A:00 X:C9 Y:03 P:A4 SP:FF PPU: NOT IMPLEMENTED YET
C037  CA        DEX                             A:00 X:C9 Y:03 P:A4 SP:FF PPU: NOT IMPLEMENTED YET
C038  D0 FA     BNE $C034                       A:00 X:C8 Y:03 P:A4 SP:FF PPU: NOT IMPLEMENTED YET
C034  8D 07 20  STA $2007 = 00                  A:00 X:C8 Y:03 P:A4 SP:FF PPU: NOT IMPLEMENTED YET
C037  CA        DEX                             A:00 X:C8 Y:03 P:A4 SP:FF PPU: NOT IMPLEMENTED YET
C038  D0 FA     BNE $C034                       A:00 X:C7 Y:03 P:A4 SP:FF PPU: NOT IMPLEMENTED YET
C034  8D 07 20  STA $2007 = 00                  A:00 X:C7 Y:03 P:A4 SP:FF PPU: NOT IMPLEMENTED YET
C037  CA        DEX                             A:00 X:C7 Y:03 P:A4 SP:FF PPU: NOT IMPLEMENTED YET
C038  D0 FA     BNE $C034                       A:00 X:C6 Y:03 P:A4 SP:FF PPU: NOT IMPLEMENTED YET
C034  8D 07 20  STA $2007 = 00                  A:00 X:C6 Y:03 P:A4 SP:FF PPU: NOT IMPLEMENTED YET
C037  CA        DEX                             A:00 X:C6 Y:03 P:A4 SP:FF PPU: NOT IMPLEMENTED YET
C038  D0 FA     BNE $C034                       A:00 X:C5 Y:03 P:A4 SP:FF PPU: NOT IMPLEMENTED YET
C034  8D 07 20  STA $2007 = 00                  A:00 X:C5 Y:03 P:A4 SP:FF PPU: NOT IMPLEMENTED YET
C037  CA        DEX                             A:00 X:C5 Y:03 P:A4 SP:FF PPU: NOT IMPLEMENTED YET
C038  D0 FA     BNE $C034                       A:00 X:C4 Y:03 P:A4 SP:FF PPU: NOT IMPLEMENTED YET
C034  8D 07 20  STA $2007 = 00                  A:00 X:C4 Y:03 P:A4 SP:FF PPU: NOT IMPLEMENTED YET
C037  CA        DEX                             A:00 X:C4 Y:03 P:A4 SP:FF PPU: NOT IMPLEMENTED YET
C038  D0 FA     BNE $C034                       A:00 X:C3 Y:03 P:A4 SP:FF PPU: NOT IMPLEMENTED YET
C034  8D 07 20  STA $2007 = 00                  A:00 X:C3 Y:03 P:A4 SP:FF PPU: NOT IMPLEMENTED YET
C037  CA        DEX                             A:00 X:C3 Y:03 P:A4 SP:FF PPU: NOT IMPLEMENTED YET
C038  D0 FA     BNE $C034                       A:00 X:C2 Y:03 P:A4 SP:FF PPU: NOT IMPLEMENTED YET
C034  8D 07 20  STA $2007 = 00                  A:00 X:C2 Y:03 P:A4 SP:FF PPU: NOT IMPLEMENTED YET
C037  CA        DEX                             A:00 X:C2 Y:03 P:A4 SP:FF PPU: NOT IMPLEMENTED YET
C038  D0 FA     BNE $C034                       A:00 X:C1 Y:03 P:A4 SP:FF PPU: NOT IMPLEMENTED YET
C034  8D 07 20  STA $2007 = 00                  A:00 X:C1 Y:03 P:A4 SP:FF PPU: NOT IMPLEMENTED YET
C037  CA        DEX                             A:00 X:C1 Y:03 P:A4 SP:FF PPU: NOT IMPLEMENTED YET
C038  D0 FA     BNE $C034                       A:00 X:C0 Y:03 P:A4 SP:FF PPU: NOT IMPLEMENTED YET
C034  8D 07 20  STA $2007 = 00                  A:00 X:C0 Y:03 P:A4 SP:FF PPU: NOT IMPLEMENTED YET
C037  CA        DEX                             A:00 X:C0 Y:03 P:A4 SP:FF PPU: NOT IMPLEMENTED YET
C038  D0 FA     BNE $C034                       A:00 X:BF Y:03 P:A4 SP:FF PPU: NOT IMPLEMENTED YET
C034  8D 07 20  STA $2007 = 00                  A:00 X:BF Y:03 P:A4 SP:FF PPU: NOT IMPLEMENTED YET
C037  CA        DEX                             A:00 X:BF Y:03 P:A4 SP:FF PPU: NOT IMPLEMENTED YET
C038  D0 FA     BNE $C034                       A:00 X:BE Y:03 P:A4 SP:FF PPU: NOT IMPLEMENTED YET
C034  8D 07 20  STA $2007 = 00                  A:00 X:BE Y:03 P:A4 SP:FF PPU: NOT IMPLEMENTED YET
C037  CA        DEX                             A:00 X:BE Y:03 P:A4 SP:FF PPU: NOT IMPLEMENTED YET
C038  D0 FA     BNE $C034                       A:00 X:BD Y:03 P:A4 SP:FF PPU: NOT IMPLEMENTED YET
C034  8D 07 20  STA $2007 = 00                  A:00 X:BD Y:03 P:A4 SP:FF PPU: NOT IMPLEMENTED YET
C037  CA        DEX                             A:00 X:BD Y:03 P:A4 SP:FF PPU: NOT IMPLEMENTED YET
C038  D0 FA     BNE $C034                       A:00 X:BC Y:03 P:A4 SP:FF PPU: NOT IMPLEMENTED YET
C034  8D 07 20  STA $2007 = 00                  A:00 X:BC Y:03 P:A4 SP:FF PPU: NOT IMPLEMENTED YET
C037  CA        DEX                             A:00 X:BC Y:03 P:A4 SP:FF PPU: NOT IMPLEMENTED YET
C038  D0 FA     BNE $C034                       A:00 X:BB Y:03 P:A4 SP:FF PPU: NOT IMPLEMENTED YET
C034  8D 07 20  STA $2007 = 00                  A:00 X:BB Y:03 P:A4 SP:FF PPU: NOT IMPLEMENTED YET
C037  CA        DEX                             A:00 X:BB Y:03 P:A4 SP:FF PPU: NOT IMPLEMENTED YET
C038  D0 FA     BNE $C034                       A:00 X:BA Y:03 P:A4 SP:FF PPU: NOT IMPLEMENTED YET
C034  8D 07 20  STA $2007 = 00                  A:00 X:BA Y:03 P:A4 SP:FF PPU: NOT IMPLEMENTED YET
C037  CA        DEX                             A:00 X:BA Y:03 P:A4 SP:FF PPU: NOT IMPLEMENTED YET
C038  D0 FA     BNE $C034                       A:00 X:B9 Y:03 P:A4 SP:FF PPU: NOT IMPLEMENTED YET
C034  8D 07 20  STA $2007 = 00                  A:00 X:B9 Y:03 P:A4 SP:FF PPU: NOT IMPLEMENTED YET
C037  CA        DEX                             A:00 X:B9 Y:03 P:A4 SP:FF PPU: NOT IMPLEMENTED YET
C038  D0 FA     BNE $C034                       A:00 X:B8 Y:03 P:A4 SP:FF PPU: NOT IMPLEMENTED YET
C034  8D 07 20  STA $2007 = 00                  A:00 X:B8 Y:03 P:A4 SP:FF PPU: NOT IMPLEMENTED YET
C037  CA        DEX                             A:00 X:B8 Y:03 P:A4 SP:FF PPU: NOT IMPLEMENTED YET
C038  D0 FA     BNE $C034                       A:00 X:B7 Y:03 P:A4 SP:FF PPU: NOT IMPLEMENTED YET
C034  8D 07 20  STA $2007 = 00                  A:00 X:B7 Y:03 P:A4 SP:FF PPU: NOT IMPLEMENTED YET
C037  CA        DEX                             A:00 X:B7 Y:03 P:A4 SP:FF PPU: NOT IMPLEMENTED YET
C038  D0 FA     BNE $C034                       A:00 X:B6 Y:03 P:A4 SP:FF PPU: NOT IMPLEMENTED YET
C034  8D 07 20  STA $2007 = 00                  A:00 X:B6 Y:03 P:A4 SP:FF PPU: NOT IMPLEMENTED YET
C037  CA        DEX                             A:00 X:B6 Y:03 P:A4 SP:FF PPU: NOT IMPLEMENTED YET
C038  D0 FA     BNE $C034                       A:00 X:B5 Y:03 P:A4 SP:FF PPU: NOT IMPLEMENTED YET
C034  8D 07 20  STA $2007 = 00                  A:00 X:B5 Y:03 P:A4 SP:FF PPU: NOT IMPLEMENTED YET
C037  CA        DEX                             A:00 X:B5 Y:03 P:A4 SP:FF PPU: NOT IMPLEMENTED YET
C038  D0 FA     BNE $C034                       A:00 X:B4 Y:03 P:A4 SP:FF PPU: NOT IMPLEMENTED YET
C034  8D 07 20  STA $2007 = 00                  A:00 X:B4 Y:03 P:A4 SP:FF PPU: NOT IMPLEMENTED YET
C037  CA        DEX                             A:00 X:B4 Y:03 P:A4 SP:FF PPU: NOT IMPLEMENTED YET
C038  D0 FA     BNE $C034                       A:00 X:B3 Y:03 P:A4 SP:FF PPU: NOT IMPLEMENTED YET
C034  8D 07 20  STA $2007 = 00                  A:00 X:B3 Y:03 P:A4 SP:FF PPU: NOT IMPLEMENTED YET
C037  CA        DEX                             A:00 X:B3 Y:03 P:A4 SP:FF PPU: NOT IMPLEMENTED YET
C038  D0 FA     BNE $C034                       A:00 X:B2 Y:03 P:A4 SP:FF PPU: NOT IMPLEMENTED YET
C034  8D 07 20  STA $2007 = 00                  A:00 X:B2 Y:03 P:A4 SP:FF PPU: NOT IMPLEMENTED YET
C037  CA        DEX                             A:00 X:B2 Y:03 P:A4 SP:FF PPU: NOT IMPLEMENTED YET
C038  D0 FA     BNE $C034                       A:00 X:B1 Y:03 P:A4 SP:FF PPU: NOT IMPLEMENTED YET
C034  8D 07 20  STA $2007 = 00                  A:00 X:B1 Y:03 P:A4 SP:FF PPU: NOT IMPLEMENTED YET
C037  CA        DEX                             A:00 X:B1 Y:03 P:A4 SP:FF PPU: NOT IMPLEMENTED YET
C038  D0 FA     BNE $C034                       A:00 X:B0 Y:03 P:A4 SP:FF PPU: NOT IMPLEMENTED YET
C034  8D 07 20  STA $2007 = 00                  A:00 X:B0 Y:03 P:A4 SP:FF PPU: NOT IMPLEMENTED YET
C037  CA        DEX                             A:00 X:B0 Y:03 P:A4 SP:FF PPU: NOT IMPLEMENTED YET
C038  D0 FA     BNE $C034                       A:00 X:AF Y:03 P:A4 SP:FF PPU: NOT IMPLEMENTED YET
C034  8D 07 20  STA $2007 = 00                  A:00 X:AF Y:03 P:A4 SP:FF PPU: NOT IMPLEMENTED YET
C037  CA        DEX                             A:00 X:AF Y:03 P:A4 SP:FF PPU: NOT IMPLEMENTED YET
C038  D0 FA     BNE $C034                       A:00 X:AE Y:03 P:A4 SP:FF PPU: NOT IMPLEMENTED YET
C034  8D 07 20  STA $2007 = 00                  A:00 X:AE Y:03 P:A4 SP:FF PPU: NOT IMPLEMENTED YET
C037  CA        DEX                             A:00 X:AE Y:03 P:A4 SP:FF PPU: NOT IMPLEMENTED YET
C038  D0 FA     BNE $C034                       A:00 X:AD Y:03 P:A4 SP:FF PPU: NOT IMPLEMENTED YET
C034  8D 07 20  STA $2007 = 00                  A:00 X:AD Y:03 P:A4 SP:FF PPU: NOT IMPLEMENTED YET
C037  CA        DEX                             A:00 X:AD Y:03 P:A4 SP:FF PPU: NOT IMPLEMENTED YET
C038  D0 FA     BNE $C034                       A:00 X:AC Y:03 P:A4 SP:FF PPU: NOT IMPLEMENTED YET
C034  8D 07 20  STA $2007 = 00                  A:00 X:AC Y:03 P:A4 SP:FF PPU: NOT IMPLEMENTED YET
C037  CA        DEX                             A:00 X:AC Y:03 P:A4 SP:FF PPU: NOT IMPLEMENTED YET
C038  D0 FA     BNE $C034                       A:00 X:AB Y:03 P:A4 SP:FF PPU: NOT IMPLEMENTED YET
C034  8D 07 20  STA $2007 = 00                  A:00 X:AB Y:03 P:A4 SP:FF PPU: NOT IMPLEMENTED YET
C037  CA        DEX                             A:00 X:AB Y:03 P:A4 SP:FF PPU: NOT IMPLEMENTED YET
C038  D0 FA     BNE $C034                       A:00 X:AA Y:03 P:A4 SP:FF PPU: NOT IMPLEMENTED YET
C034  8D 07 20  STA $2007 = 00                  A:00 X:AA Y:03 P:A4 SP:FF PPU: NOT IMPLEMENTED YET
C037  CA        DEX                             A:00 X:AA Y:03 P:A4 SP:FF PPU: NOT IMPLEMENTED YET
C038  D0 FA     BNE $C034                       A:00 X:A9 Y:03 P:A4 SP:FF PPU: NOT IMPLEMENTED YET
C034  8D 07 20  STA $2007 = 00                  A:00 X:A9 Y:03 P:A4 SP:FF PPU: NOT IMPLEMENTED YET
C037  CA        DEX                             A:00 X:A9 Y:03 P:A4 SP:FF PPU: NOT IMPLEMENTED YET
C038  D0 FA     BNE $C034                       A:00 X:A8 Y:03 P:A4 SP:FF PPU: NOT IMPLEMENTED YET
C034  8D 07 20  STA $2007 = 00                  A:00 X:A8 Y:03 P:A4 SP:FF PPU: NOT IMPLEMENTED YET
C037  CA        DEX                             A:00 X:A8 Y:03 P:A4 SP:FF PPU: NOT IMPLEMENTED YET
C038  D0 FA     BNE $C034                       A:00 X:A7 Y:03 P:A4 SP:FF PPU: NOT IMPLEMENTED YET
C034  8D 07 20  STA $2007 = 00                  A:00 X:A7 Y:03 P:A4 SP:FF PPU: NOT IMPLEMENTED YET
C037  CA        DEX                             A:00 X:A7 Y:03 P:A4 SP:FF PPU: NOT IMPLEMENTED YET
C038  D0 FA     BNE $C034                       A:00 X:A6 Y:03 P:A4 SP:FF PPU: NOT IMPLEMENTED YET
C034  8D 07 20  STA $2007 = 00                  A:00 X:A6 Y:03 P:A4 SP:FF PPU: NOT IMPLEMENTED YET
C037  CA        DEX                             A:00 X:A6 Y:03 P:A4 SP:FF PPU: NOT IMPLEMENTED YET
C038  D0 FA     BNE $C034                       A:00 X:A5 Y:03 P:A4 SP:FF PPU: NOT IMPLEMENTED YET
C034  8D 07 20  STA $2007 = 00                  A:00 X:A5 Y:03 P:A4 SP:FF PPU: NOT IMPLEMENTED YET
C037  CA        DEX                             A:00 X:A5 Y:03 P:A4 SP:FF PPU: NOT IMPLEMENTED YET
C038  D0 FA     BNE $C034                       A:00 X:A4 Y:03 P:A4 SP:FF PPU: NOT IMPLEMENTED YET
C034  8D 07 20  STA $2007 = 00                  A:00 X:A4 Y:03 P:A4 SP:FF PPU: NOT IMPLEMENTED YET
C037  CA        DEX                             A:00 X:A4 Y:03 P:A4 SP:FF PPU: NOT IMPLEMENTED YET
C038  D0 FA     BNE $C034                       A:00 X:A3 Y:03 P:A4 SP:FF PPU: NOT IMPLEMENTED YET
C034  8D 07 20  STA $2007 = 00                  A:00 X:A3 Y:03 P:A4 SP:FF PPU: NOT IMPLEMENTED YET
C037  CA        DEX                             A:00 X:A3 Y:03 P:A4 SP:FF PPU: NOT IMPLEMENTED YET
C038  D0 FA     BNE $C034                       A:00 X:A2 Y:03 P:A4 SP:FF PPU: NOT IMPLEMENTED YET
C034  8D 07 20  STA $2007 = 00                  A:00 X:A2 Y:03 P:A4 SP:FF PPU: NOT IMPLEMENTED YET
C037  CA        DEX                             A:00 X:A2 Y:03 P:A4 SP:FF PPU: NOT IMPLEMENTED YET
C038  D0 FA     BNE $C034                       A:00 X:A1 Y:03 P:A4 SP:FF PPU: NOT IMPLEMENTED YET
C034  8D 07 20  STA $2007 = 00                  A:00 X:A1 Y:03 P:A4 SP:FF PPU: NOT IMPLEMENTED YET
C037  CA        DEX                             A:00 X:A1 Y:03 P:A4 SP:FF PPU: NOT IMPLEMENTED YET
C038  D0 FA     BNE $C034                       A:00 X:A0 Y:03 P:A4 SP:FF PPU: NOT IMPLEMENTED YET
C034  8D 07 20  STA $2007 = 00                  A:00 X:A0 Y:03 P:A4 SP:FF PPU: NOT IMPLEMENTED YET
C037  CA        DEX                             A:00 X:A0 Y:03 P:A4 SP:FF PPU: NOT IMPLEMENTED YET
C038  D0 FA     BNE $C034                       A:00 X:9F Y:03 P:A4 SP:FF PPU: NOT IMPLEMENTED YET
C034  8D 07 20  STA $2007 = 00                  A:00 X:9F Y:03 P:A4 SP:FF PPU: NOT IMPLEMENTED YET
C037  CA        DEX                             A:00 X:9F Y:03 P:A4 SP:FF PPU: NOT IMPLEMENTED YET
C038  D0 FA     BNE $C034                       A:00 X:9E Y:03 P:A4 SP:FF PPU: NOT IMPLEMENTED YET
C034  8D 07 20  STA $2007 = 00                  A:00 X:9E Y:03 P:A4 SP:FF PPU: NOT IMPLEMENTED YET
C037  CA        DEX                             A:00 X:9E Y:03 P:A4 SP:FF PPU: NOT IMPLEMENTED YET
C038  D0 FA     BNE $C034                       A:00 X:9D Y:03 P:A4 SP:FF PPU: NOT IMPLEMENTED YET
C034  8D 07 20  STA $2007 = 00                  A:00 X:9D Y:03 P:A4 SP:FF PPU: NOT IMPLEMENTED YET
C037  CA        DEX                             A:00 X:9D Y:03 P:A4 SP:FF PPU: NOT IMPLEMENTED YET
C038  D0 FA     BNE $C034                       A:00 X:9C Y:03 P:A4 SP:FF PPU: NOT IMPLEMENTED YET
C034  8D 07 20  STA $2007 = 00                  A:00 X:9C Y:03 P:A4 SP:FF PPU: NOT IMPLEMENTED YET
C037  CA        DEX                             A:00 X:9C Y:03 P:A4 SP:FF PPU: NOT IMPLEMENTED YET
C038  D0 FA     BNE $C034                       A:00 X:9B Y:03 P:A4 SP:FF PPU: NOT IMPLEMENTED YET
C034  8D 07 20  STA $2007 = 00                  A:00 X:9B Y:03 P:A4 SP:FF PPU: NOT IMPLEMENTED YET
C037  CA        DEX                             A:00 X:9B Y:03 P:A4 SP:FF PPU: NOT IMPLEMENTED YET
C038  D0 FA     BNE $C034                       A:00 X:9A Y:03 P:A4 SP:FF PPU: NOT IMPLEMENTED YET
C034  8D 07 20  STA $2007 = 00                  A:00 X:9A Y:03 P:A4 SP:FF PPU: NOT IMPLEMENTED YET
C037  CA        DEX                             A:00 X:9A Y:03 P:A4 SP:FF PPU: NOT IMPLEMENTED YET
C038  D0 FA     BNE $C034                       A:00 X:99 Y:03 P:A4 SP:FF PPU: NOT IMPLEMENTED YET
C034  8D 07 20  STA $2007 = 00                  A:00 X:99 Y:03 P:A4 SP:FF PPU: NOT IMPLEMENTED YET
C037  CA        DEX                             A:00 X:99 Y:03 P:A4 SP:FF PPU: NOT IMPLEMENTED YET
C038  D0 FA     BNE $C034                       A:00 X:98 Y:03 P:A4 SP:FF PPU: NOT IMPLEMENTED YET
C034  8D 07 20  STA $2007 = 00                  A:00 X:98 Y:03 P:A4 SP:FF PPU: NOT IMPLEMENTED YET
C037  CA        DEX                             A:00 X:98 Y:03 P:A4 SP:FF PPU: NOT IMPLEMENTED YET
C038  D0 FA     BNE $C034                       A:00 X:97 Y:03 P:A4 SP:FF PPU: NOT IMPLEMENTED YET
C034  8D 07 20  STA $2007 = 00                  A:00 X:97 Y:03 P:A4 SP:FF PPU: NOT IMPLEMENTED YET
C037  CA        DEX                             A:00 X:97 Y:03 P:A4 SP:FF PPU: NOT IMPLEMENTED YET
C038  D0 FA     BNE $C034                       A:00 X:96 Y:03 P:A4 SP:FF PPU: NOT IMPLEMENTED YET
C034  8D 07 20  STA $2007 = 00                  A:00 X:96 Y:03 P:A4 SP:FF PPU: NOT IMPLEMENTED YET
C037  CA        DEX                             A:00 X:96 Y:03 P:A4 SP:FF PPU: NOT IMPLEMENTED YET
C038  D0 FA     BNE $C034                       A:00 X:95 Y:03 P:A4 SP:FF PPU: NOT IMPLEMENTED YET
C034  8D 07 20  STA $2007 = 00                  A:00 X:95 Y:03 P:A4 SP:FF PPU: NOT IMPLEMENTED YET
C037  CA        DEX                             A:00 X:95 Y:03 P:A4 SP:FF PPU: NOT IMPLEMENTED YET
C038  D0 FA     BNE $C034                       A:00 X:94 Y:03 P:A4 SP:FF PPU: NOT IMPLEMENTED YET
C034  8D 07 20  STA $2007 = 00                  A:00 X:94 Y:03 P:A4 SP:FF PPU: NOT IMPLEMENTED YET
C037  CA        DEX                             A:00 X:94 Y:03 P:A4 SP:FF PPU: NOT IMPLEMENTED YET
C038  D0 FA     BNE $C034                       A:00 X:93 Y:03 P:A4 SP:FF PPU: NOT IMPLEMENTED YET
C034  8D 07 20  STA $2007 = 00                  A:00 X:93 Y:03 P:A4 SP:FF PPU: NOT IMPLEMENTED YET
C037  CA        DEX                             A:00 X:93 Y:03 P:A4 SP:FF PPU: NOT IMPLEMENTED YET
C038  D0 FA     BNE $C034                       A:00 X:92 Y:03 P:A4 SP:FF PPU: NOT IMPLEMENTED YET
C034  8D 07 20  STA $2007 = 00                  A:00 X:92 Y:03 P:A4 SP:FF PPU: NOT IMPLEMENTED YET
C037  CA        DEX                             A:00 X:92 Y:03 P:A4 SP:FF PPU: NOT IMPLEMENTED YET
C038  D0 FA     BNE $C034                       A:00 X:91 Y:03 P:A4 SP:FF PPU: NOT IMPLEMENTED YET
C034  8D 07 20  STA $2007 = 00                  A:00 X:91 Y:03 P:A4 SP:FF PPU: NOT IMPLEMENTED YET
C037  CA        DEX                             A:00 X:91 Y:03 P:A4 SP:FF PPU: NOT IMPLEMENTED YET
C038  D0 FA     BNE $C034                       A:00 X:90 Y:03 P:A4 SP:FF PPU: NOT IMPLEMENTED YET
C034  8D 07 20  STA $2007 = 00                  A:00 X:90 Y:03 P:A4 SP:FF PPU: NOT IMPLEMENTED YET
C037  CA        DEX                             A:00 X:90 Y:03 P:A4 SP:FF PPU: NOT IMPLEMENTED YET
C038  D0 FA     BNE $C034                       A:00 X:8F Y:03 P:A4 SP:FF PPU: NOT IMPLEMENTED YET
C034  8D 07 20  STA $2007 = 00                  A:00 X:8F Y:03 P:A4 SP:FF PPU: NOT IMPLEMENTED YET
C037  CA        DEX                             A:00 X:8F Y:03 P:A4 SP:FF PPU: NOT IMPLEMENTED YET
C038  D0 FA     BNE $C034                       A:00 X:8E Y:03 P:A4 SP:FF PPU: NOT IMPLEMENTED YET
C034  8D 07 20  STA $2007 = 00                  A:00 X:8E Y:03 P:A4 SP:FF PPU: NOT IMPLEMENTED YET
C037  CA        DEX                             A:00 X:8E Y:03 P:A4 SP:FF PPU: NOT IMPLEMENTED YET
C038  D0 FA     BNE $C034                       A:00 X:8D Y:03 P:A4 SP:FF PPU: NOT IMPLEMENTED YET
C034  8D 07 20  STA $2007 = 00                  A:00 X:8D Y:03 P:A4 SP:FF PPU: NOT IMPLEMENTED YET
C037  CA        DEX                             A:00 X:8D Y:03 P:A4 SP:FF PPU: NOT IMPLEMENTED YET
C038  D0 FA     BNE $C034                       A:00 X:8C Y:03 P:A4 SP:FF PPU: NOT IMPLEMENTED YET
C034  8D 07 20  STA $2007 = 00                  A:00 X:8C Y:03 P:A4 SP:FF PPU: NOT IMPLEMENTED YET
C037  CA        DEX                             A:00 X:8C Y:03 P:A4 SP:FF PPU: NOT IMPLEMENTED YET
C038  D0 FA     BNE $C034                       A:00 X:8B Y:03 P:A4 SP:FF PPU: NOT IMPLEMENTED YET
C034  8D 07 20  STA $2007 = 00                  A:00 X:8B Y:03 P:A4 SP:FF PPU: NOT IMPLEMENTED YET
C037  CA        DEX                             A:00 X:8B Y:03 P:A4 SP:FF PPU: NOT IMPLEMENTED YET
C038  D0 FA     BNE $C034                       A:00 X:8A Y:03 P:A4 SP:FF PPU: NOT IMPLEMENTED YET
C034  8D 07 20  STA $2007 = 00                  A:00 X:8A Y:03 P:A4 SP:FF PPU: NOT IMPLEMENTED YET
C037  CA        DEX                             A:00 X:8A Y:03 P:A4 SP:FF PPU: NOT IMPLEMENTED YET
C038  D0 FA     BNE $C034                       A:00 X:89 Y:03 P:A4 SP:FF PPU: NOT IMPLEMENTED YET
C034  8D 07 20  STA $2007 = 00                  A:00 X:89 Y:03 P:A4 SP:FF PPU: NOT IMPLEMENTED YET
C037  CA        DEX                             A:00 X:89 Y:03 P:A4 SP:FF PPU: NOT IMPLEMENTED YET
C038  D0 FA     BNE $C034                       A:00 X:88 Y:03 P:A4 SP:FF PPU: NOT IMPLEMENTED YET
C034  8D 07 20  STA $2007 = 00                  A:00 X:88 Y:03 P:A4 SP:FF PPU: NOT IMPLEMENTED YET
C037  CA        DEX                             A:00 X:88 Y:03 P:A4 SP:FF PPU: NOT IMPLEMENTED YET
C038  D0 FA     BNE $C034                       A:00 X:87 Y:03 P:A4 SP:FF PPU: NOT IMPLEMENTED YET
C034  8D 07 20  STA $2007 = 00                  A:00 X:87 Y:03 P:A4 SP:FF PPU: NOT IMPLEMENTED YET
C037  CA        DEX                             A:00 X:87 Y:03 P:A4 SP:FF PPU: NOT IMPLEMENTED YET
C038  D0 FA     BNE $C034                       A:00 X:86 Y:03 P:A4 SP:FF PPU: NOT IMPLEMENTED YET
C034  8D 07 20  STA $2007 = 00                  A:00 X:86 Y:03 P:A4 SP:FF PPU: NOT IMPLEMENTED YET
C037  CA        DEX                             A:00 X:86 Y:03 P:A4 SP:FF PPU: NOT IMPLEMENTED YET
C038  D0 FA     BNE $C034                       A:00 X:85 Y:03 P:A4 SP:FF PPU: NOT IMPLEMENTED YET
C034  8D 07 20  STA $2007 = 00                  A:00 X:85 Y:03 P:A4 SP:FF PPU: NOT IMPLEMENTED YET
C037  CA        DEX                             A:00 X:85 Y:03 P:A4 SP:FF PPU: NOT IMPLEMENTED YET
C038  D0 FA     BNE $C034                       A:00 X:84 Y:03 P:A4 SP:FF PPU: NOT IMPLEMENTED YET
C034  8D 07 20  STA $2007 = 00                  A:00 X:84 Y:03 P:A4 SP:FF PPU: NOT IMPLEMENTED YET
C037  CA        DEX                             A:00 X:84 Y:03 P:A4 SP:FF PPU: NOT IMPLEMENTED YET
C038  D0 FA     BNE $C034                       A:00 X:83 Y:03 P:A4 SP:FF PPU: NOT IMPLEMENTED YET
C034  8D 07 20  STA $2007 = 00                  A:00 X:83 Y:03 P:A4 SP:FF PPU: NOT IMPLEMENTED YET
C037  CA        DEX                             A:00 X:83 Y:03 P:A4 SP:FF PPU: NOT IMPLEMENTED YET
C038  D0 FA     BNE $C034                       A:00 X:82 Y:03 P:A4 SP:FF PPU: NOT IMPLEMENTED YET
C034  8D 07 20  STA $2007 = 00                  A:00 X:82 Y:03 P:A4 SP:FF PPU: NOT IMPLEMENTED YET
C037  CA        DEX                             A:00 X:82 Y:03 P:A4 SP:FF PPU: NOT IMPLEMENTED YET
C038  D0 FA     BNE $C034                       A:00 X:81 Y:03 P:A4 SP:FF PPU: NOT IMPLEMENTED YET
C034  8D 07 20  STA $2007 = 00                  A:00 X:81 Y:03 P:A4 SP:FF PPU: NOT IMPLEMENTED YET
C037  CA        DEX                             A:00 X:81 Y:03 P:A4 SP:FF PPU: NOT IMPLEMENTED YET
C038  D0 FA     BNE $C034                       A:00 X:80 Y:03 P:A4 SP:FF PPU: NOT IMPLEMENTED YET
C034  8D 07 20  STA $2007 = 00                  A:00 X:80 Y:03 P:A4 SP:FF PPU: NOT IMPLEMENTED YET
C037  CA        DEX                             A:00 X:80 Y:03 P:A4 SP:FF PPU: NOT IMPLEMENTED YET
C038  D0 FA     BNE $C034                       A:00 X:7F Y:03 P:24 SP:FF PPU: NOT IMPLEMENTED YET
C034  8D 07 20  STA $2007 = 00                  A:00 X:7F Y:03 P:24 SP:FF PPU: NOT IMPLEMENTED YET
C037  CA        DEX                             A:00 X:7F Y:03 P:24 SP:FF PPU: NOT IMPLEMENTED YET
C038  D0 FA     BNE $C034                       A:00 X:7E Y:03 P:24 SP:FF PPU: NOT IMPLEMENTED YET
C034  8D 07 20  STA $2007 = 00                  A:00 X:7E Y:03 P:24 SP:FF PPU: NOT IMPLEMENTED YET
C037  CA        DEX                             A:00 X:7E Y:03 P:24 SP:FF PPU: NOT IMPLEMENTED YET
C038  D0 FA     BNE $C034                       A:00 X:7D Y:03 P:24 SP:FF PPU: NOT IMPLEMENTED YET
C034  8D 07 20  STA $2007 = 00                  A:00 X:7D Y:03 P:24 SP:FF PPU: NOT IMPLEMENTED YET
C037  CA        DEX                             A:00 X:7D Y:03 P:24 SP:FF PPU: NOT IMPLEMENTED YET
C038  D0 FA     BNE $C034                       A:00 X:7C Y:03 P:24 SP:FF PPU: NOT IMPLEMENTED YET
C034  8D 07 20  STA $2007 = 00                  A:00 X:7C Y:03 P:24 SP:FF PPU: NOT IMPLEMENTED YET
C037  CA        DEX                             A:00 X:7C Y:03 P:24 SP:FF PPU: NOT IMPLEMENTED YET
C038  D0 FA     BNE $C034                       A:00 X:7B Y:03 P:24 SP:FF PPU: NOT IMPLEMENTED YET
C034  8D 07 20  STA $2007 = 00                  A:00 X:7B Y:03 P:24 SP:FF PPU: NOT IMPLEMENTED YET
C037  CA        DEX                             A:00 X:7B Y:03 P:24 SP:FF PPU: NOT IMPLEMENTED YET
C038  D0 FA     BNE $C034                       A:00 X:7A Y:03 P:24 SP:FF PPU: NOT IMPLEMENTED YET
C034  8D 07 20  STA $2007 = 00                  A:00 X:7A Y:03 P:24 SP:FF PPU: NOT IMPLEMENTED YET
C037  CA        DEX                             A:00 X:7A Y:03 P:24 SP:FF PPU: NOT IMPLEMENTED YET
C038  D0 FA     BNE $C034                       A:00 X:79 Y:03 P:24 SP:FF PPU: NOT IMPLEMENTED YET
C034  8D 07 20  STA $2007 = 00                  A:00 X:79 Y:03 P:24 SP:FF PPU: NOT IMPLEMENTED YET
C037  CA        DEX                             A:00 X:79 Y:03 P:24 SP:FF PPU: NOT IMPLEMENTED YET
C038  D0 FA     BNE $C034                       A:00 X:78 Y:03 P:24 SP:FF PPU: NOT IMPLEMENTED YET
C034  8D 07 20  STA $2007 = 00                  A:00 X:78 Y:03 P:24 SP:FF PPU: NOT IMPLEMENTED YET
C037  CA        DEX                             A:00 X:78 Y:03 P:24 SP:FF PPU: NOT IMPLEMENTED YET
C038  D0 FA     BNE $C034                       A:00 X:77 Y:03 P:24 SP:FF PPU: NOT IMPLEMENTED YET
C034  8D 07 20  STA $2007 = 00                  A:00 X:77 Y:03 P:24 SP:FF PPU: NOT IMPLEMENTED YET
C037  CA        DEX                             A:00 X:77 Y:03 P:24 SP:FF PPU: NOT IMPLEMENTED YET
C038  D0 FA     BNE $C034                       A:00 X:76 Y:03 P:24 SP:FF PPU: NOT IMPLEMENTED YET
C034  8D 07 20  STA $2007 = 00                  A:00 X:76 Y:03 P:24 SP:FF PPU: NOT IMPLEMENTED YET
C037  CA        DEX                             A:00 X:76 Y:03 P:24 SP:FF PPU: NOT IMPLEMENTED YET
C038  D0 FA     BNE $C034                       A:00 X:75 Y:03 P:24 SP:FF PPU: NOT IMPLEMENTED YET
C034  8D 07 20  STA $2007 = 00                  A:00 X:75 Y:03 P:24 SP:FF PPU: NOT IMPLEMENTED YET
C037  CA        DEX                             A:00 X:75 Y:03 P:24 SP:FF PPU: NOT IMPLEMENTED YET
C038  D0 FA     BNE $C034                       A:00 X:74 Y:03 P:24 SP:FF PPU: NOT IMPLEMENTED YET
C034  8D 07 20  STA $2007 = 00                  A:00 X:74 Y:03 P:24 SP:FF PPU: NOT IMPLEMENTED YET
C037  CA        DEX                             A:00 X:74 Y:03 P:24 SP:FF PPU: NOT IMPLEMENTED YET
C038  D0 FA     BNE $C034                       A:00 X:73 Y:03 P:24 SP:FF PPU: NOT IMPLEMENTED YET
C034  8D 07 20  STA $2007 = 00                  A:00 X:73 Y:03 P:24 SP:FF PPU: NOT IMPLEMENTED YET
C037  CA        DEX                             A:00 X:73 Y:03 P:24 SP:FF PPU: NOT IMPLEMENTED YET
C038  D0 FA     BNE $C034                       A:00 X:72 Y:03 P:24 SP:FF PPU: NOT IMPLEMENTED YET
C034  8D 07 20  STA $2007 = 00                  A:00 X:72 Y:03 P:24 SP:FF PPU: NOT IMPLEMENTED YET
C037  CA        DEX                             A:00 X:72 Y:03 P:24 SP:FF PPU: NOT IMPLEMENTED YET
C038  D0 FA     BNE $C034                       A:00 X:71 Y:03 P:24 SP:FF PPU: NOT IMPLEMENTED YET
C034  8D 07 20  STA $2007 = 00                  A:00 X:71 Y:03 P:24 SP:FF PPU: NOT IMPLEMENTED YET
C037  CA        DEX                             A:00 X:71 Y:03 P:24 SP:FF PPU: NOT IMPLEMENTED YET
C038  D0 FA     BNE $C034                       A:00 X:70 Y:03 P:24 SP:FF PPU: NOT IMPLEMENTED YET
C034  8D 07 20  STA $2007 = 00                  A:00 X:70 Y:03 P:24 SP:FF PPU: NOT IMPLEMENTED YET
C037  CA        DEX                             A:00 X:70 Y:03 P:24 SP:FF PPU: NOT IMPLEMENTED YET
C038  D0 FA     BNE $C034                       A:00 X:6F Y:03 P:24 SP:FF PPU: NOT IMPLEMENTED YET
C034  8D 07 20  STA $2007 = 00                  A:00 X:6F Y:03 P:24 SP:FF PPU: NOT IMPLEMENTED YET
C037  CA        DEX                             A:00 X:6F Y:03 P:24 SP:FF PPU: NOT IMPLEMENTED YET
C038  D0 FA     BNE $C034                       A:00 X:6E Y:03 P:24 SP:FF PPU: NOT IMPLEMENTED YET
C034  8D 07 20  STA $2007 = 00                  A:00 X:6E Y:03 P:24 SP:FF PPU: NOT IMPLEMENTED YET
C037  CA        DEX                             A:00 X:6E Y:03 P:24 SP:FF PPU: NOT IMPLEMENTED YET
C038  D0 FA     BNE $C034                       A:00 X:6D Y:03 P:24 SP:FF PPU: NOT IMPLEMENTED YET
C034  8D 07 20  STA $2007 = 00                  A:00 X:6D Y:03 P:24 SP:FF PPU: NOT IMPLEMENTED YET
C037  CA        DEX                             A:00 X:6D Y:03 P:24 SP:FF PPU: NOT IMPLEMENTED YET
C038  D0 FA     BNE $C034                       A:00 X:6C Y:03 P:24 SP:FF PPU: NOT IMPLEMENTED YET
C034  8D 07 20  STA $2007 = 00                  A:00 X:6C Y:03 P:24 SP:FF PPU: NOT IMPLEMENTED YET
C037  CA        DEX                             A:00 X:6C Y:03 P:24 SP:FF PPU: NOT IMPLEMENTED YET
C038  D0 FA     BNE $C034                       A:00 X:6B Y:03 P:24 SP:FF PPU: NOT IMPLEMENTED YET
C034  8D 07 20  STA $2007 = 00                  A:00 X:6B Y:03 P:24 SP:FF PPU: NOT IMPLEMENTED YET
C037  CA        DEX                             A:00 X:6B Y:03 P:24 SP:FF PPU: NOT IMPLEMENTED YET
C038  D0 FA     BNE $C034                       A:00 X:6A Y:03 P:24 SP:FF PPU: NOT IMPLEMENTED YET
C034  8D 07 20  STA $2007 = 00                  A:00 X:6A Y:03 P:24 SP:FF PPU: NOT IMPLEMENTED YET
C037  CA        DEX                             A:00 X:6A Y:03 P:24 SP:FF PPU: NOT IMPLEMENTED YET
C038  D0 FA     BNE $C034                       A:00 X:69 Y:03 P:24 SP:FF PPU: NOT IMPLEMENTED YET
C034  8D 07 20  STA $2007 = 00                  A:00 X:69 Y:03 P:24 SP:FF PPU: NOT IMPLEMENTED YET
C037  CA        DEX                             A:00 X:69 Y:03 P:24 SP:FF PPU: NOT IMPLEMENTED YET
C038  D0 FA     BNE $C034                       A:00 X:68 Y:03 P:24 SP:FF PPU: NOT IMPLEMENTED YET
C034  8D 07 20  STA $2007 = 00                  A:00 X:68 Y:03 P:24 SP:FF PPU: NOT IMPLEMENTED YET
C037  CA        DEX                             A:00 X:68 Y:03 P:24 SP:FF PPU: NOT IMPLEMENTED YET
C038  D0 FA     BNE $C034                       A:00 X:67 Y:03 P:24 SP:FF PPU: NOT IMPLEMENTED YET
C034  8D 07 20  STA $2007 = 00                  A:00 X:67 Y:03 P:24 SP:FF PPU: NOT IMPLEMENTED YET
C037  CA        DEX                             A:00 X:67 Y:03 P:24 SP:FF PPU: NOT IMPLEMENTED YET
C038  D0 FA     BNE $C034                       A:00 X:66 Y:03 P:24 SP:FF PPU: NOT IMPLEMENTED YET
C034  8D 07 20  STA $2007 = 00                  A:00 X:66 Y:03 P:24 SP:FF PPU: NOT IMPLEMENTED YET
C037  CA        DEX                             A:00 X:66 Y:03 P:24 SP:FF PPU: NOT IMPLEMENTED YET
C038  D0 FA     BNE $C034                       A:00 X:65 Y:03 P:24 SP:FF PPU: NOT IMPLEMENTED YET
C034  8D 07 20  STA $2007 = 00                  A:00 X:65 Y:03 P:24 SP:FF PPU: NOT IMPLEMENTED YET
C037  CA        DEX                             A:00 X:65 Y:03 P:24 SP:FF PPU: NOT IMPLEMENTED YET
C038  D0 FA     BNE $C034                       A:00 X:64 Y:03 P:24 SP:FF PPU: NOT IMPLEMENTED YET
C034  8D 07 20  STA $2007 = 00                  A:00 X:64 Y:03 P:24 SP:FF PPU: NOT IMPLEMENTED YET
C037  CA        DEX                             A:00 X:64 Y:03 P:24 SP:FF PPU: NOT IMPLEMENTED YET
C038  D0 FA     BNE $C034                       A:00 X:63 Y:03 P:24 SP:FF PPU: NOT IMPLEMENTED YET
C034  8D 07 20  STA $2007 = 00                  A:00 X:63 Y:03 P:24 SP:FF PPU: NOT IMPLEMENTED YET
C037  CA        DEX                             A:00 X:63 Y:03 P:24 SP:FF PPU: NOT IMPLEMENTED YET
C038  D0 FA     BNE $C034                       A:00 X:62 Y:03 P:24 SP:FF PPU: NOT IMPLEMENTED YET
C034  8D 07 20  STA $2007 = 00                  A:00 X:62 Y:03 P:24 SP:FF PPU: NOT IMPLEMENTED YET
C037  CA        DEX                             A:00 X:62 Y:03 P:24 SP:FF PPU: NOT IMPLEMENTED YET
C038  D0 FA     BNE $C034                       A:00 X:61 Y:03 P:24 SP:FF PPU: NOT IMPLEMENTED YET
C034  8D 07 20  STA $2007 = 00                  A:00 X:61 Y:03 P:24 SP:FF PPU: NOT IMPLEMENTED YET
C037  CA        DEX                             A:00 X:61 Y:03 P:24 SP:FF PPU: NOT IMPLEMENTED YET
C038  D0 FA     BNE $C034                       A:00 X:60 Y:03 P:24 SP:FF PPU: NOT IMPLEMENTED YET
C034  8D 07 20  STA $2007 = 00                  A:00 X:60 Y:03 P:24 SP:FF PPU: NOT IMPLEMENTED YET
C037  CA        DEX                             A:00 X:60 Y:03 P:24 SP:FF PPU: NOT IMPLEMENTED YET
C038  D0 FA     BNE $C034                       A:00 X:5F Y:03 P:24 SP:FF PPU: NOT IMPLEMENTED YET
C034  8D 07 20  STA $2007 = 00                  A:00 X:5F Y:03 P:24 SP:FF PPU: NOT IMPLEMENTED YET
C037  CA        DEX                             A:00 X:5F Y:03 P:24 SP:FF PPU: NOT IMPLEMENTED YET
C038  D0 FA     BNE $C034                       A:00 X:5E Y:03 P:24 SP:FF PPU: NOT IMPLEMENTED YET
C034  8D 07 20  STA $2007 = 00                  A:00 X:5E Y:03 P:24 SP:FF PPU: NOT IMPLEMENTED YET
C037  CA        DEX                             A:00 X:5E Y:03 P:24 SP:FF PPU: NOT IMPLEMENTED YET
C038  D0 FA     BNE $C034                       A:00 X:5D Y:03 P:24 SP:FF PPU: NOT IMPLEMENTED YET
C034  8D 07 20  STA $2007 = 00                  A:00 X:5D Y:03 P:24 SP:FF PPU: NOT IMPLEMENTED YET
C037  CA        DEX                             A:00 X:5D Y:03 P:24 SP:FF PPU: NOT IMPLEMENTED YET
C038  D0 FA     BNE $C034                       A:00 X:5C Y:03 P:24 SP:FF PPU: NOT IMPLEMENTED YET
C034  8D 07 20  STA $2007 = 00                  A:00 X:5C Y:03 P:24 SP:FF PPU: NOT IMPLEMENTED YET
C037  CA        DEX                             A:00 X:5C Y:03 P:24 SP:FF PPU: NOT IMPLEMENTED YET
C038  D0 FA     BNE $C034                       A:00 X:5B Y:03 P:24 SP:FF PPU: NOT IMPLEMENTED YET
C034  8D 07 20  STA $2007 = 00                  A:00 X:5B Y:03 P:24 SP:FF PPU: NOT IMPLEMENTED YET
C037  CA        DEX                             A:00 X:5B Y:03 P:24 SP:FF PPU: NOT IMPLEMENTED YET
C038  D0 FA     BNE $C034                       A:00 X:5A Y:03 P:24 SP:FF PPU: NOT IMPLEMENTED YET
C034  8D 07 20  STA $2007 = 00                  A:00 X:5A Y:03 P:24 SP:FF PPU: NOT IMPLEMENTED YET
C037  CA        DEX                             A:00 X:5A Y:03 P:24 SP:FF PPU: NOT IMPLEMENTED YET
C038  D0 FA     BNE $C034                       A:00 X:59 Y:03 P:24 SP:FF PPU: NOT IMPLEMENTED YET
C034  8D 07 20  STA $2007 = 00                  A:00 X:59 Y:03 P:24 SP:FF PPU: NOT IMPLEMENTED YET
C037  CA        DEX                             A:00 X:59 Y:03 P:24 SP:FF PPU: NOT IMPLEMENTED YET
C038  D0 FA     BNE $C034                       A:00 X:58 Y:03 P:24 SP:FF PPU: NOT IMPLEMENTED YET
C034  8D 07 20  STA $2007 = 00                  A:00 X:58 Y:03 P:24 SP:FF PPU: NOT IMPLEMENTED YET
C037  CA        DEX                             A:00 X:58 Y:03 P:24 SP:FF PPU: NOT IMPLEMENTED YET
C038  D0 FA     BNE $C034                       A:00 X:57 Y:03 P:24 SP:FF PPU: NOT IMPLEMENTED YET
C034  8D 07 20  STA $2007 = 00                  A:00 X:57 Y:03 P:24 SP:FF PPU: NOT IMPLEMENTED YET
C037  CA        DEX                             A:00 X:57 Y:03 P:24 SP:FF PPU: NOT IMPLEMENTED YET
C038  D0 FA     BNE $C034                       A:00 X:56 Y:03 P:24 SP:FF PPU: NOT IMPLEMENTED YET
C034  8D 07 20  STA $2007 = 00                  A:00 X:56 Y:03 P:24 SP:FF PPU: NOT IMPLEMENTED YET
C037  CA        DEX                             A:00 X:56 Y:03 P:24 SP:FF PPU: NOT IMPLEMENTED YET
C038  D0 FA     BNE $C034                       A:00 X:55 Y:03 P:24 SP:FF PPU: NOT IMPLEMENTED YET
C034  8D 07 20  STA $2007 = 00                  A:00 X:55 Y:03 P:24 SP:FF PPU: NOT IMPLEMENTED YET
C037  CA        DEX                             A:00 X:55 Y:03 P:24 SP:FF PPU: NOT IMPLEMENTED YET
C038  D0 FA     BNE $C034                       A:00 X:54 Y:03 P:24 SP:FF PPU: NOT IMPLEMENTED YET
C034  8D 07 20  STA $2007 = 00                  A:00 X:54 Y:03 P:24 SP:FF PPU: NOT IMPLEMENTED YET
C037  CA        DEX                             A:00 X:54 Y:03 P:24 SP:FF PPU: NOT IMPLEMENTED YET
C038  D0 FA     BNE $C034                       A:00 X:53 Y:03 P:24 SP:FF PPU: NOT IMPLEMENTED YET
C034  8D 07 20  STA $2007 = 00                  A:00 X:53 Y:03 P:24 SP:FF PPU: NOT IMPLEMENTED YET
C037  CA        DEX                             A:00 X:53 Y:03 P:24 SP:FF PPU: NOT IMPLEMENTED YET
C038  D0 FA     BNE $C034                       A:00 X:52 Y:03 P:24 SP:FF PPU: NOT IMPLEMENTED YET
C034  8D 07 20  STA $2007 = 00                  A:00 X:52 Y:03 P:24 SP:FF PPU: NOT IMPLEMENTED YET
C037  CA        DEX                             A:00 X:52 Y:03 P:24 SP:FF PPU: NOT IMPLEMENTED YET
C038  D0 FA     BNE $C034                       A:00 X:51 Y:03 P:24 SP:FF PPU: NOT IMPLEMENTED YET
C034  8D 07 20  STA $2007 = 00                  A:00 X:51 Y:03 P:24 SP:FF PPU: NOT IMPLEMENTED YET
C037  CA        DEX                             A:00 X:51 Y:03 P:24 SP:FF PPU: NOT IMPLEMENTED YET
C038  D0 FA     BNE $C034                       A:00 X:50 Y:03 P:24 SP:FF PPU: NOT IMPLEMENTED YET
C034  8D 07 20  STA $2007 = 00                  A:00 X:50 Y:03 P:24 SP:FF PPU: NOT IMPLEMENTED YET
C037  CA        DEX                             A:00 X:50 Y:03 P:24 SP:FF PPU: NOT IMPLEMENTED YET
C038  D0 FA     BNE $C034                       A:00 X:4F Y:03 P:24 SP:FF PPU: NOT IMPLEMENTED YET
C034  8D 07 20  STA $2007 = 00                  A:00 X:4F Y:03 P:24 SP:FF PPU: NOT IMPLEMENTED YET
C037  CA        DEX                             A:00 X:4F Y:03 P:24 SP:FF PPU: NOT IMPLEMENTED YET
C038  D0 FA     BNE $C034                       A:00 X:4E Y:03 P:24 SP:FF PPU: NOT IMPLEMENTED YET
C034  8D 07 20  STA $2007 = 00                  A:00 X:4E Y:03 P:24 SP:FF PPU: NOT IMPLEMENTED YET
C037  CA        DEX                             A:00 X:4E Y:03 P:24 SP:FF PPU: NOT IMPLEMENTED YET
C038  D0 FA     BNE $C034                       A:00 X:4D Y:03 P:24 SP:FF PPU: NOT IMPLEMENTED YET
C034  8D 07 20  STA $2007 = 00                  A:00 X:4D Y:03 P:24 SP:FF PPU: NOT IMPLEMENTED YET
C037  CA        DEX                             A:00 X:4D Y:03 P:24 SP:FF PPU: NOT IMPLEMENTED YET
C038  D0 FA     BNE $C034                       A:00 X:4C Y:03 P:24 SP:FF PPU: NOT IMPLEMENTED YET
C034  8D 07 20  STA $2007 = 00                  A:00 X:4C Y:03 P:24 SP:FF PPU: NOT IMPLEMENTED YET
C037  CA        DEX                             A:00 X:4C Y:03 P:24 SP:FF PPU: NOT IMPLEMENTED YET
C038  D0 FA     BNE $C034                       A:00 X:4B Y:03 P:24 SP:FF PPU: NOT IMPLEMENTED YET
C034  8D 07 20  STA $2007 = 00                  A:00 X:4B Y:03 P:24 SP:FF PPU: NOT IMPLEMENTED YET
C037  CA        DEX                             A:00 X:4B Y:03 P:24 SP:FF PPU: NOT IMPLEMENTED YET
C038  D0 FA     BNE $C034                       A:00 X:4A Y:03 P:24 SP:FF PPU: NOT IMPLEMENTED YET
C034  8D 07 20  STA $2007 = 00                  A:00 X:4A Y:03 P:24 SP:FF PPU: NOT IMPLEMENTED YET
C037  CA        DEX                             A:00 X:4A Y:03 P:24 SP:FF PPU: NOT IMPLEMENTED YET
C038  D0 FA     BNE $C034                       A:00 X:49 Y:03 P:24 SP:FF PPU: NOT IMPLEMENTED YET
C034  8D 07 20  STA $2007 = 00                  A:00 X:49 Y:03 P:24 SP:FF PPU: NOT IMPLEMENTED YET
C037  CA        DEX                             A:00 X:49 Y:03 P:24 SP:FF PPU: NOT IMPLEMENTED YET
C038  D0 FA     BNE $C034                       A:00 X:48 Y:03 P:24 SP:FF PPU: NOT IMPLEMENTED YET
C034  8D 07 20  STA $2007 = 00                  A:00 X:48 Y:03 P:24 SP:FF PPU: NOT IMPLEMENTED YET
C037  CA        DEX                             A:00 X:48 Y:03 P:24 SP:FF PPU: NOT IMPLEMENTED YET
C038  D0 FA     BNE $C034                       A:00 X:47 Y:03 P:24 SP:FF PPU: NOT IMPLEMENTED YET
C034  8D 07 20  STA $2007 = 00                  A:00 X:47 Y:03 P:24 SP:FF PPU: NOT IMPLEMENTED YET
C037  CA        DEX                             A:00 X:47 Y:03 P:24 SP:FF PPU: NOT IMPLEMENTED YET
C038  D0 FA     BNE $C034                       A:00 X:46 Y:03 P:24 SP:FF PPU: NOT IMPLEMENTED YET
C034  8D 07 20  STA $2007 = 00                  A:00 X:46 Y:03 P:24 SP:FF PPU: NOT IMPLEMENTED YET
C037  CA        DEX                             A:00 X:46 Y:03 P:24 SP:FF PPU: NOT IMPLEMENTED YET
C038  D0 FA     BNE $C034                       A:00 X:45 Y:03 P:24 SP:FF PPU: NOT IMPLEMENTED YET
C034  8D 07 20  STA $2007 = 00                  A:00 X:45 Y:03 P:24 SP:FF PPU: NOT IMPLEMENTED YET
C037  CA        DEX                             A:00 X:45 Y:03 P:24 SP:FF PPU: NOT IMPLEMENTED YET
C038  D0 FA     BNE $C034                       A:00 X:44 Y:03 P:24 SP:FF PPU: NOT IMPLEMENTED YET
C034  8D 07 20  STA $2007 = 00                  A:00 X:44 Y:03 P:24 SP:FF PPU: NOT IMPLEMENTED YET
C037  CA        DEX                             A:00 X:44 Y:03 P:24 SP:FF PPU: NOT IMPLEMENTED YET
C038  D0 FA     BNE $C034                       A:00 X:43 Y:03 P:24 SP:FF PPU: NOT IMPLEMENTED YET
C034  8D 07 20  STA $2007 = 00                  A:00 X:43 Y:03 P:24 SP:FF PPU: NOT IMPLEMENTED YET
C037  CA        DEX                             A:00 X:43 Y:03 P:24 SP:FF PPU: NOT IMPLEMENTED YET
C038  D0 FA     BNE $C034                       A:00 X:42 Y:03 P:24 SP:FF PPU: NOT IMPLEMENTED YET
C034  8D 07 20  STA $2007 = 00                  A:00 X:42 Y:03 P:24 SP:FF PPU: NOT IMPLEMENTED YET
C037  CA        DEX                             A:00 X:42 Y:03 P:24 SP:FF PPU: NOT IMPLEMENTED YET
C038  D0 FA     BNE $C034                       A:00 X:41 Y:03 P:24 SP:FF PPU: NOT IMPLEMENTED YET
C034  8D 07 20  STA $2007 = 00                  A:00 X:41 Y:03 P:24 SP:FF PPU: NOT IMPLEMENTED YET
C037  CA        DEX                             A:00 X:41 Y:03 P:24 SP:FF PPU: NOT IMPLEMENTED YET
C038  D0 FA     BNE $C034                       A:00 X:40 Y:03 P:24 SP:FF PPU: NOT IMPLEMENTED YET
C034  8D 07 20  STA $2007 = 00                  A:00 X:40 Y:03 P:24 SP:FF PPU: NOT IMPLEMENTED YET
C037  CA        DEX                             A:00 X:40 Y:03 P:24 SP:FF PPU: NOT IMPLEMENTED YET
C038  D0 FA     BNE $C034                       A:00 X:3F Y:03 P:24 SP:FF PPU: NOT IMPLEMENTED YET
C034  8D 07 20  STA $2007 = 00                  A:00 X:3F Y:03 P:24 SP:FF PPU: NOT IMPLEMENTED YET
C037  CA        DEX                             A:00 X:3F Y:03 P:24 SP:FF PPU: NOT IMPLEMENTED YET
C038  D0 FA     BNE $C034                       A:00 X:3E Y:03 P:24 SP:FF PPU: NOT IMPLEMENTED YET
C034  8D 07 20  STA $2007 = 00                  A:00 X:3E Y:03 P:24 SP:FF PPU: NOT IMPLEMENTED YET
C037  CA        DEX                             A:00 X:3E Y:03 P:24 SP:FF PPU: NOT IMPLEMENTED YET
C038  D0 FA     BNE $C034                       A:00 X:3D Y:03 P:24 SP:FF PPU: NOT IMPLEMENTED YET
C034  8D 07 20  STA $2007 = 00                  A:00 X:3D Y:03 P:24 SP:FF PPU: NOT IMPLEMENTED YET
C037  CA        DEX                             A:00 X:3D Y:03 P:24 SP:FF PPU: NOT IMPLEMENTED YET
C038  D0 FA     BNE $C034                       A:00 X:3C Y:03 P:24 SP:FF PPU: NOT IMPLEMENTED YET
C034  8D 07 20  STA $2007 = 00                  A:00 X:3C Y:03 P:24 SP:FF PPU: NOT IMPLEMENTED YET
C037  CA        DEX                             A:00 X:3C Y:03 P:24 SP:FF PPU: NOT IMPLEMENTED YET
C038  D0 FA     BNE $C034                       A:00 X:3B Y:03 P:24 SP:FF PPU: NOT IMPLEMENTED YET
C034  8D 07 20  STA $2007 = 00                  A:00 X:3B Y:03 P:24 SP:FF PPU: NOT IMPLEMENTED YET
C037  CA        DEX                             A:00 X:3B Y:03 P:24 SP:FF PPU: NOT IMPLEMENTED YET
C038  D0 FA     BNE $C034                       A:00 X:3A Y:03 P:24 SP:FF PPU: NOT IMPLEMENTED YET
C034  8D 07 20  STA $2007 = 00                  A:00 X:3A Y:03 P:24 SP:FF PPU: NOT IMPLEMENTED YET
C037  CA        DEX                             A:00 X:3A Y:03 P:24 SP:FF PPU: NOT IMPLEMENTED YET
C038  D0 FA     BNE $C034                       A:00 X:39 Y:03 P:24 SP:FF PPU: NOT IMPLEMENTED YET
C034  8D 07 20  STA $2007 = 00                  A:00 X:39 Y:03 P:24 SP:FF PPU: NOT IMPLEMENTED YET
C037  CA        DEX                             A:00 X:39 Y:03 P:24 SP:FF PPU: NOT IMPLEMENTED YET
C038  D0 FA     BNE $C034                       A:00 X:38 Y:03 P:24 SP:FF PPU: NOT IMPLEMENTED YET
C034  8D 07 20  STA $2007 = 00                  A:00 X:38 Y:03 P:24 SP:FF PPU: NOT IMPLEMENTED YET
C037  CA        DEX                             A:00 X:38 Y:03 P:24 SP:FF PPU: NOT IMPLEMENTED YET
C038  D0 FA     BNE $C034                       A:00 X:37 Y:03 P:24 SP:FF PPU: NOT IMPLEMENTED YET
C034  8D 07 20  STA $2007 = 00                  A:00 X:37 Y:03 P:24 SP:FF PPU: NOT IMPLEMENTED YET
C037  CA        DEX                             A:00 X:37 Y:03 P:24 SP:FF PPU: NOT IMPLEMENTED YET
C038  D0 FA     BNE $C034                       A:00 X:36 Y:03 P:24 SP:FF PPU: NOT IMPLEMENTED YET
C034  8D 07 20  STA $2007 = 00                  A:00 X:36 Y:03 P:24 SP:FF PPU: NOT IMPLEMENTED YET
C037  CA        DEX                             A:00 X:36 Y:03 P:24 SP:FF PPU: NOT IMPLEMENTED YET
C038  D0 FA     BNE $C034                       A:00 X:35 Y:03 P:24 SP:FF PPU: NOT IMPLEMENTED YET
C034  8D 07 20  STA $2007 = 00                  A:00 X:35 Y:03 P:24 SP:FF PPU: NOT IMPLEMENTED YET
C037  CA        DEX                             A:00 X:35 Y:03 P:24 SP:FF PPU: NOT IMPLEMENTED YET
C038  D0 FA     BNE $C034                       A:00 X:34 Y:03 P:24 SP:FF PPU: NOT IMPLEMENTED YET
C034  8D 07 20  STA $2007 = 00                  A:00 X:34 Y:03 P:24 SP:FF PPU: NOT IMPLEMENTED YET
C037  CA        DEX                             A:00 X:34 Y:03 P:24 SP:FF PPU: NOT IMPLEMENTED YET
C038  D0 FA     BNE $C034                       A:00 X:33 Y:03 P:24 SP:FF PPU: NOT IMPLEMENTED YET
C034  8D 07 20  STA $2007 = 00                  A:00 X:33 Y:03 P:24 SP:FF PPU: NOT IMPLEMENTED YET
C037  CA        DEX                             A:00 X:33 Y:03 P:24 SP:FF PPU: NOT IMPLEMENTED YET
C038  D0 FA     BNE $C034                       A:00 X:32 Y:03 P:24 SP:FF PPU: NOT IMPLEMENTED YET
C034  8D 07 20  STA $2007 = 00                  A:00 X:32 Y:03 P:24 SP:FF PPU: NOT IMPLEMENTED YET
C037  CA        DEX                             A:00 X:32 Y:03 P:24 SP:FF PPU: NOT IMPLEMENTED YET
C038  D0 FA     BNE $C034                       A:00 X:31 Y:03 P:24 SP:FF PPU: NOT IMPLEMENTED YET
C034  8D 07 20  STA $2007 = 00                  A:00 X:31 Y:03 P:24 SP:FF PPU: NOT IMPLEMENTED YET
C037  CA        DEX                             A:00 X:31 Y:03 P:24 SP:FF PPU: NOT IMPLEMENTED YET
C038  D0 FA     BNE $C034                       A:00 X:30 Y:03 P:24 SP:FF PPU: NOT IMPLEMENTED YET
C034  8D 07 20  STA $2007 = 00                  A:00 X:30 Y:03 P:24 SP:FF PPU: NOT IMPLEMENTED YET
C037  CA        DEX                             A:00 X:30 Y:03 P:24 SP:FF PPU: NOT IMPLEMENTED YET
C038  D0 FA     BNE $C034                       A:00 X:2F Y:03 P:24 SP:FF PPU: NOT IMPLEMENTED YET
C034  8D 07 20  STA $2007 = 00                  A:00 X:2F Y:03 P:24 SP:FF PPU: NOT IMPLEMENTED YET
C037  CA        DEX                             A:00 X:2F Y:03 P:24 SP:FF PPU: NOT IMPLEMENTED YET
C038  D0 FA     BNE $C034                       A:00 X:2E Y:03 P:24 SP:FF PPU: NOT IMPLEMENTED YET
C034  8D 07 20  STA $2007 = 00                  A:00 X:2E Y:03 P:24 SP:FF PPU: NOT IMPLEMENTED YET
C037  CA        DEX                             A:00 X:2E Y:03 P:24 SP:FF PPU: NOT IMPLEMENTED YET
C038  D0 FA     BNE $C034                       A:00 X:2D Y:03 P:24 SP:FF PPU: NOT IMPLEMENTED YET
C034  8D 07 20  STA $2007 = 00                  A:00 X:2D Y:03 P:24 SP:FF PPU: NOT IMPLEMENTED YET
C037  CA        DEX                             A:00 X:2D Y:03 P:24 SP:FF PPU: NOT IMPLEMENTED YET
C038  D0 FA     BNE $C034                       A:00 X:2C Y:03 P:24 SP:FF PPU: NOT IMPLEMENTED YET
C034  8D 07 20  STA $2007 = 00                  A:00 X:2C Y:03 P:24 SP:FF PPU: NOT IMPLEMENTED YET
C037  CA        DEX                             A:00 X:2C Y:03 P:24 SP:FF PPU: NOT IMPLEMENTED YET
C038  D0 FA     BNE $C034                       A:00 X:2B Y:03 P:24 SP:FF PPU: NOT IMPLEMENTED YET
C034  8D 07 20  STA $2007 = 00                  A:00 X:2B Y:03 P:24 SP:FF PPU: NOT IMPLEMENTED YET
C037  CA        DEX                             A:00 X:2B Y:03 P:24 SP:FF PPU: NOT IMPLEMENTED YET
C038  D0 FA     BNE $C034                       A:00 X:2A Y:03 P:24 SP:FF PPU: NOT IMPLEMENTED YET
C034  8D 07 20  STA $2007 = 00                  A:00 X:2A Y:03 P:24 SP:FF PPU: NOT IMPLEMENTED YET
C037  CA        DEX                             A:00 X:2A Y:03 P:24 SP:FF PPU: NOT IMPLEMENTED YET
C038  D0 FA     BNE $C034                       A:00 X:29 Y:03 P:24 SP:FF PPU: NOT IMPLEMENTED YET
C034  8D 07 20  STA $2007 = 00                  A:00 X:29 Y:03 P:24 SP:FF PPU: NOT IMPLEMENTED YET
C037  CA        DEX                             A:00 X:29 Y:03 P:24 SP:FF PPU: NOT IMPLEMENTED YET
C038  D0 FA     BNE $C034                       A:00 X:28 Y:03 P:24 SP:FF PPU: NOT IMPLEMENTED YET
C034  8D 07 20  STA $2007 = 00                  A:00 X:28 Y:03 P:24 SP:FF PPU: NOT IMPLEMENTED YET
C037  CA        DEX                             A:00 X:28 Y:03 P:24 SP:FF PPU: NOT IMPLEMENTED YET
C038  D0 FA     BNE $C034                       A:00 X:27 Y:03 P:24 SP:FF PPU: NOT IMPLEMENTED YET
C034  8D 07 20  STA $2007 = 00                  A:00 X:27 Y:03 P:24 SP:FF PPU: NOT IMPLEMENTED YET
C037  CA        DEX                             A:00 X:27 Y:03 P:24 SP:FF PPU: NOT IMPLEMENTED YET
C038  D0 FA     BNE $C034                       A:00 X:26 Y:03 P:24 SP:FF PPU: NOT IMPLEMENTED YET
C034  8D 07 20  STA $2007 = 00                  A:00 X:26 Y:03 P:24 SP:FF PPU: NOT IMPLEMENTED YET
C037  CA        DEX                             A:00 X:26 Y:03 P:24 SP:FF PPU: NOT IMPLEMENTED YET
C038  D0 FA     BNE $C034                       A:00 X:25 Y:03 P:24 SP:FF PPU: NOT IMPLEMENTED YET
C034  8D 07 20  STA $2007 = 00                  A:00 X:25 Y:03 P:24 SP:FF PPU: NOT IMPLEMENTED YET
C037  CA        DEX                             A:00 X:25 Y:03 P:24 SP:FF PPU: NOT IMPLEMENTED YET
C038  D0 FA     BNE $C034                       A:00 X:24 Y:03 P:24 SP:FF PPU: NOT IMPLEMENTED YET
C034  8D 07 20  STA $2007 = 00                  A:00 X:24 Y:03 P:24 SP:FF PPU: NOT IMPLEMENTED YET
C037  CA        DEX                             A:00 X:24 Y:03 P:24 SP:FF PPU: NOT IMPLEMENTED YET
C038  D0 FA     BNE $C034                       A:00 X:23 Y:03 P:24 SP:FF PPU: NOT IMPLEMENTED YET
C034  8D 07 20  STA $2007 = 00                  A:00 X:23 Y:03 P:24 SP:FF PPU: NOT IMPLEMENTED YET
C037  CA        DEX                             A:00 X:23 Y:03 P:24 SP:FF PPU: NOT IMPLEMENTED YET
C038  D0 FA     BNE $C034                       A:00 X:22 Y:03 P:24 SP:FF PPU: NOT IMPLEMENTED YET
C034  8D 07 20  STA $2007 = 00                  A:00 X:22 Y:03 P:24 SP:FF PPU: NOT IMPLEMENTED YET
C037  CA        DEX                             A:00 X:22 Y:03 P:24 SP:FF PPU: NOT IMPLEMENTED YET
C038  D0 FA     BNE $C034                       A:00 X:21 Y:03 P:24 SP:FF PPU: NOT IMPLEMENTED YET
C034  8D 07 20  STA $2007 = 00                  A:00 X:21 Y:03 P:24 SP:FF PPU: NOT IMPLEMENTED YET
C037  CA        DEX                             A:00 X:21 Y:03 P:24 SP:FF PPU: NOT IMPLEMENTED YET
C038  D0 FA     BNE $C034                       A:00 X:20 Y:03 P:24 SP:FF PPU: NOT IMPLEMENTED YET
C034  8D 07 20  STA $2007 = 00                  A:00 X:20 Y:03 P:24 SP:FF PPU: NOT IMPLEMENTED YET
C037  CA        DEX                             A:00 X:20 Y:03 P:24 SP:FF PPU: NOT IMPLEMENTED YET
C038  D0 FA     BNE $C034                       A:00 X:1F Y:03 P:24 SP:FF PPU: NOT IMPLEMENTED YET
C034  8D 07 20  STA $2007 = 00                  A:00 X:1F Y:03 P:24 SP:FF PPU: NOT IMPLEMENTED YET
C037  CA        DEX                             A:00 X:1F Y:03 P:24 SP:FF PPU: NOT IMPLEMENTED YET
C038  D0 FA     BNE $C034                       A:00 X:1E Y:03 P:24 SP:FF PPU: NOT IMPLEMENTED YET
C034  8D 07 20  STA $2007 = 00                  A:00 X:1E Y:03 P:24 SP:FF PPU: NOT IMPLEMENTED YET
C037  CA        DEX                             A:00 X:1E Y:03 P:24 SP:FF PPU: NOT IMPLEMENTED YET
C038  D0 FA     BNE $C034                       A:00 X:1D Y:03 P:24 SP:FF PPU: NOT IMPLEMENTED YET
C034  8D 07 20  STA $2007 = 00                  A:00 X:1D Y:03 P:24 SP:FF PPU: NOT IMPLEMENTED YET
C037  CA        DEX                             A:00 X:1D Y:03 P:24 SP:FF PPU: NOT IMPLEMENTED YET
C038  D0 FA     BNE $C034                       A:00 X:1C Y:03 P:24 SP:FF PPU: NOT IMPLEMENTED YET
C034  8D 07 20  STA $2007 = 00                  A:00 X:1C Y:03 P:24 SP:FF PPU: NOT IMPLEMENTED YET
C037  CA        DEX                             A:00 X:1C Y:03 P:24 SP:FF PPU: NOT IMPLEMENTED YET
C038  D0 FA     BNE $C034                       A:00 X:1B Y:03 P:24 SP:FF PPU: NOT IMPLEMENTED YET
C034  8D 07 20  STA $2007 = 00                  A:00 X:1B Y:03 P:24 SP:FF PPU: NOT IMPLEMENTED YET
C037  CA        DEX                             A:00 X:1B Y:03 P:24 SP:FF PPU: NOT IMPLEMENTED YET
C038  D0 FA     BNE $C034                       A:00 X:1A Y:03 P:24 SP:FF PPU: NOT IMPLEMENTED YET
C034  8D 07 20  STA $2007 = 00                  A:00 X:1A Y:03 P:24 SP:FF PPU: NOT IMPLEMENTED YET
C037  CA        DEX                             A:00 X:1A Y:03 P:24 SP:FF PPU: NOT IMPLEMENTED YET
C038  D0 FA     BNE $C034                       A:00 X:19 Y:03 P:24 SP:FF PPU: NOT IMPLEMENTED YET
C034  8D 07 20  STA $2007 = 00                  A:00 X:19 Y:03 P:24 SP:FF PPU: NOT IMPLEMENTED YET
C037  CA        DEX                             A:00 X:19 Y:03 P:24 SP:FF PPU: NOT IMPLEMENTED YET
C038  D0 FA     BNE $C034                       A:00 X:18 Y:03 P:24 SP:FF PPU: NOT IMPLEMENTED YET
C034  8D 07 20  STA $2007 = 00                  A:00 X:18 Y:03 P:24 SP:FF PPU: NOT IMPLEMENTED YET
C037  CA        DEX                             A:00 X:18 Y:03 P:24 SP:FF PPU: NOT IMPLEMENTED YET
C038  D0 FA     BNE $C034                       A:00 X:17 Y:03 P:24 SP:FF PPU: NOT IMPLEMENTED YET
C034  8D 07 20  STA $2007 = 00                  A:00 X:17 Y:03 P:24 SP:FF PPU: NOT IMPLEMENTED YET
C037  CA        DEX                             A:00 X:17 Y:03 P:24 SP:FF PPU: NOT IMPLEMENTED YET
C038  D0 FA     BNE $C034                       A:00 X:16 Y:03 P:24 SP:FF PPU: NOT IMPLEMENTED YET
C034  8D 07 20  STA $2007 = 00                  A:00 X:16 Y:03 P:24 SP:FF PPU: NOT IMPLEMENTED YET
C037  CA        DEX                             A:00 X:16 Y:03 P:24 SP:FF PPU: NOT IMPLEMENTED YET
C038  D0 FA     BNE $C034                       A:00 X:15 Y:03 P:24 SP:FF PPU: NOT IMPLEMENTED YET
C034  8D 07 20  STA $2007 = 00                  A:00 X:15 Y:03 P:24 SP:FF PPU: NOT IMPLEMENTED YET
C037  CA        DEX                             A:00 X:15 Y:03 P:24 SP:FF PPU: NOT IMPLEMENTED YET
C038  D0 FA     BNE $C034                       A:00 X:14 Y:03 P:24 SP:FF PPU: NOT IMPLEMENTED YET
C034  8D 07 20  STA $2007 = 00                  A:00 X:14 Y:03 P:24 SP:FF PPU: NOT IMPLEMENTED YET
C037  CA        DEX                             A:00 X:14 Y:03 P:24 SP:FF PPU: NOT IMPLEMENTED YET
C038  D0 FA     BNE $C034                       A:00 X:13 Y:03 P:24 SP:FF PPU: NOT IMPLEMENTED YET
C034  8D 07 20  STA $2007 = 00                  A:00 X:13 Y:03 P:24 SP:FF PPU: NOT IMPLEMENTED YET
C037  CA        DEX                             A:00 X:13 Y:03 P:24 SP:FF PPU: NOT IMPLEMENTED YET
C038  D0 FA     BNE $C034                       A:00 X:12 Y:03 P:24 SP:FF PPU: NOT IMPLEMENTED YET
C034  8D 07 20  STA $2007 = 00                  A:00 X:12 Y:03 P:24 SP:FF PPU: NOT IMPLEMENTED YET
C037  CA        DEX                             A:00 X:12 Y:03 P:24 SP:FF PPU: NOT IMPLEMENTED YET
C038  D0 FA     BNE $C034                       A:00 X:11 Y:03 P:24 SP:FF PPU: NOT IMPLEMENTED YET
C034  8D 07 20  STA $2007 = 00                  A:00 X:11 Y:03 P:24 SP:FF PPU: NOT IMPLEMENTED YET
C037  CA        DEX                             A:00 X:11 Y:03 P:24 SP:FF PPU: NOT IMPLEMENTED YET
C038  D0 FA     BNE $C034                       A:00 X:10 Y:03 P:24 SP:FF PPU: NOT IMPLEMENTED YET
C034  8D 07 20  STA $2007 = 00                  A:00 X:10 Y:03 P:24 SP:FF PPU: NOT IMPLEMENTED YET
C037  CA        DEX                             A:00 X:10 Y:03 P:24 SP:FF PPU: NOT IMPLEMENTED YET
C038  D0 FA     BNE $C034                       A:00 X:0F Y:03 P:24 SP:FF PPU: NOT IMPLEMENTED YET
C034  8D 07 20  STA $2007 = 00                  A:00 X:0F Y:03 P:24 SP:FF PPU: NOT IMPLEMENTED YET
C037  CA        DEX                             A:00 X:0F Y:03 P:24 SP:FF PPU: NOT IMPLEMENTED YET
C038  D0 FA     BNE $C034                       A:00 X:0E Y:03 P:24 SP:FF PPU: NOT IMPLEMENTED YET
C034  8D 07 20  STA $2007 = 00                  A:00 X:0E Y:03 P:24 SP:FF PPU: NOT IMPLEMENTED YET
C037  CA        DEX                             A:00 X:0E Y:03 P:24 SP:FF PPU: NOT IMPLEMENTED YET
C038  D0 FA     BNE $C034                       A:00 X:0D Y:03 P:24 SP:FF PPU: NOT IMPLEMENTED YET
C034  8D 07 20  STA $2007 = 00                  A:00 X:0D Y:03 P:24 SP:FF PPU: NOT IMPLEMENTED YET
C037  CA        DEX                             A:00 X:0D Y:03 P:24 SP:FF PPU: NOT IMPLEMENTED YET
C038  D0 FA     BNE $C034                       A:00 X:0C Y:03 P:24 SP:FF PPU: NOT IMPLEMENTED YET
C034  8D 07 20  STA $2007 = 00                  A:00 X:0C Y:03 P:24 SP:FF PPU: NOT IMPLEMENTED YET
C037  CA        DEX                             A:00 X:0C Y:03 P:24 SP:FF PPU: NOT IMPLEMENTED YET
C038  D0 FA     BNE $C034                       A:00 X:0B Y:03 P:24 SP:FF PPU: NOT IMPLEMENTED YET
C034  8D 07 20  STA $2007 = 00                  A:00 X:0B Y:03 P:24 SP:FF PPU: NOT IMPLEMENTED YET
C037  CA        DEX                             A:00 X:0B Y:03 P:24 SP:FF PPU: NOT IMPLEMENTED YET
C038  D0 FA     BNE $C034                       A:00 X:0A Y:03 P:24 SP:FF PPU: NOT IMPLEMENTED YET
C034  8D 07 20  STA $2007 = 00                  A:00 X:0A Y:03 P:24 SP:FF PPU: NOT IMPLEMENTED YET
C037  CA        DEX                             A:00 X:0A Y:03 P:24 SP:FF PPU: NOT IMPLEMENTED YET
C038  D0 FA     BNE $C034                       A:00 X:09 Y:03 P:24 SP:FF PPU: NOT IMPLEMENTED YET
C034  8D 07 20  STA $2007 = 00                  A:00 X:09 Y:03 P:24 SP:FF PPU: NOT IMPLEMENTED YET
C037  CA        DEX                             A:00 X:09 Y:03 P:24 SP:FF PPU: NOT IMPLEMENTED YET
C038  D0 FA     BNE $C034                       A:00 X:08 Y:03 P:24 SP:FF PPU: NOT IMPLEMENTED YET
C034  8D 07 20  STA $2007 = 00                  A:00 X:08 Y:03 P:24 SP:FF PPU: NOT IMPLEMENTED YET
C037  CA        DEX                             A:00 X:08 Y:03 P:24 SP:FF PPU: NOT IMPLEMENTED YET
C038  D0 FA     BNE $C034                       A:00 X:07 Y:03 P:24 SP:FF PPU: NOT IMPLEMENTED YET
C034  8D 07 20  STA $2007 = 00                  A:00 X:07 Y:03 P:24 SP:FF PPU: NOT IMPLEMENTED YET
C037  CA        DEX                             A:00 X:07 Y:03 P:24 SP:FF PPU: NOT IMPLEMENTED YET
C038  D0 FA     BNE $C034                       A:00 X:06 Y:03 P:24 SP:FF PPU: NOT IMPLEMENTED YET
C034  8D 07 20  STA $2007 = 00                  A:00 X:06 Y:03 P:24 SP:FF PPU: NOT IMPLEMENTED YET
C037  CA        DEX                             A:00 X:06 Y:03 P:24 SP:FF PPU: NOT IMPLEMENTED YET
C038  D0 FA     BNE $C034                       A:00 X:05 Y:03 P:24 SP:FF PPU: NOT IMPLEMENTED YET
C034  8D 07 20  STA $2007 = 00                  A:00 X:05 Y:03 P:24 SP:FF PPU: NOT IMPLEMENTED YET
C037  CA        DEX                             A:00 X:05 Y:03 P:24 SP:FF PPU: NOT IMPLEMENTED YET
C038  D0 FA     BNE $C034                       A:00 X:04 Y:03 P:24 SP:FF PPU: NOT IMPLEMENTED YET
C034  8D 07 20  STA $2007 = 00                  A:00 X:04 Y:03 P:24 SP:FF PPU: NOT IMPLEMENTED YET
C037  CA        DEX                             A:00 X:04 Y:03 P:24 SP:FF PPU: NOT IMPLEMENTED YET
C038  D0 FA     BNE $C034                       A:00 X:03 Y:03 P:24 SP:FF PPU: NOT IMPLEMENTED YET
C034  8D 07 20  STA $2007 = 00                  A:00 X:03 Y:03 P:24 SP:FF PPU: NOT IMPLEMENTED YET
C037  CA        DEX                             A:00 X:03 Y:03 P:24 SP:FF PPU: NOT IMPLEMENTED YET
C038  D0 FA     BNE $C034                       A:00 X:02 Y:03 P:24 SP:FF PPU: NOT IMPLEMENTED YET
C034  8D 07 20  STA $2007 = 00                  A:00 X:02 Y:03 P:24 SP:FF PPU: NOT IMPLEMENTED YET
C037  CA        DEX                             A:00 X:02 Y:03 P:24 SP:FF PPU: NOT IMPLEMENTED YET
C038  D0 FA     BNE $C034                       A:00 X:01 Y:03 P:24 SP:FF PPU: NOT IMPLEMENTED YET
C034  8D 07 20  STA $2007 = 00                  A:00 X:01 Y:03 P:24 SP:FF PPU: NOT IMPLEMENTED YET
C037  CA        DEX                             A:00 X:01 Y:03 P:24 SP:FF PPU: NOT IMPLEMENTED YET
C038  D0 FA     BNE $C034                       A:00 X:00 Y:03 P:26 SP:FF PPU: NOT IMPLEMENTED YET
C03A  88        DEY                             A:00 X:00 Y:03 P:26 SP:FF PPU: NOT IMPLEMENTED YET
C03B  D0 F7     BNE $C034                       A:00 X:00 Y:02 P:24 SP:FF PPU: NOT IMPLEMENTED YET
C034  8D 07 20  STA $2007 = 00                  A:00 X:00 Y:02 P:24 SP:FF PPU: NOT IMPLEMENTED YET
C037  CA        DEX                             A:00 X:00 Y:02 P:24 SP:FF PPU: NOT IMPLEMENTED YET
C038  D0 FA     BNE $C034                       A:00 X:FF Y:02 P:A4 SP:FF PPU: NOT IMPLEMENTED YET
C034  8D 07 20  STA $2007 = 00                  A:00 X:FF Y:02 P:A4 SP:FF PPU: NOT IMPLEMENTED YET
C037  CA        DEX                             A:00 X:FF Y:02 P:A4 SP:FF PPU: NOT IMPLEMENTED YET
C038  D0 FA     BNE $C034                       A:00 X:FE Y:02 P:A4 SP:FF PPU: NOT IMPLEMENTED YET
C034  8D 07 20  STA $2007 = 00                  A:00 X:FE Y:02 P:A4 SP:FF PPU: NOT IMPLEMENTED YET
C037  CA        DEX                             A:00 X:FE Y:02 P:A4 SP:FF PPU: NOT IMPLEMENTED YET
C038  D0 FA     BNE $C034                       A:00 X:FD Y:02 P:A4 SP:FF PPU: NOT IMPLEMENTED YET
C034  8D 07 20  STA $2007 = 00                  A:00 X:FD Y:02 P:A4 SP:FF PPU: NOT IMPLEMENTED YET
C037  CA        DEX                             A:00 X:FD Y:02 P:A4 SP:FF PPU: NOT IMPLEMENTED YET
C038  D0 FA     BNE $C034                       A:00 X:FC Y:02 P:A4 SP:FF PPU: NOT IMPLEMENTED YET
C034  8D 07 20  STA $2007 = 00                  A:00 X:FC Y:02 P:A4 SP:FF PPU: NOT IMPLEMENTED YET
C037  CA        DEX                             A:00 X:FC Y:02 P:A4 SP:FF PPU: NOT IMPLEMENTED YET
C038  D0 FA     BNE $C034                       A:00 X:FB Y:02 P:A4 SP:FF PPU: NOT IMPLEMENTED YET
C034  8D 07 20  STA $2007 = 00                  A:00 X:FB Y:02 P:A4 SP:FF PPU: NOT IMPLEMENTED YET
C037  CA        DEX                             A:00 X:FB Y:02 P:A4 SP:FF PPU: NOT IMPLEMENTED YET
C038  D0 FA     BNE $C034                       A:00 X:FA Y:02 P:A4 SP:FF PPU: NOT IMPLEMENTED YET
C034  8D 07 20  STA $2007 = 00                  A:00 X:FA Y:02 P:A4 SP:FF PPU: NOT IMPLEMENTED YET
C037  CA        DEX                             A:00 X:FA Y:02 P:A4 SP:FF PPU: NOT IMPLEMENTED YET
C038  D0 FA     BNE $C034                       A:00 X:F9 Y:02 P:A4 SP:FF PPU: NOT IMPLEMENTED YET
C034  8D 07 20  STA $2007 = 00                  A:00 X:F9 Y:02 P:A4 SP:FF PPU: NOT IMPLEMENTED YET
C037  CA        DEX                             A:00 X:F9 Y:02 P:A4 SP:FF PPU: NOT IMPLEMENTED YET
C038  D0 FA     BNE $C034                       A:00 X:F8 Y:02 P:A4 SP:FF PPU: NOT IMPLEMENTED YET
C034  8D 07 20  STA $2007 = 00                  A:00 X:F8 Y:02 P:A4 SP:FF PPU: NOT IMPLEMENTED YET
C037  CA        DEX                             A:00 X:F8 Y:02 P:A4 SP:FF PPU: NOT IMPLEMENTED YET
C038  D0 FA     BNE $C034                       A:00 X:F7 Y:02 P:A4 SP:FF PPU: NOT IMPLEMENTED YET
C034  8D 07 20  STA $2007 = 00                  A:00 X:F7 Y:02 P:A4 SP:FF PPU: NOT IMPLEMENTED YET
C037  CA        DEX                             A:00 X:F7 Y:02 P:A4 SP:FF PPU: NOT IMPLEMENTED YET
C038  D0 FA     BNE $C034                       A:00 X:F6 Y:02 P:A4 SP:FF PPU: NOT IMPLEMENTED YET
C034  8D 07 20  STA $2007 = 00                  A:00 X:F6 Y:02 P:A4 SP:FF PPU: NOT IMPLEMENTED YET
C037  CA        DEX                             A:00 X:F6 Y:02 P:A4 SP:FF PPU: NOT IMPLEMENTED YET
C038  D0 FA     BNE $C034                       A:00 X:F5 Y:02 P:A4 SP:FF PPU: NOT IMPLEMENTED YET
C034  8D 07 20  STA $2007 = 00                  A:00 X:F5 Y:02 P:A4 SP:FF PPU: NOT IMPLEMENTED YET
C037  CA        DEX                             A:00 X:F5 Y:02 P:A4 SP:FF PPU: NOT IMPLEMENTED YET
C038  D0 FA     BNE $C034                       A:00 X:F4 Y:02 P:A4 SP:FF PPU: NOT IMPLEMENTED YET
C034  8D 07 20  STA $2007 = 00                  A:00 X:F4 Y:02 P:A4 SP:FF PPU: NOT IMPLEMENTED YET
C037  CA        DEX                             A:00 X:F4 Y:02 P:A4 SP:FF PPU: NOT IMPLEMENTED YET
C038  D0 FA     BNE $C034                       A:00 X:F3 Y:02 P:A4 SP:FF PPU: NOT IMPLEMENTED YET
C034  8D 07 20  STA $2007 = 00                  A:00 X:F3 Y:02 P:A4 SP:FF PPU: NOT IMPLEMENTED YET
C037  CA        DEX                             A:00 X:F3 Y:02 P:A4 SP:FF PPU: NOT IMPLEMENTED YET
C038  D0 FA     BNE $C034                       A:00 X:F2 Y:02 P:A4 SP:FF PPU: NOT IMPLEMENTED YET
C034  8D 07 20  STA $2007 = 00                  A:00 X:F2 Y:02 P:A4 SP:FF PPU: NOT IMPLEMENTED YET
C037  CA        DEX                             A:00 X:F2 Y:02 P:A4 SP:FF PPU: NOT IMPLEMENTED YET
C038  D0 FA     BNE $C034                       A:00 X:F1 Y:02 P:A4 SP:FF PPU: NOT IMPLEMENTED YET
C034  8D 07 20  STA $2007 = 00                  A:00 X:F1 Y:02 P:A4 SP:FF PPU: NOT IMPLEMENTED YET
C037  CA        DEX                             A:00 X:F1 Y:02 P:A4 SP:FF PPU: NOT IMPLEMENTED YET
C038  D0 FA     BNE $C034                       A:00 X:F0 Y:02 P:A4 SP:FF PPU: NOT IMPLEMENTED YET
C034  8D 07 20  STA $2007 = 00                  A:00 X:F0 Y:02 P:A4 SP:FF PPU: NOT IMPLEMENTED YET
C037  CA        DEX                             A:00 X:F0 Y:02 P:A4 SP:FF PPU: NOT IMPLEMENTED YET
C038  D0 FA     BNE $C034                       A:00 X:EF Y:02 P:A4 SP:FF PPU: NOT IMPLEMENTED YET
C034  8D 07 20  STA $2007 = 00                  A:00 X:EF Y:02 P:A4 SP:FF PPU: NOT IMPLEMENTED YET
C037  CA        DEX                             A:00 X:EF Y:02 P:A4 SP:FF PPU: NOT IMPLEMENTED YET
C038  D0 FA     BNE $C034                       A:00 X:EE Y:02 P:A4 SP:FF PPU: NOT IMPLEMENTED YET
C034  8D 07 20  STA $2007 = 00                  A:00 X:EE Y:02 P:A4 SP:FF PPU: NOT IMPLEMENTED YET
C037  CA        DEX                             A:00 X:EE Y:02 P:A4 SP:FF PPU: NOT IMPLEMENTED YET
C038  D0 FA     BNE $C034                       A:00 X:ED Y:02 P:A4 SP:FF PPU: NOT IMPLEMENTED YET
C034  8D 07 20  STA $2007 = 00                  A:00 X:ED Y:02 P:A4 SP:FF PPU: NOT IMPLEMENTED YET
C037  CA        DEX                             A:00 X:ED Y:02 P:A4 SP:FF PPU: NOT IMPLEMENTED YET
C038  D0 FA     BNE $C034                       A:00 X:EC Y:02 P:A4 SP:FF PPU: NOT IMPLEMENTED YET
C034  8D 07 20  STA $2007 = 00                  A:00 X:EC Y:02 P:A4 SP:FF PPU: NOT IMPLEMENTED YET
C037  CA        DEX                             A:00 X:EC Y:02 P:A4 SP:FF PPU: NOT IMPLEMENTED YET
C038  D0 FA     BNE $C034                       A:00 X:EB Y:02 P:A4 SP:FF PPU: NOT IMPLEMENTED YET
C034  8D 07 20  STA $2007 = 00                  A:00 X:EB Y:02 P:A4 SP:FF PPU: NOT IMPLEMENTED YET
C037  CA        DEX                             A:00 X:EB Y:02 P:A4 SP:FF PPU: NOT IMPLEMENTED YET
C038  D0 FA     BNE $C034                       A:00 X:EA Y:02 P:A4 SP:FF PPU: NOT IMPLEMENTED YET
C034  8D 07 20  STA $2007 = 00                  A:00 X:EA Y:02 P:A4 SP:FF PPU: NOT IMPLEMENTED YET
C037  CA        DEX                             A:00 X:EA Y:02 P:A4 SP:FF PPU: NOT IMPLEMENTED YET
C038  D0 FA     BNE $C034                       A:00 X:E9 Y:02 P:A4 SP:FF PPU: NOT IMPLEMENTED YET
C034  8D 07 20  STA $2007 = 00                  A:00 X:E9 Y:02 P:A4 SP:FF PPU: NOT IMPLEMENTED YET
C037  CA        DEX                             A:00 X:E9 Y:02 P:A4 SP:FF PPU: NOT IMPLEMENTED YET
C038  D0 FA     BNE $C034                       A:00 X:E8 Y:02 P:A4 SP:FF PPU: NOT IMPLEMENTED YET
C034  8D 07 20  STA $2007 = 00                  A:00 X:E8 Y:02 P:A4 SP:FF PPU: NOT IMPLEMENTED YET
C037  CA        DEX                             A:00 X:E8 Y:02 P:A4 SP:FF PPU: NOT IMPLEMENTED YET
C038  D0 FA     BNE $C034                       A:00 X:E7 Y:02 P:A4 SP:FF PPU: NOT IMPLEMENTED YET
C034  8D 07 20  STA $2007 = 00                  A:00 X:E7 Y:02 P:A4 SP:FF PPU: NOT IMPLEMENTED YET
C037  CA        DEX                             A:00 X:E7 Y:02 P:A4 SP:FF PPU: NOT IMPLEMENTED YET
C038  D0 FA     BNE $C034                       A:00 X:E6 Y:02 P:A4 SP:FF PPU: NOT IMPLEMENTED YET
C034  8D 07 20  STA $2007 = 00                  A:00 X:E6 Y:02 P:A4 SP:FF PPU: NOT IMPLEMENTED YET
C037  CA        DEX                             A:00 X:E6 Y:02 P:A4 SP:FF PPU: NOT IMPLEMENTED YET
C038  D0 FA     BNE $C034                       A:00 X:E5 Y:02 P:A4 SP:FF PPU: NOT IMPLEMENTED YET
C034  8D 07 20  STA $2007 = 00                  A:00 X:E5 Y:02 P:A4 SP:FF PPU: NOT IMPLEMENTED YET
C037  CA        DEX                             A:00 X:E5 Y:02 P:A4 SP:FF PPU: NOT IMPLEMENTED YET
C038  D0 FA     BNE $C034                       A:00 X:E4 Y:02 P:A4 SP:FF PPU: NOT IMPLEMENTED YET
C034  8D 07 20  STA $2007 = 00                  A:00 X:E4 Y:02 P:A4 SP:FF PPU: NOT IMPLEMENTED YET
C037  CA        DEX                             A:00 X:E4 Y:02 P:A4 SP:FF PPU: NOT IMPLEMENTED YET
C038  D0 FA     BNE $C034                       A:00 X:E3 Y:02 P:A4 SP:FF PPU: NOT IMPLEMENTED YET
C034  8D 07 20  STA $2007 = 00                  A:00 X:E3 Y:02 P:A4 SP:FF PPU: NOT IMPLEMENTED YET
C037  CA        DEX                             A:00 X:E3 Y:02 P:A4 SP:FF PPU: NOT IMPLEMENTED YET
C038  D0 FA     BNE $C034                       A:00 X:E2 Y:02 P:A4 SP:FF PPU: NOT IMPLEMENTED YET
C034  8D 07 20  STA $2007 = 00                  A:00 X:E2 Y:02 P:A4 SP:FF PPU: NOT IMPLEMENTED YET
C037  CA        DEX                             A:00 X:E2 Y:02 P:A4 SP:FF PPU: NOT IMPLEMENTED YET
C038  D0 FA     BNE $C034                       A:00 X:E1 Y:02 P:A4 SP:FF PPU: NOT IMPLEMENTED YET
C034  8D 07 20  STA $2007 = 00                  A:00 X:E1 Y:02 P:A4 SP:FF PPU: NOT IMPLEMENTED YET
C037  CA        DEX                             A:00 X:E1 Y:02 P:A4 SP:FF PPU: NOT IMPLEMENTED YET
C038  D0 FA     BNE $C034                       A:00 X:E0 Y:02 P:A4 SP:FF PPU: NOT IMPLEMENTED YET
C034  8D 07 20  STA $2007 = 00                  A:00 X:E0 Y:02 P:A4 SP:FF PPU: NOT IMPLEMENTED YET
C037  CA        DEX                             A:00 X:E0 Y:02 P:A4 SP:FF PPU: NOT IMPLEMENTED YET
C038  D0 FA     BNE $C034                       A:00 X:DF Y:02 P:A4 SP:FF PPU: NOT IMPLEMENTED YET
C034  8D 07 20  STA $2007 = 00                  A:00 X:DF Y:02 P:A4 SP:FF PPU: NOT IMPLEMENTED YET
C037  CA        DEX                             A:00 X:DF Y:02 P:A4 SP:FF PPU: NOT IMPLEMENTED YET
C038  D0 FA     BNE $C034                       A:00 X:DE Y:02 P:A4 SP:FF PPU: NOT IMPLEMENTED YET
C034  8D 07 20  STA $2007 = 00                  A:00 X:DE Y:02 P:A4 SP:FF PPU: NOT IMPLEMENTED YET
C037  CA        DEX                             A:00 X:DE Y:02 P:A4 SP:FF PPU: NOT IMPLEMENTED YET
C038  D0 FA     BNE $C034                       A:00 X:DD Y:02 P:A4 SP:FF PPU: NOT IMPLEMENTED YET
C034  8D 07 20  STA $2007 = 00                  A:00 X:DD Y:02 P:A4 SP:FF PPU: NOT IMPLEMENTED YET
C037  CA        DEX                             A:00 X:DD Y:02 P:A4 SP:FF PPU: NOT IMPLEMENTED YET
C038  D0 FA     BNE $C034                       A:00 X:DC Y:02 P:A4 SP:FF PPU: NOT IMPLEMENTED YET
C034  8D 07 20  STA $2007 = 00                  A:00 X:DC Y:02 P:A4 SP:FF PPU: NOT IMPLEMENTED YET
C037  CA        DEX                             A:00 X:DC Y:02 P:A4 SP:FF PPU: NOT IMPLEMENTED YET
C038  D0 FA     BNE $C034                       A:00 X:DB Y:02 P:A4 SP:FF PPU: NOT IMPLEMENTED YET
C034  8D 07 20  STA $2007 = 00                  A:00 X:DB Y:02 P:A4 SP:FF PPU: NOT IMPLEMENTED YET
C037  CA        DEX                             A:00 X:DB Y:02 P:A4 SP:FF PPU: NOT IMPLEMENTED YET
C038  D0 FA     BNE $C034                       A:00 X:DA Y:02 P:A4 SP:FF PPU: NOT IMPLEMENTED YET
C034  8D 07 20  STA $2007 = 00                  A:00 X:DA Y:02 P:A4 SP:FF PPU: NOT IMPLEMENTED YET
C037  CA        DEX                             A:00 X:DA Y:02 P:A4 SP:FF PPU: NOT IMPLEMENTED YET
C038  D0 FA     BNE $C034                       A:00 X:D9 Y:02 P:A4 SP:FF PPU: NOT IMPLEMENTED YET
C034  8D 07 20  STA $2007 = 00                  A:00 X:D9 Y:02 P:A4 SP:FF PPU: NOT IMPLEMENTED YET
C037  CA        DEX                             A:00 X:D9 Y:02 P:A4 SP:FF PPU: NOT IMPLEMENTED YET
C038  D0 FA     BNE $C034                       A:00 X:D8 Y:02 P:A4 SP:FF PPU: NOT IMPLEMENTED YET
C034  8D 07 20  STA $2007 = 00                  A:00 X:D8 Y:02 P:A4 SP:FF PPU: NOT IMPLEMENTED YET
C037  CA        DEX                             A:00 X:D8 Y:02 P:A4 SP:FF PPU: NOT IMPLEMENTED YET
C038  D0 FA     BNE $C034                       A:00 X:D7 Y:02 P:A4 SP:FF PPU: NOT IMPLEMENTED YET
C034  8D 07 20  STA $2007 = 00                  A:00 X:D7 Y:02 P:A4 SP:FF PPU: NOT IMPLEMENTED YET
C037  CA        DEX                             A:00 X:D7 Y:02 P:A4 SP:FF PPU: NOT IMPLEMENTED YET
C038  D0 FA     BNE $C034                       A:00 X:D6 Y:02 P:A4 SP:FF PPU: NOT IMPLEMENTED YET
C034  8D 07 20  STA $2007 = 00                  A:00 X:D6 Y:02 P:A4 SP:FF PPU: NOT IMPLEMENTED YET
C037  CA        DEX                             A:00 X:D6 Y:02 P:A4 SP:FF PPU: NOT IMPLEMENTED YET
C038  D0 FA     BNE $C034                       A:00 X:D5 Y:02 P:A4 SP:FF PPU: NOT IMPLEMENTED YET
C034  8D 07 20  STA $2007 = 00                  A:00 X:D5 Y:02 P:A4 SP:FF PPU: NOT IMPLEMENTED YET
C037  CA        DEX                             A:00 X:D5 Y:02 P:A4 SP:FF PPU: NOT IMPLEMENTED YET
C038  D0 FA     BNE $C034                       A:00 X:D4 Y:02 P:A4 SP:FF PPU: NOT IMPLEMENTED YET
C034  8D 07 20  STA $2007 = 00                  A:00 X:D4 Y:02 P:A4 SP:FF PPU: NOT IMPLEMENTED YET
C037  CA        DEX                             A:00 X:D4 Y:02 P:A4 SP:FF PPU: NOT IMPLEMENTED YET
C038  D0 FA     BNE $C034                       A:00 X:D3 Y:02 P:A4 SP:FF PPU: NOT IMPLEMENTED YET
C034  8D 07 20  STA $2007 = 00                  A:00 X:D3 Y:02 P:A4 SP:FF PPU: NOT IMPLEMENTED YET
C037  CA        DEX                             A:00 X:D3 Y:02 P:A4 SP:FF PPU: NOT IMPLEMENTED YET
C038  D0 FA     BNE $C034                       A:00 X:D2 Y:02 P:A4 SP:FF PPU: NOT IMPLEMENTED YET
C034  8D 07 20  STA $2007 = 00                  A:00 X:D2 Y:02 P:A4 SP:FF PPU: NOT IMPLEMENTED YET
C037  CA        DEX                             A:00 X:D2 Y:02 P:A4 SP:FF PPU: NOT IMPLEMENTED YET
C038  D0 FA     BNE $C034                       A:00 X:D1 Y:02 P:A4 SP:FF PPU: NOT IMPLEMENTED YET
C034  8D 07 20  STA $2007 = 00                  A:00 X:D1 Y:02 P:A4 SP:FF PPU: NOT IMPLEMENTED YET
C037  CA        DEX                             A:00 X:D1 Y:02 P:A4 SP:FF PPU: NOT IMPLEMENTED YET
C038  D0 FA     BNE $C034                       A:00 X:D0 Y:02 P:A4 SP:FF PPU: NOT IMPLEMENTED YET
C034  8D 07 20  STA $2007 = 00                  A:00 X:D0 Y:02 P:A4 SP:FF PPU: NOT IMPLEMENTED YET
C037  CA        DEX                             A:00 X:D0 Y:02 P:A4 SP:FF PPU: NOT IMPLEMENTED YET
C038  D0 FA     BNE $C034                       A:00 X:CF Y:02 P:A4 SP:FF PPU: NOT IMPLEMENTED YET
C034  8D 07 20  STA $2007 = 00                  A:00 X:CF Y:02 P:A4 SP:FF PPU: NOT IMPLEMENTED YET
C037  CA        DEX                             A:00 X:CF Y:02 P:A4 SP:FF PPU: NOT IMPLEMENTED YET
C038  D0 FA     BNE $C034                       A:00 X:CE Y:02 P:A4 SP:FF PPU: NOT IMPLEMENTED YET
C034  8D 07 20  STA $2007 = 00                  A:00 X:CE Y:02 P:A4 SP:FF PPU: NOT IMPLEMENTED YET
C037  CA        DEX                             A:00 X:CE Y:02 P:A4 SP:FF PPU: NOT IMPLEMENTED YET
C038  D0 FA     BNE $C034                       A:00 X:CD Y:02 P:A4 SP:FF PPU: NOT IMPLEMENTED YET
C034  8D 07 20  STA $2007 = 00                  A:00 X:CD Y:02 P:A4 SP:FF PPU: NOT IMPLEMENTED YET
C037  CA        DEX                             A:00 X:CD Y:02 P:A4 SP:FF PPU: NOT IMPLEMENTED YET
C038  D0 FA     BNE $C034                       A:00 X:CC Y:02 P:A4 SP:FF PPU: NOT IMPLEMENTED YET
C034  8D 07 20  STA $2007 = 00                  A:00 X:CC Y:02 P:A4 SP:FF PPU: NOT IMPLEMENTED YET
C037  CA        DEX                             A:00 X:CC Y:02 P:A4 SP:FF PPU: NOT IMPLEMENTED YET
C038  D0 FA     BNE $C034                       A:00 X:CB Y:02 P:A4 SP:FF PPU: NOT IMPLEMENTED YET
C034  8D 07 20  STA $2007 = 00                  A:00 X:CB Y:02 P:A4 SP:FF PPU: NOT IMPLEMENTED YET
C037  CA        DEX                             A:00 X:CB Y:02 P:A4 SP:FF PPU: NOT IMPLEMENTED YET
C038  D0 FA     BNE $C034                       A:00 X:CA Y:02 P:A4 SP:FF PPU: NOT IMPLEMENTED YET
C034  8D 07 20  STA $2007 = 00                  A:00 X:CA Y:02 P:A4 SP:FF PPU: NOT IMPLEMENTED YET
C037  CA        DEX                             A:00 X:CA Y:02 P:A4 SP:FF PPU: NOT IMPLEMENTED YET
C038  D0 FA     BNE $C034                       A:00 X:C9 Y:02 P:A4 SP:FF PPU: NOT IMPLEMENTED YET
C034  8D 07 20  STA $2007 = 00                  A:00 X:C9 Y:02 P:A4 SP:FF PPU: NOT IMPLEMENTED YET
C037  CA        DEX                             A:00 X:C9 Y:02 P:A4 SP:FF PPU: NOT IMPLEMENTED YET
C038  D0 FA     BNE $C034                       A:00 X:C8 Y:02 P:A4 SP:FF PPU: NOT IMPLEMENTED YET
C034  8D 07 20  STA $2007 = 00                  A:00 X:C8 Y:02 P:A4 SP:FF PPU: NOT IMPLEMENTED YET
C037  CA        DEX                             A:00 X:C8 Y:02 P:A4 SP:FF PPU: NOT IMPLEMENTED YET
C038  D0 FA     BNE $C034                       A:00 X:C7 Y:02 P:A4 SP:FF PPU: NOT IMPLEMENTED YET
C034  8D 07 20  STA $2007 = 00                  A:00 X:C7 Y:02 P:A4 SP:FF PPU: NOT IMPLEMENTED YET
C037  CA        DEX                             A:00 X:C7 Y:02 P:A4 SP:FF PPU: NOT IMPLEMENTED YET
C038  D0 FA     BNE $C034                       A:00 X:C6 Y:02 P:A4 SP:FF PPU: NOT IMPLEMENTED YET
C034  8D 07 20  STA $2007 = 00                  A:00 X:C6 Y:02 P:A4 SP:FF PPU: NOT IMPLEMENTED YET
C037  CA        DEX                             A:00 X:C6 Y:02 P:A4 SP:FF PPU: NOT IMPLEMENTED YET
C038  D0 FA     BNE $C034                       A:00 X:C5 Y:02 P:A4 SP:FF PPU: NOT IMPLEMENTED YET
C034  8D 07 20  STA $2007 = 00                  A:00 X:C5 Y:02 P:A4 SP:FF PPU: NOT IMPLEMENTED YET
C037  CA        DEX                             A:00 X:C5 Y:02 P:A4 SP:FF PPU: NOT IMPLEMENTED YET
C038  D0 FA     BNE $C034                       A:00 X:C4 Y:02 P:A4 SP:FF PPU: NOT IMPLEMENTED YET
C034  8D 07 20  STA $2007 = 00                  A:00 X:C4 Y:02 P:A4 SP:FF PPU: NOT IMPLEMENTED YET
C037  CA        DEX                             A:00 X:C4 Y:02 P:A4 SP:FF PPU: NOT IMPLEMENTED YET
C038  D0 FA     BNE $C034                       A:00 X:C3 Y:02 P:A4 SP:FF PPU: NOT IMPLEMENTED YET
C034  8D 07 20  STA $2007 = 00                  A:00 X:C3 Y:02 P:A4 SP:FF PPU: NOT IMPLEMENTED YET
C037  CA        DEX                             A:00 X:C3 Y:02 P:A4 SP:FF PPU: NOT IMPLEMENTED YET
C038  D0 FA     BNE $C034                       A:00 X:C2 Y:02 P:A4 SP:FF PPU: NOT IMPLEMENTED YET
C034  8D 07 20  STA $2007 = 00                  A:00 X:C2 Y:02 P:A4 SP:FF PPU: NOT IMPLEMENTED YET
C037  CA        DEX                             A:00 X:C2 Y:02 P:A4 SP:FF PPU: NOT IMPLEMENTED YET
C038  D0 FA     BNE $C034                       A:00 X:C1 Y:02 P:A4 SP:FF PPU: NOT IMPLEMENTED YET
C034  8D 07 20  STA $2007 = 00                  A:00 X:C1 Y:02 P:A4 SP:FF PPU: NOT IMPLEMENTED YET
C037  CA        DEX                             A:00 X:C1 Y:02 P:A4 SP:FF PPU: NOT IMPLEMENTED YET
C038  D0 FA     BNE $C034                       A:00 X:C0 Y:02 P:A4 SP:FF PPU: NOT IMPLEMENTED YET
C034  8D 07 20  STA $2007 = 00                  A:00 X:C0 Y:02 P:A4 SP:FF PPU: NOT IMPLEMENTED YET
C037  CA        DEX                             A:00 X:C0 Y:02 P:A4 SP:FF PPU: NOT IMPLEMENTED YET
C038  D0 FA     BNE $C034                       A:00 X:BF Y:02 P:A4 SP:FF PPU: NOT IMPLEMENTED YET
C034  8D 07 20  STA $2007 = 00                  A:00 X:BF Y:02 P:A4 SP:FF PPU: NOT IMPLEMENTED YET
C037  CA        DEX                             A:00 X:BF Y:02 P:A4 SP:FF PPU: NOT IMPLEMENTED YET
C038  D0 FA     BNE $C034                       A:00 X:BE Y:02 P:A4 SP:FF PPU: NOT IMPLEMENTED YET
C034  8D 07 20  STA $2007 = 00                  A:00 X:BE Y:02 P:A4 SP:FF PPU: NOT IMPLEMENTED YET
C037  CA        DEX                             A:00 X:BE Y:02 P:A4 SP:FF PPU: NOT IMPLEMENTED YET
C038  D0 FA     BNE $C034                       A:00 X:BD Y:02 P:A4 SP:FF PPU: NOT IMPLEMENTED YET
C034  8D 07 20  STA $2007 = 00                  A:00 X:BD Y:02 P:A4 SP:FF PPU: NOT IMPLEMENTED YET
C037  CA        DEX                             A:00 X:BD Y:02 P:A4 SP:FF PPU: NOT IMPLEMENTED YET
C038  D0 FA     BNE $C034                       A:00 X:BC Y:02 P:A4 SP:FF PPU: NOT IMPLEMENTED YET
C034  8D 07 20  STA $2007 = 00                  A:00 X:BC Y:02 P:A4 SP:FF PPU: NOT IMPLEMENTED YET
C037  CA        DEX                             A:00 X:BC Y:02 P:A4 SP:FF PPU: NOT IMPLEMENTED YET
C038  D0 FA     BNE $C034                       A:00 X:BB Y:02 P:A4 SP:FF PPU: NOT IMPLEMENTED YET
C034  8D 07 20  STA $2007 = 00                  A:00 X:BB Y:02 P:A4 SP:FF PPU: NOT IMPLEMENTED YET
C037  CA        DEX                             A:00 X:BB Y:02 P:A4 SP:FF PPU: NOT IMPLEMENTED YET
C038  D0 FA     BNE $C034                       A:00 X:BA Y:02 P:A4 SP:FF PPU: NOT IMPLEMENTED YET
C034  8D 07 20  STA $2007 = 00                  A:00 X:BA Y:02 P:A4 SP:FF PPU: NOT IMPLEMENTED YET
C037  CA        DEX                             A:00 X:BA Y:02 P:A4 SP:FF PPU: NOT IMPLEMENTED YET
C038  D0 FA     BNE $C034                       A:00 X:B9 Y:02 P:A4 SP:FF PPU: NOT IMPLEMENTED YET
C034  8D 07 20  STA $2007 = 00                  A:00 X:B9 Y:02 P:A4 SP:FF PPU: NOT IMPLEMENTED YET
C037  CA        DEX                             A:00 X:B9 Y:02 P:A4 SP:FF PPU: NOT IMPLEMENTED YET
C038  D0 FA     BNE $C034                       A:00 X:B8 Y:02 P:A4 SP:FF PPU: NOT IMPLEMENTED YET
C034  8D 07 20  STA $2007 = 00                  A:00 X:B8 Y:02 P:A4 SP:FF PPU: NOT IMPLEMENTED YET
C037  CA        DEX                             A:00 X:B8 Y:02 P:A4 SP:FF PPU: NOT IMPLEMENTED YET
C038  D0 FA     BNE $C034                       A:00 X:B7 Y:02 P:A4 SP:FF PPU: NOT IMPLEMENTED YET
C034  8D 07 20  STA $2007 = 00                  A:00 X:B7 Y:02 P:A4 SP:FF PPU: NOT IMPLEMENTED YET
C037  CA        DEX                             A:00 X:B7 Y:02 P:A4 SP:FF PPU: NOT IMPLEMENTED YET
C038  D0 FA     BNE $C034                       A:00 X:B6 Y:02 P:A4 SP:FF PPU: NOT IMPLEMENTED YET
C034  8D 07 20  STA $2007 = 00                  A:00 X:B6 Y:02 P:A4 SP:FF PPU: NOT IMPLEMENTED YET
C037  CA        DEX                             A:00 X:B6 Y:02 P:A4 SP:FF PPU: NOT IMPLEMENTED YET
C038  D0 FA     BNE $C034                       A:00 X:B5 Y:02 P:A4 SP:FF PPU: NOT IMPLEMENTED YET
C034  8D 07 20  STA $2007 = 00                  A:00 X:B5 Y:02 P:A4 SP:FF PPU: NOT IMPLEMENTED YET
C037  CA        DEX                             A:00 X:B5 Y:02 P:A4 SP:FF PPU: NOT IMPLEMENTED YET
C038  D0 FA     BNE $C034                       A:00 X:B4 Y:02 P:A4 SP:FF PPU: NOT IMPLEMENTED YET
C034  8D 07 20  STA $2007 = 00                  A:00 X:B4 Y:02 P:A4 SP:FF PPU: NOT IMPLEMENTED YET
C037  CA        DEX                             A:00 X:B4 Y:02 P:A4 SP:FF PPU: NOT IMPLEMENTED YET
C038  D0 FA     BNE $C034                       A:00 X:B3 Y:02 P:A4 SP:FF PPU: NOT IMPLEMENTED YET
C034  8D 07 20  STA $2007 = 00                  A:00 X:B3 Y:02 P:A4 SP:FF PPU: NOT IMPLEMENTED YET
C037  CA        DEX                             A:00 X:B3 Y:02 P:A4 SP:FF PPU: NOT IMPLEMENTED YET
C038  D0 FA     BNE $C034                       A:00 X:B2 Y:02 P:A4 SP:FF PPU: NOT IMPLEMENTED YET
C034  8D 07 20  STA $2007 = 00                  A:00 X:B2 Y:02 P:A4 SP:FF PPU: NOT IMPLEMENTED YET
C037  CA        DEX                             A:00 X:B2 Y:02 P:A4 SP:FF PPU: NOT IMPLEMENTED YET
C038  D0 FA     BNE $C034                       A:00 X:B1 Y:02 P:A4 SP:FF PPU: NOT IMPLEMENTED YET
C034  8D 07 20  STA $2007 = 00                  A:00 X:B1 Y:02 P:A4 SP:FF PPU: NOT IMPLEMENTED YET
C037  CA        DEX                             A:00 X:B1 Y:02 P:A4 SP:FF PPU: NOT IMPLEMENTED YET
C038  D0 FA     BNE $C034                       A:00 X:B0 Y:02 P:A4 SP:FF PPU: NOT IMPLEMENTED YET
C034  8D 07 20  STA $2007 = 00                  A:00 X:B0 Y:02 P:A4 SP:FF PPU: NOT IMPLEMENTED YET
C037  CA        DEX                             A:00 X:B0 Y:02 P:A4 SP:FF PPU: NOT IMPLEMENTED YET
C038  D0 FA     BNE $C034                       A:00 X:AF Y:02 P:A4 SP:FF PPU: NOT IMPLEMENTED YET
C034  8D 07 20  STA $2007 = 00                  A:00 X:AF Y:02 P:A4 SP:FF PPU: NOT IMPLEMENTED YET
C037  CA        DEX                             A:00 X:AF Y:02 P:A4 SP:FF PPU: NOT IMPLEMENTED YET
C038  D0 FA     BNE $C034                       A:00 X:AE Y:02 P:A4 SP:FF PPU: NOT IMPLEMENTED YET
C034  8D 07 20  STA $2007 = 00                  A:00 X:AE Y:02 P:A4 SP:FF PPU: NOT IMPLEMENTED YET
C037  CA        DEX                             A:00 X:AE Y:02 P:A4 SP:FF PPU: NOT IMPLEMENTED YET
C038  D0 FA     BNE $C034                       A:00 X:AD Y:02 P:A4 SP:FF PPU: NOT IMPLEMENTED YET
C034  8D 07 20  STA $2007 = 00                  A:00 X:AD Y:02 P:A4 SP:FF PPU: NOT IMPLEMENTED YET
C037  CA        DEX                             A:00 X:AD Y:02 P:A4 SP:FF PPU: NOT IMPLEMENTED YET
C038  D0 FA     BNE $C034                       A:00 X:AC Y:02 P:A4 SP:FF PPU: NOT IMPLEMENTED YET
C034  8D 07 20  STA $2007 = 00                  A:00 X:AC Y:02 P:A4 SP:FF PPU: NOT IMPLEMENTED YET
C037  CA        DEX                             A:00 X:AC Y:02 P:A4 SP:FF PPU: NOT IMPLEMENTED YET
C038  D0 FA     BNE $C034                       A:00 X:AB Y:02 P:A4 SP:FF PPU: NOT IMPLEMENTED YET
C034  8D 07 20  STA $2007 = 00                  A:00 X:AB Y:02 P:A4 SP:FF PPU: NOT IMPLEMENTED YET
C037  CA        DEX                             A:00 X:AB Y:02 P:A4 SP:FF PPU: NOT IMPLEMENTED YET
C038  D0 FA     BNE $C034                       A:00 X:AA Y:02 P:A4 SP:FF PPU: NOT IMPLEMENTED YET
C034  8D 07 20  STA $2007 = 00                  A:00 X:AA Y:02 P:A4 SP:FF PPU: NOT IMPLEMENTED YET
C037  CA        DEX                             A:00 X:AA Y:02 P:A4 SP:FF PPU: NOT IMPLEMENTED YET
C038  D0 FA     BNE $C034                       A:00 X:A9 Y:02 P:A4 SP:FF PPU: NOT IMPLEMENTED YET
C034  8D 07 20  STA $2007 = 00                  A:00 X:A9 Y:02 P:A4 SP:FF PPU: NOT IMPLEMENTED YET
C037  CA        DEX                             A:00 X:A9 Y:02 P:A4 SP:FF PPU: NOT IMPLEMENTED YET
C038  D0 FA     BNE $C034                       A:00 X:A8 Y:02 P:A4 SP:FF PPU: NOT IMPLEMENTED YET
C034  8D 07 20  STA $2007 = 00                  A:00 X:A8 Y:02 P:A4 SP:FF PPU: NOT IMPLEMENTED YET
C037  CA        DEX                             A:00 X:A8 Y:02 P:A4 SP:FF PPU: NOT IMPLEMENTED YET
C038  D0 FA     BNE $C034                       A:00 X:A7 Y:02 P:A4 SP:FF PPU: NOT IMPLEMENTED YET
C034  8D 07 20  STA $2007 = 00                  A:00 X:A7 Y:02 P:A4 SP:FF PPU: NOT IMPLEMENTED YET
C037  CA        DEX                             A:00 X:A7 Y:02 P:A4 SP:FF PPU: NOT IMPLEMENTED YET
C038  D0 FA     BNE $C034                       A:00 X:A6 Y:02 P:A4 SP:FF PPU: NOT IMPLEMENTED YET
C034  8D 07 20  STA $2007 = 00                  A:00 X:A6 Y:02 P:A4 SP:FF PPU: NOT IMPLEMENTED YET
C037  CA        DEX                             A:00 X:A6 Y:02 P:A4 SP:FF PPU: NOT IMPLEMENTED YET
C038  D0 FA     BNE $C034                       A:00 X:A5 Y:02 P:A4 SP:FF PPU: NOT IMPLEMENTED YET
C034  8D 07 20  STA $2007 = 00                  A:00 X:A5 Y:02 P:A4 SP:FF PPU: NOT IMPLEMENTED YET
C037  CA        DEX                             A:00 X:A5 Y:02 P:A4 SP:FF PPU: NOT IMPLEMENTED YET
C038  D0 FA     BNE $C034                       A:00 X:A4 Y:02 P:A4 SP:FF PPU: NOT IMPLEMENTED YET
C034  8D 07 20  STA $2007 = 00                  A:00 X:A4 Y:02 P:A4 SP:FF PPU: NOT IMPLEMENTED YET
C037  CA        DEX                             A:00 X:A4 Y:02 P:A4 SP:FF PPU: NOT IMPLEMENTED YET
C038  D0 FA     BNE $C034                       A:00 X:A3 Y:02 P:A4 SP:FF PPU: NOT IMPLEMENTED YET
C034  8D 07 20  STA $2007 = 00                  A:00 X:A3 Y:02 P:A4 SP:FF PPU: NOT IMPLEMENTED YET
C037  CA        DEX                             A:00 X:A3 Y:02 P:A4 SP:FF PPU: NOT IMPLEMENTED YET
C038  D0 FA     BNE $C034                       A:00 X:A2 Y:02 P:A4 SP:FF PPU: NOT IMPLEMENTED YET
C034  8D 07 20  STA $2007 = 00                  A:00 X:A2 Y:02 P:A4 SP:FF PPU: NOT IMPLEMENTED YET
C037  CA        DEX                             A:00 X:A2 Y:02 P:A4 SP:FF PPU: NOT IMPLEMENTED YET
C038  D0 FA     BNE $C034                       A:00 X:A1 Y:02 P:A4 SP:FF PPU: NOT IMPLEMENTED YET
C034  8D 07 20  STA $2007 = 00                  A:00 X:A1 Y:02 P:A4 SP:FF PPU: NOT IMPLEMENTED YET
C037  CA        DEX                             A:00 X:A1 Y:02 P:A4 SP:FF PPU: NOT IMPLEMENTED YET
C038  D0 FA     BNE $C034                       A:00 X:A0 Y:02 P:A4 SP:FF PPU: NOT IMPLEMENTED YET
C034  8D 07 20  STA $2007 = 00                  A:00 X:A0 Y:02 P:A4 SP:FF PPU: NOT IMPLEMENTED YET
C037  CA        DEX                             A:00 X:A0 Y:02 P:A4 SP:FF PPU: NOT IMPLEMENTED YET
C038  D0 FA     BNE $C034                       A:00 X:9F Y:02 P:A4 SP:FF PPU: NOT IMPLEMENTED YET
C034  8D 07 20  STA $2007 = 00                  A:00 X:9F Y:02 P:A4 SP:FF PPU: NOT IMPLEMENTED YET
C037  CA        DEX                             A:00 X:9F Y:02 P:A4 SP:FF PPU: NOT IMPLEMENTED YET
C038  D0 FA     BNE $C034                       A:00 X:9E Y:02 P:A4 SP:FF PPU: NOT IMPLEMENTED YET
C034  8D 07 20  STA $2007 = 00                  A:00 X:9E Y:02 P:A4 SP:FF PPU: NOT IMPLEMENTED YET
C037  CA        DEX                             A:00 X:9E Y:02 P:A4 SP:FF PPU: NOT IMPLEMENTED YET
C038  D0 FA     BNE $C034                       A:00 X:9D Y:02 P:A4 SP:FF PPU: NOT IMPLEMENTED YET
C034  8D 07 20  STA $2007 = 00                  A:00 X:9D Y:02 P:A4 SP:FF PPU: NOT IMPLEMENTED YET
C037  CA        DEX                             A:00 X:9D Y:02 P:A4 SP:FF PPU: NOT IMPLEMENTED YET
C038  D0 FA     BNE $C034                       A:00 X:9C Y:02 P:A4 SP:FF PPU: NOT IMPLEMENTED YET
C034  8D 07 20  STA $2007 = 00                  A:00 X:9C Y:02 P:A4 SP:FF PPU: NOT IMPLEMENTED YET
C037  CA        DEX                             A:00 X:9C Y:02 P:A4 SP:FF PPU: NOT IMPLEMENTED YET
C038  D0 FA     BNE $C034                       A:00 X:9B Y:02 P:A4 SP:FF PPU: NOT IMPLEMENTED YET
C034  8D 07 20  STA $2007 = 00                  A:00 X:9B Y:02 P:A4 SP:FF PPU: NOT IMPLEMENTED YET
C037  CA        DEX                             A:00 X:9B Y:02 P:A4 SP:FF PPU: NOT IMPLEMENTED YET
C038  D0 FA     BNE $C034                       A:00 X:9A Y:02 P:A4 SP:FF PPU: NOT IMPLEMENTED YET
C034  8D 07 20  STA $2007 = 00                  A:00 X:9A Y:02 P:A4 SP:FF PPU: NOT IMPLEMENTED YET
C037  CA        DEX                             A:00 X:9A Y:02 P:A4 SP:FF PPU: NOT IMPLEMENTED YET
C038  D0 FA     BNE $C034                       A:00 X:99 Y:02 P:A4 SP:FF PPU: NOT IMPLEMENTED YET
C034  8D 07 20  STA $2007 = 00                  A:00 X:99 Y:02 P:A4 SP:FF PPU: NOT IMPLEMENTED YET
C037  CA        DEX                             A:00 X:99 Y:02 P:A4 SP:FF PPU: NOT IMPLEMENTED YET
C038  D0 FA     BNE $C034                       A:00 X:98 Y:02 P:A4 SP:FF PPU: NOT IMPLEMENTED YET
C034  8D 07 20  STA $2007 = 00                  A:00 X:98 Y:02 P:A4 SP:FF PPU: NOT IMPLEMENTED YET
C037  CA        DEX                             A:00 X:98 Y:02 P:A4 SP:FF PPU: NOT IMPLEMENTED YET
C038  D0 FA     BNE $C034                       A:00 X:97 Y:02 P:A4 SP:FF PPU: NOT IMPLEMENTED YET
C034  8D 07 20  STA $2007 = 00                  A:00 X:97 Y:02 P:A4 SP:FF PPU: NOT IMPLEMENTED YET
C037  CA        DEX                             A:00 X:97 Y:02 P:A4 SP:FF PPU: NOT IMPLEMENTED YET
C038  D0 FA     BNE $C034                       A:00 X:96 Y:02 P:A4 SP:FF PPU: NOT IMPLEMENTED YET
C034  8D 07 20  STA $2007 = 00                  A:00 X:96 Y:02 P:A4 SP:FF PPU: NOT IMPLEMENTED YET
C037  CA        DEX                             A:00 X:96 Y:02 P:A4 SP:FF PPU: NOT IMPLEMENTED YET
C038  D0 FA     BNE $C034                       A:00 X:95 Y:02 P:A4 SP:FF PPU: NOT IMPLEMENTED YET
C034  8D 07 20  STA $2007 = 00                  A:00 X:95 Y:02 P:A4 SP:FF PPU: NOT IMPLEMENTED YET
C037  CA        DEX                             A:00 X:95 Y:02 P:A4 SP:FF PPU: NOT IMPLEMENTED YET
C038  D0 FA     BNE $C034                       A:00 X:94 Y:02 P:A4 SP:FF PPU: NOT IMPLEMENTED YET
C034  8D 07 20  STA $2007 = 00                  A:00 X:94 Y:02 P:A4 SP:FF PPU: NOT IMPLEMENTED YET
C037  CA        DEX                             A:00 X:94 Y:02 P:A4 SP:FF PPU: NOT IMPLEMENTED YET
C038  D0 FA     BNE $C034                       A:00 X:93 Y:02 P:A4 SP:FF PPU: NOT IMPLEMENTED YET
C034  8D 07 20  STA $2007 = 00                  A:00 X:93 Y:02 P:A4 SP:FF PPU: NOT IMPLEMENTED YET
C037  CA        DEX                             A:00 X:93 Y:02 P:A4 SP:FF PPU: NOT IMPLEMENTED YET
C038  D0 FA     BNE $C034                       A:00 X:92 Y:02 P:A4 SP:FF PPU: NOT IMPLEMENTED YET
C034  8D 07 20  STA $2007 = 00                  A:00 X:92 Y:02 P:A4 SP:FF PPU: NOT IMPLEMENTED YET
C037  CA        DEX                             A:00 X:92 Y:02 P:A4 SP:FF PPU: NOT IMPLEMENTED YET
C038  D0 FA     BNE $C034                       A:00 X:91 Y:02 P:A4 SP:FF PPU: NOT IMPLEMENTED YET
C034  8D 07 20  STA $2007 = 00                  A:00 X:91 Y:02 P:A4 SP:FF PPU: NOT IMPLEMENTED YET
C037  CA        DEX                             A:00 X:91 Y:02 P:A4 SP:FF PPU: NOT IMPLEMENTED YET
C038  D0 FA     BNE $C034                       A:00 X:90 Y:02 P:A4 SP:FF PPU: NOT IMPLEMENTED YET
C034  8D 07 20  STA $2007 = 00                  A:00 X:90 Y:02 P:A4 SP:FF PPU: NOT IMPLEMENTED YET
C037  CA        DEX                             A:00 X:90 Y:02 P:A4 SP:FF PPU: NOT IMPLEMENTED YET
C038  D0 FA     BNE $C034                       A:00 X:8F Y:02 P:A4 SP:FF PPU: NOT IMPLEMENTED YET
C034  8D 07 20  STA $2007 = 00                  A:00 X:8F Y:02 P:A4 SP:FF PPU: NOT IMPLEMENTED YET
C037  CA        DEX                             A:00 X:8F Y:02 P:A4 SP:FF PPU: NOT IMPLEMENTED YET
C038  D0 FA     BNE $C034                       A:00 X:8E Y:02 P:A4 SP:FF PPU: NOT IMPLEMENTED YET
C034  8D 07 20  STA $2007 = 00                  A:00 X:8E Y:02 P:A4 SP:FF PPU: NOT IMPLEMENTED YET
C037  CA        DEX                             A:00 X:8E Y:02 P:A4 SP:FF PPU: NOT IMPLEMENTED YET
C038  D0 FA     BNE $C034                       A:00 X:8D Y:02 P:A4 SP:FF PPU: NOT IMPLEMENTED YET
C034  8D 07 20  STA $2007 = 00                  A:00 X:8D Y:02 P:A4 SP:FF PPU: NOT IMPLEMENTED YET
C037  CA        DEX                             A:00 X:8D Y:02 P:A4 SP:FF PPU: NOT IMPLEMENTED YET
C038  D0 FA     BNE $C034                       A:00 X:8C Y:02 P:A4 SP:FF PPU: NOT IMPLEMENTED YET
C034  8D 07 20  STA $2007 = 00                  A:00 X:8C Y:02 P:A4 SP:FF PPU: NOT IMPLEMENTED YET
C037  CA        DEX                             A:00 X:8C Y:02 P:A4 SP:FF PPU: NOT IMPLEMENTED YET
C038  D0 FA     BNE $C034                       A:00 X:8B Y:02 P:A4 SP:FF PPU: NOT IMPLEMENTED YET
C034  8D 07 20  STA $2007 = 00                  A:00 X:8B Y:02 P:A4 SP:FF PPU: NOT IMPLEMENTED YET
C037  CA        DEX                             A:00 X:8B Y:02 P:A4 SP:FF PPU: NOT IMPLEMENTED YET
C038  D0 FA     BNE $C034                       A:00 X:8A Y:02 P:A4 SP:FF PPU: NOT IMPLEMENTED YET
C034  8D 07 20  STA $2007 = 00                  A:00 X:8A Y:02 P:A4 SP:FF PPU: NOT IMPLEMENTED YET
C037  CA        DEX                             A:00 X:8A Y:02 P:A4 SP:FF PPU: NOT IMPLEMENTED YET
C038  D0 FA     BNE $C034                       A:00 X:89 Y:02 P:A4 SP:FF PPU: NOT IMPLEMENTED YET
C034  8D 07 20  STA $2007 = 00                  A:00 X:89 Y:02 P:A4 SP:FF PPU: NOT IMPLEMENTED YET
C037  CA        DEX                             A:00 X:89 Y:02 P:A4 SP:FF PPU: NOT IMPLEMENTED YET
C038  D0 FA     BNE $C034                       A:00 X:88 Y:02 P:A4 SP:FF PPU: NOT IMPLEMENTED YET
C034  8D 07 20  STA $2007 = 00                  A:00 X:88 Y:02 P:A4 SP:FF PPU: NOT IMPLEMENTED YET
C037  CA        DEX                             A:00 X:88 Y:02 P:A4 SP:FF PPU: NOT IMPLEMENTED YET
C038  D0 FA     BNE $C034                       A:00 X:87 Y:02 P:A4 SP:FF PPU: NOT IMPLEMENTED YET
C034  8D 07 20  STA $2007 = 00                  A:00 X:87 Y:02 P:A4 SP:FF PPU: NOT IMPLEMENTED YET
C037  CA        DEX                             A:00 X:87 Y:02 P:A4 SP:FF PPU: NOT IMPLEMENTED YET
C038  D0 FA     BNE $C034                       A:00 X:86 Y:02 P:A4 SP:FF PPU: NOT IMPLEMENTED YET
C034  8D 07 20  STA $2007 = 00                  A:00 X:86 Y:02 P:A4 SP:FF PPU: NOT IMPLEMENTED YET
C037  CA        DEX                             A:00 X:86 Y:02 P:A4 SP:FF PPU: NOT IMPLEMENTED YET
C038  D0 FA     BNE $C034                       A:00 X:85 Y:02 P:A4 SP:FF PPU: NOT IMPLEMENTED YET
C034  8D 07 20  STA $2007 = 00                  A:00 X:85 Y:02 P:A4 SP:FF PPU: NOT IMPLEMENTED YET
C037  CA        DEX                             A:00 X:85 Y:02 P:A4 SP:FF PPU: NOT IMPLEMENTED YET
C038  D0 FA     BNE $C034                       A:00 X:84 Y:02 P:A4 SP:FF PPU: NOT IMPLEMENTED YET
C034  8D 07 20  STA $2007 = 00                  A:00 X:84 Y:02 P:A4 SP:FF PPU: NOT IMPLEMENTED YET
C037  CA        DEX                             A:00 X:84 Y:02 P:A4 SP:FF PPU: NOT IMPLEMENTED YET
C038  D0 FA     BNE $C034                       A:00 X:83 Y:02 P:A4 SP:FF PPU: NOT IMPLEMENTED YET
C034  8D 07 20  STA $2007 = 00                  A:00 X:83 Y:02 P:A4 SP:FF PPU: NOT IMPLEMENTED YET
C037  CA        DEX                             A:00 X:83 Y:02 P:A4 SP:FF PPU: NOT IMPLEMENTED YET
C038  D0 FA     BNE $C034                       A:00 X:82 Y:02 P:A4 SP:FF PPU: NOT IMPLEMENTED YET
C034  8D 07 20  STA $2007 = 00                  A:00 X:82 Y:02 P:A4 SP:FF PPU: NOT IMPLEMENTED YET
C037  CA        DEX                             A:00 X:82 Y:02 P:A4 SP:FF PPU: NOT IMPLEMENTED YET
C038  D0 FA     BNE $C034                       A:00 X:81 Y:02 P:A4 SP:FF PPU: NOT IMPLEMENTED YET
C034  8D 07 20  STA $2007 = 00                  A:00 X:81 Y:02 P:A4 SP:FF PPU: NOT IMPLEMENTED YET
C037  CA        DEX                             A:00 X:81 Y:02 P:A4 SP:FF PPU: NOT IMPLEMENTED YET
C038  D0 FA     BNE $C034                       A:00 X:80 Y:02 P:A4 SP:FF PPU: NOT IMPLEMENTED YET
C034  8D 07 20  STA $2007 = 00                  A:00 X:80 Y:02 P:A4 SP:FF PPU: NOT IMPLEMENTED YET
C037  CA        DEX                             A:00 X:80 Y:02 P:A4 SP:FF PPU: NOT IMPLEMENTED YET
C038  D0 FA     BNE $C034                       A:00 X:7F Y:02 P:24 SP:FF PPU: NOT IMPLEMENTED YET
C034  8D 07 20  STA $2007 = 00                  A:00 X:7F Y:02 P:24 SP:FF PPU: NOT IMPLEMENTED YET
C037  CA        DEX                             A:00 X:7F Y:02 P:24 SP:FF PPU: NOT IMPLEMENTED YET
C038  D0 FA     BNE $C034                       A:00 X:7E Y:02 P:24 SP:FF PPU: NOT IMPLEMENTED YET
C034  8D 07 20  STA $2007 = 00                  A:00 X:7E Y:02 P:24 SP:FF PPU: NOT IMPLEMENTED YET
C037  CA        DEX                             A:00 X:7E Y:02 P:24 SP:FF PPU: NOT IMPLEMENTED YET
C038  D0 FA     BNE $C034                       A:00 X:7D Y:02 P:24 SP:FF PPU: NOT IMPLEMENTED YET
C034  8D 07 20  STA $2007 = 00                  A:00 X:7D Y:02 P:24 SP:FF PPU: NOT IMPLEMENTED YET
C037  CA        DEX                             A:00 X:7D Y:02 P:24 SP:FF PPU: NOT IMPLEMENTED YET
C038  D0 FA     BNE $C034                       A:00 X:7C Y:02 P:24 SP:FF PPU: NOT IMPLEMENTED YET
C034  8D 07 20  STA $2007 = 00                  A:00 X:7C Y:02 P:24 SP:FF PPU: NOT IMPLEMENTED YET
C037  CA        DEX                             A:00 X:7C Y:02 P:24 SP:FF PPU: NOT IMPLEMENTED YET
C038  D0 FA     BNE $C034                       A:00 X:7B Y:02 P:24 SP:FF PPU: NOT IMPLEMENTED YET
C034  8D 07 20  STA $2007 = 00                  A:00 X:7B Y:02 P:24 SP:FF PPU: NOT IMPLEMENTED YET
C037  CA        DEX                             A:00 X:7B Y:02 P:24 SP:FF PPU: NOT IMPLEMENTED YET
C038  D0 FA     BNE $C034                       A:00 X:7A Y:02 P:24 SP:FF PPU: NOT IMPLEMENTED YET
C034  8D 07 20  STA $2007 = 00                  A:00 X:7A Y:02 P:24 SP:FF PPU: NOT IMPLEMENTED YET
C037  CA        DEX                             A:00 X:7A Y:02 P:24 SP:FF PPU: NOT IMPLEMENTED YET
C038  D0 FA     BNE $C034                       A:00 X:79 Y:02 P:24 SP:FF PPU: NOT IMPLEMENTED YET
C034  8D 07 20  STA $2007 = 00                  A:00 X:79 Y:02 P:24 SP:FF PPU: NOT IMPLEMENTED YET
C037  CA        DEX                             A:00 X:79 Y:02 P:24 SP:FF PPU: NOT IMPLEMENTED YET
C038  D0 FA     BNE $C034                       A:00 X:78 Y:02 P:24 SP:FF PPU: NOT IMPLEMENTED YET
C034  8D 07 20  STA $2007 = 00                  A:00 X:78 Y:02 P:24 SP:FF PPU: NOT IMPLEMENTED YET
C037  CA        DEX                             A:00 X:78 Y:02 P:24 SP:FF PPU: NOT IMPLEMENTED YET
C038  D0 FA     BNE $C034                       A:00 X:77 Y:02 P:24 SP:FF PPU: NOT IMPLEMENTED YET
C034  8D 07 20  STA $2007 = 00                  A:00 X:77 Y:02 P:24 SP:FF PPU: NOT IMPLEMENTED YET
C037  CA        DEX                             A:00 X:77 Y:02 P:24 SP:FF PPU: NOT IMPLEMENTED YET
C038  D0 FA     BNE $C034                       A:00 X:76 Y:02 P:24 SP:FF PPU: NOT IMPLEMENTED YET
C034  8D 07 20  STA $2007 = 00                  A:00 X:76 Y:02 P:24 SP:FF PPU: NOT IMPLEMENTED YET
C037  CA        DEX                             A:00 X:76 Y:02 P:24 SP:FF PPU: NOT IMPLEMENTED YET
C038  D0 FA     BNE $C034                       A:00 X:75 Y:02 P:24 SP:FF PPU: NOT IMPLEMENTED YET
C034  8D 07 20  STA $2007 = 00                  A:00 X:75 Y:02 P:24 SP:FF PPU: NOT IMPLEMENTED YET
C037  CA        DEX                             A:00 X:75 Y:02 P:24 SP:FF PPU: NOT IMPLEMENTED YET
C038  D0 FA     BNE $C034                       A:00 X:74 Y:02 P:24 SP:FF PPU: NOT IMPLEMENTED YET
C034  8D 07 20  STA $2007 = 00                  A:00 X:74 Y:02 P:24 SP:FF PPU: NOT IMPLEMENTED YET
C037  CA        DEX                             A:00 X:74 Y:02 P:24 SP:FF PPU: NOT IMPLEMENTED YET
C038  D0 FA     BNE $C034                       A:00 X:73 Y:02 P:24 SP:FF PPU: NOT IMPLEMENTED YET
C034  8D 07 20  STA $2007 = 00                  A:00 X:73 Y:02 P:24 SP:FF PPU: NOT IMPLEMENTED YET
C037  CA        DEX                             A:00 X:73 Y:02 P:24 SP:FF PPU: NOT IMPLEMENTED YET
C038  D0 FA     BNE $C034                       A:00 X:72 Y:02 P:24 SP:FF PPU: NOT IMPLEMENTED YET
C034  8D 07 20  STA $2007 = 00                  A:00 X:72 Y:02 P:24 SP:FF PPU: NOT IMPLEMENTED YET
C037  CA        DEX                             A:00 X:72 Y:02 P:24 SP:FF PPU: NOT IMPLEMENTED YET
C038  D0 FA     BNE $C034                       A:00 X:71 Y:02 P:24 SP:FF PPU: NOT IMPLEMENTED YET
C034  8D 07 20  STA $2007 = 00                  A:00 X:71 Y:02 P:24 SP:FF PPU: NOT IMPLEMENTED YET
C037  CA        DEX                             A:00 X:71 Y:02 P:24 SP:FF PPU: NOT IMPLEMENTED YET
C038  D0 FA     BNE $C034                       A:00 X:70 Y:02 P:24 SP:FF PPU: NOT IMPLEMENTED YET
C034  8D 07 20  STA $2007 = 00                  A:00 X:70 Y:02 P:24 SP:FF PPU: NOT IMPLEMENTED YET
C037  CA        DEX                             A:00 X:70 Y:02 P:24 SP:FF PPU: NOT IMPLEMENTED YET
C038  D0 FA     BNE $C034                       A:00 X:6F Y:02 P:24 SP:FF PPU: NOT IMPLEMENTED YET
C034  8D 07 20  STA $2007 = 00                  A:00 X:6F Y:02 P:24 SP:FF PPU: NOT IMPLEMENTED YET
C037  CA        DEX                             A:00 X:6F Y:02 P:24 SP:FF PPU: NOT IMPLEMENTED YET
C038  D0 FA     BNE $C034                       A:00 X:6E Y:02 P:24 SP:FF PPU: NOT IMPLEMENTED YET
C034  8D 07 20  STA $2007 = 00                  A:00 X:6E Y:02 P:24 SP:FF PPU: NOT IMPLEMENTED YET
C037  CA        DEX                             A:00 X:6E Y:02 P:24 SP:FF PPU: NOT IMPLEMENTED YET
C038  D0 FA     BNE $C034                       A:00 X:6D Y:02 P:24 SP:FF PPU: NOT IMPLEMENTED YET
C034  8D 07 20  STA $2007 = 00                  A:00 X:6D Y:02 P:24 SP:FF PPU: NOT IMPLEMENTED YET
C037  CA        DEX                             A:00 X:6D Y:02 P:24 SP:FF PPU: NOT IMPLEMENTED YET
C038  D0 FA     BNE $C034                       A:00 X:6C Y:02 P:24 SP:FF PPU: NOT IMPLEMENTED YET
C034  8D 07 20  STA $2007 = 00                  A:00 X:6C Y:02 P:24 SP:FF PPU: NOT IMPLEMENTED YET
C037  CA        DEX                             A:00 X:6C Y:02 P:24 SP:FF PPU: NOT IMPLEMENTED YET
C038  D0 FA     BNE $C034                       A:00 X:6B Y:02 P:24 SP:FF PPU: NOT IMPLEMENTED YET
C034  8D 07 20  STA $2007 = 00                  A:00 X:6B Y:02 P:24 SP:FF PPU: NOT IMPLEMENTED YET
C037  CA        DEX                             A:00 X:6B Y:02 P:24 SP:FF PPU: NOT IMPLEMENTED YET
C038  D0 FA     BNE $C034                       A:00 X:6A Y:02 P:24 SP:FF PPU: NOT IMPLEMENTED YET
C034  8D 07 20  STA $2007 = 00                  A:00 X:6A Y:02 P:24 SP:FF PPU: NOT IMPLEMENTED YET
C037  CA        DEX                             A:00 X:6A Y:02 P:24 SP:FF PPU: NOT IMPLEMENTED YET
C038  D0 FA     BNE $C034                       A:00 X:69 Y:02 P:24 SP:FF PPU: NOT IMPLEMENTED YET
C034  8D 07 20  STA $2007 = 00                  A:00 X:69 Y:02 P:24 SP:FF PPU: NOT IMPLEMENTED YET
C037  CA        DEX                             A:00 X:69 Y:02 P:24 SP:FF PPU: NOT IMPLEMENTED YET
C038  D0 FA     BNE $C034                       A:00 X:68 Y:02 P:24 SP:FF PPU: NOT IMPLEMENTED YET
C034  8D 07 20  STA $2007 = 00                  A:00 X:68 Y:02 P:24 SP:FF PPU: NOT IMPLEMENTED YET
C037  CA        DEX                             A:00 X:68 Y:02 P:24 SP:FF PPU: NOT IMPLEMENTED YET
C038  D0 FA     BNE $C034                       A:00 X:67 Y:02 P:24 SP:FF PPU: NOT IMPLEMENTED YET
C034  8D 07 20  STA $2007 = 00                  A:00 X:67 Y:02 P:24 SP:FF PPU: NOT IMPLEMENTED YET
C037  CA        DEX                             A:00 X:67 Y:02 P:24 SP:FF PPU: NOT IMPLEMENTED YET
C038  D0 FA     BNE $C034                       A:00 X:66 Y:02 P:24 SP:FF PPU: NOT IMPLEMENTED YET
C034  8D 07 20  STA $2007 = 00                  A:00 X:66 Y:02 P:24 SP:FF PPU: NOT IMPLEMENTED YET
C037  CA        DEX                             A:00 X:66 Y:02 P:24 SP:FF PPU: NOT IMPLEMENTED YET
C038  D0 FA     BNE $C034                       A:00 X:65 Y:02 P:24 SP:FF PPU: NOT IMPLEMENTED YET
C034  8D 07 20  STA $2007 = 00                  A:00 X:65 Y:02 P:24 SP:FF PPU: NOT IMPLEMENTED YET
C037  CA        DEX                             A:00 X:65 Y:02 P:24 SP:FF PPU: NOT IMPLEMENTED YET
C038  D0 FA     BNE $C034                       A:00 X:64 Y:02 P:24 SP:FF PPU: NOT IMPLEMENTED YET
C034  8D 07 20  STA $2007 = 00                  A:00 X:64 Y:02 P:24 SP:FF PPU: NOT IMPLEMENTED YET
C037  CA        DEX                             A:00 X:64 Y:02 P:24 SP:FF PPU: NOT IMPLEMENTED YET
C038  D0 FA     BNE $C034                       A:00 X:63 Y:02 P:24 SP:FF PPU: NOT IMPLEMENTED YET
C034  8D 07 20  STA $2007 = 00                  A:00 X:63 Y:02 P:24 SP:FF PPU: NOT IMPLEMENTED YET
C037  CA        DEX                             A:00 X:63 Y:02 P:24 SP:FF PPU: NOT IMPLEMENTED YET
C038  D0 FA     BNE $C034                       A:00 X:62 Y:02 P:24 SP:FF PPU: NOT IMPLEMENTED YET
C034  8D 07 20  STA $2007 = 00                  A:00 X:62 Y:02 P:24 SP:FF PPU: NOT IMPLEMENTED YET
C037  CA        DEX                             A:00 X:62 Y:02 P:24 SP:FF PPU: NOT IMPLEMENTED YET
C038  D0 FA     BNE $C034                       A:00 X:61 Y:02 P:24 SP:FF PPU: NOT IMPLEMENTED YET
C034  8D 07 20  STA $2007 = 00                  A:00 X:61 Y:02 P:24 SP:FF PPU: NOT IMPLEMENTED YET
C037  CA        DEX                             A:00 X:61 Y:02 P:24 SP:FF PPU: NOT IMPLEMENTED YET
C038  D0 FA     BNE $C034                       A:00 X:60 Y:02 P:24 SP:FF PPU: NOT IMPLEMENTED YET
C034  8D 07 20  STA $2007 = 00                  A:00 X:60 Y:02 P:24 SP:FF PPU: NOT IMPLEMENTED YET
C037  CA        DEX                             A:00 X:60 Y:02 P:24 SP:FF PPU: NOT IMPLEMENTED YET
C038  D0 FA     BNE $C034                       A:00 X:5F Y:02 P:24 SP:FF PPU: NOT IMPLEMENTED YET
C034  8D 07 20  STA $2007 = 00                  A:00 X:5F Y:02 P:24 SP:FF PPU: NOT IMPLEMENTED YET
C037  CA        DEX                             A:00 X:5F Y:02 P:24 SP:FF PPU: NOT IMPLEMENTED YET
C038  D0 FA     BNE $C034                       A:00 X:5E Y:02 P:24 SP:FF PPU: NOT IMPLEMENTED YET
C034  8D 07 20  STA $2007 = 00                  A:00 X:5E Y:02 P:24 SP:FF PPU: NOT IMPLEMENTED YET
C037  CA        DEX                             A:00 X:5E Y:02 P:24 SP:FF PPU: NOT IMPLEMENTED YET
C038  D0 FA     BNE $C034                       A:00 X:5D Y:02 P:24 SP:FF PPU: NOT IMPLEMENTED YET
C034  8D 07 20  STA $2007 = 00                  A:00 X:5D Y:02 P:24 SP:FF PPU: NOT IMPLEMENTED YET
C037  CA        DEX                             A:00 X:5D Y:02 P:24 SP:FF PPU: NOT IMPLEMENTED YET
C038  D0 FA     BNE $C034                       A:00 X:5C Y:02 P:24 SP:FF PPU: NOT IMPLEMENTED YET
C034  8D 07 20  STA $2007 = 00                  A:00 X:5C Y:02 P:24 SP:FF PPU: NOT IMPLEMENTED YET
C037  CA        DEX                             A:00 X:5C Y:02 P:24 SP:FF PPU: NOT IMPLEMENTED YET
C038  D0 FA     BNE $C034                       A:00 X:5B Y:02 P:24 SP:FF PPU: NOT IMPLEMENTED YET
C034  8D 07 20  STA $2007 = 00                  A:00 X:5B Y:02 P:24 SP:FF PPU: NOT IMPLEMENTED YET
C037  CA        DEX                             A:00 X:5B Y:02 P:24 SP:FF PPU: NOT IMPLEMENTED YET
C038  D0 FA     BNE $C034                       A:00 X:5A Y:02 P:24 SP:FF PPU: NOT IMPLEMENTED YET
C034  8D 07 20  STA $2007 = 00                  A:00 X:5A Y:02 P:24 SP:FF PPU: NOT IMPLEMENTED YET
C037  CA        DEX                             A:00 X:5A Y:02 P:24 SP:FF PPU: NOT IMPLEMENTED YET
C038  D0 FA     BNE $C034                       A:00 X:59 Y:02 P:24 SP:FF PPU: NOT IMPLEMENTED YET
C034  8D 07 20  STA $2007 = 00                  A:00 X:59 Y:02 P:24 SP:FF PPU: NOT IMPLEMENTED YET
C037  CA        DEX                             A:00 X:59 Y:02 P:24 SP:FF PPU: NOT IMPLEMENTED YET
C038  D0 FA     BNE $C034                       A:00 X:58 Y:02 P:24 SP:FF PPU: NOT IMPLEMENTED YET
C034  8D 07 20  STA $2007 = 00                  A:00 X:58 Y:02 P:24 SP:FF PPU: NOT IMPLEMENTED YET
C037  CA        DEX                             A:00 X:58 Y:02 P:24 SP:FF PPU: NOT IMPLEMENTED YET
C038  D0 FA     BNE $C034                       A:00 X:57 Y:02 P:24 SP:FF PPU: NOT IMPLEMENTED YET
C034  8D 07 20  STA $2007 = 00                  A:00 X:57 Y:02 P:24 SP:FF PPU: NOT IMPLEMENTED YET
C037  CA        DEX                             A:00 X:57 Y:02 P:24 SP:FF PPU: NOT IMPLEMENTED YET
C038  D0 FA     BNE $C034                       A:00 X:56 Y:02 P:24 SP:FF PPU: NOT IMPLEMENTED YET
C034  8D 07 20  STA $2007 = 00                  A:00 X:56 Y:02 P:24 SP:FF PPU: NOT IMPLEMENTED YET
C037  CA        DEX                             A:00 X:56 Y:02 P:24 SP:FF PPU: NOT IMPLEMENTED YET
C038  D0 FA     BNE $C034                       A:00 X:55 Y:02 P:24 SP:FF PPU: NOT IMPLEMENTED YET
C034  8D 07 20  STA $2007 = 00                  A:00 X:55 Y:02 P:24 SP:FF PPU: NOT IMPLEMENTED YET
C037  CA        DEX                             A:00 X:55 Y:02 P:24 SP:FF PPU: NOT IMPLEMENTED YET
C038  D0 FA     BNE $C034                       A:00 X:54 Y:02 P:24 SP:FF PPU: NOT IMPLEMENTED YET
C034  8D 07 20  STA $2007 = 00                  A:00 X:54 Y:02 P:24 SP:FF PPU: NOT IMPLEMENTED YET
C037  CA        DEX                             A:00 X:54 Y:02 P:24 SP:FF PPU: NOT IMPLEMENTED YET
C038  D0 FA     BNE $C034                       A:00 X:53 Y:02 P:24 SP:FF PPU: NOT IMPLEMENTED YET
C034  8D 07 20  STA $2007 = 00                  A:00 X:53 Y:02 P:24 SP:FF PPU: NOT IMPLEMENTED YET
C037  CA        DEX                             A:00 X:53 Y:02 P:24 SP:FF PPU: NOT IMPLEMENTED YET
C038  D0 FA     BNE $C034                       A:00 X:52 Y:02 P:24 SP:FF PPU: NOT IMPLEMENTED YET
C034  8D 07 20  STA $2007 = 00                  A:00 X:52 Y:02 P:24 SP:FF PPU: NOT IMPLEMENTED YET
C037  CA        DEX                             A:00 X:52 Y:02 P:24 SP:FF PPU: NOT IMPLEMENTED YET
C038  D0 FA     BNE $C034                       A:00 X:51 Y:02 P:24 SP:FF PPU: NOT IMPLEMENTED YET
C034  8D 07 20  STA $2007 = 00                  A:00 X:51 Y:02 P:24 SP:FF PPU: NOT IMPLEMENTED YET
C037  CA        DEX                             A:00 X:51 Y:02 P:24 SP:FF PPU: NOT IMPLEMENTED YET
C038  D0 FA     BNE $C034                       A:00 X:50 Y:02 P:24 SP:FF PPU: NOT IMPLEMENTED YET
C034  8D 07 20  STA $2007 = 00                  A:00 X:50 Y:02 P:24 SP:FF PPU: NOT IMPLEMENTED YET
C037  CA        DEX                             A:00 X:50 Y:02 P:24 SP:FF PPU: NOT IMPLEMENTED YET
C038  D0 FA     BNE $C034                       A:00 X:4F Y:02 P:24 SP:FF PPU: NOT IMPLEMENTED YET
C034  8D 07 20  STA $2007 = 00                  A:00 X:4F Y:02 P:24 SP:FF PPU: NOT IMPLEMENTED YET
C037  CA        DEX                             A:00 X:4F Y:02 P:24 SP:FF PPU: NOT IMPLEMENTED YET
C038  D0 FA     BNE $C034                       A:00 X:4E Y:02 P:24 SP:FF PPU: NOT IMPLEMENTED YET
C034  8D 07 20  STA $2007 = 00                  A:00 X:4E Y:02 P:24 SP:FF PPU: NOT IMPLEMENTED YET
C037  CA        DEX                             A:00 X:4E Y:02 P:24 SP:FF PPU: NOT IMPLEMENTED YET
C038  D0 FA     BNE $C034                       A:00 X:4D Y:02 P:24 SP:FF PPU: NOT IMPLEMENTED YET
C034  8D 07 20  STA $2007 = 00                  A:00 X:4D Y:02 P:24 SP:FF PPU: NOT IMPLEMENTED YET
C037  CA        DEX                             A:00 X:4D Y:02 P:24 SP:FF PPU: NOT IMPLEMENTED YET
C038  D0 FA     BNE $C034                       A:00 X:4C Y:02 P:24 SP:FF PPU: NOT IMPLEMENTED YET
C034  8D 07 20  STA $2007 = 00                  A:00 X:4C Y:02 P:24 SP:FF PPU: NOT IMPLEMENTED YET
C037  CA        DEX                             A:00 X:4C Y:02 P:24 SP:FF PPU: NOT IMPLEMENTED YET
C038  D0 FA     BNE $C034                       A:00 X:4B Y:02 P:24 SP:FF PPU: NOT IMPLEMENTED YET
C034  8D 07 20  STA $2007 = 00                  A:00 X:4B Y:02 P:24 SP:FF PPU: NOT IMPLEMENTED YET
C037  CA        DEX                             A:00 X:4B Y:02 P:24 SP:FF PPU: NOT IMPLEMENTED YET
C038  D0 FA     BNE $C034                       A:00 X:4A Y:02 P:24 SP:FF PPU: NOT IMPLEMENTED YET
C034  8D 07 20  STA $2007 = 00                  A:00 X:4A Y:02 P:24 SP:FF PPU: NOT IMPLEMENTED YET
C037  CA        DEX                             A:00 X:4A Y:02 P:24 SP:FF PPU: NOT IMPLEMENTED YET
C038  D0 FA     BNE $C034                       A:00 X:49 Y:02 P:24 SP:FF PPU: NOT IMPLEMENTED YET
C034  8D 07 20  STA $2007 = 00                  A:00 X:49 Y:02 P:24 SP:FF PPU: NOT IMPLEMENTED YET
C037  CA        DEX                             A:00 X:49 Y:02 P:24 SP:FF PPU: NOT IMPLEMENTED YET
C038  D0 FA     BNE $C034                       A:00 X:48 Y:02 P:24 SP:FF PPU: NOT IMPLEMENTED YET
C034  8D 07 20  STA $2007 = 00                  A:00 X:48 Y:02 P:24 SP:FF PPU: NOT IMPLEMENTED YET
C037  CA        DEX                             A:00 X:48 Y:02 P:24 SP:FF PPU: NOT IMPLEMENTED YET
C038  D0 FA     BNE $C034                       A:00 X:47 Y:02 P:24 SP:FF PPU: NOT IMPLEMENTED YET
C034  8D 07 20  STA $2007 = 00                  A:00 X:47 Y:02 P:24 SP:FF PPU: NOT IMPLEMENTED YET
C037  CA        DEX                             A:00 X:47 Y:02 P:24 SP:FF PPU: NOT IMPLEMENTED YET
C038  D0 FA     BNE $C034                       A:00 X:46 Y:02 P:24 SP:FF PPU: NOT IMPLEMENTED YET
C034  8D 07 20  STA $2007 = 00                  A:00 X:46 Y:02 P:24 SP:FF PPU: NOT IMPLEMENTED YET
C037  CA        DEX                             A:00 X:46 Y:02 P:24 SP:FF PPU: NOT IMPLEMENTED YET
C038  D0 FA     BNE $C034                       A:00 X:45 Y:02 P:24 SP:FF PPU: NOT IMPLEMENTED YET
C034  8D 07 20  STA $2007 = 00                  A:00 X:45 Y:02 P:24 SP:FF PPU: NOT IMPLEMENTED YET
C037  CA        DEX                             A:00 X:45 Y:02 P:24 SP:FF PPU: NOT IMPLEMENTED YET
C038  D0 FA     BNE $C034                       A:00 X:44 Y:02 P:24 SP:FF PPU: NOT IMPLEMENTED YET
C034  8D 07 20  STA $2007 = 00                  A:00 X:44 Y:02 P:24 SP:FF PPU: NOT IMPLEMENTED YET
C037  CA        DEX                             A:00 X:44 Y:02 P:24 SP:FF PPU: NOT IMPLEMENTED YET
C038  D0 FA     BNE $C034                       A:00 X:43 Y:02 P:24 SP:FF PPU: NOT IMPLEMENTED YET
C034  8D 07 20  STA $2007 = 00                  A:00 X:43 Y:02 P:24 SP:FF PPU: NOT IMPLEMENTED YET
C037  CA        DEX                             A:00 X:43 Y:02 P:24 SP:FF PPU: NOT IMPLEMENTED YET
C038  D0 FA     BNE $C034                       A:00 X:42 Y:02 P:24 SP:FF PPU: NOT IMPLEMENTED YET
C034  8D 07 20  STA $2007 = 00                  A:00 X:42 Y:02 P:24 SP:FF PPU: NOT IMPLEMENTED YET
C037  CA        DEX                             A:00 X:42 Y:02 P:24 SP:FF PPU: NOT IMPLEMENTED YET
C038  D0 FA     BNE $C034                       A:00 X:41 Y:02 P:24 SP:FF PPU: NOT IMPLEMENTED YET
C034  8D 07 20  STA $2007 = 00                  A:00 X:41 Y:02 P:24 SP:FF PPU: NOT IMPLEMENTED YET
C037  CA        DEX                             A:00 X:41 Y:02 P:24 SP:FF PPU: NOT IMPLEMENTED YET
C038  D0 FA     BNE $C034                       A:00 X:40 Y:02 P:24 SP:FF PPU: NOT IMPLEMENTED YET
C034  8D 07 20  STA $2007 = 00                  A:00 X:40 Y:02 P:24 SP:FF PPU: NOT IMPLEMENTED YET
C037  CA        DEX                             A:00 X:40 Y:02 P:24 SP:FF PPU: NOT IMPLEMENTED YET
C038  D0 FA     BNE $C034                       A:00 X:3F Y:02 P:24 SP:FF PPU: NOT IMPLEMENTED YET
C034  8D 07 20  STA $2007 = 00                  A:00 X:3F Y:02 P:24 SP:FF PPU: NOT IMPLEMENTED YET
C037  CA        DEX                             A:00 X:3F Y:02 P:24 SP:FF PPU: NOT IMPLEMENTED YET
C038  D0 FA     BNE $C034                       A:00 X:3E Y:02 P:24 SP:FF PPU: NOT IMPLEMENTED YET
C034  8D 07 20  STA $2007 = 00                  A:00 X:3E Y:02 P:24 SP:FF PPU: NOT IMPLEMENTED YET
C037  CA        DEX                             A:00 X:3E Y:02 P:24 SP:FF PPU: NOT IMPLEMENTED YET
C038  D0 FA     BNE $C034                       A:00 X:3D Y:02 P:24 SP:FF PPU: NOT IMPLEMENTED YET
C034  8D 07 20  STA $2007 = 00                  A:00 X:3D Y:02 P:24 SP:FF PPU: NOT IMPLEMENTED YET
C037  CA        DEX                             A:00 X:3D Y:02 P:24 SP:FF PPU: NOT IMPLEMENTED YET
C038  D0 FA     BNE $C034                       A:00 X:3C Y:02 P:24 SP:FF PPU: NOT IMPLEMENTED YET
C034  8D 07 20  STA $2007 = 00                  A:00 X:3C Y:02 P:24 SP:FF PPU: NOT IMPLEMENTED YET
C037  CA        DEX                             A:00 X:3C Y:02 P:24 SP:FF PPU: NOT IMPLEMENTED YET
C038  D0 FA     BNE $C034                       A:00 X:3B Y:02 P:24 SP:FF PPU: NOT IMPLEMENTED YET
C034  8D 07 20  STA $2007 = 00                  A:00 X:3B Y:02 P:24 SP:FF PPU: NOT IMPLEMENTED YET
C037  CA        DEX                             A:00 X:3B Y:02 P:24 SP:FF PPU: NOT IMPLEMENTED YET
C038  D0 FA     BNE $C034                       A:00 X:3A Y:02 P:24 SP:FF PPU: NOT IMPLEMENTED YET
C034  8D 07 20  STA $2007 = 00                  A:00 X:3A Y:02 P:24 SP:FF PPU: NOT IMPLEMENTED YET
C037  CA        DEX                             A:00 X:3A Y:02 P:24 SP:FF PPU: NOT IMPLEMENTED YET
C038  D0 FA     BNE $C034                       A:00 X:39 Y:02 P:24 SP:FF PPU: NOT IMPLEMENTED YET
C034  8D 07 20  STA $2007 = 00                  A:00 X:39 Y:02 P:24 SP:FF PPU: NOT IMPLEMENTED YET
C037  CA        DEX                             A:00 X:39 Y:02 P:24 SP:FF PPU: NOT IMPLEMENTED YET
C038  D0 FA     BNE $C034                       A:00 X:38 Y:02 P:24 SP:FF PPU: NOT IMPLEMENTED YET
C034  8D 07 20  STA $2007 = 00                  A:00 X:38 Y:02 P:24 SP:FF PPU: NOT IMPLEMENTED YET
C037  CA        DEX                             A:00 X:38 Y:02 P:24 SP:FF PPU: NOT IMPLEMENTED YET
C038  D0 FA     BNE $C034                       A:00 X:37 Y:02 P:24 SP:FF PPU: NOT IMPLEMENTED YET
C034  8D 07 20  STA $2007 = 00                  A:00 X:37 Y:02 P:24 SP:FF PPU: NOT IMPLEMENTED YET
C037  CA        DEX                             A:00 X:37 Y:02 P:24 SP:FF PPU: NOT IMPLEMENTED YET
C038  D0 FA     BNE $C034                       A:00 X:36 Y:02 P:24 SP:FF PPU: NOT IMPLEMENTED YET
C034  8D 07 20  STA $2007 = 00                  A:00 X:36 Y:02 P:24 SP:FF PPU: NOT IMPLEMENTED YET
C037  CA        DEX                             A:00 X:36 Y:02 P:24 SP:FF PPU: NOT IMPLEMENTED YET
C038  D0 FA     BNE $C034                       A:00 X:35 Y:02 P:24 SP:FF PPU: NOT IMPLEMENTED YET
C034  8D 07 20  STA $2007 = 00                  A:00 X:35 Y:02 P:24 SP:FF PPU: NOT IMPLEMENTED YET
C037  CA        DEX                             A:00 X:35 Y:02 P:24 SP:FF PPU: NOT IMPLEMENTED YET
C038  D0 FA     BNE $C034                       A:00 X:34 Y:02 P:24 SP:FF PPU: NOT IMPLEMENTED YET
C034  8D 07 20  STA $2007 = 00                  A:00 X:34 Y:02 P:24 SP:FF PPU: NOT IMPLEMENTED YET
C037  CA        DEX                             A:00 X:34 Y:02 P:24 SP:FF PPU: NOT IMPLEMENTED YET
C038  D0 FA     BNE $C034                       A:00 X:33 Y:02 P:24 SP:FF PPU: NOT IMPLEMENTED YET
C034  8D 07 20  STA $2007 = 00                  A:00 X:33 Y:02 P:24 SP:FF PPU: NOT IMPLEMENTED YET
C037  CA        DEX                             A:00 X:33 Y:02 P:24 SP:FF PPU: NOT IMPLEMENTED YET
C038  D0 FA     BNE $C034                       A:00 X:32 Y:02 P:24 SP:FF PPU: NOT IMPLEMENTED YET
C034  8D 07 20  STA $2007 = 00                  A:00 X:32 Y:02 P:24 SP:FF PPU: NOT IMPLEMENTED YET
C037  CA        DEX                             A:00 X:32 Y:02 P:24 SP:FF PPU: NOT IMPLEMENTED YET
C038  D0 FA     BNE $C034                       A:00 X:31 Y:02 P:24 SP:FF PPU: NOT IMPLEMENTED YET
C034  8D 07 20  STA $2007 = 00                  A:00 X:31 Y:02 P:24 SP:FF PPU: NOT IMPLEMENTED YET
C037  CA        DEX                             A:00 X:31 Y:02 P:24 SP:FF PPU: NOT IMPLEMENTED YET
C038  D0 FA     BNE $C034                       A:00 X:30 Y:02 P:24 SP:FF PPU: NOT IMPLEMENTED YET
C034  8D 07 20  STA $2007 = 00                  A:00 X:30 Y:02 P:24 SP:FF PPU: NOT IMPLEMENTED YET
C037  CA        DEX                             A:00 X:30 Y:02 P:24 SP:FF PPU: NOT IMPLEMENTED YET
C038  D0 FA     BNE $C034                       A:00 X:2F Y:02 P:24 SP:FF PPU: NOT IMPLEMENTED YET
C034  8D 07 20  STA $2007 = 00                  A:00 X:2F Y:02 P:24 SP:FF PPU: NOT IMPLEMENTED YET
C037  CA        DEX                             A:00 X:2F Y:02 P:24 SP:FF PPU: NOT IMPLEMENTED YET
C038  D0 FA     BNE $C034                       A:00 X:2E Y:02 P:24 SP:FF PPU: NOT IMPLEMENTED YET
C034  8D 07 20  STA $2007 = 00                  A:00 X:2E Y:02 P:24 SP:FF PPU: NOT IMPLEMENTED YET
C037  CA        DEX                             A:00 X:2E Y:02 P:24 SP:FF PPU: NOT IMPLEMENTED YET
C038  D0 FA     BNE $C034                       A:00 X:2D Y:02 P:24 SP:FF PPU: NOT IMPLEMENTED YET
C034  8D 07 20  STA $2007 = 00                  A:00 X:2D Y:02 P:24 SP:FF PPU: NOT IMPLEMENTED YET
C037  CA        DEX                             A:00 X:2D Y:02 P:24 SP:FF PPU: NOT IMPLEMENTED YET
C038  D0 FA     BNE $C034                       A:00 X:2C Y:02 P:24 SP:FF PPU: NOT IMPLEMENTED YET
C034  8D 07 20  STA $2007 = 00                  A:00 X:2C Y:02 P:24 SP:FF PPU: NOT IMPLEMENTED YET
C037  CA        DEX                             A:00 X:2C Y:02 P:24 SP:FF PPU: NOT IMPLEMENTED YET
C038  D0 FA     BNE $C034                       A:00 X:2B Y:02 P:24 SP:FF PPU: NOT IMPLEMENTED YET
C034  8D 07 20  STA $2007 = 00                  A:00 X:2B Y:02 P:24 SP:FF PPU: NOT IMPLEMENTED YET
C037  CA        DEX                             A:00 X:2B Y:02 P:24 SP:FF PPU: NOT IMPLEMENTED YET
C038  D0 FA     BNE $C034                       A:00 X:2A Y:02 P:24 SP:FF PPU: NOT IMPLEMENTED YET
C034  8D 07 20  STA $2007 = 00                  A:00 X:2A Y:02 P:24 SP:FF PPU: NOT IMPLEMENTED YET
C037  CA        DEX                             A:00 X:2A Y:02 P:24 SP:FF PPU: NOT IMPLEMENTED YET
C038  D0 FA     BNE $C034                       A:00 X:29 Y:02 P:24 SP:FF PPU: NOT IMPLEMENTED YET
C034  8D 07 20  STA $2007 = 00                  A:00 X:29 Y:02 P:24 SP:FF PPU: NOT IMPLEMENTED YET
C037  CA        DEX                             A:00 X:29 Y:02 P:24 SP:FF PPU: NOT IMPLEMENTED YET
C038  D0 FA     BNE $C034                       A:00 X:28 Y:02 P:24 SP:FF PPU: NOT IMPLEMENTED YET
C034  8D 07 20  STA $2007 = 00                  A:00 X:28 Y:02 P:24 SP:FF PPU: NOT IMPLEMENTED YET
C037  CA        DEX                             A:00 X:28 Y:02 P:24 SP:FF PPU: NOT IMPLEMENTED YET
C038  D0 FA     BNE $C034                       A:00 X:27 Y:02 P:24 SP:FF PPU: NOT IMPLEMENTED YET
C034  8D 07 20  STA $2007 = 00                  A:00 X:27 Y:02 P:24 SP:FF PPU: NOT IMPLEMENTED YET
C037  CA        DEX                             A:00 X:27 Y:02 P:24 SP:FF PPU: NOT IMPLEMENTED YET
C038  D0 FA     BNE $C034                       A:00 X:26 Y:02 P:24 SP:FF PPU: NOT IMPLEMENTED YET
C034  8D 07 20  STA $2007 = 00                  A:00 X:26 Y:02 P:24 SP:FF PPU: NOT IMPLEMENTED YET
C037  CA        DEX                             A:00 X:26 Y:02 P:24 SP:FF PPU: NOT IMPLEMENTED YET
C038  D0 FA     BNE $C034                       A:00 X:25 Y:02 P:24 SP:FF PPU: NOT IMPLEMENTED YET
C034  8D 07 20  STA $2007 = 00                  A:00 X:25 Y:02 P:24 SP:FF PPU: NOT IMPLEMENTED YET
C037  CA        DEX                             A:00 X:25 Y:02 P:24 SP:FF PPU: NOT IMPLEMENTED YET
C038  D0 FA     BNE $C034                       A:00 X:24 Y:02 P:24 SP:FF PPU: NOT IMPLEMENTED YET
C034  8D 07 20  STA $2007 = 00                  A:00 X:24 Y:02 P:24 SP:FF PPU: NOT IMPLEMENTED YET
C037  CA        DEX                             A:00 X:24 Y:02 P:24 SP:FF PPU: NOT IMPLEMENTED YET
C038  D0 FA     BNE $C034                       A:00 X:23 Y:02 P:24 SP:FF PPU: NOT IMPLEMENTED YET
C034  8D 07 20  STA $2007 = 00                  A:00 X:23 Y:02 P:24 SP:FF PPU: NOT IMPLEMENTED YET
C037  CA        DEX                             A:00 X:23 Y:02 P:24 SP:FF PPU: NOT IMPLEMENTED YET
C038  D0 FA     BNE $C034                       A:00 X:22 Y:02 P:24 SP:FF PPU: NOT IMPLEMENTED YET
C034  8D 07 20  STA $2007 = 00                  A:00 X:22 Y:02 P:24 SP:FF PPU: NOT IMPLEMENTED YET
C037  CA        DEX                             A:00 X:22 Y:02 P:24 SP:FF PPU: NOT IMPLEMENTED YET
C038  D0 FA     BNE $C034                       A:00 X:21 Y:02 P:24 SP:FF PPU: NOT IMPLEMENTED YET
C034  8D 07 20  STA $2007 = 00                  A:00 X:21 Y:02 P:24 SP:FF PPU: NOT IMPLEMENTED YET
C037  CA        DEX                             A:00 X:21 Y:02 P:24 SP:FF PPU: NOT IMPLEMENTED YET
C038  D0 FA     BNE $C034                       A:00 X:20 Y:02 P:24 SP:FF PPU: NOT IMPLEMENTED YET
C034  8D 07 20  STA $2007 = 00                  A:00 X:20 Y:02 P:24 SP:FF PPU: NOT IMPLEMENTED YET
C037  CA        DEX                             A:00 X:20 Y:02 P:24 SP:FF PPU: NOT IMPLEMENTED YET
C038  D0 FA     BNE $C034                       A:00 X:1F Y:02 P:24 SP:FF PPU: NOT IMPLEMENTED YET
C034  8D 07 20  STA $2007 = 00                  A:00 X:1F Y:02 P:24 SP:FF PPU: NOT IMPLEMENTED YET
C037  CA        DEX                             A:00 X:1F Y:02 P:24 SP:FF PPU: NOT IMPLEMENTED YET
C038  D0 FA     BNE $C034                       A:00 X:1E Y:02 P:24 SP:FF PPU: NOT IMPLEMENTED YET
C034  8D 07 20  STA $2007 = 00                  A:00 X:1E Y:02 P:24 SP:FF PPU: NOT IMPLEMENTED YET
C037  CA        DEX                             A:00 X:1E Y:02 P:24 SP:FF PPU: NOT IMPLEMENTED YET
C038  D0 FA     BNE $C034                       A:00 X:1D Y:02 P:24 SP:FF PPU: NOT IMPLEMENTED YET
C034  8D 07 20  STA $2007 = 00                  A:00 X:1D Y:02 P:24 SP:FF PPU: NOT IMPLEMENTED YET
C037  CA        DEX                             A:00 X:1D Y:02 P:24 SP:FF PPU: NOT IMPLEMENTED YET
C038  D0 FA     BNE $C034                       A:00 X:1C Y:02 P:24 SP:FF PPU: NOT IMPLEMENTED YET
C034  8D 07 20  STA $2007 = 00                  A:00 X:1C Y:02 P:24 SP:FF PPU: NOT IMPLEMENTED YET
C037  CA        DEX                             A:00 X:1C Y:02 P:24 SP:FF PPU: NOT IMPLEMENTED YET
C038  D0 FA     BNE $C034                       A:00 X:1B Y:02 P:24 SP:FF PPU: NOT IMPLEMENTED YET
C034  8D 07 20  STA $2007 = 00                  A:00 X:1B Y:02 P:24 SP:FF PPU: NOT IMPLEMENTED YET
C037  CA        DEX                             A:00 X:1B Y:02 P:24 SP:FF PPU: NOT IMPLEMENTED YET
C038  D0 FA     BNE $C034                       A:00 X:1A Y:02 P:24 SP:FF PPU: NOT IMPLEMENTED YET
C034  8D 07 20  STA $2007 = 00                  A:00 X:1A Y:02 P:24 SP:FF PPU: NOT IMPLEMENTED YET
C037  CA        DEX                             A:00 X:1A Y:02 P:24 SP:FF PPU: NOT IMPLEMENTED YET
C038  D0 FA     BNE $C034                       A:00 X:19 Y:02 P:24 SP:FF PPU: NOT IMPLEMENTED YET
C034  8D 07 20  STA $2007 = 00                  A:00 X:19 Y:02 P:24 SP:FF PPU: NOT IMPLEMENTED YET
C037  CA        DEX                             A:00 X:19 Y:02 P:24 SP:FF PPU: NOT IMPLEMENTED YET
C038  D0 FA     BNE $C034                       A:00 X:18 Y:02 P:24 SP:FF PPU: NOT IMPLEMENTED YET
C034  8D 07 20  STA $2007 = 00                  A:00 X:18 Y:02 P:24 SP:FF PPU: NOT IMPLEMENTED YET
C037  CA        DEX                             A:00 X:18 Y:02 P:24 SP:FF PPU: NOT IMPLEMENTED YET
C038  D0 FA     BNE $C034                       A:00 X:17 Y:02 P:24 SP:FF PPU: NOT IMPLEMENTED YET
C034  8D 07 20  STA $2007 = 00                  A:00 X:17 Y:02 P:24 SP:FF PPU: NOT IMPLEMENTED YET
C037  CA        DEX                             A:00 X:17 Y:02 P:24 SP:FF PPU: NOT IMPLEMENTED YET
C038  D0 FA     BNE $C034                       A:00 X:16 Y:02 P:24 SP:FF PPU: NOT IMPLEMENTED YET
C034  8D 07 20  STA $2007 = 00                  A:00 X:16 Y:02 P:24 SP:FF PPU: NOT IMPLEMENTED YET
C037  CA        DEX                             A:00 X:16 Y:02 P:24 SP:FF PPU: NOT IMPLEMENTED YET
C038  D0 FA     BNE $C034                       A:00 X:15 Y:02 P:24 SP:FF PPU: NOT IMPLEMENTED YET
C034  8D 07 20  STA $2007 = 00                  A:00 X:15 Y:02 P:24 SP:FF PPU: NOT IMPLEMENTED YET
C037  CA        DEX                             A:00 X:15 Y:02 P:24 SP:FF PPU: NOT IMPLEMENTED YET
C038  D0 FA     BNE $C034                       A:00 X:14 Y:02 P:24 SP:FF PPU: NOT IMPLEMENTED YET
C034  8D 07 20  STA $2007 = 00                  A:00 X:14 Y:02 P:24 SP:FF PPU: NOT IMPLEMENTED YET
C037  CA        DEX                             A:00 X:14 Y:02 P:24 SP:FF PPU: NOT IMPLEMENTED YET
C038  D0 FA     BNE $C034                       A:00 X:13 Y:02 P:24 SP:FF PPU: NOT IMPLEMENTED YET
C034  8D 07 20  STA $2007 = 00                  A:00 X:13 Y:02 P:24 SP:FF PPU: NOT IMPLEMENTED YET
C037  CA        DEX                             A:00 X:13 Y:02 P:24 SP:FF PPU: NOT IMPLEMENTED YET
C038  D0 FA     BNE $C034                       A:00 X:12 Y:02 P:24 SP:FF PPU: NOT IMPLEMENTED YET
C034  8D 07 20  STA $2007 = 00                  A:00 X:12 Y:02 P:24 SP:FF PPU: NOT IMPLEMENTED YET
C037  CA        DEX                             A:00 X:12 Y:02 P:24 SP:FF PPU: NOT IMPLEMENTED YET
C038  D0 FA     BNE $C034                       A:00 X:11 Y:02 P:24 SP:FF PPU: NOT IMPLEMENTED YET
C034  8D 07 20  STA $2007 = 00                  A:00 X:11 Y:02 P:24 SP:FF PPU: NOT IMPLEMENTED YET
C037  CA        DEX                             A:00 X:11 Y:02 P:24 SP:FF PPU: NOT IMPLEMENTED YET
C038  D0 FA     BNE $C034                       A:00 X:10 Y:02 P:24 SP:FF PPU: NOT IMPLEMENTED YET
C034  8D 07 20  STA $2007 = 00                  A:00 X:10 Y:02 P:24 SP:FF PPU: NOT IMPLEMENTED YET
C037  CA        DEX                             A:00 X:10 Y:02 P:24 SP:FF PPU: NOT IMPLEMENTED YET
C038  D0 FA     BNE $C034                       A:00 X:0F Y:02 P:24 SP:FF PPU: NOT IMPLEMENTED YET
C034  8D 07 20  STA $2007 = 00                  A:00 X:0F Y:02 P:24 SP:FF PPU: NOT IMPLEMENTED YET
C037  CA        DEX                             A:00 X:0F Y:02 P:24 SP:FF PPU: NOT IMPLEMENTED YET
C038  D0 FA     BNE $C034                       A:00 X:0E Y:02 P:24 SP:FF PPU: NOT IMPLEMENTED YET
C034  8D 07 20  STA $2007 = 00                  A:00 X:0E Y:02 P:24 SP:FF PPU: NOT IMPLEMENTED YET
C037  CA        DEX                             A:00 X:0E Y:02 P:24 SP:FF PPU: NOT IMPLEMENTED YET
C038  D0 FA     BNE $C034                       A:00 X:0D Y:02 P:24 SP:FF PPU: NOT IMPLEMENTED YET
C034  8D 07 20  STA $2007 = 00                  A:00 X:0D Y:02 P:24 SP:FF PPU: NOT IMPLEMENTED YET
C037  CA        DEX                             A:00 X:0D Y:02 P:24 SP:FF PPU: NOT IMPLEMENTED YET
C038  D0 FA     BNE $C034                       A:00 X:0C Y:02 P:24 SP:FF PPU: NOT IMPLEMENTED YET
C034  8D 07 20  STA $2007 = 00                  A:00 X:0C Y:02 P:24 SP:FF PPU: NOT IMPLEMENTED YET
C037  CA        DEX                             A:00 X:0C Y:02 P:24 SP:FF PPU: NOT IMPLEMENTED YET
C038  D0 FA     BNE $C034                       A:00 X:0B Y:02 P:24 SP:FF PPU: NOT IMPLEMENTED YET
C034  8D 07 20  STA $2007 = 00                  A:00 X:0B Y:02 P:24 SP:FF PPU: NOT IMPLEMENTED YET
C037  CA        DEX                             A:00 X:0B Y:02 P:24 SP:FF PPU: NOT IMPLEMENTED YET
C038  D0 FA     BNE $C034                       A:00 X:0A Y:02 P:24 SP:FF PPU: NOT IMPLEMENTED YET
C034  8D 07 20  STA $2007 = 00                  A:00 X:0A Y:02 P:24 SP:FF PPU: NOT IMPLEMENTED YET
C037  CA        DEX                             A:00 X:0A Y:02 P:24 SP:FF PPU: NOT IMPLEMENTED YET
C038  D0 FA     BNE $C034                       A:00 X:09 Y:02 P:24 SP:FF PPU: NOT IMPLEMENTED YET
C034  8D 07 20  STA $2007 = 00                  A:00 X:09 Y:02 P:24 SP:FF PPU: NOT IMPLEMENTED YET
C037  CA        DEX                             A:00 X:09 Y:02 P:24 SP:FF PPU: NOT IMPLEMENTED YET
C038  D0 FA     BNE $C034                       A:00 X:08 Y:02 P:24 SP:FF PPU: NOT IMPLEMENTED YET
C034  8D 07 20  STA $2007 = 00                  A:00 X:08 Y:02 P:24 SP:FF PPU: NOT IMPLEMENTED YET
C037  CA        DEX                             A:00 X:08 Y:02 P:24 SP:FF PPU: NOT IMPLEMENTED YET
C038  D0 FA     BNE $C034                       A:00 X:07 Y:02 P:24 SP:FF PPU: NOT IMPLEMENTED YET
C034  8D 07 20  STA $2007 = 00                  A:00 X:07 Y:02 P:24 SP:FF PPU: NOT IMPLEMENTED YET
C037  CA        DEX                             A:00 X:07 Y:02 P:24 SP:FF PPU: NOT IMPLEMENTED YET
C038  D0 FA     BNE $C034                       A:00 X:06 Y:02 P:24 SP:FF PPU: NOT IMPLEMENTED YET
C034  8D 07 20  STA $2007 = 00                  A:00 X:06 Y:02 P:24 SP:FF PPU: NOT IMPLEMENTED YET
C037  CA        DEX                             A:00 X:06 Y:02 P:24 SP:FF PPU: NOT IMPLEMENTED YET
C038  D0 FA     BNE $C034                       A:00 X:05 Y:02 P:24 SP:FF PPU: NOT IMPLEMENTED YET
C034  8D 07 20  STA $2007 = 00                  A:00 X:05 Y:02 P:24 SP:FF PPU: NOT IMPLEMENTED YET
C037  CA        DEX                             A:00 X:05 Y:02 P:24 SP:FF PPU: NOT IMPLEMENTED YET
C038  D0 FA     BNE $C034                       A:00 X:04 Y:02 P:24 SP:FF PPU: NOT IMPLEMENTED YET
C034  8D 07 20  STA $2007 = 00                  A:00 X:04 Y:02 P:24 SP:FF PPU: NOT IMPLEMENTED YET
C037  CA        DEX                             A:00 X:04 Y:02 P:24 SP:FF PPU: NOT IMPLEMENTED YET
C038  D0 FA     BNE $C034                       A:00 X:03 Y:02 P:24 SP:FF PPU: NOT IMPLEMENTED YET
C034  8D 07 20  STA $2007 = 00                  A:00 X:03 Y:02 P:24 SP:FF PPU: NOT IMPLEMENTED YET
C037  CA        DEX                             A:00 X:03 Y:02 P:24 SP:FF PPU: NOT IMPLEMENTED YET
C038  D0 FA     BNE $C034                       A:00 X:02 Y:02 P:24 SP:FF PPU: NOT IMPLEMENTED YET
C034  8D 07 20  STA $2007 = 00                  A:00 X:02 Y:02 P:24 SP:FF PPU: NOT IMPLEMENTED YET
C037  CA        DEX                             A:00 X:02 Y:02 P:24 SP:FF PPU: NOT IMPLEMENTED YET
C038  D0 FA     BNE $C034                       A:00 X:01 Y:02 P:24 SP:FF PPU: NOT IMPLEMENTED YET
C034  8D 07 20  STA $2007 = 00                  A:00 X:01 Y:02 P:24 SP:FF PPU: NOT IMPLEMENTED YET
C037  CA        DEX                             A:00 X:01 Y:02 P:24 SP:FF PPU: NOT IMPLEMENTED YET
C038  D0 FA     BNE $C034                       A:00 X:00 Y:02 P:26 SP:FF PPU: NOT IMPLEMENTED YET
C03A  88        DEY                             A:00 X:00 Y:02 P:26 SP:FF PPU: NOT IMPLEMENTED YET
C03B  D0 F7     BNE $C034                       A:00 X:00 Y:01 P:24 SP:FF PPU: NOT IMPLEMENTED YET
C034  8D 07 20  STA $2007 = 00                  A:00 X:00 Y:01 P:24 SP:FF PPU: NOT IMPLEMENTED YET
C037  CA        DEX                             A:00 X:00 Y:01 P:24 SP:FF PPU: NOT IMPLEMENTED YET
C038  D0 FA     BNE $C034                       A:00 X:FF Y:01 P:A4 SP:FF PPU: NOT IMPLEMENTED YET
C034  8D 07 20  STA $2007 = 00                  A:00 X:FF Y:01 P:A4 SP:FF PPU: NOT IMPLEMENTED YET
C037  CA        DEX                             A:00 X:FF Y:01 P:A4 SP:FF PPU: NOT IMPLEMENTED YET
C038  D0 FA     BNE $C034                       A:00 X:FE Y:01 P:A4 SP:FF PPU: NOT IMPLEMENTED YET
C034  8D 07 20  STA $2007 = 00                  A:00 X:FE Y:01 P:A4 SP:FF PPU: NOT IMPLEMENTED YET
C037  CA        DEX                             A:00 X:FE Y:01 P:A4 SP:FF PPU: NOT IMPLEMENTED YET
C038  D0 FA     BNE $C034                       A:00 X:FD Y:01 P:A4 SP:FF PPU: NOT IMPLEMENTED YET
C034  8D 07 20  STA $2007 = 00                  A:00 X:FD Y:01 P:A4 SP:FF PPU: NOT IMPLEMENTED YET
C037  CA        DEX                             A:00 X:FD Y:01 P:A4 SP:FF PPU: NOT IMPLEMENTED YET
C038  D0 FA     BNE $C034                       A:00 X:FC Y:01 P:A4 SP:FF PPU: NOT IMPLEMENTED YET
C034  8D 07 20  STA $2007 = 00                  A:00 X:FC Y:01 P:A4 SP:FF PPU: NOT IMPLEMENTED YET
C037  CA        DEX                             A:00 X:FC Y:01 P:A4 SP:FF PPU: NOT IMPLEMENTED YET
C038  D0 FA     BNE $C034                       A:00 X:FB Y:01 P:A4 SP:FF PPU: NOT IMPLEMENTED YET
C034  8D 07 20  STA $2007 = 00                  A:00 X:FB Y:01 P:A4 SP:FF PPU: NOT IMPLEMENTED YET
C037  CA        DEX                             A:00 X:FB Y:01 P:A4 SP:FF PPU: NOT IMPLEMENTED YET
C038  D0 FA     BNE $C034                       A:00 X:FA Y:01 P:A4 SP:FF PPU: NOT IMPLEMENTED YET
C034  8D 07 20  STA $2007 = 00                  A:00 X:FA Y:01 P:A4 SP:FF PPU: NOT IMPLEMENTED YET
C037  CA        DEX                             A:00 X:FA Y:01 P:A4 SP:FF PPU: NOT IMPLEMENTED YET
C038  D0 FA     BNE $C034                       A:00 X:F9 Y:01 P:A4 SP:FF PPU: NOT IMPLEMENTED YET
C034  8D 07 20  STA $2007 = 00                  A:00 X:F9 Y:01 P:A4 SP:FF PPU: NOT IMPLEMENTED YET
C037  CA        DEX                             A:00 X:F9 Y:01 P:A4 SP:FF PPU: NOT IMPLEMENTED YET
C038  D0 FA     BNE $C034                       A:00 X:F8 Y:01 P:A4 SP:FF PPU: NOT IMPLEMENTED YET
C034  8D 07 20  STA $2007 = 00                  A:00 X:F8 Y:01 P:A4 SP:FF PPU: NOT IMPLEMENTED YET
C037  CA        DEX                             A:00 X:F8 Y:01 P:A4 SP:FF PPU: NOT IMPLEMENTED YET
C038  D0 FA     BNE $C034                       A:00 X:F7 Y:01 P:A4 SP:FF PPU: NOT IMPLEMENTED YET
C034  8D 07 20  STA $2007 = 00                  A:00 X:F7 Y:01 P:A4 SP:FF PPU: NOT IMPLEMENTED YET
C037  CA        DEX                             A:00 X:F7 Y:01 P:A4 SP:FF PPU: NOT IMPLEMENTED YET
C038  D0 FA     BNE $C034                       A:00 X:F6 Y:01 P:A4 SP:FF PPU: NOT IMPLEMENTED YET
C034  8D 07 20  STA $2007 = 00                  A:00 X:F6 Y:01 P:A4 SP:FF PPU: NOT IMPLEMENTED YET
C037  CA        DEX                             A:00 X:F6 Y:01 P:A4 SP:FF PPU: NOT IMPLEMENTED YET
C038  D0 FA     BNE $C034                       A:00 X:F5 Y:01 P:A4 SP:FF PPU: NOT IMPLEMENTED YET
C034  8D 07 20  STA $2007 = 00                  A:00 X:F5 Y:01 P:A4 SP:FF PPU: NOT IMPLEMENTED YET
C037  CA        DEX                             A:00 X:F5 Y:01 P:A4 SP:FF PPU: NOT IMPLEMENTED YET
C038  D0 FA     BNE $C034                       A:00 X:F4 Y:01 P:A4 SP:FF PPU: NOT IMPLEMENTED YET
C034  8D 07 20  STA $2007 = 00                  A:00 X:F4 Y:01 P:A4 SP:FF PPU: NOT IMPLEMENTED YET
C037  CA        DEX                             A:00 X:F4 Y:01 P:A4 SP:FF PPU: NOT IMPLEMENTED YET
C038  D0 FA     BNE $C034                       A:00 X:F3 Y:01 P:A4 SP:FF PPU: NOT IMPLEMENTED YET
C034  8D 07 20  STA $2007 = 00                  A:00 X:F3 Y:01 P:A4 SP:FF PPU: NOT IMPLEMENTED YET
C037  CA        DEX                             A:00 X:F3 Y:01 P:A4 SP:FF PPU: NOT IMPLEMENTED YET
C038  D0 FA     BNE $C034                       A:00 X:F2 Y:01 P:A4 SP:FF PPU: NOT IMPLEMENTED YET
C034  8D 07 20  STA $2007 = 00                  A:00 X:F2 Y:01 P:A4 SP:FF PPU: NOT IMPLEMENTED YET
C037  CA        DEX                             A:00 X:F2 Y:01 P:A4 SP:FF PPU: NOT IMPLEMENTED YET
C038  D0 FA     BNE $C034                       A:00 X:F1 Y:01 P:A4 SP:FF PPU: NOT IMPLEMENTED YET
C034  8D 07 20  STA $2007 = 00                  A:00 X:F1 Y:01 P:A4 SP:FF PPU: NOT IMPLEMENTED YET
C037  CA        DEX                             A:00 X:F1 Y:01 P:A4 SP:FF PPU: NOT IMPLEMENTED YET
C038  D0 FA     BNE $C034                       A:00 X:F0 Y:01 P:A4 SP:FF PPU: NOT IMPLEMENTED YET
C034  8D 07 20  STA $2007 = 00                  A:00 X:F0 Y:01 P:A4 SP:FF PPU: NOT IMPLEMENTED YET
C037  CA        DEX                             A:00 X:F0 Y:01 P:A4 SP:FF PPU: NOT IMPLEMENTED YET
C038  D0 FA     BNE $C034                       A:00 X:EF Y:01 P:A4 SP:FF PPU: NOT IMPLEMENTED YET
C034  8D 07 20  STA $2007 = 00                  A:00 X:EF Y:01 P:A4 SP:FF PPU: NOT IMPLEMENTED YET
C037  CA        DEX                             A:00 X:EF Y:01 P:A4 SP:FF PPU: NOT IMPLEMENTED YET
C038  D0 FA     BNE $C034                       A:00 X:EE Y:01 P:A4 SP:FF PPU: NOT IMPLEMENTED YET
C034  8D 07 20  STA $2007 = 00                  A:00 X:EE Y:01 P:A4 SP:FF PPU: NOT IMPLEMENTED YET
C037  CA        DEX                             A:00 X:EE Y:01 P:A4 SP:FF PPU: NOT IMPLEMENTED YET
C038  D0 FA     BNE $C034                       A:00 X:ED Y:01 P:A4 SP:FF PPU: NOT IMPLEMENTED YET
C034  8D 07 20  STA $2007 = 00                  A:00 X:ED Y:01 P:A4 SP:FF PPU: NOT IMPLEMENTED YET
C037  CA        DEX                             A:00 X:ED Y:01 P:A4 SP:FF PPU: NOT IMPLEMENTED YET
C038  D0 FA     BNE $C034                       A:00 X:EC Y:01 P:A4 SP:FF PPU: NOT IMPLEMENTED YET
C034  8D 07 20  STA $2007 = 00                  A:00 X:EC Y:01 P:A4 SP:FF PPU: NOT IMPLEMENTED YET
C037  CA        DEX                             A:00 X:EC Y:01 P:A4 SP:FF PPU: NOT IMPLEMENTED YET
C038  D0 FA     BNE $C034                       A:00 X:EB Y:01 P:A4 SP:FF PPU: NOT IMPLEMENTED YET
C034  8D 07 20  STA $2007 = 00                  A:00 X:EB Y:01 P:A4 SP:FF PPU: NOT IMPLEMENTED YET
C037  CA        DEX                             A:00 X:EB Y:01 P:A4 SP:FF PPU: NOT IMPLEMENTED YET
C038  D0 FA     BNE $C034                       A:00 X:EA Y:01 P:A4 SP:FF PPU: NOT IMPLEMENTED YET
C034  8D 07 20  STA $2007 = 00                  A:00 X:EA Y:01 P:A4 SP:FF PPU: NOT IMPLEMENTED YET
C037  CA        DEX                             A:00 X:EA Y:01 P:A4 SP:FF PPU: NOT IMPLEMENTED YET
C038  D0 FA     BNE $C034                       A:00 X:E9 Y:01 P:A4 SP:FF PPU: NOT IMPLEMENTED YET
C034  8D 07 20  STA $2007 = 00                  A:00 X:E9 Y:01 P:A4 SP:FF PPU: NOT IMPLEMENTED YET
C037  CA        DEX                             A:00 X:E9 Y:01 P:A4 SP:FF PPU: NOT IMPLEMENTED YET
C038  D0 FA     BNE $C034                       A:00 X:E8 Y:01 P:A4 SP:FF PPU: NOT IMPLEMENTED YET
C034  8D 07 20  STA $2007 = 00                  A:00 X:E8 Y:01 P:A4 SP:FF PPU: NOT IMPLEMENTED YET
C037  CA        DEX                             A:00 X:E8 Y:01 P:A4 SP:FF PPU: NOT IMPLEMENTED YET
C038  D0 FA     BNE $C034                       A:00 X:E7 Y:01 P:A4 SP:FF PPU: NOT IMPLEMENTED YET
C034  8D 07 20  STA $2007 = 00                  A:00 X:E7 Y:01 P:A4 SP:FF PPU: NOT IMPLEMENTED YET
C037  CA        DEX                             A:00 X:E7 Y:01 P:A4 SP:FF PPU: NOT IMPLEMENTED YET
C038  D0 FA     BNE $C034                       A:00 X:E6 Y:01 P:A4 SP:FF PPU: NOT IMPLEMENTED YET
C034  8D 07 20  STA $2007 = 00                  A:00 X:E6 Y:01 P:A4 SP:FF PPU: NOT IMPLEMENTED YET
C037  CA        DEX                             A:00 X:E6 Y:01 P:A4 SP:FF PPU: NOT IMPLEMENTED YET
C038  D0 FA     BNE $C034                       A:00 X:E5 Y:01 P:A4 SP:FF PPU: NOT IMPLEMENTED YET
C034  8D 07 20  STA $2007 = 00                  A:00 X:E5 Y:01 P:A4 SP:FF PPU: NOT IMPLEMENTED YET
C037  CA        DEX                             A:00 X:E5 Y:01 P:A4 SP:FF PPU: NOT IMPLEMENTED YET
C038  D0 FA     BNE $C034                       A:00 X:E4 Y:01 P:A4 SP:FF PPU: NOT IMPLEMENTED YET
C034  8D 07 20  STA $2007 = 00                  A:00 X:E4 Y:01 P:A4 SP:FF PPU: NOT IMPLEMENTED YET
C037  CA        DEX                             A:00 X:E4 Y:01 P:A4 SP:FF PPU: NOT IMPLEMENTED YET
C038  D0 FA     BNE $C034                       A:00 X:E3 Y:01 P:A4 SP:FF PPU: NOT IMPLEMENTED YET
C034  8D 07 20  STA $2007 = 00                  A:00 X:E3 Y:01 P:A4 SP:FF PPU: NOT IMPLEMENTED YET
C037  CA        DEX                             A:00 X:E3 Y:01 P:A4 SP:FF PPU: NOT IMPLEMENTED YET
C038  D0 FA     BNE $C034                       A:00 X:E2 Y:01 P:A4 SP:FF PPU: NOT IMPLEMENTED YET
C034  8D 07 20  STA $2007 = 00                  A:00 X:E2 Y:01 P:A4 SP:FF PPU: NOT IMPLEMENTED YET
C037  CA        DEX                             A:00 X:E2 Y:01 P:A4 SP:FF PPU: NOT IMPLEMENTED YET
C038  D0 FA     BNE $C034                       A:00 X:E1 Y:01 P:A4 SP:FF PPU: NOT IMPLEMENTED YET
C034  8D 07 20  STA $2007 = 00                  A:00 X:E1 Y:01 P:A4 SP:FF PPU: NOT IMPLEMENTED YET
C037  CA        DEX                             A:00 X:E1 Y:01 P:A4 SP:FF PPU: NOT IMPLEMENTED YET
C038  D0 FA     BNE $C034                       A:00 X:E0 Y:01 P:A4 SP:FF PPU: NOT IMPLEMENTED YET
C034  8D 07 20  STA $2007 = 00                  A:00 X:E0 Y:01 P:A4 SP:FF PPU: NOT IMPLEMENTED YET
C037  CA        DEX                             A:00 X:E0 Y:01 P:A4 SP:FF PPU: NOT IMPLEMENTED YET
C038  D0 FA     BNE $C034                       A:00 X:DF Y:01 P:A4 SP:FF PPU: NOT IMPLEMENTED YET
C034  8D 07 20  STA $2007 = 00                  A:00 X:DF Y:01 P:A4 SP:FF PPU: NOT IMPLEMENTED YET
C037  CA        DEX                             A:00 X:DF Y:01 P:A4 SP:FF PPU: NOT IMPLEMENTED YET
C038  D0 FA     BNE $C034                       A:00 X:DE Y:01 P:A4 SP:FF PPU: NOT IMPLEMENTED YET
C034  8D 07 20  STA $2007 = 00                  A:00 X:DE Y:01 P:A4 SP:FF PPU: NOT IMPLEMENTED YET
C037  CA        DEX                             A:00 X:DE Y:01 P:A4 SP:FF PPU: NOT IMPLEMENTED YET
C038  D0 FA     BNE $C034                       A:00 X:DD Y:01 P:A4 SP:FF PPU: NOT IMPLEMENTED YET
C034  8D 07 20  STA $2007 = 00                  A:00 X:DD Y:01 P:A4 SP:FF PPU: NOT IMPLEMENTED YET
C037  CA        DEX                             A:00 X:DD Y:01 P:A4 SP:FF PPU: NOT IMPLEMENTED YET
C038  D0 FA     BNE $C034                       A:00 X:DC Y:01 P:A4 SP:FF PPU: NOT IMPLEMENTED YET
C034  8D 07 20  STA $2007 = 00                  A:00 X:DC Y:01 P:A4 SP:FF PPU: NOT IMPLEMENTED YET
C037  CA        DEX                             A:00 X:DC Y:01 P:A4 SP:FF PPU: NOT IMPLEMENTED YET
C038  D0 FA     BNE $C034                       A:00 X:DB Y:01 P:A4 SP:FF PPU: NOT IMPLEMENTED YET
C034  8D 07 20  STA $2007 = 00                  A:00 X:DB Y:01 P:A4 SP:FF PPU: NOT IMPLEMENTED YET
C037  CA        DEX                             A:00 X:DB Y:01 P:A4 SP:FF PPU: NOT IMPLEMENTED YET
C038  D0 FA     BNE $C034                       A:00 X:DA Y:01 P:A4 SP:FF PPU: NOT IMPLEMENTED YET
C034  8D 07 20  STA $2007 = 00                  A:00 X:DA Y:01 P:A4 SP:FF PPU: NOT IMPLEMENTED YET
C037  CA        DEX                             A:00 X:DA Y:01 P:A4 SP:FF PPU: NOT IMPLEMENTED YET
C038  D0 FA     BNE $C034                       A:00 X:D9 Y:01 P:A4 SP:FF PPU: NOT IMPLEMENTED YET
C034  8D 07 20  STA $2007 = 00                  A:00 X:D9 Y:01 P:A4 SP:FF PPU: NOT IMPLEMENTED YET
C037  CA        DEX                             A:00 X:D9 Y:01 P:A4 SP:FF PPU: NOT IMPLEMENTED YET
C038  D0 FA     BNE $C034                       A:00 X:D8 Y:01 P:A4 SP:FF PPU: NOT IMPLEMENTED YET
C034  8D 07 20  STA $2007 = 00                  A:00 X:D8 Y:01 P:A4 SP:FF PPU: NOT IMPLEMENTED YET
C037  CA        DEX                             A:00 X:D8 Y:01 P:A4 SP:FF PPU: NOT IMPLEMENTED YET
C038  D0 FA     BNE $C034                       A:00 X:D7 Y:01 P:A4 SP:FF PPU: NOT IMPLEMENTED YET
C034  8D 07 20  STA $2007 = 00                  A:00 X:D7 Y:01 P:A4 SP:FF PPU: NOT IMPLEMENTED YET
C037  CA        DEX                             A:00 X:D7 Y:01 P:A4 SP:FF PPU: NOT IMPLEMENTED YET
C038  D0 FA     BNE $C034                       A:00 X:D6 Y:01 P:A4 SP:FF PPU: NOT IMPLEMENTED YET
C034  8D 07 20  STA $2007 = 00                  A:00 X:D6 Y:01 P:A4 SP:FF PPU: NOT IMPLEMENTED YET
C037  CA        DEX                             A:00 X:D6 Y:01 P:A4 SP:FF PPU: NOT IMPLEMENTED YET
C038  D0 FA     BNE $C034                       A:00 X:D5 Y:01 P:A4 SP:FF PPU: NOT IMPLEMENTED YET
C034  8D 07 20  STA $2007 = 00                  A:00 X:D5 Y:01 P:A4 SP:FF PPU: NOT IMPLEMENTED YET
C037  CA        DEX                             A:00 X:D5 Y:01 P:A4 SP:FF PPU: NOT IMPLEMENTED YET
C038  D0 FA     BNE $C034                       A:00 X:D4 Y:01 P:A4 SP:FF PPU: NOT IMPLEMENTED YET
C034  8D 07 20  STA $2007 = 00                  A:00 X:D4 Y:01 P:A4 SP:FF PPU: NOT IMPLEMENTED YET
C037  CA        DEX                             A:00 X:D4 Y:01 P:A4 SP:FF PPU: NOT IMPLEMENTED YET
C038  D0 FA     BNE $C034                       A:00 X:D3 Y:01 P:A4 SP:FF PPU: NOT IMPLEMENTED YET
C034  8D 07 20  STA $2007 = 00                  A:00 X:D3 Y:01 P:A4 SP:FF PPU: NOT IMPLEMENTED YET
C037  CA        DEX                             A:00 X:D3 Y:01 P:A4 SP:FF PPU: NOT IMPLEMENTED YET
C038  D0 FA     BNE $C034                       A:00 X:D2 Y:01 P:A4 SP:FF PPU: NOT IMPLEMENTED YET
C034  8D 07 20  STA $2007 = 00                  A:00 X:D2 Y:01 P:A4 SP:FF PPU: NOT IMPLEMENTED YET
C037  CA        DEX                             A:00 X:D2 Y:01 P:A4 SP:FF PPU: NOT IMPLEMENTED YET
C038  D0 FA     BNE $C034                       A:00 X:D1 Y:01 P:A4 SP:FF PPU: NOT IMPLEMENTED YET
C034  8D 07 20  STA $2007 = 00                  A:00 X:D1 Y:01 P:A4 SP:FF PPU: NOT IMPLEMENTED YET
C037  CA        DEX                             A:00 X:D1 Y:01 P:A4 SP:FF PPU: NOT IMPLEMENTED YET
C038  D0 FA     BNE $C034                       A:00 X:D0 Y:01 P:A4 SP:FF PPU: NOT IMPLEMENTED YET
C034  8D 07 20  STA $2007 = 00                  A:00 X:D0 Y:01 P:A4 SP:FF PPU: NOT IMPLEMENTED YET
C037  CA        DEX                             A:00 X:D0 Y:01 P:A4 SP:FF PPU: NOT IMPLEMENTED YET
C038  D0 FA     BNE $C034                       A:00 X:CF Y:01 P:A4 SP:FF PPU: NOT IMPLEMENTED YET
C034  8D 07 20  STA $2007 = 00                  A:00 X:CF Y:01 P:A4 SP:FF PPU: NOT IMPLEMENTED YET
C037  CA        DEX                             A:00 X:CF Y:01 P:A4 SP:FF PPU: NOT IMPLEMENTED YET
C038  D0 FA     BNE $C034                       A:00 X:CE Y:01 P:A4 SP:FF PPU: NOT IMPLEMENTED YET
C034  8D 07 20  STA $2007 = 00                  A:00 X:CE Y:01 P:A4 SP:FF PPU: NOT IMPLEMENTED YET
C037  CA        DEX                             A:00 X:CE Y:01 P:A4 SP:FF PPU: NOT IMPLEMENTED YET
C038  D0 FA     BNE $C034                       A:00 X:CD Y:01 P:A4 SP:FF PPU: NOT IMPLEMENTED YET
C034  8D 07 20  STA $2007 = 00                  A:00 X:CD Y:01 P:A4 SP:FF PPU: NOT IMPLEMENTED YET
C037  CA        DEX                             A:00 X:CD Y:01 P:A4 SP:FF PPU: NOT IMPLEMENTED YET
C038  D0 FA     BNE $C034                       A:00 X:CC Y:01 P:A4 SP:FF PPU: NOT IMPLEMENTED YET
C034  8D 07 20  STA $2007 = 00                  A:00 X:CC Y:01 P:A4 SP:FF PPU: NOT IMPLEMENTED YET
C037  CA        DEX                             A:00 X:CC Y:01 P:A4 SP:FF PPU: NOT IMPLEMENTED YET
C038  D0 FA     BNE $C034                       A:00 X:CB Y:01 P:A4 SP:FF PPU: NOT IMPLEMENTED YET
C034  8D 07 20  STA $2007 = 00                  A:00 X:CB Y:01 P:A4 SP:FF PPU: NOT IMPLEMENTED YET
C037  CA        DEX                             A:00 X:CB Y:01 P:A4 SP:FF PPU: NOT IMPLEMENTED YET
C038  D0 FA     BNE $C034                       A:00 X:CA Y:01 P:A4 SP:FF PPU: NOT IMPLEMENTED YET
C034  8D 07 20  STA $2007 = 00                  A:00 X:CA Y:01 P:A4 SP:FF PPU: NOT IMPLEMENTED YET
C037  CA        DEX                             A:00 X:CA Y:01 P:A4 SP:FF PPU: NOT IMPLEMENTED YET
C038  D0 FA     BNE $C034                       A:00 X:C9 Y:01 P:A4 SP:FF PPU: NOT IMPLEMENTED YET
C034  8D 07 20  STA $2007 = 00                  A:00 X:C9 Y:01 P:A4 SP:FF PPU: NOT IMPLEMENTED YET
C037  CA        DEX                             A:00 X:C9 Y:01 P:A4 SP:FF PPU: NOT IMPLEMENTED YET
C038  D0 FA     BNE $C034                       A:00 X:C8 Y:01 P:A4 SP:FF PPU: NOT IMPLEMENTED YET
C034  8D 07 20  STA $2007 = 00                  A:00 X:C8 Y:01 P:A4 SP:FF PPU: NOT IMPLEMENTED YET
C037  CA        DEX                             A:00 X:C8 Y:01 P:A4 SP:FF PPU: NOT IMPLEMENTED YET
C038  D0 FA     BNE $C034                       A:00 X:C7 Y:01 P:A4 SP:FF PPU: NOT IMPLEMENTED YET
C034  8D 07 20  STA $2007 = 00                  A:00 X:C7 Y:01 P:A4 SP:FF PPU: NOT IMPLEMENTED YET
C037  CA        DEX                             A:00 X:C7 Y:01 P:A4 SP:FF PPU: NOT IMPLEMENTED YET
C038  D0 FA     BNE $C034                       A:00 X:C6 Y:01 P:A4 SP:FF PPU: NOT IMPLEMENTED YET
C034  8D 07 20  STA $2007 = 00                  A:00 X:C6 Y:01 P:A4 SP:FF PPU: NOT IMPLEMENTED YET
C037  CA        DEX                             A:00 X:C6 Y:01 P:A4 SP:FF PPU: NOT IMPLEMENTED YET
C038  D0 FA     BNE $C034                       A:00 X:C5 Y:01 P:A4 SP:FF PPU: NOT IMPLEMENTED YET
C034  8D 07 20  STA $2007 = 00                  A:00 X:C5 Y:01 P:A4 SP:FF PPU: NOT IMPLEMENTED YET
C037  CA        DEX                             A:00 X:C5 Y:01 P:A4 SP:FF PPU: NOT IMPLEMENTED YET
C038  D0 FA     BNE $C034                       A:00 X:C4 Y:01 P:A4 SP:FF PPU: NOT IMPLEMENTED YET
C034  8D 07 20  STA $2007 = 00                  A:00 X:C4 Y:01 P:A4 SP:FF PPU: NOT IMPLEMENTED YET
C037  CA        DEX                             A:00 X:C4 Y:01 P:A4 SP:FF PPU: NOT IMPLEMENTED YET
C038  D0 FA     BNE $C034                       A:00 X:C3 Y:01 P:A4 SP:FF PPU: NOT IMPLEMENTED YET
C034  8D 07 20  STA $2007 = 00                  A:00 X:C3 Y:01 P:A4 SP:FF PPU: NOT IMPLEMENTED YET
C037  CA        DEX                             A:00 X:C3 Y:01 P:A4 SP:FF PPU: NOT IMPLEMENTED YET
C038  D0 FA     BNE $C034                       A:00 X:C2 Y:01 P:A4 SP:FF PPU: NOT IMPLEMENTED YET
C034  8D 07 20  STA $2007 = 00                  A:00 X:C2 Y:01 P:A4 SP:FF PPU: NOT IMPLEMENTED YET
C037  CA        DEX                             A:00 X:C2 Y:01 P:A4 SP:FF PPU: NOT IMPLEMENTED YET
C038  D0 FA     BNE $C034                       A:00 X:C1 Y:01 P:A4 SP:FF PPU: NOT IMPLEMENTED YET
C034  8D 07 20  STA $2007 = 00                  A:00 X:C1 Y:01 P:A4 SP:FF PPU: NOT IMPLEMENTED YET
C037  CA        DEX                             A:00 X:C1 Y:01 P:A4 SP:FF PPU: NOT IMPLEMENTED YET
C038  D0 FA     BNE $C034                       A:00 X:C0 Y:01 P:A4 SP:FF PPU: NOT IMPLEMENTED YET
C034  8D 07 20  STA $2007 = 00                  A:00 X:C0 Y:01 P:A4 SP:FF PPU: NOT IMPLEMENTED YET
C037  CA        DEX                             A:00 X:C0 Y:01 P:A4 SP:FF PPU: NOT IMPLEMENTED YET
C038  D0 FA     BNE $C034                       A:00 X:BF Y:01 P:A4 SP:FF PPU: NOT IMPLEMENTED YET
C034  8D 07 20  STA $2007 = 00                  A:00 X:BF Y:01 P:A4 SP:FF PPU: NOT IMPLEMENTED YET
C037  CA        DEX                             A:00 X:BF Y:01 P:A4 SP:FF PPU: NOT IMPLEMENTED YET
C038  D0 FA     BNE $C034                       A:00 X:BE Y:01 P:A4 SP:FF PPU: NOT IMPLEMENTED YET
C034  8D 07 20  STA $2007 = 00                  A:00 X:BE Y:01 P:A4 SP:FF PPU: NOT IMPLEMENTED YET
C037  CA        DEX                             A:00 X:BE Y:01 P:A4 SP:FF PPU: NOT IMPLEMENTED YET
C038  D0 FA     BNE $C034                       A:00 X:BD Y:01 P:A4 SP:FF PPU: NOT IMPLEMENTED YET
C034  8D 07 20  STA $2007 = 00                  A:00 X:BD Y:01 P:A4 SP:FF PPU: NOT IMPLEMENTED YET
C037  CA        DEX                             A:00 X:BD Y:01 P:A4 SP:FF PPU: NOT IMPLEMENTED YET
C038  D0 FA     BNE $C034                       A:00 X:BC Y:01 P:A4 SP:FF PPU: NOT IMPLEMENTED YET
C034  8D 07 20  STA $2007 = 00                  A:00 X:BC Y:01 P:A4 SP:FF PPU: NOT IMPLEMENTED YET
C037  CA        DEX                             A:00 X:BC Y:01 P:A4 SP:FF PPU: NOT IMPLEMENTED YET
C038  D0 FA     BNE $C034                       A:00 X:BB Y:01 P:A4 SP:FF PPU: NOT IMPLEMENTED YET
C034  8D 07 20  STA $2007 = 00                  A:00 X:BB Y:01 P:A4 SP:FF PPU: NOT IMPLEMENTED YET
C037  CA        DEX                             A:00 X:BB Y:01 P:A4 SP:FF PPU: NOT IMPLEMENTED YET
C038  D0 FA     BNE $C034                       A:00 X:BA Y:01 P:A4 SP:FF PPU: NOT IMPLEMENTED YET
C034  8D 07 20  STA $2007 = 00                  A:00 X:BA Y:01 P:A4 SP:FF PPU: NOT IMPLEMENTED YET
C037  CA        DEX                             A:00 X:BA Y:01 P:A4 SP:FF PPU: NOT IMPLEMENTED YET
C038  D0 FA     BNE $C034                       A:00 X:B9 Y:01 P:A4 SP:FF PPU: NOT IMPLEMENTED YET
C034  8D 07 20  STA $2007 = 00                  A:00 X:B9 Y:01 P:A4 SP:FF PPU: NOT IMPLEMENTED YET
C037  CA        DEX                             A:00 X:B9 Y:01 P:A4 SP:FF PPU: NOT IMPLEMENTED YET
C038  D0 FA     BNE $C034                       A:00 X:B8 Y:01 P:A4 SP:FF PPU: NOT IMPLEMENTED YET
C034  8D 07 20  STA $2007 = 00                  A:00 X:B8 Y:01 P:A4 SP:FF PPU: NOT IMPLEMENTED YET
C037  CA        DEX                             A:00 X:B8 Y:01 P:A4 SP:FF PPU: NOT IMPLEMENTED YET
C038  D0 FA     BNE $C034                       A:00 X:B7 Y:01 P:A4 SP:FF PPU: NOT IMPLEMENTED YET
C034  8D 07 20  STA $2007 = 00                  A:00 X:B7 Y:01 P:A4 SP:FF PPU: NOT IMPLEMENTED YET
C037  CA        DEX                             A:00 X:B7 Y:01 P:A4 SP:FF PPU: NOT IMPLEMENTED YET
C038  D0 FA     BNE $C034                       A:00 X:B6 Y:01 P:A4 SP:FF PPU: NOT IMPLEMENTED YET
C034  8D 07 20  STA $2007 = 00                  A:00 X:B6 Y:01 P:A4 SP:FF PPU: NOT IMPLEMENTED YET
C037  CA        DEX                             A:00 X:B6 Y:01 P:A4 SP:FF PPU: NOT IMPLEMENTED YET
C038  D0 FA     BNE $C034                       A:00 X:B5 Y:01 P:A4 SP:FF PPU: NOT IMPLEMENTED YET
C034  8D 07 20  STA $2007 = 00                  A:00 X:B5 Y:01 P:A4 SP:FF PPU: NOT IMPLEMENTED YET
C037  CA        DEX                             A:00 X:B5 Y:01 P:A4 SP:FF PPU: NOT IMPLEMENTED YET
C038  D0 FA     BNE $C034                       A:00 X:B4 Y:01 P:A4 SP:FF PPU: NOT IMPLEMENTED YET
C034  8D 07 20  STA $2007 = 00                  A:00 X:B4 Y:01 P:A4 SP:FF PPU: NOT IMPLEMENTED YET
C037  CA        DEX                             A:00 X:B4 Y:01 P:A4 SP:FF PPU: NOT IMPLEMENTED YET
C038  D0 FA     BNE $C034                       A:00 X:B3 Y:01 P:A4 SP:FF PPU: NOT IMPLEMENTED YET
C034  8D 07 20  STA $2007 = 00                  A:00 X:B3 Y:01 P:A4 SP:FF PPU: NOT IMPLEMENTED YET
C037  CA        DEX                             A:00 X:B3 Y:01 P:A4 SP:FF PPU: NOT IMPLEMENTED YET
C038  D0 FA     BNE $C034                       A:00 X:B2 Y:01 P:A4 SP:FF PPU: NOT IMPLEMENTED YET
C034  8D 07 20  STA $2007 = 00                  A:00 X:B2 Y:01 P:A4 SP:FF PPU: NOT IMPLEMENTED YET
C037  CA        DEX                             A:00 X:B2 Y:01 P:A4 SP:FF PPU: NOT IMPLEMENTED YET
C038  D0 FA     BNE $C034                       A:00 X:B1 Y:01 P:A4 SP:FF PPU: NOT IMPLEMENTED YET
C034  8D 07 20  STA $2007 = 00                  A:00 X:B1 Y:01 P:A4 SP:FF PPU: NOT IMPLEMENTED YET
C037  CA        DEX                             A:00 X:B1 Y:01 P:A4 SP:FF PPU: NOT IMPLEMENTED YET
C038  D0 FA     BNE $C034                       A:00 X:B0 Y:01 P:A4 SP:FF PPU: NOT IMPLEMENTED YET
C034  8D 07 20  STA $2007 = 00                  A:00 X:B0 Y:01 P:A4 SP:FF PPU: NOT IMPLEMENTED YET
C037  CA        DEX                             A:00 X:B0 Y:01 P:A4 SP:FF PPU: NOT IMPLEMENTED YET
C038  D0 FA     BNE $C034                       A:00 X:AF Y:01 P:A4 SP:FF PPU: NOT IMPLEMENTED YET
C034  8D 07 20  STA $2007 = 00                  A:00 X:AF Y:01 P:A4 SP:FF PPU: NOT IMPLEMENTED YET
C037  CA        DEX                             A:00 X:AF Y:01 P:A4 SP:FF PPU: NOT IMPLEMENTED YET
C038  D0 FA     BNE $C034                       A:00 X:AE Y:01 P:A4 SP:FF PPU: NOT IMPLEMENTED YET
C034  8D 07 20  STA $2007 = 00                  A:00 X:AE Y:01 P:A4 SP:FF PPU: NOT IMPLEMENTED YET
C037  CA        DEX                             A:00 X:AE Y:01 P:A4 SP:FF PPU: NOT IMPLEMENTED YET
C038  D0 FA     BNE $C034                       A:00 X:AD Y:01 P:A4 SP:FF PPU: NOT IMPLEMENTED YET
C034  8D 07 20  STA $2007 = 00                  A:00 X:AD Y:01 P:A4 SP:FF PPU: NOT IMPLEMENTED YET
C037  CA        DEX                             A:00 X:AD Y:01 P:A4 SP:FF PPU: NOT IMPLEMENTED YET
C038  D0 FA     BNE $C034                       A:00 X:AC Y:01 P:A4 SP:FF PPU: NOT IMPLEMENTED YET
C034  8D 07 20  STA $2007 = 00                  A:00 X:AC Y:01 P:A4 SP:FF PPU: NOT IMPLEMENTED YET
C037  CA        DEX                             A:00 X:AC Y:01 P:A4 SP:FF PPU: NOT IMPLEMENTED YET
C038  D0 FA     BNE $C034                       A:00 X:AB Y:01 P:A4 SP:FF PPU: NOT IMPLEMENTED YET
C034  8D 07 20  STA $2007 = 00                  A:00 X:AB Y:01 P:A4 SP:FF PPU: NOT IMPLEMENTED YET
C037  CA        DEX                             A:00 X:AB Y:01 P:A4 SP:FF PPU: NOT IMPLEMENTED YET
C038  D0 FA     BNE $C034                       A:00 X:AA Y:01 P:A4 SP:FF PPU: NOT IMPLEMENTED YET
C034  8D 07 20  STA $2007 = 00                  A:00 X:AA Y:01 P:A4 SP:FF PPU: NOT IMPLEMENTED YET
C037  CA        DEX                             A:00 X:AA Y:01 P:A4 SP:FF PPU: NOT IMPLEMENTED YET
C038  D0 FA     BNE $C034                       A:00 X:A9 Y:01 P:A4 SP:FF PPU: NOT IMPLEMENTED YET
C034  8D 07 20  STA $2007 = 00                  A:00 X:A9 Y:01 P:A4 SP:FF PPU: NOT IMPLEMENTED YET
C037  CA        DEX                             A:00 X:A9 Y:01 P:A4 SP:FF PPU: NOT IMPLEMENTED YET
C038  D0 FA     BNE $C034                       A:00 X:A8 Y:01 P:A4 SP:FF PPU: NOT IMPLEMENTED YET
C034  8D 07 20  STA $2007 = 00                  A:00 X:A8 Y:01 P:A4 SP:FF PPU: NOT IMPLEMENTED YET
C037  CA        DEX                             A:00 X:A8 Y:01 P:A4 SP:FF PPU: NOT IMPLEMENTED YET
C038  D0 FA     BNE $C034                       A:00 X:A7 Y:01 P:A4 SP:FF PPU: NOT IMPLEMENTED YET
C034  8D 07 20  STA $2007 = 00                  A:00 X:A7 Y:01 P:A4 SP:FF PPU: NOT IMPLEMENTED YET
C037  CA        DEX                             A:00 X:A7 Y:01 P:A4 SP:FF PPU: NOT IMPLEMENTED YET
C038  D0 FA     BNE $C034                       A:00 X:A6 Y:01 P:A4 SP:FF PPU: NOT IMPLEMENTED YET
C034  8D 07 20  STA $2007 = 00                  A:00 X:A6 Y:01 P:A4 SP:FF PPU: NOT IMPLEMENTED YET
C037  CA        DEX                             A:00 X:A6 Y:01 P:A4 SP:FF PPU: NOT IMPLEMENTED YET
C038  D0 FA     BNE $C034                       A:00 X:A5 Y:01 P:A4 SP:FF PPU: NOT IMPLEMENTED YET
C034  8D 07 20  STA $2007 = 00                  A:00 X:A5 Y:01 P:A4 SP:FF PPU: NOT IMPLEMENTED YET
C037  CA        DEX                             A:00 X:A5 Y:01 P:A4 SP:FF PPU: NOT IMPLEMENTED YET
C038  D0 FA     BNE $C034                       A:00 X:A4 Y:01 P:A4 SP:FF PPU: NOT IMPLEMENTED YET
C034  8D 07 20  STA $2007 = 00                  A:00 X:A4 Y:01 P:A4 SP:FF PPU: NOT IMPLEMENTED YET
C037  CA        DEX                             A:00 X:A4 Y:01 P:A4 SP:FF PPU: NOT IMPLEMENTED YET
C038  D0 FA     BNE $C034                       A:00 X:A3 Y:01 P:A4 SP:FF PPU: NOT IMPLEMENTED YET
C034  8D 07 20  STA $2007 = 00                  A:00 X:A3 Y:01 P:A4 SP:FF PPU: NOT IMPLEMENTED YET
C037  CA        DEX                             A:00 X:A3 Y:01 P:A4 SP:FF PPU: NOT IMPLEMENTED YET
C038  D0 FA     BNE $C034                       A:00 X:A2 Y:01 P:A4 SP:FF PPU: NOT IMPLEMENTED YET
C034  8D 07 20  STA $2007 = 00                  A:00 X:A2 Y:01 P:A4 SP:FF PPU: NOT IMPLEMENTED YET
C037  CA        DEX                             A:00 X:A2 Y:01 P:A4 SP:FF PPU: NOT IMPLEMENTED YET
C038  D0 FA     BNE $C034                       A:00 X:A1 Y:01 P:A4 SP:FF PPU: NOT IMPLEMENTED YET
C034  8D 07 20  STA $2007 = 00                  A:00 X:A1 Y:01 P:A4 SP:FF PPU: NOT IMPLEMENTED YET
C037  CA        DEX                             A:00 X:A1 Y:01 P:A4 SP:FF PPU: NOT IMPLEMENTED YET
C038  D0 FA     BNE $C034                       A:00 X:A0 Y:01 P:A4 SP:FF PPU: NOT IMPLEMENTED YET
C034  8D 07 20  STA $2007 = 00                  A:00 X:A0 Y:01 P:A4 SP:FF PPU: NOT IMPLEMENTED YET
C037  CA        DEX                             A:00 X:A0 Y:01 P:A4 SP:FF PPU: NOT IMPLEMENTED YET
C038  D0 FA     BNE $C034                       A:00 X:9F Y:01 P:A4 SP:FF PPU: NOT IMPLEMENTED YET
C034  8D 07 20  STA $2007 = 00                  A:00 X:9F Y:01 P:A4 SP:FF PPU: NOT IMPLEMENTED YET
C037  CA        DEX                             A:00 X:9F Y:01 P:A4 SP:FF PPU: NOT IMPLEMENTED YET
C038  D0 FA     BNE $C034                       A:00 X:9E Y:01 P:A4 SP:FF PPU: NOT IMPLEMENTED YET
C034  8D 07 20  STA $2007 = 00                  A:00 X:9E Y:01 P:A4 SP:FF PPU: NOT IMPLEMENTED YET
C037  CA        DEX                             A:00 X:9E Y:01 P:A4 SP:FF PPU: NOT IMPLEMENTED YET
C038  D0 FA     BNE $C034                       A:00 X:9D Y:01 P:A4 SP:FF PPU: NOT IMPLEMENTED YET
C034  8D 07 20  STA $2007 = 00                  A:00 X:9D Y:01 P:A4 SP:FF PPU: NOT IMPLEMENTED YET
C037  CA        DEX                             A:00 X:9D Y:01 P:A4 SP:FF PPU: NOT IMPLEMENTED YET
C038  D0 FA     BNE $C034                       A:00 X:9C Y:01 P:A4 SP:FF PPU: NOT IMPLEMENTED YET
C034  8D 07 20  STA $2007 = 00                  A:00 X:9C Y:01 P:A4 SP:FF PPU: NOT IMPLEMENTED YET
C037  CA        DEX                             A:00 X:9C Y:01 P:A4 SP:FF PPU: NOT IMPLEMENTED YET
C038  D0 FA     BNE $C034                       A:00 X:9B Y:01 P:A4 SP:FF PPU: NOT IMPLEMENTED YET
C034  8D 07 20  STA $2007 = 00                  A:00 X:9B Y:01 P:A4 SP:FF PPU: NOT IMPLEMENTED YET
C037  CA        DEX                             A:00 X:9B Y:01 P:A4 SP:FF PPU: NOT IMPLEMENTED YET
C038  D0 FA     BNE $C034                       A:00 X:9A Y:01 P:A4 SP:FF PPU: NOT IMPLEMENTED YET
C034  8D 07 20  STA $2007 = 00                  A:00 X:9A Y:01 P:A4 SP:FF PPU: NOT IMPLEMENTED YET
C037  CA        DEX                             A:00 X:9A Y:01 P:A4 SP:FF PPU: NOT IMPLEMENTED YET
C038  D0 FA     BNE $C034                       A:00 X:99 Y:01 P:A4 SP:FF PPU: NOT IMPLEMENTED YET
C034  8D 07 20  STA $2007 = 00                  A:00 X:99 Y:01 P:A4 SP:FF PPU: NOT IMPLEMENTED YET
C037  CA        DEX                             A:00 X:99 Y:01 P:A4 SP:FF PPU: NOT IMPLEMENTED YET
C038  D0 FA     BNE $C034                       A:00 X:98 Y:01 P:A4 SP:FF PPU: NOT IMPLEMENTED YET
C034  8D 07 20  STA $2007 = 00                  A:00 X:98 Y:01 P:A4 SP:FF PPU: NOT IMPLEMENTED YET
C037  CA        DEX                             A:00 X:98 Y:01 P:A4 SP:FF PPU: NOT IMPLEMENTED YET
C038  D0 FA     BNE $C034                       A:00 X:97 Y:01 P:A4 SP:FF PPU: NOT IMPLEMENTED YET
C034  8D 07 20  STA $2007 = 00                  A:00 X:97 Y:01 P:A4 SP:FF PPU: NOT IMPLEMENTED YET
C037  CA        DEX                             A:00 X:97 Y:01 P:A4 SP:FF PPU: NOT IMPLEMENTED YET
C038  D0 FA     BNE $C034                       A:00 X:96 Y:01 P:A4 SP:FF PPU: NOT IMPLEMENTED YET
C034  8D 07 20  STA $2007 = 00                  A:00 X:96 Y:01 P:A4 SP:FF PPU: NOT IMPLEMENTED YET
C037  CA        DEX                             A:00 X:96 Y:01 P:A4 SP:FF PPU: NOT IMPLEMENTED YET
C038  D0 FA     BNE $C034                       A:00 X:95 Y:01 P:A4 SP:FF PPU: NOT IMPLEMENTED YET
C034  8D 07 20  STA $2007 = 00                  A:00 X:95 Y:01 P:A4 SP:FF PPU: NOT IMPLEMENTED YET
C037  CA        DEX                             A:00 X:95 Y:01 P:A4 SP:FF PPU: NOT IMPLEMENTED YET
C038  D0 FA     BNE $C034                       A:00 X:94 Y:01 P:A4 SP:FF PPU: NOT IMPLEMENTED YET
C034  8D 07 20  STA $2007 = 00                  A:00 X:94 Y:01 P:A4 SP:FF PPU: NOT IMPLEMENTED YET
C037  CA        DEX                             A:00 X:94 Y:01 P:A4 SP:FF PPU: NOT IMPLEMENTED YET
C038  D0 FA     BNE $C034                       A:00 X:93 Y:01 P:A4 SP:FF PPU: NOT IMPLEMENTED YET
C034  8D 07 20  STA $2007 = 00                  A:00 X:93 Y:01 P:A4 SP:FF PPU: NOT IMPLEMENTED YET
C037  CA        DEX                             A:00 X:93 Y:01 P:A4 SP:FF PPU: NOT IMPLEMENTED YET
C038  D0 FA     BNE $C034                       A:00 X:92 Y:01 P:A4 SP:FF PPU: NOT IMPLEMENTED YET
C034  8D 07 20  STA $2007 = 00                  A:00 X:92 Y:01 P:A4 SP:FF PPU: NOT IMPLEMENTED YET
C037  CA        DEX                             A:00 X:92 Y:01 P:A4 SP:FF PPU: NOT IMPLEMENTED YET
C038  D0 FA     BNE $C034                       A:00 X:91 Y:01 P:A4 SP:FF PPU: NOT IMPLEMENTED YET
C034  8D 07 20  STA $2007 = 00                  A:00 X:91 Y:01 P:A4 SP:FF PPU: NOT IMPLEMENTED YET
C037  CA        DEX                             A:00 X:91 Y:01 P:A4 SP:FF PPU: NOT IMPLEMENTED YET
C038  D0 FA     BNE $C034                       A:00 X:90 Y:01 P:A4 SP:FF PPU: NOT IMPLEMENTED YET
C034  8D 07 20  STA $2007 = 00                  A:00 X:90 Y:01 P:A4 SP:FF PPU: NOT IMPLEMENTED YET
C037  CA        DEX                             A:00 X:90 Y:01 P:A4 SP:FF PPU: NOT IMPLEMENTED YET
C038  D0 FA     BNE $C034                       A:00 X:8F Y:01 P:A4 SP:FF PPU: NOT IMPLEMENTED YET
C034  8D 07 20  STA $2007 = 00                  A:00 X:8F Y:01 P:A4 SP:FF PPU: NOT IMPLEMENTED YET
C037  CA        DEX                             A:00 X:8F Y:01 P:A4 SP:FF PPU: NOT IMPLEMENTED YET
C038  D0 FA     BNE $C034                       A:00 X:8E Y:01 P:A4 SP:FF PPU: NOT IMPLEMENTED YET
C034  8D 07 20  STA $2007 = 00                  A:00 X:8E Y:01 P:A4 SP:FF PPU: NOT IMPLEMENTED YET
C037  CA        DEX                             A:00 X:8E Y:01 P:A4 SP:FF PPU: NOT IMPLEMENTED YET
C038  D0 FA     BNE $C034                       A:00 X:8D Y:01 P:A4 SP:FF PPU: NOT IMPLEMENTED YET
C034  8D 07 20  STA $2007 = 00                  A:00 X:8D Y:01 P:A4 SP:FF PPU: NOT IMPLEMENTED YET
C037  CA        DEX                             A:00 X:8D Y:01 P:A4 SP:FF PPU: NOT IMPLEMENTED YET
C038  D0 FA     BNE $C034                       A:00 X:8C Y:01 P:A4 SP:FF PPU: NOT IMPLEMENTED YET
C034  8D 07 20  STA $2007 = 00                  A:00 X:8C Y:01 P:A4 SP:FF PPU: NOT IMPLEMENTED YET
C037  CA        DEX                             A:00 X:8C Y:01 P:A4 SP:FF PPU: NOT IMPLEMENTED YET
C038  D0 FA     BNE $C034                       A:00 X:8B Y:01 P:A4 SP:FF PPU: NOT IMPLEMENTED YET
C034  8D 07 20  STA $2007 = 00                  A:00 X:8B Y:01 P:A4 SP:FF PPU: NOT IMPLEMENTED YET
C037  CA        DEX                             A:00 X:8B Y:01 P:A4 SP:FF PPU: NOT IMPLEMENTED YET
C038  D0 FA     BNE $C034                       A:00 X:8A Y:01 P:A4 SP:FF PPU: NOT IMPLEMENTED YET
C034  8D 07 20  STA $2007 = 00                  A:00 X:8A Y:01 P:A4 SP:FF PPU: NOT IMPLEMENTED YET
C037  CA        DEX                             A:00 X:8A Y:01 P:A4 SP:FF PPU: NOT IMPLEMENTED YET
C038  D0 FA     BNE $C034                       A:00 X:89 Y:01 P:A4 SP:FF PPU: NOT IMPLEMENTED YET
C034  8D 07 20  STA $2007 = 00                  A:00 X:89 Y:01 P:A4 SP:FF PPU: NOT IMPLEMENTED YET
C037  CA        DEX                             A:00 X:89 Y:01 P:A4 SP:FF PPU: NOT IMPLEMENTED YET
C038  D0 FA     BNE $C034                       A:00 X:88 Y:01 P:A4 SP:FF PPU: NOT IMPLEMENTED YET
C034  8D 07 20  STA $2007 = 00                  A:00 X:88 Y:01 P:A4 SP:FF PPU: NOT IMPLEMENTED YET
C037  CA        DEX                             A:00 X:88 Y:01 P:A4 SP:FF PPU: NOT IMPLEMENTED YET
C038  D0 FA     BNE $C034                       A:00 X:87 Y:01 P:A4 SP:FF PPU: NOT IMPLEMENTED YET
C034  8D 07 20  STA $2007 = 00                  A:00 X:87 Y:01 P:A4 SP:FF PPU: NOT IMPLEMENTED YET
C037  CA        DEX                             A:00 X:87 Y:01 P:A4 SP:FF PPU: NOT IMPLEMENTED YET
C038  D0 FA     BNE $C034                       A:00 X:86 Y:01 P:A4 SP:FF PPU: NOT IMPLEMENTED YET
C034  8D 07 20  STA $2007 = 00                  A:00 X:86 Y:01 P:A4 SP:FF PPU: NOT IMPLEMENTED YET
C037  CA        DEX                             A:00 X:86 Y:01 P:A4 SP:FF PPU: NOT IMPLEMENTED YET
C038  D0 FA     BNE $C034                       A:00 X:85 Y:01 P:A4 SP:FF PPU: NOT IMPLEMENTED YET
C034  8D 07 20  STA $2007 = 00                  A:00 X:85 Y:01 P:A4 SP:FF PPU: NOT IMPLEMENTED YET
C037  CA        DEX                             A:00 X:85 Y:01 P:A4 SP:FF PPU: NOT IMPLEMENTED YET
C038  D0 FA     BNE $C034                       A:00 X:84 Y:01 P:A4 SP:FF PPU: NOT IMPLEMENTED YET
C034  8D 07 20  STA $2007 = 00                  A:00 X:84 Y:01 P:A4 SP:FF PPU: NOT IMPLEMENTED YET
C037  CA        DEX                             A:00 X:84 Y:01 P:A4 SP:FF PPU: NOT IMPLEMENTED YET
C038  D0 FA     BNE $C034                       A:00 X:83 Y:01 P:A4 SP:FF PPU: NOT IMPLEMENTED YET
C034  8D 07 20  STA $2007 = 00                  A:00 X:83 Y:01 P:A4 SP:FF PPU: NOT IMPLEMENTED YET
C037  CA        DEX                             A:00 X:83 Y:01 P:A4 SP:FF PPU: NOT IMPLEMENTED YET
C038  D0 FA     BNE $C034                       A:00 X:82 Y:01 P:A4 SP:FF PPU: NOT IMPLEMENTED YET
C034  8D 07 20  STA $2007 = 00                  A:00 X:82 Y:01 P:A4 SP:FF PPU: NOT IMPLEMENTED YET
C037  CA        DEX                             A:00 X:82 Y:01 P:A4 SP:FF PPU: NOT IMPLEMENTED YET
C038  D0 FA     BNE $C034                       A:00 X:81 Y:01 P:A4 SP:FF PPU: NOT IMPLEMENTED YET
C034  8D 07 20  STA $2007 = 00                  A:00 X:81 Y:01 P:A4 SP:FF PPU: NOT IMPLEMENTED YET
C037  CA        DEX                             A:00 X:81 Y:01 P:A4 SP:FF PPU: NOT IMPLEMENTED YET
C038  D0 FA     BNE $C034                       A:00 X:80 Y:01 P:A4 SP:FF PPU: NOT IMPLEMENTED YET
C034  8D 07 20  STA $2007 = 00                  A:00 X:80 Y:01 P:A4 SP:FF PPU: NOT IMPLEMENTED YET
C037  CA        DEX                             A:00 X:80 Y:01 P:A4 SP:FF PPU: NOT IMPLEMENTED YET
C038  D0 FA     BNE $C034                       A:00 X:7F Y:01 P:24 SP:FF PPU: NOT IMPLEMENTED YET
C034  8D 07 20  STA $2007 = 00                  A:00 X:7F Y:01 P:24 SP:FF PPU: NOT IMPLEMENTED YET
C037  CA        DEX                             A:00 X:7F Y:01 P:24 SP:FF PPU: NOT IMPLEMENTED YET
C038  D0 FA     BNE $C034                       A:00 X:7E Y:01 P:24 SP:FF PPU: NOT IMPLEMENTED YET
C034  8D 07 20  STA $2007 = 00                  A:00 X:7E Y:01 P:24 SP:FF PPU: NOT IMPLEMENTED YET
C037  CA        DEX                             A:00 X:7E Y:01 P:24 SP:FF PPU: NOT IMPLEMENTED YET
C038  D0 FA     BNE $C034                       A:00 X:7D Y:01 P:24 SP:FF PPU: NOT IMPLEMENTED YET
C034  8D 07 20  STA $2007 = 00                  A:00 X:7D Y:01 P:24 SP:FF PPU: NOT IMPLEMENTED YET
C037  CA        DEX                             A:00 X:7D Y:01 P:24 SP:FF PPU: NOT IMPLEMENTED YET
C038  D0 FA     BNE $C034                       A:00 X:7C Y:01 P:24 SP:FF PPU: NOT IMPLEMENTED YET
C034  8D 07 20  STA $2007 = 00                  A:00 X:7C Y:01 P:24 SP:FF PPU: NOT IMPLEMENTED YET
C037  CA        DEX                             A:00 X:7C Y:01 P:24 SP:FF PPU: NOT IMPLEMENTED YET
C038  D0 FA     BNE $C034                       A:00 X:7B Y:01 P:24 SP:FF PPU: NOT IMPLEMENTED YET
C034  8D 07 20  STA $2007 = 00                  A:00 X:7B Y:01 P:24 SP:FF PPU: NOT IMPLEMENTED YET
C037  CA        DEX                             A:00 X:7B Y:01 P:24 SP:FF PPU: NOT IMPLEMENTED YET
C038  D0 FA     BNE $C034                       A:00 X:7A Y:01 P:24 SP:FF PPU: NOT IMPLEMENTED YET
C034  8D 07 20  STA $2007 = 00                  A:00 X:7A Y:01 P:24 SP:FF PPU: NOT IMPLEMENTED YET
C037  CA        DEX                             A:00 X:7A Y:01 P:24 SP:FF PPU: NOT IMPLEMENTED YET
C038  D0 FA     BNE $C034                       A:00 X:79 Y:01 P:24 SP:FF PPU: NOT IMPLEMENTED YET
C034  8D 07 20  STA $2007 = 00                  A:00 X:79 Y:01 P:24 SP:FF PPU: NOT IMPLEMENTED YET
C037  CA        DEX                             A:00 X:79 Y:01 P:24 SP:FF PPU: NOT IMPLEMENTED YET
C038  D0 FA     BNE $C034                       A:00 X:78 Y:01 P:24 SP:FF PPU: NOT IMPLEMENTED YET
C034  8D 07 20  STA $2007 = 00                  A:00 X:78 Y:01 P:24 SP:FF PPU: NOT IMPLEMENTED YET
C037  CA        DEX                             A:00 X:78 Y:01 P:24 SP:FF PPU: NOT IMPLEMENTED YET
C038  D0 FA     BNE $C034                       A:00 X:77 Y:01 P:24 SP:FF PPU: NOT IMPLEMENTED YET
C034  8D 07 20  STA $2007 = 00                  A:00 X:77 Y:01 P:24 SP:FF PPU: NOT IMPLEMENTED YET
C037  CA        DEX                             A:00 X:77 Y:01 P:24 SP:FF PPU: NOT IMPLEMENTED YET
C038  D0 FA     BNE $C034                       A:00 X:76 Y:01 P:24 SP:FF PPU: NOT IMPLEMENTED YET
C034  8D 07 20  STA $2007 = 00                  A:00 X:76 Y:01 P:24 SP:FF PPU: NOT IMPLEMENTED YET
C037  CA        DEX                             A:00 X:76 Y:01 P:24 SP:FF PPU: NOT IMPLEMENTED YET
C038  D0 FA     BNE $C034                       A:00 X:75 Y:01 P:24 SP:FF PPU: NOT IMPLEMENTED YET
C034  8D 07 20  STA $2007 = 00                  A:00 X:75 Y:01 P:24 SP:FF PPU: NOT IMPLEMENTED YET
C037  CA        DEX                             A:00 X:75 Y:01 P:24 SP:FF PPU: NOT IMPLEMENTED YET
C038  D0 FA     BNE $C034                       A:00 X:74 Y:01 P:24 SP:FF PPU: NOT IMPLEMENTED YET
C034  8D 07 20  STA $2007 = 00                  A:00 X:74 Y:01 P:24 SP:FF PPU: NOT IMPLEMENTED YET
C037  CA        DEX                             A:00 X:74 Y:01 P:24 SP:FF PPU: NOT IMPLEMENTED YET
C038  D0 FA     BNE $C034                       A:00 X:73 Y:01 P:24 SP:FF PPU: NOT IMPLEMENTED YET
C034  8D 07 20  STA $2007 = 00                  A:00 X:73 Y:01 P:24 SP:FF PPU: NOT IMPLEMENTED YET
C037  CA        DEX                             A:00 X:73 Y:01 P:24 SP:FF PPU: NOT IMPLEMENTED YET
C038  D0 FA     BNE $C034                       A:00 X:72 Y:01 P:24 SP:FF PPU: NOT IMPLEMENTED YET
C034  8D 07 20  STA $2007 = 00                  A:00 X:72 Y:01 P:24 SP:FF PPU: NOT IMPLEMENTED YET
C037  CA        DEX                             A:00 X:72 Y:01 P:24 SP:FF PPU: NOT IMPLEMENTED YET
C038  D0 FA     BNE $C034                       A:00 X:71 Y:01 P:24 SP:FF PPU: NOT IMPLEMENTED YET
C034  8D 07 20  STA $2007 = 00                  A:00 X:71 Y:01 P:24 SP:FF PPU: NOT IMPLEMENTED YET
C037  CA        DEX                             A:00 X:71 Y:01 P:24 SP:FF PPU: NOT IMPLEMENTED YET
C038  D0 FA     BNE $C034                       A:00 X:70 Y:01 P:24 SP:FF PPU: NOT IMPLEMENTED YET
C034  8D 07 20  STA $2007 = 00                  A:00 X:70 Y:01 P:24 SP:FF PPU: NOT IMPLEMENTED YET
C037  CA        DEX                             A:00 X:70 Y:01 P:24 SP:FF PPU: NOT IMPLEMENTED YET
C038  D0 FA     BNE $C034                       A:00 X:6F Y:01 P:24 SP:FF PPU: NOT IMPLEMENTED YET
C034  8D 07 20  STA $2007 = 00                  A:00 X:6F Y:01 P:24 SP:FF PPU: NOT IMPLEMENTED YET
C037  CA        DEX                             A:00 X:6F Y:01 P:24 SP:FF PPU: NOT IMPLEMENTED YET
C038  D0 FA     BNE $C034                       A:00 X:6E Y:01 P:24 SP:FF PPU: NOT IMPLEMENTED YET
C034  8D 07 20  STA $2007 = 00                  A:00 X:6E Y:01 P:24 SP:FF PPU: NOT IMPLEMENTED YET
C037  CA        DEX                             A:00 X:6E Y:01 P:24 SP:FF PPU: NOT IMPLEMENTED YET
C038  D0 FA     BNE $C034                       A:00 X:6D Y:01 P:24 SP:FF PPU: NOT IMPLEMENTED YET
C034  8D 07 20  STA $2007 = 00                  A:00 X:6D Y:01 P:24 SP:FF PPU: NOT IMPLEMENTED YET
C037  CA        DEX                             A:00 X:6D Y:01 P:24 SP:FF PPU: NOT IMPLEMENTED YET
C038  D0 FA     BNE $C034                       A:00 X:6C Y:01 P:24 SP:FF PPU: NOT IMPLEMENTED YET
C034  8D 07 20  STA $2007 = 00                  A:00 X:6C Y:01 P:24 SP:FF PPU: NOT IMPLEMENTED YET
C037  CA        DEX                             A:00 X:6C Y:01 P:24 SP:FF PPU: NOT IMPLEMENTED YET
C038  D0 FA     BNE $C034                       A:00 X:6B Y:01 P:24 SP:FF PPU: NOT IMPLEMENTED YET
C034  8D 07 20  STA $2007 = 00                  A:00 X:6B Y:01 P:24 SP:FF PPU: NOT IMPLEMENTED YET
C037  CA        DEX                             A:00 X:6B Y:01 P:24 SP:FF PPU: NOT IMPLEMENTED YET
C038  D0 FA     BNE $C034                       A:00 X:6A Y:01 P:24 SP:FF PPU: NOT IMPLEMENTED YET
C034  8D 07 20  STA $2007 = 00                  A:00 X:6A Y:01 P:24 SP:FF PPU: NOT IMPLEMENTED YET
C037  CA        DEX                             A:00 X:6A Y:01 P:24 SP:FF PPU: NOT IMPLEMENTED YET
C038  D0 FA     BNE $C034                       A:00 X:69 Y:01 P:24 SP:FF PPU: NOT IMPLEMENTED YET
C034  8D 07 20  STA $2007 = 00                  A:00 X:69 Y:01 P:24 SP:FF PPU: NOT IMPLEMENTED YET
C037  CA        DEX                             A:00 X:69 Y:01 P:24 SP:FF PPU: NOT IMPLEMENTED YET
C038  D0 FA     BNE $C034                       A:00 X:68 Y:01 P:24 SP:FF PPU: NOT IMPLEMENTED YET
C034  8D 07 20  STA $2007 = 00                  A:00 X:68 Y:01 P:24 SP:FF PPU: NOT IMPLEMENTED YET
C037  CA        DEX                             A:00 X:68 Y:01 P:24 SP:FF PPU: NOT IMPLEMENTED YET
C038  D0 FA     BNE $C034                       A:00 X:67 Y:01 P:24 SP:FF PPU: NOT IMPLEMENTED YET
C034  8D 07 20  STA $2007 = 00                  A:00 X:67 Y:01 P:24 SP:FF PPU: NOT IMPLEMENTED YET
C037  CA        DEX                             A:00 X:67 Y:01 P:24 SP:FF PPU: NOT IMPLEMENTED YET
C038  D0 FA     BNE $C034                       A:00 X:66 Y:01 P:24 SP:FF PPU: NOT IMPLEMENTED YET
C034  8D 07 20  STA $2007 = 00                  A:00 X:66 Y:01 P:24 SP:FF PPU: NOT IMPLEMENTED YET
C037  CA        DEX                             A:00 X:66 Y:01 P:24 SP:FF PPU: NOT IMPLEMENTED YET
C038  D0 FA     BNE $C034                       A:00 X:65 Y:01 P:24 SP:FF PPU: NOT IMPLEMENTED YET
C034  8D 07 20  STA $2007 = 00                  A:00 X:65 Y:01 P:24 SP:FF PPU: NOT IMPLEMENTED YET
C037  CA        DEX                             A:00 X:65 Y:01 P:24 SP:FF PPU: NOT IMPLEMENTED YET
C038  D0 FA     BNE $C034                       A:00 X:64 Y:01 P:24 SP:FF PPU: NOT IMPLEMENTED YET
C034  8D 07 20  STA $2007 = 00                  A:00 X:64 Y:01 P:24 SP:FF PPU: NOT IMPLEMENTED YET
C037  CA        DEX                             A:00 X:64 Y:01 P:24 SP:FF PPU: NOT IMPLEMENTED YET
C038  D0 FA     BNE $C034                       A:00 X:63 Y:01 P:24 SP:FF PPU: NOT IMPLEMENTED YET
C034  8D 07 20  STA $2007 = 00                  A:00 X:63 Y:01 P:24 SP:FF PPU: NOT IMPLEMENTED YET
C037  CA        DEX                             A:00 X:63 Y:01 P:24 SP:FF PPU: NOT IMPLEMENTED YET
C038  D0 FA     BNE $C034                       A:00 X:62 Y:01 P:24 SP:FF PPU: NOT IMPLEMENTED YET
C034  8D 07 20  STA $2007 = 00                  A:00 X:62 Y:01 P:24 SP:FF PPU: NOT IMPLEMENTED YET
C037  CA        DEX                             A:00 X:62 Y:01 P:24 SP:FF PPU: NOT IMPLEMENTED YET
C038  D0 FA     BNE $C034                       A:00 X:61 Y:01 P:24 SP:FF PPU: NOT IMPLEMENTED YET
C034  8D 07 20  STA $2007 = 00                  A:00 X:61 Y:01 P:24 SP:FF PPU: NOT IMPLEMENTED YET
C037  CA        DEX                             A:00 X:61 Y:01 P:24 SP:FF PPU: NOT IMPLEMENTED YET
C038  D0 FA     BNE $C034                       A:00 X:60 Y:01 P:24 SP:FF PPU: NOT IMPLEMENTED YET
C034  8D 07 20  STA $2007 = 00                  A:00 X:60 Y:01 P:24 SP:FF PPU: NOT IMPLEMENTED YET
C037  CA        DEX                             A:00 X:60 Y:01 P:24 SP:FF PPU: NOT IMPLEMENTED YET
C038  D0 FA     BNE $C034                       A:00 X:5F Y:01 P:24 SP:FF PPU: NOT IMPLEMENTED YET
C034  8D 07 20  STA $2007 = 00                  A:00 X:5F Y:01 P:24 SP:FF PPU: NOT IMPLEMENTED YET
C037  CA        DEX                             A:00 X:5F Y:01 P:24 SP:FF PPU: NOT IMPLEMENTED YET
C038  D0 FA     BNE $C034                       A:00 X:5E Y:01 P:24 SP:FF PPU: NOT IMPLEMENTED YET
C034  8D 07 20  STA $2007 = 00                  A:00 X:5E Y:01 P:24 SP:FF PPU: NOT IMPLEMENTED YET
C037  CA        DEX                             A:00 X:5E Y:01 P:24 SP:FF PPU: NOT IMPLEMENTED YET
C038  D0 FA     BNE $C034                       A:00 X:5D Y:01 P:24 SP:FF PPU: NOT IMPLEMENTED YET
C034  8D 07 20  STA $2007 = 00                  A:00 X:5D Y:01 P:24 SP:FF PPU: NOT IMPLEMENTED YET
C037  CA        DEX                             A:00 X:5D Y:01 P:24 SP:FF PPU: NOT IMPLEMENTED YET
C038  D0 FA     BNE $C034                       A:00 X:5C Y:01 P:24 SP:FF PPU: NOT IMPLEMENTED YET
C034  8D 07 20  STA $2007 = 00                  A:00 X:5C Y:01 P:24 SP:FF PPU: NOT IMPLEMENTED YET
C037  CA        DEX                             A:00 X:5C Y:01 P:24 SP:FF PPU: NOT IMPLEMENTED YET
C038  D0 FA     BNE $C034                       A:00 X:5B Y:01 P:24 SP:FF PPU: NOT IMPLEMENTED YET
C034  8D 07 20  STA $2007 = 00                  A:00 X:5B Y:01 P:24 SP:FF PPU: NOT IMPLEMENTED YET
C037  CA        DEX                             A:00 X:5B Y:01 P:24 SP:FF PPU: NOT IMPLEMENTED YET
C038  D0 FA     BNE $C034                       A:00 X:5A Y:01 P:24 SP:FF PPU: NOT IMPLEMENTED YET
C034  8D 07 20  STA $2007 = 00                  A:00 X:5A Y:01 P:24 SP:FF PPU: NOT IMPLEMENTED YET
C037  CA        DEX                             A:00 X:5A Y:01 P:24 SP:FF PPU: NOT IMPLEMENTED YET
C038  D0 FA     BNE $C034                       A:00 X:59 Y:01 P:24 SP:FF PPU: NOT IMPLEMENTED YET
C034  8D 07 20  STA $2007 = 00                  A:00 X:59 Y:01 P:24 SP:FF PPU: NOT IMPLEMENTED YET
C037  CA        DEX                             A:00 X:59 Y:01 P:24 SP:FF PPU: NOT IMPLEMENTED YET
C038  D0 FA     BNE $C034                       A:00 X:58 Y:01 P:24 SP:FF PPU: NOT IMPLEMENTED YET
C034  8D 07 20  STA $2007 = 00                  A:00 X:58 Y:01 P:24 SP:FF PPU: NOT IMPLEMENTED YET
C037  CA        DEX                             A:00 X:58 Y:01 P:24 SP:FF PPU: NOT IMPLEMENTED YET
C038  D0 FA     BNE $C034                       A:00 X:57 Y:01 P:24 SP:FF PPU: NOT IMPLEMENTED YET
C034  8D 07 20  STA $2007 = 00                  A:00 X:57 Y:01 P:24 SP:FF PPU: NOT IMPLEMENTED YET
C037  CA        DEX                             A:00 X:57 Y:01 P:24 SP:FF PPU: NOT IMPLEMENTED YET
C038  D0 FA     BNE $C034                       A:00 X:56 Y:01 P:24 SP:FF PPU: NOT IMPLEMENTED YET
C034  8D 07 20  STA $2007 = 00                  A:00 X:56 Y:01 P:24 SP:FF PPU: NOT IMPLEMENTED YET
C037  CA        DEX                             A:00 X:56 Y:01 P:24 SP:FF PPU: NOT IMPLEMENTED YET
C038  D0 FA     BNE $C034                       A:00 X:55 Y:01 P:24 SP:FF PPU: NOT IMPLEMENTED YET
C034  8D 07 20  STA $2007 = 00                  A:00 X:55 Y:01 P:24 SP:FF PPU: NOT IMPLEMENTED YET
C037  CA        DEX                             A:00 X:55 Y:01 P:24 SP:FF PPU: NOT IMPLEMENTED YET
C038  D0 FA     BNE $C034                       A:00 X:54 Y:01 P:24 SP:FF PPU: NOT IMPLEMENTED YET
C034  8D 07 20  STA $2007 = 00                  A:00 X:54 Y:01 P:24 SP:FF PPU: NOT IMPLEMENTED YET
C037  CA        DEX                             A:00 X:54 Y:01 P:24 SP:FF PPU: NOT IMPLEMENTED YET
C038  D0 FA     BNE $C034                       A:00 X:53 Y:01 P:24 SP:FF PPU: NOT IMPLEMENTED YET
C034  8D 07 20  STA $2007 = 00                  A:00 X:53 Y:01 P:24 SP:FF PPU: NOT IMPLEMENTED YET
C037  CA        DEX                             A:00 X:53 Y:01 P:24 SP:FF PPU: NOT IMPLEMENTED YET
C038  D0 FA     BNE $C034                       A:00 X:52 Y:01 P:24 SP:FF PPU: NOT IMPLEMENTED YET
C034  8D 07 20  STA $2007 = 00                  A:00 X:52 Y:01 P:24 SP:FF PPU: NOT IMPLEMENTED YET
C037  CA        DEX                             A:00 X:52 Y:01 P:24 SP:FF PPU: NOT IMPLEMENTED YET
C038  D0 FA     BNE $C034                       A:00 X:51 Y:01 P:24 SP:FF PPU: NOT IMPLEMENTED YET
C034  8D 07 20  STA $2007 = 00                  A:00 X:51 Y:01 P:24 SP:FF PPU: NOT IMPLEMENTED YET
C037  CA        DEX                             A:00 X:51 Y:01 P:24 SP:FF PPU: NOT IMPLEMENTED YET
C038  D0 FA     BNE $C034                       A:00 X:50 Y:01 P:24 SP:FF PPU: NOT IMPLEMENTED YET
C034  8D 07 20  STA $2007 = 00                  A:00 X:50 Y:01 P:24 SP:FF PPU: NOT IMPLEMENTED YET
C037  CA        DEX                             A:00 X:50 Y:01 P:24 SP:FF PPU: NOT IMPLEMENTED YET
C038  D0 FA     BNE $C034                       A:00 X:4F Y:01 P:24 SP:FF PPU: NOT IMPLEMENTED YET
C034  8D 07 20  STA $2007 = 00                  A:00 X:4F Y:01 P:24 SP:FF PPU: NOT IMPLEMENTED YET
C037  CA        DEX                             A:00 X:4F Y:01 P:24 SP:FF PPU: NOT IMPLEMENTED YET
C038  D0 FA     BNE $C034                       A:00 X:4E Y:01 P:24 SP:FF PPU: NOT IMPLEMENTED YET
C034  8D 07 20  STA $2007 = 00                  A:00 X:4E Y:01 P:24 SP:FF PPU: NOT IMPLEMENTED YET
C037  CA        DEX                             A:00 X:4E Y:01 P:24 SP:FF PPU: NOT IMPLEMENTED YET
C038  D0 FA     BNE $C034                       A:00 X:4D Y:01 P:24 SP:FF PPU: NOT IMPLEMENTED YET
C034  8D 07 20  STA $2007 = 00                  A:00 X:4D Y:01 P:24 SP:FF PPU: NOT IMPLEMENTED YET
C037  CA        DEX                             A:00 X:4D Y:01 P:24 SP:FF PPU: NOT IMPLEMENTED YET
C038  D0 FA     BNE $C034                       A:00 X:4C Y:01 P:24 SP:FF PPU: NOT IMPLEMENTED YET
C034  8D 07 20  STA $2007 = 00                  A:00 X:4C Y:01 P:24 SP:FF PPU: NOT IMPLEMENTED YET
C037  CA        DEX                             A:00 X:4C Y:01 P:24 SP:FF PPU: NOT IMPLEMENTED YET
C038  D0 FA     BNE $C034                       A:00 X:4B Y:01 P:24 SP:FF PPU: NOT IMPLEMENTED YET
C034  8D 07 20  STA $2007 = 00                  A:00 X:4B Y:01 P:24 SP:FF PPU: NOT IMPLEMENTED YET
C037  CA        DEX                             A:00 X:4B Y:01 P:24 SP:FF PPU: NOT IMPLEMENTED YET
C038  D0 FA     BNE $C034                       A:00 X:4A Y:01 P:24 SP:FF PPU: NOT IMPLEMENTED YET
C034  8D 07 20  STA $2007 = 00                  A:00 X:4A Y:01 P:24 SP:FF PPU: NOT IMPLEMENTED YET
C037  CA        DEX                             A:00 X:4A Y:01 P:24 SP:FF PPU: NOT IMPLEMENTED YET
C038  D0 FA     BNE $C034                       A:00 X:49 Y:01 P:24 SP:FF PPU: NOT IMPLEMENTED YET
C034  8D 07 20  STA $2007 = 00                  A:00 X:49 Y:01 P:24 SP:FF PPU: NOT IMPLEMENTED YET
C037  CA        DEX                             A:00 X:49 Y:01 P:24 SP:FF PPU: NOT IMPLEMENTED YET
C038  D0 FA     BNE $C034                       A:00 X:48 Y:01 P:24 SP:FF PPU: NOT IMPLEMENTED YET
C034  8D 07 20  STA $2007 = 00                  A:00 X:48 Y:01 P:24 SP:FF PPU: NOT IMPLEMENTED YET
C037  CA        DEX                             A:00 X:48 Y:01 P:24 SP:FF PPU: NOT IMPLEMENTED YET
C038  D0 FA     BNE $C034                       A:00 X:47 Y:01 P:24 SP:FF PPU: NOT IMPLEMENTED YET
C034  8D 07 20  STA $2007 = 00                  A:00 X:47 Y:01 P:24 SP:FF PPU: NOT IMPLEMENTED YET
C037  CA        DEX                             A:00 X:47 Y:01 P:24 SP:FF PPU: NOT IMPLEMENTED YET
C038  D0 FA     BNE $C034                       A:00 X:46 Y:01 P:24 SP:FF PPU: NOT IMPLEMENTED YET
C034  8D 07 20  STA $2007 = 00                  A:00 X:46 Y:01 P:24 SP:FF PPU: NOT IMPLEMENTED YET
C037  CA        DEX                             A:00 X:46 Y:01 P:24 SP:FF PPU: NOT IMPLEMENTED YET
C038  D0 FA     BNE $C034                       A:00 X:45 Y:01 P:24 SP:FF PPU: NOT IMPLEMENTED YET
C034  8D 07 20  STA $2007 = 00                  A:00 X:45 Y:01 P:24 SP:FF PPU: NOT IMPLEMENTED YET
C037  CA        DEX                             A:00 X:45 Y:01 P:24 SP:FF PPU: NOT IMPLEMENTED YET
C038  D0 FA     BNE $C034                       A:00 X:44 Y:01 P:24 SP:FF PPU: NOT IMPLEMENTED YET
C034  8D 07 20  STA $2007 = 00                  A:00 X:44 Y:01 P:24 SP:FF PPU: NOT IMPLEMENTED YET
C037  CA        DEX                             A:00 X:44 Y:01 P:24 SP:FF PPU: NOT IMPLEMENTED YET
C038  D0 FA     BNE $C034                       A:00 X:43 Y:01 P:24 SP:FF PPU: NOT IMPLEMENTED YET
C034  8D 07 20  STA $2007 = 00                  A:00 X:43 Y:01 P:24 SP:FF PPU: NOT IMPLEMENTED YET
C037  CA        DEX                             A:00 X:43 Y:01 P:24 SP:FF PPU: NOT IMPLEMENTED YET
C038  D0 FA     BNE $C034                       A:00 X:42 Y:01 P:24 SP:FF PPU: NOT IMPLEMENTED YET
C034  8D 07 20  STA $2007 = 00                  A:00 X:42 Y:01 P:24 SP:FF PPU: NOT IMPLEMENTED YET
C037  CA        DEX                             A:00 X:42 Y:01 P:24 SP:FF PPU: NOT IMPLEMENTED YET
C038  D0 FA     BNE $C034                       A:00 X:41 Y:01 P:24 SP:FF PPU: NOT IMPLEMENTED YET
C034  8D 07 20  STA $2007 = 00                  A:00 X:41 Y:01 P:24 SP:FF PPU: NOT IMPLEMENTED YET
C037  CA        DEX                             A:00 X:41 Y:01 P:24 SP:FF PPU: NOT IMPLEMENTED YET
C038  D0 FA     BNE $C034                       A:00 X:40 Y:01 P:24 SP:FF PPU: NOT IMPLEMENTED YET
C034  8D 07 20  STA $2007 = 00                  A:00 X:40 Y:01 P:24 SP:FF PPU: NOT IMPLEMENTED YET
C037  CA        DEX                             A:00 X:40 Y:01 P:24 SP:FF PPU: NOT IMPLEMENTED YET
C038  D0 FA     BNE $C034                       A:00 X:3F Y:01 P:24 SP:FF PPU: NOT IMPLEMENTED YET
C034  8D 07 20  STA $2007 = 00                  A:00 X:3F Y:01 P:24 SP:FF PPU: NOT IMPLEMENTED YET
C037  CA        DEX                             A:00 X:3F Y:01 P:24 SP:FF PPU: NOT IMPLEMENTED YET
C038  D0 FA     BNE $C034                       A:00 X:3E Y:01 P:24 SP:FF PPU: NOT IMPLEMENTED YET
C034  8D 07 20  STA $2007 = 00                  A:00 X:3E Y:01 P:24 SP:FF PPU: NOT IMPLEMENTED YET
C037  CA        DEX                             A:00 X:3E Y:01 P:24 SP:FF PPU: NOT IMPLEMENTED YET
C038  D0 FA     BNE $C034                       A:00 X:3D Y:01 P:24 SP:FF PPU: NOT IMPLEMENTED YET
C034  8D 07 20  STA $2007 = 00                  A:00 X:3D Y:01 P:24 SP:FF PPU: NOT IMPLEMENTED YET
C037  CA        DEX                             A:00 X:3D Y:01 P:24 SP:FF PPU: NOT IMPLEMENTED YET
C038  D0 FA     BNE $C034                       A:00 X:3C Y:01 P:24 SP:FF PPU: NOT IMPLEMENTED YET
C034  8D 07 20  STA $2007 = 00                  A:00 X:3C Y:01 P:24 SP:FF PPU: NOT IMPLEMENTED YET
C037  CA        DEX                             A:00 X:3C Y:01 P:24 SP:FF PPU: NOT IMPLEMENTED YET
C038  D0 FA     BNE $C034                       A:00 X:3B Y:01 P:24 SP:FF PPU: NOT IMPLEMENTED YET
C034  8D 07 20  STA $2007 = 00                  A:00 X:3B Y:01 P:24 SP:FF PPU: NOT IMPLEMENTED YET
C037  CA        DEX                             A:00 X:3B Y:01 P:24 SP:FF PPU: NOT IMPLEMENTED YET
C038  D0 FA     BNE $C034                       A:00 X:3A Y:01 P:24 SP:FF PPU: NOT IMPLEMENTED YET
C034  8D 07 20  STA $2007 = 00                  A:00 X:3A Y:01 P:24 SP:FF PPU: NOT IMPLEMENTED YET
C037  CA        DEX                             A:00 X:3A Y:01 P:24 SP:FF PPU: NOT IMPLEMENTED YET
C038  D0 FA     BNE $C034                       A:00 X:39 Y:01 P:24 SP:FF PPU: NOT IMPLEMENTED YET
C034  8D 07 20  STA $2007 = 00                  A:00 X:39 Y:01 P:24 SP:FF PPU: NOT IMPLEMENTED YET
C037  CA        DEX                             A:00 X:39 Y:01 P:24 SP:FF PPU: NOT IMPLEMENTED YET
C038  D0 FA     BNE $C034                       A:00 X:38 Y:01 P:24 SP:FF PPU: NOT IMPLEMENTED YET
C034  8D 07 20  STA $2007 = 00                  A:00 X:38 Y:01 P:24 SP:FF PPU: NOT IMPLEMENTED YET
C037  CA        DEX                             A:00 X:38 Y:01 P:24 SP:FF PPU: NOT IMPLEMENTED YET
C038  D0 FA     BNE $C034                       A:00 X:37 Y:01 P:24 SP:FF PPU: NOT IMPLEMENTED YET
C034  8D 07 20  STA $2007 = 00                  A:00 X:37 Y:01 P:24 SP:FF PPU: NOT IMPLEMENTED YET
C037  CA        DEX                             A:00 X:37 Y:01 P:24 SP:FF PPU: NOT IMPLEMENTED YET
C038  D0 FA     BNE $C034                       A:00 X:36 Y:01 P:24 SP:FF PPU: NOT IMPLEMENTED YET
C034  8D 07 20  STA $2007 = 00                  A:00 X:36 Y:01 P:24 SP:FF PPU: NOT IMPLEMENTED YET
C037  CA        DEX                             A:00 X:36 Y:01 P:24 SP:FF PPU: NOT IMPLEMENTED YET
C038  D0 FA     BNE $C034                       A:00 X:35 Y:01 P:24 SP:FF PPU: NOT IMPLEMENTED YET
C034  8D 07 20  STA $2007 = 00                  A:00 X:35 Y:01 P:24 SP:FF PPU: NOT IMPLEMENTED YET
C037  CA        DEX                             A:00 X:35 Y:01 P:24 SP:FF PPU: NOT IMPLEMENTED YET
C038  D0 FA     BNE $C034                       A:00 X:34 Y:01 P:24 SP:FF PPU: NOT IMPLEMENTED YET
C034  8D 07 20  STA $2007 = 00                  A:00 X:34 Y:01 P:24 SP:FF PPU: NOT IMPLEMENTED YET
C037  CA        DEX                             A:00 X:34 Y:01 P:24 SP:FF PPU: NOT IMPLEMENTED YET
C038  D0 FA     BNE $C034                       A:00 X:33 Y:01 P:24 SP:FF PPU: NOT IMPLEMENTED YET
C034  8D 07 20  STA $2007 = 00                  A:00 X:33 Y:01 P:24 SP:FF PPU: NOT IMPLEMENTED YET
C037  CA        DEX                             A:00 X:33 Y:01 P:24 SP:FF PPU: NOT IMPLEMENTED YET
C038  D0 FA     BNE $C034                       A:00 X:32 Y:01 P:24 SP:FF PPU: NOT IMPLEMENTED YET
C034  8D 07 20  STA $2007 = 00                  A:00 X:32 Y:01 P:24 SP:FF PPU: NOT IMPLEMENTED YET
C037  CA        DEX                             A:00 X:32 Y:01 P:24 SP:FF PPU: NOT IMPLEMENTED YET
C038  D0 FA     BNE $C034                       A:00 X:31 Y:01 P:24 SP:FF PPU: NOT IMPLEMENTED YET
C034  8D 07 20  STA $2007 = 00                  A:00 X:31 Y:01 P:24 SP:FF PPU: NOT IMPLEMENTED YET
C037  CA        DEX                             A:00 X:31 Y:01 P:24 SP:FF PPU: NOT IMPLEMENTED YET
C038  D0 FA     BNE $C034                       A:00 X:30 Y:01 P:24 SP:FF PPU: NOT IMPLEMENTED YET
C034  8D 07 20  STA $2007 = 00                  A:00 X:30 Y:01 P:24 SP:FF PPU: NOT IMPLEMENTED YET
C037  CA        DEX                             A:00 X:30 Y:01 P:24 SP:FF PPU: NOT IMPLEMENTED YET
C038  D0 FA     BNE $C034                       A:00 X:2F Y:01 P:24 SP:FF PPU: NOT IMPLEMENTED YET
C034  8D 07 20  STA $2007 = 00                  A:00 X:2F Y:01 P:24 SP:FF PPU: NOT IMPLEMENTED YET
C037  CA        DEX                             A:00 X:2F Y:01 P:24 SP:FF PPU: NOT IMPLEMENTED YET
C038  D0 FA     BNE $C034                       A:00 X:2E Y:01 P:24 SP:FF PPU: NOT IMPLEMENTED YET
C034  8D 07 20  STA $2007 = 00                  A:00 X:2E Y:01 P:24 SP:FF PPU: NOT IMPLEMENTED YET
C037  CA        DEX                             A:00 X:2E Y:01 P:24 SP:FF PPU: NOT IMPLEMENTED YET
C038  D0 FA     BNE $C034                       A:00 X:2D Y:01 P:24 SP:FF PPU: NOT IMPLEMENTED YET
C034  8D 07 20  STA $2007 = 00                  A:00 X:2D Y:01 P:24 SP:FF PPU: NOT IMPLEMENTED YET
C037  CA        DEX                             A:00 X:2D Y:01 P:24 SP:FF PPU: NOT IMPLEMENTED YET
C038  D0 FA     BNE $C034                       A:00 X:2C Y:01 P:24 SP:FF PPU: NOT IMPLEMENTED YET
C034  8D 07 20  STA $2007 = 00                  A:00 X:2C Y:01 P:24 SP:FF PPU: NOT IMPLEMENTED YET
C037  CA        DEX                             A:00 X:2C Y:01 P:24 SP:FF PPU: NOT IMPLEMENTED YET
C038  D0 FA     BNE $C034                       A:00 X:2B Y:01 P:24 SP:FF PPU: NOT IMPLEMENTED YET
C034  8D 07 20  STA $2007 = 00                  A:00 X:2B Y:01 P:24 SP:FF PPU: NOT IMPLEMENTED YET
C037  CA        DEX                             A:00 X:2B Y:01 P:24 SP:FF PPU: NOT IMPLEMENTED YET
C038  D0 FA     BNE $C034                       A:00 X:2A Y:01 P:24 SP:FF PPU: NOT IMPLEMENTED YET
C034  8D 07 20  STA $2007 = 00                  A:00 X:2A Y:01 P:24 SP:FF PPU: NOT IMPLEMENTED YET
C037  CA        DEX                             A:00 X:2A Y:01 P:24 SP:FF PPU: NOT IMPLEMENTED YET
C038  D0 FA     BNE $C034                       A:00 X:29 Y:01 P:24 SP:FF PPU: NOT IMPLEMENTED YET
C034  8D 07 20  STA $2007 = 00                  A:00 X:29 Y:01 P:24 SP:FF PPU: NOT IMPLEMENTED YET
C037  CA        DEX                             A:00 X:29 Y:01 P:24 SP:FF PPU: NOT IMPLEMENTED YET
C038  D0 FA     BNE $C034                       A:00 X:28 Y:01 P:24 SP:FF PPU: NOT IMPLEMENTED YET
C034  8D 07 20  STA $2007 = 00                  A:00 X:28 Y:01 P:24 SP:FF PPU: NOT IMPLEMENTED YET
C037  CA        DEX                             A:00 X:28 Y:01 P:24 SP:FF PPU: NOT IMPLEMENTED YET
C038  D0 FA     BNE $C034                       A:00 X:27 Y:01 P:24 SP:FF PPU: NOT IMPLEMENTED YET
C034  8D 07 20  STA $2007 = 00                  A:00 X:27 Y:01 P:24 SP:FF PPU: NOT IMPLEMENTED YET
C037  CA        DEX                             A:00 X:27 Y:01 P:24 SP:FF PPU: NOT IMPLEMENTED YET
C038  D0 FA     BNE $C034                       A:00 X:26 Y:01 P:24 SP:FF PPU: NOT IMPLEMENTED YET
C034  8D 07 20  STA $2007 = 00                  A:00 X:26 Y:01 P:24 SP:FF PPU: NOT IMPLEMENTED YET
C037  CA        DEX                             A:00 X:26 Y:01 P:24 SP:FF PPU: NOT IMPLEMENTED YET
C038  D0 FA     BNE $C034                       A:00 X:25 Y:01 P:24 SP:FF PPU: NOT IMPLEMENTED YET
C034  8D 07 20  STA $2007 = 00                  A:00 X:25 Y:01 P:24 SP:FF PPU: NOT IMPLEMENTED YET
C037  CA        DEX                             A:00 X:25 Y:01 P:24 SP:FF PPU: NOT IMPLEMENTED YET
C038  D0 FA     BNE $C034                       A:00 X:24 Y:01 P:24 SP:FF PPU: NOT IMPLEMENTED YET
C034  8D 07 20  STA $2007 = 00                  A:00 X:24 Y:01 P:24 SP:FF PPU: NOT IMPLEMENTED YET
C037  CA        DEX                             A:00 X:24 Y:01 P:24 SP:FF PPU: NOT IMPLEMENTED YET
C038  D0 FA     BNE $C034                       A:00 X:23 Y:01 P:24 SP:FF PPU: NOT IMPLEMENTED YET
C034  8D 07 20  STA $2007 = 00                  A:00 X:23 Y:01 P:24 SP:FF PPU: NOT IMPLEMENTED YET
C037  CA        DEX                             A:00 X:23 Y:01 P:24 SP:FF PPU: NOT IMPLEMENTED YET
C038  D0 FA     BNE $C034                       A:00 X:22 Y:01 P:24 SP:FF PPU: NOT IMPLEMENTED YET
C034  8D 07 20  STA $2007 = 00                  A:00 X:22 Y:01 P:24 SP:FF PPU: NOT IMPLEMENTED YET
C037  CA        DEX                             A:00 X:22 Y:01 P:24 SP:FF PPU: NOT IMPLEMENTED YET
C038  D0 FA     BNE $C034                       A:00 X:21 Y:01 P:24 SP:FF PPU: NOT IMPLEMENTED YET
C034  8D 07 20  STA $2007 = 00                  A:00 X:21 Y:01 P:24 SP:FF PPU: NOT IMPLEMENTED YET
C037  CA        DEX                             A:00 X:21 Y:01 P:24 SP:FF PPU: NOT IMPLEMENTED YET
C038  D0 FA     BNE $C034                       A:00 X:20 Y:01 P:24 SP:FF PPU: NOT IMPLEMENTED YET
C034  8D 07 20  STA $2007 = 00                  A:00 X:20 Y:01 P:24 SP:FF PPU: NOT IMPLEMENTED YET
C037  CA        DEX                             A:00 X:20 Y:01 P:24 SP:FF PPU: NOT IMPLEMENTED YET
C038  D0 FA     BNE $C034                       A:00 X:1F Y:01 P:24 SP:FF PPU: NOT IMPLEMENTED YET
C034  8D 07 20  STA $2007 = 00                  A:00 X:1F Y:01 P:24 SP:FF PPU: NOT IMPLEMENTED YET
C037  CA        DEX                             A:00 X:1F Y:01 P:24 SP:FF PPU: NOT IMPLEMENTED YET
C038  D0 FA     BNE $C034                       A:00 X:1E Y:01 P:24 SP:FF PPU: NOT IMPLEMENTED YET
C034  8D 07 20  STA $2007 = 00                  A:00 X:1E Y:01 P:24 SP:FF PPU: NOT IMPLEMENTED YET
C037  CA        DEX                             A:00 X:1E Y:01 P:24 SP:FF PPU: NOT IMPLEMENTED YET
C038  D0 FA     BNE $C034                       A:00 X:1D Y:01 P:24 SP:FF PPU: NOT IMPLEMENTED YET
C034  8D 07 20  STA $2007 = 00                  A:00 X:1D Y:01 P:24 SP:FF PPU: NOT IMPLEMENTED YET
C037  CA        DEX                             A:00 X:1D Y:01 P:24 SP:FF PPU: NOT IMPLEMENTED YET
C038  D0 FA     BNE $C034                       A:00 X:1C Y:01 P:24 SP:FF PPU: NOT IMPLEMENTED YET
C034  8D 07 20  STA $2007 = 00                  A:00 X:1C Y:01 P:24 SP:FF PPU: NOT IMPLEMENTED YET
C037  CA        DEX                             A:00 X:1C Y:01 P:24 SP:FF PPU: NOT IMPLEMENTED YET
C038  D0 FA     BNE $C034                       A:00 X:1B Y:01 P:24 SP:FF PPU: NOT IMPLEMENTED YET
C034  8D 07 20  STA $2007 = 00                  A:00 X:1B Y:01 P:24 SP:FF PPU: NOT IMPLEMENTED YET
C037  CA        DEX                             A:00 X:1B Y:01 P:24 SP:FF PPU: NOT IMPLEMENTED YET
C038  D0 FA     BNE $C034                       A:00 X:1A Y:01 P:24 SP:FF PPU: NOT IMPLEMENTED YET
C034  8D 07 20  STA $2007 = 00                  A:00 X:1A Y:01 P:24 SP:FF PPU: NOT IMPLEMENTED YET
C037  CA        DEX                             A:00 X:1A Y:01 P:24 SP:FF PPU: NOT IMPLEMENTED YET
C038  D0 FA     BNE $C034                       A:00 X:19 Y:01 P:24 SP:FF PPU: NOT IMPLEMENTED YET
C034  8D 07 20  STA $2007 = 00                  A:00 X:19 Y:01 P:24 SP:FF PPU: NOT IMPLEMENTED YET
C037  CA        DEX                             A:00 X:19 Y:01 P:24 SP:FF PPU: NOT IMPLEMENTED YET
C038  D0 FA     BNE $C034                       A:00 X:18 Y:01 P:24 SP:FF PPU: NOT IMPLEMENTED YET
C034  8D 07 20  STA $2007 = 00                  A:00 X:18 Y:01 P:24 SP:FF PPU: NOT IMPLEMENTED YET
C037  CA        DEX                             A:00 X:18 Y:01 P:24 SP:FF PPU: NOT IMPLEMENTED YET
C038  D0 FA     BNE $C034                       A:00 X:17 Y:01 P:24 SP:FF PPU: NOT IMPLEMENTED YET
C034  8D 07 20  STA $2007 = 00                  A:00 X:17 Y:01 P:24 SP:FF PPU: NOT IMPLEMENTED YET
C037  CA        DEX                             A:00 X:17 Y:01 P:24 SP:FF PPU: NOT IMPLEMENTED YET
C038  D0 FA     BNE $C034                       A:00 X:16 Y:01 P:24 SP:FF PPU: NOT IMPLEMENTED YET
C034  8D 07 20  STA $2007 = 00                  A:00 X:16 Y:01 P:24 SP:FF PPU: NOT IMPLEMENTED YET
C037  CA        DEX                             A:00 X:16 Y:01 P:24 SP:FF PPU: NOT IMPLEMENTED YET
C038  D0 FA     BNE $C034                       A:00 X:15 Y:01 P:24 SP:FF PPU: NOT IMPLEMENTED YET
C034  8D 07 20  STA $2007 = 00                  A:00 X:15 Y:01 P:24 SP:FF PPU: NOT IMPLEMENTED YET
C037  CA        DEX                             A:00 X:15 Y:01 P:24 SP:FF PPU: NOT IMPLEMENTED YET
C038  D0 FA     BNE $C034                       A:00 X:14 Y:01 P:24 SP:FF PPU: NOT IMPLEMENTED YET
C034  8D 07 20  STA $2007 = 00                  A:00 X:14 Y:01 P:24 SP:FF PPU: NOT IMPLEMENTED YET
C037  CA        DEX                             A:00 X:14 Y:01 P:24 SP:FF PPU: NOT IMPLEMENTED YET
C038  D0 FA     BNE $C034                       A:00 X:13 Y:01 P:24 SP:FF PPU: NOT IMPLEMENTED YET
C034  8D 07 20  STA $2007 = 00                  A:00 X:13 Y:01 P:24 SP:FF PPU: NOT IMPLEMENTED YET
C037  CA        DEX                             A:00 X:13 Y:01 P:24 SP:FF PPU: NOT IMPLEMENTED YET
C038  D0 FA     BNE $C034                       A:00 X:12 Y:01 P:24 SP:FF PPU: NOT IMPLEMENTED YET
C034  8D 07 20  STA $2007 = 00                  A:00 X:12 Y:01 P:24 SP:FF PPU: NOT IMPLEMENTED YET
C037  CA        DEX                             A:00 X:12 Y:01 P:24 SP:FF PPU: NOT IMPLEMENTED YET
C038  D0 FA     BNE $C034                       A:00 X:11 Y:01 P:24 SP:FF PPU: NOT IMPLEMENTED YET
C034  8D 07 20  STA $2007 = 00                  A:00 X:11 Y:01 P:24 SP:FF PPU: NOT IMPLEMENTED YET
C037  CA        DEX                             A:00 X:11 Y:01 P:24 SP:FF PPU: NOT IMPLEMENTED YET
C038  D0 FA     BNE $C034                       A:00 X:10 Y:01 P:24 SP:FF PPU: NOT IMPLEMENTED YET
C034  8D 07 20  STA $2007 = 00                  A:00 X:10 Y:01 P:24 SP:FF PPU: NOT IMPLEMENTED YET
C037  CA        DEX                             A:00 X:10 Y:01 P:24 SP:FF PPU: NOT IMPLEMENTED YET
C038  D0 FA     BNE $C034                       A:00 X:0F Y:01 P:24 SP:FF PPU: NOT IMPLEMENTED YET
C034  8D 07 20  STA $2007 = 00                  A:00 X:0F Y:01 P:24 SP:FF PPU: NOT IMPLEMENTED YET
C037  CA        DEX                             A:00 X:0F Y:01 P:24 SP:FF PPU: NOT IMPLEMENTED YET
C038  D0 FA     BNE $C034                       A:00 X:0E Y:01 P:24 SP:FF PPU: NOT IMPLEMENTED YET
C034  8D 07 20  STA $2007 = 00                  A:00 X:0E Y:01 P:24 SP:FF PPU: NOT IMPLEMENTED YET
C037  CA        DEX                             A:00 X:0E Y:01 P:24 SP:FF PPU: NOT IMPLEMENTED YET
C038  D0 FA     BNE $C034                       A:00 X:0D Y:01 P:24 SP:FF PPU: NOT IMPLEMENTED YET
C034  8D 07 20  STA $2007 = 00                  A:00 X:0D Y:01 P:24 SP:FF PPU: NOT IMPLEMENTED YET
C037  CA        DEX                             A:00 X:0D Y:01 P:24 SP:FF PPU: NOT IMPLEMENTED YET
C038  D0 FA     BNE $C034                       A:00 X:0C Y:01 P:24 SP:FF PPU: NOT IMPLEMENTED YET
C034  8D 07 20  STA $2007 = 00                  A:00 X:0C Y:01 P:24 SP:FF PPU: NOT IMPLEMENTED YET
C037  CA        DEX                             A:00 X:0C Y:01 P:24 SP:FF PPU: NOT IMPLEMENTED YET
C038  D0 FA     BNE $C034                       A:00 X:0B Y:01 P:24 SP:FF PPU: NOT IMPLEMENTED YET
C034  8D 07 20  STA $2007 = 00                  A:00 X:0B Y:01 P:24 SP:FF PPU: NOT IMPLEMENTED YET
C037  CA        DEX                             A:00 X:0B Y:01 P:24 SP:FF PPU: NOT IMPLEMENTED YET
C038  D0 FA     BNE $C034                       A:00 X:0A Y:01 P:24 SP:FF PPU: NOT IMPLEMENTED YET
C034  8D 07 20  STA $2007 = 00                  A:00 X:0A Y:01 P:24 SP:FF PPU: NOT IMPLEMENTED YET
C037  CA        DEX                             A:00 X:0A Y:01 P:24 SP:FF PPU: NOT IMPLEMENTED YET
C038  D0 FA     BNE $C034                       A:00 X:09 Y:01 P:24 SP:FF PPU: NOT IMPLEMENTED YET
C034  8D 07 20  STA $2007 = 00                  A:00 X:09 Y:01 P:24 SP:FF PPU: NOT IMPLEMENTED YET
C037  CA        DEX                             A:00 X:09 Y:01 P:24 SP:FF PPU: NOT IMPLEMENTED YET
C038  D0 FA     BNE $C034                       A:00 X:08 Y:01 P:24 SP:FF PPU: NOT IMPLEMENTED YET
C034  8D 07 20  STA $2007 = 00                  A:00 X:08 Y:01 P:24 SP:FF PPU: NOT IMPLEMENTED YET
C037  CA        DEX                             A:00 X:08 Y:01 P:24 SP:FF PPU: NOT IMPLEMENTED YET
C038  D0 FA     BNE $C034                       A:00 X:07 Y:01 P:24 SP:FF PPU: NOT IMPLEMENTED YET
C034  8D 07 20  STA $2007 = 00                  A:00 X:07 Y:01 P:24 SP:FF PPU: NOT IMPLEMENTED YET
C037  CA        DEX                             A:00 X:07 Y:01 P:24 SP:FF PPU: NOT IMPLEMENTED YET
C038  D0 FA     BNE $C034                       A:00 X:06 Y:01 P:24 SP:FF PPU: NOT IMPLEMENTED YET
C034  8D 07 20  STA $2007 = 00                  A:00 X:06 Y:01 P:24 SP:FF PPU: NOT IMPLEMENTED YET
C037  CA        DEX                             A:00 X:06 Y:01 P:24 SP:FF PPU: NOT IMPLEMENTED YET
C038  D0 FA     BNE $C034                       A:00 X:05 Y:01 P:24 SP:FF PPU: NOT IMPLEMENTED YET
C034  8D 07 20  STA $2007 = 00                  A:00 X:05 Y:01 P:24 SP:FF PPU: NOT IMPLEMENTED YET
C037  CA        DEX                             A:00 X:05 Y:01 P:24 SP:FF PPU: NOT IMPLEMENTED YET
C038  D0 FA     BNE $C034                       A:00 X:04 Y:01 P:24 SP:FF PPU: NOT IMPLEMENTED YET
C034  8D 07 20  STA $2007 = 00                  A:00 X:04 Y:01 P:24 SP:FF PPU: NOT IMPLEMENTED YET
C037  CA        DEX                             A:00 X:04 Y:01 P:24 SP:FF PPU: NOT IMPLEMENTED YET
C038  D0 FA     BNE $C034                       A:00 X:03 Y:01 P:24 SP:FF PPU: NOT IMPLEMENTED YET
C034  8D 07 20  STA $2007 = 00                  A:00 X:03 Y:01 P:24 SP:FF PPU: NOT IMPLEMENTED YET
C037  CA        DEX                             A:00 X:03 Y:01 P:24 SP:FF PPU: NOT IMPLEMENTED YET
C038  D0 FA     BNE $C034                       A:00 X:02 Y:01 P:24 SP:FF PPU: NOT IMPLEMENTED YET
C034  8D 07 20  STA $2007 = 00                  A:00 X:02 Y:01 P:24 SP:FF PPU: NOT IMPLEMENTED YET
C037  CA        DEX                             A:00 X:02 Y:01 P:24 SP:FF PPU: NOT IMPLEMENTED YET
C038  D0 FA     BNE $C034                       A:00 X:01 Y:01 P:24 SP:FF PPU: NOT IMPLEMENTED YET
C034  8D 07 20  STA $2007 = 00                  A:00 X:01 Y:01 P:24 SP:FF PPU: NOT IMPLEMENTED YET
C037  CA        DEX                             A:00 X:01 Y:01 P:24 SP:FF PPU: NOT IMPLEMENTED YET
C038  D0 FA     BNE $C034                       A:00 X:00 Y:01 P:26 SP:FF PPU: NOT IMPLEMENTED YET
C03A  88        DEY                             A:00 X:00 Y:01 P:26 SP:FF PPU: NOT IMPLEMENTED YET
C03B  D0 F7     BNE $C034                       A:00 X:00 Y:00 P:26 SP:FF PPU: NOT IMPLEMENTED YET
C03D  A9 3F     LDA #$3F                        A:00 X:00 Y:00 P:26 SP:FF PPU: NOT IMPLEMENTED YET
C03F  8D 06 20  STA $2006 = 00                  A:3F X:00 Y:00 P:24 SP:FF PPU: NOT IMPLEMENTED YET
C042  A9 00     LDA #$00                        A:3F X:00 Y:00 P:24 SP:FF PPU: NOT IMPLEMENTED YET
C044  8D 06 20  STA $2006 = 00                  A:00 X:00 Y:00 P:26 SP:FF PPU: NOT IMPLEMENTED YET
C047  A2 00     LDX #$00                        A:00 X:00 Y:00 P:26 SP:FF PPU: NOT IMPLEMENTED YET
C049  BD 78 FF  LDA $FF78,X @ FF78 = 0F         A:00 X:00 Y:00 P:26 SP:FF PPU: NOT IMPLEMENTED YET
C04C  8D 07 20  STA $2007 = 00                  A:0F X:00 Y:00 P:24 SP:FF PPU: NOT IMPLEMENTED YET
C04F  E8        INX                             A:0F X:00 Y:00 P:24 SP:FF PPU: NOT IMPLEMENTED YET
C050  E0 20     CPX #$20                        A:0F X:01 Y:00 P:24 SP:FF PPU: NOT IMPLEMENTED YET
C052  D0 F5     BNE $C049                       A:0F X:01 Y:00 P:A4 SP:FF PPU: NOT IMPLEMENTED YET
C049  BD 78 FF  LDA $FF78,X @ FF79 = 06         A:0F X:01 Y:00 P:A4 SP:FF PPU: NOT IMPLEMENTED YET
C04C  8D 07 20  STA $2007 = 00                  A:06 X:01 Y:00 P:24 SP:FF PPU: NOT IMPLEMENTED YET
C04F  E8        INX                             A:06 X:01 Y:00 P:24 SP:FF PPU: NOT IMPLEMENTED YET
C050  E0 20     CPX #$20                        A:06 X:02 Y:00 P:24 SP:FF PPU: NOT IMPLEMENTED YET
C052  D0 F5     BNE $C049                       A:06 X:02 Y:00 P:A4 SP:FF PPU: NOT IMPLEMENTED YET
C049  BD 78 FF  LDA $FF78,X @ FF7A = 12         A:06 X:02 Y:00 P:A4 SP:FF PPU: NOT IMPLEMENTED YET
C04C  8D 07 20  STA $2007 = 00                  A:12 X:02 Y:00 P:24 SP:FF PPU: NOT IMPLEMENTED YET
C04F  E8        INX                             A:12 X:02 Y:00 P:24 SP:FF PPU: NOT IMPLEMENTED YET
C050  E0 20     CPX #$20                        A:12 X:03 Y:00 P:24 SP:FF PPU: NOT IMPLEMENTED YET
C052  D0 F5     BNE $C049                       A:12 X:03 Y:00 P:A4 SP:FF PPU: NOT IMPLEMENTED YET
C049  BD 78 FF  LDA $FF78,X @ FF7B = 33         A:12 X:03 Y:00 P:A4 SP:FF PPU: NOT IMPLEMENTED YET
C04C  8D 07 20  STA $2007 = 00                  A:33 X:03 Y:00 P:24 SP:FF PPU: NOT IMPLEMENTED YET
C04F  E8        INX                             A:33 X:03 Y:00 P:24 SP:FF PPU: NOT IMPLEMENTED YET
C050  E0 20     CPX #$20                        A:33 X:04 Y:00 P:24 SP:FF PPU: NOT IMPLEMENTED YET
C052  D0 F5     BNE $C049                       A:33 X:04 Y:00 P:A4 SP:FF PPU: NOT IMPLEMENTED YET
C049  BD 78 FF  LDA $FF78,X @ FF7C = 33         A:33 X:04 Y:00 P:A4 SP:FF PPU: NOT IMPLEMENTED YET
C04C  8D 07 20  STA $2007 = 00                  A:33 X:04 Y:00 P:24 SP:FF PPU: NOT IMPLEMENTED YET
C04F  E8        INX                             A:33 X:04 Y:00 P:24 SP:FF PPU: NOT IMPLEMENTED YET
C050  E0 20     CPX #$20                        A:33 X:05 Y:00 P:24 SP:FF PPU: NOT IMPLEMENTED YET
C052  D0 F5     BNE $C049                       A:33 X:05 Y:00 P:A4 SP:FF PPU: NOT IMPLEMENTED YET
C049  BD 78 FF  LDA $FF78,X @ FF7D = 06         A:33 X:05 Y:00 P:A4 SP:FF PPU: NOT IMPLEMENTED YET
C04C  8D 07 20  STA $2007 = 00                  A:06 X:05 Y:00 P:24 SP:FF PPU: NOT IMPLEMENTED YET
C04F  E8        INX                             A:06 X:05 Y:00 P:24 SP:FF PPU: NOT IMPLEMENTED YET
C050  E0 20     CPX #$20                        A:06 X:06 Y:00 P:24 SP:FF PPU: NOT IMPLEMENTED YET
C052  D0 F5     BNE $C049                       A:06 X:06 Y:00 P:A4 SP:FF PPU: NOT IMPLEMENTED YET
C049  BD 78 FF  LDA $FF78,X @ FF7E = 12         A:06 X:06 Y:00 P:A4 SP:FF PPU: NOT IMPLEMENTED YET
C04C  8D 07 20  STA $2007 = 00                  A:12 X:06 Y:00 P:24 SP:FF PPU: NOT IMPLEMENTED YET
C04F  E8        INX                             A:12 X:06 Y:00 P:24 SP:FF PPU: NOT IMPLEMENTED YET
C050  E0 20     CPX #$20                        A:12 X:07 Y:00 P:24 SP:FF PPU: NOT IMPLEMENTED YET
C052  D0 F5     BNE $C049                       A:12 X:07 Y:00 P:A4 SP:FF PPU: NOT IMPLEMENTED YET
C049  BD 78 FF  LDA $FF78,X @ FF7F = 33         A:12 X:07 Y:00 P:A4 SP:FF PPU: NOT IMPLEMENTED YET
C04C  8D 07 20  STA $2007 = 00                  A:33 X:07 Y:00 P:24 SP:FF PPU: NOT IMPLEMENTED YET
C04F  E8        INX                             A:33 X:07 Y:00 P:24 SP:FF PPU: NOT IMPLEMENTED YET
C050  E0 20     CPX #$20                        A:33 X:08 Y:00 P:24 SP:FF PPU: NOT IMPLEMENTED YET
C052  D0 F5     BNE $C049                       A:33 X:08 Y:00 P:A4 SP:FF PPU: NOT IMPLEMENTED YET
C049  BD 78 FF  LDA $FF78,X @ FF80 = 38         A:33 X:08 Y:00 P:A4 SP:FF PPU: NOT IMPLEMENTED YET
C04C  8D 07 20  STA $2007 = 00                  A:38 X:08 Y:00 P:24 SP:FF PPU: NOT IMPLEMENTED YET
C04F  E8        INX                             A:38 X:08 Y:00 P:24 SP:FF PPU: NOT IMPLEMENTED YET
C050  E0 20     CPX #$20                        A:38 X:09 Y:00 P:24 SP:FF PPU: NOT IMPLEMENTED YET
C052  D0 F5     BNE $C049                       A:38 X:09 Y:00 P:A4 SP:FF PPU: NOT IMPLEMENTED YET
C049  BD 78 FF  LDA $FF78,X @ FF81 = 06         A:38 X:09 Y:00 P:A4 SP:FF PPU: NOT IMPLEMENTED YET
C04C  8D 07 20  STA $2007 = 00                  A:06 X:09 Y:00 P:24 SP:FF PPU: NOT IMPLEMENTED YET
C04F  E8        INX                             A:06 X:09 Y:00 P:24 SP:FF PPU: NOT IMPLEMENTED YET
C050  E0 20     CPX #$20                        A:06 X:0A Y:00 P:24 SP:FF PPU: NOT IMPLEMENTED YET
C052  D0 F5     BNE $C049                       A:06 X:0A Y:00 P:A4 SP:FF PPU: NOT IMPLEMENTED YET
C049  BD 78 FF  LDA $FF78,X @ FF82 = 12         A:06 X:0A Y:00 P:A4 SP:FF PPU: NOT IMPLEMENTED YET
C04C  8D 07 20  STA $2007 = 00                  A:12 X:0A Y:00 P:24 SP:FF PPU: NOT IMPLEMENTED YET
C04F  E8        INX                             A:12 X:0A Y:00 P:24 SP:FF PPU: NOT IMPLEMENTED YET
C050  E0 20     CPX #$20                        A:12 X:0B Y:00 P:24 SP:FF PPU: NOT IMPLEMENTED YET
C052  D0 F5     BNE $C049                       A:12 X:0B Y:00 P:A4 SP:FF PPU: NOT IMPLEMENTED YET
C049  BD 78 FF  LDA $FF78,X @ FF83 = 33         A:12 X:0B Y:00 P:A4 SP:FF PPU: NOT IMPLEMENTED YET
C04C  8D 07 20  STA $2007 = 00                  A:33 X:0B Y:00 P:24 SP:FF PPU: NOT IMPLEMENTED YET
C04F  E8        INX                             A:33 X:0B Y:00 P:24 SP:FF PPU: NOT IMPLEMENTED YET
C050  E0 20     CPX #$20                        A:33 X:0C Y:00 P:24 SP:FF PPU: NOT IMPLEMENTED YET
C052  D0 F5     BNE $C049                       A:33 X:0C Y:00 P:A4 SP:FF PPU: NOT IMPLEMENTED YET
C049  BD 78 FF  LDA $FF78,X @ FF84 = 3A         A:33 X:0C Y:00 P:A4 SP:FF PPU: NOT IMPLEMENTED YET
C04C  8D 07 20  STA $2007 = 00                  A:3A X:0C Y:00 P:24 SP:FF PPU: NOT IMPLEMENTED YET
C04F  E8        INX                             A:3A X:0C Y:00 P:24 SP:FF PPU: NOT IMPLEMENTED YET
C050  E0 20     CPX #$20                        A:3A X:0D Y:00 P:24 SP:FF PPU: NOT IMPLEMENTED YET
C052  D0 F5     BNE $C049                       A:3A X:0D Y:00 P:A4 SP:FF PPU: NOT IMPLEMENTED YET
C049  BD 78 FF  LDA $FF78,X @ FF85 = 06         A:3A X:0D Y:00 P:A4 SP:FF PPU: NOT IMPLEMENTED YET
C04C  8D 07 20  STA $2007 = 00                  A:06 X:0D Y:00 P:24 SP:FF PPU: NOT IMPLEMENTED YET
C04F  E8        INX                             A:06 X:0D Y:00 P:24 SP:FF PPU: NOT IMPLEMENTED YET
C050  E0 20     CPX #$20                        A:06 X:0E Y:00 P:24 SP:FF PPU: NOT IMPLEMENTED YET
C052  D0 F5     BNE $C049                       A:06 X:0E Y:00 P:A4 SP:FF PPU: NOT IMPLEMENTED YET
C049  BD 78 FF  LDA $FF78,X @ FF86 = 12         A:06 X:0E Y:00 P:A4 SP:FF PPU: NOT IMPLEMENTED YET
C04C  8D 07 20  STA $2007 = 00                  A:12 X:0E Y:00 P:24 SP:FF PPU: NOT IMPLEMENTED YET
C04F  E8        INX                             A:12 X:0E Y:00 P:24 SP:FF PPU: NOT IMPLEMENTED YET
C050  E0 20     CPX #$20                        A:12 X:0F Y:00 P:24 SP:FF PPU: NOT IMPLEMENTED YET
C052  D0 F5     BNE $C049                       A:12 X:0F Y:00 P:A4 SP:FF PPU: NOT IMPLEMENTED YET
C049  BD 78 FF  LDA $FF78,X @ FF87 = 33         A:12 X:0F Y:00 P:A4 SP:FF PPU: NOT IMPLEMENTED YET
C04C  8D 07 20  STA $2007 = 00                  A:33 X:0F Y:00 P:24 SP:FF PPU: NOT IMPLEMENTED YET
C04F  E8        INX                             A:33 X:0F Y:00 P:24 SP:FF PPU: NOT IMPLEMENTED YET
C050  E0 20     CPX #$20                        A:33 X:10 Y:00 P:24 SP:FF PPU: NOT IMPLEMENTED YET
C052  D0 F5     BNE $C049                       A:33 X:10 Y:00 P:A4 SP:FF PPU: NOT IMPLEMENTED YET
C049  BD 78 FF  LDA $FF78,X @ FF88 = 0F         A:33 X:10 Y:00 P:A4 SP:FF PPU: NOT IMPLEMENTED YET
C04C  8D 07 20  STA $2007 = 00                  A:0F X:10 Y:00 P:24 SP:FF PPU: NOT IMPLEMENTED YET
C04F  E8        INX                             A:0F X:10 Y:00 P:24 SP:FF PPU: NOT IMPLEMENTED YET
C050  E0 20     CPX #$20                        A:0F X:11 Y:00 P:24 SP:FF PPU: NOT IMPLEMENTED YET
C052  D0 F5     BNE $C049                       A:0F X:11 Y:00 P:A4 SP:FF PPU: NOT IMPLEMENTED YET
C049  BD 78 FF  LDA $FF78,X @ FF89 = 06         A:0F X:11 Y:00 P:A4 SP:FF PPU: NOT IMPLEMENTED YET
C04C  8D 07 20  STA $2007 = 00                  A:06 X:11 Y:00 P:24 SP:FF PPU: NOT IMPLEMENTED YET
C04F  E8        INX                             A:06 X:11 Y:00 P:24 SP:FF PPU: NOT IMPLEMENTED YET
C050  E0 20     CPX #$20                        A:06 X:12 Y:00 P:24 SP:FF PPU: NOT IMPLEMENTED YET
C052  D0 F5     BNE $C049                       A:06 X:12 Y:00 P:A4 SP:FF PPU: NOT IMPLEMENTED YET
C049  BD 78 FF  LDA $FF78,X @ FF8A = 12         A:06 X:12 Y:00 P:A4 SP:FF PPU: NOT IMPLEMENTED YET
C04C  8D 07 20  STA $2007 = 00                  A:12 X:12 Y:00 P:24 SP:FF PPU: NOT IMPLEMENTED YET
C04F  E8        INX                             A:12 X:12 Y:00 P:24 SP:FF PPU: NOT IMPLEMENTED YET
C050  E0 20     CPX #$20                        A:12 X:13 Y:00 P:24 SP:FF PPU: NOT IMPLEMENTED YET
C052  D0 F5     BNE $C049                       A:12 X:13 Y:00 P:A4 SP:FF PPU: NOT IMPLEMENTED YET
C049  BD 78 FF  LDA $FF78,X @ FF8B = 33         A:12 X:13 Y:00 P:A4 SP:FF PPU: NOT IMPLEMENTED YET
C04C  8D 07 20  STA $2007 = 00                  A:33 X:13 Y:00 P:24 SP:FF PPU: NOT IMPLEMENTED YET
C04F  E8        INX                             A:33 X:13 Y:00 P:24 SP:FF PPU: NOT IMPLEMENTED YET
C050  E0 20     CPX #$20                        A:33 X:14 Y:00 P:24 SP:FF PPU: NOT IMPLEMENTED YET
C052  D0 F5     BNE $C049                       A:33 X:14 Y:00 P:A4 SP:FF PPU: NOT IMPLEMENTED YET
C049  BD 78 FF  LDA $FF78,X @ FF8C = 33         A:33 X:14 Y:00 P:A4 SP:FF PPU: NOT IMPLEMENTED YET
C04C  8D 07 20  STA $2007 = 00                  A:33 X:14 Y:00 P:24 SP:FF PPU: NOT IMPLEMENTED YET
C04F  E8        INX                             A:33 X:14 Y:00 P:24 SP:FF PPU: NOT IMPLEMENTED YET
C050  E0 20     CPX #$20                        A:33 X:15 Y:00 P:24 SP:FF PPU: NOT IMPLEMENTED YET
C052  D0 F5     BNE $C049                       A:33 X:15 Y:00 P:A4 SP:FF PPU: NOT IMPLEMENTED YET
C049  BD 78 FF  LDA $FF78,X @ FF8D = 06         A:33 X:15 Y:00 P:A4 SP:FF PPU: NOT IMPLEMENTED YET
C04C  8D 07 20  STA $2007 = 00                  A:06 X:15 Y:00 P:24 SP:FF PPU: NOT IMPLEMENTED YET
C04F  E8        INX                             A:06 X:15 Y:00 P:24 SP:FF PPU: NOT IMPLEMENTED YET
C050  E0 20     CPX #$20                        A:06 X:16 Y:00 P:24 SP:FF PPU: NOT IMPLEMENTED YET
C052  D0 F5     BNE $C049                       A:06 X:16 Y:00 P:A4 SP:FF PPU: NOT IMPLEMENTED YET
C049  BD 78 FF  LDA $FF78,X @ FF8E = 12         A:06 X:16 Y:00 P:A4 SP:FF PPU: NOT IMPLEMENTED YET
C04C  8D 07 20  STA $2007 = 00                  A:12 X:16 Y:00 P:24 SP:FF PPU: NOT IMPLEMENTED YET
C04F  E8        INX                             A:12 X:16 Y:00 P:24 SP:FF PPU: NOT IMPLEMENTED YET
C050  E0 20     CPX #$20                        A:12 X:17 Y:00 P:24 SP:FF PPU: NOT IMPLEMENTED YET
C052  D0 F5     BNE $C049                       A:12 X:17 Y:00 P:A4 SP:FF PPU: NOT IMPLEMENTED YET
C049  BD 78 FF  LDA $FF78,X @ FF8F = 33         A:12 X:17 Y:00 P:A4 SP:FF PPU: NOT IMPLEMENTED YET
C04C  8D 07 20  STA $2007 = 00                  A:33 X:17 Y:00 P:24 SP:FF PPU: NOT IMPLEMENTED YET
C04F  E8        INX                             A:33 X:17 Y:00 P:24 SP:FF PPU: NOT IMPLEMENTED YET
C050  E0 20     CPX #$20                        A:33 X:18 Y:00 P:24 SP:FF PPU: NOT IMPLEMENTED YET
C052  D0 F5     BNE $C049                       A:33 X:18 Y:00 P:A4 SP:FF PPU: NOT IMPLEMENTED YET
C049  BD 78 FF  LDA $FF78,X @ FF90 = 38         A:33 X:18 Y:00 P:A4 SP:FF PPU: NOT IMPLEMENTED YET
C04C  8D 07 20  STA $2007 = 00                  A:38 X:18 Y:00 P:24 SP:FF PPU: NOT IMPLEMENTED YET
C04F  E8        INX                             A:38 X:18 Y:00 P:24 SP:FF PPU: NOT IMPLEMENTED YET
C050  E0 20     CPX #$20                        A:38 X:19 Y:00 P:24 SP:FF PPU: NOT IMPLEMENTED YET
C052  D0 F5     BNE $C049                       A:38 X:19 Y:00 P:A4 SP:FF PPU: NOT IMPLEMENTED YET
C049  BD 78 FF  LDA $FF78,X @ FF91 = 06         A:38 X:19 Y:00 P:A4 SP:FF PPU: NOT IMPLEMENTED YET
C04C  8D 07 20  STA $2007 = 00                  A:06 X:19 Y:00 P:24 SP:FF PPU: NOT IMPLEMENTED YET
C04F  E8        INX                             A:06 X:19 Y:00 P:24 SP:FF PPU: NOT IMPLEMENTED YET
C050  E0 20     CPX #$20                        A:06 X:1A Y:00 P:24 SP:FF PPU: NOT IMPLEMENTED YET
C052  D0 F5     BNE $C049                       A:06 X:1A Y:00 P:A4 SP:FF PPU: NOT IMPLEMENTED YET
C049  BD 78 FF  LDA $FF78,X @ FF92 = 12         A:06 X:1A Y:00 P:A4 SP:FF PPU: NOT IMPLEMENTED YET
C04C  8D 07 20  STA $2007 = 00                  A:12 X:1A Y:00 P:24 SP:FF PPU: NOT IMPLEMENTED YET
C04F  E8        INX                             A:12 X:1A Y:00 P:24 SP:FF PPU: NOT IMPLEMENTED YET
C050  E0 20     CPX #$20                        A:12 X:1B Y:00 P:24 SP:FF PPU: NOT IMPLEMENTED YET
C052  D0 F5     BNE $C049                       A:12 X:1B Y:00 P:A4 SP:FF PPU: NOT IMPLEMENTED YET
C049  BD 78 FF  LDA $FF78,X @ FF93 = 33         A:12 X:1B Y:00 P:A4 SP:FF PPU: NOT IMPLEMENTED YET
C04C  8D 07 20  STA $2007 = 00                  A:33 X:1B Y:00 P:24 SP:FF PPU: NOT IMPLEMENTED YET
C04F  E8        INX                             A:33 X:1B Y:00 P:24 SP:FF PPU: NOT IMPLEMENTED YET
C050  E0 20     CPX #$20                        A:33 X:1C Y:00 P:24 SP:FF PPU: NOT IMPLEMENTED YET
C052  D0 F5     BNE $C049                       A:33 X:1C Y:00 P:A4 SP:FF PPU: NOT IMPLEMENTED YET
C049  BD 78 FF  LDA $FF78,X @ FF94 = 3A         A:33 X:1C Y:00 P:A4 SP:FF PPU: NOT IMPLEMENTED YET
C04C  8D 07 20  STA $2007 = 00                  A:3A X:1C Y:00 P:24 SP:FF PPU: NOT IMPLEMENTED YET
C04F  E8        INX                             A:3A X:1C Y:00 P:24 SP:FF PPU: NOT IMPLEMENTED YET
C050  E0 20     CPX #$20                        A:3A X:1D Y:00 P:24 SP:FF PPU: NOT IMPLEMENTED YET
C052  D0 F5     BNE $C049                       A:3A X:1D Y:00 P:A4 SP:FF PPU: NOT IMPLEMENTED YET
C049  BD 78 FF  LDA $FF78,X @ FF95 = 06         A:3A X:1D Y:00 P:A4 SP:FF PPU: NOT IMPLEMENTED YET
C04C  8D 07 20  STA $2007 = 00                  A:06 X:1D Y:00 P:24 SP:FF PPU: NOT IMPLEMENTED YET
C04F  E8        INX                             A:06 X:1D Y:00 P:24 SP:FF PPU: NOT IMPLEMENTED YET
C050  E0 20     CPX #$20                        A:06 X:1E Y:00 P:24 SP:FF PPU: NOT IMPLEMENTED YET
C052  D0 F5     BNE $C049                       A:06 X:1E Y:00 P:A4 SP:FF PPU: NOT IMPLEMENTED YET
C049  BD 78 FF  LDA $FF78,X @ FF96 = 12         A:06 X:1E Y:00 P:A4 SP:FF PPU: NOT IMPLEMENTED YET
C04C  8D 07 20  STA $2007 = 00                  A:12 X:1E Y:00 P:24 SP:FF PPU: NOT IMPLEMENTED YET
C04F  E8        INX                             A:12 X:1E Y:00 P:24 SP:FF PPU: NOT IMPLEMENTED YET
C050  E0 20     CPX #$20                        A:12 X:1F Y:00 P:24 SP:FF PPU: NOT IMPLEMENTED YET
C052  D0 F5     BNE $C049                       A:12 X:1F Y:00 P:A4 SP:FF PPU: NOT IMPLEMENTED YET
C049  BD 78 FF  LDA $FF78,X @ FF97 = 33         A:12 X:1F Y:00 P:A4 SP:FF PPU: NOT IMPLEMENTED YET
C04C  8D 07 20  STA $2007 = 00                  A:33 X:1F Y:00 P:24 SP:FF PPU: NOT IMPLEMENTED YET
C04F  E8        INX                             A:33 X:1F Y:00 P:24 SP:FF PPU: NOT IMPLEMENTED YET
C050  E0 20     CPX #$20                        A:33 X:20 Y:00 P:24 SP:FF PPU: NOT IMPLEMENTED YET
C052  D0 F5     BNE $C049                       A:33 X:20 Y:00 P:27 SP:FF PPU: NOT IMPLEMENTED YET
C054  A9 C0     LDA #$C0                        A:33 X:20 Y:00 P:27 SP:FF PPU: NOT IMPLEMENTED YET
C056  8D 17 40  STA $4017 = 00                  A:C0 X:20 Y:00 P:A5 SP:FF PPU: NOT IMPLEMENTED YET
C059  A9 00     LDA #$00                        A:C0 X:20 Y:00 P:A5 SP:FF PPU: NOT IMPLEMENTED YET
C05B  8D 15 40  STA $4015 = 00                  A:00 X:20 Y:00 P:27 SP:FF PPU: NOT IMPLEMENTED YET
C05E  A9 78     LDA #$78                        A:00 X:20 Y:00 P:27 SP:FF PPU: NOT IMPLEMENTED YET
C060  85 D0     STA $D0 = 00                    A:78 X:20 Y:00 P:25 SP:FF PPU: NOT IMPLEMENTED YET
C062  A9 FB     LDA #$FB                        A:78 X:20 Y:00 P:25 SP:FF PPU: NOT IMPLEMENTED YET
C064  85 D1     STA $D1 = 00                    A:FB X:20 Y:00 P:A5 SP:FF PPU: NOT IMPLEMENTED YET
C066  A9 7F     LDA #$7F                        A:FB X:20 Y:00 P:A5 SP:FF PPU: NOT IMPLEMENTED YET
C068  85 D3     STA $D3 = 00                    A:7F X:20 Y:00 P:25 SP:FF PPU: NOT IMPLEMENTED YET
C06A  A0 00     LDY #$00                        A:7F X:20 Y:00 P:25 SP:FF PPU: NOT IMPLEMENTED YET
C06C  8C 06 20  STY $2006 = 00                  A:7F X:20 Y:00 P:27 SP:FF PPU: NOT IMPLEMENTED YET
C06F  8C 06 20  STY $2006 = 00                  A:7F X:20 Y:00 P:27 SP:FF PPU: NOT IMPLEMENTED YET
C072  A9 00     LDA #$00                        A:7F X:20 Y:00 P:27 SP:FF PPU: NOT IMPLEMENTED YET
C074  85 D7     STA $D7 = 00                    A:00 X:20 Y:00 P:27 SP:FF PPU: NOT IMPLEMENTED YET
C076  A9 07     LDA #$07                        A:00 X:20 Y:00 P:27 SP:FF PPU: NOT IMPLEMENTED YET
C078  85 D0     STA $D0 = 78                    A:07 X:20 Y:00 P:25 SP:FF PPU: NOT IMPLEMENTED YET
C07A  A9 C3     LDA #$C3                        A:07 X:20 Y:00 P:25 SP:FF PPU: NOT IMPLEMENTED YET
C07C  85 D1     STA $D1 = FB                    A:C3 X:20 Y:00 P:A5 SP:FF PPU: NOT IMPLEMENTED YET
C07E  20 A7 C2  JSR $C2A7                       A:C3 X:20 Y:00 P:A5 SP:FF PPU: NOT IMPLEMENTED YET
C2A7  A9 00     LDA #$00                        A:C3 X:20 Y:00 P:A5 SP:FD PPU: NOT IMPLEMENTED YET
C2A9  8D 00 20  STA $2000 = 00                  A:00 X:20 Y:00 P:27 SP:FD PPU: NOT IMPLEMENTED YET
C2AC  8D 01 20  STA $2001 = 00                  A:00 X:20 Y:00 P:27 SP:FD PPU: NOT IMPLEMENTED YET
C2AF  20 ED C2  JSR $C2ED                       A:00 X:20 Y:00 P:27 SP:FD PPU: NOT IMPLEMENTED YET
C2ED  A9 20     LDA #$20                        A:00 X:20 Y:00 P:27 SP:FB PPU: NOT IMPLEMENTED YET
C2EF  8D 06 20  STA $2006 = 00                  A:20 X:20 Y:00 P:25 SP:FB PPU: NOT IMPLEMENTED YET
C2F2  A9 00     LDA #$00                        A:20 X:20 Y:00 P:25 SP:FB PPU: NOT IMPLEMENTED YET
C2F4  8D 06 20  STA $2006 = 00                  A:00 X:20 Y:00 P:27 SP:FB PPU: NOT IMPLEMENTED YET
C2F7  A2 1E     LDX #$1E                        A:00 X:20 Y:00 P:27 SP:FB PPU: NOT IMPLEMENTED YET
C2F9  A9 20     LDA #$20                        A:00 X:1E Y:00 P:25 SP:FB PPU: NOT IMPLEMENTED YET
C2FB  A0 20     LDY #$20                        A:20 X:1E Y:00 P:25 SP:FB PPU: NOT IMPLEMENTED YET
C2FD  8D 07 20  STA $2007 = 00                  A:20 X:1E Y:20 P:25 SP:FB PPU: NOT IMPLEMENTED YET
C300  88        DEY                             A:20 X:1E Y:20 P:25 SP:FB PPU: NOT IMPLEMENTED YET
C301  D0 FA     BNE $C2FD                       A:20 X:1E Y:1F P:25 SP:FB PPU: NOT IMPLEMENTED YET
C2FD  8D 07 20  STA $2007 = 00                  A:20 X:1E Y:1F P:25 SP:FB PPU: NOT IMPLEMENTED YET
C300  88        DEY                             A:20 X:1E Y:1F P:25 SP:FB PPU: NOT IMPLEMENTED YET
C301  D0 FA     BNE $C2FD                       A:20 X:1E Y:1E P:25 SP:FB PPU: NOT IMPLEMENTED YET
C2FD  8D 07 20  STA $2007 = 00                  A:20 X:1E Y:1E P:25 SP:FB PPU: NOT IMPLEMENTED YET
C300  88        DEY                             A:20 X:1E Y:1E P:25 SP:FB PPU: NOT IMPLEMENTED YET
C301  D0 FA     BNE $C2FD                       A:20 X:1E Y:1D P:25 SP:FB PPU: NOT IMPLEMENTED YET
C2FD  8D 07 20  STA $2007 = 00                  A:20 X:1E Y:1D P:25 SP:FB PPU: NOT IMPLEMENTED YET
C300  88        DEY                             A:20 X:1E Y:1D P:25 SP:FB PPU: NOT IMPLEMENTED YET
C301  D0 FA     BNE $C2FD                       A:20 X:1E Y:1C P:25 SP:FB PPU: NOT IMPLEMENTED YET
C2FD  8D 07 20  STA $2007 = 00                  A:20 X:1E Y:1C P:25 SP:FB PPU: NOT IMPLEMENTED YET
C300  88        DEY                             A:20 X:1E Y:1C P:25 SP:FB PPU: NOT IMPLEMENTED YET
C301  D0 FA     BNE $C2FD                       A:20 X:1E Y:1B P:25 SP:FB PPU: NOT IMPLEMENTED YET
C2FD  8D 07 20  STA $2007 = 00                  A:20 X:1E Y:1B P:25 SP:FB PPU: NOT IMPLEMENTED YET
C300  88        DEY                             A:20 X:1E Y:1B P:25 SP:FB PPU: NOT IMPLEMENTED YET
C301  D0 FA     BNE $C2FD                       A:20 X:1E Y:1A P:25 SP:FB PPU: NOT IMPLEMENTED YET
C2FD  8D 07 20  STA $2007 = 00                  A:20 X:1E Y:1A P:25 SP:FB PPU: NOT IMPLEMENTED YET
C300  88        DEY                             A:20 X:1E Y:1A P:25 SP:FB PPU: NOT IMPLEMENTED YET
C301  D0 FA     BNE $C2FD                       A:20 X:1E Y:19 P:25 SP:FB PPU: NOT IMPLEMENTED YET
C2FD  8D 07 20  STA $2007 = 00                  A:20 X:1E Y:19 P:25 SP:FB PPU: NOT IMPLEMENTED YET
C300  88        DEY                             A:20 X:1E Y:19 P:25 SP:FB PPU: NOT IMPLEMENTED YET
C301  D0 FA     BNE $C2FD                       A:20 X:1E Y:18 P:25 SP:FB PPU: NOT IMPLEMENTED YET
C2FD  8D 07 20  STA $2007 = 00                  A:20 X:1E Y:18 P:25 SP:FB PPU: NOT IMPLEMENTED YET
C300  88        DEY                             A:20 X:1E Y:18 P:25 SP:FB PPU: NOT IMPLEMENTED YET
C301  D0 FA     BNE $C2FD                       A:20 X:1E Y:17 P:25 SP:FB PPU: NOT IMPLEMENTED YET
C2FD  8D 07 20  STA $2007 = 00                  A:20 X:1E Y:17 P:25 SP:FB PPU: NOT IMPLEMENTED YET
C300  88        DEY                             A:20 X:1E Y:17 P:25 SP:FB PPU: NOT IMPLEMENTED YET
C301  D0 FA     BNE $C2FD                       A:20 X:1E Y:16 P:25 SP:FB PPU: NOT IMPLEMENTED YET
C2FD  8D 07 20  STA $2007 = 00                  A:20 X:1E Y:16 P:25 SP:FB PPU: NOT IMPLEMENTED YET
C300  88        DEY                             A:20 X:1E Y:16 P:25 SP:FB PPU: NOT IMPLEMENTED YET
C301  D0 FA     BNE $C2FD                       A:20 X:1E Y:15 P:25 SP:FB PPU: NOT IMPLEMENTED YET
C2FD  8D 07 20  STA $2007 = 00                  A:20 X:1E Y:15 P:25 SP:FB PPU: NOT IMPLEMENTED YET
C300  88        DEY                             A:20 X:1E Y:15 P:25 SP:FB PPU: NOT IMPLEMENTED YET
C301  D0 FA     BNE $C2FD                       A:20 X:1E Y:14 P:25 SP:FB PPU: NOT IMPLEMENTED YET
C2FD  8D 07 20  STA $2007 = 00                  A:20 X:1E Y:14 P:25 SP:FB PPU: NOT IMPLEMENTED YET
C300  88        DEY                             A:20 X:1E Y:14 P:25 SP:FB PPU: NOT IMPLEMENTED YET
C301  D0 FA     BNE $C2FD                       A:20 X:1E Y:13 P:25 SP:FB PPU: NOT IMPLEMENTED YET
C2FD  8D 07 20  STA $2007 = 00                  A:20 X:1E Y:13 P:25 SP:FB PPU: NOT IMPLEMENTED YET
C300  88        DEY                             A:20 X:1E Y:13 P:25 SP:FB PPU: NOT IMPLEMENTED YET
C301  D0 FA     BNE $C2FD                       A:20 X:1E Y:12 P:25 SP:FB PPU: NOT IMPLEMENTED YET
C2FD  8D 07 20  STA $2007 = 00                  A:20 X:1E Y:12 P:25 SP:FB PPU: NOT IMPLEMENTED YET
C300  88        DEY                             A:20 X:1E Y:12 P:25 SP:FB PPU: NOT IMPLEMENTED YET
C301  D0 FA     BNE $C2FD                       A:20 X:1E Y:11 P:25 SP:FB PPU: NOT IMPLEMENTED YET
C2FD  8D 07 20  STA $2007 = 00                  A:20 X:1E Y:11 P:25 SP:FB PPU: NOT IMPLEMENTED YET
C300  88        DEY                             A:20 X:1E Y:11 P:25 SP:FB PPU: NOT IMPLEMENTED YET
C301  D0 FA     BNE $C2FD                       A:20 X:1E Y:10 P:25 SP:FB PPU: NOT IMPLEMENTED YET
C2FD  8D 07 20  STA $2007 = 00                  A:20 X:1E Y:10 P:25 SP:FB PPU: NOT IMPLEMENTED YET
C300  88        DEY                             A:20 X:1E Y:10 P:25 SP:FB PPU: NOT IMPLEMENTED YET
C301  D0 FA     BNE $C2FD                       A:20 X:1E Y:0F P:25 SP:FB PPU: NOT IMPLEMENTED YET
C2FD  8D 07 20  STA $2007 = 00                  A:20 X:1E Y:0F P:25 SP:FB PPU: NOT IMPLEMENTED YET
C300  88        DEY                             A:20 X:1E Y:0F P:25 SP:FB PPU: NOT IMPLEMENTED YET
C301  D0 FA     BNE $C2FD                       A:20 X:1E Y:0E P:25 SP:FB PPU: NOT IMPLEMENTED YET
C2FD  8D 07 20  STA $2007 = 00                  A:20 X:1E Y:0E P:25 SP:FB PPU: NOT IMPLEMENTED YET
C300  88        DEY                             A:20 X:1E Y:0E P:25 SP:FB PPU: NOT IMPLEMENTED YET
C301  D0 FA     BNE $C2FD                       A:20 X:1E Y:0D P:25 SP:FB PPU: NOT IMPLEMENTED YET
C2FD  8D 07 20  STA $2007 = 00                  A:20 X:1E Y:0D P:25 SP:FB PPU: NOT IMPLEMENTED YET
C300  88        DEY                             A:20 X:1E Y:0D P:25 SP:FB PPU: NOT IMPLEMENTED YET
C301  D0 FA     BNE $C2FD                       A:20 X:1E Y:0C P:25 SP:FB PPU: NOT IMPLEMENTED YET
C2FD  8D 07 20  STA $2007 = 00                  A:20 X:1E Y:0C P:25 SP:FB PPU: NOT IMPLEMENTED YET
C300  88        DEY                             A:20 X:1E Y:0C P:25 SP:FB PPU: NOT IMPLEMENTED YET
C301  D0 FA     BNE $C2FD                       A:20 X:1E Y:0B P:25 SP:FB PPU: NOT IMPLEMENTED YET
C2FD  8D 07 20  STA $2007 = 00                  A:20 X:1E Y:0B P:25 SP:FB PPU: NOT IMPLEMENTED YET
C300  88        DEY                             A:20 X:1E Y:0B P:25 SP:FB PPU: NOT IMPLEMENTED YET
C301  D0 FA     BNE $C2FD                       A:20 X:1E Y:0A P:25 SP:FB PPU: NOT IMPLEMENTED YET
C2FD  8D 07 20  STA $2007 = 00                  A:20 X:1E Y:0A P:25 SP:FB PPU: NOT IMPLEMENTED YET
C300  88        DEY                             A:20 X:1E Y:0A P:25 SP:FB PPU: NOT IMPLEMENTED YET
C301  D0 FA     BNE $C2FD                       A:20 X:1E Y:09 P:25 SP:FB PPU: NOT IMPLEMENTED YET
C2FD  8D 07 20  STA $2007 = 00                  A:20 X:1E Y:09 P:25 SP:FB PPU: NOT IMPLEMENTED YET
C300  88        DEY                             A:20 X:1E Y:09 P:25 SP:FB PPU: NOT IMPLEMENTED YET
C301  D0 FA     BNE $C2FD                       A:20 X:1E Y:08 P:25 SP:FB PPU: NOT IMPLEMENTED YET
C2FD  8D 07 20  STA $2007 = 00                  A:20 X:1E Y:08 P:25 SP:FB PPU: NOT IMPLEMENTED YET
C300  88        DEY                             A:20 X:1E Y:08 P:25 SP:FB PPU: NOT IMPLEMENTED YET
C301  D0 FA     BNE $C2FD                       A:20 X:1E Y:07 P:25 SP:FB PPU: NOT IMPLEMENTED YET
C2FD  8D 07 20  STA $2007 = 00                  A:20 X:1E Y:07 P:25 SP:FB PPU: NOT IMPLEMENTED YET
C300  88        DEY                             A:20 X:1E Y:07 P:25 SP:FB PPU: NOT IMPLEMENTED YET
C301  D0 FA     BNE $C2FD                       A:20 X:1E Y:06 P:25 SP:FB PPU: NOT IMPLEMENTED YET
C2FD  8D 07 20  STA $2007 = 00                  A:20 X:1E Y:06 P:25 SP:FB PPU: NOT IMPLEMENTED YET
C300  88        DEY                             A:20 X:1E Y:06 P:25 SP:FB PPU: NOT IMPLEMENTED YET
C301  D0 FA     BNE $C2FD                       A:20 X:1E Y:05 P:25 SP:FB PPU: NOT IMPLEMENTED YET
C2FD  8D 07 20  STA $2007 = 00                  A:20 X:1E Y:05 P:25 SP:FB PPU: NOT IMPLEMENTED YET
C300  88        DEY                             A:20 X:1E Y:05 P:25 SP:FB PPU: NOT IMPLEMENTED YET
C301  D0 FA     BNE $C2FD                       A:20 X:1E Y:04 P:25 SP:FB PPU: NOT IMPLEMENTED YET
C2FD  8D 07 20  STA $2007 = 00                  A:20 X:1E Y:04 P:25 SP:FB PPU: NOT IMPLEMENTED YET
C300  88        DEY                             A:20 X:1E Y:04 P:25 SP:FB PPU: NOT IMPLEMENTED YET
C301  D0 FA     BNE $C2FD                       A:20 X:1E Y:03 P:25 SP:FB PPU: NOT IMPLEMENTED YET
C2FD  8D 07 20  STA $2007 = 00                  A:20 X:1E Y:03 P:25 SP:FB PPU: NOT IMPLEMENTED YET
C300  88        DEY                             A:20 X:1E Y:03 P:25 SP:FB PPU: NOT IMPLEMENTED YET
C301  D0 FA     BNE $C2FD                       A:20 X:1E Y:02 P:25 SP:FB PPU: NOT IMPLEMENTED YET
C2FD  8D 07 20  STA $2007 = 00                  A:20 X:1E Y:02 P:25 SP:FB PPU: NOT IMPLEMENTED YET
C300  88        DEY                             A:20 X:1E Y:02 P:25 SP:FB PPU: NOT IMPLEMENTED YET
C301  D0 FA     BNE $C2FD                       A:20 X:1E Y:01 P:25 SP:FB PPU: NOT IMPLEMENTED YET
C2FD  8D 07 20  STA $2007 = 00                  A:20 X:1E Y:01 P:25 SP:FB PPU: NOT IMPLEMENTED YET
C300  88        DEY                             A:20 X:1E Y:01 P:25 SP:FB PPU: NOT IMPLEMENTED YET
C301  D0 FA     BNE $C2FD                       A:20 X:1E Y:00 P:27 SP:FB PPU: NOT IMPLEMENTED YET
C303  CA        DEX                             A:20 X:1E Y:00 P:27 SP:FB PPU: NOT IMPLEMENTED YET
C304  D0 F5     BNE $C2FB                       A:20 X:1D Y:00 P:25 SP:FB PPU: NOT IMPLEMENTED YET
C2FB  A0 20     LDY #$20                        A:20 X:1D Y:00 P:25 SP:FB PPU: NOT IMPLEMENTED YET
C2FD  8D 07 20  STA $2007 = 00                  A:20 X:1D Y:20 P:25 SP:FB PPU: NOT IMPLEMENTED YET
C300  88        DEY                             A:20 X:1D Y:20 P:25 SP:FB PPU: NOT IMPLEMENTED YET
C301  D0 FA     BNE $C2FD                       A:20 X:1D Y:1F P:25 SP:FB PPU: NOT IMPLEMENTED YET
C2FD  8D 07 20  STA $2007 = 00                  A:20 X:1D Y:1F P:25 SP:FB PPU: NOT IMPLEMENTED YET
C300  88        DEY                             A:20 X:1D Y:1F P:25 SP:FB PPU: NOT IMPLEMENTED YET
C301  D0 FA     BNE $C2FD                       A:20 X:1D Y:1E P:25 SP:FB PPU: NOT IMPLEMENTED YET
C2FD  8D 07 20  STA $2007 = 00                  A:20 X:1D Y:1E P:25 SP:FB PPU: NOT IMPLEMENTED YET
C300  88        DEY                             A:20 X:1D Y:1E P:25 SP:FB PPU: NOT IMPLEMENTED YET
C301  D0 FA     BNE $C2FD                       A:20 X:1D Y:1D P:25 SP:FB PPU: NOT IMPLEMENTED YET
C2FD  8D 07 20  STA $2007 = 00                  A:20 X:1D Y:1D P:25 SP:FB PPU: NOT IMPLEMENTED YET
C300  88        DEY                             A:20 X:1D Y:1D P:25 SP:FB PPU: NOT IMPLEMENTED YET
C301  D0 FA     BNE $C2FD                       A:20 X:1D Y:1C P:25 SP:FB PPU: NOT IMPLEMENTED YET
C2FD  8D 07 20  STA $2007 = 00                  A:20 X:1D Y:1C P:25 SP:FB PPU: NOT IMPLEMENTED YET
C300  88        DEY                             A:20 X:1D Y:1C P:25 SP:FB PPU: NOT IMPLEMENTED YET
C301  D0 FA     BNE $C2FD                       A:20 X:1D Y:1B P:25 SP:FB PPU: NOT IMPLEMENTED YET
C2FD  8D 07 20  STA $2007 = 00                  A:20 X:1D Y:1B P:25 SP:FB PPU: NOT IMPLEMENTED YET
C300  88        DEY                             A:20 X:1D Y:1B P:25 SP:FB PPU: NOT IMPLEMENTED YET
C301  D0 FA     BNE $C2FD                       A:20 X:1D Y:1A P:25 SP:FB PPU: NOT IMPLEMENTED YET
C2FD  8D 07 20  STA $2007 = 00                  A:20 X:1D Y:1A P:25 SP:FB PPU: NOT IMPLEMENTED YET
C300  88        DEY                             A:20 X:1D Y:1A P:25 SP:FB PPU: NOT IMPLEMENTED YET
C301  D0 FA     BNE $C2FD                       A:20 X:1D Y:19 P:25 SP:FB PPU: NOT IMPLEMENTED YET
C2FD  8D 07 20  STA $2007 = 00                  A:20 X:1D Y:19 P:25 SP:FB PPU: NOT IMPLEMENTED YET
C300  88        DEY                             A:20 X:1D Y:19 P:25 SP:FB PPU: NOT IMPLEMENTED YET
C301  D0 FA     BNE $C2FD                       A:20 X:1D Y:18 P:25 SP:FB PPU: NOT IMPLEMENTED YET
C2FD  8D 07 20  STA $2007 = 00                  A:20 X:1D Y:18 P:25 SP:FB PPU: NOT IMPLEMENTED YET
C300  88        DEY                             A:20 X:1D Y:18 P:25 SP:FB PPU: NOT IMPLEMENTED YET
C301  D0 FA     BNE $C2FD                       A:20 X:1D Y:17 P:25 SP:FB PPU: NOT IMPLEMENTED YET
C2FD  8D 07 20  STA $2007 = 00                  A:20 X:1D Y:17 P:25 SP:FB PPU: NOT IMPLEMENTED YET
C300  88        DEY                             A:20 X:1D Y:17 P:25 SP:FB PPU: NOT IMPLEMENTED YET
C301  D0 FA     BNE $C2FD                       A:20 X:1D Y:16 P:25 SP:FB PPU: NOT IMPLEMENTED YET
C2FD  8D 07 20  STA $2007 = 00                  A:20 X:1D Y:16 P:25 SP:FB PPU: NOT IMPLEMENTED YET
C300  88        DEY                             A:20 X:1D Y:16 P:25 SP:FB PPU: NOT IMPLEMENTED YET
C301  D0 FA     BNE $C2FD                       A:20 X:1D Y:15 P:25 SP:FB PPU: NOT IMPLEMENTED YET
C2FD  8D 07 20  STA $2007 = 00                  A:20 X:1D Y:15 P:25 SP:FB PPU: NOT IMPLEMENTED YET
C300  88        DEY                             A:20 X:1D Y:15 P:25 SP:FB PPU: NOT IMPLEMENTED YET
C301  D0 FA     BNE $C2FD                       A:20 X:1D Y:14 P:25 SP:FB PPU: NOT IMPLEMENTED YET
C2FD  8D 07 20  STA $2007 = 00                  A:20 X:1D Y:14 P:25 SP:FB PPU: NOT IMPLEMENTED YET
C300  88        DEY                             A:20 X:1D Y:14 P:25 SP:FB PPU: NOT IMPLEMENTED YET
C301  D0 FA     BNE $C2FD                       A:20 X:1D Y:13 P:25 SP:FB PPU: NOT IMPLEMENTED YET
C2FD  8D 07 20  STA $2007 = 00                  A:20 X:1D Y:13 P:25 SP:FB PPU: NOT IMPLEMENTED YET
C300  88        DEY                             A:20 X:1D Y:13 P:25 SP:FB PPU: NOT IMPLEMENTED YET
C301  D0 FA     BNE $C2FD                       A:20 X:1D Y:12 P:25 SP:FB PPU: NOT IMPLEMENTED YET
C2FD  8D 07 20  STA $2007 = 00                  A:20 X:1D Y:12 P:25 SP:FB PPU: NOT IMPLEMENTED YET
C300  88        DEY                             A:20 X:1D Y:12 P:25 SP:FB PPU: NOT IMPLEMENTED YET
C301  D0 FA     BNE $C2FD                       A:20 X:1D Y:11 P:25 SP:FB PPU: NOT IMPLEMENTED YET
C2FD  8D 07 20  STA $2007 = 00                  A:20 X:1D Y:11 P:25 SP:FB PPU: NOT IMPLEMENTED YET
C300  88        DEY                             A:20 X:1D Y:11 P:25 SP:FB PPU: NOT IMPLEMENTED YET
C301  D0 FA     BNE $C2FD                       A:20 X:1D Y:10 P:25 SP:FB PPU: NOT IMPLEMENTED YET
C2FD  8D 07 20  STA $2007 = 00                  A:20 X:1D Y:10 P:25 SP:FB PPU: NOT IMPLEMENTED YET
C300  88        DEY                             A:20 X:1D Y:10 P:25 SP:FB PPU: NOT IMPLEMENTED YET
C301  D0 FA     BNE $C2FD                       A:20 X:1D Y:0F P:25 SP:FB PPU: NOT IMPLEMENTED YET
C2FD  8D 07 20  STA $2007 = 00                  A:20 X:1D Y:0F P:25 SP:FB PPU: NOT IMPLEMENTED YET
C300  88        DEY                             A:20 X:1D Y:0F P:25 SP:FB PPU: NOT IMPLEMENTED YET
C301  D0 FA     BNE $C2FD                       A:20 X:1D Y:0E P:25 SP:FB PPU: NOT IMPLEMENTED YET
C2FD  8D 07 20  STA $2007 = 00                  A:20 X:1D Y:0E P:25 SP:FB PPU: NOT IMPLEMENTED YET
C300  88        DEY                             A:20 X:1D Y:0E P:25 SP:FB PPU: NOT IMPLEMENTED YET
C301  D0 FA     BNE $C2FD                       A:20 X:1D Y:0D P:25 SP:FB PPU: NOT IMPLEMENTED YET
C2FD  8D 07 20  STA $2007 = 00                  A:20 X:1D Y:0D P:25 SP:FB PPU: NOT IMPLEMENTED YET
C300  88        DEY                             A:20 X:1D Y:0D P:25 SP:FB PPU: NOT IMPLEMENTED YET
C301  D0 FA     BNE $C2FD                       A:20 X:1D Y:0C P:25 SP:FB PPU: NOT IMPLEMENTED YET
C2FD  8D 07 20  STA $2007 = 00                  A:20 X:1D Y:0C P:25 SP:FB PPU: NOT IMPLEMENTED YET
C300  88        DEY                             A:20 X:1D Y:0C P:25 SP:FB PPU: NOT IMPLEMENTED YET
C301  D0 FA     BNE $C2FD                       A:20 X:1D Y:0B P:25 SP:FB PPU: NOT IMPLEMENTED YET
C2FD  8D 07 20  STA $2007 = 00                  A:20 X:1D Y:0B P:25 SP:FB PPU: NOT IMPLEMENTED YET
C300  88        DEY                             A:20 X:1D Y:0B P:25 SP:FB PPU: NOT IMPLEMENTED YET
C301  D0 FA     BNE $C2FD                       A:20 X:1D Y:0A P:25 SP:FB PPU: NOT IMPLEMENTED YET
C2FD  8D 07 20  STA $2007 = 00                  A:20 X:1D Y:0A P:25 SP:FB PPU: NOT IMPLEMENTED YET
C300  88        DEY                             A:20 X:1D Y:0A P:25 SP:FB PPU: NOT IMPLEMENTED YET
C301  D0 FA     BNE $C2FD                       A:20 X:1D Y:09 P:25 SP:FB PPU: NOT IMPLEMENTED YET
C2FD  8D 07 20  STA $2007 = 00                  A:20 X:1D Y:09 P:25 SP:FB PPU: NOT IMPLEMENTED YET
C300  88        DEY                             A:20 X:1D Y:09 P:25 SP:FB PPU: NOT IMPLEMENTED YET
C301  D0 FA     BNE $C2FD                       A:20 X:1D Y:08 P:25 SP:FB PPU: NOT IMPLEMENTED YET
C2FD  8D 07 20  STA $2007 = 00                  A:20 X:1D Y:08 P:25 SP:FB PPU: NOT IMPLEMENTED YET
C300  88        DEY                             A:20 X:1D Y:08 P:25 SP:FB PPU: NOT IMPLEMENTED YET
C301  D0 FA     BNE $C2FD                       A:20 X:1D Y:07 P:25 SP:FB PPU: NOT IMPLEMENTED YET
C2FD  8D 07 20  STA $2007 = 00                  A:20 X:1D Y:07 P:25 SP:FB PPU: NOT IMPLEMENTED YET
C300  88        DEY                             A:20 X:1D Y:07 P:25 SP:FB PPU: NOT IMPLEMENTED YET
C301  D0 FA     BNE $C2FD                       A:20 X:1D Y:06 P:25 SP:FB PPU: NOT IMPLEMENTED YET
C2FD  8D 07 20  STA $2007 = 00                  A:20 X:1D Y:06 P:25 SP:FB PPU: NOT IMPLEMENTED YET
C300  88        DEY                             A:20 X:1D Y:06 P:25 SP:FB PPU: NOT IMPLEMENTED YET
C301  D0 FA     BNE $C2FD                       A:20 X:1D Y:05 P:25 SP:FB PPU: NOT IMPLEMENTED YET
C2FD  8D 07 20  STA $2007 = 00                  A:20 X:1D Y:05 P:25 SP:FB PPU: NOT IMPLEMENTED YET
C300  88        DEY                             A:20 X:1D Y:05 P:25 SP:FB PPU: NOT IMPLEMENTED YET
C301  D0 FA     BNE $C2FD                       A:20 X:1D Y:04 P:25 SP:FB PPU: NOT IMPLEMENTED YET
C2FD  8D 07 20  STA $2007 = 00                  A:20 X:1D Y:04 P:25 SP:FB PPU: NOT IMPLEMENTED YET
C300  88        DEY                             A:20 X:1D Y:04 P:25 SP:FB PPU: NOT IMPLEMENTED YET
C301  D0 FA     BNE $C2FD                       A:20 X:1D Y:03 P:25 SP:FB PPU: NOT IMPLEMENTED YET
C2FD  8D 07 20  STA $2007 = 00                  A:20 X:1D Y:03 P:25 SP:FB PPU: NOT IMPLEMENTED YET
C300  88        DEY                             A:20 X:1D Y:03 P:25 SP:FB PPU: NOT IMPLEMENTED YET
C301  D0 FA     BNE $C2FD                       A:20 X:1D Y:02 P:25 SP:FB PPU: NOT IMPLEMENTED YET
C2FD  8D 07 20  STA $2007 = 00                  A:20 X:1D Y:02 P:25 SP:FB PPU: NOT IMPLEMENTED YET
C300  88        DEY                             A:20 X:1D Y:02 P:25 SP:FB PPU: NOT IMPLEMENTED YET
C301  D0 FA     BNE $C2FD                       A:20 X:1D Y:01 P:25 SP:FB PPU: NOT IMPLEMENTED YET
C2FD  8D 07 20  STA $2007 = 00                  A:20 X:1D Y:01 P:25 SP:FB PPU: NOT IMPLEMENTED YET
C300  88        DEY                             A:20 X:1D Y:01 P:25 SP:FB PPU: NOT IMPLEMENTED YET
C301  D0 FA     BNE $C2FD                       A:20 X:1D Y:00 P:27 SP:FB PPU: NOT IMPLEMENTED YET
C303  CA        DEX                             A:20 X:1D Y:00 P:27 SP:FB PPU: NOT IMPLEMENTED YET
C304  D0 F5     BNE $C2FB                       A:20 X:1C Y:00 P:25 SP:FB PPU: NOT IMPLEMENTED YET
C2FB  A0 20     LDY #$20                        A:20 X:1C Y:00 P:25 SP:FB PPU: NOT IMPLEMENTED YET
C2FD  8D 07 20  STA $2007 = 00                  A:20 X:1C Y:20 P:25 SP:FB PPU: NOT IMPLEMENTED YET
C300  88        DEY                             A:20 X:1C Y:20 P:25 SP:FB PPU: NOT IMPLEMENTED YET
C301  D0 FA     BNE $C2FD                       A:20 X:1C Y:1F P:25 SP:FB PPU: NOT IMPLEMENTED YET
C2FD  8D 07 20  STA $2007 = 00                  A:20 X:1C Y:1F P:25 SP:FB PPU: NOT IMPLEMENTED YET
C300  88        DEY                             A:20 X:1C Y:1F P:25 SP:FB PPU: NOT IMPLEMENTED YET
C301  D0 FA     BNE $C2FD                       A:20 X:1C Y:1E P:25 SP:FB PPU: NOT IMPLEMENTED YET
C2FD  8D 07 20  STA $2007 = 00                  A:20 X:1C Y:1E P:25 SP:FB PPU: NOT IMPLEMENTED YET
C300  88        DEY                             A:20 X:1C Y:1E P:25 SP:FB PPU: NOT IMPLEMENTED YET
C301  D0 FA     BNE $C2FD                       A:20 X:1C Y:1D P:25 SP:FB PPU: NOT IMPLEMENTED YET
C2FD  8D 07 20  STA $2007 = 00                  A:20 X:1C Y:1D P:25 SP:FB PPU: NOT IMPLEMENTED YET
C300  88        DEY                             A:20 X:1C Y:1D P:25 SP:FB PPU: NOT IMPLEMENTED YET
C301  D0 FA     BNE $C2FD                       A:20 X:1C Y:1C P:25 SP:FB PPU: NOT IMPLEMENTED YET
C2FD  8D 07 20  STA $2007 = 00                  A:20 X:1C Y:1C P:25 SP:FB PPU: NOT IMPLEMENTED YET
C300  88        DEY                             A:20 X:1C Y:1C P:25 SP:FB PPU: NOT IMPLEMENTED YET
C301  D0 FA     BNE $C2FD                       A:20 X:1C Y:1B P:25 SP:FB PPU: NOT IMPLEMENTED YET
C2FD  8D 07 20  STA $2007 = 00                  A:20 X:1C Y:1B P:25 SP:FB PPU: NOT IMPLEMENTED YET
C300  88        DEY                             A:20 X:1C Y:1B P:25 SP:FB PPU: NOT IMPLEMENTED YET
C301  D0 FA     BNE $C2FD                       A:20 X:1C Y:1A P:25 SP:FB PPU: NOT IMPLEMENTED YET
C2FD  8D 07 20  STA $2007 = 00                  A:20 X:1C Y:1A P:25 SP:FB PPU: NOT IMPLEMENTED YET
C300  88        DEY                             A:20 X:1C Y:1A P:25 SP:FB PPU: NOT IMPLEMENTED YET
C301  D0 FA     BNE $C2FD                       A:20 X:1C Y:19 P:25 SP:FB PPU: NOT IMPLEMENTED YET
C2FD  8D 07 20  STA $2007 = 00                  A:20 X:1C Y:19 P:25 SP:FB PPU: NOT IMPLEMENTED YET
C300  88        DEY                             A:20 X:1C Y:19 P:25 SP:FB PPU: NOT IMPLEMENTED YET
C301  D0 FA     BNE $C2FD                       A:20 X:1C Y:18 P:25 SP:FB PPU: NOT IMPLEMENTED YET
C2FD  8D 07 20  STA $2007 = 00                  A:20 X:1C Y:18 P:25 SP:FB PPU: NOT IMPLEMENTED YET
C300  88        DEY                             A:20 X:1C Y:18 P:25 SP:FB PPU: NOT IMPLEMENTED YET
C301  D0 FA     BNE $C2FD                       A:20 X:1C Y:17 P:25 SP:FB PPU: NOT IMPLEMENTED YET
C2FD  8D 07 20  STA $2007 = 00                  A:20 X:1C Y:17 P:25 SP:FB PPU: NOT IMPLEMENTED YET
C300  88        DEY                             A:20 X:1C Y:17 P:25 SP:FB PPU: NOT IMPLEMENTED YET
C301  D0 FA     BNE $C2FD                       A:20 X:1C Y:16 P:25 SP:FB PPU: NOT IMPLEMENTED YET
C2FD  8D 07 20  STA $2007 = 00                  A:20 X:1C Y:16 P:25 SP:FB PPU: NOT IMPLEMENTED YET
C300  88        DEY                             A:20 X:1C Y:16 P:25 SP:FB PPU: NOT IMPLEMENTED YET
C301  D0 FA     BNE $C2FD                       A:20 X:1C Y:15 P:25 SP:FB PPU: NOT IMPLEMENTED YET
C2FD  8D 07 20  STA $2007 = 00                  A:20 X:1C Y:15 P:25 SP:FB PPU: NOT IMPLEMENTED YET
C300  88        DEY                             A:20 X:1C Y:15 P:25 SP:FB PPU: NOT IMPLEMENTED YET
C301  D0 FA     BNE $C2FD                       A:20 X:1C Y:14 P:25 SP:FB PPU: NOT IMPLEMENTED YET
C2FD  8D 07 20  STA $2007 = 00                  A:20 X:1C Y:14 P:25 SP:FB PPU: NOT IMPLEMENTED YET
C300  88        DEY                             A:20 X:1C Y:14 P:25 SP:FB PPU: NOT IMPLEMENTED YET
C301  D0 FA     BNE $C2FD                       A:20 X:1C Y:13 P:25 SP:FB PPU: NOT IMPLEMENTED YET
C2FD  8D 07 20  STA $2007 = 00                  A:20 X:1C Y:13 P:25 SP:FB PPU: NOT IMPLEMENTED YET
C300  88        DEY                             A:20 X:1C Y:13 P:25 SP:FB PPU: NOT IMPLEMENTED YET
C301  D0 FA     BNE $C2FD                       A:20 X:1C Y:12 P:25 SP:FB PPU: NOT IMPLEMENTED YET
C2FD  8D 07 20  STA $2007 = 00                  A:20 X:1C Y:12 P:25 SP:FB PPU: NOT IMPLEMENTED YET
C300  88        DEY                             A:20 X:1C Y:12 P:25 SP:FB PPU: NOT IMPLEMENTED YET
C301  D0 FA     BNE $C2FD                       A:20 X:1C Y:11 P:25 SP:FB PPU: NOT IMPLEMENTED YET
C2FD  8D 07 20  STA $2007 = 00                  A:20 X:1C Y:11 P:25 SP:FB PPU: NOT IMPLEMENTED YET
C300  88        DEY                             A:20 X:1C Y:11 P:25 SP:FB PPU: NOT IMPLEMENTED YET
C301  D0 FA     BNE $C2FD                       A:20 X:1C Y:10 P:25 SP:FB PPU: NOT IMPLEMENTED YET
C2FD  8D 07 20  STA $2007 = 00                  A:20 X:1C Y:10 P:25 SP:FB PPU: NOT IMPLEMENTED YET
C300  88        DEY                             A:20 X:1C Y:10 P:25 SP:FB PPU: NOT IMPLEMENTED YET
C301  D0 FA     BNE $C2FD                       A:20 X:1C Y:0F P:25 SP:FB PPU: NOT IMPLEMENTED YET
C2FD  8D 07 20  STA $2007 = 00                  A:20 X:1C Y:0F P:25 SP:FB PPU: NOT IMPLEMENTED YET
C300  88        DEY                             A:20 X:1C Y:0F P:25 SP:FB PPU: NOT IMPLEMENTED YET
C301  D0 FA     BNE $C2FD                       A:20 X:1C Y:0E P:25 SP:FB PPU: NOT IMPLEMENTED YET
C2FD  8D 07 20  STA $2007 = 00                  A:20 X:1C Y:0E P:25 SP:FB PPU: NOT IMPLEMENTED YET
C300  88        DEY                             A:20 X:1C Y:0E P:25 SP:FB PPU: NOT IMPLEMENTED YET
C301  D0 FA     BNE $C2FD                       A:20 X:1C Y:0D P:25 SP:FB PPU: NOT IMPLEMENTED YET
C2FD  8D 07 20  STA $2007 = 00                  A:20 X:1C Y:0D P:25 SP:FB PPU: NOT IMPLEMENTED YET
C300  88        DEY                             A:20 X:1C Y:0D P:25 SP:FB PPU: NOT IMPLEMENTED YET
C301  D0 FA     BNE $C2FD                       A:20 X:1C Y:0C P:25 SP:FB PPU: NOT IMPLEMENTED YET
C2FD  8D 07 20  STA $2007 = 00                  A:20 X:1C Y:0C P:25 SP:FB PPU: NOT IMPLEMENTED YET
C300  88        DEY                             A:20 X:1C Y:0C P:25 SP:FB PPU: NOT IMPLEMENTED YET
C301  D0 FA     BNE $C2FD                       A:20 X:1C Y:0B P:25 SP:FB PPU: NOT IMPLEMENTED YET
C2FD  8D 07 20  STA $2007 = 00                  A:20 X:1C Y:0B P:25 SP:FB PPU: NOT IMPLEMENTED YET
C300  88        DEY                             A:20 X:1C Y:0B P:25 SP:FB PPU: NOT IMPLEMENTED YET
C301  D0 FA     BNE $C2FD                       A:20 X:1C Y:0A P:25 SP:FB PPU: NOT IMPLEMENTED YET
C2FD  8D 07 20  STA $2007 = 00                  A:20 X:1C Y:0A P:25 SP:FB PPU: NOT IMPLEMENTED YET
C300  88        DEY                             A:20 X:1C Y:0A P:25 SP:FB PPU: NOT IMPLEMENTED YET
C301  D0 FA     BNE $C2FD                       A:20 X:1C Y:09 P:25 SP:FB PPU: NOT IMPLEMENTED YET
C2FD  8D 07 20  STA $2007 = 00                  A:20 X:1C Y:09 P:25 SP:FB PPU: NOT IMPLEMENTED YET
C300  88        DEY                             A:20 X:1C Y:09 P:25 SP:FB PPU: NOT IMPLEMENTED YET
C301  D0 FA     BNE $C2FD                       A:20 X:1C Y:08 P:25 SP:FB PPU: NOT IMPLEMENTED YET
C2FD  8D 07 20  STA $2007 = 00                  A:20 X:1C Y:08 P:25 SP:FB PPU: NOT IMPLEMENTED YET
C300  88        DEY                             A:20 X:1C Y:08 P:25 SP:FB PPU: NOT IMPLEMENTED YET
C301  D0 FA     BNE $C2FD                       A:20 X:1C Y:07 P:25 SP:FB PPU: NOT IMPLEMENTED YET
C2FD  8D 07 20  STA $2007 = 00                  A:20 X:1C Y:07 P:25 SP:FB PPU: NOT IMPLEMENTED YET
C300  88        DEY                             A:20 X:1C Y:07 P:25 SP:FB PPU: NOT IMPLEMENTED YET
C301  D0 FA     BNE $C2FD                       A:20 X:1C Y:06 P:25 SP:FB PPU: NOT IMPLEMENTED YET
C2FD  8D 07 20  STA $2007 = 00                  A:20 X:1C Y:06 P:25 SP:FB PPU: NOT IMPLEMENTED YET
C300  88        DEY                             A:20 X:1C Y:06 P:25 SP:FB PPU: NOT IMPLEMENTED YET
C301  D0 FA     BNE $C2FD                       A:20 X:1C Y:05 P:25 SP:FB PPU: NOT IMPLEMENTED YET
C2FD  8D 07 20  STA $2007 = 00                  A:20 X:1C Y:05 P:25 SP:FB PPU: NOT IMPLEMENTED YET
C300  88        DEY                             A:20 X:1C Y:05 P:25 SP:FB PPU: NOT IMPLEMENTED YET
C301  D0 FA     BNE $C2FD                       A:20 X:1C Y:04 P:25 SP:FB PPU: NOT IMPLEMENTED YET
C2FD  8D 07 20  STA $2007 = 00                  A:20 X:1C Y:04 P:25 SP:FB PPU: NOT IMPLEMENTED YET
C300  88        DEY                             A:20 X:1C Y:04 P:25 SP:FB PPU: NOT IMPLEMENTED YET
C301  D0 FA     BNE $C2FD                       A:20 X:1C Y:03 P:25 SP:FB PPU: NOT IMPLEMENTED YET
C2FD  8D 07 20  STA $2007 = 00                  A:20 X:1C Y:03 P:25 SP:FB PPU: NOT IMPLEMENTED YET
C300  88        DEY                             A:20 X:1C Y:03 P:25 SP:FB PPU: NOT IMPLEMENTED YET
C301  D0 FA     BNE $C2FD                       A:20 X:1C Y:02 P:25 SP:FB PPU: NOT IMPLEMENTED YET
C2FD  8D 07 20  STA $2007 = 00                  A:20 X:1C Y:02 P:25 SP:FB PPU: NOT IMPLEMENTED YET
C300  88        DEY                             A:20 X:1C Y:02 P:25 SP:FB PPU: NOT IMPLEMENTED YET
C301  D0 FA     BNE $C2FD                       A:20 X:1C Y:01 P:25 SP:FB PPU: NOT IMPLEMENTED YET
C2FD  8D 07 20  STA $2007 = 00                  A:20 X:1C Y:01 P:25 SP:FB PPU: NOT IMPLEMENTED YET
C300  88        DEY                             A:20 X:1C Y:01 P:25 SP:FB PPU: NOT IMPLEMENTED YET
C301  D0 FA     BNE $C2FD                       A:20 X:1C Y:00 P:27 SP:FB PPU: NOT IMPLEMENTED YET
C303  CA        DEX                             A:20 X:1C Y:00 P:27 SP:FB PPU: NOT IMPLEMENTED YET
C304  D0 F5     BNE $C2FB                       A:20 X:1B Y:00 P:25 SP:FB PPU: NOT IMPLEMENTED YET
C2FB  A0 20     LDY #$20                        A:20 X:1B Y:00 P:25 SP:FB PPU: NOT IMPLEMENTED YET
C2FD  8D 07 20  STA $2007 = 00                  A:20 X:1B Y:20 P:25 SP:FB PPU: NOT IMPLEMENTED YET
C300  88        DEY                             A:20 X:1B Y:20 P:25 SP:FB PPU: NOT IMPLEMENTED YET
C301  D0 FA     BNE $C2FD                       A:20 X:1B Y:1F P:25 SP:FB PPU: NOT IMPLEMENTED YET
C2FD  8D 07 20  STA $2007 = 00                  A:20 X:1B Y:1F P:25 SP:FB PPU: NOT IMPLEMENTED YET
C300  88        DEY                             A:20 X:1B Y:1F P:25 SP:FB PPU: NOT IMPLEMENTED YET
C301  D0 FA     BNE $C2FD                       A:20 X:1B Y:1E P:25 SP:FB PPU: NOT IMPLEMENTED YET
C2FD  8D 07 20  STA $2007 = 00                  A:20 X:1B Y:1E P:25 SP:FB PPU: NOT IMPLEMENTED YET
C300  88        DEY                             A:20 X:1B Y:1E P:25 SP:FB PPU: NOT IMPLEMENTED YET
C301  D0 FA     BNE $C2FD                       A:20 X:1B Y:1D P:25 SP:FB PPU: NOT IMPLEMENTED YET
C2FD  8D 07 20  STA $2007 = 00                  A:20 X:1B Y:1D P:25 SP:FB PPU: NOT IMPLEMENTED YET
C300  88        DEY                             A:20 X:1B Y:1D P:25 SP:FB PPU: NOT IMPLEMENTED YET
C301  D0 FA     BNE $C2FD                       A:20 X:1B Y:1C P:25 SP:FB PPU: NOT IMPLEMENTED YET
C2FD  8D 07 20  STA $2007 = 00                  A:20 X:1B Y:1C P:25 SP:FB PPU: NOT IMPLEMENTED YET
C300  88        DEY                             A:20 X:1B Y:1C P:25 SP:FB PPU: NOT IMPLEMENTED YET
C301  D0 FA     BNE $C2FD                       A:20 X:1B Y:1B P:25 SP:FB PPU: NOT IMPLEMENTED YET
C2FD  8D 07 20  STA $2007 = 00                  A:20 X:1B Y:1B P:25 SP:FB PPU: NOT IMPLEMENTED YET
C300  88        DEY                             A:20 X:1B Y:1B P:25 SP:FB PPU: NOT IMPLEMENTED YET
C301  D0 FA     BNE $C2FD                       A:20 X:1B Y:1A P:25 SP:FB PPU: NOT IMPLEMENTED YET
C2FD  8D 07 20  STA $2007 = 00                  A:20 X:1B Y:1A P:25 SP:FB PPU: NOT IMPLEMENTED YET
C300  88        DEY                             A:20 X:1B Y:1A P:25 SP:FB PPU: NOT IMPLEMENTED YET
C301  D0 FA     BNE $C2FD                       A:20 X:1B Y:19 P:25 SP:FB PPU: NOT IMPLEMENTED YET
C2FD  8D 07 20  STA $2007 = 00                  A:20 X:1B Y:19 P:25 SP:FB PPU: NOT IMPLEMENTED YET
C300  88        DEY                             A:20 X:1B Y:19 P:25 SP:FB PPU: NOT IMPLEMENTED YET
C301  D0 FA     BNE $C2FD                       A:20 X:1B Y:18 P:25 SP:FB PPU: NOT IMPLEMENTED YET
C2FD  8D 07 20  STA $2007 = 00                  A:20 X:1B Y:18 P:25 SP:FB PPU: NOT IMPLEMENTED YET
C300  88        DEY                             A:20 X:1B Y:18 P:25 SP:FB PPU: NOT IMPLEMENTED YET
C301  D0 FA     BNE $C2FD                       A:20 X:1B Y:17 P:25 SP:FB PPU: NOT IMPLEMENTED YET
C2FD  8D 07 20  STA $2007 = 00                  A:20 X:1B Y:17 P:25 SP:FB PPU: NOT IMPLEMENTED YET
C300  88        DEY                             A:20 X:1B Y:17 P:25 SP:FB PPU: NOT IMPLEMENTED YET
C301  D0 FA     BNE $C2FD                       A:20 X:1B Y:16 P:25 SP:FB PPU: NOT IMPLEMENTED YET
C2FD  8D 07 20  STA $2007 = 00                  A:20 X:1B Y:16 P:25 SP:FB PPU: NOT IMPLEMENTED YET
C300  88        DEY                             A:20 X:1B Y:16 P:25 SP:FB PPU: NOT IMPLEMENTED YET
C301  D0 FA     BNE $C2FD                       A:20 X:1B Y:15 P:25 SP:FB PPU: NOT IMPLEMENTED YET
C2FD  8D 07 20  STA $2007 = 00                  A:20 X:1B Y:15 P:25 SP:FB PPU: NOT IMPLEMENTED YET
C300  88        DEY                             A:20 X:1B Y:15 P:25 SP:FB PPU: NOT IMPLEMENTED YET
C301  D0 FA     BNE $C2FD                       A:20 X:1B Y:14 P:25 SP:FB PPU: NOT IMPLEMENTED YET
C2FD  8D 07 20  STA $2007 = 00                  A:20 X:1B Y:14 P:25 SP:FB PPU: NOT IMPLEMENTED YET
C300  88        DEY                             A:20 X:1B Y:14 P:25 SP:FB PPU: NOT IMPLEMENTED YET
C301  D0 FA     BNE $C2FD                       A:20 X:1B Y:13 P:25 SP:FB PPU: NOT IMPLEMENTED YET
C2FD  8D 07 20  STA $2007 = 00                  A:20 X:1B Y:13 P:25 SP:FB PPU: NOT IMPLEMENTED YET
C300  88        DEY                             A:20 X:1B Y:13 P:25 SP:FB PPU: NOT IMPLEMENTED YET
C301  D0 FA     BNE $C2FD                       A:20 X:1B Y:12 P:25 SP:FB PPU: NOT IMPLEMENTED YET
C2FD  8D 07 20  STA $2007 = 00                  A:20 X:1B Y:12 P:25 SP:FB PPU: NOT IMPLEMENTED YET
C300  88        DEY                             A:20 X:1B Y:12 P:25 SP:FB PPU: NOT IMPLEMENTED YET
C301  D0 FA     BNE $C2FD                       A:20 X:1B Y:11 P:25 SP:FB PPU: NOT IMPLEMENTED YET
C2FD  8D 07 20  STA $2007 = 00                  A:20 X:1B Y:11 P:25 SP:FB PPU: NOT IMPLEMENTED YET
C300  88        DEY                             A:20 X:1B Y:11 P:25 SP:FB PPU: NOT IMPLEMENTED YET
C301  D0 FA     BNE $C2FD                       A:20 X:1B Y:10 P:25 SP:FB PPU: NOT IMPLEMENTED YET
C2FD  8D 07 20  STA $2007 = 00                  A:20 X:1B Y:10 P:25 SP:FB PPU: NOT IMPLEMENTED YET
C300  88        DEY                             A:20 X:1B Y:10 P:25 SP:FB PPU: NOT IMPLEMENTED YET
C301  D0 FA     BNE $C2FD                       A:20 X:1B Y:0F P:25 SP:FB PPU: NOT IMPLEMENTED YET
C2FD  8D 07 20  STA $2007 = 00                  A:20 X:1B Y:0F P:25 SP:FB PPU: NOT IMPLEMENTED YET
C300  88        DEY                             A:20 X:1B Y:0F P:25 SP:FB PPU: NOT IMPLEMENTED YET
C301  D0 FA     BNE $C2FD                       A:20 X:1B Y:0E P:25 SP:FB PPU: NOT IMPLEMENTED YET
C2FD  8D 07 20  STA $2007 = 00                  A:20 X:1B Y:0E P:25 SP:FB PPU: NOT IMPLEMENTED YET
C300  88        DEY                             A:20 X:1B Y:0E P:25 SP:FB PPU: NOT IMPLEMENTED YET
C301  D0 FA     BNE $C2FD                       A:20 X:1B Y:0D P:25 SP:FB PPU: NOT IMPLEMENTED YET
C2FD  8D 07 20  STA $2007 = 00                  A:20 X:1B Y:0D P:25 SP:FB PPU: NOT IMPLEMENTED YET
C300  88        DEY                             A:20 X:1B Y:0D P:25 SP:FB PPU: NOT IMPLEMENTED YET
C301  D0 FA     BNE $C2FD                       A:20 X:1B Y:0C P:25 SP:FB PPU: NOT IMPLEMENTED YET
C2FD  8D 07 20  STA $2007 = 00                  A:20 X:1B Y:0C P:25 SP:FB PPU: NOT IMPLEMENTED YET
C300  88        DEY                             A:20 X:1B Y:0C P:25 SP:FB PPU: NOT IMPLEMENTED YET
C301  D0 FA     BNE $C2FD                       A:20 X:1B Y:0B P:25 SP:FB PPU: NOT IMPLEMENTED YET
C2FD  8D 07 20  STA $2007 = 00                  A:20 X:1B Y:0B P:25 SP:FB PPU: NOT IMPLEMENTED YET
C300  88        DEY                             A:20 X:1B Y:0B P:25 SP:FB PPU: NOT IMPLEMENTED YET
C301  D0 FA     BNE $C2FD                       A:20 X:1B Y:0A P:25 SP:FB PPU: NOT IMPLEMENTED YET
C2FD  8D 07 20  STA $2007 = 00                  A:20 X:1B Y:0A P:25 SP:FB PPU: NOT IMPLEMENTED YET
C300  88        DEY                             A:20 X:1B Y:0A P:25 SP:FB PPU: NOT IMPLEMENTED YET
C301  D0 FA     BNE $C2FD                       A:20 X:1B Y:09 P:25 SP:FB PPU: NOT IMPLEMENTED YET
C2FD  8D 07 20  STA $2007 = 00                  A:20 X:1B Y:09 P:25 SP:FB PPU: NOT IMPLEMENTED YET
C300  88        DEY                             A:20 X:1B Y:09 P:25 SP:FB PPU: NOT IMPLEMENTED YET
C301  D0 FA     BNE $C2FD                       A:20 X:1B Y:08 P:25 SP:FB PPU: NOT IMPLEMENTED YET
C2FD  8D 07 20  STA $2007 = 00                  A:20 X:1B Y:08 P:25 SP:FB PPU: NOT IMPLEMENTED YET
C300  88        DEY                             A:20 X:1B Y:08 P:25 SP:FB PPU: NOT IMPLEMENTED YET
C301  D0 FA     BNE $C2FD                       A:20 X:1B Y:07 P:25 SP:FB PPU: NOT IMPLEMENTED YET
C2FD  8D 07 20  STA $2007 = 00                  A:20 X:1B Y:07 P:25 SP:FB PPU: NOT IMPLEMENTED YET
C300  88        DEY                             A:20 X:1B Y:07 P:25 SP:FB PPU: NOT IMPLEMENTED YET
C301  D0 FA     BNE $C2FD                       A:20 X:1B Y:06 P:25 SP:FB PPU: NOT IMPLEMENTED YET
C2FD  8D 07 20  STA $2007 = 00                  A:20 X:1B Y:06 P:25 SP:FB PPU: NOT IMPLEMENTED YET
C300  88        DEY                             A:20 X:1B Y:06 P:25 SP:FB PPU: NOT IMPLEMENTED YET
C301  D0 FA     BNE $C2FD                       A:20 X:1B Y:05 P:25 SP:FB PPU: NOT IMPLEMENTED YET
C2FD  8D 07 20  STA $2007 = 00                  A:20 X:1B Y:05 P:25 SP:FB PPU: NOT IMPLEMENTED YET
C300  88        DEY                             A:20 X:1B Y:05 P:25 SP:FB PPU: NOT IMPLEMENTED YET
C301  D0 FA     BNE $C2FD                       A:20 X:1B Y:04 P:25 SP:FB PPU: NOT IMPLEMENTED YET
C2FD  8D 07 20  STA $2007 = 00                  A:20 X:1B Y:04 P:25 SP:FB PPU: NOT IMPLEMENTED YET
C300  88        DEY                             A:20 X:1B Y:04 P:25 SP:FB PPU: NOT IMPLEMENTED YET
C301  D0 FA     BNE $C2FD                       A:20 X:1B Y:03 P:25 SP:FB PPU: NOT IMPLEMENTED YET
C2FD  8D 07 20  STA $2007 = 00                  A:20 X:1B Y:03 P:25 SP:FB PPU: NOT IMPLEMENTED YET
C300  88        DEY                             A:20 X:1B Y:03 P:25 SP:FB PPU: NOT IMPLEMENTED YET
C301  D0 FA     BNE $C2FD                       A:20 X:1B Y:02 P:25 SP:FB PPU: NOT IMPLEMENTED YET
C2FD  8D 07 20  STA $2007 = 00                  A:20 X:1B Y:02 P:25 SP:FB PPU: NOT IMPLEMENTED YET
C300  88        DEY                             A:20 X:1B Y:02 P:25 SP:FB PPU: NOT IMPLEMENTED YET
C301  D0 FA     BNE $C2FD                       A:20 X:1B Y:01 P:25 SP:FB PPU: NOT IMPLEMENTED YET
C2FD  8D 07 20  STA $2007 = 00                  A:20 X:1B Y:01 P:25 SP:FB PPU: NOT IMPLEMENTED YET
C300  88        DEY                             A:20 X:1B Y:01 P:25 SP:FB PPU: NOT IMPLEMENTED YET
C301  D0 FA     BNE $C2FD                       A:20 X:1B Y:00 P:27 SP:FB PPU: NOT IMPLEMENTED YET
C303  CA        DEX                             A:20 X:1B Y:00 P:27 SP:FB PPU: NOT IMPLEMENTED YET
C304  D0 F5     BNE $C2FB                       A:20 X:1A Y:00 P:25 SP:FB PPU: NOT IMPLEMENTED YET
C2FB  A0 20     LDY #$20                        A:20 X:1A Y:00 P:25 SP:FB PPU: NOT IMPLEMENTED YET
C2FD  8D 07 20  STA $2007 = 00                  A:20 X:1A Y:20 P:25 SP:FB PPU: NOT IMPLEMENTED YET
C300  88        DEY                             A:20 X:1A Y:20 P:25 SP:FB PPU: NOT IMPLEMENTED YET
C301  D0 FA     BNE $C2FD                       A:20 X:1A Y:1F P:25 SP:FB PPU: NOT IMPLEMENTED YET
C2FD  8D 07 20  STA $2007 = 00                  A:20 X:1A Y:1F P:25 SP:FB PPU: NOT IMPLEMENTED YET
C300  88        DEY                             A:20 X:1A Y:1F P:25 SP:FB PPU: NOT IMPLEMENTED YET
C301  D0 FA     BNE $C2FD                       A:20 X:1A Y:1E P:25 SP:FB PPU: NOT IMPLEMENTED YET
C2FD  8D 07 20  STA $2007 = 00                  A:20 X:1A Y:1E P:25 SP:FB PPU: NOT IMPLEMENTED YET
C300  88        DEY                             A:20 X:1A Y:1E P:25 SP:FB PPU: NOT IMPLEMENTED YET
C301  D0 FA     BNE $C2FD                       A:20 X:1A Y:1D P:25 SP:FB PPU: NOT IMPLEMENTED YET
C2FD  8D 07 20  STA $2007 = 00                  A:20 X:1A Y:1D P:25 SP:FB PPU: NOT IMPLEMENTED YET
C300  88        DEY                             A:20 X:1A Y:1D P:25 SP:FB PPU: NOT IMPLEMENTED YET
C301  D0 FA     BNE $C2FD                       A:20 X:1A Y:1C P:25 SP:FB PPU: NOT IMPLEMENTED YET
C2FD  8D 07 20  STA $2007 = 00                  A:20 X:1A Y:1C P:25 SP:FB PPU: NOT IMPLEMENTED YET
C300  88        DEY                             A:20 X:1A Y:1C P:25 SP:FB PPU: NOT IMPLEMENTED YET
C301  D0 FA     BNE $C2FD                       A:20 X:1A Y:1B P:25 SP:FB PPU: NOT IMPLEMENTED YET
C2FD  8D 07 20  STA $2007 = 00                  A:20 X:1A Y:1B P:25 SP:FB PPU: NOT IMPLEMENTED YET
C300  88        DEY                             A:20 X:1A Y:1B P:25 SP:FB PPU: NOT IMPLEMENTED YET
C301  D0 FA     BNE $C2FD                       A:20 X:1A Y:1A P:25 SP:FB PPU: NOT IMPLEMENTED YET
C2FD  8D 07 20  STA $2007 = 00                  A:20 X:1A Y:1A P:25 SP:FB PPU: NOT IMPLEMENTED YET
C300  88        DEY                             A:20 X:1A Y:1A P:25 SP:FB PPU: NOT IMPLEMENTED YET
C301  D0 FA     BNE $C2FD                       A:20 X:1A Y:19 P:25 SP:FB PPU: NOT IMPLEMENTED YET
C2FD  8D 07 20  STA $2007 = 00                  A:20 X:1A Y:19 P:25 SP:FB PPU: NOT IMPLEMENTED YET
C300  88        DEY                             A:20 X:1A Y:19 P:25 SP:FB PPU: NOT IMPLEMENTED YET
C301  D0 FA     BNE $C2FD                       A:20 X:1A Y:18 P:25 SP:FB PPU: NOT IMPLEMENTED YET
C2FD  8D 07 20  STA $2007 = 00                  A:20 X:1A Y:18 P:25 SP:FB PPU: NOT IMPLEMENTED YET
C300  88        DEY                             A:20 X:1A Y:18 P:25 SP:FB PPU: NOT IMPLEMENTED YET
C301  D0 FA     BNE $C2FD                       A:20 X:1A Y:17 P:25 SP:FB PPU: NOT IMPLEMENTED YET
C2FD  8D 07 20  STA $2007 = 00                  A:20 X:1A Y:17 P:25 SP:FB PPU: NOT IMPLEMENTED YET
C300  88        DEY                             A:20 X:1A Y:17 P:25 SP:FB PPU: NOT IMPLEMENTED YET
C301  D0 FA     BNE $C2FD                       A:20 X:1A Y:16 P:25 SP:FB PPU: NOT IMPLEMENTED YET
C2FD  8D 07 20  STA $2007 = 00                  A:20 X:1A Y:16 P:25 SP:FB PPU: NOT IMPLEMENTED YET
C300  88        DEY                             A:20 X:1A Y:16 P:25 SP:FB PPU: NOT IMPLEMENTED YET
C301  D0 FA     BNE $C2FD                       A:20 X:1A Y:15 P:25 SP:FB PPU: NOT IMPLEMENTED YET
C2FD  8D 07 20  STA $2007 = 00                  A:20 X:1A Y:15 P:25 SP:FB PPU: NOT IMPLEMENTED YET
C300  88        DEY                             A:20 X:1A Y:15 P:25 SP:FB PPU: NOT IMPLEMENTED YET
C301  D0 FA     BNE $C2FD                       A:20 X:1A Y:14 P:25 SP:FB PPU: NOT IMPLEMENTED YET
C2FD  8D 07 20  STA $2007 = 00                  A:20 X:1A Y:14 P:25 SP:FB PPU: NOT IMPLEMENTED YET
C300  88        DEY                             A:20 X:1A Y:14 P:25 SP:FB PPU: NOT IMPLEMENTED YET
C301  D0 FA     BNE $C2FD                       A:20 X:1A Y:13 P:25 SP:FB PPU: NOT IMPLEMENTED YET
C2FD  8D 07 20  STA $2007 = 00                  A:20 X:1A Y:13 P:25 SP:FB PPU: NOT IMPLEMENTED YET
C300  88        DEY                             A:20 X:1A Y:13 P:25 SP:FB PPU: NOT IMPLEMENTED YET
C301  D0 FA     BNE $C2FD                       A:20 X:1A Y:12 P:25 SP:FB PPU: NOT IMPLEMENTED YET
C2FD  8D 07 20  STA $2007 = 00                  A:20 X:1A Y:12 P:25 SP:FB PPU: NOT IMPLEMENTED YET
C300  88        DEY                             A:20 X:1A Y:12 P:25 SP:FB PPU: NOT IMPLEMENTED YET
C301  D0 FA     BNE $C2FD                       A:20 X:1A Y:11 P:25 SP:FB PPU: NOT IMPLEMENTED YET
C2FD  8D 07 20  STA $2007 = 00                  A:20 X:1A Y:11 P:25 SP:FB PPU: NOT IMPLEMENTED YET
C300  88        DEY                             A:20 X:1A Y:11 P:25 SP:FB PPU: NOT IMPLEMENTED YET
C301  D0 FA     BNE $C2FD                       A:20 X:1A Y:10 P:25 SP:FB PPU: NOT IMPLEMENTED YET
C2FD  8D 07 20  STA $2007 = 00                  A:20 X:1A Y:10 P:25 SP:FB PPU: NOT IMPLEMENTED YET
C300  88        DEY                             A:20 X:1A Y:10 P:25 SP:FB PPU: NOT IMPLEMENTED YET
C301  D0 FA     BNE $C2FD                       A:20 X:1A Y:0F P:25 SP:FB PPU: NOT IMPLEMENTED YET
C2FD  8D 07 20  STA $2007 = 00                  A:20 X:1A Y:0F P:25 SP:FB PPU: NOT IMPLEMENTED YET
C300  88        DEY                             A:20 X:1A Y:0F P:25 SP:FB PPU: NOT IMPLEMENTED YET
C301  D0 FA     BNE $C2FD                       A:20 X:1A Y:0E P:25 SP:FB PPU: NOT IMPLEMENTED YET
C2FD  8D 07 20  STA $2007 = 00                  A:20 X:1A Y:0E P:25 SP:FB PPU: NOT IMPLEMENTED YET
C300  88        DEY                             A:20 X:1A Y:0E P:25 SP:FB PPU: NOT IMPLEMENTED YET
C301  D0 FA     BNE $C2FD                       A:20 X:1A Y:0D P:25 SP:FB PPU: NOT IMPLEMENTED YET
C2FD  8D 07 20  STA $2007 = 00                  A:20 X:1A Y:0D P:25 SP:FB PPU: NOT IMPLEMENTED YET
C300  88        DEY                             A:20 X:1A Y:0D P:25 SP:FB PPU: NOT IMPLEMENTED YET
C301  D0 FA     BNE $C2FD                       A:20 X:1A Y:0C P:25 SP:FB PPU: NOT IMPLEMENTED YET
C2FD  8D 07 20  STA $2007 = 00                  A:20 X:1A Y:0C P:25 SP:FB PPU: NOT IMPLEMENTED YET
C300  88        DEY                             A:20 X:1A Y:0C P:25 SP:FB PPU: NOT IMPLEMENTED YET
C301  D0 FA     BNE $C2FD                       A:20 X:1A Y:0B P:25 SP:FB PPU: NOT IMPLEMENTED YET
C2FD  8D 07 20  STA $2007 = 00                  A:20 X:1A Y:0B P:25 SP:FB PPU: NOT IMPLEMENTED YET
C300  88        DEY                             A:20 X:1A Y:0B P:25 SP:FB PPU: NOT IMPLEMENTED YET
C301  D0 FA     BNE $C2FD                       A:20 X:1A Y:0A P:25 SP:FB PPU: NOT IMPLEMENTED YET
C2FD  8D 07 20  STA $2007 = 00                  A:20 X:1A Y:0A P:25 SP:FB PPU: NOT IMPLEMENTED YET
C300  88        DEY                             A:20 X:1A Y:0A P:25 SP:FB PPU: NOT IMPLEMENTED YET
C301  D0 FA     BNE $C2FD                       A:20 X:1A Y:09 P:25 SP:FB PPU: NOT IMPLEMENTED YET
C2FD  8D 07 20  STA $2007 = 00                  A:20 X:1A Y:09 P:25 SP:FB PPU: NOT IMPLEMENTED YET
C300  88        DEY                             A:20 X:1A Y:09 P:25 SP:FB PPU: NOT IMPLEMENTED YET
C301  D0 FA     BNE $C2FD                       A:20 X:1A Y:08 P:25 SP:FB PPU: NOT IMPLEMENTED YET
C2FD  8D 07 20  STA $2007 = 00                  A:20 X:1A Y:08 P:25 SP:FB PPU: NOT IMPLEMENTED YET
C300  88        DEY                             A:20 X:1A Y:08 P:25 SP:FB PPU: NOT IMPLEMENTED YET
C301  D0 FA     BNE $C2FD                       A:20 X:1A Y:07 P:25 SP:FB PPU: NOT IMPLEMENTED YET
C2FD  8D 07 20  STA $2007 = 00                  A:20 X:1A Y:07 P:25 SP:FB PPU: NOT IMPLEMENTED YET
C300  88        DEY                             A:20 X:1A Y:07 P:25 SP:FB PPU: NOT IMPLEMENTED YET
C301  D0 FA     BNE $C2FD                       A:20 X:1A Y:06 P:25 SP:FB PPU: NOT IMPLEMENTED YET
C2FD  8D 07 20  STA $2007 = 00                  A:20 X:1A Y:06 P:25 SP:FB PPU: NOT IMPLEMENTED YET
C300  88        DEY                             A:20 X:1A Y:06 P:25 SP:FB PPU: NOT IMPLEMENTED YET
C301  D0 FA     BNE $C2FD                       A:20 X:1A Y:05 P:25 SP:FB PPU: NOT IMPLEMENTED YET
C2FD  8D 07 20  STA $2007 = 00                  A:20 X:1A Y:05 P:25 SP:FB PPU: NOT IMPLEMENTED YET
C300  88        DEY                             A:20 X:1A Y:05 P:25 SP:FB PPU: NOT IMPLEMENTED YET
C301  D0 FA     BNE $C2FD                       A:20 X:1A Y:04 P:25 SP:FB PPU: NOT IMPLEMENTED YET
C2FD  8D 07 20  STA $2007 = 00                  A:20 X:1A Y:04 P:25 SP:FB PPU: NOT IMPLEMENTED YET
C300  88        DEY                             A:20 X:1A Y:04 P:25 SP:FB PPU: NOT IMPLEMENTED YET
C301  D0 FA     BNE $C2FD                       A:20 X:1A Y:03 P:25 SP:FB PPU: NOT IMPLEMENTED YET
C2FD  8D 07 20  STA $2007 = 00                  A:20 X:1A Y:03 P:25 SP:FB PPU: NOT IMPLEMENTED YET
C300  88        DEY                             A:20 X:1A Y:03 P:25 SP:FB PPU: NOT IMPLEMENTED YET
C301  D0 FA     BNE $C2FD                       A:20 X:1A Y:02 P:25 SP:FB PPU: NOT IMPLEMENTED YET
C2FD  8D 07 20  STA $2007 = 00                  A:20 X:1A Y:02 P:25 SP:FB PPU: NOT IMPLEMENTED YET
C300  88        DEY                             A:20 X:1A Y:02 P:25 SP:FB PPU: NOT IMPLEMENTED YET
C301  D0 FA     BNE $C2FD                       A:20 X:1A Y:01 P:25 SP:FB PPU: NOT IMPLEMENTED YET
C2FD  8D 07 20  STA $2007 = 00                  A:20 X:1A Y:01 P:25 SP:FB PPU: NOT IMPLEMENTED YET
C300  88        DEY                             A:20 X:1A Y:01 P:25 SP:FB PPU: NOT IMPLEMENTED YET
C301  D0 FA     BNE $C2FD                       A:20 X:1A Y:00 P:27 SP:FB PPU: NOT IMPLEMENTED YET
C303  CA        DEX                             A:20 X:1A Y:00 P:27 SP:FB PPU: NOT IMPLEMENTED YET
C304  D0 F5     BNE $C2FB                       A:20 X:19 Y:00 P:25 SP:FB PPU: NOT IMPLEMENTED YET
C2FB  A0 20     LDY #$20                        A:20 X:19 Y:00 P:25 SP:FB PPU: NOT IMPLEMENTED YET
C2FD  8D 07 20  STA $2007 = 00                  A:20 X:19 Y:20 P:25 SP:FB PPU: NOT IMPLEMENTED YET
C300  88        DEY                             A:20 X:19 Y:20 P:25 SP:FB PPU: NOT IMPLEMENTED YET
C301  D0 FA     BNE $C2FD                       A:20 X:19 Y:1F P:25 SP:FB PPU: NOT IMPLEMENTED YET
C2FD  8D 07 20  STA $2007 = 00                  A:20 X:19 Y:1F P:25 SP:FB PPU: NOT IMPLEMENTED YET
C300  88        DEY                             A:20 X:19 Y:1F P:25 SP:FB PPU: NOT IMPLEMENTED YET
C301  D0 FA     BNE $C2FD                       A:20 X:19 Y:1E P:25 SP:FB PPU: NOT IMPLEMENTED YET
C2FD  8D 07 20  STA $2007 = 00                  A:20 X:19 Y:1E P:25 SP:FB PPU: NOT IMPLEMENTED YET
C300  88        DEY                             A:20 X:19 Y:1E P:25 SP:FB PPU: NOT IMPLEMENTED YET
C301  D0 FA     BNE $C2FD                       A:20 X:19 Y:1D P:25 SP:FB PPU: NOT IMPLEMENTED YET
C2FD  8D 07 20  STA $2007 = 00                  A:20 X:19 Y:1D P:25 SP:FB PPU: NOT IMPLEMENTED YET
C300  88        DEY                             A:20 X:19 Y:1D P:25 SP:FB PPU: NOT IMPLEMENTED YET
C301  D0 FA     BNE $C2FD                       A:20 X:19 Y:1C P:25 SP:FB PPU: NOT IMPLEMENTED YET
C2FD  8D 07 20  STA $2007 = 00                  A:20 X:19 Y:1C P:25 SP:FB PPU: NOT IMPLEMENTED YET
C300  88        DEY                             A:20 X:19 Y:1C P:25 SP:FB PPU: NOT IMPLEMENTED YET
C301  D0 FA     BNE $C2FD                       A:20 X:19 Y:1B P:25 SP:FB PPU: NOT IMPLEMENTED YET
C2FD  8D 07 20  STA $2007 = 00                  A:20 X:19 Y:1B P:25 SP:FB PPU: NOT IMPLEMENTED YET
C300  88        DEY                             A:20 X:19 Y:1B P:25 SP:FB PPU: NOT IMPLEMENTED YET
C301  D0 FA     BNE $C2FD                       A:20 X:19 Y:1A P:25 SP:FB PPU: NOT IMPLEMENTED YET
C2FD  8D 07 20  STA $2007 = 00                  A:20 X:19 Y:1A P:25 SP:FB PPU: NOT IMPLEMENTED YET
C300  88        DEY                             A:20 X:19 Y:1A P:25 SP:FB PPU: NOT IMPLEMENTED YET
C301  D0 FA     BNE $C2FD                       A:20 X:19 Y:19 P:25 SP:FB PPU: NOT IMPLEMENTED YET
C2FD  8D 07 20  STA $2007 = 00                  A:20 X:19 Y:19 P:25 SP:FB PPU: NOT IMPLEMENTED YET
C300  88        DEY                             A:20 X:19 Y:19 P:25 SP:FB PPU: NOT IMPLEMENTED YET
C301  D0 FA     BNE $C2FD                       A:20 X:19 Y:18 P:25 SP:FB PPU: NOT IMPLEMENTED YET
C2FD  8D 07 20  STA $2007 = 00                  A:20 X:19 Y:18 P:25 SP:FB PPU: NOT IMPLEMENTED YET
C300  88        DEY                             A:20 X:19 Y:18 P:25 SP:FB PPU: NOT IMPLEMENTED YET
C301  D0 FA     BNE $C2FD                       A:20 X:19 Y:17 P:25 SP:FB PPU: NOT IMPLEMENTED YET
C2FD  8D 07 20  STA $2007 = 00                  A:20 X:19 Y:17 P:25 SP:FB PPU: NOT IMPLEMENTED YET
C300  88        DEY                             A:20 X:19 Y:17 P:25 SP:FB PPU: NOT IMPLEMENTED YET
C301  D0 FA     BNE $C2FD                       A:20 X:19 Y:16 P:25 SP:FB PPU: NOT IMPLEMENTED YET
C2FD  8D 07 20  STA $2007 = 00                  A:20 X:19 Y:16 P:25 SP:FB PPU: NOT IMPLEMENTED YET
C300  88        DEY                             A:20 X:19 Y:16 P:25 SP:FB PPU: NOT IMPLEMENTED YET
C301  D0 FA     BNE $C2FD                       A:20 X:19 Y:15 P:25 SP:FB PPU: NOT IMPLEMENTED YET
C2FD  8D 07 20  STA $2007 = 00                  A:20 X:19 Y:15 P:25 SP:FB PPU: NOT IMPLEMENTED YET
C300  88        DEY                             A:20 X:19 Y:15 P:25 SP:FB PPU: NOT IMPLEMENTED YET
C301  D0 FA     BNE $C2FD                       A:20 X:19 Y:14 P:25 SP:FB PPU: NOT IMPLEMENTED YET
C2FD  8D 07 20  STA $2007 = 00                  A:20 X:19 Y:14 P:25 SP:FB PPU: NOT IMPLEMENTED YET
C300  88        DEY                             A:20 X:19 Y:14 P:25 SP:FB PPU: NOT IMPLEMENTED YET
C301  D0 FA     BNE $C2FD                       A:20 X:19 Y:13 P:25 SP:FB PPU: NOT IMPLEMENTED YET
C2FD  8D 07 20  STA $2007 = 00                  A:20 X:19 Y:13 P:25 SP:FB PPU: NOT IMPLEMENTED YET
C300  88        DEY                             A:20 X:19 Y:13 P:25 SP:FB PPU: NOT IMPLEMENTED YET
C301  D0 FA     BNE $C2FD                       A:20 X:19 Y:12 P:25 SP:FB PPU: NOT IMPLEMENTED YET
C2FD  8D 07 20  STA $2007 = 00                  A:20 X:19 Y:12 P:25 SP:FB PPU: NOT IMPLEMENTED YET
C300  88        DEY                             A:20 X:19 Y:12 P:25 SP:FB PPU: NOT IMPLEMENTED YET
C301  D0 FA     BNE $C2FD                       A:20 X:19 Y:11 P:25 SP:FB PPU: NOT IMPLEMENTED YET
C2FD  8D 07 20  STA $2007 = 00                  A:20 X:19 Y:11 P:25 SP:FB PPU: NOT IMPLEMENTED YET
C300  88        DEY                             A:20 X:19 Y:11 P:25 SP:FB PPU: NOT IMPLEMENTED YET
C301  D0 FA     BNE $C2FD                       A:20 X:19 Y:10 P:25 SP:FB PPU: NOT IMPLEMENTED YET
C2FD  8D 07 20  STA $2007 = 00                  A:20 X:19 Y:10 P:25 SP:FB PPU: NOT IMPLEMENTED YET
C300  88        DEY                             A:20 X:19 Y:10 P:25 SP:FB PPU: NOT IMPLEMENTED YET
C301  D0 FA     BNE $C2FD                       A:20 X:19 Y:0F P:25 SP:FB PPU: NOT IMPLEMENTED YET
C2FD  8D 07 20  STA $2007 = 00                  A:20 X:19 Y:0F P:25 SP:FB PPU: NOT IMPLEMENTED YET
C300  88        DEY                             A:20 X:19 Y:0F P:25 SP:FB PPU: NOT IMPLEMENTED YET
C301  D0 FA     BNE $C2FD                       A:20 X:19 Y:0E P:25 SP:FB PPU: NOT IMPLEMENTED YET
C2FD  8D 07 20  STA $2007 = 00                  A:20 X:19 Y:0E P:25 SP:FB PPU: NOT IMPLEMENTED YET
C300  88        DEY                             A:20 X:19 Y:0E P:25 SP:FB PPU: NOT IMPLEMENTED YET
C301  D0 FA     BNE $C2FD                       A:20 X:19 Y:0D P:25 SP:FB PPU: NOT IMPLEMENTED YET
C2FD  8D 07 20  STA $2007 = 00                  A:20 X:19 Y:0D P:25 SP:FB PPU: NOT IMPLEMENTED YET
C300  88        DEY                             A:20 X:19 Y:0D P:25 SP:FB PPU: NOT IMPLEMENTED YET
C301  D0 FA     BNE $C2FD                       A:20 X:19 Y:0C P:25 SP:FB PPU: NOT IMPLEMENTED YET
C2FD  8D 07 20  STA $2007 = 00                  A:20 X:19 Y:0C P:25 SP:FB PPU: NOT IMPLEMENTED YET
C300  88        DEY                             A:20 X:19 Y:0C P:25 SP:FB PPU: NOT IMPLEMENTED YET
C301  D0 FA     BNE $C2FD                       A:20 X:19 Y:0B P:25 SP:FB PPU: NOT IMPLEMENTED YET
C2FD  8D 07 20  STA $2007 = 00                  A:20 X:19 Y:0B P:25 SP:FB PPU: NOT IMPLEMENTED YET
C300  88        DEY                             A:20 X:19 Y:0B P:25 SP:FB PPU: NOT IMPLEMENTED YET
C301  D0 FA     BNE $C2FD                       A:20 X:19 Y:0A P:25 SP:FB PPU: NOT IMPLEMENTED YET
C2FD  8D 07 20  STA $2007 = 00                  A:20 X:19 Y:0A P:25 SP:FB PPU: NOT IMPLEMENTED YET
C300  88        DEY                             A:20 X:19 Y:0A P:25 SP:FB PPU: NOT IMPLEMENTED YET
C301  D0 FA     BNE $C2FD                       A:20 X:19 Y:09 P:25 SP:FB PPU: NOT IMPLEMENTED YET
C2FD  8D 07 20  STA $2007 = 00                  A:20 X:19 Y:09 P:25 SP:FB PPU: NOT IMPLEMENTED YET
C300  88        DEY                             A:20 X:19 Y:09 P:25 SP:FB PPU: NOT IMPLEMENTED YET
C301  D0 FA     BNE $C2FD                       A:20 X:19 Y:08 P:25 SP:FB PPU: NOT IMPLEMENTED YET
C2FD  8D 07 20  STA $2007 = 00                  A:20 X:19 Y:08 P:25 SP:FB PPU: NOT IMPLEMENTED YET
C300  88        DEY                             A:20 X:19 Y:08 P:25 SP:FB PPU: NOT IMPLEMENTED YET
C301  D0 FA     BNE $C2FD                       A:20 X:19 Y:07 P:25 SP:FB PPU: NOT IMPLEMENTED YET
C2FD  8D 07 20  STA $2007 = 00                  A:20 X:19 Y:07 P:25 SP:FB PPU: NOT IMPLEMENTED YET
C300  88        DEY                             A:20 X:19 Y:07 P:25 SP:FB PPU: NOT IMPLEMENTED YET
C301  D0 FA     BNE $C2FD                       A:20 X:19 Y:06 P:25 SP:FB PPU: NOT IMPLEMENTED YET
C2FD  8D 07 20  STA $2007 = 00                  A:20 X:19 Y:06 P:25 SP:FB PPU: NOT IMPLEMENTED YET
C300  88        DEY                             A:20 X:19 Y:06 P:25 SP:FB PPU: NOT IMPLEMENTED YET
C301  D0 FA     BNE $C2FD                       A:20 X:19 Y:05 P:25 SP:FB PPU: NOT IMPLEMENTED YET
C2FD  8D 07 20  STA $2007 = 00                  A:20 X:19 Y:05 P:25 SP:FB PPU: NOT IMPLEMENTED YET
C300  88        DEY                             A:20 X:19 Y:05 P:25 SP:FB PPU: NOT IMPLEMENTED YET
C301  D0 FA     BNE $C2FD                       A:20 X:19 Y:04 P:25 SP:FB PPU: NOT IMPLEMENTED YET
C2FD  8D 07 20  STA $2007 = 00                  A:20 X:19 Y:04 P:25 SP:FB PPU: NOT IMPLEMENTED YET
C300  88        DEY                             A:20 X:19 Y:04 P:25 SP:FB PPU: NOT IMPLEMENTED YET
C301  D0 FA     BNE $C2FD                       A:20 X:19 Y:03 P:25 SP:FB PPU: NOT IMPLEMENTED YET
C2FD  8D 07 20  STA $2007 = 00                  A:20 X:19 Y:03 P:25 SP:FB PPU: NOT IMPLEMENTED YET
C300  88        DEY                             A:20 X:19 Y:03 P:25 SP:FB PPU: NOT IMPLEMENTED YET
C301  D0 FA     BNE $C2FD                       A:20 X:19 Y:02 P:25 SP:FB PPU: NOT IMPLEMENTED YET
C2FD  8D 07 20  STA $2007 = 00                  A:20 X:19 Y:02 P:25 SP:FB PPU: NOT IMPLEMENTED YET
C300  88        DEY                             A:20 X:19 Y:02 P:25 SP:FB PPU: NOT IMPLEMENTED YET
C301  D0 FA     BNE $C2FD                       A:20 X:19 Y:01 P:25 SP:FB PPU: NOT IMPLEMENTED YET
C2FD  8D 07 20  STA $2007 = 00                  A:20 X:19 Y:01 P:25 SP:FB PPU: NOT IMPLEMENTED YET
C300  88        DEY                             A:20 X:19 Y:01 P:25 SP:FB PPU: NOT IMPLEMENTED YET
C301  D0 FA     BNE $C2FD                       A:20 X:19 Y:00 P:27 SP:FB PPU: NOT IMPLEMENTED YET
C303  CA        DEX                             A:20 X:19 Y:00 P:27 SP:FB PPU: NOT IMPLEMENTED YET
C304  D0 F5     BNE $C2FB                       A:20 X:18 Y:00 P:25 SP:FB PPU: NOT IMPLEMENTED YET
C2FB  A0 20     LDY #$20                        A:20 X:18 Y:00 P:25 SP:FB PPU: NOT IMPLEMENTED YET
C2FD  8D 07 20  STA $2007 = 00                  A:20 X:18 Y:20 P:25 SP:FB PPU: NOT IMPLEMENTED YET
C300  88        DEY                             A:20 X:18 Y:20 P:25 SP:FB PPU: NOT IMPLEMENTED YET
C301  D0 FA     BNE $C2FD                       A:20 X:18 Y:1F P:25 SP:FB PPU: NOT IMPLEMENTED YET
C2FD  8D 07 20  STA $2007 = 00                  A:20 X:18 Y:1F P:25 SP:FB PPU: NOT IMPLEMENTED YET
C300  88        DEY                             A:20 X:18 Y:1F P:25 SP:FB PPU: NOT IMPLEMENTED YET
C301  D0 FA     BNE $C2FD                       A:20 X:18 Y:1E P:25 SP:FB PPU: NOT IMPLEMENTED YET
C2FD  8D 07 20  STA $2007 = 00                  A:20 X:18 Y:1E P:25 SP:FB PPU: NOT IMPLEMENTED YET
C300  88        DEY                             A:20 X:18 Y:1E P:25 SP:FB PPU: NOT IMPLEMENTED YET
C301  D0 FA     BNE $C2FD                       A:20 X:18 Y:1D P:25 SP:FB PPU: NOT IMPLEMENTED YET
C2FD  8D 07 20  STA $2007 = 00                  A:20 X:18 Y:1D P:25 SP:FB PPU: NOT IMPLEMENTED YET
C300  88        DEY                             A:20 X:18 Y:1D P:25 SP:FB PPU: NOT IMPLEMENTED YET
C301  D0 FA     BNE $C2FD                       A:20 X:18 Y:1C P:25 SP:FB PPU: NOT IMPLEMENTED YET
C2FD  8D 07 20  STA $2007 = 00                  A:20 X:18 Y:1C P:25 SP:FB PPU: NOT IMPLEMENTED YET
C300  88        DEY                             A:20 X:18 Y:1C P:25 SP:FB PPU: NOT IMPLEMENTED YET
C301  D0 FA     BNE $C2FD                       A:20 X:18 Y:1B P:25 SP:FB PPU: NOT IMPLEMENTED YET
C2FD  8D 07 20  STA $2007 = 00                  A:20 X:18 Y:1B P:25 SP:FB PPU: NOT IMPLEMENTED YET
C300  88        DEY                             A:20 X:18 Y:1B P:25 SP:FB PPU: NOT IMPLEMENTED YET
C301  D0 FA     BNE $C2FD                       A:20 X:18 Y:1A P:25 SP:FB PPU: NOT IMPLEMENTED YET
C2FD  8D 07 20  STA $2007 = 00                  A:20 X:18 Y:1A P:25 SP:FB PPU: NOT IMPLEMENTED YET
C300  88        DEY                             A:20 X:18 Y:1A P:25 SP:FB PPU: NOT IMPLEMENTED YET
C301  D0 FA     BNE $C2FD                       A:20 X:18 Y:19 P:25 SP:FB PPU: NOT IMPLEMENTED YET
C2FD  8D 07 20  STA $2007 = 00                  A:20 X:18 Y:19 P:25 SP:FB PPU: NOT IMPLEMENTED YET
C300  88        DEY                             A:20 X:18 Y:19 P:25 SP:FB PPU: NOT IMPLEMENTED YET
C301  D0 FA     BNE $C2FD                       A:20 X:18 Y:18 P:25 SP:FB PPU: NOT IMPLEMENTED YET
C2FD  8D 07 20  STA $2007 = 00                  A:20 X:18 Y:18 P:25 SP:FB PPU: NOT IMPLEMENTED YET
C300  88        DEY                             A:20 X:18 Y:18 P:25 SP:FB PPU: NOT IMPLEMENTED YET
C301  D0 FA     BNE $C2FD                       A:20 X:18 Y:17 P:25 SP:FB PPU: NOT IMPLEMENTED YET
C2FD  8D 07 20  STA $2007 = 00                  A:20 X:18 Y:17 P:25 SP:FB PPU: NOT IMPLEMENTED YET
C300  88        DEY                             A:20 X:18 Y:17 P:25 SP:FB PPU: NOT IMPLEMENTED YET
C301  D0 FA     BNE $C2FD                       A:20 X:18 Y:16 P:25 SP:FB PPU: NOT IMPLEMENTED YET
C2FD  8D 07 20  STA $2007 = 00                  A:20 X:18 Y:16 P:25 SP:FB PPU: NOT IMPLEMENTED YET
C300  88        DEY                             A:20 X:18 Y:16 P:25 SP:FB PPU: NOT IMPLEMENTED YET
C301  D0 FA     BNE $C2FD                       A:20 X:18 Y:15 P:25 SP:FB PPU: NOT IMPLEMENTED YET
C2FD  8D 07 20  STA $2007 = 00                  A:20 X:18 Y:15 P:25 SP:FB PPU: NOT IMPLEMENTED YET
C300  88        DEY                             A:20 X:18 Y:15 P:25 SP:FB PPU: NOT IMPLEMENTED YET
C301  D0 FA     BNE $C2FD                       A:20 X:18 Y:14 P:25 SP:FB PPU: NOT IMPLEMENTED YET
C2FD  8D 07 20  STA $2007 = 00                  A:20 X:18 Y:14 P:25 SP:FB PPU: NOT IMPLEMENTED YET
C300  88        DEY                             A:20 X:18 Y:14 P:25 SP:FB PPU: NOT IMPLEMENTED YET
C301  D0 FA     BNE $C2FD                       A:20 X:18 Y:13 P:25 SP:FB PPU: NOT IMPLEMENTED YET
C2FD  8D 07 20  STA $2007 = 00                  A:20 X:18 Y:13 P:25 SP:FB PPU: NOT IMPLEMENTED YET
C300  88        DEY                             A:20 X:18 Y:13 P:25 SP:FB PPU: NOT IMPLEMENTED YET
C301  D0 FA     BNE $C2FD                       A:20 X:18 Y:12 P:25 SP:FB PPU: NOT IMPLEMENTED YET
C2FD  8D 07 20  STA $2007 = 00                  A:20 X:18 Y:12 P:25 SP:FB PPU: NOT IMPLEMENTED YET
C300  88        DEY                             A:20 X:18 Y:12 P:25 SP:FB PPU: NOT IMPLEMENTED YET
C301  D0 FA     BNE $C2FD                       A:20 X:18 Y:11 P:25 SP:FB PPU: NOT IMPLEMENTED YET
C2FD  8D 07 20  STA $2007 = 00                  A:20 X:18 Y:11 P:25 SP:FB PPU: NOT IMPLEMENTED YET
C300  88        DEY                             A:20 X:18 Y:11 P:25 SP:FB PPU: NOT IMPLEMENTED YET
C301  D0 FA     BNE $C2FD                       A:20 X:18 Y:10 P:25 SP:FB PPU: NOT IMPLEMENTED YET
C2FD  8D 07 20  STA $2007 = 00                  A:20 X:18 Y:10 P:25 SP:FB PPU: NOT IMPLEMENTED YET
C300  88        DEY                             A:20 X:18 Y:10 P:25 SP:FB PPU: NOT IMPLEMENTED YET
C301  D0 FA     BNE $C2FD                       A:20 X:18 Y:0F P:25 SP:FB PPU: NOT IMPLEMENTED YET
C2FD  8D 07 20  STA $2007 = 00                  A:20 X:18 Y:0F P:25 SP:FB PPU: NOT IMPLEMENTED YET
C300  88        DEY                             A:20 X:18 Y:0F P:25 SP:FB PPU: NOT IMPLEMENTED YET
C301  D0 FA     BNE $C2FD                       A:20 X:18 Y:0E P:25 SP:FB PPU: NOT IMPLEMENTED YET
C2FD  8D 07 20  STA $2007 = 00                  A:20 X:18 Y:0E P:25 SP:FB PPU: NOT IMPLEMENTED YET
C300  88        DEY                             A:20 X:18 Y:0E P:25 SP:FB PPU: NOT IMPLEMENTED YET
C301  D0 FA     BNE $C2FD                       A:20 X:18 Y:0D P:25 SP:FB PPU: NOT IMPLEMENTED YET
C2FD  8D 07 20  STA $2007 = 00                  A:20 X:18 Y:0D P:25 SP:FB PPU: NOT IMPLEMENTED YET
C300  88        DEY                             A:20 X:18 Y:0D P:25 SP:FB PPU: NOT IMPLEMENTED YET
C301  D0 FA     BNE $C2FD                       A:20 X:18 Y:0C P:25 SP:FB PPU: NOT IMPLEMENTED YET
C2FD  8D 07 20  STA $2007 = 00                  A:20 X:18 Y:0C P:25 SP:FB PPU: NOT IMPLEMENTED YET
C300  88        DEY                             A:20 X:18 Y:0C P:25 SP:FB PPU: NOT IMPLEMENTED YET
C301  D0 FA     BNE $C2FD                       A:20 X:18 Y:0B P:25 SP:FB PPU: NOT IMPLEMENTED YET
C2FD  8D 07 20  STA $2007 = 00                  A:20 X:18 Y:0B P:25 SP:FB PPU: NOT IMPLEMENTED YET
C300  88        DEY                             A:20 X:18 Y:0B P:25 SP:FB PPU: NOT IMPLEMENTED YET
C301  D0 FA     BNE $C2FD                       A:20 X:18 Y:0A P:25 SP:FB PPU: NOT IMPLEMENTED YET
C2FD  8D 07 20  STA $2007 = 00                  A:20 X:18 Y:0A P:25 SP:FB PPU: NOT IMPLEMENTED YET
C300  88        DEY                             A:20 X:18 Y:0A P:25 SP:FB PPU: NOT IMPLEMENTED YET
C301  D0 FA     BNE $C2FD                       A:20 X:18 Y:09 P:25 SP:FB PPU: NOT IMPLEMENTED YET
C2FD  8D 07 20  STA $2007 = 00                  A:20 X:18 Y:09 P:25 SP:FB PPU: NOT IMPLEMENTED YET
C300  88        DEY                             A:20 X:18 Y:09 P:25 SP:FB PPU: NOT IMPLEMENTED YET
C301  D0 FA     BNE $C2FD                       A:20 X:18 Y:08 P:25 SP:FB PPU: NOT IMPLEMENTED YET
C2FD  8D 07 20  STA $2007 = 00                  A:20 X:18 Y:08 P:25 SP:FB PPU: NOT IMPLEMENTED YET
C300  88        DEY                             A:20 X:18 Y:08 P:25 SP:FB PPU: NOT IMPLEMENTED YET
C301  D0 FA     BNE $C2FD                       A:20 X:18 Y:07 P:25 SP:FB PPU: NOT IMPLEMENTED YET
C2FD  8D 07 20  STA $2007 = 00                  A:20 X:18 Y:07 P:25 SP:FB PPU: NOT IMPLEMENTED YET
C300  88        DEY                             A:20 X:18 Y:07 P:25 SP:FB PPU: NOT IMPLEMENTED YET
C301  D0 FA     BNE $C2FD                       A:20 X:18 Y:06 P:25 SP:FB PPU: NOT IMPLEMENTED YET
C2FD  8D 07 20  STA $2007 = 00                  A:20 X:18 Y:06 P:25 SP:FB PPU: NOT IMPLEMENTED YET
C300  88        DEY                             A:20 X:18 Y:06 P:25 SP:FB PPU: NOT IMPLEMENTED YET
C301  D0 FA     BNE $C2FD                       A:20 X:18 Y:05 P:25 SP:FB PPU: NOT IMPLEMENTED YET
C2FD  8D 07 20  STA $2007 = 00                  A:20 X:18 Y:05 P:25 SP:FB PPU: NOT IMPLEMENTED YET
C300  88        DEY                             A:20 X:18 Y:05 P:25 SP:FB PPU: NOT IMPLEMENTED YET
C301  D0 FA     BNE $C2FD                       A:20 X:18 Y:04 P:25 SP:FB PPU: NOT IMPLEMENTED YET
C2FD  8D 07 20  STA $2007 = 00                  A:20 X:18 Y:04 P:25 SP:FB PPU: NOT IMPLEMENTED YET
C300  88        DEY                             A:20 X:18 Y:04 P:25 SP:FB PPU: NOT IMPLEMENTED YET
C301  D0 FA     BNE $C2FD                       A:20 X:18 Y:03 P:25 SP:FB PPU: NOT IMPLEMENTED YET
C2FD  8D 07 20  STA $2007 = 00                  A:20 X:18 Y:03 P:25 SP:FB PPU: NOT IMPLEMENTED YET
C300  88        DEY                             A:20 X:18 Y:03 P:25 SP:FB PPU: NOT IMPLEMENTED YET
C301  D0 FA     BNE $C2FD                       A:20 X:18 Y:02 P:25 SP:FB PPU: NOT IMPLEMENTED YET
C2FD  8D 07 20  STA $2007 = 00                  A:20 X:18 Y:02 P:25 SP:FB PPU: NOT IMPLEMENTED YET
C300  88        DEY                             A:20 X:18 Y:02 P:25 SP:FB PPU: NOT IMPLEMENTED YET
C301  D0 FA     BNE $C2FD                       A:20 X:18 Y:01 P:25 SP:FB PPU: NOT IMPLEMENTED YET
C2FD  8D 07 20  STA $2007 = 00                  A:20 X:18 Y:01 P:25 SP:FB PPU: NOT IMPLEMENTED YET
C300  88        DEY                             A:20 X:18 Y:01 P:25 SP:FB PPU: NOT IMPLEMENTED YET
C301  D0 FA     BNE $C2FD                       A:20 X:18 Y:00 P:27 SP:FB PPU: NOT IMPLEMENTED YET
C303  CA        DEX                             A:20 X:18 Y:00 P:27 SP:FB PPU: NOT IMPLEMENTED YET
C304  D0 F5     BNE $C2FB                       A:20 X:17 Y:00 P:25 SP:FB PPU: NOT IMPLEMENTED YET
C2FB  A0 20     LDY #$20                        A:20 X:17 Y:00 P:25 SP:FB PPU: NOT IMPLEMENTED YET
C2FD  8D 07 20  STA $2007 = 00                  A:20 X:17 Y:20 P:25 SP:FB PPU: NOT IMPLEMENTED YET
C300  88        DEY                             A:20 X:17 Y:20 P:25 SP:FB PPU: NOT IMPLEMENTED YET
C301  D0 FA     BNE $C2FD                       A:20 X:17 Y:1F P:25 SP:FB PPU: NOT IMPLEMENTED YET
C2FD  8D 07 20  STA $2007 = 00                  A:20 X:17 Y:1F P:25 SP:FB PPU: NOT IMPLEMENTED YET
C300  88        DEY                             A:20 X:17 Y:1F P:25 SP:FB PPU: NOT IMPLEMENTED YET
C301  D0 FA     BNE $C2FD                       A:20 X:17 Y:1E P:25 SP:FB PPU: NOT IMPLEMENTED YET
C2FD  8D 07 20  STA $2007 = 00                  A:20 X:17 Y:1E P:25 SP:FB PPU: NOT IMPLEMENTED YET
C300  88        DEY                             A:20 X:17 Y:1E P:25 SP:FB PPU: NOT IMPLEMENTED YET
C301  D0 FA     BNE $C2FD                       A:20 X:17 Y:1D P:25 SP:FB PPU: NOT IMPLEMENTED YET
C2FD  8D 07 20  STA $2007 = 00                  A:20 X:17 Y:1D P:25 SP:FB PPU: NOT IMPLEMENTED YET
C300  88        DEY                             A:20 X:17 Y:1D P:25 SP:FB PPU: NOT IMPLEMENTED YET
C301  D0 FA     BNE $C2FD                       A:20 X:17 Y:1C P:25 SP:FB PPU: NOT IMPLEMENTED YET
C2FD  8D 07 20  STA $2007 = 00                  A:20 X:17 Y:1C P:25 SP:FB PPU: NOT IMPLEMENTED YET
C300  88        DEY                             A:20 X:17 Y:1C P:25 SP:FB PPU: NOT IMPLEMENTED YET
C301  D0 FA     BNE $C2FD                       A:20 X:17 Y:1B P:25 SP:FB PPU: NOT IMPLEMENTED YET
C2FD  8D 07 20  STA $2007 = 00                  A:20 X:17 Y:1B P:25 SP:FB PPU: NOT IMPLEMENTED YET
C300  88        DEY                             A:20 X:17 Y:1B P:25 SP:FB PPU: NOT IMPLEMENTED YET
C301  D0 FA     BNE $C2FD                       A:20 X:17 Y:1A P:25 SP:FB PPU: NOT IMPLEMENTED YET
C2FD  8D 07 20  STA $2007 = 00                  A:20 X:17 Y:1A P:25 SP:FB PPU: NOT IMPLEMENTED YET
C300  88        DEY                             A:20 X:17 Y:1A P:25 SP:FB PPU: NOT IMPLEMENTED YET
C301  D0 FA     BNE $C2FD                       A:20 X:17 Y:19 P:25 SP:FB PPU: NOT IMPLEMENTED YET
C2FD  8D 07 20  STA $2007 = 00                  A:20 X:17 Y:19 P:25 SP:FB PPU: NOT IMPLEMENTED YET
C300  88        DEY                             A:20 X:17 Y:19 P:25 SP:FB PPU: NOT IMPLEMENTED YET
C301  D0 FA     BNE $C2FD                       A:20 X:17 Y:18 P:25 SP:FB PPU: NOT IMPLEMENTED YET
C2FD  8D 07 20  STA $2007 = 00                  A:20 X:17 Y:18 P:25 SP:FB PPU: NOT IMPLEMENTED YET
C300  88        DEY                             A:20 X:17 Y:18 P:25 SP:FB PPU: NOT IMPLEMENTED YET
C301  D0 FA     BNE $C2FD                       A:20 X:17 Y:17 P:25 SP:FB PPU: NOT IMPLEMENTED YET
C2FD  8D 07 20  STA $2007 = 00                  A:20 X:17 Y:17 P:25 SP:FB PPU: NOT IMPLEMENTED YET
C300  88        DEY                             A:20 X:17 Y:17 P:25 SP:FB PPU: NOT IMPLEMENTED YET
C301  D0 FA     BNE $C2FD                       A:20 X:17 Y:16 P:25 SP:FB PPU: NOT IMPLEMENTED YET
C2FD  8D 07 20  STA $2007 = 00                  A:20 X:17 Y:16 P:25 SP:FB PPU: NOT IMPLEMENTED YET
C300  88        DEY                             A:20 X:17 Y:16 P:25 SP:FB PPU: NOT IMPLEMENTED YET
C301  D0 FA     BNE $C2FD                       A:20 X:17 Y:15 P:25 SP:FB PPU: NOT IMPLEMENTED YET
C2FD  8D 07 20  STA $2007 = 00                  A:20 X:17 Y:15 P:25 SP:FB PPU: NOT IMPLEMENTED YET
C300  88        DEY                             A:20 X:17 Y:15 P:25 SP:FB PPU: NOT IMPLEMENTED YET
C301  D0 FA     BNE $C2FD                       A:20 X:17 Y:14 P:25 SP:FB PPU: NOT IMPLEMENTED YET
C2FD  8D 07 20  STA $2007 = 00                  A:20 X:17 Y:14 P:25 SP:FB PPU: NOT IMPLEMENTED YET
C300  88        DEY                             A:20 X:17 Y:14 P:25 SP:FB PPU: NOT IMPLEMENTED YET
C301  D0 FA     BNE $C2FD                       A:20 X:17 Y:13 P:25 SP:FB PPU: NOT IMPLEMENTED YET
C2FD  8D 07 20  STA $2007 = 00                  A:20 X:17 Y:13 P:25 SP:FB PPU: NOT IMPLEMENTED YET
C300  88        DEY                             A:20 X:17 Y:13 P:25 SP:FB PPU: NOT IMPLEMENTED YET
C301  D0 FA     BNE $C2FD                       A:20 X:17 Y:12 P:25 SP:FB PPU: NOT IMPLEMENTED YET
C2FD  8D 07 20  STA $2007 = 00                  A:20 X:17 Y:12 P:25 SP:FB PPU: NOT IMPLEMENTED YET
C300  88        DEY                             A:20 X:17 Y:12 P:25 SP:FB PPU: NOT IMPLEMENTED YET
C301  D0 FA     BNE $C2FD                       A:20 X:17 Y:11 P:25 SP:FB PPU: NOT IMPLEMENTED YET
C2FD  8D 07 20  STA $2007 = 00                  A:20 X:17 Y:11 P:25 SP:FB PPU: NOT IMPLEMENTED YET
C300  88        DEY                             A:20 X:17 Y:11 P:25 SP:FB PPU: NOT IMPLEMENTED YET
C301  D0 FA     BNE $C2FD                       A:20 X:17 Y:10 P:25 SP:FB PPU: NOT IMPLEMENTED YET
C2FD  8D 07 20  STA $2007 = 00                  A:20 X:17 Y:10 P:25 SP:FB PPU: NOT IMPLEMENTED YET
C300  88        DEY                             A:20 X:17 Y:10 P:25 SP:FB PPU: NOT IMPLEMENTED YET
C301  D0 FA     BNE $C2FD                       A:20 X:17 Y:0F P:25 SP:FB PPU: NOT IMPLEMENTED YET
C2FD  8D 07 20  STA $2007 = 00                  A:20 X:17 Y:0F P:25 SP:FB PPU: NOT IMPLEMENTED YET
C300  88        DEY                             A:20 X:17 Y:0F P:25 SP:FB PPU: NOT IMPLEMENTED YET
C301  D0 FA     BNE $C2FD                       A:20 X:17 Y:0E P:25 SP:FB PPU: NOT IMPLEMENTED YET
C2FD  8D 07 20  STA $2007 = 00                  A:20 X:17 Y:0E P:25 SP:FB PPU: NOT IMPLEMENTED YET
C300  88        DEY                             A:20 X:17 Y:0E P:25 SP:FB PPU: NOT IMPLEMENTED YET
C301  D0 FA     BNE $C2FD                       A:20 X:17 Y:0D P:25 SP:FB PPU: NOT IMPLEMENTED YET
C2FD  8D 07 20  STA $2007 = 00                  A:20 X:17 Y:0D P:25 SP:FB PPU: NOT IMPLEMENTED YET
C300  88        DEY                             A:20 X:17 Y:0D P:25 SP:FB PPU: NOT IMPLEMENTED YET
C301  D0 FA     BNE $C2FD                       A:20 X:17 Y:0C P:25 SP:FB PPU: NOT IMPLEMENTED YET
C2FD  8D 07 20  STA $2007 = 00                  A:20 X:17 Y:0C P:25 SP:FB PPU: NOT IMPLEMENTED YET
C300  88        DEY                             A:20 X:17 Y:0C P:25 SP:FB PPU: NOT IMPLEMENTED YET
C301  D0 FA     BNE $C2FD                       A:20 X:17 Y:0B P:25 SP:FB PPU: NOT IMPLEMENTED YET
C2FD  8D 07 20  STA $2007 = 00                  A:20 X:17 Y:0B P:25 SP:FB PPU: NOT IMPLEMENTED YET
C300  88        DEY                             A:20 X:17 Y:0B P:25 SP:FB PPU: NOT IMPLEMENTED YET
C301  D0 FA     BNE $C2FD                       A:20 X:17 Y:0A P:25 SP:FB PPU: NOT IMPLEMENTED YET
C2FD  8D 07 20  STA $2007 = 00                  A:20 X:17 Y:0A P:25 SP:FB PPU: NOT IMPLEMENTED YET
C300  88        DEY                             A:20 X:17 Y:0A P:25 SP:FB PPU: NOT IMPLEMENTED YET
C301  D0 FA     BNE $C2FD                       A:20 X:17 Y:09 P:25 SP:FB PPU: NOT IMPLEMENTED YET
C2FD  8D 07 20  STA $2007 = 00                  A:20 X:17 Y:09 P:25 SP:FB PPU: NOT IMPLEMENTED YET
C300  88        DEY                             A:20 X:17 Y:09 P:25 SP:FB PPU: NOT IMPLEMENTED YET
C301  D0 FA     BNE $C2FD                       A:20 X:17 Y:08 P:25 SP:FB PPU: NOT IMPLEMENTED YET
C2FD  8D 07 20  STA $2007 = 00                  A:20 X:17 Y:08 P:25 SP:FB PPU: NOT IMPLEMENTED YET
C300  88        DEY                             A:20 X:17 Y:08 P:25 SP:FB PPU: NOT IMPLEMENTED YET
C301  D0 FA     BNE $C2FD                       A:20 X:17 Y:07 P:25 SP:FB PPU: NOT IMPLEMENTED YET
C2FD  8D 07 20  STA $2007 = 00                  A:20 X:17 Y:07 P:25 SP:FB PPU: NOT IMPLEMENTED YET
C300  88        DEY                             A:20 X:17 Y:07 P:25 SP:FB PPU: NOT IMPLEMENTED YET
C301  D0 FA     BNE $C2FD                       A:20 X:17 Y:06 P:25 SP:FB PPU: NOT IMPLEMENTED YET
C2FD  8D 07 20  STA $2007 = 00                  A:20 X:17 Y:06 P:25 SP:FB PPU: NOT IMPLEMENTED YET
C300  88        DEY                             A:20 X:17 Y:06 P:25 SP:FB PPU: NOT IMPLEMENTED YET
C301  D0 FA     BNE $C2FD                       A:20 X:17 Y:05 P:25 SP:FB PPU: NOT IMPLEMENTED YET
C2FD  8D 07 20  STA $2007 = 00                  A:20 X:17 Y:05 P:25 SP:FB PPU: NOT IMPLEMENTED YET
C300  88        DEY                             A:20 X:17 Y:05 P:25 SP:FB PPU: NOT IMPLEMENTED YET
C301  D0 FA     BNE $C2FD                       A:20 X:17 Y:04 P:25 SP:FB PPU: NOT IMPLEMENTED YET
C2FD  8D 07 20  STA $2007 = 00                  A:20 X:17 Y:04 P:25 SP:FB PPU: NOT IMPLEMENTED YET
C300  88        DEY                             A:20 X:17 Y:04 P:25 SP:FB PPU: NOT IMPLEMENTED YET
C301  D0 FA     BNE $C2FD                       A:20 X:17 Y:03 P:25 SP:FB PPU: NOT IMPLEMENTED YET
C2FD  8D 07 20  STA $2007 = 00                  A:20 X:17 Y:03 P:25 SP:FB PPU: NOT IMPLEMENTED YET
C300  88        DEY                             A:20 X:17 Y:03 P:25 SP:FB PPU: NOT IMPLEMENTED YET
C301  D0 FA     BNE $C2FD                       A:20 X:17 Y:02 P:25 SP:FB PPU: NOT IMPLEMENTED YET
C2FD  8D 07 20  STA $2007 = 00                  A:20 X:17 Y:02 P:25 SP:FB PPU: NOT IMPLEMENTED YET
C300  88        DEY                             A:20 X:17 Y:02 P:25 SP:FB PPU: NOT IMPLEMENTED YET
C301  D0 FA     BNE $C2FD                       A:20 X:17 Y:01 P:25 SP:FB PPU: NOT IMPLEMENTED YET
C2FD  8D 07 20  STA $2007 = 00                  A:20 X:17 Y:01 P:25 SP:FB PPU: NOT IMPLEMENTED YET
C300  88        DEY                             A:20 X:17 Y:01 P:25 SP:FB PPU: NOT IMPLEMENTED YET
C301  D0 FA     BNE $C2FD                       A:20 X:17 Y:00 P:27 SP:FB PPU: NOT IMPLEMENTED YET
C303  CA        DEX                             A:20 X:17 Y:00 P:27 SP:FB PPU: NOT IMPLEMENTED YET
C304  D0 F5     BNE $C2FB                       A:20 X:16 Y:00 P:25 SP:FB PPU: NOT IMPLEMENTED YET
C2FB  A0 20     LDY #$20                        A:20 X:16 Y:00 P:25 SP:FB PPU: NOT IMPLEMENTED YET
C2FD  8D 07 20  STA $2007 = 00                  A:20 X:16 Y:20 P:25 SP:FB PPU: NOT IMPLEMENTED YET
C300  88        DEY                             A:20 X:16 Y:20 P:25 SP:FB PPU: NOT IMPLEMENTED YET
C301  D0 FA     BNE $C2FD                       A:20 X:16 Y:1F P:25 SP:FB PPU: NOT IMPLEMENTED YET
C2FD  8D 07 20  STA $2007 = 00                  A:20 X:16 Y:1F P:25 SP:FB PPU: NOT IMPLEMENTED YET
C300  88        DEY                             A:20 X:16 Y:1F P:25 SP:FB PPU: NOT IMPLEMENTED YET
C301  D0 FA     BNE $C2FD                       A:20 X:16 Y:1E P:25 SP:FB PPU: NOT IMPLEMENTED YET
C2FD  8D 07 20  STA $2007 = 00                  A:20 X:16 Y:1E P:25 SP:FB PPU: NOT IMPLEMENTED YET
C300  88        DEY                             A:20 X:16 Y:1E P:25 SP:FB PPU: NOT IMPLEMENTED YET
C301  D0 FA     BNE $C2FD                       A:20 X:16 Y:1D P:25 SP:FB PPU: NOT IMPLEMENTED YET
C2FD  8D 07 20  STA $2007 = 00                  A:20 X:16 Y:1D P:25 SP:FB PPU: NOT IMPLEMENTED YET
C300  88        DEY                             A:20 X:16 Y:1D P:25 SP:FB PPU: NOT IMPLEMENTED YET
C301  D0 FA     BNE $C2FD                       A:20 X:16 Y:1C P:25 SP:FB PPU: NOT IMPLEMENTED YET
C2FD  8D 07 20  STA $2007 = 00                  A:20 X:16 Y:1C P:25 SP:FB PPU: NOT IMPLEMENTED YET
C300  88        DEY                             A:20 X:16 Y:1C P:25 SP:FB PPU: NOT IMPLEMENTED YET
C301  D0 FA     BNE $C2FD                       A:20 X:16 Y:1B P:25 SP:FB PPU: NOT IMPLEMENTED YET
C2FD  8D 07 20  STA $2007 = 00                  A:20 X:16 Y:1B P:25 SP:FB PPU: NOT IMPLEMENTED YET
C300  88        DEY                             A:20 X:16 Y:1B P:25 SP:FB PPU: NOT IMPLEMENTED YET
C301  D0 FA     BNE $C2FD                       A:20 X:16 Y:1A P:25 SP:FB PPU: NOT IMPLEMENTED YET
C2FD  8D 07 20  STA $2007 = 00                  A:20 X:16 Y:1A P:25 SP:FB PPU: NOT IMPLEMENTED YET
C300  88        DEY                             A:20 X:16 Y:1A P:25 SP:FB PPU: NOT IMPLEMENTED YET
C301  D0 FA     BNE $C2FD                       A:20 X:16 Y:19 P:25 SP:FB PPU: NOT IMPLEMENTED YET
C2FD  8D 07 20  STA $2007 = 00                  A:20 X:16 Y:19 P:25 SP:FB PPU: NOT IMPLEMENTED YET
C300  88        DEY                             A:20 X:16 Y:19 P:25 SP:FB PPU: NOT IMPLEMENTED YET
C301  D0 FA     BNE $C2FD                       A:20 X:16 Y:18 P:25 SP:FB PPU: NOT IMPLEMENTED YET
C2FD  8D 07 20  STA $2007 = 00                  A:20 X:16 Y:18 P:25 SP:FB PPU: NOT IMPLEMENTED YET
C300  88        DEY                             A:20 X:16 Y:18 P:25 SP:FB PPU: NOT IMPLEMENTED YET
C301  D0 FA     BNE $C2FD                       A:20 X:16 Y:17 P:25 SP:FB PPU: NOT IMPLEMENTED YET
C2FD  8D 07 20  STA $2007 = 00                  A:20 X:16 Y:17 P:25 SP:FB PPU: NOT IMPLEMENTED YET
C300  88        DEY                             A:20 X:16 Y:17 P:25 SP:FB PPU: NOT IMPLEMENTED YET
C301  D0 FA     BNE $C2FD                       A:20 X:16 Y:16 P:25 SP:FB PPU: NOT IMPLEMENTED YET
C2FD  8D 07 20  STA $2007 = 00                  A:20 X:16 Y:16 P:25 SP:FB PPU: NOT IMPLEMENTED YET
C300  88        DEY                             A:20 X:16 Y:16 P:25 SP:FB PPU: NOT IMPLEMENTED YET
C301  D0 FA     BNE $C2FD                       A:20 X:16 Y:15 P:25 SP:FB PPU: NOT IMPLEMENTED YET
C2FD  8D 07 20  STA $2007 = 00                  A:20 X:16 Y:15 P:25 SP:FB PPU: NOT IMPLEMENTED YET
C300  88        DEY                             A:20 X:16 Y:15 P:25 SP:FB PPU: NOT IMPLEMENTED YET
C301  D0 FA     BNE $C2FD                       A:20 X:16 Y:14 P:25 SP:FB PPU: NOT IMPLEMENTED YET
C2FD  8D 07 20  STA $2007 = 00                  A:20 X:16 Y:14 P:25 SP:FB PPU: NOT IMPLEMENTED YET
C300  88        DEY                             A:20 X:16 Y:14 P:25 SP:FB PPU: NOT IMPLEMENTED YET
C301  D0 FA     BNE $C2FD                       A:20 X:16 Y:13 P:25 SP:FB PPU: NOT IMPLEMENTED YET
C2FD  8D 07 20  STA $2007 = 00                  A:20 X:16 Y:13 P:25 SP:FB PPU: NOT IMPLEMENTED YET
C300  88        DEY                             A:20 X:16 Y:13 P:25 SP:FB PPU: NOT IMPLEMENTED YET
C301  D0 FA     BNE $C2FD                       A:20 X:16 Y:12 P:25 SP:FB PPU: NOT IMPLEMENTED YET
C2FD  8D 07 20  STA $2007 = 00                  A:20 X:16 Y:12 P:25 SP:FB PPU: NOT IMPLEMENTED YET
C300  88        DEY                             A:20 X:16 Y:12 P:25 SP:FB PPU: NOT IMPLEMENTED YET
C301  D0 FA     BNE $C2FD                       A:20 X:16 Y:11 P:25 SP:FB PPU: NOT IMPLEMENTED YET
C2FD  8D 07 20  STA $2007 = 00                  A:20 X:16 Y:11 P:25 SP:FB PPU: NOT IMPLEMENTED YET
C300  88        DEY                             A:20 X:16 Y:11 P:25 SP:FB PPU: NOT IMPLEMENTED YET
C301  D0 FA     BNE $C2FD                       A:20 X:16 Y:10 P:25 SP:FB PPU: NOT IMPLEMENTED YET
C2FD  8D 07 20  STA $2007 = 00                  A:20 X:16 Y:10 P:25 SP:FB PPU: NOT IMPLEMENTED YET
C300  88        DEY                             A:20 X:16 Y:10 P:25 SP:FB PPU: NOT IMPLEMENTED YET
C301  D0 FA     BNE $C2FD                       A:20 X:16 Y:0F P:25 SP:FB PPU: NOT IMPLEMENTED YET
C2FD  8D 07 20  STA $2007 = 00                  A:20 X:16 Y:0F P:25 SP:FB PPU: NOT IMPLEMENTED YET
C300  88        DEY                             A:20 X:16 Y:0F P:25 SP:FB PPU: NOT IMPLEMENTED YET
C301  D0 FA     BNE $C2FD                       A:20 X:16 Y:0E P:25 SP:FB PPU: NOT IMPLEMENTED YET
C2FD  8D 07 20  STA $2007 = 00                  A:20 X:16 Y:0E P:25 SP:FB PPU: NOT IMPLEMENTED YET
C300  88        DEY                             A:20 X:16 Y:0E P:25 SP:FB PPU: NOT IMPLEMENTED YET
C301  D0 FA     BNE $C2FD                       A:20 X:16 Y:0D P:25 SP:FB PPU: NOT IMPLEMENTED YET
C2FD  8D 07 20  STA $2007 = 00                  A:20 X:16 Y:0D P:25 SP:FB PPU: NOT IMPLEMENTED YET
C300  88        DEY                             A:20 X:16 Y:0D P:25 SP:FB PPU: NOT IMPLEMENTED YET
C301  D0 FA     BNE $C2FD                       A:20 X:16 Y:0C P:25 SP:FB PPU: NOT IMPLEMENTED YET
C2FD  8D 07 20  STA $2007 = 00                  A:20 X:16 Y:0C P:25 SP:FB PPU: NOT IMPLEMENTED YET
C300  88        DEY                             A:20 X:16 Y:0C P:25 SP:FB PPU: NOT IMPLEMENTED YET
C301  D0 FA     BNE $C2FD                       A:20 X:16 Y:0B P:25 SP:FB PPU: NOT IMPLEMENTED YET
C2FD  8D 07 20  STA $2007 = 00                  A:20 X:16 Y:0B P:25 SP:FB PPU: NOT IMPLEMENTED YET
C300  88        DEY                             A:20 X:16 Y:0B P:25 SP:FB PPU: NOT IMPLEMENTED YET
C301  D0 FA     BNE $C2FD                       A:20 X:16 Y:0A P:25 SP:FB PPU: NOT IMPLEMENTED YET
C2FD  8D 07 20  STA $2007 = 00                  A:20 X:16 Y:0A P:25 SP:FB PPU: NOT IMPLEMENTED YET
C300  88        DEY                             A:20 X:16 Y:0A P:25 SP:FB PPU: NOT IMPLEMENTED YET
C301  D0 FA     BNE $C2FD                       A:20 X:16 Y:09 P:25 SP:FB PPU: NOT IMPLEMENTED YET
C2FD  8D 07 20  STA $2007 = 00                  A:20 X:16 Y:09 P:25 SP:FB PPU: NOT IMPLEMENTED YET
C300  88        DEY                             A:20 X:16 Y:09 P:25 SP:FB PPU: NOT IMPLEMENTED YET
C301  D0 FA     BNE $C2FD                       A:20 X:16 Y:08 P:25 SP:FB PPU: NOT IMPLEMENTED YET
C2FD  8D 07 20  STA $2007 = 00                  A:20 X:16 Y:08 P:25 SP:FB PPU: NOT IMPLEMENTED YET
C300  88        DEY                             A:20 X:16 Y:08 P:25 SP:FB PPU: NOT IMPLEMENTED YET
C301  D0 FA     BNE $C2FD                       A:20 X:16 Y:07 P:25 SP:FB PPU: NOT IMPLEMENTED YET
C2FD  8D 07 20  STA $2007 = 00                  A:20 X:16 Y:07 P:25 SP:FB PPU: NOT IMPLEMENTED YET
C300  88        DEY                             A:20 X:16 Y:07 P:25 SP:FB PPU: NOT IMPLEMENTED YET
C301  D0 FA     BNE $C2FD                       A:20 X:16 Y:06 P:25 SP:FB PPU: NOT IMPLEMENTED YET
C2FD  8D 07 20  STA $2007 = 00                  A:20 X:16 Y:06 P:25 SP:FB PPU: NOT IMPLEMENTED YET
C300  88        DEY                             A:20 X:16 Y:06 P:25 SP:FB PPU: NOT IMPLEMENTED YET
C301  D0 FA     BNE $C2FD                       A:20 X:16 Y:05 P:25 SP:FB PPU: NOT IMPLEMENTED YET
C2FD  8D 07 20  STA $2007 = 00                  A:20 X:16 Y:05 P:25 SP:FB PPU: NOT IMPLEMENTED YET
C300  88        DEY                             A:20 X:16 Y:05 P:25 SP:FB PPU: NOT IMPLEMENTED YET
C301  D0 FA     BNE $C2FD                       A:20 X:16 Y:04 P:25 SP:FB PPU: NOT IMPLEMENTED YET
C2FD  8D 07 20  STA $2007 = 00                  A:20 X:16 Y:04 P:25 SP:FB PPU: NOT IMPLEMENTED YET
C300  88        DEY                             A:20 X:16 Y:04 P:25 SP:FB PPU: NOT IMPLEMENTED YET
C301  D0 FA     BNE $C2FD                       A:20 X:16 Y:03 P:25 SP:FB PPU: NOT IMPLEMENTED YET
C2FD  8D 07 20  STA $2007 = 00                  A:20 X:16 Y:03 P:25 SP:FB PPU: NOT IMPLEMENTED YET
C300  88        DEY                             A:20 X:16 Y:03 P:25 SP:FB PPU: NOT IMPLEMENTED YET
C301  D0 FA     BNE $C2FD                       A:20 X:16 Y:02 P:25 SP:FB PPU: NOT IMPLEMENTED YET
C2FD  8D 07 20  STA $2007 = 00                  A:20 X:16 Y:02 P:25 SP:FB PPU: NOT IMPLEMENTED YET
C300  88        DEY                             A:20 X:16 Y:02 P:25 SP:FB PPU: NOT IMPLEMENTED YET
C301  D0 FA     BNE $C2FD                       A:20 X:16 Y:01 P:25 SP:FB PPU: NOT IMPLEMENTED YET
C2FD  8D 07 20  STA $2007 = 00                  A:20 X:16 Y:01 P:25 SP:FB PPU: NOT IMPLEMENTED YET
C300  88        DEY                             A:20 X:16 Y:01 P:25 SP:FB PPU: NOT IMPLEMENTED YET
C301  D0 FA     BNE $C2FD                       A:20 X:16 Y:00 P:27 SP:FB PPU: NOT IMPLEMENTED YET
C303  CA        DEX                             A:20 X:16 Y:00 P:27 SP:FB PPU: NOT IMPLEMENTED YET
C304  D0 F5     BNE $C2FB                       A:20 X:15 Y:00 P:25 SP:FB PPU: NOT IMPLEMENTED YET
C2FB  A0 20     LDY #$20                        A:20 X:15 Y:00 P:25 SP:FB PPU: NOT IMPLEMENTED YET
C2FD  8D 07 20  STA $2007 = 00                  A:20 X:15 Y:20 P:25 SP:FB PPU: NOT IMPLEMENTED YET
C300  88        DEY                             A:20 X:15 Y:20 P:25 SP:FB PPU: NOT IMPLEMENTED YET
C301  D0 FA     BNE $C2FD                       A:20 X:15 Y:1F P:25 SP:FB PPU: NOT IMPLEMENTED YET
C2FD  8D 07 20  STA $2007 = 00                  A:20 X:15 Y:1F P:25 SP:FB PPU: NOT IMPLEMENTED YET
C300  88        DEY                             A:20 X:15 Y:1F P:25 SP:FB PPU: NOT IMPLEMENTED YET
C301  D0 FA     BNE $C2FD                       A:20 X:15 Y:1E P:25 SP:FB PPU: NOT IMPLEMENTED YET
C2FD  8D 07 20  STA $2007 = 00                  A:20 X:15 Y:1E P:25 SP:FB PPU: NOT IMPLEMENTED YET
C300  88        DEY                             A:20 X:15 Y:1E P:25 SP:FB PPU: NOT IMPLEMENTED YET
C301  D0 FA     BNE $C2FD                       A:20 X:15 Y:1D P:25 SP:FB PPU: NOT IMPLEMENTED YET
C2FD  8D 07 20  STA $2007 = 00                  A:20 X:15 Y:1D P:25 SP:FB PPU: NOT IMPLEMENTED YET
C300  88        DEY                             A:20 X:15 Y:1D P:25 SP:FB PPU: NOT IMPLEMENTED YET
C301  D0 FA     BNE $C2FD                       A:20 X:15 Y:1C P:25 SP:FB PPU: NOT IMPLEMENTED YET
C2FD  8D 07 20  STA $2007 = 00                  A:20 X:15 Y:1C P:25 SP:FB PPU: NOT IMPLEMENTED YET
C300  88        DEY                             A:20 X:15 Y:1C P:25 SP:FB PPU: NOT IMPLEMENTED YET
C301  D0 FA     BNE $C2FD                       A:20 X:15 Y:1B P:25 SP:FB PPU: NOT IMPLEMENTED YET
C2FD  8D 07 20  STA $2007 = 00                  A:20 X:15 Y:1B P:25 SP:FB PPU: NOT IMPLEMENTED YET
C300  88        DEY                             A:20 X:15 Y:1B P:25 SP:FB PPU: NOT IMPLEMENTED YET
C301  D0 FA     BNE $C2FD                       A:20 X:15 Y:1A P:25 SP:FB PPU: NOT IMPLEMENTED YET
C2FD  8D 07 20  STA $2007 = 00                  A:20 X:15 Y:1A P:25 SP:FB PPU: NOT IMPLEMENTED YET
C300  88        DEY                             A:20 X:15 Y:1A P:25 SP:FB PPU: NOT IMPLEMENTED YET
C301  D0 FA     BNE $C2FD                       A:20 X:15 Y:19 P:25 SP:FB PPU: NOT IMPLEMENTED YET
C2FD  8D 07 20  STA $2007 = 00                  A:20 X:15 Y:19 P:25 SP:FB PPU: NOT IMPLEMENTED YET
C300  88        DEY                             A:20 X:15 Y:19 P:25 SP:FB PPU: NOT IMPLEMENTED YET
C301  D0 FA     BNE $C2FD                       A:20 X:15 Y:18 P:25 SP:FB PPU: NOT IMPLEMENTED YET
C2FD  8D 07 20  STA $2007 = 00                  A:20 X:15 Y:18 P:25 SP:FB PPU: NOT IMPLEMENTED YET
C300  88        DEY                             A:20 X:15 Y:18 P:25 SP:FB PPU: NOT IMPLEMENTED YET
C301  D0 FA     BNE $C2FD                       A:20 X:15 Y:17 P:25 SP:FB PPU: NOT IMPLEMENTED YET
C2FD  8D 07 20  STA $2007 = 00                  A:20 X:15 Y:17 P:25 SP:FB PPU: NOT IMPLEMENTED YET
C300  88        DEY                             A:20 X:15 Y:17 P:25 SP:FB PPU: NOT IMPLEMENTED YET
C301  D0 FA     BNE $C2FD                       A:20 X:15 Y:16 P:25 SP:FB PPU: NOT IMPLEMENTED YET
C2FD  8D 07 20  STA $2007 = 00                  A:20 X:15 Y:16 P:25 SP:FB PPU: NOT IMPLEMENTED YET
C300  88        DEY                             A:20 X:15 Y:16 P:25 SP:FB PPU: NOT IMPLEMENTED YET
C301  D0 FA     BNE $C2FD                       A:20 X:15 Y:15 P:25 SP:FB PPU: NOT IMPLEMENTED YET
C2FD  8D 07 20  STA $2007 = 00                  A:20 X:15 Y:15 P:25 SP:FB PPU: NOT IMPLEMENTED YET
C300  88        DEY                             A:20 X:15 Y:15 P:25 SP:FB PPU: NOT IMPLEMENTED YET
C301  D0 FA     BNE $C2FD                       A:20 X:15 Y:14 P:25 SP:FB PPU: NOT IMPLEMENTED YET
C2FD  8D 07 20  STA $2007 = 00                  A:20 X:15 Y:14 P:25 SP:FB PPU: NOT IMPLEMENTED YET
C300  88        DEY                             A:20 X:15 Y:14 P:25 SP:FB PPU: NOT IMPLEMENTED YET
C301  D0 FA     BNE $C2FD                       A:20 X:15 Y:13 P:25 SP:FB PPU: NOT IMPLEMENTED YET
C2FD  8D 07 20  STA $2007 = 00                  A:20 X:15 Y:13 P:25 SP:FB PPU: NOT IMPLEMENTED YET
C300  88        DEY                             A:20 X:15 Y:13 P:25 SP:FB PPU: NOT IMPLEMENTED YET
C301  D0 FA     BNE $C2FD                       A:20 X:15 Y:12 P:25 SP:FB PPU: NOT IMPLEMENTED YET
C2FD  8D 07 20  STA $2007 = 00                  A:20 X:15 Y:12 P:25 SP:FB PPU: NOT IMPLEMENTED YET
C300  88        DEY                             A:20 X:15 Y:12 P:25 SP:FB PPU: NOT IMPLEMENTED YET
C301  D0 FA     BNE $C2FD                       A:20 X:15 Y:11 P:25 SP:FB PPU: NOT IMPLEMENTED YET
C2FD  8D 07 20  STA $2007 = 00                  A:20 X:15 Y:11 P:25 SP:FB PPU: NOT IMPLEMENTED YET
C300  88        DEY                             A:20 X:15 Y:11 P:25 SP:FB PPU: NOT IMPLEMENTED YET
C301  D0 FA     BNE $C2FD                       A:20 X:15 Y:10 P:25 SP:FB PPU: NOT IMPLEMENTED YET
C2FD  8D 07 20  STA $2007 = 00                  A:20 X:15 Y:10 P:25 SP:FB PPU: NOT IMPLEMENTED YET
C300  88        DEY                             A:20 X:15 Y:10 P:25 SP:FB PPU: NOT IMPLEMENTED YET
C301  D0 FA     BNE $C2FD                       A:20 X:15 Y:0F P:25 SP:FB PPU: NOT IMPLEMENTED YET
C2FD  8D 07 20  STA $2007 = 00                  A:20 X:15 Y:0F P:25 SP:FB PPU: NOT IMPLEMENTED YET
C300  88        DEY                             A:20 X:15 Y:0F P:25 SP:FB PPU: NOT IMPLEMENTED YET
C301  D0 FA     BNE $C2FD                       A:20 X:15 Y:0E P:25 SP:FB PPU: NOT IMPLEMENTED YET
C2FD  8D 07 20  STA $2007 = 00                  A:20 X:15 Y:0E P:25 SP:FB PPU: NOT IMPLEMENTED YET
C300  88        DEY                             A:20 X:15 Y:0E P:25 SP:FB PPU: NOT IMPLEMENTED YET
C301  D0 FA     BNE $C2FD                       A:20 X:15 Y:0D P:25 SP:FB PPU: NOT IMPLEMENTED YET
C2FD  8D 07 20  STA $2007 = 00                  A:20 X:15 Y:0D P:25 SP:FB PPU: NOT IMPLEMENTED YET
C300  88        DEY                             A:20 X:15 Y:0D P:25 SP:FB PPU: NOT IMPLEMENTED YET
C301  D0 FA     BNE $C2FD                       A:20 X:15 Y:0C P:25 SP:FB PPU: NOT IMPLEMENTED YET
C2FD  8D 07 20  STA $2007 = 00                  A:20 X:15 Y:0C P:25 SP:FB PPU: NOT IMPLEMENTED YET
C300  88        DEY                             A:20 X:15 Y:0C P:25 SP:FB PPU: NOT IMPLEMENTED YET
C301  D0 FA     BNE $C2FD                       A:20 X:15 Y:0B P:25 SP:FB PPU: NOT IMPLEMENTED YET
C2FD  8D 07 20  STA $2007 = 00                  A:20 X:15 Y:0B P:25 SP:FB PPU: NOT IMPLEMENTED YET
C300  88        DEY                             A:20 X:15 Y:0B P:25 SP:FB PPU: NOT IMPLEMENTED YET
C301  D0 FA     BNE $C2FD                       A:20 X:15 Y:0A P:25 SP:FB PPU: NOT IMPLEMENTED YET
C2FD  8D 07 20  STA $2007 = 00                  A:20 X:15 Y:0A P:25 SP:FB PPU: NOT IMPLEMENTED YET
C300  88        DEY                             A:20 X:15 Y:0A P:25 SP:FB PPU: NOT IMPLEMENTED YET
C301  D0 FA     BNE $C2FD                       A:20 X:15 Y:09 P:25 SP:FB PPU: NOT IMPLEMENTED YET
C2FD  8D 07 20  STA $2007 = 00                  A:20 X:15 Y:09 P:25 SP:FB PPU: NOT IMPLEMENTED YET
C300  88        DEY                             A:20 X:15 Y:09 P:25 SP:FB PPU: NOT IMPLEMENTED YET
C301  D0 FA     BNE $C2FD                       A:20 X:15 Y:08 P:25 SP:FB PPU: NOT IMPLEMENTED YET
C2FD  8D 07 20  STA $2007 = 00                  A:20 X:15 Y:08 P:25 SP:FB PPU: NOT IMPLEMENTED YET
C300  88        DEY                             A:20 X:15 Y:08 P:25 SP:FB PPU: NOT IMPLEMENTED YET
C301  D0 FA     BNE $C2FD                       A:20 X:15 Y:07 P:25 SP:FB PPU: NOT IMPLEMENTED YET
C2FD  8D 07 20  STA $2007 = 00                  A:20 X:15 Y:07 P:25 SP:FB PPU: NOT IMPLEMENTED YET
C300  88        DEY                             A:20 X:15 Y:07 P:25 SP:FB PPU: NOT IMPLEMENTED YET
C301  D0 FA     BNE $C2FD                       A:20 X:15 Y:06 P:25 SP:FB PPU: NOT IMPLEMENTED YET
C2FD  8D 07 20  STA $2007 = 00                  A:20 X:15 Y:06 P:25 SP:FB PPU: NOT IMPLEMENTED YET
C300  88        DEY                             A:20 X:15 Y:06 P:25 SP:FB PPU: NOT IMPLEMENTED YET
C301  D0 FA     BNE $C2FD                       A:20 X:15 Y:05 P:25 SP:FB PPU: NOT IMPLEMENTED YET
C2FD  8D 07 20  STA $2007 = 00                  A:20 X:15 Y:05 P:25 SP:FB PPU: NOT IMPLEMENTED YET
C300  88        DEY                             A:20 X:15 Y:05 P:25 SP:FB PPU: NOT IMPLEMENTED YET
C301  D0 FA     BNE $C2FD                       A:20 X:15 Y:04 P:25 SP:FB PPU: NOT IMPLEMENTED YET
C2FD  8D 07 20  STA $2007 = 00                  A:20 X:15 Y:04 P:25 SP:FB PPU: NOT IMPLEMENTED YET
C300  88        DEY                             A:20 X:15 Y:04 P:25 SP:FB PPU: NOT IMPLEMENTED YET
C301  D0 FA     BNE $C2FD                       A:20 X:15 Y:03 P:25 SP:FB PPU: NOT IMPLEMENTED YET
C2FD  8D 07 20  STA $2007 = 00                  A:20 X:15 Y:03 P:25 SP:FB PPU: NOT IMPLEMENTED YET
C300  88        DEY                             A:20 X:15 Y:03 P:25 SP:FB PPU: NOT IMPLEMENTED YET
C301  D0 FA     BNE $C2FD                       A:20 X:15 Y:02 P:25 SP:FB PPU: NOT IMPLEMENTED YET
C2FD  8D 07 20  STA $2007 = 00                  A:20 X:15 Y:02 P:25 SP:FB PPU: NOT IMPLEMENTED YET
C300  88        DEY                             A:20 X:15 Y:02 P:25 SP:FB PPU: NOT IMPLEMENTED YET
C301  D0 FA     BNE $C2FD                       A:20 X:15 Y:01 P:25 SP:FB PPU: NOT IMPLEMENTED YET
C2FD  8D 07 20  STA $2007 = 00                  A:20 X:15 Y:01 P:25 SP:FB PPU: NOT IMPLEMENTED YET
C300  88        DEY                             A:20 X:15 Y:01 P:25 SP:FB PPU: NOT IMPLEMENTED YET
C301  D0 FA     BNE $C2FD                       A:20 X:15 Y:00 P:27 SP:FB PPU: NOT IMPLEMENTED YET
C303  CA        DEX                             A:20 X:15 Y:00 P:27 SP:FB PPU: NOT IMPLEMENTED YET
C304  D0 F5     BNE $C2FB                       A:20 X:14 Y:00 P:25 SP:FB PPU: NOT IMPLEMENTED YET
C2FB  A0 20     LDY #$20                        A:20 X:14 Y:00 P:25 SP:FB PPU: NOT IMPLEMENTED YET
C2FD  8D 07 20  STA $2007 = 00                  A:20 X:14 Y:20 P:25 SP:FB PPU: NOT IMPLEMENTED YET
C300  88        DEY                             A:20 X:14 Y:20 P:25 SP:FB PPU: NOT IMPLEMENTED YET
C301  D0 FA     BNE $C2FD                       A:20 X:14 Y:1F P:25 SP:FB PPU: NOT IMPLEMENTED YET
C2FD  8D 07 20  STA $2007 = 00                  A:20 X:14 Y:1F P:25 SP:FB PPU: NOT IMPLEMENTED YET
C300  88        DEY                             A:20 X:14 Y:1F P:25 SP:FB PPU: NOT IMPLEMENTED YET
C301  D0 FA     BNE $C2FD                       A:20 X:14 Y:1E P:25 SP:FB PPU: NOT IMPLEMENTED YET
C2FD  8D 07 20  STA $2007 = 00                  A:20 X:14 Y:1E P:25 SP:FB PPU: NOT IMPLEMENTED YET
C300  88        DEY                             A:20 X:14 Y:1E P:25 SP:FB PPU: NOT IMPLEMENTED YET
C301  D0 FA     BNE $C2FD                       A:20 X:14 Y:1D P:25 SP:FB PPU: NOT IMPLEMENTED YET
C2FD  8D 07 20  STA $2007 = 00                  A:20 X:14 Y:1D P:25 SP:FB PPU: NOT IMPLEMENTED YET
C300  88        DEY                             A:20 X:14 Y:1D P:25 SP:FB PPU: NOT IMPLEMENTED YET
C301  D0 FA     BNE $C2FD                       A:20 X:14 Y:1C P:25 SP:FB PPU: NOT IMPLEMENTED YET
C2FD  8D 07 20  STA $2007 = 00                  A:20 X:14 Y:1C P:25 SP:FB PPU: NOT IMPLEMENTED YET
C300  88        DEY                             A:20 X:14 Y:1C P:25 SP:FB PPU: NOT IMPLEMENTED YET
C301  D0 FA     BNE $C2FD                       A:20 X:14 Y:1B P:25 SP:FB PPU: NOT IMPLEMENTED YET
C2FD  8D 07 20  STA $2007 = 00                  A:20 X:14 Y:1B P:25 SP:FB PPU: NOT IMPLEMENTED YET
C300  88        DEY                             A:20 X:14 Y:1B P:25 SP:FB PPU: NOT IMPLEMENTED YET
C301  D0 FA     BNE $C2FD                       A:20 X:14 Y:1A P:25 SP:FB PPU: NOT IMPLEMENTED YET
C2FD  8D 07 20  STA $2007 = 00                  A:20 X:14 Y:1A P:25 SP:FB PPU: NOT IMPLEMENTED YET
C300  88        DEY                             A:20 X:14 Y:1A P:25 SP:FB PPU: NOT IMPLEMENTED YET
C301  D0 FA     BNE $C2FD                       A:20 X:14 Y:19 P:25 SP:FB PPU: NOT IMPLEMENTED YET
C2FD  8D 07 20  STA $2007 = 00                  A:20 X:14 Y:19 P:25 SP:FB PPU: NOT IMPLEMENTED YET
C300  88        DEY                             A:20 X:14 Y:19 P:25 SP:FB PPU: NOT IMPLEMENTED YET
C301  D0 FA     BNE $C2FD                       A:20 X:14 Y:18 P:25 SP:FB PPU: NOT IMPLEMENTED YET
C2FD  8D 07 20  STA $2007 = 00                  A:20 X:14 Y:18 P:25 SP:FB PPU: NOT IMPLEMENTED YET
C300  88        DEY                             A:20 X:14 Y:18 P:25 SP:FB PPU: NOT IMPLEMENTED YET
C301  D0 FA     BNE $C2FD                       A:20 X:14 Y:17 P:25 SP:FB PPU: NOT IMPLEMENTED YET
C2FD  8D 07 20  STA $2007 = 00                  A:20 X:14 Y:17 P:25 SP:FB PPU: NOT IMPLEMENTED YET
C300  88        DEY                             A:20 X:14 Y:17 P:25 SP:FB PPU: NOT IMPLEMENTED YET
C301  D0 FA     BNE $C2FD                       A:20 X:14 Y:16 P:25 SP:FB PPU: NOT IMPLEMENTED YET
C2FD  8D 07 20  STA $2007 = 00                  A:20 X:14 Y:16 P:25 SP:FB PPU: NOT IMPLEMENTED YET
C300  88        DEY                             A:20 X:14 Y:16 P:25 SP:FB PPU: NOT IMPLEMENTED YET
C301  D0 FA     BNE $C2FD                       A:20 X:14 Y:15 P:25 SP:FB PPU: NOT IMPLEMENTED YET
C2FD  8D 07 20  STA $2007 = 00                  A:20 X:14 Y:15 P:25 SP:FB PPU: NOT IMPLEMENTED YET
C300  88        DEY                             A:20 X:14 Y:15 P:25 SP:FB PPU: NOT IMPLEMENTED YET
C301  D0 FA     BNE $C2FD                       A:20 X:14 Y:14 P:25 SP:FB PPU: NOT IMPLEMENTED YET
C2FD  8D 07 20  STA $2007 = 00                  A:20 X:14 Y:14 P:25 SP:FB PPU: NOT IMPLEMENTED YET
C300  88        DEY                             A:20 X:14 Y:14 P:25 SP:FB PPU: NOT IMPLEMENTED YET
C301  D0 FA     BNE $C2FD                       A:20 X:14 Y:13 P:25 SP:FB PPU: NOT IMPLEMENTED YET
C2FD  8D 07 20  STA $2007 = 00                  A:20 X:14 Y:13 P:25 SP:FB PPU: NOT IMPLEMENTED YET
C300  88        DEY                             A:20 X:14 Y:13 P:25 SP:FB PPU: NOT IMPLEMENTED YET
C301  D0 FA     BNE $C2FD                       A:20 X:14 Y:12 P:25 SP:FB PPU: NOT IMPLEMENTED YET
C2FD  8D 07 20  STA $2007 = 00                  A:20 X:14 Y:12 P:25 SP:FB PPU: NOT IMPLEMENTED YET
C300  88        DEY                             A:20 X:14 Y:12 P:25 SP:FB PPU: NOT IMPLEMENTED YET
C301  D0 FA     BNE $C2FD                       A:20 X:14 Y:11 P:25 SP:FB PPU: NOT IMPLEMENTED YET
C2FD  8D 07 20  STA $2007 = 00                  A:20 X:14 Y:11 P:25 SP:FB PPU: NOT IMPLEMENTED YET
C300  88        DEY                             A:20 X:14 Y:11 P:25 SP:FB PPU: NOT IMPLEMENTED YET
C301  D0 FA     BNE $C2FD                       A:20 X:14 Y:10 P:25 SP:FB PPU: NOT IMPLEMENTED YET
C2FD  8D 07 20  STA $2007 = 00                  A:20 X:14 Y:10 P:25 SP:FB PPU: NOT IMPLEMENTED YET
C300  88        DEY                             A:20 X:14 Y:10 P:25 SP:FB PPU: NOT IMPLEMENTED YET
C301  D0 FA     BNE $C2FD                       A:20 X:14 Y:0F P:25 SP:FB PPU: NOT IMPLEMENTED YET
C2FD  8D 07 20  STA $2007 = 00                  A:20 X:14 Y:0F P:25 SP:FB PPU: NOT IMPLEMENTED YET
C300  88        DEY                             A:20 X:14 Y:0F P:25 SP:FB PPU: NOT IMPLEMENTED YET
C301  D0 FA     BNE $C2FD                       A:20 X:14 Y:0E P:25 SP:FB PPU: NOT IMPLEMENTED YET
C2FD  8D 07 20  STA $2007 = 00                  A:20 X:14 Y:0E P:25 SP:FB PPU: NOT IMPLEMENTED YET
C300  88        DEY                             A:20 X:14 Y:0E P:25 SP:FB PPU: NOT IMPLEMENTED YET
C301  D0 FA     BNE $C2FD                       A:20 X:14 Y:0D P:25 SP:FB PPU: NOT IMPLEMENTED YET
C2FD  8D 07 20  STA $2007 = 00                  A:20 X:14 Y:0D P:25 SP:FB PPU: NOT IMPLEMENTED YET
C300  88        DEY                             A:20 X:14 Y:0D P:25 SP:FB PPU: NOT IMPLEMENTED YET
C301  D0 FA     BNE $C2FD                       A:20 X:14 Y:0C P:25 SP:FB PPU: NOT IMPLEMENTED YET
C2FD  8D 07 20  STA $2007 = 00                  A:20 X:14 Y:0C P:25 SP:FB PPU: NOT IMPLEMENTED YET
C300  88        DEY                             A:20 X:14 Y:0C P:25 SP:FB PPU: NOT IMPLEMENTED YET
C301  D0 FA     BNE $C2FD                       A:20 X:14 Y:0B P:25 SP:FB PPU: NOT IMPLEMENTED YET
C2FD  8D 07 20  STA $2007 = 00                  A:20 X:14 Y:0B P:25 SP:FB PPU: NOT IMPLEMENTED YET
C300  88        DEY                             A:20 X:14 Y:0B P:25 SP:FB PPU: NOT IMPLEMENTED YET
C301  D0 FA     BNE $C2FD                       A:20 X:14 Y:0A P:25 SP:FB PPU: NOT IMPLEMENTED YET
C2FD  8D 07 20  STA $2007 = 00                  A:20 X:14 Y:0A P:25 SP:FB PPU: NOT IMPLEMENTED YET
C300  88        DEY                             A:20 X:14 Y:0A P:25 SP:FB PPU: NOT IMPLEMENTED YET
C301  D0 FA     BNE $C2FD                       A:20 X:14 Y:09 P:25 SP:FB PPU: NOT IMPLEMENTED YET
C2FD  8D 07 20  STA $2007 = 00                  A:20 X:14 Y:09 P:25 SP:FB PPU: NOT IMPLEMENTED YET
C300  88        DEY                             A:20 X:14 Y:09 P:25 SP:FB PPU: NOT IMPLEMENTED YET
C301  D0 FA     BNE $C2FD                       A:20 X:14 Y:08 P:25 SP:FB PPU: NOT IMPLEMENTED YET
C2FD  8D 07 20  STA $2007 = 00                  A:20 X:14 Y:08 P:25 SP:FB PPU: NOT IMPLEMENTED YET
C300  88        DEY                             A:20 X:14 Y:08 P:25 SP:FB PPU: NOT IMPLEMENTED YET
C301  D0 FA     BNE $C2FD                       A:20 X:14 Y:07 P:25 SP:FB PPU: NOT IMPLEMENTED YET
C2FD  8D 07 20  STA $2007 = 00                  A:20 X:14 Y:07 P:25 SP:FB PPU: NOT IMPLEMENTED YET
C300  88        DEY                             A:20 X:14 Y:07 P:25 SP:FB PPU: NOT IMPLEMENTED YET
C301  D0 FA     BNE $C2FD                       A:20 X:14 Y:06 P:25 SP:FB PPU: NOT IMPLEMENTED YET
C2FD  8D 07 20  STA $2007 = 00                  A:20 X:14 Y:06 P:25 SP:FB PPU: NOT IMPLEMENTED YET
C300  88        DEY                             A:20 X:14 Y:06 P:25 SP:FB PPU: NOT IMPLEMENTED YET
C301  D0 FA     BNE $C2FD                       A:20 X:14 Y:05 P:25 SP:FB PPU: NOT IMPLEMENTED YET
C2FD  8D 07 20  STA $2007 = 00                  A:20 X:14 Y:05 P:25 SP:FB PPU: NOT IMPLEMENTED YET
C300  88        DEY                             A:20 X:14 Y:05 P:25 SP:FB PPU: NOT IMPLEMENTED YET
C301  D0 FA     BNE $C2FD                       A:20 X:14 Y:04 P:25 SP:FB PPU: NOT IMPLEMENTED YET
C2FD  8D 07 20  STA $2007 = 00                  A:20 X:14 Y:04 P:25 SP:FB PPU: NOT IMPLEMENTED YET
C300  88        DEY                             A:20 X:14 Y:04 P:25 SP:FB PPU: NOT IMPLEMENTED YET
C301  D0 FA     BNE $C2FD                       A:20 X:14 Y:03 P:25 SP:FB PPU: NOT IMPLEMENTED YET
C2FD  8D 07 20  STA $2007 = 00                  A:20 X:14 Y:03 P:25 SP:FB PPU: NOT IMPLEMENTED YET
C300  88        DEY                             A:20 X:14 Y:03 P:25 SP:FB PPU: NOT IMPLEMENTED YET
C301  D0 FA     BNE $C2FD                       A:20 X:14 Y:02 P:25 SP:FB PPU: NOT IMPLEMENTED YET
C2FD  8D 07 20  STA $2007 = 00                  A:20 X:14 Y:02 P:25 SP:FB PPU: NOT IMPLEMENTED YET
C300  88        DEY                             A:20 X:14 Y:02 P:25 SP:FB PPU: NOT IMPLEMENTED YET
C301  D0 FA     BNE $C2FD                       A:20 X:14 Y:01 P:25 SP:FB PPU: NOT IMPLEMENTED YET
C2FD  8D 07 20  STA $2007 = 00                  A:20 X:14 Y:01 P:25 SP:FB PPU: NOT IMPLEMENTED YET
C300  88        DEY                             A:20 X:14 Y:01 P:25 SP:FB PPU: NOT IMPLEMENTED YET
C301  D0 FA     BNE $C2FD                       A:20 X:14 Y:00 P:27 SP:FB PPU: NOT IMPLEMENTED YET
C303  CA        DEX                             A:20 X:14 Y:00 P:27 SP:FB PPU: NOT IMPLEMENTED YET
C304  D0 F5     BNE $C2FB                       A:20 X:13 Y:00 P:25 SP:FB PPU: NOT IMPLEMENTED YET
C2FB  A0 20     LDY #$20                        A:20 X:13 Y:00 P:25 SP:FB PPU: NOT IMPLEMENTED YET
C2FD  8D 07 20  STA $2007 = 00                  A:20 X:13 Y:20 P:25 SP:FB PPU: NOT IMPLEMENTED YET
C300  88        DEY                             A:20 X:13 Y:20 P:25 SP:FB PPU: NOT IMPLEMENTED YET
C301  D0 FA     BNE $C2FD                       A:20 X:13 Y:1F P:25 SP:FB PPU: NOT IMPLEMENTED YET
C2FD  8D 07 20  STA $2007 = 00                  A:20 X:13 Y:1F P:25 SP:FB PPU: NOT IMPLEMENTED YET
C300  88        DEY                             A:20 X:13 Y:1F P:25 SP:FB PPU: NOT IMPLEMENTED YET
C301  D0 FA     BNE $C2FD                       A:20 X:13 Y:1E P:25 SP:FB PPU: NOT IMPLEMENTED YET
C2FD  8D 07 20  STA $2007 = 00                  A:20 X:13 Y:1E P:25 SP:FB PPU: NOT IMPLEMENTED YET
C300  88        DEY                             A:20 X:13 Y:1E P:25 SP:FB PPU: NOT IMPLEMENTED YET
C301  D0 FA     BNE $C2FD                       A:20 X:13 Y:1D P:25 SP:FB PPU: NOT IMPLEMENTED YET
C2FD  8D 07 20  STA $2007 = 00                  A:20 X:13 Y:1D P:25 SP:FB PPU: NOT IMPLEMENTED YET
C300  88        DEY                             A:20 X:13 Y:1D P:25 SP:FB PPU: NOT IMPLEMENTED YET
C301  D0 FA     BNE $C2FD                       A:20 X:13 Y:1C P:25 SP:FB PPU: NOT IMPLEMENTED YET
C2FD  8D 07 20  STA $2007 = 00                  A:20 X:13 Y:1C P:25 SP:FB PPU: NOT IMPLEMENTED YET
C300  88        DEY                             A:20 X:13 Y:1C P:25 SP:FB PPU: NOT IMPLEMENTED YET
C301  D0 FA     BNE $C2FD                       A:20 X:13 Y:1B P:25 SP:FB PPU: NOT IMPLEMENTED YET
C2FD  8D 07 20  STA $2007 = 00                  A:20 X:13 Y:1B P:25 SP:FB PPU: NOT IMPLEMENTED YET
C300  88        DEY                             A:20 X:13 Y:1B P:25 SP:FB PPU: NOT IMPLEMENTED YET
C301  D0 FA     BNE $C2FD                       A:20 X:13 Y:1A P:25 SP:FB PPU: NOT IMPLEMENTED YET
C2FD  8D 07 20  STA $2007 = 00                  A:20 X:13 Y:1A P:25 SP:FB PPU: NOT IMPLEMENTED YET
C300  88        DEY                             A:20 X:13 Y:1A P:25 SP:FB PPU: NOT IMPLEMENTED YET
C301  D0 FA     BNE $C2FD                       A:20 X:13 Y:19 P:25 SP:FB PPU: NOT IMPLEMENTED YET
C2FD  8D 07 20  STA $2007 = 00                  A:20 X:13 Y:19 P:25 SP:FB PPU: NOT IMPLEMENTED YET
C300  88        DEY                             A:20 X:13 Y:19 P:25 SP:FB PPU: NOT IMPLEMENTED YET
C301  D0 FA     BNE $C2FD                       A:20 X:13 Y:18 P:25 SP:FB PPU: NOT IMPLEMENTED YET
C2FD  8D 07 20  STA $2007 = 00                  A:20 X:13 Y:18 P:25 SP:FB PPU: NOT IMPLEMENTED YET
C300  88        DEY                             A:20 X:13 Y:18 P:25 SP:FB PPU: NOT IMPLEMENTED YET
C301  D0 FA     BNE $C2FD                       A:20 X:13 Y:17 P:25 SP:FB PPU: NOT IMPLEMENTED YET
C2FD  8D 07 20  STA $2007 = 00                  A:20 X:13 Y:17 P:25 SP:FB PPU: NOT IMPLEMENTED YET
C300  88        DEY                             A:20 X:13 Y:17 P:25 SP:FB PPU: NOT IMPLEMENTED YET
C301  D0 FA     BNE $C2FD                       A:20 X:13 Y:16 P:25 SP:FB PPU: NOT IMPLEMENTED YET
C2FD  8D 07 20  STA $2007 = 00                  A:20 X:13 Y:16 P:25 SP:FB PPU: NOT IMPLEMENTED YET
C300  88        DEY                             A:20 X:13 Y:16 P:25 SP:FB PPU: NOT IMPLEMENTED YET
C301  D0 FA     BNE $C2FD                       A:20 X:13 Y:15 P:25 SP:FB PPU: NOT IMPLEMENTED YET
C2FD  8D 07 20  STA $2007 = 00                  A:20 X:13 Y:15 P:25 SP:FB PPU: NOT IMPLEMENTED YET
C300  88        DEY                             A:20 X:13 Y:15 P:25 SP:FB PPU: NOT IMPLEMENTED YET
C301  D0 FA     BNE $C2FD                       A:20 X:13 Y:14 P:25 SP:FB PPU: NOT IMPLEMENTED YET
C2FD  8D 07 20  STA $2007 = 00                  A:20 X:13 Y:14 P:25 SP:FB PPU: NOT IMPLEMENTED YET
C300  88        DEY                             A:20 X:13 Y:14 P:25 SP:FB PPU: NOT IMPLEMENTED YET
C301  D0 FA     BNE $C2FD                       A:20 X:13 Y:13 P:25 SP:FB PPU: NOT IMPLEMENTED YET
C2FD  8D 07 20  STA $2007 = 00                  A:20 X:13 Y:13 P:25 SP:FB PPU: NOT IMPLEMENTED YET
C300  88        DEY                             A:20 X:13 Y:13 P:25 SP:FB PPU: NOT IMPLEMENTED YET
C301  D0 FA     BNE $C2FD                       A:20 X:13 Y:12 P:25 SP:FB PPU: NOT IMPLEMENTED YET
C2FD  8D 07 20  STA $2007 = 00                  A:20 X:13 Y:12 P:25 SP:FB PPU: NOT IMPLEMENTED YET
C300  88        DEY                             A:20 X:13 Y:12 P:25 SP:FB PPU: NOT IMPLEMENTED YET
C301  D0 FA     BNE $C2FD                       A:20 X:13 Y:11 P:25 SP:FB PPU: NOT IMPLEMENTED YET
C2FD  8D 07 20  STA $2007 = 00                  A:20 X:13 Y:11 P:25 SP:FB PPU: NOT IMPLEMENTED YET
C300  88        DEY                             A:20 X:13 Y:11 P:25 SP:FB PPU: NOT IMPLEMENTED YET
C301  D0 FA     BNE $C2FD                       A:20 X:13 Y:10 P:25 SP:FB PPU: NOT IMPLEMENTED YET
C2FD  8D 07 20  STA $2007 = 00                  A:20 X:13 Y:10 P:25 SP:FB PPU: NOT IMPLEMENTED YET
C300  88        DEY                             A:20 X:13 Y:10 P:25 SP:FB PPU: NOT IMPLEMENTED YET
C301  D0 FA     BNE $C2FD                       A:20 X:13 Y:0F P:25 SP:FB PPU: NOT IMPLEMENTED YET
C2FD  8D 07 20  STA $2007 = 00                  A:20 X:13 Y:0F P:25 SP:FB PPU: NOT IMPLEMENTED YET
C300  88        DEY                             A:20 X:13 Y:0F P:25 SP:FB PPU: NOT IMPLEMENTED YET
C301  D0 FA     BNE $C2FD                       A:20 X:13 Y:0E P:25 SP:FB PPU: NOT IMPLEMENTED YET
C2FD  8D 07 20  STA $2007 = 00                  A:20 X:13 Y:0E P:25 SP:FB PPU: NOT IMPLEMENTED YET
C300  88        DEY                             A:20 X:13 Y:0E P:25 SP:FB PPU: NOT IMPLEMENTED YET
C301  D0 FA     BNE $C2FD                       A:20 X:13 Y:0D P:25 SP:FB PPU: NOT IMPLEMENTED YET
C2FD  8D 07 20  STA $2007 = 00                  A:20 X:13 Y:0D P:25 SP:FB PPU: NOT IMPLEMENTED YET
C300  88        DEY                             A:20 X:13 Y:0D P:25 SP:FB PPU: NOT IMPLEMENTED YET
C301  D0 FA     BNE $C2FD                       A:20 X:13 Y:0C P:25 SP:FB PPU: NOT IMPLEMENTED YET
C2FD  8D 07 20  STA $2007 = 00                  A:20 X:13 Y:0C P:25 SP:FB PPU: NOT IMPLEMENTED YET
C300  88        DEY                             A:20 X:13 Y:0C P:25 SP:FB PPU: NOT IMPLEMENTED YET
C301  D0 FA     BNE $C2FD                       A:20 X:13 Y:0B P:25 SP:FB PPU: NOT IMPLEMENTED YET
C2FD  8D 07 20  STA $2007 = 00                  A:20 X:13 Y:0B P:25 SP:FB PPU: NOT IMPLEMENTED YET
C300  88        DEY                             A:20 X:13 Y:0B P:25 SP:FB PPU: NOT IMPLEMENTED YET
C301  D0 FA     BNE $C2FD                       A:20 X:13 Y:0A P:25 SP:FB PPU: NOT IMPLEMENTED YET
C2FD  8D 07 20  STA $2007 = 00                  A:20 X:13 Y:0A P:25 SP:FB PPU: NOT IMPLEMENTED YET
C300  88        DEY                             A:20 X:13 Y:0A P:25 SP:FB PPU: NOT IMPLEMENTED YET
C301  D0 FA     BNE $C2FD                       A:20 X:13 Y:09 P:25 SP:FB PPU: NOT IMPLEMENTED YET
C2FD  8D 07 20  STA $2007 = 00                  A:20 X:13 Y:09 P:25 SP:FB PPU: NOT IMPLEMENTED YET
C300  88        DEY                             A:20 X:13 Y:09 P:25 SP:FB PPU: NOT IMPLEMENTED YET
C301  D0 FA     BNE $C2FD                       A:20 X:13 Y:08 P:25 SP:FB PPU: NOT IMPLEMENTED YET
C2FD  8D 07 20  STA $2007 = 00                  A:20 X:13 Y:08 P:25 SP:FB PPU: NOT IMPLEMENTED YET
C300  88        DEY                             A:20 X:13 Y:08 P:25 SP:FB PPU: NOT IMPLEMENTED YET
C301  D0 FA     BNE $C2FD                       A:20 X:13 Y:07 P:25 SP:FB PPU: NOT IMPLEMENTED YET
C2FD  8D 07 20  STA $2007 = 00                  A:20 X:13 Y:07 P:25 SP:FB PPU: NOT IMPLEMENTED YET
C300  88        DEY                             A:20 X:13 Y:07 P:25 SP:FB PPU: NOT IMPLEMENTED YET
C301  D0 FA     BNE $C2FD                       A:20 X:13 Y:06 P:25 SP:FB PPU: NOT IMPLEMENTED YET
C2FD  8D 07 20  STA $2007 = 00                  A:20 X:13 Y:06 P:25 SP:FB PPU: NOT IMPLEMENTED YET
C300  88        DEY                             A:20 X:13 Y:06 P:25 SP:FB PPU: NOT IMPLEMENTED YET
C301  D0 FA     BNE $C2FD                       A:20 X:13 Y:05 P:25 SP:FB PPU: NOT IMPLEMENTED YET
C2FD  8D 07 20  STA $2007 = 00                  A:20 X:13 Y:05 P:25 SP:FB PPU: NOT IMPLEMENTED YET
C300  88        DEY                             A:20 X:13 Y:05 P:25 SP:FB PPU: NOT IMPLEMENTED YET
C301  D0 FA     BNE $C2FD                       A:20 X:13 Y:04 P:25 SP:FB PPU: NOT IMPLEMENTED YET
C2FD  8D 07 20  STA $2007 = 00                  A:20 X:13 Y:04 P:25 SP:FB PPU: NOT IMPLEMENTED YET
C300  88        DEY                             A:20 X:13 Y:04 P:25 SP:FB PPU: NOT IMPLEMENTED YET
C301  D0 FA     BNE $C2FD                       A:20 X:13 Y:03 P:25 SP:FB PPU: NOT IMPLEMENTED YET
C2FD  8D 07 20  STA $2007 = 00                  A:20 X:13 Y:03 P:25 SP:FB PPU: NOT IMPLEMENTED YET
C300  88        DEY                             A:20 X:13 Y:03 P:25 SP:FB PPU: NOT IMPLEMENTED YET
C301  D0 FA     BNE $C2FD                       A:20 X:13 Y:02 P:25 SP:FB PPU: NOT IMPLEMENTED YET
C2FD  8D 07 20  STA $2007 = 00                  A:20 X:13 Y:02 P:25 SP:FB PPU: NOT IMPLEMENTED YET
C300  88        DEY                             A:20 X:13 Y:02 P:25 SP:FB PPU: NOT IMPLEMENTED YET
C301  D0 FA     BNE $C2FD                       A:20 X:13 Y:01 P:25 SP:FB PPU: NOT IMPLEMENTED YET
C2FD  8D 07 20  STA $2007 = 00                  A:20 X:13 Y:01 P:25 SP:FB PPU: NOT IMPLEMENTED YET
C300  88        DEY                             A:20 X:13 Y:01 P:25 SP:FB PPU: NOT IMPLEMENTED YET
C301  D0 FA     BNE $C2FD                       A:20 X:13 Y:00 P:27 SP:FB PPU: NOT IMPLEMENTED YET
C303  CA        DEX                             A:20 X:13 Y:00 P:27 SP:FB PPU: NOT IMPLEMENTED YET
C304  D0 F5     BNE $C2FB                       A:20 X:12 Y:00 P:25 SP:FB PPU: NOT IMPLEMENTED YET
C2FB  A0 20     LDY #$20                        A:20 X:12 Y:00 P:25 SP:FB PPU: NOT IMPLEMENTED YET
C2FD  8D 07 20  STA $2007 = 00                  A:20 X:12 Y:20 P:25 SP:FB PPU: NOT IMPLEMENTED YET
C300  88        DEY                             A:20 X:12 Y:20 P:25 SP:FB PPU: NOT IMPLEMENTED YET
C301  D0 FA     BNE $C2FD                       A:20 X:12 Y:1F P:25 SP:FB PPU: NOT IMPLEMENTED YET
C2FD  8D 07 20  STA $2007 = 00                  A:20 X:12 Y:1F P:25 SP:FB PPU: NOT IMPLEMENTED YET
C300  88        DEY                             A:20 X:12 Y:1F P:25 SP:FB PPU: NOT IMPLEMENTED YET
C301  D0 FA     BNE $C2FD                       A:20 X:12 Y:1E P:25 SP:FB PPU: NOT IMPLEMENTED YET
C2FD  8D 07 20  STA $2007 = 00                  A:20 X:12 Y:1E P:25 SP:FB PPU: NOT IMPLEMENTED YET
C300  88        DEY                             A:20 X:12 Y:1E P:25 SP:FB PPU: NOT IMPLEMENTED YET
C301  D0 FA     BNE $C2FD                       A:20 X:12 Y:1D P:25 SP:FB PPU: NOT IMPLEMENTED YET
C2FD  8D 07 20  STA $2007 = 00                  A:20 X:12 Y:1D P:25 SP:FB PPU: NOT IMPLEMENTED YET
C300  88        DEY                             A:20 X:12 Y:1D P:25 SP:FB PPU: NOT IMPLEMENTED YET
C301  D0 FA     BNE $C2FD                       A:20 X:12 Y:1C P:25 SP:FB PPU: NOT IMPLEMENTED YET
C2FD  8D 07 20  STA $2007 = 00                  A:20 X:12 Y:1C P:25 SP:FB PPU: NOT IMPLEMENTED YET
C300  88        DEY                             A:20 X:12 Y:1C P:25 SP:FB PPU: NOT IMPLEMENTED YET
C301  D0 FA     BNE $C2FD                       A:20 X:12 Y:1B P:25 SP:FB PPU: NOT IMPLEMENTED YET
C2FD  8D 07 20  STA $2007 = 00                  A:20 X:12 Y:1B P:25 SP:FB PPU: NOT IMPLEMENTED YET
C300  88        DEY                             A:20 X:12 Y:1B P:25 SP:FB PPU: NOT IMPLEMENTED YET
C301  D0 FA     BNE $C2FD                       A:20 X:12 Y:1A P:25 SP:FB PPU: NOT IMPLEMENTED YET
C2FD  8D 07 20  STA $2007 = 00                  A:20 X:12 Y:1A P:25 SP:FB PPU: NOT IMPLEMENTED YET
C300  88        DEY                             A:20 X:12 Y:1A P:25 SP:FB PPU: NOT IMPLEMENTED YET
C301  D0 FA     BNE $C2FD                       A:20 X:12 Y:19 P:25 SP:FB PPU: NOT IMPLEMENTED YET
C2FD  8D 07 20  STA $2007 = 00                  A:20 X:12 Y:19 P:25 SP:FB PPU: NOT IMPLEMENTED YET
C300  88        DEY                             A:20 X:12 Y:19 P:25 SP:FB PPU: NOT IMPLEMENTED YET
C301  D0 FA     BNE $C2FD                       A:20 X:12 Y:18 P:25 SP:FB PPU: NOT IMPLEMENTED YET
C2FD  8D 07 20  STA $2007 = 00                  A:20 X:12 Y:18 P:25 SP:FB PPU: NOT IMPLEMENTED YET
C300  88        DEY                             A:20 X:12 Y:18 P:25 SP:FB PPU: NOT IMPLEMENTED YET
C301  D0 FA     BNE $C2FD                       A:20 X:12 Y:17 P:25 SP:FB PPU: NOT IMPLEMENTED YET
C2FD  8D 07 20  STA $2007 = 00                  A:20 X:12 Y:17 P:25 SP:FB PPU: NOT IMPLEMENTED YET
C300  88        DEY                             A:20 X:12 Y:17 P:25 SP:FB PPU: NOT IMPLEMENTED YET
C301  D0 FA     BNE $C2FD                       A:20 X:12 Y:16 P:25 SP:FB PPU: NOT IMPLEMENTED YET
C2FD  8D 07 20  STA $2007 = 00                  A:20 X:12 Y:16 P:25 SP:FB PPU: NOT IMPLEMENTED YET
C300  88        DEY                             A:20 X:12 Y:16 P:25 SP:FB PPU: NOT IMPLEMENTED YET
C301  D0 FA     BNE $C2FD                       A:20 X:12 Y:15 P:25 SP:FB PPU: NOT IMPLEMENTED YET
C2FD  8D 07 20  STA $2007 = 00                  A:20 X:12 Y:15 P:25 SP:FB PPU: NOT IMPLEMENTED YET
C300  88        DEY                             A:20 X:12 Y:15 P:25 SP:FB PPU: NOT IMPLEMENTED YET
C301  D0 FA     BNE $C2FD                       A:20 X:12 Y:14 P:25 SP:FB PPU: NOT IMPLEMENTED YET
C2FD  8D 07 20  STA $2007 = 00                  A:20 X:12 Y:14 P:25 SP:FB PPU: NOT IMPLEMENTED YET
C300  88        DEY                             A:20 X:12 Y:14 P:25 SP:FB PPU: NOT IMPLEMENTED YET
C301  D0 FA     BNE $C2FD                       A:20 X:12 Y:13 P:25 SP:FB PPU: NOT IMPLEMENTED YET
C2FD  8D 07 20  STA $2007 = 00                  A:20 X:12 Y:13 P:25 SP:FB PPU: NOT IMPLEMENTED YET
C300  88        DEY                             A:20 X:12 Y:13 P:25 SP:FB PPU: NOT IMPLEMENTED YET
C301  D0 FA     BNE $C2FD                       A:20 X:12 Y:12 P:25 SP:FB PPU: NOT IMPLEMENTED YET
C2FD  8D 07 20  STA $2007 = 00                  A:20 X:12 Y:12 P:25 SP:FB PPU: NOT IMPLEMENTED YET
C300  88        DEY                             A:20 X:12 Y:12 P:25 SP:FB PPU: NOT IMPLEMENTED YET
C301  D0 FA     BNE $C2FD                       A:20 X:12 Y:11 P:25 SP:FB PPU: NOT IMPLEMENTED YET
C2FD  8D 07 20  STA $2007 = 00                  A:20 X:12 Y:11 P:25 SP:FB PPU: NOT IMPLEMENTED YET
C300  88        DEY                             A:20 X:12 Y:11 P:25 SP:FB PPU: NOT IMPLEMENTED YET
C301  D0 FA     BNE $C2FD                       A:20 X:12 Y:10 P:25 SP:FB PPU: NOT IMPLEMENTED YET
C2FD  8D 07 20  STA $2007 = 00                  A:20 X:12 Y:10 P:25 SP:FB PPU: NOT IMPLEMENTED YET
C300  88        DEY                             A:20 X:12 Y:10 P:25 SP:FB PPU: NOT IMPLEMENTED YET
C301  D0 FA     BNE $C2FD                       A:20 X:12 Y:0F P:25 SP:FB PPU: NOT IMPLEMENTED YET
C2FD  8D 07 20  STA $2007 = 00                  A:20 X:12 Y:0F P:25 SP:FB PPU: NOT IMPLEMENTED YET
C300  88        DEY                             A:20 X:12 Y:0F P:25 SP:FB PPU: NOT IMPLEMENTED YET
C301  D0 FA     BNE $C2FD                       A:20 X:12 Y:0E P:25 SP:FB PPU: NOT IMPLEMENTED YET
C2FD  8D 07 20  STA $2007 = 00                  A:20 X:12 Y:0E P:25 SP:FB PPU: NOT IMPLEMENTED YET
C300  88        DEY                             A:20 X:12 Y:0E P:25 SP:FB PPU: NOT IMPLEMENTED YET
C301  D0 FA     BNE $C2FD                       A:20 X:12 Y:0D P:25 SP:FB PPU: NOT IMPLEMENTED YET
C2FD  8D 07 20  STA $2007 = 00                  A:20 X:12 Y:0D P:25 SP:FB PPU: NOT IMPLEMENTED YET
C300  88        DEY                             A:20 X:12 Y:0D P:25 SP:FB PPU: NOT IMPLEMENTED YET
C301  D0 FA     BNE $C2FD                       A:20 X:12 Y:0C P:25 SP:FB PPU: NOT IMPLEMENTED YET
C2FD  8D 07 20  STA $2007 = 00                  A:20 X:12 Y:0C P:25 SP:FB PPU: NOT IMPLEMENTED YET
C300  88        DEY                             A:20 X:12 Y:0C P:25 SP:FB PPU: NOT IMPLEMENTED YET
C301  D0 FA     BNE $C2FD                       A:20 X:12 Y:0B P:25 SP:FB PPU: NOT IMPLEMENTED YET
C2FD  8D 07 20  STA $2007 = 00                  A:20 X:12 Y:0B P:25 SP:FB PPU: NOT IMPLEMENTED YET
C300  88        DEY                             A:20 X:12 Y:0B P:25 SP:FB PPU: NOT IMPLEMENTED YET
C301  D0 FA     BNE $C2FD                       A:20 X:12 Y:0A P:25 SP:FB PPU: NOT IMPLEMENTED YET
C2FD  8D 07 20  STA $2007 = 00                  A:20 X:12 Y:0A P:25 SP:FB PPU: NOT IMPLEMENTED YET
C300  88        DEY                             A:20 X:12 Y:0A P:25 SP:FB PPU: NOT IMPLEMENTED YET
C301  D0 FA     BNE $C2FD                       A:20 X:12 Y:09 P:25 SP:FB PPU: NOT IMPLEMENTED YET
C2FD  8D 07 20  STA $2007 = 00                  A:20 X:12 Y:09 P:25 SP:FB PPU: NOT IMPLEMENTED YET
C300  88        DEY                             A:20 X:12 Y:09 P:25 SP:FB PPU: NOT IMPLEMENTED YET
C301  D0 FA     BNE $C2FD                       A:20 X:12 Y:08 P:25 SP:FB PPU: NOT IMPLEMENTED YET
C2FD  8D 07 20  STA $2007 = 00                  A:20 X:12 Y:08 P:25 SP:FB PPU: NOT IMPLEMENTED YET
C300  88        DEY                             A:20 X:12 Y:08 P:25 SP:FB PPU: NOT IMPLEMENTED YET
C301  D0 FA     BNE $C2FD                       A:20 X:12 Y:07 P:25 SP:FB PPU: NOT IMPLEMENTED YET
C2FD  8D 07 20  STA $2007 = 00                  A:20 X:12 Y:07 P:25 SP:FB PPU: NOT IMPLEMENTED YET
C300  88        DEY                             A:20 X:12 Y:07 P:25 SP:FB PPU: NOT IMPLEMENTED YET
C301  D0 FA     BNE $C2FD                       A:20 X:12 Y:06 P:25 SP:FB PPU: NOT IMPLEMENTED YET
C2FD  8D 07 20  STA $2007 = 00                  A:20 X:12 Y:06 P:25 SP:FB PPU: NOT IMPLEMENTED YET
C300  88        DEY                             A:20 X:12 Y:06 P:25 SP:FB PPU: NOT IMPLEMENTED YET
C301  D0 FA     BNE $C2FD                       A:20 X:12 Y:05 P:25 SP:FB PPU: NOT IMPLEMENTED YET
C2FD  8D 07 20  STA $2007 = 00                  A:20 X:12 Y:05 P:25 SP:FB PPU: NOT IMPLEMENTED YET
C300  88        DEY                             A:20 X:12 Y:05 P:25 SP:FB PPU: NOT IMPLEMENTED YET
C301  D0 FA     BNE $C2FD                       A:20 X:12 Y:04 P:25 SP:FB PPU: NOT IMPLEMENTED YET
C2FD  8D 07 20  STA $2007 = 00                  A:20 X:12 Y:04 P:25 SP:FB PPU: NOT IMPLEMENTED YET
C300  88        DEY                             A:20 X:12 Y:04 P:25 SP:FB PPU: NOT IMPLEMENTED YET
C301  D0 FA     BNE $C2FD                       A:20 X:12 Y:03 P:25 SP:FB PPU: NOT IMPLEMENTED YET
C2FD  8D 07 20  STA $2007 = 00                  A:20 X:12 Y:03 P:25 SP:FB PPU: NOT IMPLEMENTED YET
C300  88        DEY                             A:20 X:12 Y:03 P:25 SP:FB PPU: NOT IMPLEMENTED YET
C301  D0 FA     BNE $C2FD                       A:20 X:12 Y:02 P:25 SP:FB PPU: NOT IMPLEMENTED YET
C2FD  8D 07 20  STA $2007 = 00                  A:20 X:12 Y:02 P:25 SP:FB PPU: NOT IMPLEMENTED YET
C300  88        DEY                             A:20 X:12 Y:02 P:25 SP:FB PPU: NOT IMPLEMENTED YET
C301  D0 FA     BNE $C2FD                       A:20 X:12 Y:01 P:25 SP:FB PPU: NOT IMPLEMENTED YET
C2FD  8D 07 20  STA $2007 = 00                  A:20 X:12 Y:01 P:25 SP:FB PPU: NOT IMPLEMENTED YET
C300  88        DEY                             A:20 X:12 Y:01 P:25 SP:FB PPU: NOT IMPLEMENTED YET
C301  D0 FA     BNE $C2FD                       A:20 X:12 Y:00 P:27 SP:FB PPU: NOT IMPLEMENTED YET
C303  CA        DEX                             A:20 X:12 Y:00 P:27 SP:FB PPU: NOT IMPLEMENTED YET
C304  D0 F5     BNE $C2FB                       A:20 X:11 Y:00 P:25 SP:FB PPU: NOT IMPLEMENTED YET
C2FB  A0 20     LDY #$20                        A:20 X:11 Y:00 P:25 SP:FB PPU: NOT IMPLEMENTED YET
C2FD  8D 07 20  STA $2007 = 00                  A:20 X:11 Y:20 P:25 SP:FB PPU: NOT IMPLEMENTED YET
C300  88        DEY                             A:20 X:11 Y:20 P:25 SP:FB PPU: NOT IMPLEMENTED YET
C301  D0 FA     BNE $C2FD                       A:20 X:11 Y:1F P:25 SP:FB PPU: NOT IMPLEMENTED YET
C2FD  8D 07 20  STA $2007 = 00                  A:20 X:11 Y:1F P:25 SP:FB PPU: NOT IMPLEMENTED YET
C300  88        DEY                             A:20 X:11 Y:1F P:25 SP:FB PPU: NOT IMPLEMENTED YET
C301  D0 FA     BNE $C2FD                       A:20 X:11 Y:1E P:25 SP:FB PPU: NOT IMPLEMENTED YET
C2FD  8D 07 20  STA $2007 = 00                  A:20 X:11 Y:1E P:25 SP:FB PPU: NOT IMPLEMENTED YET
C300  88        DEY                             A:20 X:11 Y:1E P:25 SP:FB PPU: NOT IMPLEMENTED YET
C301  D0 FA     BNE $C2FD                       A:20 X:11 Y:1D P:25 SP:FB PPU: NOT IMPLEMENTED YET
C2FD  8D 07 20  STA $2007 = 00                  A:20 X:11 Y:1D P:25 SP:FB PPU: NOT IMPLEMENTED YET
C300  88        DEY                             A:20 X:11 Y:1D P:25 SP:FB PPU: NOT IMPLEMENTED YET
C301  D0 FA     BNE $C2FD                       A:20 X:11 Y:1C P:25 SP:FB PPU: NOT IMPLEMENTED YET
C2FD  8D 07 20  STA $2007 = 00                  A:20 X:11 Y:1C P:25 SP:FB PPU: NOT IMPLEMENTED YET
C300  88        DEY                             A:20 X:11 Y:1C P:25 SP:FB PPU: NOT IMPLEMENTED YET
C301  D0 FA     BNE $C2FD                       A:20 X:11 Y:1B P:25 SP:FB PPU: NOT IMPLEMENTED YET
C2FD  8D 07 20  STA $2007 = 00                  A:20 X:11 Y:1B P:25 SP:FB PPU: NOT IMPLEMENTED YET
C300  88        DEY                             A:20 X:11 Y:1B P:25 SP:FB PPU: NOT IMPLEMENTED YET
C301  D0 FA     BNE $C2FD                       A:20 X:11 Y:1A P:25 SP:FB PPU: NOT IMPLEMENTED YET
C2FD  8D 07 20  STA $2007 = 00                  A:20 X:11 Y:1A P:25 SP:FB PPU: NOT IMPLEMENTED YET
C300  88        DEY                             A:20 X:11 Y:1A P:25 SP:FB PPU: NOT IMPLEMENTED YET
C301  D0 FA     BNE $C2FD                       A:20 X:11 Y:19 P:25 SP:FB PPU: NOT IMPLEMENTED YET
C2FD  8D 07 20  STA $2007 = 00                  A:20 X:11 Y:19 P:25 SP:FB PPU: NOT IMPLEMENTED YET
C300  88        DEY                             A:20 X:11 Y:19 P:25 SP:FB PPU: NOT IMPLEMENTED YET
C301  D0 FA     BNE $C2FD                       A:20 X:11 Y:18 P:25 SP:FB PPU: NOT IMPLEMENTED YET
C2FD  8D 07 20  STA $2007 = 00                  A:20 X:11 Y:18 P:25 SP:FB PPU: NOT IMPLEMENTED YET
C300  88        DEY                             A:20 X:11 Y:18 P:25 SP:FB PPU: NOT IMPLEMENTED YET
C301  D0 FA     BNE $C2FD                       A:20 X:11 Y:17 P:25 SP:FB PPU: NOT IMPLEMENTED YET
C2FD  8D 07 20  STA $2007 = 00                  A:20 X:11 Y:17 P:25 SP:FB PPU: NOT IMPLEMENTED YET
C300  88        DEY                             A:20 X:11 Y:17 P:25 SP:FB PPU: NOT IMPLEMENTED YET
C301  D0 FA     BNE $C2FD                       A:20 X:11 Y:16 P:25 SP:FB PPU: NOT IMPLEMENTED YET
C2FD  8D 07 20  STA $2007 = 00                  A:20 X:11 Y:16 P:25 SP:FB PPU: NOT IMPLEMENTED YET
C300  88        DEY                             A:20 X:11 Y:16 P:25 SP:FB PPU: NOT IMPLEMENTED YET
C301  D0 FA     BNE $C2FD                       A:20 X:11 Y:15 P:25 SP:FB PPU: NOT IMPLEMENTED YET
C2FD  8D 07 20  STA $2007 = 00                  A:20 X:11 Y:15 P:25 SP:FB PPU: NOT IMPLEMENTED YET
C300  88        DEY                             A:20 X:11 Y:15 P:25 SP:FB PPU: NOT IMPLEMENTED YET
C301  D0 FA     BNE $C2FD                       A:20 X:11 Y:14 P:25 SP:FB PPU: NOT IMPLEMENTED YET
C2FD  8D 07 20  STA $2007 = 00                  A:20 X:11 Y:14 P:25 SP:FB PPU: NOT IMPLEMENTED YET
C300  88        DEY                             A:20 X:11 Y:14 P:25 SP:FB PPU: NOT IMPLEMENTED YET
C301  D0 FA     BNE $C2FD                       A:20 X:11 Y:13 P:25 SP:FB PPU: NOT IMPLEMENTED YET
C2FD  8D 07 20  STA $2007 = 00                  A:20 X:11 Y:13 P:25 SP:FB PPU: NOT IMPLEMENTED YET
C300  88        DEY                             A:20 X:11 Y:13 P:25 SP:FB PPU: NOT IMPLEMENTED YET
C301  D0 FA     BNE $C2FD                       A:20 X:11 Y:12 P:25 SP:FB PPU: NOT IMPLEMENTED YET
C2FD  8D 07 20  STA $2007 = 00                  A:20 X:11 Y:12 P:25 SP:FB PPU: NOT IMPLEMENTED YET
C300  88        DEY                             A:20 X:11 Y:12 P:25 SP:FB PPU: NOT IMPLEMENTED YET
C301  D0 FA     BNE $C2FD                       A:20 X:11 Y:11 P:25 SP:FB PPU: NOT IMPLEMENTED YET
C2FD  8D 07 20  STA $2007 = 00                  A:20 X:11 Y:11 P:25 SP:FB PPU: NOT IMPLEMENTED YET
C300  88        DEY                             A:20 X:11 Y:11 P:25 SP:FB PPU: NOT IMPLEMENTED YET
C301  D0 FA     BNE $C2FD                       A:20 X:11 Y:10 P:25 SP:FB PPU: NOT IMPLEMENTED YET
C2FD  8D 07 20  STA $2007 = 00                  A:20 X:11 Y:10 P:25 SP:FB PPU: NOT IMPLEMENTED YET
C300  88        DEY                             A:20 X:11 Y:10 P:25 SP:FB PPU: NOT IMPLEMENTED YET
C301  D0 FA     BNE $C2FD                       A:20 X:11 Y:0F P:25 SP:FB PPU: NOT IMPLEMENTED YET
C2FD  8D 07 20  STA $2007 = 00                  A:20 X:11 Y:0F P:25 SP:FB PPU: NOT IMPLEMENTED YET
C300  88        DEY                             A:20 X:11 Y:0F P:25 SP:FB PPU: NOT IMPLEMENTED YET
C301  D0 FA     BNE $C2FD                       A:20 X:11 Y:0E P:25 SP:FB PPU: NOT IMPLEMENTED YET
C2FD  8D 07 20  STA $2007 = 00                  A:20 X:11 Y:0E P:25 SP:FB PPU: NOT IMPLEMENTED YET
C300  88        DEY                             A:20 X:11 Y:0E P:25 SP:FB PPU: NOT IMPLEMENTED YET
C301  D0 FA     BNE $C2FD                       A:20 X:11 Y:0D P:25 SP:FB PPU: NOT IMPLEMENTED YET
C2FD  8D 07 20  STA $2007 = 00                  A:20 X:11 Y:0D P:25 SP:FB PPU: NOT IMPLEMENTED YET
C300  88        DEY                             A:20 X:11 Y:0D P:25 SP:FB PPU: NOT IMPLEMENTED YET
C301  D0 FA     BNE $C2FD                       A:20 X:11 Y:0C P:25 SP:FB PPU: NOT IMPLEMENTED YET
C2FD  8D 07 20  STA $2007 = 00                  A:20 X:11 Y:0C P:25 SP:FB PPU: NOT IMPLEMENTED YET
C300  88        DEY                             A:20 X:11 Y:0C P:25 SP:FB PPU: NOT IMPLEMENTED YET
C301  D0 FA     BNE $C2FD                       A:20 X:11 Y:0B P:25 SP:FB PPU: NOT IMPLEMENTED YET
C2FD  8D 07 20  STA $2007 = 00                  A:20 X:11 Y:0B P:25 SP:FB PPU: NOT IMPLEMENTED YET
C300  88        DEY                             A:20 X:11 Y:0B P:25 SP:FB PPU: NOT IMPLEMENTED YET
C301  D0 FA     BNE $C2FD                       A:20 X:11 Y:0A P:25 SP:FB PPU: NOT IMPLEMENTED YET
C2FD  8D 07 20  STA $2007 = 00                  A:20 X:11 Y:0A P:25 SP:FB PPU: NOT IMPLEMENTED YET
C300  88        DEY                             A:20 X:11 Y:0A P:25 SP:FB PPU: NOT IMPLEMENTED YET
C301  D0 FA     BNE $C2FD                       A:20 X:11 Y:09 P:25 SP:FB PPU: NOT IMPLEMENTED YET
C2FD  8D 07 20  STA $2007 = 00                  A:20 X:11 Y:09 P:25 SP:FB PPU: NOT IMPLEMENTED YET
C300  88        DEY                             A:20 X:11 Y:09 P:25 SP:FB PPU: NOT IMPLEMENTED YET
C301  D0 FA     BNE $C2FD                       A:20 X:11 Y:08 P:25 SP:FB PPU: NOT IMPLEMENTED YET
C2FD  8D 07 20  STA $2007 = 00                  A:20 X:11 Y:08 P:25 SP:FB PPU: NOT IMPLEMENTED YET
C300  88        DEY                             A:20 X:11 Y:08 P:25 SP:FB PPU: NOT IMPLEMENTED YET
C301  D0 FA     BNE $C2FD                       A:20 X:11 Y:07 P:25 SP:FB PPU: NOT IMPLEMENTED YET
C2FD  8D 07 20  STA $2007 = 00                  A:20 X:11 Y:07 P:25 SP:FB PPU: NOT IMPLEMENTED YET
C300  88        DEY                             A:20 X:11 Y:07 P:25 SP:FB PPU: NOT IMPLEMENTED YET
C301  D0 FA     BNE $C2FD                       A:20 X:11 Y:06 P:25 SP:FB PPU: NOT IMPLEMENTED YET
C2FD  8D 07 20  STA $2007 = 00                  A:20 X:11 Y:06 P:25 SP:FB PPU: NOT IMPLEMENTED YET
C300  88        DEY                             A:20 X:11 Y:06 P:25 SP:FB PPU: NOT IMPLEMENTED YET
C301  D0 FA     BNE $C2FD                       A:20 X:11 Y:05 P:25 SP:FB PPU: NOT IMPLEMENTED YET
C2FD  8D 07 20  STA $2007 = 00                  A:20 X:11 Y:05 P:25 SP:FB PPU: NOT IMPLEMENTED YET
C300  88        DEY                             A:20 X:11 Y:05 P:25 SP:FB PPU: NOT IMPLEMENTED YET
C301  D0 FA     BNE $C2FD                       A:20 X:11 Y:04 P:25 SP:FB PPU: NOT IMPLEMENTED YET
C2FD  8D 07 20  STA $2007 = 00                  A:20 X:11 Y:04 P:25 SP:FB PPU: NOT IMPLEMENTED YET
C300  88        DEY                             A:20 X:11 Y:04 P:25 SP:FB PPU: NOT IMPLEMENTED YET
C301  D0 FA     BNE $C2FD                       A:20 X:11 Y:03 P:25 SP:FB PPU: NOT IMPLEMENTED YET
C2FD  8D 07 20  STA $2007 = 00                  A:20 X:11 Y:03 P:25 SP:FB PPU: NOT IMPLEMENTED YET
C300  88        DEY                             A:20 X:11 Y:03 P:25 SP:FB PPU: NOT IMPLEMENTED YET
C301  D0 FA     BNE $C2FD                       A:20 X:11 Y:02 P:25 SP:FB PPU: NOT IMPLEMENTED YET
C2FD  8D 07 20  STA $2007 = 00                  A:20 X:11 Y:02 P:25 SP:FB PPU: NOT IMPLEMENTED YET
C300  88        DEY                             A:20 X:11 Y:02 P:25 SP:FB PPU: NOT IMPLEMENTED YET
C301  D0 FA     BNE $C2FD                       A:20 X:11 Y:01 P:25 SP:FB PPU: NOT IMPLEMENTED YET
C2FD  8D 07 20  STA $2007 = 00                  A:20 X:11 Y:01 P:25 SP:FB PPU: NOT IMPLEMENTED YET
C300  88        DEY                             A:20 X:11 Y:01 P:25 SP:FB PPU: NOT IMPLEMENTED YET
C301  D0 FA     BNE $C2FD                       A:20 X:11 Y:00 P:27 SP:FB PPU: NOT IMPLEMENTED YET
C303  CA        DEX                             A:20 X:11 Y:00 P:27 SP:FB PPU: NOT IMPLEMENTED YET
C304  D0 F5     BNE $C2FB                       A:20 X:10 Y:00 P:25 SP:FB PPU: NOT IMPLEMENTED YET
C2FB  A0 20     LDY #$20                        A:20 X:10 Y:00 P:25 SP:FB PPU: NOT IMPLEMENTED YET
C2FD  8D 07 20  STA $2007 = 00                  A:20 X:10 Y:20 P:25 SP:FB PPU: NOT IMPLEMENTED YET
C300  88        DEY                             A:20 X:10 Y:20 P:25 SP:FB PPU: NOT IMPLEMENTED YET
C301  D0 FA     BNE $C2FD                       A:20 X:10 Y:1F P:25 SP:FB PPU: NOT IMPLEMENTED YET
C2FD  8D 07 20  STA $2007 = 00                  A:20 X:10 Y:1F P:25 SP:FB PPU: NOT IMPLEMENTED YET
C300  88        DEY                             A:20 X:10 Y:1F P:25 SP:FB PPU: NOT IMPLEMENTED YET
C301  D0 FA     BNE $C2FD                       A:20 X:10 Y:1E P:25 SP:FB PPU: NOT IMPLEMENTED YET
C2FD  8D 07 20  STA $2007 = 00                  A:20 X:10 Y:1E P:25 SP:FB PPU: NOT IMPLEMENTED YET
C300  88        DEY                             A:20 X:10 Y:1E P:25 SP:FB PPU: NOT IMPLEMENTED YET
C301  D0 FA     BNE $C2FD                       A:20 X:10 Y:1D P:25 SP:FB PPU: NOT IMPLEMENTED YET
C2FD  8D 07 20  STA $2007 = 00                  A:20 X:10 Y:1D P:25 SP:FB PPU: NOT IMPLEMENTED YET
C300  88        DEY                             A:20 X:10 Y:1D P:25 SP:FB PPU: NOT IMPLEMENTED YET
C301  D0 FA     BNE $C2FD                       A:20 X:10 Y:1C P:25 SP:FB PPU: NOT IMPLEMENTED YET
C2FD  8D 07 20  STA $2007 = 00                  A:20 X:10 Y:1C P:25 SP:FB PPU: NOT IMPLEMENTED YET
C300  88        DEY                             A:20 X:10 Y:1C P:25 SP:FB PPU: NOT IMPLEMENTED YET
C301  D0 FA     BNE $C2FD                       A:20 X:10 Y:1B P:25 SP:FB PPU: NOT IMPLEMENTED YET
C2FD  8D 07 20  STA $2007 = 00                  A:20 X:10 Y:1B P:25 SP:FB PPU: NOT IMPLEMENTED YET
C300  88        DEY                             A:20 X:10 Y:1B P:25 SP:FB PPU: NOT IMPLEMENTED YET
C301  D0 FA     BNE $C2FD                       A:20 X:10 Y:1A P:25 SP:FB PPU: NOT IMPLEMENTED YET
C2FD  8D 07 20  STA $2007 = 00                  A:20 X:10 Y:1A P:25 SP:FB PPU: NOT IMPLEMENTED YET
C300  88        DEY                             A:20 X:10 Y:1A P:25 SP:FB PPU: NOT IMPLEMENTED YET
C301  D0 FA     BNE $C2FD                       A:20 X:10 Y:19 P:25 SP:FB PPU: NOT IMPLEMENTED YET
C2FD  8D 07 20  STA $2007 = 00                  A:20 X:10 Y:19 P:25 SP:FB PPU: NOT IMPLEMENTED YET
C300  88        DEY                             A:20 X:10 Y:19 P:25 SP:FB PPU: NOT IMPLEMENTED YET
C301  D0 FA     BNE $C2FD                       A:20 X:10 Y:18 P:25 SP:FB PPU: NOT IMPLEMENTED YET
C2FD  8D 07 20  STA $2007 = 00                  A:20 X:10 Y:18 P:25 SP:FB PPU: NOT IMPLEMENTED YET
C300  88        DEY                             A:20 X:10 Y:18 P:25 SP:FB PPU: NOT IMPLEMENTED YET
C301  D0 FA     BNE $C2FD                       A:20 X:10 Y:17 P:25 SP:FB PPU: NOT IMPLEMENTED YET
C2FD  8D 07 20  STA $2007 = 00                  A:20 X:10 Y:17 P:25 SP:FB PPU: NOT IMPLEMENTED YET
C300  88        DEY                             A:20 X:10 Y:17 P:25 SP:FB PPU: NOT IMPLEMENTED YET
C301  D0 FA     BNE $C2FD                       A:20 X:10 Y:16 P:25 SP:FB PPU: NOT IMPLEMENTED YET
C2FD  8D 07 20  STA $2007 = 00                  A:20 X:10 Y:16 P:25 SP:FB PPU: NOT IMPLEMENTED YET
C300  88        DEY                             A:20 X:10 Y:16 P:25 SP:FB PPU: NOT IMPLEMENTED YET
C301  D0 FA     BNE $C2FD                       A:20 X:10 Y:15 P:25 SP:FB PPU: NOT IMPLEMENTED YET
C2FD  8D 07 20  STA $2007 = 00                  A:20 X:10 Y:15 P:25 SP:FB PPU: NOT IMPLEMENTED YET
C300  88        DEY                             A:20 X:10 Y:15 P:25 SP:FB PPU: NOT IMPLEMENTED YET
C301  D0 FA     BNE $C2FD                       A:20 X:10 Y:14 P:25 SP:FB PPU: NOT IMPLEMENTED YET
C2FD  8D 07 20  STA $2007 = 00                  A:20 X:10 Y:14 P:25 SP:FB PPU: NOT IMPLEMENTED YET
C300  88        DEY                             A:20 X:10 Y:14 P:25 SP:FB PPU: NOT IMPLEMENTED YET
C301  D0 FA     BNE $C2FD                       A:20 X:10 Y:13 P:25 SP:FB PPU: NOT IMPLEMENTED YET
C2FD  8D 07 20  STA $2007 = 00                  A:20 X:10 Y:13 P:25 SP:FB PPU: NOT IMPLEMENTED YET
C300  88        DEY                             A:20 X:10 Y:13 P:25 SP:FB PPU: NOT IMPLEMENTED YET
C301  D0 FA     BNE $C2FD                       A:20 X:10 Y:12 P:25 SP:FB PPU: NOT IMPLEMENTED YET
C2FD  8D 07 20  STA $2007 = 00                  A:20 X:10 Y:12 P:25 SP:FB PPU: NOT IMPLEMENTED YET
C300  88        DEY                             A:20 X:10 Y:12 P:25 SP:FB PPU: NOT IMPLEMENTED YET
C301  D0 FA     BNE $C2FD                       A:20 X:10 Y:11 P:25 SP:FB PPU: NOT IMPLEMENTED YET
C2FD  8D 07 20  STA $2007 = 00                  A:20 X:10 Y:11 P:25 SP:FB PPU: NOT IMPLEMENTED YET
C300  88        DEY                             A:20 X:10 Y:11 P:25 SP:FB PPU: NOT IMPLEMENTED YET
C301  D0 FA     BNE $C2FD                       A:20 X:10 Y:10 P:25 SP:FB PPU: NOT IMPLEMENTED YET
C2FD  8D 07 20  STA $2007 = 00                  A:20 X:10 Y:10 P:25 SP:FB PPU: NOT IMPLEMENTED YET
C300  88        DEY                             A:20 X:10 Y:10 P:25 SP:FB PPU: NOT IMPLEMENTED YET
C301  D0 FA     BNE $C2FD                       A:20 X:10 Y:0F P:25 SP:FB PPU: NOT IMPLEMENTED YET
C2FD  8D 07 20  STA $2007 = 00                  A:20 X:10 Y:0F P:25 SP:FB PPU: NOT IMPLEMENTED YET
C300  88        DEY                             A:20 X:10 Y:0F P:25 SP:FB PPU: NOT IMPLEMENTED YET
C301  D0 FA     BNE $C2FD                       A:20 X:10 Y:0E P:25 SP:FB PPU: NOT IMPLEMENTED YET
C2FD  8D 07 20  STA $2007 = 00                  A:20 X:10 Y:0E P:25 SP:FB PPU: NOT IMPLEMENTED YET
C300  88        DEY                             A:20 X:10 Y:0E P:25 SP:FB PPU: NOT IMPLEMENTED YET
C301  D0 FA     BNE $C2FD                       A:20 X:10 Y:0D P:25 SP:FB PPU: NOT IMPLEMENTED YET
C2FD  8D 07 20  STA $2007 = 00                  A:20 X:10 Y:0D P:25 SP:FB PPU: NOT IMPLEMENTED YET
C300  88        DEY                             A:20 X:10 Y:0D P:25 SP:FB PPU: NOT IMPLEMENTED YET
C301  D0 FA     BNE $C2FD                       A:20 X:10 Y:0C P:25 SP:FB PPU: NOT IMPLEMENTED YET
C2FD  8D 07 20  STA $2007 = 00                  A:20 X:10 Y:0C P:25 SP:FB PPU: NOT IMPLEMENTED YET
C300  88        DEY                             A:20 X:10 Y:0C P:25 SP:FB PPU: NOT IMPLEMENTED YET
C301  D0 FA     BNE $C2FD                       A:20 X:10 Y:0B P:25 SP:FB PPU: NOT IMPLEMENTED YET
C2FD  8D 07 20  STA $2007 = 00                  A:20 X:10 Y:0B P:25 SP:FB PPU: NOT IMPLEMENTED YET
C300  88        DEY                             A:20 X:10 Y:0B P:25 SP:FB PPU: NOT IMPLEMENTED YET
C301  D0 FA     BNE $C2FD                       A:20 X:10 Y:0A P:25 SP:FB PPU: NOT IMPLEMENTED YET
C2FD  8D 07 20  STA $2007 = 00                  A:20 X:10 Y:0A P:25 SP:FB PPU: NOT IMPLEMENTED YET
C300  88        DEY                             A:20 X:10 Y:0A P:25 SP:FB PPU: NOT IMPLEMENTED YET
C301  D0 FA     BNE $C2FD                       A:20 X:10 Y:09 P:25 SP:FB PPU: NOT IMPLEMENTED YET
C2FD  8D 07 20  STA $2007 = 00                  A:20 X:10 Y:09 P:25 SP:FB PPU: NOT IMPLEMENTED YET
C300  88        DEY                             A:20 X:10 Y:09 P:25 SP:FB PPU: NOT IMPLEMENTED YET
C301  D0 FA     BNE $C2FD                       A:20 X:10 Y:08 P:25 SP:FB PPU: NOT IMPLEMENTED YET
C2FD  8D 07 20  STA $2007 = 00                  A:20 X:10 Y:08 P:25 SP:FB PPU: NOT IMPLEMENTED YET
C300  88        DEY                             A:20 X:10 Y:08 P:25 SP:FB PPU: NOT IMPLEMENTED YET
C301  D0 FA     BNE $C2FD                       A:20 X:10 Y:07 P:25 SP:FB PPU: NOT IMPLEMENTED YET
C2FD  8D 07 20  STA $2007 = 00                  A:20 X:10 Y:07 P:25 SP:FB PPU: NOT IMPLEMENTED YET
C300  88        DEY                             A:20 X:10 Y:07 P:25 SP:FB PPU: NOT IMPLEMENTED YET
C301  D0 FA     BNE $C2FD                       A:20 X:10 Y:06 P:25 SP:FB PPU: NOT IMPLEMENTED YET
C2FD  8D 07 20  STA $2007 = 00                  A:20 X:10 Y:06 P:25 SP:FB PPU: NOT IMPLEMENTED YET
C300  88        DEY                             A:20 X:10 Y:06 P:25 SP:FB PPU: NOT IMPLEMENTED YET
C301  D0 FA     BNE $C2FD                       A:20 X:10 Y:05 P:25 SP:FB PPU: NOT IMPLEMENTED YET
C2FD  8D 07 20  STA $2007 = 00                  A:20 X:10 Y:05 P:25 SP:FB PPU: NOT IMPLEMENTED YET
C300  88        DEY                             A:20 X:10 Y:05 P:25 SP:FB PPU: NOT IMPLEMENTED YET
C301  D0 FA     BNE $C2FD                       A:20 X:10 Y:04 P:25 SP:FB PPU: NOT IMPLEMENTED YET
C2FD  8D 07 20  STA $2007 = 00                  A:20 X:10 Y:04 P:25 SP:FB PPU: NOT IMPLEMENTED YET
C300  88        DEY                             A:20 X:10 Y:04 P:25 SP:FB PPU: NOT IMPLEMENTED YET
C301  D0 FA     BNE $C2FD                       A:20 X:10 Y:03 P:25 SP:FB PPU: NOT IMPLEMENTED YET
C2FD  8D 07 20  STA $2007 = 00                  A:20 X:10 Y:03 P:25 SP:FB PPU: NOT IMPLEMENTED YET
C300  88        DEY                             A:20 X:10 Y:03 P:25 SP:FB PPU: NOT IMPLEMENTED YET
C301  D0 FA     BNE $C2FD                       A:20 X:10 Y:02 P:25 SP:FB PPU: NOT IMPLEMENTED YET
C2FD  8D 07 20  STA $2007 = 00                  A:20 X:10 Y:02 P:25 SP:FB PPU: NOT IMPLEMENTED YET
C300  88        DEY                             A:20 X:10 Y:02 P:25 SP:FB PPU: NOT IMPLEMENTED YET
C301  D0 FA     BNE $C2FD                       A:20 X:10 Y:01 P:25 SP:FB PPU: NOT IMPLEMENTED YET
C2FD  8D 07 20  STA $2007 = 00                  A:20 X:10 Y:01 P:25 SP:FB PPU: NOT IMPLEMENTED YET
C300  88        DEY                             A:20 X:10 Y:01 P:25 SP:FB PPU: NOT IMPLEMENTED YET
C301  D0 FA     BNE $C2FD                       A:20 X:10 Y:00 P:27 SP:FB PPU: NOT IMPLEMENTED YET
C303  CA        DEX                             A:20 X:10 Y:00 P:27 SP:FB PPU: NOT IMPLEMENTED YET
C304  D0 F5     BNE $C2FB                       A:20 X:0F Y:00 P:25 SP:FB PPU: NOT IMPLEMENTED YET
C2FB  A0 20     LDY #$20                        A:20 X:0F Y:00 P:25 SP:FB PPU: NOT IMPLEMENTED YET
C2FD  8D 07 20  STA $2007 = 00                  A:20 X:0F Y:20 P:25 SP:FB PPU: NOT IMPLEMENTED YET
C300  88        DEY                             A:20 X:0F Y:20 P:25 SP:FB PPU: NOT IMPLEMENTED YET
C301  D0 FA     BNE $C2FD                       A:20 X:0F Y:1F P:25 SP:FB PPU: NOT IMPLEMENTED YET
C2FD  8D 07 20  STA $2007 = 00                  A:20 X:0F Y:1F P:25 SP:FB PPU: NOT IMPLEMENTED YET
C300  88        DEY                             A:20 X:0F Y:1F P:25 SP:FB PPU: NOT IMPLEMENTED YET
C301  D0 FA     BNE $C2FD                       A:20 X:0F Y:1E P:25 SP:FB PPU: NOT IMPLEMENTED YET
C2FD  8D 07 20  STA $2007 = 00                  A:20 X:0F Y:1E P:25 SP:FB PPU: NOT IMPLEMENTED YET
C300  88        DEY                             A:20 X:0F Y:1E P:25 SP:FB PPU: NOT IMPLEMENTED YET
C301  D0 FA     BNE $C2FD                       A:20 X:0F Y:1D P:25 SP:FB PPU: NOT IMPLEMENTED YET
C2FD  8D 07 20  STA $2007 = 00                  A:20 X:0F Y:1D P:25 SP:FB PPU: NOT IMPLEMENTED YET
C300  88        DEY                             A:20 X:0F Y:1D P:25 SP:FB PPU: NOT IMPLEMENTED YET
C301  D0 FA     BNE $C2FD                       A:20 X:0F Y:1C P:25 SP:FB PPU: NOT IMPLEMENTED YET
C2FD  8D 07 20  STA $2007 = 00                  A:20 X:0F Y:1C P:25 SP:FB PPU: NOT IMPLEMENTED YET
C300  88        DEY                             A:20 X:0F Y:1C P:25 SP:FB PPU: NOT IMPLEMENTED YET
C301  D0 FA     BNE $C2FD                       A:20 X:0F Y:1B P:25 SP:FB PPU: NOT IMPLEMENTED YET
C2FD  8D 07 20  STA $2007 = 00                  A:20 X:0F Y:1B P:25 SP:FB PPU: NOT IMPLEMENTED YET
C300  88        DEY                             A:20 X:0F Y:1B P:25 SP:FB PPU: NOT IMPLEMENTED YET
C301  D0 FA     BNE $C2FD                       A:20 X:0F Y:1A P:25 SP:FB PPU: NOT IMPLEMENTED YET
C2FD  8D 07 20  STA $2007 = 00                  A:20 X:0F Y:1A P:25 SP:FB PPU: NOT IMPLEMENTED YET
C300  88        DEY                             A:20 X:0F Y:1A P:25 SP:FB PPU: NOT IMPLEMENTED YET
C301  D0 FA     BNE $C2FD                       A:20 X:0F Y:19 P:25 SP:FB PPU: NOT IMPLEMENTED YET
C2FD  8D 07 20  STA $2007 = 00                  A:20 X:0F Y:19 P:25 SP:FB PPU: NOT IMPLEMENTED YET
C300  88        DEY                             A:20 X:0F Y:19 P:25 SP:FB PPU: NOT IMPLEMENTED YET
C301  D0 FA     BNE $C2FD                       A:20 X:0F Y:18 P:25 SP:FB PPU: NOT IMPLEMENTED YET
C2FD  8D 07 20  STA $2007 = 00                  A:20 X:0F Y:18 P:25 SP:FB PPU: NOT IMPLEMENTED YET
C300  88        DEY                             A:20 X:0F Y:18 P:25 SP:FB PPU: NOT IMPLEMENTED YET
C301  D0 FA     BNE $C2FD                       A:20 X:0F Y:17 P:25 SP:FB PPU: NOT IMPLEMENTED YET
C2FD  8D 07 20  STA $2007 = 00                  A:20 X:0F Y:17 P:25 SP:FB PPU: NOT IMPLEMENTED YET
C300  88        DEY                             A:20 X:0F Y:17 P:25 SP:FB PPU: NOT IMPLEMENTED YET
C301  D0 FA     BNE $C2FD                       A:20 X:0F Y:16 P:25 SP:FB PPU: NOT IMPLEMENTED YET
C2FD  8D 07 20  STA $2007 = 00                  A:20 X:0F Y:16 P:25 SP:FB PPU: NOT IMPLEMENTED YET
C300  88        DEY                             A:20 X:0F Y:16 P:25 SP:FB PPU: NOT IMPLEMENTED YET
C301  D0 FA     BNE $C2FD                       A:20 X:0F Y:15 P:25 SP:FB PPU: NOT IMPLEMENTED YET
C2FD  8D 07 20  STA $2007 = 00                  A:20 X:0F Y:15 P:25 SP:FB PPU: NOT IMPLEMENTED YET
C300  88        DEY                             A:20 X:0F Y:15 P:25 SP:FB PPU: NOT IMPLEMENTED YET
C301  D0 FA     BNE $C2FD                       A:20 X:0F Y:14 P:25 SP:FB PPU: NOT IMPLEMENTED YET
C2FD  8D 07 20  STA $2007 = 00                  A:20 X:0F Y:14 P:25 SP:FB PPU: NOT IMPLEMENTED YET
C300  88        DEY                             A:20 X:0F Y:14 P:25 SP:FB PPU: NOT IMPLEMENTED YET
C301  D0 FA     BNE $C2FD                       A:20 X:0F Y:13 P:25 SP:FB PPU: NOT IMPLEMENTED YET
C2FD  8D 07 20  STA $2007 = 00                  A:20 X:0F Y:13 P:25 SP:FB PPU: NOT IMPLEMENTED YET
C300  88        DEY                             A:20 X:0F Y:13 P:25 SP:FB PPU: NOT IMPLEMENTED YET
C301  D0 FA     BNE $C2FD                       A:20 X:0F Y:12 P:25 SP:FB PPU: NOT IMPLEMENTED YET
C2FD  8D 07 20  STA $2007 = 00                  A:20 X:0F Y:12 P:25 SP:FB PPU: NOT IMPLEMENTED YET
C300  88        DEY                             A:20 X:0F Y:12 P:25 SP:FB PPU: NOT IMPLEMENTED YET
C301  D0 FA     BNE $C2FD                       A:20 X:0F Y:11 P:25 SP:FB PPU: NOT IMPLEMENTED YET
C2FD  8D 07 20  STA $2007 = 00                  A:20 X:0F Y:11 P:25 SP:FB PPU: NOT IMPLEMENTED YET
C300  88        DEY                             A:20 X:0F Y:11 P:25 SP:FB PPU: NOT IMPLEMENTED YET
C301  D0 FA     BNE $C2FD                       A:20 X:0F Y:10 P:25 SP:FB PPU: NOT IMPLEMENTED YET
C2FD  8D 07 20  STA $2007 = 00                  A:20 X:0F Y:10 P:25 SP:FB PPU: NOT IMPLEMENTED YET
C300  88        DEY                             A:20 X:0F Y:10 P:25 SP:FB PPU: NOT IMPLEMENTED YET
C301  D0 FA     BNE $C2FD                       A:20 X:0F Y:0F P:25 SP:FB PPU: NOT IMPLEMENTED YET
C2FD  8D 07 20  STA $2007 = 00                  A:20 X:0F Y:0F P:25 SP:FB PPU: NOT IMPLEMENTED YET
C300  88        DEY                             A:20 X:0F Y:0F P:25 SP:FB PPU: NOT IMPLEMENTED YET
C301  D0 FA     BNE $C2FD                       A:20 X:0F Y:0E P:25 SP:FB PPU: NOT IMPLEMENTED YET
C2FD  8D 07 20  STA $2007 = 00                  A:20 X:0F Y:0E P:25 SP:FB PPU: NOT IMPLEMENTED YET
C300  88        DEY                             A:20 X:0F Y:0E P:25 SP:FB PPU: NOT IMPLEMENTED YET
C301  D0 FA     BNE $C2FD                       A:20 X:0F Y:0D P:25 SP:FB PPU: NOT IMPLEMENTED YET
C2FD  8D 07 20  STA $2007 = 00                  A:20 X:0F Y:0D P:25 SP:FB PPU: NOT IMPLEMENTED YET
C300  88        DEY                             A:20 X:0F Y:0D P:25 SP:FB PPU: NOT IMPLEMENTED YET
C301  D0 FA     BNE $C2FD                       A:20 X:0F Y:0C P:25 SP:FB PPU: NOT IMPLEMENTED YET
C2FD  8D 07 20  STA $2007 = 00                  A:20 X:0F Y:0C P:25 SP:FB PPU: NOT IMPLEMENTED YET
C300  88        DEY                             A:20 X:0F Y:0C P:25 SP:FB PPU: NOT IMPLEMENTED YET
C301  D0 FA     BNE $C2FD                       A:20 X:0F Y:0B P:25 SP:FB PPU: NOT IMPLEMENTED YET
C2FD  8D 07 20  STA $2007 = 00                  A:20 X:0F Y:0B P:25 SP:FB PPU: NOT IMPLEMENTED YET
C300  88        DEY                             A:20 X:0F Y:0B P:25 SP:FB PPU: NOT IMPLEMENTED YET
C301  D0 FA     BNE $C2FD                       A:20 X:0F Y:0A P:25 SP:FB PPU: NOT IMPLEMENTED YET
C2FD  8D 07 20  STA $2007 = 00                  A:20 X:0F Y:0A P:25 SP:FB PPU: NOT IMPLEMENTED YET
C300  88        DEY                             A:20 X:0F Y:0A P:25 SP:FB PPU: NOT IMPLEMENTED YET
C301  D0 FA     BNE $C2FD                       A:20 X:0F Y:09 P:25 SP:FB PPU: NOT IMPLEMENTED YET
C2FD  8D 07 20  STA $2007 = 00                  A:20 X:0F Y:09 P:25 SP:FB PPU: NOT IMPLEMENTED YET
C300  88        DEY                             A:20 X:0F Y:09 P:25 SP:FB PPU: NOT IMPLEMENTED YET
C301  D0 FA     BNE $C2FD                       A:20 X:0F Y:08 P:25 SP:FB PPU: NOT IMPLEMENTED YET
C2FD  8D 07 20  STA $2007 = 00                  A:20 X:0F Y:08 P:25 SP:FB PPU: NOT IMPLEMENTED YET
C300  88        DEY                             A:20 X:0F Y:08 P:25 SP:FB PPU: NOT IMPLEMENTED YET
C301  D0 FA     BNE $C2FD                       A:20 X:0F Y:07 P:25 SP:FB PPU: NOT IMPLEMENTED YET
C2FD  8D 07 20  STA $2007 = 00                  A:20 X:0F Y:07 P:25 SP:FB PPU: NOT IMPLEMENTED YET
C300  88        DEY                             A:20 X:0F Y:07 P:25 SP:FB PPU: NOT IMPLEMENTED YET
C301  D0 FA     BNE $C2FD                       A:20 X:0F Y:06 P:25 SP:FB PPU: NOT IMPLEMENTED YET
C2FD  8D 07 20  STA $2007 = 00                  A:20 X:0F Y:06 P:25 SP:FB PPU: NOT IMPLEMENTED YET
C300  88        DEY                             A:20 X:0F Y:06 P:25 SP:FB PPU: NOT IMPLEMENTED YET
C301  D0 FA     BNE $C2FD                       A:20 X:0F Y:05 P:25 SP:FB PPU: NOT IMPLEMENTED YET
C2FD  8D 07 20  STA $2007 = 00                  A:20 X:0F Y:05 P:25 SP:FB PPU: NOT IMPLEMENTED YET
C300  88        DEY                             A:20 X:0F Y:05 P:25 SP:FB PPU: NOT IMPLEMENTED YET
C301  D0 FA     BNE $C2FD                       A:20 X:0F Y:04 P:25 SP:FB PPU: NOT IMPLEMENTED YET
C2FD  8D 07 20  STA $2007 = 00                  A:20 X:0F Y:04 P:25 SP:FB PPU: NOT IMPLEMENTED YET
C300  88        DEY                             A:20 X:0F Y:04 P:25 SP:FB PPU: NOT IMPLEMENTED YET
C301  D0 FA     BNE $C2FD                       A:20 X:0F Y:03 P:25 SP:FB PPU: NOT IMPLEMENTED YET
C2FD  8D 07 20  STA $2007 = 00                  A:20 X:0F Y:03 P:25 SP:FB PPU: NOT IMPLEMENTED YET
C300  88        DEY                             A:20 X:0F Y:03 P:25 SP:FB PPU: NOT IMPLEMENTED YET
C301  D0 FA     BNE $C2FD                       A:20 X:0F Y:02 P:25 SP:FB PPU: NOT IMPLEMENTED YET
C2FD  8D 07 20  STA $2007 = 00                  A:20 X:0F Y:02 P:25 SP:FB PPU: NOT IMPLEMENTED YET
C300  88        DEY                             A:20 X:0F Y:02 P:25 SP:FB PPU: NOT IMPLEMENTED YET
C301  D0 FA     BNE $C2FD                       A:20 X:0F Y:01 P:25 SP:FB PPU: NOT IMPLEMENTED YET
C2FD  8D 07 20  STA $2007 = 00                  A:20 X:0F Y:01 P:25 SP:FB PPU: NOT IMPLEMENTED YET
C300  88        DEY                             A:20 X:0F Y:01 P:25 SP:FB PPU: NOT IMPLEMENTED YET
C301  D0 FA     BNE $C2FD                       A:20 X:0F Y:00 P:27 SP:FB PPU: NOT IMPLEMENTED YET
C303  CA        DEX                             A:20 X:0F Y:00 P:27 SP:FB PPU: NOT IMPLEMENTED YET
C304  D0 F5     BNE $C2FB                       A:20 X:0E Y:00 P:25 SP:FB PPU: NOT IMPLEMENTED YET
C2FB  A0 20     LDY #$20                        A:20 X:0E Y:00 P:25 SP:FB PPU: NOT IMPLEMENTED YET
C2FD  8D 07 20  STA $2007 = 00                  A:20 X:0E Y:20 P:25 SP:FB PPU: NOT IMPLEMENTED YET
C300  88        DEY                             A:20 X:0E Y:20 P:25 SP:FB PPU: NOT IMPLEMENTED YET
C301  D0 FA     BNE $C2FD                       A:20 X:0E Y:1F P:25 SP:FB PPU: NOT IMPLEMENTED YET
C2FD  8D 07 20  STA $2007 = 00                  A:20 X:0E Y:1F P:25 SP:FB PPU: NOT IMPLEMENTED YET
C300  88        DEY                             A:20 X:0E Y:1F P:25 SP:FB PPU: NOT IMPLEMENTED YET
C301  D0 FA     BNE $C2FD                       A:20 X:0E Y:1E P:25 SP:FB PPU: NOT IMPLEMENTED YET
C2FD  8D 07 20  STA $2007 = 00                  A:20 X:0E Y:1E P:25 SP:FB PPU: NOT IMPLEMENTED YET
C300  88        DEY                             A:20 X:0E Y:1E P:25 SP:FB PPU: NOT IMPLEMENTED YET
C301  D0 FA     BNE $C2FD                       A:20 X:0E Y:1D P:25 SP:FB PPU: NOT IMPLEMENTED YET
C2FD  8D 07 20  STA $2007 = 00                  A:20 X:0E Y:1D P:25 SP:FB PPU: NOT IMPLEMENTED YET
C300  88        DEY                             A:20 X:0E Y:1D P:25 SP:FB PPU: NOT IMPLEMENTED YET
C301  D0 FA     BNE $C2FD                       A:20 X:0E Y:1C P:25 SP:FB PPU: NOT IMPLEMENTED YET
C2FD  8D 07 20  STA $2007 = 00                  A:20 X:0E Y:1C P:25 SP:FB PPU: NOT IMPLEMENTED YET
C300  88        DEY                             A:20 X:0E Y:1C P:25 SP:FB PPU: NOT IMPLEMENTED YET
C301  D0 FA     BNE $C2FD                       A:20 X:0E Y:1B P:25 SP:FB PPU: NOT IMPLEMENTED YET
C2FD  8D 07 20  STA $2007 = 00                  A:20 X:0E Y:1B P:25 SP:FB PPU: NOT IMPLEMENTED YET
C300  88        DEY                             A:20 X:0E Y:1B P:25 SP:FB PPU: NOT IMPLEMENTED YET
C301  D0 FA     BNE $C2FD                       A:20 X:0E Y:1A P:25 SP:FB PPU: NOT IMPLEMENTED YET
C2FD  8D 07 20  STA $2007 = 00                  A:20 X:0E Y:1A P:25 SP:FB PPU: NOT IMPLEMENTED YET
C300  88        DEY                             A:20 X:0E Y:1A P:25 SP:FB PPU: NOT IMPLEMENTED YET
C301  D0 FA     BNE $C2FD                       A:20 X:0E Y:19 P:25 SP:FB PPU: NOT IMPLEMENTED YET
C2FD  8D 07 20  STA $2007 = 00                  A:20 X:0E Y:19 P:25 SP:FB PPU: NOT IMPLEMENTED YET
C300  88        DEY                             A:20 X:0E Y:19 P:25 SP:FB PPU: NOT IMPLEMENTED YET
C301  D0 FA     BNE $C2FD                       A:20 X:0E Y:18 P:25 SP:FB PPU: NOT IMPLEMENTED YET
C2FD  8D 07 20  STA $2007 = 00                  A:20 X:0E Y:18 P:25 SP:FB PPU: NOT IMPLEMENTED YET
C300  88        DEY                             A:20 X:0E Y:18 P:25 SP:FB PPU: NOT IMPLEMENTED YET
C301  D0 FA     BNE $C2FD                       A:20 X:0E Y:17 P:25 SP:FB PPU: NOT IMPLEMENTED YET
C2FD  8D 07 20  STA $2007 = 00                  A:20 X:0E Y:17 P:25 SP:FB PPU: NOT IMPLEMENTED YET
C300  88        DEY                             A:20 X:0E Y:17 P:25 SP:FB PPU: NOT IMPLEMENTED YET
C301  D0 FA     BNE $C2FD                       A:20 X:0E Y:16 P:25 SP:FB PPU: NOT IMPLEMENTED YET
C2FD  8D 07 20  STA $2007 = 00                  A:20 X:0E Y:16 P:25 SP:FB PPU: NOT IMPLEMENTED YET
C300  88        DEY                             A:20 X:0E Y:16 P:25 SP:FB PPU: NOT IMPLEMENTED YET
C301  D0 FA     BNE $C2FD                       A:20 X:0E Y:15 P:25 SP:FB PPU: NOT IMPLEMENTED YET
C2FD  8D 07 20  STA $2007 = 00                  A:20 X:0E Y:15 P:25 SP:FB PPU: NOT IMPLEMENTED YET
C300  88        DEY                             A:20 X:0E Y:15 P:25 SP:FB PPU: NOT IMPLEMENTED YET
C301  D0 FA     BNE $C2FD                       A:20 X:0E Y:14 P:25 SP:FB PPU: NOT IMPLEMENTED YET
C2FD  8D 07 20  STA $2007 = 00                  A:20 X:0E Y:14 P:25 SP:FB PPU: NOT IMPLEMENTED YET
C300  88        DEY                             A:20 X:0E Y:14 P:25 SP:FB PPU: NOT IMPLEMENTED YET
C301  D0 FA     BNE $C2FD                       A:20 X:0E Y:13 P:25 SP:FB PPU: NOT IMPLEMENTED YET
C2FD  8D 07 20  STA $2007 = 00                  A:20 X:0E Y:13 P:25 SP:FB PPU: NOT IMPLEMENTED YET
C300  88        DEY                             A:20 X:0E Y:13 P:25 SP:FB PPU: NOT IMPLEMENTED YET
C301  D0 FA     BNE $C2FD                       A:20 X:0E Y:12 P:25 SP:FB PPU: NOT IMPLEMENTED YET
C2FD  8D 07 20  STA $2007 = 00                  A:20 X:0E Y:12 P:25 SP:FB PPU: NOT IMPLEMENTED YET
C300  88        DEY                             A:20 X:0E Y:12 P:25 SP:FB PPU: NOT IMPLEMENTED YET
C301  D0 FA     BNE $C2FD                       A:20 X:0E Y:11 P:25 SP:FB PPU: NOT IMPLEMENTED YET
C2FD  8D 07 20  STA $2007 = 00                  A:20 X:0E Y:11 P:25 SP:FB PPU: NOT IMPLEMENTED YET
C300  88        DEY                             A:20 X:0E Y:11 P:25 SP:FB PPU: NOT IMPLEMENTED YET
C301  D0 FA     BNE $C2FD                       A:20 X:0E Y:10 P:25 SP:FB PPU: NOT IMPLEMENTED YET
C2FD  8D 07 20  STA $2007 = 00                  A:20 X:0E Y:10 P:25 SP:FB PPU: NOT IMPLEMENTED YET
C300  88        DEY                             A:20 X:0E Y:10 P:25 SP:FB PPU: NOT IMPLEMENTED YET
C301  D0 FA     BNE $C2FD                       A:20 X:0E Y:0F P:25 SP:FB PPU: NOT IMPLEMENTED YET
C2FD  8D 07 20  STA $2007 = 00                  A:20 X:0E Y:0F P:25 SP:FB PPU: NOT IMPLEMENTED YET
C300  88        DEY                             A:20 X:0E Y:0F P:25 SP:FB PPU: NOT IMPLEMENTED YET
C301  D0 FA     BNE $C2FD                       A:20 X:0E Y:0E P:25 SP:FB PPU: NOT IMPLEMENTED YET
C2FD  8D 07 20  STA $2007 = 00                  A:20 X:0E Y:0E P:25 SP:FB PPU: NOT IMPLEMENTED YET
C300  88        DEY                             A:20 X:0E Y:0E P:25 SP:FB PPU: NOT IMPLEMENTED YET
C301  D0 FA     BNE $C2FD                       A:20 X:0E Y:0D P:25 SP:FB PPU: NOT IMPLEMENTED YET
C2FD  8D 07 20  STA $2007 = 00                  A:20 X:0E Y:0D P:25 SP:FB PPU: NOT IMPLEMENTED YET
C300  88        DEY                             A:20 X:0E Y:0D P:25 SP:FB PPU: NOT IMPLEMENTED YET
C301  D0 FA     BNE $C2FD                       A:20 X:0E Y:0C P:25 SP:FB PPU: NOT IMPLEMENTED YET
C2FD  8D 07 20  STA $2007 = 00                  A:20 X:0E Y:0C P:25 SP:FB PPU: NOT IMPLEMENTED YET
C300  88        DEY                             A:20 X:0E Y:0C P:25 SP:FB PPU: NOT IMPLEMENTED YET
C301  D0 FA     BNE $C2FD                       A:20 X:0E Y:0B P:25 SP:FB PPU: NOT IMPLEMENTED YET
C2FD  8D 07 20  STA $2007 = 00                  A:20 X:0E Y:0B P:25 SP:FB PPU: NOT IMPLEMENTED YET
C300  88        DEY                             A:20 X:0E Y:0B P:25 SP:FB PPU: NOT IMPLEMENTED YET
C301  D0 FA     BNE $C2FD                       A:20 X:0E Y:0A P:25 SP:FB PPU: NOT IMPLEMENTED YET
C2FD  8D 07 20  STA $2007 = 00                  A:20 X:0E Y:0A P:25 SP:FB PPU: NOT IMPLEMENTED YET
C300  88        DEY                             A:20 X:0E Y:0A P:25 SP:FB PPU: NOT IMPLEMENTED YET
C301  D0 FA     BNE $C2FD                       A:20 X:0E Y:09 P:25 SP:FB PPU: NOT IMPLEMENTED YET
C2FD  8D 07 20  STA $2007 = 00                  A:20 X:0E Y:09 P:25 SP:FB PPU: NOT IMPLEMENTED YET
C300  88        DEY                             A:20 X:0E Y:09 P:25 SP:FB PPU: NOT IMPLEMENTED YET
C301  D0 FA     BNE $C2FD                       A:20 X:0E Y:08 P:25 SP:FB PPU: NOT IMPLEMENTED YET
C2FD  8D 07 20  STA $2007 = 00                  A:20 X:0E Y:08 P:25 SP:FB PPU: NOT IMPLEMENTED YET
C300  88        DEY                             A:20 X:0E Y:08 P:25 SP:FB PPU: NOT IMPLEMENTED YET
C301  D0 FA     BNE $C2FD                       A:20 X:0E Y:07 P:25 SP:FB PPU: NOT IMPLEMENTED YET
C2FD  8D 07 20  STA $2007 = 00                  A:20 X:0E Y:07 P:25 SP:FB PPU: NOT IMPLEMENTED YET
C300  88        DEY                             A:20 X:0E Y:07 P:25 SP:FB PPU: NOT IMPLEMENTED YET
C301  D0 FA     BNE $C2FD                       A:20 X:0E Y:06 P:25 SP:FB PPU: NOT IMPLEMENTED YET
C2FD  8D 07 20  STA $2007 = 00                  A:20 X:0E Y:06 P:25 SP:FB PPU: NOT IMPLEMENTED YET
C300  88        DEY                             A:20 X:0E Y:06 P:25 SP:FB PPU: NOT IMPLEMENTED YET
C301  D0 FA     BNE $C2FD                       A:20 X:0E Y:05 P:25 SP:FB PPU: NOT IMPLEMENTED YET
C2FD  8D 07 20  STA $2007 = 00                  A:20 X:0E Y:05 P:25 SP:FB PPU: NOT IMPLEMENTED YET
C300  88        DEY                             A:20 X:0E Y:05 P:25 SP:FB PPU: NOT IMPLEMENTED YET
C301  D0 FA     BNE $C2FD                       A:20 X:0E Y:04 P:25 SP:FB PPU: NOT IMPLEMENTED YET
C2FD  8D 07 20  STA $2007 = 00                  A:20 X:0E Y:04 P:25 SP:FB PPU: NOT IMPLEMENTED YET
C300  88        DEY                             A:20 X:0E Y:04 P:25 SP:FB PPU: NOT IMPLEMENTED YET
C301  D0 FA     BNE $C2FD                       A:20 X:0E Y:03 P:25 SP:FB PPU: NOT IMPLEMENTED YET
C2FD  8D 07 20  STA $2007 = 00                  A:20 X:0E Y:03 P:25 SP:FB PPU: NOT IMPLEMENTED YET
C300  88        DEY                             A:20 X:0E Y:03 P:25 SP:FB PPU: NOT IMPLEMENTED YET
C301  D0 FA     BNE $C2FD                       A:20 X:0E Y:02 P:25 SP:FB PPU: NOT IMPLEMENTED YET
C2FD  8D 07 20  STA $2007 = 00                  A:20 X:0E Y:02 P:25 SP:FB PPU: NOT IMPLEMENTED YET
C300  88        DEY                             A:20 X:0E Y:02 P:25 SP:FB PPU: NOT IMPLEMENTED YET
C301  D0 FA     BNE $C2FD                       A:20 X:0E Y:01 P:25 SP:FB PPU: NOT IMPLEMENTED YET
C2FD  8D 07 20  STA $2007 = 00                  A:20 X:0E Y:01 P:25 SP:FB PPU: NOT IMPLEMENTED YET
C300  88        DEY                             A:20 X:0E Y:01 P:25 SP:FB PPU: NOT IMPLEMENTED YET
C301  D0 FA     BNE $C2FD                       A:20 X:0E Y:00 P:27 SP:FB PPU: NOT IMPLEMENTED YET
C303  CA        DEX                             A:20 X:0E Y:00 P:27 SP:FB PPU: NOT IMPLEMENTED YET
C304  D0 F5     BNE $C2FB                       A:20 X:0D Y:00 P:25 SP:FB PPU: NOT IMPLEMENTED YET
C2FB  A0 20     LDY #$20                        A:20 X:0D Y:00 P:25 SP:FB PPU: NOT IMPLEMENTED YET
C2FD  8D 07 20  STA $2007 = 00                  A:20 X:0D Y:20 P:25 SP:FB PPU: NOT IMPLEMENTED YET
C300  88        DEY                             A:20 X:0D Y:20 P:25 SP:FB PPU: NOT IMPLEMENTED YET
C301  D0 FA     BNE $C2FD                       A:20 X:0D Y:1F P:25 SP:FB PPU: NOT IMPLEMENTED YET
C2FD  8D 07 20  STA $2007 = 00                  A:20 X:0D Y:1F P:25 SP:FB PPU: NOT IMPLEMENTED YET
C300  88        DEY                             A:20 X:0D Y:1F P:25 SP:FB PPU: NOT IMPLEMENTED YET
C301  D0 FA     BNE $C2FD                       A:20 X:0D Y:1E P:25 SP:FB PPU: NOT IMPLEMENTED YET
C2FD  8D 07 20  STA $2007 = 00                  A:20 X:0D Y:1E P:25 SP:FB PPU: NOT IMPLEMENTED YET
C300  88        DEY                             A:20 X:0D Y:1E P:25 SP:FB PPU: NOT IMPLEMENTED YET
C301  D0 FA     BNE $C2FD                       A:20 X:0D Y:1D P:25 SP:FB PPU: NOT IMPLEMENTED YET
C2FD  8D 07 20  STA $2007 = 00                  A:20 X:0D Y:1D P:25 SP:FB PPU: NOT IMPLEMENTED YET
C300  88        DEY                             A:20 X:0D Y:1D P:25 SP:FB PPU: NOT IMPLEMENTED YET
C301  D0 FA     BNE $C2FD                       A:20 X:0D Y:1C P:25 SP:FB PPU: NOT IMPLEMENTED YET
C2FD  8D 07 20  STA $2007 = 00                  A:20 X:0D Y:1C P:25 SP:FB PPU: NOT IMPLEMENTED YET
C300  88        DEY                             A:20 X:0D Y:1C P:25 SP:FB PPU: NOT IMPLEMENTED YET
C301  D0 FA     BNE $C2FD                       A:20 X:0D Y:1B P:25 SP:FB PPU: NOT IMPLEMENTED YET
C2FD  8D 07 20  STA $2007 = 00                  A:20 X:0D Y:1B P:25 SP:FB PPU: NOT IMPLEMENTED YET
C300  88        DEY                             A:20 X:0D Y:1B P:25 SP:FB PPU: NOT IMPLEMENTED YET
C301  D0 FA     BNE $C2FD                       A:20 X:0D Y:1A P:25 SP:FB PPU: NOT IMPLEMENTED YET
C2FD  8D 07 20  STA $2007 = 00                  A:20 X:0D Y:1A P:25 SP:FB PPU: NOT IMPLEMENTED YET
C300  88        DEY                             A:20 X:0D Y:1A P:25 SP:FB PPU: NOT IMPLEMENTED YET
C301  D0 FA     BNE $C2FD                       A:20 X:0D Y:19 P:25 SP:FB PPU: NOT IMPLEMENTED YET
C2FD  8D 07 20  STA $2007 = 00                  A:20 X:0D Y:19 P:25 SP:FB PPU: NOT IMPLEMENTED YET
C300  88        DEY                             A:20 X:0D Y:19 P:25 SP:FB PPU: NOT IMPLEMENTED YET
C301  D0 FA     BNE $C2FD                       A:20 X:0D Y:18 P:25 SP:FB PPU: NOT IMPLEMENTED YET
C2FD  8D 07 20  STA $2007 = 00                  A:20 X:0D Y:18 P:25 SP:FB PPU: NOT IMPLEMENTED YET
C300  88        DEY                             A:20 X:0D Y:18 P:25 SP:FB PPU: NOT IMPLEMENTED YET
C301  D0 FA     BNE $C2FD                       A:20 X:0D Y:17 P:25 SP:FB PPU: NOT IMPLEMENTED YET
C2FD  8D 07 20  STA $2007 = 00                  A:20 X:0D Y:17 P:25 SP:FB PPU: NOT IMPLEMENTED YET
C300  88        DEY                             A:20 X:0D Y:17 P:25 SP:FB PPU: NOT IMPLEMENTED YET
C301  D0 FA     BNE $C2FD                       A:20 X:0D Y:16 P:25 SP:FB PPU: NOT IMPLEMENTED YET
C2FD  8D 07 20  STA $2007 = 00                  A:20 X:0D Y:16 P:25 SP:FB PPU: NOT IMPLEMENTED YET
C300  88        DEY                             A:20 X:0D Y:16 P:25 SP:FB PPU: NOT IMPLEMENTED YET
C301  D0 FA     BNE $C2FD                       A:20 X:0D Y:15 P:25 SP:FB PPU: NOT IMPLEMENTED YET
C2FD  8D 07 20  STA $2007 = 00                  A:20 X:0D Y:15 P:25 SP:FB PPU: NOT IMPLEMENTED YET
C300  88        DEY                             A:20 X:0D Y:15 P:25 SP:FB PPU: NOT IMPLEMENTED YET
C301  D0 FA     BNE $C2FD                       A:20 X:0D Y:14 P:25 SP:FB PPU: NOT IMPLEMENTED YET
C2FD  8D 07 20  STA $2007 = 00                  A:20 X:0D Y:14 P:25 SP:FB PPU: NOT IMPLEMENTED YET
C300  88        DEY                             A:20 X:0D Y:14 P:25 SP:FB PPU: NOT IMPLEMENTED YET
C301  D0 FA     BNE $C2FD                       A:20 X:0D Y:13 P:25 SP:FB PPU: NOT IMPLEMENTED YET
C2FD  8D 07 20  STA $2007 = 00                  A:20 X:0D Y:13 P:25 SP:FB PPU: NOT IMPLEMENTED YET
C300  88        DEY                             A:20 X:0D Y:13 P:25 SP:FB PPU: NOT IMPLEMENTED YET
C301  D0 FA     BNE $C2FD                       A:20 X:0D Y:12 P:25 SP:FB PPU: NOT IMPLEMENTED YET
C2FD  8D 07 20  STA $2007 = 00                  A:20 X:0D Y:12 P:25 SP:FB PPU: NOT IMPLEMENTED YET
C300  88        DEY                             A:20 X:0D Y:12 P:25 SP:FB PPU: NOT IMPLEMENTED YET
C301  D0 FA     BNE $C2FD                       A:20 X:0D Y:11 P:25 SP:FB PPU: NOT IMPLEMENTED YET
C2FD  8D 07 20  STA $2007 = 00                  A:20 X:0D Y:11 P:25 SP:FB PPU: NOT IMPLEMENTED YET
C300  88        DEY                             A:20 X:0D Y:11 P:25 SP:FB PPU: NOT IMPLEMENTED YET
C301  D0 FA     BNE $C2FD                       A:20 X:0D Y:10 P:25 SP:FB PPU: NOT IMPLEMENTED YET
C2FD  8D 07 20  STA $2007 = 00                  A:20 X:0D Y:10 P:25 SP:FB PPU: NOT IMPLEMENTED YET
C300  88        DEY                             A:20 X:0D Y:10 P:25 SP:FB PPU: NOT IMPLEMENTED YET
C301  D0 FA     BNE $C2FD                       A:20 X:0D Y:0F P:25 SP:FB PPU: NOT IMPLEMENTED YET
C2FD  8D 07 20  STA $2007 = 00                  A:20 X:0D Y:0F P:25 SP:FB PPU: NOT IMPLEMENTED YET
C300  88        DEY                             A:20 X:0D Y:0F P:25 SP:FB PPU: NOT IMPLEMENTED YET
C301  D0 FA     BNE $C2FD                       A:20 X:0D Y:0E P:25 SP:FB PPU: NOT IMPLEMENTED YET
C2FD  8D 07 20  STA $2007 = 00                  A:20 X:0D Y:0E P:25 SP:FB PPU: NOT IMPLEMENTED YET
C300  88        DEY                             A:20 X:0D Y:0E P:25 SP:FB PPU: NOT IMPLEMENTED YET
C301  D0 FA     BNE $C2FD                       A:20 X:0D Y:0D P:25 SP:FB PPU: NOT IMPLEMENTED YET
C2FD  8D 07 20  STA $2007 = 00                  A:20 X:0D Y:0D P:25 SP:FB PPU: NOT IMPLEMENTED YET
C300  88        DEY                             A:20 X:0D Y:0D P:25 SP:FB PPU: NOT IMPLEMENTED YET
C301  D0 FA     BNE $C2FD                       A:20 X:0D Y:0C P:25 SP:FB PPU: NOT IMPLEMENTED YET
C2FD  8D 07 20  STA $2007 = 00                  A:20 X:0D Y:0C P:25 SP:FB PPU: NOT IMPLEMENTED YET
C300  88        DEY                             A:20 X:0D Y:0C P:25 SP:FB PPU: NOT IMPLEMENTED YET
C301  D0 FA     BNE $C2FD                       A:20 X:0D Y:0B P:25 SP:FB PPU: NOT IMPLEMENTED YET
C2FD  8D 07 20  STA $2007 = 00                  A:20 X:0D Y:0B P:25 SP:FB PPU: NOT IMPLEMENTED YET
C300  88        DEY                             A:20 X:0D Y:0B P:25 SP:FB PPU: NOT IMPLEMENTED YET
C301  D0 FA     BNE $C2FD                       A:20 X:0D Y:0A P:25 SP:FB PPU: NOT IMPLEMENTED YET
C2FD  8D 07 20  STA $2007 = 00                  A:20 X:0D Y:0A P:25 SP:FB PPU: NOT IMPLEMENTED YET
C300  88        DEY                             A:20 X:0D Y:0A P:25 SP:FB PPU: NOT IMPLEMENTED YET
C301  D0 FA     BNE $C2FD                       A:20 X:0D Y:09 P:25 SP:FB PPU: NOT IMPLEMENTED YET
C2FD  8D 07 20  STA $2007 = 00                  A:20 X:0D Y:09 P:25 SP:FB PPU: NOT IMPLEMENTED YET
C300  88        DEY                             A:20 X:0D Y:09 P:25 SP:FB PPU: NOT IMPLEMENTED YET
C301  D0 FA     BNE $C2FD                       A:20 X:0D Y:08 P:25 SP:FB PPU: NOT IMPLEMENTED YET
C2FD  8D 07 20  STA $2007 = 00                  A:20 X:0D Y:08 P:25 SP:FB PPU: NOT IMPLEMENTED YET
C300  88        DEY                             A:20 X:0D Y:08 P:25 SP:FB PPU: NOT IMPLEMENTED YET
C301  D0 FA     BNE $C2FD                       A:20 X:0D Y:07 P:25 SP:FB PPU: NOT IMPLEMENTED YET
C2FD  8D 07 20  STA $2007 = 00                  A:20 X:0D Y:07 P:25 SP:FB PPU: NOT IMPLEMENTED YET
C300  88        DEY                             A:20 X:0D Y:07 P:25 SP:FB PPU: NOT IMPLEMENTED YET
C301  D0 FA     BNE $C2FD                       A:20 X:0D Y:06 P:25 SP:FB PPU: NOT IMPLEMENTED YET
C2FD  8D 07 20  STA $2007 = 00                  A:20 X:0D Y:06 P:25 SP:FB PPU: NOT IMPLEMENTED YET
C300  88        DEY                             A:20 X:0D Y:06 P:25 SP:FB PPU: NOT IMPLEMENTED YET
C301  D0 FA     BNE $C2FD                       A:20 X:0D Y:05 P:25 SP:FB PPU: NOT IMPLEMENTED YET
C2FD  8D 07 20  STA $2007 = 00                  A:20 X:0D Y:05 P:25 SP:FB PPU: NOT IMPLEMENTED YET
C300  88        DEY                             A:20 X:0D Y:05 P:25 SP:FB PPU: NOT IMPLEMENTED YET
C301  D0 FA     BNE $C2FD                       A:20 X:0D Y:04 P:25 SP:FB PPU: NOT IMPLEMENTED YET
C2FD  8D 07 20  STA $2007 = 00                  A:20 X:0D Y:04 P:25 SP:FB PPU: NOT IMPLEMENTED YET
C300  88        DEY                             A:20 X:0D Y:04 P:25 SP:FB PPU: NOT IMPLEMENTED YET
C301  D0 FA     BNE $C2FD                       A:20 X:0D Y:03 P:25 SP:FB PPU: NOT IMPLEMENTED YET
C2FD  8D 07 20  STA $2007 = 00                  A:20 X:0D Y:03 P:25 SP:FB PPU: NOT IMPLEMENTED YET
C300  88        DEY                             A:20 X:0D Y:03 P:25 SP:FB PPU: NOT IMPLEMENTED YET
C301  D0 FA     BNE $C2FD                       A:20 X:0D Y:02 P:25 SP:FB PPU: NOT IMPLEMENTED YET
C2FD  8D 07 20  STA $2007 = 00                  A:20 X:0D Y:02 P:25 SP:FB PPU: NOT IMPLEMENTED YET
C300  88        DEY                             A:20 X:0D Y:02 P:25 SP:FB PPU: NOT IMPLEMENTED YET
C301  D0 FA     BNE $C2FD                       A:20 X:0D Y:01 P:25 SP:FB PPU: NOT IMPLEMENTED YET
C2FD  8D 07 20  STA $2007 = 00                  A:20 X:0D Y:01 P:25 SP:FB PPU: NOT IMPLEMENTED YET
C300  88        DEY                             A:20 X:0D Y:01 P:25 SP:FB PPU: NOT IMPLEMENTED YET
C301  D0 FA     BNE $C2FD                       A:20 X:0D Y:00 P:27 SP:FB PPU: NOT IMPLEMENTED YET
C303  CA        DEX                             A:20 X:0D Y:00 P:27 SP:FB PPU: NOT IMPLEMENTED YET
C304  D0 F5     BNE $C2FB                       A:20 X:0C Y:00 P:25 SP:FB PPU: NOT IMPLEMENTED YET
C2FB  A0 20     LDY #$20                        A:20 X:0C Y:00 P:25 SP:FB PPU: NOT IMPLEMENTED YET
C2FD  8D 07 20  STA $2007 = 00                  A:20 X:0C Y:20 P:25 SP:FB PPU: NOT IMPLEMENTED YET
C300  88        DEY                             A:20 X:0C Y:20 P:25 SP:FB PPU: NOT IMPLEMENTED YET
C301  D0 FA     BNE $C2FD                       A:20 X:0C Y:1F P:25 SP:FB PPU: NOT IMPLEMENTED YET
C2FD  8D 07 20  STA $2007 = 00                  A:20 X:0C Y:1F P:25 SP:FB PPU: NOT IMPLEMENTED YET
C300  88        DEY                             A:20 X:0C Y:1F P:25 SP:FB PPU: NOT IMPLEMENTED YET
C301  D0 FA     BNE $C2FD                       A:20 X:0C Y:1E P:25 SP:FB PPU: NOT IMPLEMENTED YET
C2FD  8D 07 20  STA $2007 = 00                  A:20 X:0C Y:1E P:25 SP:FB PPU: NOT IMPLEMENTED YET
C300  88        DEY                             A:20 X:0C Y:1E P:25 SP:FB PPU: NOT IMPLEMENTED YET
C301  D0 FA     BNE $C2FD                       A:20 X:0C Y:1D P:25 SP:FB PPU: NOT IMPLEMENTED YET
C2FD  8D 07 20  STA $2007 = 00                  A:20 X:0C Y:1D P:25 SP:FB PPU: NOT IMPLEMENTED YET
C300  88        DEY                             A:20 X:0C Y:1D P:25 SP:FB PPU: NOT IMPLEMENTED YET
C301  D0 FA     BNE $C2FD                       A:20 X:0C Y:1C P:25 SP:FB PPU: NOT IMPLEMENTED YET
C2FD  8D 07 20  STA $2007 = 00                  A:20 X:0C Y:1C P:25 SP:FB PPU: NOT IMPLEMENTED YET
C300  88        DEY                             A:20 X:0C Y:1C P:25 SP:FB PPU: NOT IMPLEMENTED YET
C301  D0 FA     BNE $C2FD                       A:20 X:0C Y:1B P:25 SP:FB PPU: NOT IMPLEMENTED YET
C2FD  8D 07 20  STA $2007 = 00                  A:20 X:0C Y:1B P:25 SP:FB PPU: NOT IMPLEMENTED YET
C300  88        DEY                             A:20 X:0C Y:1B P:25 SP:FB PPU: NOT IMPLEMENTED YET
C301  D0 FA     BNE $C2FD                       A:20 X:0C Y:1A P:25 SP:FB PPU: NOT IMPLEMENTED YET
C2FD  8D 07 20  STA $2007 = 00                  A:20 X:0C Y:1A P:25 SP:FB PPU: NOT IMPLEMENTED YET
C300  88        DEY                             A:20 X:0C Y:1A P:25 SP:FB PPU: NOT IMPLEMENTED YET
C301  D0 FA     BNE $C2FD                       A:20 X:0C Y:19 P:25 SP:FB PPU: NOT IMPLEMENTED YET
C2FD  8D 07 20  STA $2007 = 00                  A:20 X:0C Y:19 P:25 SP:FB PPU: NOT IMPLEMENTED YET
C300  88        DEY                             A:20 X:0C Y:19 P:25 SP:FB PPU: NOT IMPLEMENTED YET
C301  D0 FA     BNE $C2FD                       A:20 X:0C Y:18 P:25 SP:FB PPU: NOT IMPLEMENTED YET
C2FD  8D 07 20  STA $2007 = 00                  A:20 X:0C Y:18 P:25 SP:FB PPU: NOT IMPLEMENTED YET
C300  88        DEY                             A:20 X:0C Y:18 P:25 SP:FB PPU: NOT IMPLEMENTED YET
C301  D0 FA     BNE $C2FD                       A:20 X:0C Y:17 P:25 SP:FB PPU: NOT IMPLEMENTED YET
C2FD  8D 07 20  STA $2007 = 00                  A:20 X:0C Y:17 P:25 SP:FB PPU: NOT IMPLEMENTED YET
C300  88        DEY                             A:20 X:0C Y:17 P:25 SP:FB PPU: NOT IMPLEMENTED YET
C301  D0 FA     BNE $C2FD                       A:20 X:0C Y:16 P:25 SP:FB PPU: NOT IMPLEMENTED YET
C2FD  8D 07 20  STA $2007 = 00                  A:20 X:0C Y:16 P:25 SP:FB PPU: NOT IMPLEMENTED YET
C300  88        DEY                             A:20 X:0C Y:16 P:25 SP:FB PPU: NOT IMPLEMENTED YET
C301  D0 FA     BNE $C2FD                       A:20 X:0C Y:15 P:25 SP:FB PPU: NOT IMPLEMENTED YET
C2FD  8D 07 20  STA $2007 = 00                  A:20 X:0C Y:15 P:25 SP:FB PPU: NOT IMPLEMENTED YET
C300  88        DEY                             A:20 X:0C Y:15 P:25 SP:FB PPU: NOT IMPLEMENTED YET
C301  D0 FA     BNE $C2FD                       A:20 X:0C Y:14 P:25 SP:FB PPU: NOT IMPLEMENTED YET
C2FD  8D 07 20  STA $2007 = 00                  A:20 X:0C Y:14 P:25 SP:FB PPU: NOT IMPLEMENTED YET
C300  88        DEY                             A:20 X:0C Y:14 P:25 SP:FB PPU: NOT IMPLEMENTED YET
C301  D0 FA     BNE $C2FD                       A:20 X:0C Y:13 P:25 SP:FB PPU: NOT IMPLEMENTED YET
C2FD  8D 07 20  STA $2007 = 00                  A:20 X:0C Y:13 P:25 SP:FB PPU: NOT IMPLEMENTED YET
C300  88        DEY                             A:20 X:0C Y:13 P:25 SP:FB PPU: NOT IMPLEMENTED YET
C301  D0 FA     BNE $C2FD                       A:20 X:0C Y:12 P:25 SP:FB PPU: NOT IMPLEMENTED YET
C2FD  8D 07 20  STA $2007 = 00                  A:20 X:0C Y:12 P:25 SP:FB PPU: NOT IMPLEMENTED YET
C300  88        DEY                             A:20 X:0C Y:12 P:25 SP:FB PPU: NOT IMPLEMENTED YET
C301  D0 FA     BNE $C2FD                       A:20 X:0C Y:11 P:25 SP:FB PPU: NOT IMPLEMENTED YET
C2FD  8D 07 20  STA $2007 = 00                  A:20 X:0C Y:11 P:25 SP:FB PPU: NOT IMPLEMENTED YET
C300  88        DEY                             A:20 X:0C Y:11 P:25 SP:FB PPU: NOT IMPLEMENTED YET
C301  D0 FA     BNE $C2FD                       A:20 X:0C Y:10 P:25 SP:FB PPU: NOT IMPLEMENTED YET
C2FD  8D 07 20  STA $2007 = 00                  A:20 X:0C Y:10 P:25 SP:FB PPU: NOT IMPLEMENTED YET
C300  88        DEY                             A:20 X:0C Y:10 P:25 SP:FB PPU: NOT IMPLEMENTED YET
C301  D0 FA     BNE $C2FD                       A:20 X:0C Y:0F P:25 SP:FB PPU: NOT IMPLEMENTED YET
C2FD  8D 07 20  STA $2007 = 00                  A:20 X:0C Y:0F P:25 SP:FB PPU: NOT IMPLEMENTED YET
C300  88        DEY                             A:20 X:0C Y:0F P:25 SP:FB PPU: NOT IMPLEMENTED YET
C301  D0 FA     BNE $C2FD                       A:20 X:0C Y:0E P:25 SP:FB PPU: NOT IMPLEMENTED YET
C2FD  8D 07 20  STA $2007 = 00                  A:20 X:0C Y:0E P:25 SP:FB PPU: NOT IMPLEMENTED YET
C300  88        DEY                             A:20 X:0C Y:0E P:25 SP:FB PPU: NOT IMPLEMENTED YET
C301  D0 FA     BNE $C2FD                       A:20 X:0C Y:0D P:25 SP:FB PPU: NOT IMPLEMENTED YET
C2FD  8D 07 20  STA $2007 = 00                  A:20 X:0C Y:0D P:25 SP:FB PPU: NOT IMPLEMENTED YET
C300  88        DEY                             A:20 X:0C Y:0D P:25 SP:FB PPU: NOT IMPLEMENTED YET
C301  D0 FA     BNE $C2FD                       A:20 X:0C Y:0C P:25 SP:FB PPU: NOT IMPLEMENTED YET
C2FD  8D 07 20  STA $2007 = 00                  A:20 X:0C Y:0C P:25 SP:FB PPU: NOT IMPLEMENTED YET
C300  88        DEY                             A:20 X:0C Y:0C P:25 SP:FB PPU: NOT IMPLEMENTED YET
C301  D0 FA     BNE $C2FD                       A:20 X:0C Y:0B P:25 SP:FB PPU: NOT IMPLEMENTED YET
C2FD  8D 07 20  STA $2007 = 00                  A:20 X:0C Y:0B P:25 SP:FB PPU: NOT IMPLEMENTED YET
C300  88        DEY                             A:20 X:0C Y:0B P:25 SP:FB PPU: NOT IMPLEMENTED YET
C301  D0 FA     BNE $C2FD                       A:20 X:0C Y:0A P:25 SP:FB PPU: NOT IMPLEMENTED YET
C2FD  8D 07 20  STA $2007 = 00                  A:20 X:0C Y:0A P:25 SP:FB PPU: NOT IMPLEMENTED YET
C300  88        DEY                             A:20 X:0C Y:0A P:25 SP:FB PPU: NOT IMPLEMENTED YET
C301  D0 FA     BNE $C2FD                       A:20 X:0C Y:09 P:25 SP:FB PPU: NOT IMPLEMENTED YET
C2FD  8D 07 20  STA $2007 = 00                  A:20 X:0C Y:09 P:25 SP:FB PPU: NOT IMPLEMENTED YET
C300  88        DEY                             A:20 X:0C Y:09 P:25 SP:FB PPU: NOT IMPLEMENTED YET
C301  D0 FA     BNE $C2FD                       A:20 X:0C Y:08 P:25 SP:FB PPU: NOT IMPLEMENTED YET
C2FD  8D 07 20  STA $2007 = 00                  A:20 X:0C Y:08 P:25 SP:FB PPU: NOT IMPLEMENTED YET
C300  88        DEY                             A:20 X:0C Y:08 P:25 SP:FB PPU: NOT IMPLEMENTED YET
C301  D0 FA     BNE $C2FD                       A:20 X:0C Y:07 P:25 SP:FB PPU: NOT IMPLEMENTED YET
C2FD  8D 07 20  STA $2007 = 00                  A:20 X:0C Y:07 P:25 SP:FB PPU: NOT IMPLEMENTED YET
C300  88        DEY                             A:20 X:0C Y:07 P:25 SP:FB PPU: NOT IMPLEMENTED YET
C301  D0 FA     BNE $C2FD                       A:20 X:0C Y:06 P:25 SP:FB PPU: NOT IMPLEMENTED YET
C2FD  8D 07 20  STA $2007 = 00                  A:20 X:0C Y:06 P:25 SP:FB PPU: NOT IMPLEMENTED YET
C300  88        DEY                             A:20 X:0C Y:06 P:25 SP:FB PPU: NOT IMPLEMENTED YET
C301  D0 FA     BNE $C2FD                       A:20 X:0C Y:05 P:25 SP:FB PPU: NOT IMPLEMENTED YET
C2FD  8D 07 20  STA $2007 = 00                  A:20 X:0C Y:05 P:25 SP:FB PPU: NOT IMPLEMENTED YET
C300  88        DEY                             A:20 X:0C Y:05 P:25 SP:FB PPU: NOT IMPLEMENTED YET
C301  D0 FA     BNE $C2FD                       A:20 X:0C Y:04 P:25 SP:FB PPU: NOT IMPLEMENTED YET
C2FD  8D 07 20  STA $2007 = 00                  A:20 X:0C Y:04 P:25 SP:FB PPU: NOT IMPLEMENTED YET
C300  88        DEY                             A:20 X:0C Y:04 P:25 SP:FB PPU: NOT IMPLEMENTED YET
C301  D0 FA     BNE $C2FD                       A:20 X:0C Y:03 P:25 SP:FB PPU: NOT IMPLEMENTED YET
C2FD  8D 07 20  STA $2007 = 00                  A:20 X:0C Y:03 P:25 SP:FB PPU: NOT IMPLEMENTED YET
C300  88        DEY                             A:20 X:0C Y:03 P:25 SP:FB PPU: NOT IMPLEMENTED YET
C301  D0 FA     BNE $C2FD                       A:20 X:0C Y:02 P:25 SP:FB PPU: NOT IMPLEMENTED YET
C2FD  8D 07 20  STA $2007 = 00                  A:20 X:0C Y:02 P:25 SP:FB PPU: NOT IMPLEMENTED YET
C300  88        DEY                             A:20 X:0C Y:02 P:25 SP:FB PPU: NOT IMPLEMENTED YET
C301  D0 FA     BNE $C2FD                       A:20 X:0C Y:01 P:25 SP:FB PPU: NOT IMPLEMENTED YET
C2FD  8D 07 20  STA $2007 = 00                  A:20 X:0C Y:01 P:25 SP:FB PPU: NOT IMPLEMENTED YET
C300  88        DEY                             A:20 X:0C Y:01 P:25 SP:FB PPU: NOT IMPLEMENTED YET
C301  D0 FA     BNE $C2FD                       A:20 X:0C Y:00 P:27 SP:FB PPU: NOT IMPLEMENTED YET
C303  CA        DEX                             A:20 X:0C Y:00 P:27 SP:FB PPU: NOT IMPLEMENTED YET
C304  D0 F5     BNE $C2FB                       A:20 X:0B Y:00 P:25 SP:FB PPU: NOT IMPLEMENTED YET
C2FB  A0 20     LDY #$20                        A:20 X:0B Y:00 P:25 SP:FB PPU: NOT IMPLEMENTED YET
C2FD  8D 07 20  STA $2007 = 00                  A:20 X:0B Y:20 P:25 SP:FB PPU: NOT IMPLEMENTED YET
C300  88        DEY                             A:20 X:0B Y:20 P:25 SP:FB PPU: NOT IMPLEMENTED YET
C301  D0 FA     BNE $C2FD                       A:20 X:0B Y:1F P:25 SP:FB PPU: NOT IMPLEMENTED YET
C2FD  8D 07 20  STA $2007 = 00                  A:20 X:0B Y:1F P:25 SP:FB PPU: NOT IMPLEMENTED YET
C300  88        DEY                             A:20 X:0B Y:1F P:25 SP:FB PPU: NOT IMPLEMENTED YET
C301  D0 FA     BNE $C2FD                       A:20 X:0B Y:1E P:25 SP:FB PPU: NOT IMPLEMENTED YET
C2FD  8D 07 20  STA $2007 = 00                  A:20 X:0B Y:1E P:25 SP:FB PPU: NOT IMPLEMENTED YET
C300  88        DEY                             A:20 X:0B Y:1E P:25 SP:FB PPU: NOT IMPLEMENTED YET
C301  D0 FA     BNE $C2FD                       A:20 X:0B Y:1D P:25 SP:FB PPU: NOT IMPLEMENTED YET
C2FD  8D 07 20  STA $2007 = 00                  A:20 X:0B Y:1D P:25 SP:FB PPU: NOT IMPLEMENTED YET
C300  88        DEY                             A:20 X:0B Y:1D P:25 SP:FB PPU: NOT IMPLEMENTED YET
C301  D0 FA     BNE $C2FD                       A:20 X:0B Y:1C P:25 SP:FB PPU: NOT IMPLEMENTED YET
C2FD  8D 07 20  STA $2007 = 00                  A:20 X:0B Y:1C P:25 SP:FB PPU: NOT IMPLEMENTED YET
C300  88        DEY                             A:20 X:0B Y:1C P:25 SP:FB PPU: NOT IMPLEMENTED YET
C301  D0 FA     BNE $C2FD                       A:20 X:0B Y:1B P:25 SP:FB PPU: NOT IMPLEMENTED YET
C2FD  8D 07 20  STA $2007 = 00                  A:20 X:0B Y:1B P:25 SP:FB PPU: NOT IMPLEMENTED YET
C300  88        DEY                             A:20 X:0B Y:1B P:25 SP:FB PPU: NOT IMPLEMENTED YET
C301  D0 FA     BNE $C2FD                       A:20 X:0B Y:1A P:25 SP:FB PPU: NOT IMPLEMENTED YET
C2FD  8D 07 20  STA $2007 = 00                  A:20 X:0B Y:1A P:25 SP:FB PPU: NOT IMPLEMENTED YET
C300  88        DEY                             A:20 X:0B Y:1A P:25 SP:FB PPU: NOT IMPLEMENTED YET
C301  D0 FA     BNE $C2FD                       A:20 X:0B Y:19 P:25 SP:FB PPU: NOT IMPLEMENTED YET
C2FD  8D 07 20  STA $2007 = 00                  A:20 X:0B Y:19 P:25 SP:FB PPU: NOT IMPLEMENTED YET
C300  88        DEY                             A:20 X:0B Y:19 P:25 SP:FB PPU: NOT IMPLEMENTED YET
C301  D0 FA     BNE $C2FD                       A:20 X:0B Y:18 P:25 SP:FB PPU: NOT IMPLEMENTED YET
C2FD  8D 07 20  STA $2007 = 00                  A:20 X:0B Y:18 P:25 SP:FB PPU: NOT IMPLEMENTED YET
C300  88        DEY                             A:20 X:0B Y:18 P:25 SP:FB PPU: NOT IMPLEMENTED YET
C301  D0 FA     BNE $C2FD                       A:20 X:0B Y:17 P:25 SP:FB PPU: NOT IMPLEMENTED YET
C2FD  8D 07 20  STA $2007 = 00                  A:20 X:0B Y:17 P:25 SP:FB PPU: NOT IMPLEMENTED YET
C300  88        DEY                             A:20 X:0B Y:17 P:25 SP:FB PPU: NOT IMPLEMENTED YET
C301  D0 FA     BNE $C2FD                       A:20 X:0B Y:16 P:25 SP:FB PPU: NOT IMPLEMENTED YET
C2FD  8D 07 20  STA $2007 = 00                  A:20 X:0B Y:16 P:25 SP:FB PPU: NOT IMPLEMENTED YET
C300  88        DEY                             A:20 X:0B Y:16 P:25 SP:FB PPU: NOT IMPLEMENTED YET
C301  D0 FA     BNE $C2FD                       A:20 X:0B Y:15 P:25 SP:FB PPU: NOT IMPLEMENTED YET
C2FD  8D 07 20  STA $2007 = 00                  A:20 X:0B Y:15 P:25 SP:FB PPU: NOT IMPLEMENTED YET
C300  88        DEY                             A:20 X:0B Y:15 P:25 SP:FB PPU: NOT IMPLEMENTED YET
C301  D0 FA     BNE $C2FD                       A:20 X:0B Y:14 P:25 SP:FB PPU: NOT IMPLEMENTED YET
C2FD  8D 07 20  STA $2007 = 00                  A:20 X:0B Y:14 P:25 SP:FB PPU: NOT IMPLEMENTED YET
C300  88        DEY                             A:20 X:0B Y:14 P:25 SP:FB PPU: NOT IMPLEMENTED YET
C301  D0 FA     BNE $C2FD                       A:20 X:0B Y:13 P:25 SP:FB PPU: NOT IMPLEMENTED YET
C2FD  8D 07 20  STA $2007 = 00                  A:20 X:0B Y:13 P:25 SP:FB PPU: NOT IMPLEMENTED YET
C300  88        DEY                             A:20 X:0B Y:13 P:25 SP:FB PPU: NOT IMPLEMENTED YET
C301  D0 FA     BNE $C2FD                       A:20 X:0B Y:12 P:25 SP:FB PPU: NOT IMPLEMENTED YET
C2FD  8D 07 20  STA $2007 = 00                  A:20 X:0B Y:12 P:25 SP:FB PPU: NOT IMPLEMENTED YET
C300  88        DEY                             A:20 X:0B Y:12 P:25 SP:FB PPU: NOT IMPLEMENTED YET
C301  D0 FA     BNE $C2FD                       A:20 X:0B Y:11 P:25 SP:FB PPU: NOT IMPLEMENTED YET
C2FD  8D 07 20  STA $2007 = 00                  A:20 X:0B Y:11 P:25 SP:FB PPU: NOT IMPLEMENTED YET
C300  88        DEY                             A:20 X:0B Y:11 P:25 SP:FB PPU: NOT IMPLEMENTED YET
C301  D0 FA     BNE $C2FD                       A:20 X:0B Y:10 P:25 SP:FB PPU: NOT IMPLEMENTED YET
C2FD  8D 07 20  STA $2007 = 00                  A:20 X:0B Y:10 P:25 SP:FB PPU: NOT IMPLEMENTED YET
C300  88        DEY                             A:20 X:0B Y:10 P:25 SP:FB PPU: NOT IMPLEMENTED YET
C301  D0 FA     BNE $C2FD                       A:20 X:0B Y:0F P:25 SP:FB PPU: NOT IMPLEMENTED YET
C2FD  8D 07 20  STA $2007 = 00                  A:20 X:0B Y:0F P:25 SP:FB PPU: NOT IMPLEMENTED YET
C300  88        DEY                             A:20 X:0B Y:0F P:25 SP:FB PPU: NOT IMPLEMENTED YET
C301  D0 FA     BNE $C2FD                       A:20 X:0B Y:0E P:25 SP:FB PPU: NOT IMPLEMENTED YET
C2FD  8D 07 20  STA $2007 = 00                  A:20 X:0B Y:0E P:25 SP:FB PPU: NOT IMPLEMENTED YET
C300  88        DEY                             A:20 X:0B Y:0E P:25 SP:FB PPU: NOT IMPLEMENTED YET
C301  D0 FA     BNE $C2FD                       A:20 X:0B Y:0D P:25 SP:FB PPU: NOT IMPLEMENTED YET
C2FD  8D 07 20  STA $2007 = 00                  A:20 X:0B Y:0D P:25 SP:FB PPU: NOT IMPLEMENTED YET
C300  88        DEY                             A:20 X:0B Y:0D P:25 SP:FB PPU: NOT IMPLEMENTED YET
C301  D0 FA     BNE $C2FD                       A:20 X:0B Y:0C P:25 SP:FB PPU: NOT IMPLEMENTED YET
C2FD  8D 07 20  STA $2007 = 00                  A:20 X:0B Y:0C P:25 SP:FB PPU: NOT IMPLEMENTED YET
C300  88        DEY                             A:20 X:0B Y:0C P:25 SP:FB PPU: NOT IMPLEMENTED YET
C301  D0 FA     BNE $C2FD                       A:20 X:0B Y:0B P:25 SP:FB PPU: NOT IMPLEMENTED YET
C2FD  8D 07 20  STA $2007 = 00                  A:20 X:0B Y:0B P:25 SP:FB PPU: NOT IMPLEMENTED YET
C300  88        DEY                             A:20 X:0B Y:0B P:25 SP:FB PPU: NOT IMPLEMENTED YET
C301  D0 FA     BNE $C2FD                       A:20 X:0B Y:0A P:25 SP:FB PPU: NOT IMPLEMENTED YET
C2FD  8D 07 20  STA $2007 = 00                  A:20 X:0B Y:0A P:25 SP:FB PPU: NOT IMPLEMENTED YET
C300  88        DEY                             A:20 X:0B Y:0A P:25 SP:FB PPU: NOT IMPLEMENTED YET
C301  D0 FA     BNE $C2FD                       A:20 X:0B Y:09 P:25 SP:FB PPU: NOT IMPLEMENTED YET
C2FD  8D 07 20  STA $2007 = 00                  A:20 X:0B Y:09 P:25 SP:FB PPU: NOT IMPLEMENTED YET
C300  88        DEY                             A:20 X:0B Y:09 P:25 SP:FB PPU: NOT IMPLEMENTED YET
C301  D0 FA     BNE $C2FD                       A:20 X:0B Y:08 P:25 SP:FB PPU: NOT IMPLEMENTED YET
C2FD  8D 07 20  STA $2007 = 00                  A:20 X:0B Y:08 P:25 SP:FB PPU: NOT IMPLEMENTED YET
C300  88        DEY                             A:20 X:0B Y:08 P:25 SP:FB PPU: NOT IMPLEMENTED YET
C301  D0 FA     BNE $C2FD                       A:20 X:0B Y:07 P:25 SP:FB PPU: NOT IMPLEMENTED YET
C2FD  8D 07 20  STA $2007 = 00                  A:20 X:0B Y:07 P:25 SP:FB PPU: NOT IMPLEMENTED YET
C300  88        DEY                             A:20 X:0B Y:07 P:25 SP:FB PPU: NOT IMPLEMENTED YET
C301  D0 FA     BNE $C2FD                       A:20 X:0B Y:06 P:25 SP:FB PPU: NOT IMPLEMENTED YET
C2FD  8D 07 20  STA $2007 = 00                  A:20 X:0B Y:06 P:25 SP:FB PPU: NOT IMPLEMENTED YET
C300  88        DEY                             A:20 X:0B Y:06 P:25 SP:FB PPU: NOT IMPLEMENTED YET
C301  D0 FA     BNE $C2FD                       A:20 X:0B Y:05 P:25 SP:FB PPU: NOT IMPLEMENTED YET
C2FD  8D 07 20  STA $2007 = 00                  A:20 X:0B Y:05 P:25 SP:FB PPU: NOT IMPLEMENTED YET
C300  88        DEY                             A:20 X:0B Y:05 P:25 SP:FB PPU: NOT IMPLEMENTED YET
C301  D0 FA     BNE $C2FD                       A:20 X:0B Y:04 P:25 SP:FB PPU: NOT IMPLEMENTED YET
C2FD  8D 07 20  STA $2007 = 00                  A:20 X:0B Y:04 P:25 SP:FB PPU: NOT IMPLEMENTED YET
C300  88        DEY                             A:20 X:0B Y:04 P:25 SP:FB PPU: NOT IMPLEMENTED YET
C301  D0 FA     BNE $C2FD                       A:20 X:0B Y:03 P:25 SP:FB PPU: NOT IMPLEMENTED YET
C2FD  8D 07 20  STA $2007 = 00                  A:20 X:0B Y:03 P:25 SP:FB PPU: NOT IMPLEMENTED YET
C300  88        DEY                             A:20 X:0B Y:03 P:25 SP:FB PPU: NOT IMPLEMENTED YET
C301  D0 FA     BNE $C2FD                       A:20 X:0B Y:02 P:25 SP:FB PPU: NOT IMPLEMENTED YET
C2FD  8D 07 20  STA $2007 = 00                  A:20 X:0B Y:02 P:25 SP:FB PPU: NOT IMPLEMENTED YET
C300  88        DEY                             A:20 X:0B Y:02 P:25 SP:FB PPU: NOT IMPLEMENTED YET
C301  D0 FA     BNE $C2FD                       A:20 X:0B Y:01 P:25 SP:FB PPU: NOT IMPLEMENTED YET
C2FD  8D 07 20  STA $2007 = 00                  A:20 X:0B Y:01 P:25 SP:FB PPU: NOT IMPLEMENTED YET
C300  88        DEY                             A:20 X:0B Y:01 P:25 SP:FB PPU: NOT IMPLEMENTED YET
C301  D0 FA     BNE $C2FD                       A:20 X:0B Y:00 P:27 SP:FB PPU: NOT IMPLEMENTED YET
C303  CA        DEX                             A:20 X:0B Y:00 P:27 SP:FB PPU: NOT IMPLEMENTED YET
C304  D0 F5     BNE $C2FB                       A:20 X:0A Y:00 P:25 SP:FB PPU: NOT IMPLEMENTED YET
C2FB  A0 20     LDY #$20                        A:20 X:0A Y:00 P:25 SP:FB PPU: NOT IMPLEMENTED YET
C2FD  8D 07 20  STA $2007 = 00                  A:20 X:0A Y:20 P:25 SP:FB PPU: NOT IMPLEMENTED YET
C300  88        DEY                             A:20 X:0A Y:20 P:25 SP:FB PPU: NOT IMPLEMENTED YET
C301  D0 FA     BNE $C2FD                       A:20 X:0A Y:1F P:25 SP:FB PPU: NOT IMPLEMENTED YET
C2FD  8D 07 20  STA $2007 = 00                  A:20 X:0A Y:1F P:25 SP:FB PPU: NOT IMPLEMENTED YET
C300  88        DEY                             A:20 X:0A Y:1F P:25 SP:FB PPU: NOT IMPLEMENTED YET
C301  D0 FA     BNE $C2FD                       A:20 X:0A Y:1E P:25 SP:FB PPU: NOT IMPLEMENTED YET
C2FD  8D 07 20  STA $2007 = 00                  A:20 X:0A Y:1E P:25 SP:FB PPU: NOT IMPLEMENTED YET
C300  88        DEY                             A:20 X:0A Y:1E P:25 SP:FB PPU: NOT IMPLEMENTED YET
C301  D0 FA     BNE $C2FD                       A:20 X:0A Y:1D P:25 SP:FB PPU: NOT IMPLEMENTED YET
C2FD  8D 07 20  STA $2007 = 00                  A:20 X:0A Y:1D P:25 SP:FB PPU: NOT IMPLEMENTED YET
C300  88        DEY                             A:20 X:0A Y:1D P:25 SP:FB PPU: NOT IMPLEMENTED YET
C301  D0 FA     BNE $C2FD                       A:20 X:0A Y:1C P:25 SP:FB PPU: NOT IMPLEMENTED YET
C2FD  8D 07 20  STA $2007 = 00                  A:20 X:0A Y:1C P:25 SP:FB PPU: NOT IMPLEMENTED YET
C300  88        DEY                             A:20 X:0A Y:1C P:25 SP:FB PPU: NOT IMPLEMENTED YET
C301  D0 FA     BNE $C2FD                       A:20 X:0A Y:1B P:25 SP:FB PPU: NOT IMPLEMENTED YET
C2FD  8D 07 20  STA $2007 = 00                  A:20 X:0A Y:1B P:25 SP:FB PPU: NOT IMPLEMENTED YET
C300  88        DEY                             A:20 X:0A Y:1B P:25 SP:FB PPU: NOT IMPLEMENTED YET
C301  D0 FA     BNE $C2FD                       A:20 X:0A Y:1A P:25 SP:FB PPU: NOT IMPLEMENTED YET
C2FD  8D 07 20  STA $2007 = 00                  A:20 X:0A Y:1A P:25 SP:FB PPU: NOT IMPLEMENTED YET
C300  88        DEY                             A:20 X:0A Y:1A P:25 SP:FB PPU: NOT IMPLEMENTED YET
C301  D0 FA     BNE $C2FD                       A:20 X:0A Y:19 P:25 SP:FB PPU: NOT IMPLEMENTED YET
C2FD  8D 07 20  STA $2007 = 00                  A:20 X:0A Y:19 P:25 SP:FB PPU: NOT IMPLEMENTED YET
C300  88        DEY                             A:20 X:0A Y:19 P:25 SP:FB PPU: NOT IMPLEMENTED YET
C301  D0 FA     BNE $C2FD                       A:20 X:0A Y:18 P:25 SP:FB PPU: NOT IMPLEMENTED YET
C2FD  8D 07 20  STA $2007 = 00                  A:20 X:0A Y:18 P:25 SP:FB PPU: NOT IMPLEMENTED YET
C300  88        DEY                             A:20 X:0A Y:18 P:25 SP:FB PPU: NOT IMPLEMENTED YET
C301  D0 FA     BNE $C2FD                       A:20 X:0A Y:17 P:25 SP:FB PPU: NOT IMPLEMENTED YET
C2FD  8D 07 20  STA $2007 = 00                  A:20 X:0A Y:17 P:25 SP:FB PPU: NOT IMPLEMENTED YET
C300  88        DEY                             A:20 X:0A Y:17 P:25 SP:FB PPU: NOT IMPLEMENTED YET
C301  D0 FA     BNE $C2FD                       A:20 X:0A Y:16 P:25 SP:FB PPU: NOT IMPLEMENTED YET
C2FD  8D 07 20  STA $2007 = 00                  A:20 X:0A Y:16 P:25 SP:FB PPU: NOT IMPLEMENTED YET
C300  88        DEY                             A:20 X:0A Y:16 P:25 SP:FB PPU: NOT IMPLEMENTED YET
C301  D0 FA     BNE $C2FD                       A:20 X:0A Y:15 P:25 SP:FB PPU: NOT IMPLEMENTED YET
C2FD  8D 07 20  STA $2007 = 00                  A:20 X:0A Y:15 P:25 SP:FB PPU: NOT IMPLEMENTED YET
C300  88        DEY                             A:20 X:0A Y:15 P:25 SP:FB PPU: NOT IMPLEMENTED YET
C301  D0 FA     BNE $C2FD                       A:20 X:0A Y:14 P:25 SP:FB PPU: NOT IMPLEMENTED YET
C2FD  8D 07 20  STA $2007 = 00                  A:20 X:0A Y:14 P:25 SP:FB PPU: NOT IMPLEMENTED YET
C300  88        DEY                             A:20 X:0A Y:14 P:25 SP:FB PPU: NOT IMPLEMENTED YET
C301  D0 FA     BNE $C2FD                       A:20 X:0A Y:13 P:25 SP:FB PPU: NOT IMPLEMENTED YET
C2FD  8D 07 20  STA $2007 = 00                  A:20 X:0A Y:13 P:25 SP:FB PPU: NOT IMPLEMENTED YET
C300  88        DEY                             A:20 X:0A Y:13 P:25 SP:FB PPU: NOT IMPLEMENTED YET
C301  D0 FA     BNE $C2FD                       A:20 X:0A Y:12 P:25 SP:FB PPU: NOT IMPLEMENTED YET
C2FD  8D 07 20  STA $2007 = 00                  A:20 X:0A Y:12 P:25 SP:FB PPU: NOT IMPLEMENTED YET
C300  88        DEY                             A:20 X:0A Y:12 P:25 SP:FB PPU: NOT IMPLEMENTED YET
C301  D0 FA     BNE $C2FD                       A:20 X:0A Y:11 P:25 SP:FB PPU: NOT IMPLEMENTED YET
C2FD  8D 07 20  STA $2007 = 00                  A:20 X:0A Y:11 P:25 SP:FB PPU: NOT IMPLEMENTED YET
C300  88        DEY                             A:20 X:0A Y:11 P:25 SP:FB PPU: NOT IMPLEMENTED YET
C301  D0 FA     BNE $C2FD                       A:20 X:0A Y:10 P:25 SP:FB PPU: NOT IMPLEMENTED YET
C2FD  8D 07 20  STA $2007 = 00                  A:20 X:0A Y:10 P:25 SP:FB PPU: NOT IMPLEMENTED YET
C300  88        DEY                             A:20 X:0A Y:10 P:25 SP:FB PPU: NOT IMPLEMENTED YET
C301  D0 FA     BNE $C2FD                       A:20 X:0A Y:0F P:25 SP:FB PPU: NOT IMPLEMENTED YET
C2FD  8D 07 20  STA $2007 = 00                  A:20 X:0A Y:0F P:25 SP:FB PPU: NOT IMPLEMENTED YET
C300  88        DEY                             A:20 X:0A Y:0F P:25 SP:FB PPU: NOT IMPLEMENTED YET
C301  D0 FA     BNE $C2FD                       A:20 X:0A Y:0E P:25 SP:FB PPU: NOT IMPLEMENTED YET
C2FD  8D 07 20  STA $2007 = 00                  A:20 X:0A Y:0E P:25 SP:FB PPU: NOT IMPLEMENTED YET
C300  88        DEY                             A:20 X:0A Y:0E P:25 SP:FB PPU: NOT IMPLEMENTED YET
C301  D0 FA     BNE $C2FD                       A:20 X:0A Y:0D P:25 SP:FB PPU: NOT IMPLEMENTED YET
C2FD  8D 07 20  STA $2007 = 00                  A:20 X:0A Y:0D P:25 SP:FB PPU: NOT IMPLEMENTED YET
C300  88        DEY                             A:20 X:0A Y:0D P:25 SP:FB PPU: NOT IMPLEMENTED YET
C301  D0 FA     BNE $C2FD                       A:20 X:0A Y:0C P:25 SP:FB PPU: NOT IMPLEMENTED YET
C2FD  8D 07 20  STA $2007 = 00                  A:20 X:0A Y:0C P:25 SP:FB PPU: NOT IMPLEMENTED YET
C300  88        DEY                             A:20 X:0A Y:0C P:25 SP:FB PPU: NOT IMPLEMENTED YET
C301  D0 FA     BNE $C2FD                       A:20 X:0A Y:0B P:25 SP:FB PPU: NOT IMPLEMENTED YET
C2FD  8D 07 20  STA $2007 = 00                  A:20 X:0A Y:0B P:25 SP:FB PPU: NOT IMPLEMENTED YET
C300  88        DEY                             A:20 X:0A Y:0B P:25 SP:FB PPU: NOT IMPLEMENTED YET
C301  D0 FA     BNE $C2FD                       A:20 X:0A Y:0A P:25 SP:FB PPU: NOT IMPLEMENTED YET
C2FD  8D 07 20  STA $2007 = 00                  A:20 X:0A Y:0A P:25 SP:FB PPU: NOT IMPLEMENTED YET
C300  88        DEY                             A:20 X:0A Y:0A P:25 SP:FB PPU: NOT IMPLEMENTED YET
C301  D0 FA     BNE $C2FD                       A:20 X:0A Y:09 P:25 SP:FB PPU: NOT IMPLEMENTED YET
C2FD  8D 07 20  STA $2007 = 00                  A:20 X:0A Y:09 P:25 SP:FB PPU: NOT IMPLEMENTED YET
C300  88        DEY                             A:20 X:0A Y:09 P:25 SP:FB PPU: NOT IMPLEMENTED YET
C301  D0 FA     BNE $C2FD                       A:20 X:0A Y:08 P:25 SP:FB PPU: NOT IMPLEMENTED YET
C2FD  8D 07 20  STA $2007 = 00                  A:20 X:0A Y:08 P:25 SP:FB PPU: NOT IMPLEMENTED YET
C300  88        DEY                             A:20 X:0A Y:08 P:25 SP:FB PPU: NOT IMPLEMENTED YET
C301  D0 FA     BNE $C2FD                       A:20 X:0A Y:07 P:25 SP:FB PPU: NOT IMPLEMENTED YET
C2FD  8D 07 20  STA $2007 = 00                  A:20 X:0A Y:07 P:25 SP:FB PPU: NOT IMPLEMENTED YET
C300  88        DEY                             A:20 X:0A Y:07 P:25 SP:FB PPU: NOT IMPLEMENTED YET
C301  D0 FA     BNE $C2FD                       A:20 X:0A Y:06 P:25 SP:FB PPU: NOT IMPLEMENTED YET
C2FD  8D 07 20  STA $2007 = 00                  A:20 X:0A Y:06 P:25 SP:FB PPU: NOT IMPLEMENTED YET
C300  88        DEY                             A:20 X:0A Y:06 P:25 SP:FB PPU: NOT IMPLEMENTED YET
C301  D0 FA     BNE $C2FD                       A:20 X:0A Y:05 P:25 SP:FB PPU: NOT IMPLEMENTED YET
C2FD  8D 07 20  STA $2007 = 00                  A:20 X:0A Y:05 P:25 SP:FB PPU: NOT IMPLEMENTED YET
C300  88        DEY                             A:20 X:0A Y:05 P:25 SP:FB PPU: NOT IMPLEMENTED YET
C301  D0 FA     BNE $C2FD                       A:20 X:0A Y:04 P:25 SP:FB PPU: NOT IMPLEMENTED YET
C2FD  8D 07 20  STA $2007 = 00                  A:20 X:0A Y:04 P:25 SP:FB PPU: NOT IMPLEMENTED YET
C300  88        DEY                             A:20 X:0A Y:04 P:25 SP:FB PPU: NOT IMPLEMENTED YET
C301  D0 FA     BNE $C2FD                       A:20 X:0A Y:03 P:25 SP:FB PPU: NOT IMPLEMENTED YET
C2FD  8D 07 20  STA $2007 = 00                  A:20 X:0A Y:03 P:25 SP:FB PPU: NOT IMPLEMENTED YET
C300  88        DEY                             A:20 X:0A Y:03 P:25 SP:FB PPU: NOT IMPLEMENTED YET
C301  D0 FA     BNE $C2FD                       A:20 X:0A Y:02 P:25 SP:FB PPU: NOT IMPLEMENTED YET
C2FD  8D 07 20  STA $2007 = 00                  A:20 X:0A Y:02 P:25 SP:FB PPU: NOT IMPLEMENTED YET
C300  88        DEY                             A:20 X:0A Y:02 P:25 SP:FB PPU: NOT IMPLEMENTED YET
C301  D0 FA     BNE $C2FD                       A:20 X:0A Y:01 P:25 SP:FB PPU: NOT IMPLEMENTED YET
C2FD  8D 07 20  STA $2007 = 00                  A:20 X:0A Y:01 P:25 SP:FB PPU: NOT IMPLEMENTED YET
C300  88        DEY                             A:20 X:0A Y:01 P:25 SP:FB PPU: NOT IMPLEMENTED YET
C301  D0 FA     BNE $C2FD                       A:20 X:0A Y:00 P:27 SP:FB PPU: NOT IMPLEMENTED YET
C303  CA        DEX                             A:20 X:0A Y:00 P:27 SP:FB PPU: NOT IMPLEMENTED YET
C304  D0 F5     BNE $C2FB                       A:20 X:09 Y:00 P:25 SP:FB PPU: NOT IMPLEMENTED YET
C2FB  A0 20     LDY #$20                        A:20 X:09 Y:00 P:25 SP:FB PPU: NOT IMPLEMENTED YET
C2FD  8D 07 20  STA $2007 = 00                  A:20 X:09 Y:20 P:25 SP:FB PPU: NOT IMPLEMENTED YET
C300  88        DEY                             A:20 X:09 Y:20 P:25 SP:FB PPU: NOT IMPLEMENTED YET
C301  D0 FA     BNE $C2FD                       A:20 X:09 Y:1F P:25 SP:FB PPU: NOT IMPLEMENTED YET
C2FD  8D 07 20  STA $2007 = 00                  A:20 X:09 Y:1F P:25 SP:FB PPU: NOT IMPLEMENTED YET
C300  88        DEY                             A:20 X:09 Y:1F P:25 SP:FB PPU: NOT IMPLEMENTED YET
C301  D0 FA     BNE $C2FD                       A:20 X:09 Y:1E P:25 SP:FB PPU: NOT IMPLEMENTED YET
C2FD  8D 07 20  STA $2007 = 00                  A:20 X:09 Y:1E P:25 SP:FB PPU: NOT IMPLEMENTED YET
C300  88        DEY                             A:20 X:09 Y:1E P:25 SP:FB PPU: NOT IMPLEMENTED YET
C301  D0 FA     BNE $C2FD                       A:20 X:09 Y:1D P:25 SP:FB PPU: NOT IMPLEMENTED YET
C2FD  8D 07 20  STA $2007 = 00                  A:20 X:09 Y:1D P:25 SP:FB PPU: NOT IMPLEMENTED YET
C300  88        DEY                             A:20 X:09 Y:1D P:25 SP:FB PPU: NOT IMPLEMENTED YET
C301  D0 FA     BNE $C2FD                       A:20 X:09 Y:1C P:25 SP:FB PPU: NOT IMPLEMENTED YET
C2FD  8D 07 20  STA $2007 = 00                  A:20 X:09 Y:1C P:25 SP:FB PPU: NOT IMPLEMENTED YET
C300  88        DEY                             A:20 X:09 Y:1C P:25 SP:FB PPU: NOT IMPLEMENTED YET
C301  D0 FA     BNE $C2FD                       A:20 X:09 Y:1B P:25 SP:FB PPU: NOT IMPLEMENTED YET
C2FD  8D 07 20  STA $2007 = 00                  A:20 X:09 Y:1B P:25 SP:FB PPU: NOT IMPLEMENTED YET
C300  88        DEY                             A:20 X:09 Y:1B P:25 SP:FB PPU: NOT IMPLEMENTED YET
C301  D0 FA     BNE $C2FD                       A:20 X:09 Y:1A P:25 SP:FB PPU: NOT IMPLEMENTED YET
C2FD  8D 07 20  STA $2007 = 00                  A:20 X:09 Y:1A P:25 SP:FB PPU: NOT IMPLEMENTED YET
C300  88        DEY                             A:20 X:09 Y:1A P:25 SP:FB PPU: NOT IMPLEMENTED YET
C301  D0 FA     BNE $C2FD                       A:20 X:09 Y:19 P:25 SP:FB PPU: NOT IMPLEMENTED YET
C2FD  8D 07 20  STA $2007 = 00                  A:20 X:09 Y:19 P:25 SP:FB PPU: NOT IMPLEMENTED YET
C300  88        DEY                             A:20 X:09 Y:19 P:25 SP:FB PPU: NOT IMPLEMENTED YET
C301  D0 FA     BNE $C2FD                       A:20 X:09 Y:18 P:25 SP:FB PPU: NOT IMPLEMENTED YET
C2FD  8D 07 20  STA $2007 = 00                  A:20 X:09 Y:18 P:25 SP:FB PPU: NOT IMPLEMENTED YET
C300  88        DEY                             A:20 X:09 Y:18 P:25 SP:FB PPU: NOT IMPLEMENTED YET
C301  D0 FA     BNE $C2FD                       A:20 X:09 Y:17 P:25 SP:FB PPU: NOT IMPLEMENTED YET
C2FD  8D 07 20  STA $2007 = 00                  A:20 X:09 Y:17 P:25 SP:FB PPU: NOT IMPLEMENTED YET
C300  88        DEY                             A:20 X:09 Y:17 P:25 SP:FB PPU: NOT IMPLEMENTED YET
C301  D0 FA     BNE $C2FD                       A:20 X:09 Y:16 P:25 SP:FB PPU: NOT IMPLEMENTED YET
C2FD  8D 07 20  STA $2007 = 00                  A:20 X:09 Y:16 P:25 SP:FB PPU: NOT IMPLEMENTED YET
C300  88        DEY                             A:20 X:09 Y:16 P:25 SP:FB PPU: NOT IMPLEMENTED YET
C301  D0 FA     BNE $C2FD                       A:20 X:09 Y:15 P:25 SP:FB PPU: NOT IMPLEMENTED YET
C2FD  8D 07 20  STA $2007 = 00                  A:20 X:09 Y:15 P:25 SP:FB PPU: NOT IMPLEMENTED YET
C300  88        DEY                             A:20 X:09 Y:15 P:25 SP:FB PPU: NOT IMPLEMENTED YET
C301  D0 FA     BNE $C2FD                       A:20 X:09 Y:14 P:25 SP:FB PPU: NOT IMPLEMENTED YET
C2FD  8D 07 20  STA $2007 = 00                  A:20 X:09 Y:14 P:25 SP:FB PPU: NOT IMPLEMENTED YET
C300  88        DEY                             A:20 X:09 Y:14 P:25 SP:FB PPU: NOT IMPLEMENTED YET
C301  D0 FA     BNE $C2FD                       A:20 X:09 Y:13 P:25 SP:FB PPU: NOT IMPLEMENTED YET
C2FD  8D 07 20  STA $2007 = 00                  A:20 X:09 Y:13 P:25 SP:FB PPU: NOT IMPLEMENTED YET
C300  88        DEY                             A:20 X:09 Y:13 P:25 SP:FB PPU: NOT IMPLEMENTED YET
C301  D0 FA     BNE $C2FD                       A:20 X:09 Y:12 P:25 SP:FB PPU: NOT IMPLEMENTED YET
C2FD  8D 07 20  STA $2007 = 00                  A:20 X:09 Y:12 P:25 SP:FB PPU: NOT IMPLEMENTED YET
C300  88        DEY                             A:20 X:09 Y:12 P:25 SP:FB PPU: NOT IMPLEMENTED YET
C301  D0 FA     BNE $C2FD                       A:20 X:09 Y:11 P:25 SP:FB PPU: NOT IMPLEMENTED YET
C2FD  8D 07 20  STA $2007 = 00                  A:20 X:09 Y:11 P:25 SP:FB PPU: NOT IMPLEMENTED YET
C300  88        DEY                             A:20 X:09 Y:11 P:25 SP:FB PPU: NOT IMPLEMENTED YET
C301  D0 FA     BNE $C2FD                       A:20 X:09 Y:10 P:25 SP:FB PPU: NOT IMPLEMENTED YET
C2FD  8D 07 20  STA $2007 = 00                  A:20 X:09 Y:10 P:25 SP:FB PPU: NOT IMPLEMENTED YET
C300  88        DEY                             A:20 X:09 Y:10 P:25 SP:FB PPU: NOT IMPLEMENTED YET
C301  D0 FA     BNE $C2FD                       A:20 X:09 Y:0F P:25 SP:FB PPU: NOT IMPLEMENTED YET
C2FD  8D 07 20  STA $2007 = 00                  A:20 X:09 Y:0F P:25 SP:FB PPU: NOT IMPLEMENTED YET
C300  88        DEY                             A:20 X:09 Y:0F P:25 SP:FB PPU: NOT IMPLEMENTED YET
C301  D0 FA     BNE $C2FD                       A:20 X:09 Y:0E P:25 SP:FB PPU: NOT IMPLEMENTED YET
C2FD  8D 07 20  STA $2007 = 00                  A:20 X:09 Y:0E P:25 SP:FB PPU: NOT IMPLEMENTED YET
C300  88        DEY                             A:20 X:09 Y:0E P:25 SP:FB PPU: NOT IMPLEMENTED YET
C301  D0 FA     BNE $C2FD                       A:20 X:09 Y:0D P:25 SP:FB PPU: NOT IMPLEMENTED YET
C2FD  8D 07 20  STA $2007 = 00                  A:20 X:09 Y:0D P:25 SP:FB PPU: NOT IMPLEMENTED YET
C300  88        DEY                             A:20 X:09 Y:0D P:25 SP:FB PPU: NOT IMPLEMENTED YET
C301  D0 FA     BNE $C2FD                       A:20 X:09 Y:0C P:25 SP:FB PPU: NOT IMPLEMENTED YET
C2FD  8D 07 20  STA $2007 = 00                  A:20 X:09 Y:0C P:25 SP:FB PPU: NOT IMPLEMENTED YET
C300  88        DEY                             A:20 X:09 Y:0C P:25 SP:FB PPU: NOT IMPLEMENTED YET
C301  D0 FA     BNE $C2FD                       A:20 X:09 Y:0B P:25 SP:FB PPU: NOT IMPLEMENTED YET
C2FD  8D 07 20  STA $2007 = 00                  A:20 X:09 Y:0B P:25 SP:FB PPU: NOT IMPLEMENTED YET
C300  88        DEY                             A:20 X:09 Y:0B P:25 SP:FB PPU: NOT IMPLEMENTED YET
C301  D0 FA     BNE $C2FD                       A:20 X:09 Y:0A P:25 SP:FB PPU: NOT IMPLEMENTED YET
C2FD  8D 07 20  STA $2007 = 00                  A:20 X:09 Y:0A P:25 SP:FB PPU: NOT IMPLEMENTED YET
C300  88        DEY                             A:20 X:09 Y:0A P:25 SP:FB PPU: NOT IMPLEMENTED YET
C301  D0 FA     BNE $C2FD                       A:20 X:09 Y:09 P:25 SP:FB PPU: NOT IMPLEMENTED YET
C2FD  8D 07 20  STA $2007 = 00                  A:20 X:09 Y:09 P:25 SP:FB PPU: NOT IMPLEMENTED YET
C300  88        DEY                             A:20 X:09 Y:09 P:25 SP:FB PPU: NOT IMPLEMENTED YET
C301  D0 FA     BNE $C2FD                       A:20 X:09 Y:08 P:25 SP:FB PPU: NOT IMPLEMENTED YET
C2FD  8D 07 20  STA $2007 = 00                  A:20 X:09 Y:08 P:25 SP:FB PPU: NOT IMPLEMENTED YET
C300  88        DEY                             A:20 X:09 Y:08 P:25 SP:FB PPU: NOT IMPLEMENTED YET
C301  D0 FA     BNE $C2FD                       A:20 X:09 Y:07 P:25 SP:FB PPU: NOT IMPLEMENTED YET
C2FD  8D 07 20  STA $2007 = 00                  A:20 X:09 Y:07 P:25 SP:FB PPU: NOT IMPLEMENTED YET
C300  88        DEY                             A:20 X:09 Y:07 P:25 SP:FB PPU: NOT IMPLEMENTED YET
C301  D0 FA     BNE $C2FD                       A:20 X:09 Y:06 P:25 SP:FB PPU: NOT IMPLEMENTED YET
C2FD  8D 07 20  STA $2007 = 00                  A:20 X:09 Y:06 P:25 SP:FB PPU: NOT IMPLEMENTED YET
C300  88        DEY                             A:20 X:09 Y:06 P:25 SP:FB PPU: NOT IMPLEMENTED YET
C301  D0 FA     BNE $C2FD                       A:20 X:09 Y:05 P:25 SP:FB PPU: NOT IMPLEMENTED YET
C2FD  8D 07 20  STA $2007 = 00                  A:20 X:09 Y:05 P:25 SP:FB PPU: NOT IMPLEMENTED YET
C300  88        DEY                             A:20 X:09 Y:05 P:25 SP:FB PPU: NOT IMPLEMENTED YET
C301  D0 FA     BNE $C2FD                       A:20 X:09 Y:04 P:25 SP:FB PPU: NOT IMPLEMENTED YET
C2FD  8D 07 20  STA $2007 = 00                  A:20 X:09 Y:04 P:25 SP:FB PPU: NOT IMPLEMENTED YET
C300  88        DEY                             A:20 X:09 Y:04 P:25 SP:FB PPU: NOT IMPLEMENTED YET
C301  D0 FA     BNE $C2FD                       A:20 X:09 Y:03 P:25 SP:FB PPU: NOT IMPLEMENTED YET
C2FD  8D 07 20  STA $2007 = 00                  A:20 X:09 Y:03 P:25 SP:FB PPU: NOT IMPLEMENTED YET
C300  88        DEY                             A:20 X:09 Y:03 P:25 SP:FB PPU: NOT IMPLEMENTED YET
C301  D0 FA     BNE $C2FD                       A:20 X:09 Y:02 P:25 SP:FB PPU: NOT IMPLEMENTED YET
C2FD  8D 07 20  STA $2007 = 00                  A:20 X:09 Y:02 P:25 SP:FB PPU: NOT IMPLEMENTED YET
C300  88        DEY                             A:20 X:09 Y:02 P:25 SP:FB PPU: NOT IMPLEMENTED YET
C301  D0 FA     BNE $C2FD                       A:20 X:09 Y:01 P:25 SP:FB PPU: NOT IMPLEMENTED YET
C2FD  8D 07 20  STA $2007 = 00                  A:20 X:09 Y:01 P:25 SP:FB PPU: NOT IMPLEMENTED YET
C300  88        DEY                             A:20 X:09 Y:01 P:25 SP:FB PPU: NOT IMPLEMENTED YET
C301  D0 FA     BNE $C2FD                       A:20 X:09 Y:00 P:27 SP:FB PPU: NOT IMPLEMENTED YET
C303  CA        DEX                             A:20 X:09 Y:00 P:27 SP:FB PPU: NOT IMPLEMENTED YET
C304  D0 F5     BNE $C2FB                       A:20 X:08 Y:00 P:25 SP:FB PPU: NOT IMPLEMENTED YET
C2FB  A0 20     LDY #$20                        A:20 X:08 Y:00 P:25 SP:FB PPU: NOT IMPLEMENTED YET
C2FD  8D 07 20  STA $2007 = 00                  A:20 X:08 Y:20 P:25 SP:FB PPU: NOT IMPLEMENTED YET
C300  88        DEY                             A:20 X:08 Y:20 P:25 SP:FB PPU: NOT IMPLEMENTED YET
C301  D0 FA     BNE $C2FD                       A:20 X:08 Y:1F P:25 SP:FB PPU: NOT IMPLEMENTED YET
C2FD  8D 07 20  STA $2007 = 00                  A:20 X:08 Y:1F P:25 SP:FB PPU: NOT IMPLEMENTED YET
C300  88        DEY                             A:20 X:08 Y:1F P:25 SP:FB PPU: NOT IMPLEMENTED YET
C301  D0 FA     BNE $C2FD                       A:20 X:08 Y:1E P:25 SP:FB PPU: NOT IMPLEMENTED YET
C2FD  8D 07 20  STA $2007 = 00                  A:20 X:08 Y:1E P:25 SP:FB PPU: NOT IMPLEMENTED YET
C300  88        DEY                             A:20 X:08 Y:1E P:25 SP:FB PPU: NOT IMPLEMENTED YET
C301  D0 FA     BNE $C2FD                       A:20 X:08 Y:1D P:25 SP:FB PPU: NOT IMPLEMENTED YET
C2FD  8D 07 20  STA $2007 = 00                  A:20 X:08 Y:1D P:25 SP:FB PPU: NOT IMPLEMENTED YET
C300  88        DEY                             A:20 X:08 Y:1D P:25 SP:FB PPU: NOT IMPLEMENTED YET
C301  D0 FA     BNE $C2FD                       A:20 X:08 Y:1C P:25 SP:FB PPU: NOT IMPLEMENTED YET
C2FD  8D 07 20  STA $2007 = 00                  A:20 X:08 Y:1C P:25 SP:FB PPU: NOT IMPLEMENTED YET
C300  88        DEY                             A:20 X:08 Y:1C P:25 SP:FB PPU: NOT IMPLEMENTED YET
C301  D0 FA     BNE $C2FD                       A:20 X:08 Y:1B P:25 SP:FB PPU: NOT IMPLEMENTED YET
C2FD  8D 07 20  STA $2007 = 00                  A:20 X:08 Y:1B P:25 SP:FB PPU: NOT IMPLEMENTED YET
C300  88        DEY                             A:20 X:08 Y:1B P:25 SP:FB PPU: NOT IMPLEMENTED YET
C301  D0 FA     BNE $C2FD                       A:20 X:08 Y:1A P:25 SP:FB PPU: NOT IMPLEMENTED YET
C2FD  8D 07 20  STA $2007 = 00                  A:20 X:08 Y:1A P:25 SP:FB PPU: NOT IMPLEMENTED YET
C300  88        DEY                             A:20 X:08 Y:1A P:25 SP:FB PPU: NOT IMPLEMENTED YET
C301  D0 FA     BNE $C2FD                       A:20 X:08 Y:19 P:25 SP:FB PPU: NOT IMPLEMENTED YET
C2FD  8D 07 20  STA $2007 = 00                  A:20 X:08 Y:19 P:25 SP:FB PPU: NOT IMPLEMENTED YET
C300  88        DEY                             A:20 X:08 Y:19 P:25 SP:FB PPU: NOT IMPLEMENTED YET
C301  D0 FA     BNE $C2FD                       A:20 X:08 Y:18 P:25 SP:FB PPU: NOT IMPLEMENTED YET
C2FD  8D 07 20  STA $2007 = 00                  A:20 X:08 Y:18 P:25 SP:FB PPU: NOT IMPLEMENTED YET
C300  88        DEY                             A:20 X:08 Y:18 P:25 SP:FB PPU: NOT IMPLEMENTED YET
C301  D0 FA     BNE $C2FD                       A:20 X:08 Y:17 P:25 SP:FB PPU: NOT IMPLEMENTED YET
C2FD  8D 07 20  STA $2007 = 00                  A:20 X:08 Y:17 P:25 SP:FB PPU: NOT IMPLEMENTED YET
C300  88        DEY                             A:20 X:08 Y:17 P:25 SP:FB PPU: NOT IMPLEMENTED YET
C301  D0 FA     BNE $C2FD                       A:20 X:08 Y:16 P:25 SP:FB PPU: NOT IMPLEMENTED YET
C2FD  8D 07 20  STA $2007 = 00                  A:20 X:08 Y:16 P:25 SP:FB PPU: NOT IMPLEMENTED YET
C300  88        DEY                             A:20 X:08 Y:16 P:25 SP:FB PPU: NOT IMPLEMENTED YET
C301  D0 FA     BNE $C2FD                       A:20 X:08 Y:15 P:25 SP:FB PPU: NOT IMPLEMENTED YET
C2FD  8D 07 20  STA $2007 = 00                  A:20 X:08 Y:15 P:25 SP:FB PPU: NOT IMPLEMENTED YET
C300  88        DEY                             A:20 X:08 Y:15 P:25 SP:FB PPU: NOT IMPLEMENTED YET
C301  D0 FA     BNE $C2FD                       A:20 X:08 Y:14 P:25 SP:FB PPU: NOT IMPLEMENTED YET
C2FD  8D 07 20  STA $2007 = 00                  A:20 X:08 Y:14 P:25 SP:FB PPU: NOT IMPLEMENTED YET
C300  88        DEY                             A:20 X:08 Y:14 P:25 SP:FB PPU: NOT IMPLEMENTED YET
C301  D0 FA     BNE $C2FD                       A:20 X:08 Y:13 P:25 SP:FB PPU: NOT IMPLEMENTED YET
C2FD  8D 07 20  STA $2007 = 00                  A:20 X:08 Y:13 P:25 SP:FB PPU: NOT IMPLEMENTED YET
C300  88        DEY                             A:20 X:08 Y:13 P:25 SP:FB PPU: NOT IMPLEMENTED YET
C301  D0 FA     BNE $C2FD                       A:20 X:08 Y:12 P:25 SP:FB PPU: NOT IMPLEMENTED YET
C2FD  8D 07 20  STA $2007 = 00                  A:20 X:08 Y:12 P:25 SP:FB PPU: NOT IMPLEMENTED YET
C300  88        DEY                             A:20 X:08 Y:12 P:25 SP:FB PPU: NOT IMPLEMENTED YET
C301  D0 FA     BNE $C2FD                       A:20 X:08 Y:11 P:25 SP:FB PPU: NOT IMPLEMENTED YET
C2FD  8D 07 20  STA $2007 = 00                  A:20 X:08 Y:11 P:25 SP:FB PPU: NOT IMPLEMENTED YET
C300  88        DEY                             A:20 X:08 Y:11 P:25 SP:FB PPU: NOT IMPLEMENTED YET
C301  D0 FA     BNE $C2FD                       A:20 X:08 Y:10 P:25 SP:FB PPU: NOT IMPLEMENTED YET
C2FD  8D 07 20  STA $2007 = 00                  A:20 X:08 Y:10 P:25 SP:FB PPU: NOT IMPLEMENTED YET
C300  88        DEY                             A:20 X:08 Y:10 P:25 SP:FB PPU: NOT IMPLEMENTED YET
C301  D0 FA     BNE $C2FD                       A:20 X:08 Y:0F P:25 SP:FB PPU: NOT IMPLEMENTED YET
C2FD  8D 07 20  STA $2007 = 00                  A:20 X:08 Y:0F P:25 SP:FB PPU: NOT IMPLEMENTED YET
C300  88        DEY                             A:20 X:08 Y:0F P:25 SP:FB PPU: NOT IMPLEMENTED YET
C301  D0 FA     BNE $C2FD                       A:20 X:08 Y:0E P:25 SP:FB PPU: NOT IMPLEMENTED YET
C2FD  8D 07 20  STA $2007 = 00                  A:20 X:08 Y:0E P:25 SP:FB PPU: NOT IMPLEMENTED YET
C300  88        DEY                             A:20 X:08 Y:0E P:25 SP:FB PPU: NOT IMPLEMENTED YET
C301  D0 FA     BNE $C2FD                       A:20 X:08 Y:0D P:25 SP:FB PPU: NOT IMPLEMENTED YET
C2FD  8D 07 20  STA $2007 = 00                  A:20 X:08 Y:0D P:25 SP:FB PPU: NOT IMPLEMENTED YET
C300  88        DEY                             A:20 X:08 Y:0D P:25 SP:FB PPU: NOT IMPLEMENTED YET
C301  D0 FA     BNE $C2FD                       A:20 X:08 Y:0C P:25 SP:FB PPU: NOT IMPLEMENTED YET
C2FD  8D 07 20  STA $2007 = 00                  A:20 X:08 Y:0C P:25 SP:FB PPU: NOT IMPLEMENTED YET
C300  88        DEY                             A:20 X:08 Y:0C P:25 SP:FB PPU: NOT IMPLEMENTED YET
C301  D0 FA     BNE $C2FD                       A:20 X:08 Y:0B P:25 SP:FB PPU: NOT IMPLEMENTED YET
C2FD  8D 07 20  STA $2007 = 00                  A:20 X:08 Y:0B P:25 SP:FB PPU: NOT IMPLEMENTED YET
C300  88        DEY                             A:20 X:08 Y:0B P:25 SP:FB PPU: NOT IMPLEMENTED YET
C301  D0 FA     BNE $C2FD                       A:20 X:08 Y:0A P:25 SP:FB PPU: NOT IMPLEMENTED YET
C2FD  8D 07 20  STA $2007 = 00                  A:20 X:08 Y:0A P:25 SP:FB PPU: NOT IMPLEMENTED YET
C300  88        DEY                             A:20 X:08 Y:0A P:25 SP:FB PPU: NOT IMPLEMENTED YET
C301  D0 FA     BNE $C2FD                       A:20 X:08 Y:09 P:25 SP:FB PPU: NOT IMPLEMENTED YET
C2FD  8D 07 20  STA $2007 = 00                  A:20 X:08 Y:09 P:25 SP:FB PPU: NOT IMPLEMENTED YET
C300  88        DEY                             A:20 X:08 Y:09 P:25 SP:FB PPU: NOT IMPLEMENTED YET
C301  D0 FA     BNE $C2FD                       A:20 X:08 Y:08 P:25 SP:FB PPU: NOT IMPLEMENTED YET
C2FD  8D 07 20  STA $2007 = 00                  A:20 X:08 Y:08 P:25 SP:FB PPU: NOT IMPLEMENTED YET
C300  88        DEY                             A:20 X:08 Y:08 P:25 SP:FB PPU: NOT IMPLEMENTED YET
C301  D0 FA     BNE $C2FD                       A:20 X:08 Y:07 P:25 SP:FB PPU: NOT IMPLEMENTED YET
C2FD  8D 07 20  STA $2007 = 00                  A:20 X:08 Y:07 P:25 SP:FB PPU: NOT IMPLEMENTED YET
C300  88        DEY                             A:20 X:08 Y:07 P:25 SP:FB PPU: NOT IMPLEMENTED YET
C301  D0 FA     BNE $C2FD                       A:20 X:08 Y:06 P:25 SP:FB PPU: NOT IMPLEMENTED YET
C2FD  8D 07 20  STA $2007 = 00                  A:20 X:08 Y:06 P:25 SP:FB PPU: NOT IMPLEMENTED YET
C300  88        DEY                             A:20 X:08 Y:06 P:25 SP:FB PPU: NOT IMPLEMENTED YET
C301  D0 FA     BNE $C2FD                       A:20 X:08 Y:05 P:25 SP:FB PPU: NOT IMPLEMENTED YET
C2FD  8D 07 20  STA $2007 = 00                  A:20 X:08 Y:05 P:25 SP:FB PPU: NOT IMPLEMENTED YET
C300  88        DEY                             A:20 X:08 Y:05 P:25 SP:FB PPU: NOT IMPLEMENTED YET
C301  D0 FA     BNE $C2FD                       A:20 X:08 Y:04 P:25 SP:FB PPU: NOT IMPLEMENTED YET
C2FD  8D 07 20  STA $2007 = 00                  A:20 X:08 Y:04 P:25 SP:FB PPU: NOT IMPLEMENTED YET
C300  88        DEY                             A:20 X:08 Y:04 P:25 SP:FB PPU: NOT IMPLEMENTED YET
C301  D0 FA     BNE $C2FD                       A:20 X:08 Y:03 P:25 SP:FB PPU: NOT IMPLEMENTED YET
C2FD  8D 07 20  STA $2007 = 00                  A:20 X:08 Y:03 P:25 SP:FB PPU: NOT IMPLEMENTED YET
C300  88        DEY                             A:20 X:08 Y:03 P:25 SP:FB PPU: NOT IMPLEMENTED YET
C301  D0 FA     BNE $C2FD                       A:20 X:08 Y:02 P:25 SP:FB PPU: NOT IMPLEMENTED YET
C2FD  8D 07 20  STA $2007 = 00                  A:20 X:08 Y:02 P:25 SP:FB PPU: NOT IMPLEMENTED YET
C300  88        DEY                             A:20 X:08 Y:02 P:25 SP:FB PPU: NOT IMPLEMENTED YET
C301  D0 FA     BNE $C2FD                       A:20 X:08 Y:01 P:25 SP:FB PPU: NOT IMPLEMENTED YET
C2FD  8D 07 20  STA $2007 = 00                  A:20 X:08 Y:01 P:25 SP:FB PPU: NOT IMPLEMENTED YET
C300  88        DEY                             A:20 X:08 Y:01 P:25 SP:FB PPU: NOT IMPLEMENTED YET
C301  D0 FA     BNE $C2FD                       A:20 X:08 Y:00 P:27 SP:FB PPU: NOT IMPLEMENTED YET
C303  CA        DEX                             A:20 X:08 Y:00 P:27 SP:FB PPU: NOT IMPLEMENTED YET
C304  D0 F5     BNE $C2FB                       A:20 X:07 Y:00 P:25 SP:FB PPU: NOT IMPLEMENTED YET
C2FB  A0 20     LDY #$20                        A:20 X:07 Y:00 P:25 SP:FB PPU: NOT IMPLEMENTED YET
C2FD  8D 07 20  STA $2007 = 00                  A:20 X:07 Y:20 P:25 SP:FB PPU: NOT IMPLEMENTED YET
C300  88        DEY                             A:20 X:07 Y:20 P:25 SP:FB PPU: NOT IMPLEMENTED YET
C301  D0 FA     BNE $C2FD                       A:20 X:07 Y:1F P:25 SP:FB PPU: NOT IMPLEMENTED YET
C2FD  8D 07 20  STA $2007 = 00                  A:20 X:07 Y:1F P:25 SP:FB PPU: NOT IMPLEMENTED YET
C300  88        DEY                             A:20 X:07 Y:1F P:25 SP:FB PPU: NOT IMPLEMENTED YET
C301  D0 FA     BNE $C2FD                       A:20 X:07 Y:1E P:25 SP:FB PPU: NOT IMPLEMENTED YET
C2FD  8D 07 20  STA $2007 = 00                  A:20 X:07 Y:1E P:25 SP:FB PPU: NOT IMPLEMENTED YET
C300  88        DEY                             A:20 X:07 Y:1E P:25 SP:FB PPU: NOT IMPLEMENTED YET
C301  D0 FA     BNE $C2FD                       A:20 X:07 Y:1D P:25 SP:FB PPU: NOT IMPLEMENTED YET
C2FD  8D 07 20  STA $2007 = 00                  A:20 X:07 Y:1D P:25 SP:FB PPU: NOT IMPLEMENTED YET
C300  88        DEY                             A:20 X:07 Y:1D P:25 SP:FB PPU: NOT IMPLEMENTED YET
C301  D0 FA     BNE $C2FD                       A:20 X:07 Y:1C P:25 SP:FB PPU: NOT IMPLEMENTED YET
C2FD  8D 07 20  STA $2007 = 00                  A:20 X:07 Y:1C P:25 SP:FB PPU: NOT IMPLEMENTED YET
C300  88        DEY                             A:20 X:07 Y:1C P:25 SP:FB PPU: NOT IMPLEMENTED YET
C301  D0 FA     BNE $C2FD                       A:20 X:07 Y:1B P:25 SP:FB PPU: NOT IMPLEMENTED YET
C2FD  8D 07 20  STA $2007 = 00                  A:20 X:07 Y:1B P:25 SP:FB PPU: NOT IMPLEMENTED YET
C300  88        DEY                             A:20 X:07 Y:1B P:25 SP:FB PPU: NOT IMPLEMENTED YET
C301  D0 FA     BNE $C2FD                       A:20 X:07 Y:1A P:25 SP:FB PPU: NOT IMPLEMENTED YET
C2FD  8D 07 20  STA $2007 = 00                  A:20 X:07 Y:1A P:25 SP:FB PPU: NOT IMPLEMENTED YET
C300  88        DEY                             A:20 X:07 Y:1A P:25 SP:FB PPU: NOT IMPLEMENTED YET
C301  D0 FA     BNE $C2FD                       A:20 X:07 Y:19 P:25 SP:FB PPU: NOT IMPLEMENTED YET
C2FD  8D 07 20  STA $2007 = 00                  A:20 X:07 Y:19 P:25 SP:FB PPU: NOT IMPLEMENTED YET
C300  88        DEY                             A:20 X:07 Y:19 P:25 SP:FB PPU: NOT IMPLEMENTED YET
C301  D0 FA     BNE $C2FD                       A:20 X:07 Y:18 P:25 SP:FB PPU: NOT IMPLEMENTED YET
C2FD  8D 07 20  STA $2007 = 00                  A:20 X:07 Y:18 P:25 SP:FB PPU: NOT IMPLEMENTED YET
C300  88        DEY                             A:20 X:07 Y:18 P:25 SP:FB PPU: NOT IMPLEMENTED YET
C301  D0 FA     BNE $C2FD                       A:20 X:07 Y:17 P:25 SP:FB PPU: NOT IMPLEMENTED YET
C2FD  8D 07 20  STA $2007 = 00                  A:20 X:07 Y:17 P:25 SP:FB PPU: NOT IMPLEMENTED YET
C300  88        DEY                             A:20 X:07 Y:17 P:25 SP:FB PPU: NOT IMPLEMENTED YET
C301  D0 FA     BNE $C2FD                       A:20 X:07 Y:16 P:25 SP:FB PPU: NOT IMPLEMENTED YET
C2FD  8D 07 20  STA $2007 = 00                  A:20 X:07 Y:16 P:25 SP:FB PPU: NOT IMPLEMENTED YET
C300  88        DEY                             A:20 X:07 Y:16 P:25 SP:FB PPU: NOT IMPLEMENTED YET
C301  D0 FA     BNE $C2FD                       A:20 X:07 Y:15 P:25 SP:FB PPU: NOT IMPLEMENTED YET
C2FD  8D 07 20  STA $2007 = 00                  A:20 X:07 Y:15 P:25 SP:FB PPU: NOT IMPLEMENTED YET
C300  88        DEY                             A:20 X:07 Y:15 P:25 SP:FB PPU: NOT IMPLEMENTED YET
C301  D0 FA     BNE $C2FD                       A:20 X:07 Y:14 P:25 SP:FB PPU: NOT IMPLEMENTED YET
C2FD  8D 07 20  STA $2007 = 00                  A:20 X:07 Y:14 P:25 SP:FB PPU: NOT IMPLEMENTED YET
C300  88        DEY                             A:20 X:07 Y:14 P:25 SP:FB PPU: NOT IMPLEMENTED YET
C301  D0 FA     BNE $C2FD                       A:20 X:07 Y:13 P:25 SP:FB PPU: NOT IMPLEMENTED YET
C2FD  8D 07 20  STA $2007 = 00                  A:20 X:07 Y:13 P:25 SP:FB PPU: NOT IMPLEMENTED YET
C300  88        DEY                             A:20 X:07 Y:13 P:25 SP:FB PPU: NOT IMPLEMENTED YET
C301  D0 FA     BNE $C2FD                       A:20 X:07 Y:12 P:25 SP:FB PPU: NOT IMPLEMENTED YET
C2FD  8D 07 20  STA $2007 = 00                  A:20 X:07 Y:12 P:25 SP:FB PPU: NOT IMPLEMENTED YET
C300  88        DEY                             A:20 X:07 Y:12 P:25 SP:FB PPU: NOT IMPLEMENTED YET
C301  D0 FA     BNE $C2FD                       A:20 X:07 Y:11 P:25 SP:FB PPU: NOT IMPLEMENTED YET
C2FD  8D 07 20  STA $2007 = 00                  A:20 X:07 Y:11 P:25 SP:FB PPU: NOT IMPLEMENTED YET
C300  88        DEY                             A:20 X:07 Y:11 P:25 SP:FB PPU: NOT IMPLEMENTED YET
C301  D0 FA     BNE $C2FD                       A:20 X:07 Y:10 P:25 SP:FB PPU: NOT IMPLEMENTED YET
C2FD  8D 07 20  STA $2007 = 00                  A:20 X:07 Y:10 P:25 SP:FB PPU: NOT IMPLEMENTED YET
C300  88        DEY                             A:20 X:07 Y:10 P:25 SP:FB PPU: NOT IMPLEMENTED YET
C301  D0 FA     BNE $C2FD                       A:20 X:07 Y:0F P:25 SP:FB PPU: NOT IMPLEMENTED YET
C2FD  8D 07 20  STA $2007 = 00                  A:20 X:07 Y:0F P:25 SP:FB PPU: NOT IMPLEMENTED YET
C300  88        DEY                             A:20 X:07 Y:0F P:25 SP:FB PPU: NOT IMPLEMENTED YET
C301  D0 FA     BNE $C2FD                       A:20 X:07 Y:0E P:25 SP:FB PPU: NOT IMPLEMENTED YET
C2FD  8D 07 20  STA $2007 = 00                  A:20 X:07 Y:0E P:25 SP:FB PPU: NOT IMPLEMENTED YET
C300  88        DEY                             A:20 X:07 Y:0E P:25 SP:FB PPU: NOT IMPLEMENTED YET
C301  D0 FA     BNE $C2FD                       A:20 X:07 Y:0D P:25 SP:FB PPU: NOT IMPLEMENTED YET
C2FD  8D 07 20  STA $2007 = 00                  A:20 X:07 Y:0D P:25 SP:FB PPU: NOT IMPLEMENTED YET
C300  88        DEY                             A:20 X:07 Y:0D P:25 SP:FB PPU: NOT IMPLEMENTED YET
C301  D0 FA     BNE $C2FD                       A:20 X:07 Y:0C P:25 SP:FB PPU: NOT IMPLEMENTED YET
C2FD  8D 07 20  STA $2007 = 00                  A:20 X:07 Y:0C P:25 SP:FB PPU: NOT IMPLEMENTED YET
C300  88        DEY                             A:20 X:07 Y:0C P:25 SP:FB PPU: NOT IMPLEMENTED YET
C301  D0 FA     BNE $C2FD                       A:20 X:07 Y:0B P:25 SP:FB PPU: NOT IMPLEMENTED YET
C2FD  8D 07 20  STA $2007 = 00                  A:20 X:07 Y:0B P:25 SP:FB PPU: NOT IMPLEMENTED YET
C300  88        DEY                             A:20 X:07 Y:0B P:25 SP:FB PPU: NOT IMPLEMENTED YET
C301  D0 FA     BNE $C2FD                       A:20 X:07 Y:0A P:25 SP:FB PPU: NOT IMPLEMENTED YET
C2FD  8D 07 20  STA $2007 = 00                  A:20 X:07 Y:0A P:25 SP:FB PPU: NOT IMPLEMENTED YET
C300  88        DEY                             A:20 X:07 Y:0A P:25 SP:FB PPU: NOT IMPLEMENTED YET
C301  D0 FA     BNE $C2FD                       A:20 X:07 Y:09 P:25 SP:FB PPU: NOT IMPLEMENTED YET
C2FD  8D 07 20  STA $2007 = 00                  A:20 X:07 Y:09 P:25 SP:FB PPU: NOT IMPLEMENTED YET
C300  88        DEY                             A:20 X:07 Y:09 P:25 SP:FB PPU: NOT IMPLEMENTED YET
C301  D0 FA     BNE $C2FD                       A:20 X:07 Y:08 P:25 SP:FB PPU: NOT IMPLEMENTED YET
C2FD  8D 07 20  STA $2007 = 00                  A:20 X:07 Y:08 P:25 SP:FB PPU: NOT IMPLEMENTED YET
C300  88        DEY                             A:20 X:07 Y:08 P:25 SP:FB PPU: NOT IMPLEMENTED YET
C301  D0 FA     BNE $C2FD                       A:20 X:07 Y:07 P:25 SP:FB PPU: NOT IMPLEMENTED YET
C2FD  8D 07 20  STA $2007 = 00                  A:20 X:07 Y:07 P:25 SP:FB PPU: NOT IMPLEMENTED YET
C300  88        DEY                             A:20 X:07 Y:07 P:25 SP:FB PPU: NOT IMPLEMENTED YET
C301  D0 FA     BNE $C2FD                       A:20 X:07 Y:06 P:25 SP:FB PPU: NOT IMPLEMENTED YET
C2FD  8D 07 20  STA $2007 = 00                  A:20 X:07 Y:06 P:25 SP:FB PPU: NOT IMPLEMENTED YET
C300  88        DEY                             A:20 X:07 Y:06 P:25 SP:FB PPU: NOT IMPLEMENTED YET
C301  D0 FA     BNE $C2FD                       A:20 X:07 Y:05 P:25 SP:FB PPU: NOT IMPLEMENTED YET
C2FD  8D 07 20  STA $2007 = 00                  A:20 X:07 Y:05 P:25 SP:FB PPU: NOT IMPLEMENTED YET
C300  88        DEY                             A:20 X:07 Y:05 P:25 SP:FB PPU: NOT IMPLEMENTED YET
C301  D0 FA     BNE $C2FD                       A:20 X:07 Y:04 P:25 SP:FB PPU: NOT IMPLEMENTED YET
C2FD  8D 07 20  STA $2007 = 00                  A:20 X:07 Y:04 P:25 SP:FB PPU: NOT IMPLEMENTED YET
C300  88        DEY                             A:20 X:07 Y:04 P:25 SP:FB PPU: NOT IMPLEMENTED YET
C301  D0 FA     BNE $C2FD                       A:20 X:07 Y:03 P:25 SP:FB PPU: NOT IMPLEMENTED YET
C2FD  8D 07 20  STA $2007 = 00                  A:20 X:07 Y:03 P:25 SP:FB PPU: NOT IMPLEMENTED YET
C300  88        DEY                             A:20 X:07 Y:03 P:25 SP:FB PPU: NOT IMPLEMENTED YET
C301  D0 FA     BNE $C2FD                       A:20 X:07 Y:02 P:25 SP:FB PPU: NOT IMPLEMENTED YET
C2FD  8D 07 20  STA $2007 = 00                  A:20 X:07 Y:02 P:25 SP:FB PPU: NOT IMPLEMENTED YET
C300  88        DEY                             A:20 X:07 Y:02 P:25 SP:FB PPU: NOT IMPLEMENTED YET
C301  D0 FA     BNE $C2FD                       A:20 X:07 Y:01 P:25 SP:FB PPU: NOT IMPLEMENTED YET
C2FD  8D 07 20  STA $2007 = 00                  A:20 X:07 Y:01 P:25 SP:FB PPU: NOT IMPLEMENTED YET
C300  88        DEY                             A:20 X:07 Y:01 P:25 SP:FB PPU: NOT IMPLEMENTED YET
C301  D0 FA     BNE $C2FD                       A:20 X:07 Y:00 P:27 SP:FB PPU: NOT IMPLEMENTED YET
C303  CA        DEX                             A:20 X:07 Y:00 P:27 SP:FB PPU: NOT IMPLEMENTED YET
C304  D0 F5     BNE $C2FB                       A:20 X:06 Y:00 P:25 SP:FB PPU: NOT IMPLEMENTED YET
C2FB  A0 20     LDY #$20                        A:20 X:06 Y:00 P:25 SP:FB PPU: NOT IMPLEMENTED YET
C2FD  8D 07 20  STA $2007 = 00                  A:20 X:06 Y:20 P:25 SP:FB PPU: NOT IMPLEMENTED YET
C300  88        DEY                             A:20 X:06 Y:20 P:25 SP:FB PPU: NOT IMPLEMENTED YET
C301  D0 FA     BNE $C2FD                       A:20 X:06 Y:1F P:25 SP:FB PPU: NOT IMPLEMENTED YET
C2FD  8D 07 20  STA $2007 = 00                  A:20 X:06 Y:1F P:25 SP:FB PPU: NOT IMPLEMENTED YET
C300  88        DEY                             A:20 X:06 Y:1F P:25 SP:FB PPU: NOT IMPLEMENTED YET
C301  D0 FA     BNE $C2FD                       A:20 X:06 Y:1E P:25 SP:FB PPU: NOT IMPLEMENTED YET
C2FD  8D 07 20  STA $2007 = 00                  A:20 X:06 Y:1E P:25 SP:FB PPU: NOT IMPLEMENTED YET
C300  88        DEY                             A:20 X:06 Y:1E P:25 SP:FB PPU: NOT IMPLEMENTED YET
C301  D0 FA     BNE $C2FD                       A:20 X:06 Y:1D P:25 SP:FB PPU: NOT IMPLEMENTED YET
C2FD  8D 07 20  STA $2007 = 00                  A:20 X:06 Y:1D P:25 SP:FB PPU: NOT IMPLEMENTED YET
C300  88        DEY                             A:20 X:06 Y:1D P:25 SP:FB PPU: NOT IMPLEMENTED YET
C301  D0 FA     BNE $C2FD                       A:20 X:06 Y:1C P:25 SP:FB PPU: NOT IMPLEMENTED YET
C2FD  8D 07 20  STA $2007 = 00                  A:20 X:06 Y:1C P:25 SP:FB PPU: NOT IMPLEMENTED YET
C300  88        DEY                             A:20 X:06 Y:1C P:25 SP:FB PPU: NOT IMPLEMENTED YET
C301  D0 FA     BNE $C2FD                       A:20 X:06 Y:1B P:25 SP:FB PPU: NOT IMPLEMENTED YET
C2FD  8D 07 20  STA $2007 = 00                  A:20 X:06 Y:1B P:25 SP:FB PPU: NOT IMPLEMENTED YET
C300  88        DEY                             A:20 X:06 Y:1B P:25 SP:FB PPU: NOT IMPLEMENTED YET
C301  D0 FA     BNE $C2FD                       A:20 X:06 Y:1A P:25 SP:FB PPU: NOT IMPLEMENTED YET
C2FD  8D 07 20  STA $2007 = 00                  A:20 X:06 Y:1A P:25 SP:FB PPU: NOT IMPLEMENTED YET
C300  88        DEY                             A:20 X:06 Y:1A P:25 SP:FB PPU: NOT IMPLEMENTED YET
C301  D0 FA     BNE $C2FD                       A:20 X:06 Y:19 P:25 SP:FB PPU: NOT IMPLEMENTED YET
C2FD  8D 07 20  STA $2007 = 00                  A:20 X:06 Y:19 P:25 SP:FB PPU: NOT IMPLEMENTED YET
C300  88        DEY                             A:20 X:06 Y:19 P:25 SP:FB PPU: NOT IMPLEMENTED YET
C301  D0 FA     BNE $C2FD                       A:20 X:06 Y:18 P:25 SP:FB PPU: NOT IMPLEMENTED YET
C2FD  8D 07 20  STA $2007 = 00                  A:20 X:06 Y:18 P:25 SP:FB PPU: NOT IMPLEMENTED YET
C300  88        DEY                             A:20 X:06 Y:18 P:25 SP:FB PPU: NOT IMPLEMENTED YET
C301  D0 FA     BNE $C2FD                       A:20 X:06 Y:17 P:25 SP:FB PPU: NOT IMPLEMENTED YET
C2FD  8D 07 20  STA $2007 = 00                  A:20 X:06 Y:17 P:25 SP:FB PPU: NOT IMPLEMENTED YET
C300  88        DEY                             A:20 X:06 Y:17 P:25 SP:FB PPU: NOT IMPLEMENTED YET
C301  D0 FA     BNE $C2FD                       A:20 X:06 Y:16 P:25 SP:FB PPU: NOT IMPLEMENTED YET
C2FD  8D 07 20  STA $2007 = 00                  A:20 X:06 Y:16 P:25 SP:FB PPU: NOT IMPLEMENTED YET
C300  88        DEY                             A:20 X:06 Y:16 P:25 SP:FB PPU: NOT IMPLEMENTED YET
C301  D0 FA     BNE $C2FD                       A:20 X:06 Y:15 P:25 SP:FB PPU: NOT IMPLEMENTED YET
C2FD  8D 07 20  STA $2007 = 00                  A:20 X:06 Y:15 P:25 SP:FB PPU: NOT IMPLEMENTED YET
C300  88        DEY                             A:20 X:06 Y:15 P:25 SP:FB PPU: NOT IMPLEMENTED YET
C301  D0 FA     BNE $C2FD                       A:20 X:06 Y:14 P:25 SP:FB PPU: NOT IMPLEMENTED YET
C2FD  8D 07 20  STA $2007 = 00                  A:20 X:06 Y:14 P:25 SP:FB PPU: NOT IMPLEMENTED YET
C300  88        DEY                             A:20 X:06 Y:14 P:25 SP:FB PPU: NOT IMPLEMENTED YET
C301  D0 FA     BNE $C2FD                       A:20 X:06 Y:13 P:25 SP:FB PPU: NOT IMPLEMENTED YET
C2FD  8D 07 20  STA $2007 = 00                  A:20 X:06 Y:13 P:25 SP:FB PPU: NOT IMPLEMENTED YET
C300  88        DEY                             A:20 X:06 Y:13 P:25 SP:FB PPU: NOT IMPLEMENTED YET
C301  D0 FA     BNE $C2FD                       A:20 X:06 Y:12 P:25 SP:FB PPU: NOT IMPLEMENTED YET
C2FD  8D 07 20  STA $2007 = 00                  A:20 X:06 Y:12 P:25 SP:FB PPU: NOT IMPLEMENTED YET
C300  88        DEY                             A:20 X:06 Y:12 P:25 SP:FB PPU: NOT IMPLEMENTED YET
C301  D0 FA     BNE $C2FD                       A:20 X:06 Y:11 P:25 SP:FB PPU: NOT IMPLEMENTED YET
C2FD  8D 07 20  STA $2007 = 00                  A:20 X:06 Y:11 P:25 SP:FB PPU: NOT IMPLEMENTED YET
C300  88        DEY                             A:20 X:06 Y:11 P:25 SP:FB PPU: NOT IMPLEMENTED YET
C301  D0 FA     BNE $C2FD                       A:20 X:06 Y:10 P:25 SP:FB PPU: NOT IMPLEMENTED YET
C2FD  8D 07 20  STA $2007 = 00                  A:20 X:06 Y:10 P:25 SP:FB PPU: NOT IMPLEMENTED YET
C300  88        DEY                             A:20 X:06 Y:10 P:25 SP:FB PPU: NOT IMPLEMENTED YET
C301  D0 FA     BNE $C2FD                       A:20 X:06 Y:0F P:25 SP:FB PPU: NOT IMPLEMENTED YET
C2FD  8D 07 20  STA $2007 = 00                  A:20 X:06 Y:0F P:25 SP:FB PPU: NOT IMPLEMENTED YET
C300  88        DEY                             A:20 X:06 Y:0F P:25 SP:FB PPU: NOT IMPLEMENTED YET
C301  D0 FA     BNE $C2FD                       A:20 X:06 Y:0E P:25 SP:FB PPU: NOT IMPLEMENTED YET
C2FD  8D 07 20  STA $2007 = 00                  A:20 X:06 Y:0E P:25 SP:FB PPU: NOT IMPLEMENTED YET
C300  88        DEY                             A:20 X:06 Y:0E P:25 SP:FB PPU: NOT IMPLEMENTED YET
C301  D0 FA     BNE $C2FD                       A:20 X:06 Y:0D P:25 SP:FB PPU: NOT IMPLEMENTED YET
C2FD  8D 07 20  STA $2007 = 00                  A:20 X:06 Y:0D P:25 SP:FB PPU: NOT IMPLEMENTED YET
C300  88        DEY                             A:20 X:06 Y:0D P:25 SP:FB PPU: NOT IMPLEMENTED YET
C301  D0 FA     BNE $C2FD                       A:20 X:06 Y:0C P:25 SP:FB PPU: NOT IMPLEMENTED YET
C2FD  8D 07 20  STA $2007 = 00                  A:20 X:06 Y:0C P:25 SP:FB PPU: NOT IMPLEMENTED YET
C300  88        DEY                             A:20 X:06 Y:0C P:25 SP:FB PPU: NOT IMPLEMENTED YET
C301  D0 FA     BNE $C2FD                       A:20 X:06 Y:0B P:25 SP:FB PPU: NOT IMPLEMENTED YET
C2FD  8D 07 20  STA $2007 = 00                  A:20 X:06 Y:0B P:25 SP:FB PPU: NOT IMPLEMENTED YET
C300  88        DEY                             A:20 X:06 Y:0B P:25 SP:FB PPU: NOT IMPLEMENTED YET
C301  D0 FA     BNE $C2FD                       A:20 X:06 Y:0A P:25 SP:FB PPU: NOT IMPLEMENTED YET
C2FD  8D 07 20  STA $2007 = 00                  A:20 X:06 Y:0A P:25 SP:FB PPU: NOT IMPLEMENTED YET
C300  88        DEY                             A:20 X:06 Y:0A P:25 SP:FB PPU: NOT IMPLEMENTED YET
C301  D0 FA     BNE $C2FD                       A:20 X:06 Y:09 P:25 SP:FB PPU: NOT IMPLEMENTED YET
C2FD  8D 07 20  STA $2007 = 00                  A:20 X:06 Y:09 P:25 SP:FB PPU: NOT IMPLEMENTED YET
C300  88        DEY                             A:20 X:06 Y:09 P:25 SP:FB PPU: NOT IMPLEMENTED YET
C301  D0 FA     BNE $C2FD                       A:20 X:06 Y:08 P:25 SP:FB PPU: NOT IMPLEMENTED YET
C2FD  8D 07 20  STA $2007 = 00                  A:20 X:06 Y:08 P:25 SP:FB PPU: NOT IMPLEMENTED YET
C300  88        DEY                             A:20 X:06 Y:08 P:25 SP:FB PPU: NOT IMPLEMENTED YET
C301  D0 FA     BNE $C2FD                       A:20 X:06 Y:07 P:25 SP:FB PPU: NOT IMPLEMENTED YET
C2FD  8D 07 20  STA $2007 = 00                  A:20 X:06 Y:07 P:25 SP:FB PPU: NOT IMPLEMENTED YET
C300  88        DEY                             A:20 X:06 Y:07 P:25 SP:FB PPU: NOT IMPLEMENTED YET
C301  D0 FA     BNE $C2FD                       A:20 X:06 Y:06 P:25 SP:FB PPU: NOT IMPLEMENTED YET
C2FD  8D 07 20  STA $2007 = 00                  A:20 X:06 Y:06 P:25 SP:FB PPU: NOT IMPLEMENTED YET
C300  88        DEY                             A:20 X:06 Y:06 P:25 SP:FB PPU: NOT IMPLEMENTED YET
C301  D0 FA     BNE $C2FD                       A:20 X:06 Y:05 P:25 SP:FB PPU: NOT IMPLEMENTED YET
C2FD  8D 07 20  STA $2007 = 00                  A:20 X:06 Y:05 P:25 SP:FB PPU: NOT IMPLEMENTED YET
C300  88        DEY                             A:20 X:06 Y:05 P:25 SP:FB PPU: NOT IMPLEMENTED YET
C301  D0 FA     BNE $C2FD                       A:20 X:06 Y:04 P:25 SP:FB PPU: NOT IMPLEMENTED YET
C2FD  8D 07 20  STA $2007 = 00                  A:20 X:06 Y:04 P:25 SP:FB PPU: NOT IMPLEMENTED YET
C300  88        DEY                             A:20 X:06 Y:04 P:25 SP:FB PPU: NOT IMPLEMENTED YET
C301  D0 FA     BNE $C2FD                       A:20 X:06 Y:03 P:25 SP:FB PPU: NOT IMPLEMENTED YET
C2FD  8D 07 20  STA $2007 = 00                  A:20 X:06 Y:03 P:25 SP:FB PPU: NOT IMPLEMENTED YET
C300  88        DEY                             A:20 X:06 Y:03 P:25 SP:FB PPU: NOT IMPLEMENTED YET
C301  D0 FA     BNE $C2FD                       A:20 X:06 Y:02 P:25 SP:FB PPU: NOT IMPLEMENTED YET
C2FD  8D 07 20  STA $2007 = 00                  A:20 X:06 Y:02 P:25 SP:FB PPU: NOT IMPLEMENTED YET
C300  88        DEY                             A:20 X:06 Y:02 P:25 SP:FB PPU: NOT IMPLEMENTED YET
C301  D0 FA     BNE $C2FD                       A:20 X:06 Y:01 P:25 SP:FB PPU: NOT IMPLEMENTED YET
C2FD  8D 07 20  STA $2007 = 00                  A:20 X:06 Y:01 P:25 SP:FB PPU: NOT IMPLEMENTED YET
C300  88        DEY                             A:20 X:06 Y:01 P:25 SP:FB PPU: NOT IMPLEMENTED YET
C301  D0 FA     BNE $C2FD                       A:20 X:06 Y:00 P:27 SP:FB PPU: NOT IMPLEMENTED YET
C303  CA        DEX                             A:20 X:06 Y:00 P:27 SP:FB PPU: NOT IMPLEMENTED YET
C304  D0 F5     BNE $C2FB                       A:20 X:05 Y:00 P:25 SP:FB PPU: NOT IMPLEMENTED YET
C2FB  A0 20     LDY #$20                        A:20 X:05 Y:00 P:25 SP:FB PPU: NOT IMPLEMENTED YET
C2FD  8D 07 20  STA $2007 = 00                  A:20 X:05 Y:20 P:25 SP:FB PPU: NOT IMPLEMENTED YET
C300  88        DEY                             A:20 X:05 Y:20 P:25 SP:FB PPU: NOT IMPLEMENTED YET
C301  D0 FA     BNE $C2FD                       A:20 X:05 Y:1F P:25 SP:FB PPU: NOT IMPLEMENTED YET
C2FD  8D 07 20  STA $2007 = 00                  A:20 X:05 Y:1F P:25 SP:FB PPU: NOT IMPLEMENTED YET
C300  88        DEY                             A:20 X:05 Y:1F P:25 SP:FB PPU: NOT IMPLEMENTED YET
C301  D0 FA     BNE $C2FD                       A:20 X:05 Y:1E P:25 SP:FB PPU: NOT IMPLEMENTED YET
C2FD  8D 07 20  STA $2007 = 00                  A:20 X:05 Y:1E P:25 SP:FB PPU: NOT IMPLEMENTED YET
C300  88        DEY                             A:20 X:05 Y:1E P:25 SP:FB PPU: NOT IMPLEMENTED YET
C301  D0 FA     BNE $C2FD                       A:20 X:05 Y:1D P:25 SP:FB PPU: NOT IMPLEMENTED YET
C2FD  8D 07 20  STA $2007 = 00                  A:20 X:05 Y:1D P:25 SP:FB PPU: NOT IMPLEMENTED YET
C300  88        DEY                             A:20 X:05 Y:1D P:25 SP:FB PPU: NOT IMPLEMENTED YET
C301  D0 FA     BNE $C2FD                       A:20 X:05 Y:1C P:25 SP:FB PPU: NOT IMPLEMENTED YET
C2FD  8D 07 20  STA $2007 = 00                  A:20 X:05 Y:1C P:25 SP:FB PPU: NOT IMPLEMENTED YET
C300  88        DEY                             A:20 X:05 Y:1C P:25 SP:FB PPU: NOT IMPLEMENTED YET
C301  D0 FA     BNE $C2FD                       A:20 X:05 Y:1B P:25 SP:FB PPU: NOT IMPLEMENTED YET
C2FD  8D 07 20  STA $2007 = 00                  A:20 X:05 Y:1B P:25 SP:FB PPU: NOT IMPLEMENTED YET
C300  88        DEY                             A:20 X:05 Y:1B P:25 SP:FB PPU: NOT IMPLEMENTED YET
C301  D0 FA     BNE $C2FD                       A:20 X:05 Y:1A P:25 SP:FB PPU: NOT IMPLEMENTED YET
C2FD  8D 07 20  STA $2007 = 00                  A:20 X:05 Y:1A P:25 SP:FB PPU: NOT IMPLEMENTED YET
C300  88        DEY                             A:20 X:05 Y:1A P:25 SP:FB PPU: NOT IMPLEMENTED YET
C301  D0 FA     BNE $C2FD                       A:20 X:05 Y:19 P:25 SP:FB PPU: NOT IMPLEMENTED YET
C2FD  8D 07 20  STA $2007 = 00                  A:20 X:05 Y:19 P:25 SP:FB PPU: NOT IMPLEMENTED YET
C300  88        DEY                             A:20 X:05 Y:19 P:25 SP:FB PPU: NOT IMPLEMENTED YET
C301  D0 FA     BNE $C2FD                       A:20 X:05 Y:18 P:25 SP:FB PPU: NOT IMPLEMENTED YET
C2FD  8D 07 20  STA $2007 = 00                  A:20 X:05 Y:18 P:25 SP:FB PPU: NOT IMPLEMENTED YET
C300  88        DEY                             A:20 X:05 Y:18 P:25 SP:FB PPU: NOT IMPLEMENTED YET
C301  D0 FA     BNE $C2FD                       A:20 X:05 Y:17 P:25 SP:FB PPU: NOT IMPLEMENTED YET
C2FD  8D 07 20  STA $2007 = 00                  A:20 X:05 Y:17 P:25 SP:FB PPU: NOT IMPLEMENTED YET
C300  88        DEY                             A:20 X:05 Y:17 P:25 SP:FB PPU: NOT IMPLEMENTED YET
C301  D0 FA     BNE $C2FD                       A:20 X:05 Y:16 P:25 SP:FB PPU: NOT IMPLEMENTED YET
C2FD  8D 07 20  STA $2007 = 00                  A:20 X:05 Y:16 P:25 SP:FB PPU: NOT IMPLEMENTED YET
C300  88        DEY                             A:20 X:05 Y:16 P:25 SP:FB PPU: NOT IMPLEMENTED YET
C301  D0 FA     BNE $C2FD                       A:20 X:05 Y:15 P:25 SP:FB PPU: NOT IMPLEMENTED YET
C2FD  8D 07 20  STA $2007 = 00                  A:20 X:05 Y:15 P:25 SP:FB PPU: NOT IMPLEMENTED YET
C300  88        DEY                             A:20 X:05 Y:15 P:25 SP:FB PPU: NOT IMPLEMENTED YET
C301  D0 FA     BNE $C2FD                       A:20 X:05 Y:14 P:25 SP:FB PPU: NOT IMPLEMENTED YET
C2FD  8D 07 20  STA $2007 = 00                  A:20 X:05 Y:14 P:25 SP:FB PPU: NOT IMPLEMENTED YET
C300  88        DEY                             A:20 X:05 Y:14 P:25 SP:FB PPU: NOT IMPLEMENTED YET
C301  D0 FA     BNE $C2FD                       A:20 X:05 Y:13 P:25 SP:FB PPU: NOT IMPLEMENTED YET
C2FD  8D 07 20  STA $2007 = 00                  A:20 X:05 Y:13 P:25 SP:FB PPU: NOT IMPLEMENTED YET
C300  88        DEY                             A:20 X:05 Y:13 P:25 SP:FB PPU: NOT IMPLEMENTED YET
C301  D0 FA     BNE $C2FD                       A:20 X:05 Y:12 P:25 SP:FB PPU: NOT IMPLEMENTED YET
C2FD  8D 07 20  STA $2007 = 00                  A:20 X:05 Y:12 P:25 SP:FB PPU: NOT IMPLEMENTED YET
C300  88        DEY                             A:20 X:05 Y:12 P:25 SP:FB PPU: NOT IMPLEMENTED YET
C301  D0 FA     BNE $C2FD                       A:20 X:05 Y:11 P:25 SP:FB PPU: NOT IMPLEMENTED YET
C2FD  8D 07 20  STA $2007 = 00                  A:20 X:05 Y:11 P:25 SP:FB PPU: NOT IMPLEMENTED YET
C300  88        DEY                             A:20 X:05 Y:11 P:25 SP:FB PPU: NOT IMPLEMENTED YET
C301  D0 FA     BNE $C2FD                       A:20 X:05 Y:10 P:25 SP:FB PPU: NOT IMPLEMENTED YET
C2FD  8D 07 20  STA $2007 = 00                  A:20 X:05 Y:10 P:25 SP:FB PPU: NOT IMPLEMENTED YET
C300  88        DEY                             A:20 X:05 Y:10 P:25 SP:FB PPU: NOT IMPLEMENTED YET
C301  D0 FA     BNE $C2FD                       A:20 X:05 Y:0F P:25 SP:FB PPU: NOT IMPLEMENTED YET
C2FD  8D 07 20  STA $2007 = 00                  A:20 X:05 Y:0F P:25 SP:FB PPU: NOT IMPLEMENTED YET
C300  88        DEY                             A:20 X:05 Y:0F P:25 SP:FB PPU: NOT IMPLEMENTED YET
C301  D0 FA     BNE $C2FD                       A:20 X:05 Y:0E P:25 SP:FB PPU: NOT IMPLEMENTED YET
C2FD  8D 07 20  STA $2007 = 00                  A:20 X:05 Y:0E P:25 SP:FB PPU: NOT IMPLEMENTED YET
C300  88        DEY                             A:20 X:05 Y:0E P:25 SP:FB PPU: NOT IMPLEMENTED YET
C301  D0 FA     BNE $C2FD                       A:20 X:05 Y:0D P:25 SP:FB PPU: NOT IMPLEMENTED YET
C2FD  8D 07 20  STA $2007 = 00                  A:20 X:05 Y:0D P:25 SP:FB PPU: NOT IMPLEMENTED YET
C300  88        DEY                             A:20 X:05 Y:0D P:25 SP:FB PPU: NOT IMPLEMENTED YET
C301  D0 FA     BNE $C2FD                       A:20 X:05 Y:0C P:25 SP:FB PPU: NOT IMPLEMENTED YET
C2FD  8D 07 20  STA $2007 = 00                  A:20 X:05 Y:0C P:25 SP:FB PPU: NOT IMPLEMENTED YET
C300  88        DEY                             A:20 X:05 Y:0C P:25 SP:FB PPU: NOT IMPLEMENTED YET
C301  D0 FA     BNE $C2FD                       A:20 X:05 Y:0B P:25 SP:FB PPU: NOT IMPLEMENTED YET
C2FD  8D 07 20  STA $2007 = 00                  A:20 X:05 Y:0B P:25 SP:FB PPU: NOT IMPLEMENTED YET
C300  88        DEY                             A:20 X:05 Y:0B P:25 SP:FB PPU: NOT IMPLEMENTED YET
C301  D0 FA     BNE $C2FD                       A:20 X:05 Y:0A P:25 SP:FB PPU: NOT IMPLEMENTED YET
C2FD  8D 07 20  STA $2007 = 00                  A:20 X:05 Y:0A P:25 SP:FB PPU: NOT IMPLEMENTED YET
C300  88        DEY                             A:20 X:05 Y:0A P:25 SP:FB PPU: NOT IMPLEMENTED YET
C301  D0 FA     BNE $C2FD                       A:20 X:05 Y:09 P:25 SP:FB PPU: NOT IMPLEMENTED YET
C2FD  8D 07 20  STA $2007 = 00                  A:20 X:05 Y:09 P:25 SP:FB PPU: NOT IMPLEMENTED YET
C300  88        DEY                             A:20 X:05 Y:09 P:25 SP:FB PPU: NOT IMPLEMENTED YET
C301  D0 FA     BNE $C2FD                       A:20 X:05 Y:08 P:25 SP:FB PPU: NOT IMPLEMENTED YET
C2FD  8D 07 20  STA $2007 = 00                  A:20 X:05 Y:08 P:25 SP:FB PPU: NOT IMPLEMENTED YET
C300  88        DEY                             A:20 X:05 Y:08 P:25 SP:FB PPU: NOT IMPLEMENTED YET
C301  D0 FA     BNE $C2FD                       A:20 X:05 Y:07 P:25 SP:FB PPU: NOT IMPLEMENTED YET
C2FD  8D 07 20  STA $2007 = 00                  A:20 X:05 Y:07 P:25 SP:FB PPU: NOT IMPLEMENTED YET
C300  88        DEY                             A:20 X:05 Y:07 P:25 SP:FB PPU: NOT IMPLEMENTED YET
C301  D0 FA     BNE $C2FD                       A:20 X:05 Y:06 P:25 SP:FB PPU: NOT IMPLEMENTED YET
C2FD  8D 07 20  STA $2007 = 00                  A:20 X:05 Y:06 P:25 SP:FB PPU: NOT IMPLEMENTED YET
C300  88        DEY                             A:20 X:05 Y:06 P:25 SP:FB PPU: NOT IMPLEMENTED YET
C301  D0 FA     BNE $C2FD                       A:20 X:05 Y:05 P:25 SP:FB PPU: NOT IMPLEMENTED YET
C2FD  8D 07 20  STA $2007 = 00                  A:20 X:05 Y:05 P:25 SP:FB PPU: NOT IMPLEMENTED YET
C300  88        DEY                             A:20 X:05 Y:05 P:25 SP:FB PPU: NOT IMPLEMENTED YET
C301  D0 FA     BNE $C2FD                       A:20 X:05 Y:04 P:25 SP:FB PPU: NOT IMPLEMENTED YET
C2FD  8D 07 20  STA $2007 = 00                  A:20 X:05 Y:04 P:25 SP:FB PPU: NOT IMPLEMENTED YET
C300  88        DEY                             A:20 X:05 Y:04 P:25 SP:FB PPU: NOT IMPLEMENTED YET
C301  D0 FA     BNE $C2FD                       A:20 X:05 Y:03 P:25 SP:FB PPU: NOT IMPLEMENTED YET
C2FD  8D 07 20  STA $2007 = 00                  A:20 X:05 Y:03 P:25 SP:FB PPU: NOT IMPLEMENTED YET
C300  88        DEY                             A:20 X:05 Y:03 P:25 SP:FB PPU: NOT IMPLEMENTED YET
C301  D0 FA     BNE $C2FD                       A:20 X:05 Y:02 P:25 SP:FB PPU: NOT IMPLEMENTED YET
C2FD  8D 07 20  STA $2007 = 00                  A:20 X:05 Y:02 P:25 SP:FB PPU: NOT IMPLEMENTED YET
C300  88        DEY                             A:20 X:05 Y:02 P:25 SP:FB PPU: NOT IMPLEMENTED YET
C301  D0 FA     BNE $C2FD                       A:20 X:05 Y:01 P:25 SP:FB PPU: NOT IMPLEMENTED YET
C2FD  8D 07 20  STA $2007 = 00                  A:20 X:05 Y:01 P:25 SP:FB PPU: NOT IMPLEMENTED YET
C300  88        DEY                             A:20 X:05 Y:01 P:25 SP:FB PPU: NOT IMPLEMENTED YET
C301  D0 FA     BNE $C2FD                       A:20 X:05 Y:00 P:27 SP:FB PPU: NOT IMPLEMENTED YET
C303  CA        DEX                             A:20 X:05 Y:00 P:27 SP:FB PPU: NOT IMPLEMENTED YET
C304  D0 F5     BNE $C2FB                       A:20 X:04 Y:00 P:25 SP:FB PPU: NOT IMPLEMENTED YET
C2FB  A0 20     LDY #$20                        A:20 X:04 Y:00 P:25 SP:FB PPU: NOT IMPLEMENTED YET
C2FD  8D 07 20  STA $2007 = 00                  A:20 X:04 Y:20 P:25 SP:FB PPU: NOT IMPLEMENTED YET
C300  88        DEY                             A:20 X:04 Y:20 P:25 SP:FB PPU: NOT IMPLEMENTED YET
C301  D0 FA     BNE $C2FD                       A:20 X:04 Y:1F P:25 SP:FB PPU: NOT IMPLEMENTED YET
C2FD  8D 07 20  STA $2007 = 00                  A:20 X:04 Y:1F P:25 SP:FB PPU: NOT IMPLEMENTED YET
C300  88        DEY                             A:20 X:04 Y:1F P:25 SP:FB PPU: NOT IMPLEMENTED YET
C301  D0 FA     BNE $C2FD                       A:20 X:04 Y:1E P:25 SP:FB PPU: NOT IMPLEMENTED YET
C2FD  8D 07 20  STA $2007 = 00                  A:20 X:04 Y:1E P:25 SP:FB PPU: NOT IMPLEMENTED YET
C300  88        DEY                             A:20 X:04 Y:1E P:25 SP:FB PPU: NOT IMPLEMENTED YET
C301  D0 FA     BNE $C2FD                       A:20 X:04 Y:1D P:25 SP:FB PPU: NOT IMPLEMENTED YET
C2FD  8D 07 20  STA $2007 = 00                  A:20 X:04 Y:1D P:25 SP:FB PPU: NOT IMPLEMENTED YET
C300  88        DEY                             A:20 X:04 Y:1D P:25 SP:FB PPU: NOT IMPLEMENTED YET
C301  D0 FA     BNE $C2FD                       A:20 X:04 Y:1C P:25 SP:FB PPU: NOT IMPLEMENTED YET
C2FD  8D 07 20  STA $2007 = 00                  A:20 X:04 Y:1C P:25 SP:FB PPU: NOT IMPLEMENTED YET
C300  88        DEY                             A:20 X:04 Y:1C P:25 SP:FB PPU: NOT IMPLEMENTED YET
C301  D0 FA     BNE $C2FD                       A:20 X:04 Y:1B P:25 SP:FB PPU: NOT IMPLEMENTED YET
C2FD  8D 07 20  STA $2007 = 00                  A:20 X:04 Y:1B P:25 SP:FB PPU: NOT IMPLEMENTED YET
C300  88        DEY                             A:20 X:04 Y:1B P:25 SP:FB PPU: NOT IMPLEMENTED YET
C301  D0 FA     BNE $C2FD                       A:20 X:04 Y:1A P:25 SP:FB PPU: NOT IMPLEMENTED YET
C2FD  8D 07 20  STA $2007 = 00                  A:20 X:04 Y:1A P:25 SP:FB PPU: NOT IMPLEMENTED YET
C300  88        DEY                             A:20 X:04 Y:1A P:25 SP:FB PPU: NOT IMPLEMENTED YET
C301  D0 FA     BNE $C2FD                       A:20 X:04 Y:19 P:25 SP:FB PPU: NOT IMPLEMENTED YET
C2FD  8D 07 20  STA $2007 = 00                  A:20 X:04 Y:19 P:25 SP:FB PPU: NOT IMPLEMENTED YET
C300  88        DEY                             A:20 X:04 Y:19 P:25 SP:FB PPU: NOT IMPLEMENTED YET
C301  D0 FA     BNE $C2FD                       A:20 X:04 Y:18 P:25 SP:FB PPU: NOT IMPLEMENTED YET
C2FD  8D 07 20  STA $2007 = 00                  A:20 X:04 Y:18 P:25 SP:FB PPU: NOT IMPLEMENTED YET
C300  88        DEY                             A:20 X:04 Y:18 P:25 SP:FB PPU: NOT IMPLEMENTED YET
C301  D0 FA     BNE $C2FD                       A:20 X:04 Y:17 P:25 SP:FB PPU: NOT IMPLEMENTED YET
C2FD  8D 07 20  STA $2007 = 00                  A:20 X:04 Y:17 P:25 SP:FB PPU: NOT IMPLEMENTED YET
C300  88        DEY                             A:20 X:04 Y:17 P:25 SP:FB PPU: NOT IMPLEMENTED YET
C301  D0 FA     BNE $C2FD                       A:20 X:04 Y:16 P:25 SP:FB PPU: NOT IMPLEMENTED YET
C2FD  8D 07 20  STA $2007 = 00                  A:20 X:04 Y:16 P:25 SP:FB PPU: NOT IMPLEMENTED YET
C300  88        DEY                             A:20 X:04 Y:16 P:25 SP:FB PPU: NOT IMPLEMENTED YET
C301  D0 FA     BNE $C2FD                       A:20 X:04 Y:15 P:25 SP:FB PPU: NOT IMPLEMENTED YET
C2FD  8D 07 20  STA $2007 = 00                  A:20 X:04 Y:15 P:25 SP:FB PPU: NOT IMPLEMENTED YET
C300  88        DEY                             A:20 X:04 Y:15 P:25 SP:FB PPU: NOT IMPLEMENTED YET
C301  D0 FA     BNE $C2FD                       A:20 X:04 Y:14 P:25 SP:FB PPU: NOT IMPLEMENTED YET
C2FD  8D 07 20  STA $2007 = 00                  A:20 X:04 Y:14 P:25 SP:FB PPU: NOT IMPLEMENTED YET
C300  88        DEY                             A:20 X:04 Y:14 P:25 SP:FB PPU: NOT IMPLEMENTED YET
C301  D0 FA     BNE $C2FD                       A:20 X:04 Y:13 P:25 SP:FB PPU: NOT IMPLEMENTED YET
C2FD  8D 07 20  STA $2007 = 00                  A:20 X:04 Y:13 P:25 SP:FB PPU: NOT IMPLEMENTED YET
C300  88        DEY                             A:20 X:04 Y:13 P:25 SP:FB PPU: NOT IMPLEMENTED YET
C301  D0 FA     BNE $C2FD                       A:20 X:04 Y:12 P:25 SP:FB PPU: NOT IMPLEMENTED YET
C2FD  8D 07 20  STA $2007 = 00                  A:20 X:04 Y:12 P:25 SP:FB PPU: NOT IMPLEMENTED YET
C300  88        DEY                             A:20 X:04 Y:12 P:25 SP:FB PPU: NOT IMPLEMENTED YET
C301  D0 FA     BNE $C2FD                       A:20 X:04 Y:11 P:25 SP:FB PPU: NOT IMPLEMENTED YET
C2FD  8D 07 20  STA $2007 = 00                  A:20 X:04 Y:11 P:25 SP:FB PPU: NOT IMPLEMENTED YET
C300  88        DEY                             A:20 X:04 Y:11 P:25 SP:FB PPU: NOT IMPLEMENTED YET
C301  D0 FA     BNE $C2FD                       A:20 X:04 Y:10 P:25 SP:FB PPU: NOT IMPLEMENTED YET
C2FD  8D 07 20  STA $2007 = 00                  A:20 X:04 Y:10 P:25 SP:FB PPU: NOT IMPLEMENTED YET
C300  88        DEY                             A:20 X:04 Y:10 P:25 SP:FB PPU: NOT IMPLEMENTED YET
C301  D0 FA     BNE $C2FD                       A:20 X:04 Y:0F P:25 SP:FB PPU: NOT IMPLEMENTED YET
C2FD  8D 07 20  STA $2007 = 00                  A:20 X:04 Y:0F P:25 SP:FB PPU: NOT IMPLEMENTED YET
C300  88        DEY                             A:20 X:04 Y:0F P:25 SP:FB PPU: NOT IMPLEMENTED YET
C301  D0 FA     BNE $C2FD                       A:20 X:04 Y:0E P:25 SP:FB PPU: NOT IMPLEMENTED YET
C2FD  8D 07 20  STA $2007 = 00                  A:20 X:04 Y:0E P:25 SP:FB PPU: NOT IMPLEMENTED YET
C300  88        DEY                             A:20 X:04 Y:0E P:25 SP:FB PPU: NOT IMPLEMENTED YET
C301  D0 FA     BNE $C2FD                       A:20 X:04 Y:0D P:25 SP:FB PPU: NOT IMPLEMENTED YET
C2FD  8D 07 20  STA $2007 = 00                  A:20 X:04 Y:0D P:25 SP:FB PPU: NOT IMPLEMENTED YET
C300  88        DEY                             A:20 X:04 Y:0D P:25 SP:FB PPU: NOT IMPLEMENTED YET
C301  D0 FA     BNE $C2FD                       A:20 X:04 Y:0C P:25 SP:FB PPU: NOT IMPLEMENTED YET
C2FD  8D 07 20  STA $2007 = 00                  A:20 X:04 Y:0C P:25 SP:FB PPU: NOT IMPLEMENTED YET
C300  88        DEY                             A:20 X:04 Y:0C P:25 SP:FB PPU: NOT IMPLEMENTED YET
C301  D0 FA     BNE $C2FD                       A:20 X:04 Y:0B P:25 SP:FB PPU: NOT IMPLEMENTED YET
C2FD  8D 07 20  STA $2007 = 00                  A:20 X:04 Y:0B P:25 SP:FB PPU: NOT IMPLEMENTED YET
C300  88        DEY                             A:20 X:04 Y:0B P:25 SP:FB PPU: NOT IMPLEMENTED YET
C301  D0 FA     BNE $C2FD                       A:20 X:04 Y:0A P:25 SP:FB PPU: NOT IMPLEMENTED YET
C2FD  8D 07 20  STA $2007 = 00                  A:20 X:04 Y:0A P:25 SP:FB PPU: NOT IMPLEMENTED YET
C300  88        DEY                             A:20 X:04 Y:0A P:25 SP:FB PPU: NOT IMPLEMENTED YET
C301  D0 FA     BNE $C2FD                       A:20 X:04 Y:09 P:25 SP:FB PPU: NOT IMPLEMENTED YET
C2FD  8D 07 20  STA $2007 = 00                  A:20 X:04 Y:09 P:25 SP:FB PPU: NOT IMPLEMENTED YET
C300  88        DEY                             A:20 X:04 Y:09 P:25 SP:FB PPU: NOT IMPLEMENTED YET
C301  D0 FA     BNE $C2FD                       A:20 X:04 Y:08 P:25 SP:FB PPU: NOT IMPLEMENTED YET
C2FD  8D 07 20  STA $2007 = 00                  A:20 X:04 Y:08 P:25 SP:FB PPU: NOT IMPLEMENTED YET
C300  88        DEY                             A:20 X:04 Y:08 P:25 SP:FB PPU: NOT IMPLEMENTED YET
C301  D0 FA     BNE $C2FD                       A:20 X:04 Y:07 P:25 SP:FB PPU: NOT IMPLEMENTED YET
C2FD  8D 07 20  STA $2007 = 00                  A:20 X:04 Y:07 P:25 SP:FB PPU: NOT IMPLEMENTED YET
C300  88        DEY                             A:20 X:04 Y:07 P:25 SP:FB PPU: NOT IMPLEMENTED YET
C301  D0 FA     BNE $C2FD                       A:20 X:04 Y:06 P:25 SP:FB PPU: NOT IMPLEMENTED YET
C2FD  8D 07 20  STA $2007 = 00                  A:20 X:04 Y:06 P:25 SP:FB PPU: NOT IMPLEMENTED YET
C300  88        DEY                             A:20 X:04 Y:06 P:25 SP:FB PPU: NOT IMPLEMENTED YET
C301  D0 FA     BNE $C2FD                       A:20 X:04 Y:05 P:25 SP:FB PPU: NOT IMPLEMENTED YET
C2FD  8D 07 20  STA $2007 = 00                  A:20 X:04 Y:05 P:25 SP:FB PPU: NOT IMPLEMENTED YET
C300  88        DEY                             A:20 X:04 Y:05 P:25 SP:FB PPU: NOT IMPLEMENTED YET
C301  D0 FA     BNE $C2FD                       A:20 X:04 Y:04 P:25 SP:FB PPU: NOT IMPLEMENTED YET
C2FD  8D 07 20  STA $2007 = 00                  A:20 X:04 Y:04 P:25 SP:FB PPU: NOT IMPLEMENTED YET
C300  88        DEY                             A:20 X:04 Y:04 P:25 SP:FB PPU: NOT IMPLEMENTED YET
C301  D0 FA     BNE $C2FD                       A:20 X:04 Y:03 P:25 SP:FB PPU: NOT IMPLEMENTED YET
C2FD  8D 07 20  STA $2007 = 00                  A:20 X:04 Y:03 P:25 SP:FB PPU: NOT IMPLEMENTED YET
C300  88        DEY                             A:20 X:04 Y:03 P:25 SP:FB PPU: NOT IMPLEMENTED YET
C301  D0 FA     BNE $C2FD                       A:20 X:04 Y:02 P:25 SP:FB PPU: NOT IMPLEMENTED YET
C2FD  8D 07 20  STA $2007 = 00                  A:20 X:04 Y:02 P:25 SP:FB PPU: NOT IMPLEMENTED YET
C300  88        DEY                             A:20 X:04 Y:02 P:25 SP:FB PPU: NOT IMPLEMENTED YET
C301  D0 FA     BNE $C2FD                       A:20 X:04 Y:01 P:25 SP:FB PPU: NOT IMPLEMENTED YET
C2FD  8D 07 20  STA $2007 = 00                  A:20 X:04 Y:01 P:25 SP:FB PPU: NOT IMPLEMENTED YET
C300  88        DEY                             A:20 X:04 Y:01 P:25 SP:FB PPU: NOT IMPLEMENTED YET
C301  D0 FA     BNE $C2FD                       A:20 X:04 Y:00 P:27 SP:FB PPU: NOT IMPLEMENTED YET
C303  CA        DEX                             A:20 X:04 Y:00 P:27 SP:FB PPU: NOT IMPLEMENTED YET
C304  D0 F5     BNE $C2FB                       A:20 X:03 Y:00 P:25 SP:FB PPU: NOT IMPLEMENTED YET
C2FB  A0 20     LDY #$20                        A:20 X:03 Y:00 P:25 SP:FB PPU: NOT IMPLEMENTED YET
C2FD  8D 07 20  STA $2007 = 00                  A:20 X:03 Y:20 P:25 SP:FB PPU: NOT IMPLEMENTED YET
C300  88        DEY                             A:20 X:03 Y:20 P:25 SP:FB PPU: NOT IMPLEMENTED YET
C301  D0 FA     BNE $C2FD                       A:20 X:03 Y:1F P:25 SP:FB PPU: NOT IMPLEMENTED YET
C2FD  8D 07 20  STA $2007 = 00                  A:20 X:03 Y:1F P:25 SP:FB PPU: NOT IMPLEMENTED YET
C300  88        DEY                             A:20 X:03 Y:1F P:25 SP:FB PPU: NOT IMPLEMENTED YET
C301  D0 FA     BNE $C2FD                       A:20 X:03 Y:1E P:25 SP:FB PPU: NOT IMPLEMENTED YET
C2FD  8D 07 20  STA $2007 = 00                  A:20 X:03 Y:1E P:25 SP:FB PPU: NOT IMPLEMENTED YET
C300  88        DEY                             A:20 X:03 Y:1E P:25 SP:FB PPU: NOT IMPLEMENTED YET
C301  D0 FA     BNE $C2FD                       A:20 X:03 Y:1D P:25 SP:FB PPU: NOT IMPLEMENTED YET
C2FD  8D 07 20  STA $2007 = 00                  A:20 X:03 Y:1D P:25 SP:FB PPU: NOT IMPLEMENTED YET
C300  88        DEY                             A:20 X:03 Y:1D P:25 SP:FB PPU: NOT IMPLEMENTED YET
C301  D0 FA     BNE $C2FD                       A:20 X:03 Y:1C P:25 SP:FB PPU: NOT IMPLEMENTED YET
C2FD  8D 07 20  STA $2007 = 00                  A:20 X:03 Y:1C P:25 SP:FB PPU: NOT IMPLEMENTED YET
C300  88        DEY                             A:20 X:03 Y:1C P:25 SP:FB PPU: NOT IMPLEMENTED YET
C301  D0 FA     BNE $C2FD                       A:20 X:03 Y:1B P:25 SP:FB PPU: NOT IMPLEMENTED YET
C2FD  8D 07 20  STA $2007 = 00                  A:20 X:03 Y:1B P:25 SP:FB PPU: NOT IMPLEMENTED YET
C300  88        DEY                             A:20 X:03 Y:1B P:25 SP:FB PPU: NOT IMPLEMENTED YET
C301  D0 FA     BNE $C2FD                       A:20 X:03 Y:1A P:25 SP:FB PPU: NOT IMPLEMENTED YET
C2FD  8D 07 20  STA $2007 = 00                  A:20 X:03 Y:1A P:25 SP:FB PPU: NOT IMPLEMENTED YET
C300  88        DEY                             A:20 X:03 Y:1A P:25 SP:FB PPU: NOT IMPLEMENTED YET
C301  D0 FA     BNE $C2FD                       A:20 X:03 Y:19 P:25 SP:FB PPU: NOT IMPLEMENTED YET
C2FD  8D 07 20  STA $2007 = 00                  A:20 X:03 Y:19 P:25 SP:FB PPU: NOT IMPLEMENTED YET
C300  88        DEY                             A:20 X:03 Y:19 P:25 SP:FB PPU: NOT IMPLEMENTED YET
C301  D0 FA     BNE $C2FD                       A:20 X:03 Y:18 P:25 SP:FB PPU: NOT IMPLEMENTED YET
C2FD  8D 07 20  STA $2007 = 00                  A:20 X:03 Y:18 P:25 SP:FB PPU: NOT IMPLEMENTED YET
C300  88        DEY                             A:20 X:03 Y:18 P:25 SP:FB PPU: NOT IMPLEMENTED YET
C301  D0 FA     BNE $C2FD                       A:20 X:03 Y:17 P:25 SP:FB PPU: NOT IMPLEMENTED YET
C2FD  8D 07 20  STA $2007 = 00                  A:20 X:03 Y:17 P:25 SP:FB PPU: NOT IMPLEMENTED YET
C300  88        DEY                             A:20 X:03 Y:17 P:25 SP:FB PPU: NOT IMPLEMENTED YET
C301  D0 FA     BNE $C2FD                       A:20 X:03 Y:16 P:25 SP:FB PPU: NOT IMPLEMENTED YET
C2FD  8D 07 20  STA $2007 = 00                  A:20 X:03 Y:16 P:25 SP:FB PPU: NOT IMPLEMENTED YET
C300  88        DEY                             A:20 X:03 Y:16 P:25 SP:FB PPU: NOT IMPLEMENTED YET
C301  D0 FA     BNE $C2FD                       A:20 X:03 Y:15 P:25 SP:FB PPU: NOT IMPLEMENTED YET
C2FD  8D 07 20  STA $2007 = 00                  A:20 X:03 Y:15 P:25 SP:FB PPU: NOT IMPLEMENTED YET
C300  88        DEY                             A:20 X:03 Y:15 P:25 SP:FB PPU: NOT IMPLEMENTED YET
C301  D0 FA     BNE $C2FD                       A:20 X:03 Y:14 P:25 SP:FB PPU: NOT IMPLEMENTED YET
C2FD  8D 07 20  STA $2007 = 00                  A:20 X:03 Y:14 P:25 SP:FB PPU: NOT IMPLEMENTED YET
C300  88        DEY                             A:20 X:03 Y:14 P:25 SP:FB PPU: NOT IMPLEMENTED YET
C301  D0 FA     BNE $C2FD                       A:20 X:03 Y:13 P:25 SP:FB PPU: NOT IMPLEMENTED YET
C2FD  8D 07 20  STA $2007 = 00                  A:20 X:03 Y:13 P:25 SP:FB PPU: NOT IMPLEMENTED YET
C300  88        DEY                             A:20 X:03 Y:13 P:25 SP:FB PPU: NOT IMPLEMENTED YET
C301  D0 FA     BNE $C2FD                       A:20 X:03 Y:12 P:25 SP:FB PPU: NOT IMPLEMENTED YET
C2FD  8D 07 20  STA $2007 = 00                  A:20 X:03 Y:12 P:25 SP:FB PPU: NOT IMPLEMENTED YET
C300  88        DEY                             A:20 X:03 Y:12 P:25 SP:FB PPU: NOT IMPLEMENTED YET
C301  D0 FA     BNE $C2FD                       A:20 X:03 Y:11 P:25 SP:FB PPU: NOT IMPLEMENTED YET
C2FD  8D 07 20  STA $2007 = 00                  A:20 X:03 Y:11 P:25 SP:FB PPU: NOT IMPLEMENTED YET
C300  88        DEY                             A:20 X:03 Y:11 P:25 SP:FB PPU: NOT IMPLEMENTED YET
C301  D0 FA     BNE $C2FD                       A:20 X:03 Y:10 P:25 SP:FB PPU: NOT IMPLEMENTED YET
C2FD  8D 07 20  STA $2007 = 00                  A:20 X:03 Y:10 P:25 SP:FB PPU: NOT IMPLEMENTED YET
C300  88        DEY                             A:20 X:03 Y:10 P:25 SP:FB PPU: NOT IMPLEMENTED YET
C301  D0 FA     BNE $C2FD                       A:20 X:03 Y:0F P:25 SP:FB PPU: NOT IMPLEMENTED YET
C2FD  8D 07 20  STA $2007 = 00                  A:20 X:03 Y:0F P:25 SP:FB PPU: NOT IMPLEMENTED YET
C300  88        DEY                             A:20 X:03 Y:0F P:25 SP:FB PPU: NOT IMPLEMENTED YET
C301  D0 FA     BNE $C2FD                       A:20 X:03 Y:0E P:25 SP:FB PPU: NOT IMPLEMENTED YET
C2FD  8D 07 20  STA $2007 = 00                  A:20 X:03 Y:0E P:25 SP:FB PPU: NOT IMPLEMENTED YET
C300  88        DEY                             A:20 X:03 Y:0E P:25 SP:FB PPU: NOT IMPLEMENTED YET
C301  D0 FA     BNE $C2FD                       A:20 X:03 Y:0D P:25 SP:FB PPU: NOT IMPLEMENTED YET
C2FD  8D 07 20  STA $2007 = 00                  A:20 X:03 Y:0D P:25 SP:FB PPU: NOT IMPLEMENTED YET
C300  88        DEY                             A:20 X:03 Y:0D P:25 SP:FB PPU: NOT IMPLEMENTED YET
C301  D0 FA     BNE $C2FD                       A:20 X:03 Y:0C P:25 SP:FB PPU: NOT IMPLEMENTED YET
C2FD  8D 07 20  STA $2007 = 00                  A:20 X:03 Y:0C P:25 SP:FB PPU: NOT IMPLEMENTED YET
C300  88        DEY                             A:20 X:03 Y:0C P:25 SP:FB PPU: NOT IMPLEMENTED YET
C301  D0 FA     BNE $C2FD                       A:20 X:03 Y:0B P:25 SP:FB PPU: NOT IMPLEMENTED YET
C2FD  8D 07 20  STA $2007 = 00                  A:20 X:03 Y:0B P:25 SP:FB PPU: NOT IMPLEMENTED YET
C300  88        DEY                             A:20 X:03 Y:0B P:25 SP:FB PPU: NOT IMPLEMENTED YET
C301  D0 FA     BNE $C2FD                       A:20 X:03 Y:0A P:25 SP:FB PPU: NOT IMPLEMENTED YET
C2FD  8D 07 20  STA $2007 = 00                  A:20 X:03 Y:0A P:25 SP:FB PPU: NOT IMPLEMENTED YET
C300  88        DEY                             A:20 X:03 Y:0A P:25 SP:FB PPU: NOT IMPLEMENTED YET
C301  D0 FA     BNE $C2FD                       A:20 X:03 Y:09 P:25 SP:FB PPU: NOT IMPLEMENTED YET
C2FD  8D 07 20  STA $2007 = 00                  A:20 X:03 Y:09 P:25 SP:FB PPU: NOT IMPLEMENTED YET
C300  88        DEY                             A:20 X:03 Y:09 P:25 SP:FB PPU: NOT IMPLEMENTED YET
C301  D0 FA     BNE $C2FD                       A:20 X:03 Y:08 P:25 SP:FB PPU: NOT IMPLEMENTED YET
C2FD  8D 07 20  STA $2007 = 00                  A:20 X:03 Y:08 P:25 SP:FB PPU: NOT IMPLEMENTED YET
C300  88        DEY                             A:20 X:03 Y:08 P:25 SP:FB PPU: NOT IMPLEMENTED YET
C301  D0 FA     BNE $C2FD                       A:20 X:03 Y:07 P:25 SP:FB PPU: NOT IMPLEMENTED YET
C2FD  8D 07 20  STA $2007 = 00                  A:20 X:03 Y:07 P:25 SP:FB PPU: NOT IMPLEMENTED YET
C300  88        DEY                             A:20 X:03 Y:07 P:25 SP:FB PPU: NOT IMPLEMENTED YET
C301  D0 FA     BNE $C2FD                       A:20 X:03 Y:06 P:25 SP:FB PPU: NOT IMPLEMENTED YET
C2FD  8D 07 20  STA $2007 = 00                  A:20 X:03 Y:06 P:25 SP:FB PPU: NOT IMPLEMENTED YET
C300  88        DEY                             A:20 X:03 Y:06 P:25 SP:FB PPU: NOT IMPLEMENTED YET
C301  D0 FA     BNE $C2FD                       A:20 X:03 Y:05 P:25 SP:FB PPU: NOT IMPLEMENTED YET
C2FD  8D 07 20  STA $2007 = 00                  A:20 X:03 Y:05 P:25 SP:FB PPU: NOT IMPLEMENTED YET
C300  88        DEY                             A:20 X:03 Y:05 P:25 SP:FB PPU: NOT IMPLEMENTED YET
C301  D0 FA     BNE $C2FD                       A:20 X:03 Y:04 P:25 SP:FB PPU: NOT IMPLEMENTED YET
C2FD  8D 07 20  STA $2007 = 00                  A:20 X:03 Y:04 P:25 SP:FB PPU: NOT IMPLEMENTED YET
C300  88        DEY                             A:20 X:03 Y:04 P:25 SP:FB PPU: NOT IMPLEMENTED YET
C301  D0 FA     BNE $C2FD                       A:20 X:03 Y:03 P:25 SP:FB PPU: NOT IMPLEMENTED YET
C2FD  8D 07 20  STA $2007 = 00                  A:20 X:03 Y:03 P:25 SP:FB PPU: NOT IMPLEMENTED YET
C300  88        DEY                             A:20 X:03 Y:03 P:25 SP:FB PPU: NOT IMPLEMENTED YET
C301  D0 FA     BNE $C2FD                       A:20 X:03 Y:02 P:25 SP:FB PPU: NOT IMPLEMENTED YET
C2FD  8D 07 20  STA $2007 = 00                  A:20 X:03 Y:02 P:25 SP:FB PPU: NOT IMPLEMENTED YET
C300  88        DEY                             A:20 X:03 Y:02 P:25 SP:FB PPU: NOT IMPLEMENTED YET
C301  D0 FA     BNE $C2FD                       A:20 X:03 Y:01 P:25 SP:FB PPU: NOT IMPLEMENTED YET
C2FD  8D 07 20  STA $2007 = 00                  A:20 X:03 Y:01 P:25 SP:FB PPU: NOT IMPLEMENTED YET
C300  88        DEY                             A:20 X:03 Y:01 P:25 SP:FB PPU: NOT IMPLEMENTED YET
C301  D0 FA     BNE $C2FD                       A:20 X:03 Y:00 P:27 SP:FB PPU: NOT IMPLEMENTED YET
C303  CA        DEX                             A:20 X:03 Y:00 P:27 SP:FB PPU: NOT IMPLEMENTED YET
C304  D0 F5     BNE $C2FB                       A:20 X:02 Y:00 P:25 SP:FB PPU: NOT IMPLEMENTED YET
C2FB  A0 20     LDY #$20                        A:20 X:02 Y:00 P:25 SP:FB PPU: NOT IMPLEMENTED YET
C2FD  8D 07 20  STA $2007 = 00                  A:20 X:02 Y:20 P:25 SP:FB PPU: NOT IMPLEMENTED YET
C300  88        DEY                             A:20 X:02 Y:20 P:25 SP:FB PPU: NOT IMPLEMENTED YET
C301  D0 FA     BNE $C2FD                       A:20 X:02 Y:1F P:25 SP:FB PPU: NOT IMPLEMENTED YET
C2FD  8D 07 20  STA $2007 = 00                  A:20 X:02 Y:1F P:25 SP:FB PPU: NOT IMPLEMENTED YET
C300  88        DEY                             A:20 X:02 Y:1F P:25 SP:FB PPU: NOT IMPLEMENTED YET
C301  D0 FA     BNE $C2FD                       A:20 X:02 Y:1E P:25 SP:FB PPU: NOT IMPLEMENTED YET
C2FD  8D 07 20  STA $2007 = 00                  A:20 X:02 Y:1E P:25 SP:FB PPU: NOT IMPLEMENTED YET
C300  88        DEY                             A:20 X:02 Y:1E P:25 SP:FB PPU: NOT IMPLEMENTED YET
C301  D0 FA     BNE $C2FD                       A:20 X:02 Y:1D P:25 SP:FB PPU: NOT IMPLEMENTED YET
C2FD  8D 07 20  STA $2007 = 00                  A:20 X:02 Y:1D P:25 SP:FB PPU: NOT IMPLEMENTED YET
C300  88        DEY                             A:20 X:02 Y:1D P:25 SP:FB PPU: NOT IMPLEMENTED YET
C301  D0 FA     BNE $C2FD                       A:20 X:02 Y:1C P:25 SP:FB PPU: NOT IMPLEMENTED YET
C2FD  8D 07 20  STA $2007 = 00                  A:20 X:02 Y:1C P:25 SP:FB PPU: NOT IMPLEMENTED YET
C300  88        DEY                             A:20 X:02 Y:1C P:25 SP:FB PPU: NOT IMPLEMENTED YET
C301  D0 FA     BNE $C2FD                       A:20 X:02 Y:1B P:25 SP:FB PPU: NOT IMPLEMENTED YET
C2FD  8D 07 20  STA $2007 = 00                  A:20 X:02 Y:1B P:25 SP:FB PPU: NOT IMPLEMENTED YET
C300  88        DEY                             A:20 X:02 Y:1B P:25 SP:FB PPU: NOT IMPLEMENTED YET
C301  D0 FA     BNE $C2FD                       A:20 X:02 Y:1A P:25 SP:FB PPU: NOT IMPLEMENTED YET
C2FD  8D 07 20  STA $2007 = 00                  A:20 X:02 Y:1A P:25 SP:FB PPU: NOT IMPLEMENTED YET
C300  88        DEY                             A:20 X:02 Y:1A P:25 SP:FB PPU: NOT IMPLEMENTED YET
C301  D0 FA     BNE $C2FD                       A:20 X:02 Y:19 P:25 SP:FB PPU: NOT IMPLEMENTED YET
C2FD  8D 07 20  STA $2007 = 00                  A:20 X:02 Y:19 P:25 SP:FB PPU: NOT IMPLEMENTED YET
C300  88        DEY                             A:20 X:02 Y:19 P:25 SP:FB PPU: NOT IMPLEMENTED YET
C301  D0 FA     BNE $C2FD                       A:20 X:02 Y:18 P:25 SP:FB PPU: NOT IMPLEMENTED YET
C2FD  8D 07 20  STA $2007 = 00                  A:20 X:02 Y:18 P:25 SP:FB PPU: NOT IMPLEMENTED YET
C300  88        DEY                             A:20 X:02 Y:18 P:25 SP:FB PPU: NOT IMPLEMENTED YET
C301  D0 FA     BNE $C2FD                       A:20 X:02 Y:17 P:25 SP:FB PPU: NOT IMPLEMENTED YET
C2FD  8D 07 20  STA $2007 = 00                  A:20 X:02 Y:17 P:25 SP:FB PPU: NOT IMPLEMENTED YET
C300  88        DEY                             A:20 X:02 Y:17 P:25 SP:FB PPU: NOT IMPLEMENTED YET
C301  D0 FA     BNE $C2FD                       A:20 X:02 Y:16 P:25 SP:FB PPU: NOT IMPLEMENTED YET
C2FD  8D 07 20  STA $2007 = 00                  A:20 X:02 Y:16 P:25 SP:FB PPU: NOT IMPLEMENTED YET
C300  88        DEY                             A:20 X:02 Y:16 P:25 SP:FB PPU: NOT IMPLEMENTED YET
C301  D0 FA     BNE $C2FD                       A:20 X:02 Y:15 P:25 SP:FB PPU: NOT IMPLEMENTED YET
C2FD  8D 07 20  STA $2007 = 00                  A:20 X:02 Y:15 P:25 SP:FB PPU: NOT IMPLEMENTED YET
C300  88        DEY                             A:20 X:02 Y:15 P:25 SP:FB PPU: NOT IMPLEMENTED YET
C301  D0 FA     BNE $C2FD                       A:20 X:02 Y:14 P:25 SP:FB PPU: NOT IMPLEMENTED YET
C2FD  8D 07 20  STA $2007 = 00                  A:20 X:02 Y:14 P:25 SP:FB PPU: NOT IMPLEMENTED YET
C300  88        DEY                             A:20 X:02 Y:14 P:25 SP:FB PPU: NOT IMPLEMENTED YET
C301  D0 FA     BNE $C2FD                       A:20 X:02 Y:13 P:25 SP:FB PPU: NOT IMPLEMENTED YET
C2FD  8D 07 20  STA $2007 = 00                  A:20 X:02 Y:13 P:25 SP:FB PPU: NOT IMPLEMENTED YET
C300  88        DEY                             A:20 X:02 Y:13 P:25 SP:FB PPU: NOT IMPLEMENTED YET
C301  D0 FA     BNE $C2FD                       A:20 X:02 Y:12 P:25 SP:FB PPU: NOT IMPLEMENTED YET
C2FD  8D 07 20  STA $2007 = 00                  A:20 X:02 Y:12 P:25 SP:FB PPU: NOT IMPLEMENTED YET
C300  88        DEY                             A:20 X:02 Y:12 P:25 SP:FB PPU: NOT IMPLEMENTED YET
C301  D0 FA     BNE $C2FD                       A:20 X:02 Y:11 P:25 SP:FB PPU: NOT IMPLEMENTED YET
C2FD  8D 07 20  STA $2007 = 00                  A:20 X:02 Y:11 P:25 SP:FB PPU: NOT IMPLEMENTED YET
C300  88        DEY                             A:20 X:02 Y:11 P:25 SP:FB PPU: NOT IMPLEMENTED YET
C301  D0 FA     BNE $C2FD                       A:20 X:02 Y:10 P:25 SP:FB PPU: NOT IMPLEMENTED YET
C2FD  8D 07 20  STA $2007 = 00                  A:20 X:02 Y:10 P:25 SP:FB PPU: NOT IMPLEMENTED YET
C300  88        DEY                             A:20 X:02 Y:10 P:25 SP:FB PPU: NOT IMPLEMENTED YET
C301  D0 FA     BNE $C2FD                       A:20 X:02 Y:0F P:25 SP:FB PPU: NOT IMPLEMENTED YET
C2FD  8D 07 20  STA $2007 = 00                  A:20 X:02 Y:0F P:25 SP:FB PPU: NOT IMPLEMENTED YET
C300  88        DEY                             A:20 X:02 Y:0F P:25 SP:FB PPU: NOT IMPLEMENTED YET
C301  D0 FA     BNE $C2FD                       A:20 X:02 Y:0E P:25 SP:FB PPU: NOT IMPLEMENTED YET
C2FD  8D 07 20  STA $2007 = 00                  A:20 X:02 Y:0E P:25 SP:FB PPU: NOT IMPLEMENTED YET
C300  88        DEY                             A:20 X:02 Y:0E P:25 SP:FB PPU: NOT IMPLEMENTED YET
C301  D0 FA     BNE $C2FD                       A:20 X:02 Y:0D P:25 SP:FB PPU: NOT IMPLEMENTED YET
C2FD  8D 07 20  STA $2007 = 00                  A:20 X:02 Y:0D P:25 SP:FB PPU: NOT IMPLEMENTED YET
C300  88        DEY                             A:20 X:02 Y:0D P:25 SP:FB PPU: NOT IMPLEMENTED YET
C301  D0 FA     BNE $C2FD                       A:20 X:02 Y:0C P:25 SP:FB PPU: NOT IMPLEMENTED YET
C2FD  8D 07 20  STA $2007 = 00                  A:20 X:02 Y:0C P:25 SP:FB PPU: NOT IMPLEMENTED YET
C300  88        DEY                             A:20 X:02 Y:0C P:25 SP:FB PPU: NOT IMPLEMENTED YET
C301  D0 FA     BNE $C2FD                       A:20 X:02 Y:0B P:25 SP:FB PPU: NOT IMPLEMENTED YET
C2FD  8D 07 20  STA $2007 = 00                  A:20 X:02 Y:0B P:25 SP:FB PPU: NOT IMPLEMENTED YET
C300  88        DEY                             A:20 X:02 Y:0B P:25 SP:FB PPU: NOT IMPLEMENTED YET
C301  D0 FA     BNE $C2FD                       A:20 X:02 Y:0A P:25 SP:FB PPU: NOT IMPLEMENTED YET
C2FD  8D 07 20  STA $2007 = 00                  A:20 X:02 Y:0A P:25 SP:FB PPU: NOT IMPLEMENTED YET
C300  88        DEY                             A:20 X:02 Y:0A P:25 SP:FB PPU: NOT IMPLEMENTED YET
C301  D0 FA     BNE $C2FD                       A:20 X:02 Y:09 P:25 SP:FB PPU: NOT IMPLEMENTED YET
C2FD  8D 07 20  STA $2007 = 00                  A:20 X:02 Y:09 P:25 SP:FB PPU: NOT IMPLEMENTED YET
C300  88        DEY                             A:20 X:02 Y:09 P:25 SP:FB PPU: NOT IMPLEMENTED YET
C301  D0 FA     BNE $C2FD                       A:20 X:02 Y:08 P:25 SP:FB PPU: NOT IMPLEMENTED YET
C2FD  8D 07 20  STA $2007 = 00                  A:20 X:02 Y:08 P:25 SP:FB PPU: NOT IMPLEMENTED YET
C300  88        DEY                             A:20 X:02 Y:08 P:25 SP:FB PPU: NOT IMPLEMENTED YET
C301  D0 FA     BNE $C2FD                       A:20 X:02 Y:07 P:25 SP:FB PPU: NOT IMPLEMENTED YET
C2FD  8D 07 20  STA $2007 = 00                  A:20 X:02 Y:07 P:25 SP:FB PPU: NOT IMPLEMENTED YET
C300  88        DEY                             A:20 X:02 Y:07 P:25 SP:FB PPU: NOT IMPLEMENTED YET
C301  D0 FA     BNE $C2FD                       A:20 X:02 Y:06 P:25 SP:FB PPU: NOT IMPLEMENTED YET
C2FD  8D 07 20  STA $2007 = 00                  A:20 X:02 Y:06 P:25 SP:FB PPU: NOT IMPLEMENTED YET
C300  88        DEY                             A:20 X:02 Y:06 P:25 SP:FB PPU: NOT IMPLEMENTED YET
C301  D0 FA     BNE $C2FD                       A:20 X:02 Y:05 P:25 SP:FB PPU: NOT IMPLEMENTED YET
C2FD  8D 07 20  STA $2007 = 00                  A:20 X:02 Y:05 P:25 SP:FB PPU: NOT IMPLEMENTED YET
C300  88        DEY                             A:20 X:02 Y:05 P:25 SP:FB PPU: NOT IMPLEMENTED YET
C301  D0 FA     BNE $C2FD                       A:20 X:02 Y:04 P:25 SP:FB PPU: NOT IMPLEMENTED YET
C2FD  8D 07 20  STA $2007 = 00                  A:20 X:02 Y:04 P:25 SP:FB PPU: NOT IMPLEMENTED YET
C300  88        DEY                             A:20 X:02 Y:04 P:25 SP:FB PPU: NOT IMPLEMENTED YET
C301  D0 FA     BNE $C2FD                       A:20 X:02 Y:03 P:25 SP:FB PPU: NOT IMPLEMENTED YET
C2FD  8D 07 20  STA $2007 = 00                  A:20 X:02 Y:03 P:25 SP:FB PPU: NOT IMPLEMENTED YET
C300  88        DEY                             A:20 X:02 Y:03 P:25 SP:FB PPU: NOT IMPLEMENTED YET
C301  D0 FA     BNE $C2FD                       A:20 X:02 Y:02 P:25 SP:FB PPU: NOT IMPLEMENTED YET
C2FD  8D 07 20  STA $2007 = 00                  A:20 X:02 Y:02 P:25 SP:FB PPU: NOT IMPLEMENTED YET
C300  88        DEY                             A:20 X:02 Y:02 P:25 SP:FB PPU: NOT IMPLEMENTED YET
C301  D0 FA     BNE $C2FD                       A:20 X:02 Y:01 P:25 SP:FB PPU: NOT IMPLEMENTED YET
C2FD  8D 07 20  STA $2007 = 00                  A:20 X:02 Y:01 P:25 SP:FB PPU: NOT IMPLEMENTED YET
C300  88        DEY                             A:20 X:02 Y:01 P:25 SP:FB PPU: NOT IMPLEMENTED YET
C301  D0 FA     BNE $C2FD                       A:20 X:02 Y:00 P:27 SP:FB PPU: NOT IMPLEMENTED YET
C303  CA        DEX                             A:20 X:02 Y:00 P:27 SP:FB PPU: NOT IMPLEMENTED YET
C304  D0 F5     BNE $C2FB                       A:20 X:01 Y:00 P:25 SP:FB PPU: NOT IMPLEMENTED YET
C2FB  A0 20     LDY #$20                        A:20 X:01 Y:00 P:25 SP:FB PPU: NOT IMPLEMENTED YET
C2FD  8D 07 20  STA $2007 = 00                  A:20 X:01 Y:20 P:25 SP:FB PPU: NOT IMPLEMENTED YET
C300  88        DEY                             A:20 X:01 Y:20 P:25 SP:FB PPU: NOT IMPLEMENTED YET
C301  D0 FA     BNE $C2FD                       A:20 X:01 Y:1F P:25 SP:FB PPU: NOT IMPLEMENTED YET
C2FD  8D 07 20  STA $2007 = 00                  A:20 X:01 Y:1F P:25 SP:FB PPU: NOT IMPLEMENTED YET
C300  88        DEY                             A:20 X:01 Y:1F P:25 SP:FB PPU: NOT IMPLEMENTED YET
C301  D0 FA     BNE $C2FD                       A:20 X:01 Y:1E P:25 SP:FB PPU: NOT IMPLEMENTED YET
C2FD  8D 07 20  STA $2007 = 00                  A:20 X:01 Y:1E P:25 SP:FB PPU: NOT IMPLEMENTED YET
C300  88        DEY                             A:20 X:01 Y:1E P:25 SP:FB PPU: NOT IMPLEMENTED YET
C301  D0 FA     BNE $C2FD                       A:20 X:01 Y:1D P:25 SP:FB PPU: NOT IMPLEMENTED YET
C2FD  8D 07 20  STA $2007 = 00                  A:20 X:01 Y:1D P:25 SP:FB PPU: NOT IMPLEMENTED YET
C300  88        DEY                             A:20 X:01 Y:1D P:25 SP:FB PPU: NOT IMPLEMENTED YET
C301  D0 FA     BNE $C2FD                       A:20 X:01 Y:1C P:25 SP:FB PPU: NOT IMPLEMENTED YET
C2FD  8D 07 20  STA $2007 = 00                  A:20 X:01 Y:1C P:25 SP:FB PPU: NOT IMPLEMENTED YET
C300  88        DEY                             A:20 X:01 Y:1C P:25 SP:FB PPU: NOT IMPLEMENTED YET
C301  D0 FA     BNE $C2FD                       A:20 X:01 Y:1B P:25 SP:FB PPU: NOT IMPLEMENTED YET
C2FD  8D 07 20  STA $2007 = 00                  A:20 X:01 Y:1B P:25 SP:FB PPU: NOT IMPLEMENTED YET
C300  88        DEY                             A:20 X:01 Y:1B P:25 SP:FB PPU: NOT IMPLEMENTED YET
C301  D0 FA     BNE $C2FD                       A:20 X:01 Y:1A P:25 SP:FB PPU: NOT IMPLEMENTED YET
C2FD  8D 07 20  STA $2007 = 00                  A:20 X:01 Y:1A P:25 SP:FB PPU: NOT IMPLEMENTED YET
C300  88        DEY                             A:20 X:01 Y:1A P:25 SP:FB PPU: NOT IMPLEMENTED YET
C301  D0 FA     BNE $C2FD                       A:20 X:01 Y:19 P:25 SP:FB PPU: NOT IMPLEMENTED YET
C2FD  8D 07 20  STA $2007 = 00                  A:20 X:01 Y:19 P:25 SP:FB PPU: NOT IMPLEMENTED YET
C300  88        DEY                             A:20 X:01 Y:19 P:25 SP:FB PPU: NOT IMPLEMENTED YET
C301  D0 FA     BNE $C2FD                       A:20 X:01 Y:18 P:25 SP:FB PPU: NOT IMPLEMENTED YET
C2FD  8D 07 20  STA $2007 = 00                  A:20 X:01 Y:18 P:25 SP:FB PPU: NOT IMPLEMENTED YET
C300  88        DEY                             A:20 X:01 Y:18 P:25 SP:FB PPU: NOT IMPLEMENTED YET
C301  D0 FA     BNE $C2FD                       A:20 X:01 Y:17 P:25 SP:FB PPU: NOT IMPLEMENTED YET
C2FD  8D 07 20  STA $2007 = 00                  A:20 X:01 Y:17 P:25 SP:FB PPU: NOT IMPLEMENTED YET
C300  88        DEY                             A:20 X:01 Y:17 P:25 SP:FB PPU: NOT IMPLEMENTED YET
C301  D0 FA     BNE $C2FD                       A:20 X:01 Y:16 P:25 SP:FB PPU: NOT IMPLEMENTED YET
C2FD  8D 07 20  STA $2007 = 00                  A:20 X:01 Y:16 P:25 SP:FB PPU: NOT IMPLEMENTED YET
C300  88        DEY                             A:20 X:01 Y:16 P:25 SP:FB PPU: NOT IMPLEMENTED YET
C301  D0 FA     BNE $C2FD                       A:20 X:01 Y:15 P:25 SP:FB PPU: NOT IMPLEMENTED YET
C2FD  8D 07 20  STA $2007 = 00                  A:20 X:01 Y:15 P:25 SP:FB PPU: NOT IMPLEMENTED YET
C300  88        DEY                             A:20 X:01 Y:15 P:25 SP:FB PPU: NOT IMPLEMENTED YET
C301  D0 FA     BNE $C2FD                       A:20 X:01 Y:14 P:25 SP:FB PPU: NOT IMPLEMENTED YET
C2FD  8D 07 20  STA $2007 = 00                  A:20 X:01 Y:14 P:25 SP:FB PPU: NOT IMPLEMENTED YET
C300  88        DEY                             A:20 X:01 Y:14 P:25 SP:FB PPU: NOT IMPLEMENTED YET
C301  D0 FA     BNE $C2FD                       A:20 X:01 Y:13 P:25 SP:FB PPU: NOT IMPLEMENTED YET
C2FD  8D 07 20  STA $2007 = 00                  A:20 X:01 Y:13 P:25 SP:FB PPU: NOT IMPLEMENTED YET
C300  88        DEY                             A:20 X:01 Y:13 P:25 SP:FB PPU: NOT IMPLEMENTED YET
C301  D0 FA     BNE $C2FD                       A:20 X:01 Y:12 P:25 SP:FB PPU: NOT IMPLEMENTED YET
C2FD  8D 07 20  STA $2007 = 00                  A:20 X:01 Y:12 P:25 SP:FB PPU: NOT IMPLEMENTED YET
C300  88        DEY                             A:20 X:01 Y:12 P:25 SP:FB PPU: NOT IMPLEMENTED YET
C301  D0 FA     BNE $C2FD                       A:20 X:01 Y:11 P:25 SP:FB PPU: NOT IMPLEMENTED YET
C2FD  8D 07 20  STA $2007 = 00                  A:20 X:01 Y:11 P:25 SP:FB PPU: NOT IMPLEMENTED YET
C300  88        DEY                             A:20 X:01 Y:11 P:25 SP:FB PPU: NOT IMPLEMENTED YET
C301  D0 FA     BNE $C2FD                       A:20 X:01 Y:10 P:25 SP:FB PPU: NOT IMPLEMENTED YET
C2FD  8D 07 20  STA $2007 = 00                  A:20 X:01 Y:10 P:25 SP:FB PPU: NOT IMPLEMENTED YET
C300  88        DEY                             A:20 X:01 Y:10 P:25 SP:FB PPU: NOT IMPLEMENTED YET
C301  D0 FA     BNE $C2FD                       A:20 X:01 Y:0F P:25 SP:FB PPU: NOT IMPLEMENTED YET
C2FD  8D 07 20  STA $2007 = 00                  A:20 X:01 Y:0F P:25 SP:FB PPU: NOT IMPLEMENTED YET
C300  88        DEY                             A:20 X:01 Y:0F P:25 SP:FB PPU: NOT IMPLEMENTED YET
C301  D0 FA     BNE $C2FD                       A:20 X:01 Y:0E P:25 SP:FB PPU: NOT IMPLEMENTED YET
C2FD  8D 07 20  STA $2007 = 00                  A:20 X:01 Y:0E P:25 SP:FB PPU: NOT IMPLEMENTED YET
C300  88        DEY                             A:20 X:01 Y:0E P:25 SP:FB PPU: NOT IMPLEMENTED YET
C301  D0 FA     BNE $C2FD                       A:20 X:01 Y:0D P:25 SP:FB PPU: NOT IMPLEMENTED YET
C2FD  8D 07 20  STA $2007 = 00                  A:20 X:01 Y:0D P:25 SP:FB PPU: NOT IMPLEMENTED YET
C300  88        DEY                             A:20 X:01 Y:0D P:25 SP:FB PPU: NOT IMPLEMENTED YET
C301  D0 FA     BNE $C2FD                       A:20 X:01 Y:0C P:25 SP:FB PPU: NOT IMPLEMENTED YET
C2FD  8D 07 20  STA $2007 = 00                  A:20 X:01 Y:0C P:25 SP:FB PPU: NOT IMPLEMENTED YET
C300  88        DEY                             A:20 X:01 Y:0C P:25 SP:FB PPU: NOT IMPLEMENTED YET
C301  D0 FA     BNE $C2FD                       A:20 X:01 Y:0B P:25 SP:FB PPU: NOT IMPLEMENTED YET
C2FD  8D 07 20  STA $2007 = 00                  A:20 X:01 Y:0B P:25 SP:FB PPU: NOT IMPLEMENTED YET
C300  88        DEY                             A:20 X:01 Y:0B P:25 SP:FB PPU: NOT IMPLEMENTED YET
C301  D0 FA     BNE $C2FD                       A:20 X:01 Y:0A P:25 SP:FB PPU: NOT IMPLEMENTED YET
C2FD  8D 07 20  STA $2007 = 00                  A:20 X:01 Y:0A P:25 SP:FB PPU: NOT IMPLEMENTED YET
C300  88        DEY                             A:20 X:01 Y:0A P:25 SP:FB PPU: NOT IMPLEMENTED YET
C301  D0 FA     BNE $C2FD                       A:20 X:01 Y:09 P:25 SP:FB PPU: NOT IMPLEMENTED YET
C2FD  8D 07 20  STA $2007 = 00                  A:20 X:01 Y:09 P:25 SP:FB PPU: NOT IMPLEMENTED YET
C300  88        DEY                             A:20 X:01 Y:09 P:25 SP:FB PPU: NOT IMPLEMENTED YET
C301  D0 FA     BNE $C2FD                       A:20 X:01 Y:08 P:25 SP:FB PPU: NOT IMPLEMENTED YET
C2FD  8D 07 20  STA $2007 = 00                  A:20 X:01 Y:08 P:25 SP:FB PPU: NOT IMPLEMENTED YET
C300  88        DEY                             A:20 X:01 Y:08 P:25 SP:FB PPU: NOT IMPLEMENTED YET
C301  D0 FA     BNE $C2FD                       A:20 X:01 Y:07 P:25 SP:FB PPU: NOT IMPLEMENTED YET
C2FD  8D 07 20  STA $2007 = 00                  A:20 X:01 Y:07 P:25 SP:FB PPU: NOT IMPLEMENTED YET
C300  88        DEY                             A:20 X:01 Y:07 P:25 SP:FB PPU: NOT IMPLEMENTED YET
C301  D0 FA     BNE $C2FD                       A:20 X:01 Y:06 P:25 SP:FB PPU: NOT IMPLEMENTED YET
C2FD  8D 07 20  STA $2007 = 00                  A:20 X:01 Y:06 P:25 SP:FB PPU: NOT IMPLEMENTED YET
C300  88        DEY                             A:20 X:01 Y:06 P:25 SP:FB PPU: NOT IMPLEMENTED YET
C301  D0 FA     BNE $C2FD                       A:20 X:01 Y:05 P:25 SP:FB PPU: NOT IMPLEMENTED YET
C2FD  8D 07 20  STA $2007 = 00                  A:20 X:01 Y:05 P:25 SP:FB PPU: NOT IMPLEMENTED YET
C300  88        DEY                             A:20 X:01 Y:05 P:25 SP:FB PPU: NOT IMPLEMENTED YET
C301  D0 FA     BNE $C2FD                       A:20 X:01 Y:04 P:25 SP:FB PPU: NOT IMPLEMENTED YET
C2FD  8D 07 20  STA $2007 = 00                  A:20 X:01 Y:04 P:25 SP:FB PPU: NOT IMPLEMENTED YET
C300  88        DEY                             A:20 X:01 Y:04 P:25 SP:FB PPU: NOT IMPLEMENTED YET
C301  D0 FA     BNE $C2FD                       A:20 X:01 Y:03 P:25 SP:FB PPU: NOT IMPLEMENTED YET
C2FD  8D 07 20  STA $2007 = 00                  A:20 X:01 Y:03 P:25 SP:FB PPU: NOT IMPLEMENTED YET
C300  88        DEY                             A:20 X:01 Y:03 P:25 SP:FB PPU: NOT IMPLEMENTED YET
C301  D0 FA     BNE $C2FD                       A:20 X:01 Y:02 P:25 SP:FB PPU: NOT IMPLEMENTED YET
C2FD  8D 07 20  STA $2007 = 00                  A:20 X:01 Y:02 P:25 SP:FB PPU: NOT IMPLEMENTED YET
C300  88        DEY                             A:20 X:01 Y:02 P:25 SP:FB PPU: NOT IMPLEMENTED YET
C301  D0 FA     BNE $C2FD                       A:20 X:01 Y:01 P:25 SP:FB PPU: NOT IMPLEMENTED YET
C2FD  8D 07 20  STA $2007 = 00                  A:20 X:01 Y:01 P:25 SP:FB PPU: NOT IMPLEMENTED YET
C300  88        DEY                             A:20 X:01 Y:01 P:25 SP:FB PPU: NOT IMPLEMENTED YET
C301  D0 FA     BNE $C2FD                       A:20 X:01 Y:00 P:27 SP:FB PPU: NOT IMPLEMENTED YET
C303  CA        DEX                             A:20 X:01 Y:00 P:27 SP:FB PPU: NOT IMPLEMENTED YET
C304  D0 F5     BNE $C2FB                       A:20 X:00 Y:00 P:27 SP:FB PPU: NOT IMPLEMENTED YET
C306  60        RTS                             A:20 X:00 Y:00 P:27 SP:FB PPU: NOT IMPLEMENTED YET
C2B2  A9 20     LDA #$20                        A:20 X:00 Y:00 P:27 SP:FD PPU: NOT IMPLEMENTED YET
C2B4  8D 06 20  STA $2006 = 00                  A:20 X:00 Y:00 P:25 SP:FD PPU: NOT IMPLEMENTED YET
C2B7  A0 00     LDY #$00                        A:20 X:00 Y:00 P:25 SP:FD PPU: NOT IMPLEMENTED YET
C2B9  8C 06 20  STY $2006 = 00                  A:20 X:00 Y:00 P:27 SP:FD PPU: NOT IMPLEMENTED YET
C2BC  A2 20     LDX #$20                        A:20 X:00 Y:00 P:27 SP:FD PPU: NOT IMPLEMENTED YET
C2BE  B1 D0     LDA ($D0),Y = C307 @ C307 = FF  A:20 X:20 Y:00 P:25 SP:FD PPU: NOT IMPLEMENTED YET
C2C0  F0 20     BEQ $C2E2                       A:FF X:20 Y:00 P:A5 SP:FD PPU: NOT IMPLEMENTED YET
C2C2  C9 FF     CMP #$FF                        A:FF X:20 Y:00 P:A5 SP:FD PPU: NOT IMPLEMENTED YET
C2C4  F0 0D     BEQ $C2D3                       A:FF X:20 Y:00 P:27 SP:FD PPU: NOT IMPLEMENTED YET
C2D3  C8        INY                             A:FF X:20 Y:00 P:27 SP:FD PPU: NOT IMPLEMENTED YET
C2D4  D0 02     BNE $C2D8                       A:FF X:20 Y:01 P:25 SP:FD PPU: NOT IMPLEMENTED YET
C2D8  A9 20     LDA #$20                        A:FF X:20 Y:01 P:25 SP:FD PPU: NOT IMPLEMENTED YET
C2DA  8D 07 20  STA $2007 = 00                  A:20 X:20 Y:01 P:25 SP:FD PPU: NOT IMPLEMENTED YET
C2DD  CA        DEX                             A:20 X:20 Y:01 P:25 SP:FD PPU: NOT IMPLEMENTED YET
C2DE  D0 F8     BNE $C2D8                       A:20 X:1F Y:01 P:25 SP:FD PPU: NOT IMPLEMENTED YET
C2D8  A9 20     LDA #$20                        A:20 X:1F Y:01 P:25 SP:FD PPU: NOT IMPLEMENTED YET
C2DA  8D 07 20  STA $2007 = 20                  A:20 X:1F Y:01 P:25 SP:FD PPU: NOT IMPLEMENTED YET
C2DD  CA        DEX                             A:20 X:1F Y:01 P:25 SP:FD PPU: NOT IMPLEMENTED YET
C2DE  D0 F8     BNE $C2D8                       A:20 X:1E Y:01 P:25 SP:FD PPU: NOT IMPLEMENTED YET
C2D8  A9 20     LDA #$20                        A:20 X:1E Y:01 P:25 SP:FD PPU: NOT IMPLEMENTED YET
C2DA  8D 07 20  STA $2007 = 20                  A:20 X:1E Y:01 P:25 SP:FD PPU: NOT IMPLEMENTED YET
C2DD  CA        DEX                             A:20 X:1E Y:01 P:25 SP:FD PPU: NOT IMPLEMENTED YET
C2DE  D0 F8     BNE $C2D8                       A:20 X:1D Y:01 P:25 SP:FD PPU: NOT IMPLEMENTED YET
C2D8  A9 20     LDA #$20                        A:20 X:1D Y:01 P:25 SP:FD PPU: NOT IMPLEMENTED YET
C2DA  8D 07 20  STA $2007 = 20                  A:20 X:1D Y:01 P:25 SP:FD PPU: NOT IMPLEMENTED YET
C2DD  CA        DEX                             A:20 X:1D Y:01 P:25 SP:FD PPU: NOT IMPLEMENTED YET
C2DE  D0 F8     BNE $C2D8                       A:20 X:1C Y:01 P:25 SP:FD PPU: NOT IMPLEMENTED YET
C2D8  A9 20     LDA #$20                        A:20 X:1C Y:01 P:25 SP:FD PPU: NOT IMPLEMENTED YET
C2DA  8D 07 20  STA $2007 = 20                  A:20 X:1C Y:01 P:25 SP:FD PPU: NOT IMPLEMENTED YET
C2DD  CA        DEX                             A:20 X:1C Y:01 P:25 SP:FD PPU: NOT IMPLEMENTED YET
C2DE  D0 F8     BNE $C2D8                       A:20 X:1B Y:01 P:25 SP:FD PPU: NOT IMPLEMENTED YET
C2D8  A9 20     LDA #$20                        A:20 X:1B Y:01 P:25 SP:FD PPU: NOT IMPLEMENTED YET
C2DA  8D 07 20  STA $2007 = 20                  A:20 X:1B Y:01 P:25 SP:FD PPU: NOT IMPLEMENTED YET
C2DD  CA        DEX                             A:20 X:1B Y:01 P:25 SP:FD PPU: NOT IMPLEMENTED YET
C2DE  D0 F8     BNE $C2D8                       A:20 X:1A Y:01 P:25 SP:FD PPU: NOT IMPLEMENTED YET
C2D8  A9 20     LDA #$20                        A:20 X:1A Y:01 P:25 SP:FD PPU: NOT IMPLEMENTED YET
C2DA  8D 07 20  STA $2007 = 20                  A:20 X:1A Y:01 P:25 SP:FD PPU: NOT IMPLEMENTED YET
C2DD  CA        DEX                             A:20 X:1A Y:01 P:25 SP:FD PPU: NOT IMPLEMENTED YET
C2DE  D0 F8     BNE $C2D8                       A:20 X:19 Y:01 P:25 SP:FD PPU: NOT IMPLEMENTED YET
C2D8  A9 20     LDA #$20                        A:20 X:19 Y:01 P:25 SP:FD PPU: NOT IMPLEMENTED YET
C2DA  8D 07 20  STA $2007 = 20                  A:20 X:19 Y:01 P:25 SP:FD PPU: NOT IMPLEMENTED YET
C2DD  CA        DEX                             A:20 X:19 Y:01 P:25 SP:FD PPU: NOT IMPLEMENTED YET
C2DE  D0 F8     BNE $C2D8                       A:20 X:18 Y:01 P:25 SP:FD PPU: NOT IMPLEMENTED YET
C2D8  A9 20     LDA #$20                        A:20 X:18 Y:01 P:25 SP:FD PPU: NOT IMPLEMENTED YET
C2DA  8D 07 20  STA $2007 = 20                  A:20 X:18 Y:01 P:25 SP:FD PPU: NOT IMPLEMENTED YET
C2DD  CA        DEX                             A:20 X:18 Y:01 P:25 SP:FD PPU: NOT IMPLEMENTED YET
C2DE  D0 F8     BNE $C2D8                       A:20 X:17 Y:01 P:25 SP:FD PPU: NOT IMPLEMENTED YET
C2D8  A9 20     LDA #$20                        A:20 X:17 Y:01 P:25 SP:FD PPU: NOT IMPLEMENTED YET
C2DA  8D 07 20  STA $2007 = 20                  A:20 X:17 Y:01 P:25 SP:FD PPU: NOT IMPLEMENTED YET
C2DD  CA        DEX                             A:20 X:17 Y:01 P:25 SP:FD PPU: NOT IMPLEMENTED YET
C2DE  D0 F8     BNE $C2D8                       A:20 X:16 Y:01 P:25 SP:FD PPU: NOT IMPLEMENTED YET
C2D8  A9 20     LDA #$20                        A:20 X:16 Y:01 P:25 SP:FD PPU: NOT IMPLEMENTED YET
C2DA  8D 07 20  STA $2007 = 20                  A:20 X:16 Y:01 P:25 SP:FD PPU: NOT IMPLEMENTED YET
C2DD  CA        DEX                             A:20 X:16 Y:01 P:25 SP:FD PPU: NOT IMPLEMENTED YET
C2DE  D0 F8     BNE $C2D8                       A:20 X:15 Y:01 P:25 SP:FD PPU: NOT IMPLEMENTED YET
C2D8  A9 20     LDA #$20                        A:20 X:15 Y:01 P:25 SP:FD PPU: NOT IMPLEMENTED YET
C2DA  8D 07 20  STA $2007 = 20                  A:20 X:15 Y:01 P:25 SP:FD PPU: NOT IMPLEMENTED YET
C2DD  CA        DEX                             A:20 X:15 Y:01 P:25 SP:FD PPU: NOT IMPLEMENTED YET
C2DE  D0 F8     BNE $C2D8                       A:20 X:14 Y:01 P:25 SP:FD PPU: NOT IMPLEMENTED YET
C2D8  A9 20     LDA #$20                        A:20 X:14 Y:01 P:25 SP:FD PPU: NOT IMPLEMENTED YET
C2DA  8D 07 20  STA $2007 = 20                  A:20 X:14 Y:01 P:25 SP:FD PPU: NOT IMPLEMENTED YET
C2DD  CA        DEX                             A:20 X:14 Y:01 P:25 SP:FD PPU: NOT IMPLEMENTED YET
C2DE  D0 F8     BNE $C2D8                       A:20 X:13 Y:01 P:25 SP:FD PPU: NOT IMPLEMENTED YET
C2D8  A9 20     LDA #$20                        A:20 X:13 Y:01 P:25 SP:FD PPU: NOT IMPLEMENTED YET
C2DA  8D 07 20  STA $2007 = 20                  A:20 X:13 Y:01 P:25 SP:FD PPU: NOT IMPLEMENTED YET
C2DD  CA        DEX                             A:20 X:13 Y:01 P:25 SP:FD PPU: NOT IMPLEMENTED YET
C2DE  D0 F8     BNE $C2D8                       A:20 X:12 Y:01 P:25 SP:FD PPU: NOT IMPLEMENTED YET
C2D8  A9 20     LDA #$20                        A:20 X:12 Y:01 P:25 SP:FD PPU: NOT IMPLEMENTED YET
C2DA  8D 07 20  STA $2007 = 20                  A:20 X:12 Y:01 P:25 SP:FD PPU: NOT IMPLEMENTED YET
C2DD  CA        DEX                             A:20 X:12 Y:01 P:25 SP:FD PPU: NOT IMPLEMENTED YET
C2DE  D0 F8     BNE $C2D8                       A:20 X:11 Y:01 P:25 SP:FD PPU: NOT IMPLEMENTED YET
C2D8  A9 20     LDA #$20                        A:20 X:11 Y:01 P:25 SP:FD PPU: NOT IMPLEMENTED YET
C2DA  8D 07 20  STA $2007 = 20                  A:20 X:11 Y:01 P:25 SP:FD PPU: NOT IMPLEMENTED YET
C2DD  CA        DEX                             A:20 X:11 Y:01 P:25 SP:FD PPU: NOT IMPLEMENTED YET
C2DE  D0 F8     BNE $C2D8                       A:20 X:10 Y:01 P:25 SP:FD PPU: NOT IMPLEMENTED YET
C2D8  A9 20     LDA #$20                        A:20 X:10 Y:01 P:25 SP:FD PPU: NOT IMPLEMENTED YET
C2DA  8D 07 20  STA $2007 = 20                  A:20 X:10 Y:01 P:25 SP:FD PPU: NOT IMPLEMENTED YET
C2DD  CA        DEX                             A:20 X:10 Y:01 P:25 SP:FD PPU: NOT IMPLEMENTED YET
C2DE  D0 F8     BNE $C2D8                       A:20 X:0F Y:01 P:25 SP:FD PPU: NOT IMPLEMENTED YET
C2D8  A9 20     LDA #$20                        A:20 X:0F Y:01 P:25 SP:FD PPU: NOT IMPLEMENTED YET
C2DA  8D 07 20  STA $2007 = 20                  A:20 X:0F Y:01 P:25 SP:FD PPU: NOT IMPLEMENTED YET
C2DD  CA        DEX                             A:20 X:0F Y:01 P:25 SP:FD PPU: NOT IMPLEMENTED YET
C2DE  D0 F8     BNE $C2D8                       A:20 X:0E Y:01 P:25 SP:FD PPU: NOT IMPLEMENTED YET
C2D8  A9 20     LDA #$20                        A:20 X:0E Y:01 P:25 SP:FD PPU: NOT IMPLEMENTED YET
C2DA  8D 07 20  STA $2007 = 20                  A:20 X:0E Y:01 P:25 SP:FD PPU: NOT IMPLEMENTED YET
C2DD  CA        DEX                             A:20 X:0E Y:01 P:25 SP:FD PPU: NOT IMPLEMENTED YET
C2DE  D0 F8     BNE $C2D8                       A:20 X:0D Y:01 P:25 SP:FD PPU: NOT IMPLEMENTED YET
C2D8  A9 20     LDA #$20                        A:20 X:0D Y:01 P:25 SP:FD PPU: NOT IMPLEMENTED YET
C2DA  8D 07 20  STA $2007 = 20                  A:20 X:0D Y:01 P:25 SP:FD PPU: NOT IMPLEMENTED YET
C2DD  CA        DEX                             A:20 X:0D Y:01 P:25 SP:FD PPU: NOT IMPLEMENTED YET
C2DE  D0 F8     BNE $C2D8                       A:20 X:0C Y:01 P:25 SP:FD PPU: NOT IMPLEMENTED YET
C2D8  A9 20     LDA #$20                        A:20 X:0C Y:01 P:25 SP:FD PPU: NOT IMPLEMENTED YET
C2DA  8D 07 20  STA $2007 = 20                  A:20 X:0C Y:01 P:25 SP:FD PPU: NOT IMPLEMENTED YET
C2DD  CA        DEX                             A:20 X:0C Y:01 P:25 SP:FD PPU: NOT IMPLEMENTED YET
C2DE  D0 F8     BNE $C2D8                       A:20 X:0B Y:01 P:25 SP:FD PPU: NOT IMPLEMENTED YET
C2D8  A9 20     LDA #$20                        A:20 X:0B Y:01 P:25 SP:FD PPU: NOT IMPLEMENTED YET
C2DA  8D 07 20  STA $2007 = 20                  A:20 X:0B Y:01 P:25 SP:FD PPU: NOT IMPLEMENTED YET
C2DD  CA        DEX                             A:20 X:0B Y:01 P:25 SP:FD PPU: NOT IMPLEMENTED YET
C2DE  D0 F8     BNE $C2D8                       A:20 X:0A Y:01 P:25 SP:FD PPU: NOT IMPLEMENTED YET
C2D8  A9 20     LDA #$20                        A:20 X:0A Y:01 P:25 SP:FD PPU: NOT IMPLEMENTED YET
C2DA  8D 07 20  STA $2007 = 20                  A:20 X:0A Y:01 P:25 SP:FD PPU: NOT IMPLEMENTED YET
C2DD  CA        DEX                             A:20 X:0A Y:01 P:25 SP:FD PPU: NOT IMPLEMENTED YET
C2DE  D0 F8     BNE $C2D8                       A:20 X:09 Y:01 P:25 SP:FD PPU: NOT IMPLEMENTED YET
C2D8  A9 20     LDA #$20                        A:20 X:09 Y:01 P:25 SP:FD PPU: NOT IMPLEMENTED YET
C2DA  8D 07 20  STA $2007 = 20                  A:20 X:09 Y:01 P:25 SP:FD PPU: NOT IMPLEMENTED YET
C2DD  CA        DEX                             A:20 X:09 Y:01 P:25 SP:FD PPU: NOT IMPLEMENTED YET
C2DE  D0 F8     BNE $C2D8                       A:20 X:08 Y:01 P:25 SP:FD PPU: NOT IMPLEMENTED YET
C2D8  A9 20     LDA #$20                        A:20 X:08 Y:01 P:25 SP:FD PPU: NOT IMPLEMENTED YET
C2DA  8D 07 20  STA $2007 = 20                  A:20 X:08 Y:01 P:25 SP:FD PPU: NOT IMPLEMENTED YET
C2DD  CA        DEX                             A:20 X:08 Y:01 P:25 SP:FD PPU: NOT IMPLEMENTED YET
C2DE  D0 F8     BNE $C2D8                       A:20 X:07 Y:01 P:25 SP:FD PPU: NOT IMPLEMENTED YET
C2D8  A9 20     LDA #$20                        A:20 X:07 Y:01 P:25 SP:FD PPU: NOT IMPLEMENTED YET
C2DA  8D 07 20  STA $2007 = 20                  A:20 X:07 Y:01 P:25 SP:FD PPU: NOT IMPLEMENTED YET
C2DD  CA        DEX                             A:20 X:07 Y:01 P:25 SP:FD PPU: NOT IMPLEMENTED YET
C2DE  D0 F8     BNE $C2D8                       A:20 X:06 Y:01 P:25 SP:FD PPU: NOT IMPLEMENTED YET
C2D8  A9 20     LDA #$20                        A:20 X:06 Y:01 P:25 SP:FD PPU: NOT IMPLEMENTED YET
C2DA  8D 07 20  STA $2007 = 20                  A:20 X:06 Y:01 P:25 SP:FD PPU: NOT IMPLEMENTED YET
C2DD  CA        DEX                             A:20 X:06 Y:01 P:25 SP:FD PPU: NOT IMPLEMENTED YET
C2DE  D0 F8     BNE $C2D8                       A:20 X:05 Y:01 P:25 SP:FD PPU: NOT IMPLEMENTED YET
C2D8  A9 20     LDA #$20                        A:20 X:05 Y:01 P:25 SP:FD PPU: NOT IMPLEMENTED YET
C2DA  8D 07 20  STA $2007 = 20                  A:20 X:05 Y:01 P:25 SP:FD PPU: NOT IMPLEMENTED YET
C2DD  CA        DEX                             A:20 X:05 Y:01 P:25 SP:FD PPU: NOT IMPLEMENTED YET
C2DE  D0 F8     BNE $C2D8                       A:20 X:04 Y:01 P:25 SP:FD PPU: NOT IMPLEMENTED YET
C2D8  A9 20     LDA #$20                        A:20 X:04 Y:01 P:25 SP:FD PPU: NOT IMPLEMENTED YET
C2DA  8D 07 20  STA $2007 = 20                  A:20 X:04 Y:01 P:25 SP:FD PPU: NOT IMPLEMENTED YET
C2DD  CA        DEX                             A:20 X:04 Y:01 P:25 SP:FD PPU: NOT IMPLEMENTED YET
C2DE  D0 F8     BNE $C2D8                       A:20 X:03 Y:01 P:25 SP:FD PPU: NOT IMPLEMENTED YET
C2D8  A9 20     LDA #$20                        A:20 X:03 Y:01 P:25 SP:FD PPU: NOT IMPLEMENTED YET
C2DA  8D 07 20  STA $2007 = 20                  A:20 X:03 Y:01 P:25 SP:FD PPU: NOT IMPLEMENTED YET
C2DD  CA        DEX                             A:20 X:03 Y:01 P:25 SP:FD PPU: NOT IMPLEMENTED YET
C2DE  D0 F8     BNE $C2D8                       A:20 X:02 Y:01 P:25 SP:FD PPU: NOT IMPLEMENTED YET
C2D8  A9 20     LDA #$20                        A:20 X:02 Y:01 P:25 SP:FD PPU: NOT IMPLEMENTED YET
C2DA  8D 07 20  STA $2007 = 20                  A:20 X:02 Y:01 P:25 SP:FD PPU: NOT IMPLEMENTED YET
C2DD  CA        DEX                             A:20 X:02 Y:01 P:25 SP:FD PPU: NOT IMPLEMENTED YET
C2DE  D0 F8     BNE $C2D8                       A:20 X:01 Y:01 P:25 SP:FD PPU: NOT IMPLEMENTED YET
C2D8  A9 20     LDA #$20                        A:20 X:01 Y:01 P:25 SP:FD PPU: NOT IMPLEMENTED YET
C2DA  8D 07 20  STA $2007 = 20                  A:20 X:01 Y:01 P:25 SP:FD PPU: NOT IMPLEMENTED YET
C2DD  CA        DEX                             A:20 X:01 Y:01 P:25 SP:FD PPU: NOT IMPLEMENTED YET
C2DE  D0 F8     BNE $C2D8                       A:20 X:00 Y:01 P:27 SP:FD PPU: NOT IMPLEMENTED YET
C2E0  F0 DA     BEQ $C3BC                       A:20 X:00 Y:01 P:27 SP:FD PPU: NOT IMPLEMENTED YET
C3BC  2D 2D 20  AND $202D = 00                  A:20 X:00 Y:01 P:27 SP:FD PPU: NOT IMPLEMENTED YET
C3BF  5A       *NOP                             A:00 X:00 Y:01 P:27 SP:FD PPU: NOT IMPLEMENTED YET
C3C0  65 72     ADC $72 = 00                    A:00 X:00 Y:01 P:27 SP:FD PPU: NOT IMPLEMENTED YET
C3C2  6F 70 61 *RRA $6170 = 00                  A:01 X:00 Y:01 P:24 SP:FD PPU: NOT IMPLEMENTED YET
C3C5  67 65    *RRA $65 = 00                    A:01 X:00 Y:01 P:24 SP:FD PPU: NOT IMPLEMENTED YET
C3C7  20 74 65  JSR $6574                       A:01 X:00 Y:01 P:24 SP:FD PPU: NOT IMPLEMENTED YET
